$ /home/milnes/projects/veracity/target/release/veracity-review-proof-holes src/Chap23/
Full output: src/Chap23/analyses/veracity-review-verus-proof-holes.log

Table of Contents:
  1. File Holes
  2. Depends Upon
     2.1. By Module
     2.2. By File
  3. Summary of Holes
  4. Proof Targets
     4.1. Worst src/* Directories (all dirs, by holes)
     4.2. Next Target Files (clean deps only, by holes)
     4.3. Next Target Directories
     4.4. Not Verusified
     4.5. Not Verusified (clean deps only)
     4.6. Chapter by Chapter Proof Targeting
  5. Started/Ended/Duration

=================================================================
1. File Holes
=================================================================

⚠ BalBinTreeStEph.rs
/home/milnes/projects/APAS-VERUS/src/Chap23/BalBinTreeStEph.rs:803: warning: assume_eq_clone_workaround - at this point in Verus, clones may have to assume they work on generic types
       795 |         fn eq(&self, other: &Self) -> (equal: bool)
            ...
       801 |                 (BalBinTree::Node(a), BalBinTree::Node(b)) => {
       802 |                     let equal = a.left == b.left && a.value == b.value && a.right == b.right;
       804 |                     equal
       805 |                 },
/home/milnes/projects/APAS-VERUS/src/Chap23/BalBinTreeStEph.rs:820: warning: assume_eq_clone_workaround - at this point in Verus, clones may have to assume they work on generic types
       816 |         fn eq(&self, other: &Self) -> (equal: bool)
            ...
       818 |         {
       819 |             let equal = self.left == other.left && self.value == other.value && self.right == other.right;
       821 |             equal
       822 |         }
/home/milnes/projects/APAS-VERUS/src/Chap23/BalBinTreeStEph.rs:841: warning: assume_eq_clone_workaround - at this point in Verus, clones may have to assume they work on generic types
       829 |     fn clone_tree<T: Clone>(t: &BalBinTree<T>) -> (c: BalBinTree<T>)
            ...
       839 |             })),
       840 |         };
       842 |         c
       843 |     }
/home/milnes/projects/APAS-VERUS/src/Chap23/BalBinTreeStEph.rs:866: warning: assume_eq_clone_workaround - at this point in Verus, clones may have to assume they work on generic types
       858 |         fn clone(&self) -> (cloned: Self)
            ...
       864 |                 right: clone_tree(&self.right),
       865 |             };
       867 |             cloned
       868 |         }
⚠ PrimTreeSeqStPer.rs
/home/milnes/projects/APAS-VERUS/src/Chap23/PrimTreeSeqStPer.rs:906: warning: assume_eq_clone_workaround - at this point in Verus, clones may have to assume they work on generic types
       902 |         fn clone(&self) -> (cloned: Self)
            ...
       904 |         {
       905 |             let cloned = PrimTreeSeqStS { seq: self.seq.clone() };
       907 |             cloned
       908 |         }
/home/milnes/projects/APAS-VERUS/src/Chap23/PrimTreeSeqStPer.rs:918: warning: assume_eq_clone_workaround - at this point in Verus, clones may have to assume they work on generic types
       914 |         fn eq(&self, other: &Self) -> (equal: bool)
            ...
       916 |         {
       917 |             let equal = self.seq == other.seq;
       919 |             equal
       920 |         }
/home/milnes/projects/APAS-VERUS/src/Chap23/PrimTreeSeqStPer.rs:936: warning: assume_eq_clone_workaround - at this point in Verus, clones may have to assume they work on generic types
       928 |         fn clone(&self) -> (cloned: Self)
            ...
       934 |                 PrimTreeSeqStTree::Two(l, r) => PrimTreeSeqStTree::Two(l.clone(), r.clone()),
       935 |             };
       937 |             cloned
       938 |         }
/home/milnes/projects/APAS-VERUS/src/Chap23/PrimTreeSeqStPer.rs:954: warning: assume_eq_clone_workaround - at this point in Verus, clones may have to assume they work on generic types
       944 |         fn eq(&self, other: &Self) -> (equal: bool)
            ...
       952 |                 (PrimTreeSeqStTree::One(a), PrimTreeSeqStTree::One(b)) => {
       953 |                     let equal = *a == *b;
       955 |                     equal
       956 |                 },
/home/milnes/projects/APAS-VERUS/src/Chap23/PrimTreeSeqStPer.rs:959: warning: assume_eq_clone_workaround - at this point in Verus, clones may have to assume they work on generic types
       944 |         fn eq(&self, other: &Self) -> (equal: bool)
            ...
       957 |                 (PrimTreeSeqStTree::Two(l1, r1), PrimTreeSeqStTree::Two(l2, r2)) => {
       958 |                     let equal = *l1 == *l2 && *r1 == *r2;
       960 |                     equal
       961 |                 },

=================================================================
2. Depends Upon
=================================================================

=================================================================
2.1. By Module
=================================================================

BalBinTreeStEph  depends upon only clean modules
PrimTreeSeqStPer  depends upon only clean modules

=================================================================
2.2. By File
=================================================================

BalBinTreeStEph.rs  depends upon only clean modules
PrimTreeSeqStPer.rs  depends upon only clean modules

=================================================================
3. Summary of Holes
=================================================================

Modules:
   2 clean (no holes, no errors; 100%)
   0 holed (holes or errors, 0%)
   2 total

Proof Functions:
   2 clean (100%)
   0 holed (0%)
   2 total

Function Specs:
   68 exec fns with complete spec (requires+ensures) (46%)
   1 exec fns missing spec (0%)
   77 proof/spec fns clean (52%)
   0 proof/spec fns with holes (0%)
   146 total fns


Holes Found: 0 (actionable)
Real Proof Targets: 0 (all actionable)

Warnings: 9 total
   9 × assume_eq_clone_workaround

No proof holes found! All proofs are complete.

=================================================================
5. Started/Ended/Duration
=================================================================

Started:   2026-04-06 09:40:03 -07:00
Ended:     2026-04-06 09:40:03 -07:00
Duration:  20ms

Full output: src/Chap23/analyses/veracity-review-verus-proof-holes.log
==================

Started:   2026-04-06 09:40:03 -07:00
Ended:     2026-04-06 09:40:03 -07:00
Duration:  20ms

Full output: src/Chap23/analyses/veracity-review-verus-proof-holes.log
