Verus Style Review
==================

Path: ./src/Chap58/BellmanFordStEphI64.rs
Codebase: .
Mode: basic
Logging to: ./src/Chap58/analyses/veracity-review-verus-style.log

Checking 1 files...

./src/Chap58/BellmanFordStEphI64.rs:
./src/Chap58/BellmanFordStEphI64.rs:1: info: [1] has mod declarations
./src/Chap58/BellmanFordStEphI64.rs:1: info: [2] vstd::prelude::* before verus!
./src/Chap58/BellmanFordStEphI64.rs:1: info: [3] has verus! macro
./src/Chap58/BellmanFordStEphI64.rs:1: info: [4] no std imports (ok)
./src/Chap58/BellmanFordStEphI64.rs:1: info: [5] no vstd imports (ok)
./src/Chap58/BellmanFordStEphI64.rs:1: info: [11] no Set/Seq usage (ok)
./src/Chap58/BellmanFordStEphI64.rs:1: info: [12] all trait fns have specs
./src/Chap58/BellmanFordStEphI64.rs:1: info: [13] no non-derive trait impls (ok)
./src/Chap58/BellmanFordStEphI64.rs:1: info: [14] no Debug/Display impls (ok)
./src/Chap58/BellmanFordStEphI64.rs:1: info: [15] no PartialEq/Eq/Clone/Hash/Ord impls (ok)
./src/Chap58/BellmanFordStEphI64.rs:1: info: [16] no Lit macro definitions (ok)
./src/Chap58/BellmanFordStEphI64.rs:1: info: [17] no collection structs (ok)
./src/Chap58/BellmanFordStEphI64.rs:1: info: [18] definition order correct
./src/Chap58/BellmanFordStEphI64.rs:1: info: [21] broadcast use: vstd:: before crate::
./src/Chap58/BellmanFordStEphI64.rs:1: info: [22] spec fns: all in traits as abstract signatures
./src/Chap58/BellmanFordStEphI64.rs:1: info: [23] free fn type bounds: N/A
./src/Chap58/BellmanFordStEphI64.rs:1: info: [24] copyright line present
./src/Chap58/BellmanFordStEphI64.rs:54: warning: [19] clamp_weight return name 'result' could be more descriptive
./src/Chap58/BellmanFordStEphI64.rs:70: warning: [19] add_distance return name 'result' could be more descriptive
./src/Chap58/BellmanFordStEphI64.rs:34: warning: [20] trait BellmanFordStEphI64Trait is defined but has no impl

════════════════════════════════════════════════════════════════
Summary: 17 passed, 3 warnings in 1 files (checked 1 files)
════════════════════════════════════════════════════════════════
