$ /home/milnes/projects/veracity/target/release/veracity-review-proof-holes src/Chap53/GraphSearchMtPer.rs
Full output: src/Chap53/analyses/veracity-review-verus-proof-holes.log

Table of Contents:
  1. File Holes
  2. Depends Upon
     2.1. By Module
     2.2. By File
  3. Summary of Holes
  4. Proof Targets
     4.1. Worst src/* Directories (all dirs, by holes)
     4.2. Next Target Files (clean deps only, by holes)
     4.3. Next Target Directories
     4.4. Not Verusified
     4.5. Not Verusified (clean deps only)
     4.6. Chapter by Chapter Proof Targeting
  5. Started/Ended/Duration

=================================================================
1. File Holes
=================================================================

❌ GraphSearchMtPer.rs
/home/milnes/projects/APAS-VERUS-agent2/src/Chap53/GraphSearchMtPer.rs:179: error: assume() [rwlock:predicate] - assume(neighbors.spec_avltreesetmtper_wf());
       127 |     fn graph_search_explore<V: StTInMtT + Ord + 'static, G: Fn(&V) -> AVLTreeSetMtPer<V>, S: SelectionStrategy<V>>(
            ...
       177 |                 proof {
       178 |                     // Graph closure returns well-formed sets.
       180 |                 }
       181 |                 new_neighbors = new_neighbors.union(&neighbors);
   Holes: 1 total
      1 × assume()

=================================================================
2. Depends Upon
=================================================================

=================================================================
2.1. By Module
=================================================================

GraphSearchMtPer  depends upon only clean modules

=================================================================
2.2. By File
=================================================================

GraphSearchMtPer.rs  depends upon only clean modules

=================================================================
3. Summary of Holes
=================================================================

Modules:
   0 clean (no holes, no errors; 0%)
   1 holed (holes or errors, 100%)
   1 total

Proof Functions:
   0 clean (0%)
   0 holed (0%)
   0 total

Function Specs:
   14 exec fns with complete spec (requires+ensures) (100%)
   0 exec fns missing spec (0%)
   0 proof/spec fns clean (0%)
   0 proof/spec fns with holes (0%)
   14 total fns


Holes Found: 1 (actionable)
   1 × assume() [rwlock:predicate] (100%)
Real Proof Targets: 0 (1 total - 1 rwlock)

=================================================================
5. Started/Ended/Duration
=================================================================

Started:   2026-03-30 19:43:27 -07:00
Ended:     2026-03-30 19:43:27 -07:00
Duration:  6ms

Full output: src/Chap53/analyses/veracity-review-verus-proof-holes.log
