Verus Style Review
==================

Path: src/Chap53/GraphSearchStPer.rs
Codebase: src/Chap53
Mode: basic
Logging to: src/Chap53/analyses/veracity-review-verus-style.log

Checking 1 files...

src/Chap53/GraphSearchStPer.rs:
src/Chap53/GraphSearchStPer.rs:1: info: [1] has mod declarations
src/Chap53/GraphSearchStPer.rs:1: info: [2] vstd::prelude::* before verus!
src/Chap53/GraphSearchStPer.rs:1: info: [3] has verus! macro
src/Chap53/GraphSearchStPer.rs:1: info: [4] no std imports (ok)
src/Chap53/GraphSearchStPer.rs:1: info: [5] no vstd imports (ok)
src/Chap53/GraphSearchStPer.rs:1: info: [11] no Set/Seq usage (ok)
src/Chap53/GraphSearchStPer.rs:1: info: [13] trait impls inside verus!
src/Chap53/GraphSearchStPer.rs:1: info: [14] Debug outside verus!
src/Chap53/GraphSearchStPer.rs:1: info: [15] no PartialEq/Eq/Clone/Hash/Ord impls (ok)
src/Chap53/GraphSearchStPer.rs:1: info: [16] no Lit macro definitions (ok)
src/Chap53/GraphSearchStPer.rs:1: info: [18] definition order correct
src/Chap53/GraphSearchStPer.rs:1: info: [19] no generic return names
src/Chap53/GraphSearchStPer.rs:1: info: [21] no broadcast use entries
src/Chap53/GraphSearchStPer.rs:33: warning: [12] trait SelectionStrategy fn select should have requires/ensures
src/Chap53/GraphSearchStPer.rs:39: warning: [12] trait GraphSearchStPerTrait fn graph_search should have requires/ensures
src/Chap53/GraphSearchStPer.rs:46: warning: [12] trait GraphSearchStPerTrait fn graph_search_multi should have requires/ensures
src/Chap53/GraphSearchStPer.rs:53: warning: [12] trait GraphSearchStPerTrait fn reachable should have requires/ensures
src/Chap53/GraphSearchStPer.rs:1: warning: [17] collection SearchResult should have an Iterator impl
src/Chap53/GraphSearchStPer.rs:1: warning: [17] collection SearchResult should have an IntoIterator impl
src/Chap53/GraphSearchStPer.rs:36: warning: [20] trait GraphSearchStPerTrait is defined but has no impl

════════════════════════════════════════════════════════════════
Summary: 13 passed, 7 warnings in 1 files (checked 1 files)
════════════════════════════════════════════════════════════════
