✓ ReduceContractMtEph.rs
   4 clean proof functions
✓ ReduceContractStEph.rs
   4 clean proof functions
✓ ScanContractMtEph.rs
   8 clean proof functions
✓ ScanContractStEph.rs
   8 clean proof functions

═══════════════════════════════════════════════════════════════
SUMMARY
═══════════════════════════════════════════════════════════════

Modules:
   4 clean (no holes)
   0 holed (contains holes)
   4 total

Proof Functions:
   24 clean
   0 holed
   24 total

Holes Found: 0 total

🎉 No proof holes or warnings found! All proofs are complete.
otal

Holes Found: 0 total

🎉 No proof holes or warnings found! All proofs are complete.
