Verus Style Review
==================

Path: /home/milnes/projects/APAS-VERUS-agent3/src/Chap54/
Codebase: /home/milnes/projects/APAS-VERUS-agent3
Mode: basic
Logging to: /home/milnes/projects/APAS-VERUS-agent3/src/Chap54/analyses/veracity-review-verus-style.log

Checking 4 files...

/home/milnes/projects/APAS-VERUS-agent3/src/Chap54/BFSMtEph.rs:
/home/milnes/projects/APAS-VERUS-agent3/src/Chap54/BFSMtEph.rs:1: info: [1] has mod declarations
/home/milnes/projects/APAS-VERUS-agent3/src/Chap54/BFSMtEph.rs:1: info: [2] vstd::prelude::* before verus!
/home/milnes/projects/APAS-VERUS-agent3/src/Chap54/BFSMtEph.rs:1: info: [3] has verus! macro
/home/milnes/projects/APAS-VERUS-agent3/src/Chap54/BFSMtEph.rs:1: info: [4] no std imports (ok)
/home/milnes/projects/APAS-VERUS-agent3/src/Chap54/BFSMtEph.rs:1: info: [5] no vstd imports (ok)
/home/milnes/projects/APAS-VERUS-agent3/src/Chap54/BFSMtEph.rs:1: info: [11] no Set/Seq usage (ok)
/home/milnes/projects/APAS-VERUS-agent3/src/Chap54/BFSMtEph.rs:1: info: [12] all trait fns have specs
/home/milnes/projects/APAS-VERUS-agent3/src/Chap54/BFSMtEph.rs:1: info: [13] trait impls inside verus!
/home/milnes/projects/APAS-VERUS-agent3/src/Chap54/BFSMtEph.rs:1: info: [14] no Debug/Display impls (ok)
/home/milnes/projects/APAS-VERUS-agent3/src/Chap54/BFSMtEph.rs:1: info: [15] no PartialEq/Eq/Clone/Hash/Ord impls (ok)
/home/milnes/projects/APAS-VERUS-agent3/src/Chap54/BFSMtEph.rs:1: info: [16] no Lit macro definitions (ok)
/home/milnes/projects/APAS-VERUS-agent3/src/Chap54/BFSMtEph.rs:1: info: [17] no collection structs (ok)
/home/milnes/projects/APAS-VERUS-agent3/src/Chap54/BFSMtEph.rs:1: info: [19] no generic return names
/home/milnes/projects/APAS-VERUS-agent3/src/Chap54/BFSMtEph.rs:1: info: [20] all traits have impls
/home/milnes/projects/APAS-VERUS-agent3/src/Chap54/BFSMtEph.rs:1: info: [21] broadcast use: vstd:: before crate::
/home/milnes/projects/APAS-VERUS-agent3/src/Chap54/BFSMtEph.rs:1: info: [23] free fn type bounds: N/A
/home/milnes/projects/APAS-VERUS-agent3/src/Chap54/BFSMtEph.rs:1: info: [24] copyright line present
/home/milnes/projects/APAS-VERUS-agent3/src/Chap54/BFSMtEph.rs:29: warning: [14] struct BFSTreeS should have impl Debug outside verus!
/home/milnes/projects/APAS-VERUS-agent3/src/Chap54/BFSMtEph.rs:29: warning: [14] struct BFSTreeS should have impl Display outside verus!
/home/milnes/projects/APAS-VERUS-agent3/src/Chap54/BFSMtEph.rs:34: warning: [14] struct BFSMtEph should have impl Debug outside verus!
/home/milnes/projects/APAS-VERUS-agent3/src/Chap54/BFSMtEph.rs:34: warning: [14] struct BFSMtEph should have impl Display outside verus!
/home/milnes/projects/APAS-VERUS-agent3/src/Chap54/BFSMtEph.rs:212: warning: [18] proof fn lemma_copy_preserves_wf should come before impls (expected proof fns/broadcast groups before impls)
/home/milnes/projects/APAS-VERUS-agent3/src/Chap54/BFSMtEph.rs:237: warning: [18] proof fn lemma_copy_preserves_bounded should come before impls (expected proof fns/broadcast groups before impls)
/home/milnes/projects/APAS-VERUS-agent3/src/Chap54/BFSMtEph.rs:259: warning: [18] trait BFSTreeMtEphTrait should come before impls (expected traits before impls)
/home/milnes/projects/APAS-VERUS-agent3/src/Chap54/BFSMtEph.rs:280: warning: [18] trait BFSMtEphTrait should come before impls (expected traits before impls)
/home/milnes/projects/APAS-VERUS-agent3/src/Chap54/BFSMtEph.rs:39: warning: [22] free spec fn spec_bfsmteph_wf should be an abstract signature in a trait with body in the impl
/home/milnes/projects/APAS-VERUS-agent3/src/Chap54/BFSMtEph.rs:46: warning: [22] free spec fn spec_distances_bounded should be an abstract signature in a trait with body in the impl
/home/milnes/projects/APAS-VERUS-agent3/src/Chap54/BFSMtEph.rs:52: warning: [22] free spec fn spec_parents_bounded should be an abstract signature in a trait with body in the impl

/home/milnes/projects/APAS-VERUS-agent3/src/Chap54/BFSMtPer.rs:
/home/milnes/projects/APAS-VERUS-agent3/src/Chap54/BFSMtPer.rs:1: info: [1] has mod declarations
/home/milnes/projects/APAS-VERUS-agent3/src/Chap54/BFSMtPer.rs:1: info: [2] vstd::prelude::* before verus!
/home/milnes/projects/APAS-VERUS-agent3/src/Chap54/BFSMtPer.rs:1: info: [3] has verus! macro
/home/milnes/projects/APAS-VERUS-agent3/src/Chap54/BFSMtPer.rs:1: info: [4] no std imports (ok)
/home/milnes/projects/APAS-VERUS-agent3/src/Chap54/BFSMtPer.rs:1: info: [5] no vstd imports (ok)
/home/milnes/projects/APAS-VERUS-agent3/src/Chap54/BFSMtPer.rs:1: info: [11] no Set/Seq usage (ok)
/home/milnes/projects/APAS-VERUS-agent3/src/Chap54/BFSMtPer.rs:1: info: [12] all trait fns have specs
/home/milnes/projects/APAS-VERUS-agent3/src/Chap54/BFSMtPer.rs:1: info: [13] trait impls inside verus!
/home/milnes/projects/APAS-VERUS-agent3/src/Chap54/BFSMtPer.rs:1: info: [14] no Debug/Display impls (ok)
/home/milnes/projects/APAS-VERUS-agent3/src/Chap54/BFSMtPer.rs:1: info: [15] no PartialEq/Eq/Clone/Hash/Ord impls (ok)
/home/milnes/projects/APAS-VERUS-agent3/src/Chap54/BFSMtPer.rs:1: info: [16] no Lit macro definitions (ok)
/home/milnes/projects/APAS-VERUS-agent3/src/Chap54/BFSMtPer.rs:1: info: [17] no collection structs (ok)
/home/milnes/projects/APAS-VERUS-agent3/src/Chap54/BFSMtPer.rs:1: info: [19] no generic return names
/home/milnes/projects/APAS-VERUS-agent3/src/Chap54/BFSMtPer.rs:1: info: [20] all traits have impls
/home/milnes/projects/APAS-VERUS-agent3/src/Chap54/BFSMtPer.rs:1: info: [21] no broadcast use entries
/home/milnes/projects/APAS-VERUS-agent3/src/Chap54/BFSMtPer.rs:1: info: [23] free fn type bounds: N/A
/home/milnes/projects/APAS-VERUS-agent3/src/Chap54/BFSMtPer.rs:1: info: [24] copyright line present
/home/milnes/projects/APAS-VERUS-agent3/src/Chap54/BFSMtPer.rs:29: warning: [14] struct BFSTreeS should have impl Debug outside verus!
/home/milnes/projects/APAS-VERUS-agent3/src/Chap54/BFSMtPer.rs:29: warning: [14] struct BFSTreeS should have impl Display outside verus!
/home/milnes/projects/APAS-VERUS-agent3/src/Chap54/BFSMtPer.rs:34: warning: [14] struct BFSMtPer should have impl Debug outside verus!
/home/milnes/projects/APAS-VERUS-agent3/src/Chap54/BFSMtPer.rs:34: warning: [14] struct BFSMtPer should have impl Display outside verus!
/home/milnes/projects/APAS-VERUS-agent3/src/Chap54/BFSMtPer.rs:213: warning: [18] proof fn lemma_copy_preserves_wf should come before impls (expected proof fns/broadcast groups before impls)
/home/milnes/projects/APAS-VERUS-agent3/src/Chap54/BFSMtPer.rs:239: warning: [18] proof fn lemma_copy_preserves_bounded should come before impls (expected proof fns/broadcast groups before impls)
/home/milnes/projects/APAS-VERUS-agent3/src/Chap54/BFSMtPer.rs:261: warning: [18] trait BFSTreeMtPerTrait should come before impls (expected traits before impls)
/home/milnes/projects/APAS-VERUS-agent3/src/Chap54/BFSMtPer.rs:282: warning: [18] trait BFSMtPerTrait should come before impls (expected traits before impls)
/home/milnes/projects/APAS-VERUS-agent3/src/Chap54/BFSMtPer.rs:39: warning: [22] free spec fn spec_bfsmtper_wf should be an abstract signature in a trait with body in the impl
/home/milnes/projects/APAS-VERUS-agent3/src/Chap54/BFSMtPer.rs:46: warning: [22] free spec fn spec_distances_bounded should be an abstract signature in a trait with body in the impl
/home/milnes/projects/APAS-VERUS-agent3/src/Chap54/BFSMtPer.rs:52: warning: [22] free spec fn spec_parents_bounded should be an abstract signature in a trait with body in the impl

/home/milnes/projects/APAS-VERUS-agent3/src/Chap54/BFSStEph.rs:
/home/milnes/projects/APAS-VERUS-agent3/src/Chap54/BFSStEph.rs:1: info: [1] has mod declarations
/home/milnes/projects/APAS-VERUS-agent3/src/Chap54/BFSStEph.rs:1: info: [2] vstd::prelude::* before verus!
/home/milnes/projects/APAS-VERUS-agent3/src/Chap54/BFSStEph.rs:1: info: [3] has verus! macro
/home/milnes/projects/APAS-VERUS-agent3/src/Chap54/BFSStEph.rs:1: info: [4] std imports grouped with trailing blank
/home/milnes/projects/APAS-VERUS-agent3/src/Chap54/BFSStEph.rs:1: info: [5] no vstd imports (ok)
/home/milnes/projects/APAS-VERUS-agent3/src/Chap54/BFSStEph.rs:1: info: [11] no Set/Seq usage (ok)
/home/milnes/projects/APAS-VERUS-agent3/src/Chap54/BFSStEph.rs:1: info: [12] all trait fns have specs
/home/milnes/projects/APAS-VERUS-agent3/src/Chap54/BFSStEph.rs:1: info: [13] trait impls inside verus!
/home/milnes/projects/APAS-VERUS-agent3/src/Chap54/BFSStEph.rs:1: info: [14] no Debug/Display impls (ok)
/home/milnes/projects/APAS-VERUS-agent3/src/Chap54/BFSStEph.rs:1: info: [15] no PartialEq/Eq/Clone/Hash/Ord impls (ok)
/home/milnes/projects/APAS-VERUS-agent3/src/Chap54/BFSStEph.rs:1: info: [16] no Lit macro definitions (ok)
/home/milnes/projects/APAS-VERUS-agent3/src/Chap54/BFSStEph.rs:1: info: [17] no collection structs (ok)
/home/milnes/projects/APAS-VERUS-agent3/src/Chap54/BFSStEph.rs:1: info: [18] definition order correct
/home/milnes/projects/APAS-VERUS-agent3/src/Chap54/BFSStEph.rs:1: info: [19] no generic return names
/home/milnes/projects/APAS-VERUS-agent3/src/Chap54/BFSStEph.rs:1: info: [20] all traits have impls
/home/milnes/projects/APAS-VERUS-agent3/src/Chap54/BFSStEph.rs:1: info: [21] broadcast use: vstd:: before crate::
/home/milnes/projects/APAS-VERUS-agent3/src/Chap54/BFSStEph.rs:1: info: [23] free fn type bounds: N/A
/home/milnes/projects/APAS-VERUS-agent3/src/Chap54/BFSStEph.rs:1: info: [24] copyright line present
/home/milnes/projects/APAS-VERUS-agent3/src/Chap54/BFSStEph.rs:29: warning: [14] struct BFSTreeS should have impl Debug outside verus!
/home/milnes/projects/APAS-VERUS-agent3/src/Chap54/BFSStEph.rs:29: warning: [14] struct BFSTreeS should have impl Display outside verus!
/home/milnes/projects/APAS-VERUS-agent3/src/Chap54/BFSStEph.rs:34: warning: [14] struct BFSStEph should have impl Debug outside verus!
/home/milnes/projects/APAS-VERUS-agent3/src/Chap54/BFSStEph.rs:34: warning: [14] struct BFSStEph should have impl Display outside verus!
/home/milnes/projects/APAS-VERUS-agent3/src/Chap54/BFSStEph.rs:39: warning: [22] free spec fn spec_bfssteph_wf should be an abstract signature in a trait with body in the impl
/home/milnes/projects/APAS-VERUS-agent3/src/Chap54/BFSStEph.rs:46: warning: [22] free spec fn spec_distances_bounded should be an abstract signature in a trait with body in the impl
/home/milnes/projects/APAS-VERUS-agent3/src/Chap54/BFSStEph.rs:52: warning: [22] free spec fn spec_parents_bounded should be an abstract signature in a trait with body in the impl

/home/milnes/projects/APAS-VERUS-agent3/src/Chap54/BFSStPer.rs:
/home/milnes/projects/APAS-VERUS-agent3/src/Chap54/BFSStPer.rs:1: info: [1] has mod declarations
/home/milnes/projects/APAS-VERUS-agent3/src/Chap54/BFSStPer.rs:1: info: [2] vstd::prelude::* before verus!
/home/milnes/projects/APAS-VERUS-agent3/src/Chap54/BFSStPer.rs:1: info: [3] has verus! macro
/home/milnes/projects/APAS-VERUS-agent3/src/Chap54/BFSStPer.rs:1: info: [4] std imports grouped with trailing blank
/home/milnes/projects/APAS-VERUS-agent3/src/Chap54/BFSStPer.rs:1: info: [5] no vstd imports (ok)
/home/milnes/projects/APAS-VERUS-agent3/src/Chap54/BFSStPer.rs:1: info: [11] no Set/Seq usage (ok)
/home/milnes/projects/APAS-VERUS-agent3/src/Chap54/BFSStPer.rs:1: info: [12] all trait fns have specs
/home/milnes/projects/APAS-VERUS-agent3/src/Chap54/BFSStPer.rs:1: info: [13] trait impls inside verus!
/home/milnes/projects/APAS-VERUS-agent3/src/Chap54/BFSStPer.rs:1: info: [14] no Debug/Display impls (ok)
/home/milnes/projects/APAS-VERUS-agent3/src/Chap54/BFSStPer.rs:1: info: [15] no PartialEq/Eq/Clone/Hash/Ord impls (ok)
/home/milnes/projects/APAS-VERUS-agent3/src/Chap54/BFSStPer.rs:1: info: [16] no Lit macro definitions (ok)
/home/milnes/projects/APAS-VERUS-agent3/src/Chap54/BFSStPer.rs:1: info: [17] no collection structs (ok)
/home/milnes/projects/APAS-VERUS-agent3/src/Chap54/BFSStPer.rs:1: info: [18] definition order correct
/home/milnes/projects/APAS-VERUS-agent3/src/Chap54/BFSStPer.rs:1: info: [19] no generic return names
/home/milnes/projects/APAS-VERUS-agent3/src/Chap54/BFSStPer.rs:1: info: [20] all traits have impls
/home/milnes/projects/APAS-VERUS-agent3/src/Chap54/BFSStPer.rs:1: info: [21] broadcast use: vstd:: before crate::
/home/milnes/projects/APAS-VERUS-agent3/src/Chap54/BFSStPer.rs:1: info: [23] free fn type bounds: N/A
/home/milnes/projects/APAS-VERUS-agent3/src/Chap54/BFSStPer.rs:1: info: [24] copyright line present
/home/milnes/projects/APAS-VERUS-agent3/src/Chap54/BFSStPer.rs:29: warning: [14] struct BFSTreeS should have impl Debug outside verus!
/home/milnes/projects/APAS-VERUS-agent3/src/Chap54/BFSStPer.rs:29: warning: [14] struct BFSTreeS should have impl Display outside verus!
/home/milnes/projects/APAS-VERUS-agent3/src/Chap54/BFSStPer.rs:34: warning: [14] struct BFSStPer should have impl Debug outside verus!
/home/milnes/projects/APAS-VERUS-agent3/src/Chap54/BFSStPer.rs:34: warning: [14] struct BFSStPer should have impl Display outside verus!
/home/milnes/projects/APAS-VERUS-agent3/src/Chap54/BFSStPer.rs:39: warning: [22] free spec fn spec_bfsstper_wf should be an abstract signature in a trait with body in the impl
/home/milnes/projects/APAS-VERUS-agent3/src/Chap54/BFSStPer.rs:46: warning: [22] free spec fn spec_distances_bounded should be an abstract signature in a trait with body in the impl
/home/milnes/projects/APAS-VERUS-agent3/src/Chap54/BFSStPer.rs:52: warning: [22] free spec fn spec_parents_bounded should be an abstract signature in a trait with body in the impl

════════════════════════════════════════════════════════════════
Summary: 70 passed, 36 warnings in 4 files (checked 4 files)
════════════════════════════════════════════════════════════════
