$ /home/milnes/projects/veracity/target/release/veracity-review-proof-holes src/Chap65/UnionFindStEph.rs
Full output: src/Chap65/analyses/veracity-review-verus-proof-holes.log

Table of Contents:
  1. File Holes
  2. Depends Upon
     2.1. By Module
     2.2. By File
  3. Summary of Holes
  4. Proof Targets
     4.1. Worst src/* Directories (all dirs, by holes)
     4.2. Next Target Files (clean deps only, by holes)
     4.3. Next Target Directories
     4.4. Not Verusified
     4.5. Not Verusified (clean deps only)
     4.6. Chapter by Chapter Proof Targeting
  5. Started/Ended/Duration

=================================================================
1. File Holes
=================================================================

❌ UnionFindStEph.rs
/home/milnes/projects/APAS-VERUS/src/Chap65/UnionFindStEph.rs:1167: error: external_body - #[verifier::external_body]
      1168 |     fn union_merge<V: StT + Hash>(
/home/milnes/projects/APAS-VERUS/src/Chap65/UnionFindStEph.rs:1404: error: external_body [blocked_by: union_merge] - #[verifier::external_body]
      1405 |         fn union(&mut self, u: &V, v: &V) {
/home/milnes/projects/APAS-VERUS/src/Chap65/UnionFindStEph.rs:918: error: fn_missing_wf_requires - fn union_merge_exec — requires should include uf.spec_unionfindsteph_wf() for input type UnionFindStEph
       894 |     proof fn lemma_union_wf_frame<V: StT + Hash>(
            ...
       916 |     /// the quantified wf proof, keeping Z3 under 4 GB.
       917 |     #[verifier::rlimit(30)]
       919 |         uf: &mut UnionFindStEph<V>,
       920 |         root_u: V,
/home/milnes/projects/APAS-VERUS/src/Chap65/UnionFindStEph.rs:1168: error: fn_missing_wf_requires - fn union_merge — requires should include uf.spec_unionfindsteph_wf() for input type UnionFindStEph
      1106 |     proof fn lemma_union_ensures_bridge<V: StT + Hash>(
            ...
      1166 |     /// lemma_union_merge_wf to keep &mut encoding out of the proof context.
      1167 |     #[verifier::external_body]
      1169 |         uf: &mut UnionFindStEph<V>,
      1170 |         root_u: V,
   Holes: 2 total
      2 × external_body
         1 × root cause
         1 × downstream (blocked by root causes)
   Proof functions: 15 total (15 clean, 0 holed)

=================================================================
2. Depends Upon
=================================================================

=================================================================
2.1. By Module
=================================================================

UnionFindStEph  depends upon only clean modules

=================================================================
2.2. By File
=================================================================

UnionFindStEph.rs  depends upon only clean modules

=================================================================
3. Summary of Holes
=================================================================

Modules:
   0 clean (no holes, no errors; 0%)
   1 holed (holes or errors, 100%)
   1 total

Proof Functions:
   15 clean (100%)
   0 holed (0%)
   15 total

Function Specs:
   15 exec fns with complete spec (requires+ensures) (30%)
   0 exec fns missing spec (0%)
   35 proof/spec fns clean (70%)
   0 proof/spec fns with holes (0%)
   50 total fns


Holes Found: 2 (actionable)
   2 × external_body (100%)
      1 × root cause
      1 × downstream (blocked by root causes)
Real Proof Targets: 2 (all actionable)

Warnings: 2 total
   2 × fn_missing_wf_requires

=================================================================
5. Started/Ended/Duration
=================================================================

Started:   2026-03-29 19:41:03 -07:00
Ended:     2026-03-29 19:41:03 -07:00
Duration:  14ms

Full output: src/Chap65/analyses/veracity-review-verus-proof-holes.log
