$ /home/milnes/projects/veracity/target/release/veracity-review-proof-holes src/Chap51/TopDownDPMtEph.rs

❌ TopDownDPMtEph.rs
/home/milnes/projects/APAS-VERUS-agent3/src/Chap51/TopDownDPMtEph.rs:175: external_body - #[verifier::external_body]
       176 |         fn med_memoized_concurrent(&mut self) -> (distance: usize) {
/home/milnes/projects/APAS-VERUS-agent3/src/Chap51/TopDownDPMtEph.rs:184: external_body - #[verifier::external_body]
       185 |         fn med_memoized_parallel(&mut self) -> (distance: usize) {
/home/milnes/projects/APAS-VERUS-agent3/src/Chap51/TopDownDPMtEph.rs:114: error: dummy_rwlock_predicate - RwLockPredicate inv returning true is grossly underspecified.
       100 |         fn med_memoized_parallel(&mut self) -> (distance: usize)
            ...
       112 |     /// cannot constrain map contents. Ghost fields carry context for documentation.
       113 |     impl RwLockPredicate<HashMap<(usize, usize), usize>> for TopDownDPMtEphInv {
       115 |     }
       116 | 
/home/milnes/projects/APAS-VERUS-agent3/src/Chap51/TopDownDPMtEph.rs:232: warning: assume_eq_clone_workaround - at this point in Verus, clones may have to assume they work on generic types
       228 |         fn eq(&self, other: &Self) -> (eq: bool)
            ...
       230 |         {
       231 |             let r = self.seq_s == other.seq_s && self.seq_t == other.seq_t;
       233 |             r
       234 |         }
/home/milnes/projects/APAS-VERUS-agent3/src/Chap51/TopDownDPMtEph.rs:117: info: verus_rwlock_external_body - Verus RwLock new requires an external body at this point.
   Holes: 2 total
      2 × external_body
   Errors: 2 total (1 assume in eq/clone (Verus workaround), 1 dummy RwLockPredicate)
   Info: 1 total

═══════════════════════════════════════════════════════════════
SUMMARY
═══════════════════════════════════════════════════════════════

Modules:
   0 clean (no holes)
   1 holed (contains holes)
   1 total

Proof Functions:
   0 clean
   0 holed
   0 total

Holes Found: 2 total
   2 × external_body

Errors: 2 total (1 assume in eq/clone (Verus workaround), 1 dummy RwLockPredicate)

Info: 1 total
   TopDownDPMtEph.rs:117: info: verus_rwlock_external_body - Verus RwLock new requires an external body at this point.
