$ /home/milnes/projects/veracity/target/release/veracity-review-proof-holes src/Chap63/
Full output: src/Chap63/analyses/veracity-review-verus-proof-holes.log

Table of Contents:
  1. File Holes
  2. Depends Upon
     2.1. By Module
     2.2. By File
  3. Summary of Holes
  4. Proof Targets
     4.1. Worst src/* Directories (all dirs, by holes)
     4.2. Next Target Files (clean deps only, by holes)
     4.3. Next Target Directories
     4.4. Not Verusified
     4.5. Not Verusified (clean deps only)
     4.6. Chapter by Chapter Proof Targeting
  5. Started/Ended/Duration

=================================================================
1. File Holes
=================================================================

❌ ConnectivityMtEph.rs
/home/milnes/projects/APAS-VERUS/src/Chap63/ConnectivityMtEph.rs:90: error: external_body - #[verifier::external_body]
        91 |     #[cfg(not(verus_keep_ghost))]
        92 |     pub fn count_components_mt<V: StT + MtT + Hash + Ord + 'static>(graph: &UnDirGraphMtEph<V>, seed: u64) -> N {
/home/milnes/projects/APAS-VERUS/src/Chap63/ConnectivityMtEph.rs:119: error: external_body - #[verifier::external_body]
       120 |     #[cfg(not(verus_keep_ghost))]
       121 |     pub fn connected_components_mt<V: StT + MtT + Hash + Ord + 'static>(
/home/milnes/projects/APAS-VERUS/src/Chap63/ConnectivityMtEph.rs:149: error: external_body - #[verifier::external_body]
       150 |     #[cfg(not(verus_keep_ghost))]
       151 |     fn build_quotient_edges_parallel<V: StT + MtT + Hash + Ord + 'static>(
/home/milnes/projects/APAS-VERUS/src/Chap63/ConnectivityMtEph.rs:168: error: external_body - #[verifier::external_body]
       169 |     #[cfg(not(verus_keep_ghost))]
       170 |     fn route_edges_parallel<V: StT + MtT + Hash + Ord + 'static>(
/home/milnes/projects/APAS-VERUS/src/Chap63/ConnectivityMtEph.rs:221: error: external_body - #[verifier::external_body]
       222 |     #[cfg(not(verus_keep_ghost))]
       223 |     fn compose_maps_parallel<V: StT + MtT + Hash + Ord + 'static>(
/home/milnes/projects/APAS-VERUS/src/Chap63/ConnectivityMtEph.rs:239: error: external_body - #[verifier::external_body]
       240 |     #[cfg(not(verus_keep_ghost))]
       241 |     pub fn count_components_hof<V: StT + MtT + Hash + Ord + 'static>(graph: &UnDirGraphMtEph<V>, seed: u64) -> N {
/home/milnes/projects/APAS-VERUS/src/Chap63/ConnectivityMtEph.rs:253: error: external_body - #[verifier::external_body]
       254 |     #[cfg(not(verus_keep_ghost))]
       255 |     pub fn connected_components_hof<V: StT + MtT + Hash + Ord + 'static>(
   Holes: 7 total
      7 × external_body
❌ ConnectivityStEph.rs
/home/milnes/projects/APAS-VERUS/src/Chap63/ConnectivityStEph.rs:80: error: external_body - #[verifier::external_body]
        81 |     #[cfg(not(verus_keep_ghost))]
        82 |     pub fn count_components<V: HashOrd>(graph: &UnDirGraphStEph<V>) -> N {
/home/milnes/projects/APAS-VERUS/src/Chap63/ConnectivityStEph.rs:109: error: external_body - #[verifier::external_body]
       110 |     #[cfg(not(verus_keep_ghost))]
       111 |     pub fn connected_components<V: HashOrd>(graph: &UnDirGraphStEph<V>) -> (SetStEph<V>, HashMap<V, V>) {
/home/milnes/projects/APAS-VERUS/src/Chap63/ConnectivityStEph.rs:141: error: external_body - #[verifier::external_body]
       142 |     #[cfg(not(verus_keep_ghost))]
       143 |     fn build_quotient_edges<V: HashOrd>(
/home/milnes/projects/APAS-VERUS/src/Chap63/ConnectivityStEph.rs:173: error: external_body - #[verifier::external_body]
       174 |     #[cfg(not(verus_keep_ghost))]
       175 |     pub fn count_components_hof<V: HashOrd>(graph: &UnDirGraphStEph<V>) -> N {
/home/milnes/projects/APAS-VERUS/src/Chap63/ConnectivityStEph.rs:189: error: external_body - #[verifier::external_body]
       190 |     #[cfg(not(verus_keep_ghost))]
       191 |     pub fn connected_components_hof<V: HashOrd>(graph: &UnDirGraphStEph<V>) -> (SetStEph<V>, HashMap<V, V>) {
   Holes: 5 total
      5 × external_body

=================================================================
2. Depends Upon
=================================================================

=================================================================
2.1. By Module
=================================================================

ConnectivityMtEph  depends upon only clean modules
ConnectivityStEph  depends upon only clean modules

=================================================================
2.2. By File
=================================================================

ConnectivityMtEph.rs  depends upon only clean modules
ConnectivityStEph.rs  depends upon only clean modules
