$ /home/milnes/projects/veracity/target/release/veracity-review-proof-holes src/Chap55/
Full output: src/Chap55/analyses/veracity-review-verus-proof-holes.log

Table of Contents:
  1. File Holes
  2. Depends Upon
     2.1. By Module
     2.2. By File
  3. Summary of Holes
  4. Proof Targets
     4.1. Worst src/* Directories (all dirs, by holes)
     4.2. Next Target Files (clean deps only, by holes)
     4.3. Next Target Directories
     4.4. Not Verusified
     4.5. Not Verusified (clean deps only)
     4.6. Chapter by Chapter Proof Targeting
  5. Started/Ended/Duration

=================================================================
1. File Holes
=================================================================

✓ CycleDetectStEph.rs
   7 clean proof functions
✓ CycleDetectStPer.rs
   6 clean proof functions
✓ DFSStEph.rs
   7 clean proof functions
✓ DFSStPer.rs
   6 clean proof functions
✓ SCCStEph.rs
   3 clean proof functions
✓ SCCStPer.rs
   2 clean proof functions
✓ TopoSortStEph.rs
   11 clean proof functions
✓ TopoSortStPer.rs
   6 clean proof functions

=================================================================
2. Depends Upon
=================================================================

=================================================================
2.1. By Module
=================================================================

CycleDetectStEph  depends upon only clean modules
CycleDetectStPer  depends upon only clean modules
DFSStEph  depends upon only clean modules
DFSStPer  depends upon only clean modules
SCCStEph  depends upon only clean modules
