Verus Style Review
==================

Path: /home/milnes/projects/APAS-VERUS-agent1/src/Chap38/
Codebase: /home/milnes/projects/APAS-VERUS-agent1
Mode: basic
Logging to: /home/milnes/projects/APAS-VERUS-agent1/src/Chap38/analyses/veracity-review-verus-style.log

Checking 2 files...

/home/milnes/projects/APAS-VERUS-agent1/src/Chap38/BSTParaMtEph.rs:
/home/milnes/projects/APAS-VERUS-agent1/src/Chap38/BSTParaMtEph.rs:1: info: [1] has mod declarations
/home/milnes/projects/APAS-VERUS-agent1/src/Chap38/BSTParaMtEph.rs:1: info: [2] vstd::prelude::* before verus!
/home/milnes/projects/APAS-VERUS-agent1/src/Chap38/BSTParaMtEph.rs:1: info: [3] has verus! macro
/home/milnes/projects/APAS-VERUS-agent1/src/Chap38/BSTParaMtEph.rs:1: info: [4] std imports grouped with trailing blank
/home/milnes/projects/APAS-VERUS-agent1/src/Chap38/BSTParaMtEph.rs:1: info: [5] vstd imports grouped with trailing blank
/home/milnes/projects/APAS-VERUS-agent1/src/Chap38/BSTParaMtEph.rs:1: info: [13] trait impls inside verus!
/home/milnes/projects/APAS-VERUS-agent1/src/Chap38/BSTParaMtEph.rs:1: info: [14] Debug outside verus!
/home/milnes/projects/APAS-VERUS-agent1/src/Chap38/BSTParaMtEph.rs:1: info: [15] Clone inside verus!
/home/milnes/projects/APAS-VERUS-agent1/src/Chap38/BSTParaMtEph.rs:1: info: [16] no Lit macro definitions (ok)
/home/milnes/projects/APAS-VERUS-agent1/src/Chap38/BSTParaMtEph.rs:1: info: [17] no collection structs (ok)
/home/milnes/projects/APAS-VERUS-agent1/src/Chap38/BSTParaMtEph.rs:1: info: [19] no generic return names
/home/milnes/projects/APAS-VERUS-agent1/src/Chap38/BSTParaMtEph.rs:1: info: [20] all traits have impls
/home/milnes/projects/APAS-VERUS-agent1/src/Chap38/BSTParaMtEph.rs:1: info: [21] broadcast use: vstd:: before crate::
/home/milnes/projects/APAS-VERUS-agent1/src/Chap38/BSTParaMtEph.rs:1: info: [22] spec fns: all in traits as abstract signatures
/home/milnes/projects/APAS-VERUS-agent1/src/Chap38/BSTParaMtEph.rs:1: info: [24] copyright line present
/home/milnes/projects/APAS-VERUS-agent1/src/Chap38/BSTParaMtEph.rs:1: warning: [11] Set usage should have vstd::set::group_set_axioms in broadcast use
/home/milnes/projects/APAS-VERUS-agent1/src/Chap38/BSTParaMtEph.rs:132: warning: [12] trait ParamBSTTrait fn insert should have requires/ensures
/home/milnes/projects/APAS-VERUS-agent1/src/Chap38/BSTParaMtEph.rs:136: warning: [12] trait ParamBSTTrait fn delete should have requires/ensures
/home/milnes/projects/APAS-VERUS-agent1/src/Chap38/BSTParaMtEph.rs:185: warning: [12] trait ParamBSTTrait fn reduce should have requires/ensures
/home/milnes/projects/APAS-VERUS-agent1/src/Chap38/BSTParaMtEph.rs:37: warning: [14] struct BSTParaMtEphInv should have impl Debug outside verus!
/home/milnes/projects/APAS-VERUS-agent1/src/Chap38/BSTParaMtEph.rs:37: warning: [14] struct BSTParaMtEphInv should have impl Display outside verus!
/home/milnes/projects/APAS-VERUS-agent1/src/Chap38/BSTParaMtEph.rs:49: warning: [14] struct Exposed should have impl Debug outside verus!
/home/milnes/projects/APAS-VERUS-agent1/src/Chap38/BSTParaMtEph.rs:49: warning: [14] struct Exposed should have impl Display outside verus!
/home/milnes/projects/APAS-VERUS-agent1/src/Chap38/BSTParaMtEph.rs:55: warning: [14] struct NodeInner should have impl Display outside verus!
/home/milnes/projects/APAS-VERUS-agent1/src/Chap38/BSTParaMtEph.rs:63: warning: [14] struct ParamBST should have impl Display outside verus!
/home/milnes/projects/APAS-VERUS-agent1/src/Chap38/BSTParaMtEph.rs:49: warning: [18] enum Exposed should come before top level coarse locking (expected type definitions before top level coarse locking)
/home/milnes/projects/APAS-VERUS-agent1/src/Chap38/BSTParaMtEph.rs:55: warning: [18] struct NodeInner should come before top level coarse locking (expected type definitions before top level coarse locking)
/home/milnes/projects/APAS-VERUS-agent1/src/Chap38/BSTParaMtEph.rs:63: warning: [18] struct ParamBST should come before top level coarse locking (expected type definitions before top level coarse locking)
/home/milnes/projects/APAS-VERUS-agent1/src/Chap38/BSTParaMtEph.rs:67: warning: [18] fn new_param_bst_arc should come before top level coarse locking (expected impls before top level coarse locking)
/home/milnes/projects/APAS-VERUS-agent1/src/Chap38/BSTParaMtEph.rs:78: warning: [18] impl View for ParamBST < T > should come before top level coarse locking (expected view impls before top level coarse locking)
/home/milnes/projects/APAS-VERUS-agent1/src/Chap38/BSTParaMtEph.rs:84: warning: [18] impl View for Exposed < T > should come before top level coarse locking (expected view impls before top level coarse locking)
/home/milnes/projects/APAS-VERUS-agent1/src/Chap38/BSTParaMtEph.rs:89: warning: [18] impl View for NodeInner < T > should come before top level coarse locking (expected view impls before top level coarse locking)
/home/milnes/projects/APAS-VERUS-agent1/src/Chap38/BSTParaMtEph.rs:100: warning: [18] trait ParamBSTTrait should come before top level coarse locking (expected traits before top level coarse locking)
/home/milnes/projects/APAS-VERUS-agent1/src/Chap38/BSTParaMtEph.rs:194: warning: [18] impl ParamBSTTrait for ParamBST < T > should come before top level coarse locking (expected impls before top level coarse locking)
/home/milnes/projects/APAS-VERUS-agent1/src/Chap38/BSTParaMtEph.rs:443: warning: [18] fn new_leaf should come before derive impls in verus! (expected impls before derive impls in verus!)
/home/milnes/projects/APAS-VERUS-agent1/src/Chap38/BSTParaMtEph.rs:448: warning: [18] fn expose_internal should come before derive impls in verus! (expected impls before derive impls in verus!)
/home/milnes/projects/APAS-VERUS-agent1/src/Chap38/BSTParaMtEph.rs:459: warning: [18] fn join_mid should come before derive impls in verus! (expected impls before derive impls in verus!)
/home/milnes/projects/APAS-VERUS-agent1/src/Chap38/BSTParaMtEph.rs:472: warning: [18] fn split_inner should come before derive impls in verus! (expected impls before derive impls in verus!)
/home/milnes/projects/APAS-VERUS-agent1/src/Chap38/BSTParaMtEph.rs:497: warning: [18] fn join_m should come before derive impls in verus! (expected impls before derive impls in verus!)
/home/milnes/projects/APAS-VERUS-agent1/src/Chap38/BSTParaMtEph.rs:502: warning: [18] fn min_key should come before derive impls in verus! (expected impls before derive impls in verus!)
/home/milnes/projects/APAS-VERUS-agent1/src/Chap38/BSTParaMtEph.rs:513: warning: [18] fn join_pair_inner should come before derive impls in verus! (expected impls before derive impls in verus!)
/home/milnes/projects/APAS-VERUS-agent1/src/Chap38/BSTParaMtEph.rs:525: warning: [18] fn union_inner should come before derive impls in verus! (expected impls before derive impls in verus!)
/home/milnes/projects/APAS-VERUS-agent1/src/Chap38/BSTParaMtEph.rs:539: warning: [18] fn intersect_inner should come before derive impls in verus! (expected impls before derive impls in verus!)
/home/milnes/projects/APAS-VERUS-agent1/src/Chap38/BSTParaMtEph.rs:556: warning: [18] fn difference_inner should come before derive impls in verus! (expected impls before derive impls in verus!)
/home/milnes/projects/APAS-VERUS-agent1/src/Chap38/BSTParaMtEph.rs:575: warning: [18] fn filter_inner should come before derive impls in verus! (expected impls before derive impls in verus!)
/home/milnes/projects/APAS-VERUS-agent1/src/Chap38/BSTParaMtEph.rs:598: warning: [18] fn filter_parallel should come before derive impls in verus! (expected impls before derive impls in verus!)
/home/milnes/projects/APAS-VERUS-agent1/src/Chap38/BSTParaMtEph.rs:607: warning: [18] fn reduce_inner should come before derive impls in verus! (expected impls before derive impls in verus!)
/home/milnes/projects/APAS-VERUS-agent1/src/Chap38/BSTParaMtEph.rs:631: warning: [18] fn reduce_parallel should come before derive impls in verus! (expected impls before derive impls in verus!)
/home/milnes/projects/APAS-VERUS-agent1/src/Chap38/BSTParaMtEph.rs:641: warning: [18] fn collect_in_order should come before derive impls in verus! (expected impls before derive impls in verus!)
/home/milnes/projects/APAS-VERUS-agent1/src/Chap38/BSTParaMtEph.rs:67: warning: [23] free fn new_param_bst_arc param T has bounds `MtKey` but trait ParamBSTTrait has `MtKey + 'static`
/home/milnes/projects/APAS-VERUS-agent1/src/Chap38/BSTParaMtEph.rs:443: warning: [23] free fn new_leaf param T has bounds `MtKey` but trait ParamBSTTrait has `MtKey + 'static`

/home/milnes/projects/APAS-VERUS-agent1/src/Chap38/BSTParaStEph.rs:
/home/milnes/projects/APAS-VERUS-agent1/src/Chap38/BSTParaStEph.rs:1: info: [1] has mod declarations
/home/milnes/projects/APAS-VERUS-agent1/src/Chap38/BSTParaStEph.rs:1: info: [2] vstd::prelude::* before verus!
/home/milnes/projects/APAS-VERUS-agent1/src/Chap38/BSTParaStEph.rs:1: info: [3] has verus! macro
/home/milnes/projects/APAS-VERUS-agent1/src/Chap38/BSTParaStEph.rs:1: info: [4] std imports grouped with trailing blank
/home/milnes/projects/APAS-VERUS-agent1/src/Chap38/BSTParaStEph.rs:1: info: [5] vstd imports grouped with trailing blank
/home/milnes/projects/APAS-VERUS-agent1/src/Chap38/BSTParaStEph.rs:1: info: [11] Set/Seq usage has broadcast groups
/home/milnes/projects/APAS-VERUS-agent1/src/Chap38/BSTParaStEph.rs:1: info: [12] all trait fns have specs
/home/milnes/projects/APAS-VERUS-agent1/src/Chap38/BSTParaStEph.rs:1: info: [13] trait impls inside verus!
/home/milnes/projects/APAS-VERUS-agent1/src/Chap38/BSTParaStEph.rs:1: info: [14] Debug outside verus!
/home/milnes/projects/APAS-VERUS-agent1/src/Chap38/BSTParaStEph.rs:1: info: [15] Clone inside verus!
/home/milnes/projects/APAS-VERUS-agent1/src/Chap38/BSTParaStEph.rs:1: info: [16] Lit macro definitions at end of file
/home/milnes/projects/APAS-VERUS-agent1/src/Chap38/BSTParaStEph.rs:1: info: [17] no collection structs (ok)
/home/milnes/projects/APAS-VERUS-agent1/src/Chap38/BSTParaStEph.rs:1: info: [20] all traits have impls
/home/milnes/projects/APAS-VERUS-agent1/src/Chap38/BSTParaStEph.rs:1: info: [21] broadcast use: vstd:: before crate::
/home/milnes/projects/APAS-VERUS-agent1/src/Chap38/BSTParaStEph.rs:1: info: [23] free fn type bounds match trait
/home/milnes/projects/APAS-VERUS-agent1/src/Chap38/BSTParaStEph.rs:1: info: [24] copyright line present
/home/milnes/projects/APAS-VERUS-agent1/src/Chap38/BSTParaStEph.rs:40: warning: [14] struct BSTParaStEphInv should have impl Debug outside verus!
/home/milnes/projects/APAS-VERUS-agent1/src/Chap38/BSTParaStEph.rs:40: warning: [14] struct BSTParaStEphInv should have impl Display outside verus!
/home/milnes/projects/APAS-VERUS-agent1/src/Chap38/BSTParaStEph.rs:66: warning: [14] struct Exposed should have impl Debug outside verus!
/home/milnes/projects/APAS-VERUS-agent1/src/Chap38/BSTParaStEph.rs:66: warning: [14] struct Exposed should have impl Display outside verus!
/home/milnes/projects/APAS-VERUS-agent1/src/Chap38/BSTParaStEph.rs:74: warning: [14] struct NodeInner should have impl Debug outside verus!
/home/milnes/projects/APAS-VERUS-agent1/src/Chap38/BSTParaStEph.rs:74: warning: [14] struct NodeInner should have impl Display outside verus!
/home/milnes/projects/APAS-VERUS-agent1/src/Chap38/BSTParaStEph.rs:82: warning: [14] struct ParamBST should have impl Display outside verus!
/home/milnes/projects/APAS-VERUS-agent1/src/Chap38/BSTParaStEph.rs:66: warning: [18] enum Exposed should come before top level coarse locking (expected type definitions before top level coarse locking)
/home/milnes/projects/APAS-VERUS-agent1/src/Chap38/BSTParaStEph.rs:74: warning: [18] struct NodeInner should come before top level coarse locking (expected type definitions before top level coarse locking)
/home/milnes/projects/APAS-VERUS-agent1/src/Chap38/BSTParaStEph.rs:82: warning: [18] struct ParamBST should come before top level coarse locking (expected type definitions before top level coarse locking)
/home/milnes/projects/APAS-VERUS-agent1/src/Chap38/BSTParaStEph.rs:87: warning: [18] fn new_param_bst should come before top level coarse locking (expected impls before top level coarse locking)
/home/milnes/projects/APAS-VERUS-agent1/src/Chap38/BSTParaStEph.rs:107: warning: [18] impl ParamBST < T > should come before top level coarse locking (expected impls before top level coarse locking)
/home/milnes/projects/APAS-VERUS-agent1/src/Chap38/BSTParaStEph.rs:121: warning: [18] impl View for ParamBST < T > should come before top level coarse locking (expected view impls before top level coarse locking)
/home/milnes/projects/APAS-VERUS-agent1/src/Chap38/BSTParaStEph.rs:126: warning: [18] impl View for Exposed < T > should come before top level coarse locking (expected view impls before top level coarse locking)
/home/milnes/projects/APAS-VERUS-agent1/src/Chap38/BSTParaStEph.rs:131: warning: [18] impl View for NodeInner < T > should come before top level coarse locking (expected view impls before top level coarse locking)
/home/milnes/projects/APAS-VERUS-agent1/src/Chap38/BSTParaStEph.rs:139: warning: [18] spec fn view_ord_consistent should come before top level coarse locking (expected spec fns before top level coarse locking)
/home/milnes/projects/APAS-VERUS-agent1/src/Chap38/BSTParaStEph.rs:146: warning: [18] proof fn lemma_cmp_antisymmetry should come before top level coarse locking (expected proof fns/broadcast groups before top level coarse locking)
/home/milnes/projects/APAS-VERUS-agent1/src/Chap38/BSTParaStEph.rs:158: warning: [18] proof fn lemma_cmp_transitivity should come before top level coarse locking (expected proof fns/broadcast groups before top level coarse locking)
/home/milnes/projects/APAS-VERUS-agent1/src/Chap38/BSTParaStEph.rs:171: warning: [18] proof fn lemma_cmp_eq_subst should come before top level coarse locking (expected proof fns/broadcast groups before top level coarse locking)
/home/milnes/projects/APAS-VERUS-agent1/src/Chap38/BSTParaStEph.rs:189: warning: [18] proof fn lemma_cmp_equal_congruent should come before top level coarse locking (expected proof fns/broadcast groups before top level coarse locking)
/home/milnes/projects/APAS-VERUS-agent1/src/Chap38/BSTParaStEph.rs:209: warning: [18] proof fn lemma_cmp_equal_congruent_right should come before top level coarse locking (expected proof fns/broadcast groups before top level coarse locking)
/home/milnes/projects/APAS-VERUS-agent1/src/Chap38/BSTParaStEph.rs:224: warning: [18] trait ParamBSTTrait should come before top level coarse locking (expected traits before top level coarse locking)
/home/milnes/projects/APAS-VERUS-agent1/src/Chap38/BSTParaStEph.rs:422: warning: [18] impl ParamBSTTrait for ParamBST < T > should come before top level coarse locking (expected impls before top level coarse locking)
/home/milnes/projects/APAS-VERUS-agent1/src/Chap38/BSTParaStEph.rs:1455: warning: [18] fn filter_inner should come before top level coarse locking (expected impls before top level coarse locking)
/home/milnes/projects/APAS-VERUS-agent1/src/Chap38/BSTParaStEph.rs:1529: warning: [18] fn reduce_inner should come before top level coarse locking (expected impls before top level coarse locking)
/home/milnes/projects/APAS-VERUS-agent1/src/Chap38/BSTParaStEph.rs:404: warning: [19] reduce return name 'result' could be more descriptive
/home/milnes/projects/APAS-VERUS-agent1/src/Chap38/BSTParaStEph.rs:1343: warning: [19] reduce return name 'result' could be more descriptive
/home/milnes/projects/APAS-VERUS-agent1/src/Chap38/BSTParaStEph.rs:1529: warning: [19] reduce_inner return name 'result' could be more descriptive
/home/milnes/projects/APAS-VERUS-agent1/src/Chap38/BSTParaStEph.rs:139: warning: [22] free spec fn view_ord_consistent should be an abstract signature in a trait with body in the impl

════════════════════════════════════════════════════════════════
Summary: 31 passed, 65 warnings in 2 files (checked 2 files)
════════════════════════════════════════════════════════════════
