Verus Style Review
==================

Path: /home/milnes/projects/APAS-VERUS/src/standards/wrapping_iterators_standard.rs
Codebase: /home/milnes/projects/APAS-VERUS
Mode: basic
Logging to: /home/milnes/projects/APAS-VERUS/src/standards/analyses/veracity-review-verus-style.log

Checking 1 files...

/home/milnes/projects/APAS-VERUS/src/standards/wrapping_iterators_standard.rs:
/home/milnes/projects/APAS-VERUS/src/standards/wrapping_iterators_standard.rs:1: info: [1] has mod declarations
/home/milnes/projects/APAS-VERUS/src/standards/wrapping_iterators_standard.rs:1: info: [2] vstd::prelude::* before verus!
/home/milnes/projects/APAS-VERUS/src/standards/wrapping_iterators_standard.rs:1: info: [3] has verus! macro
/home/milnes/projects/APAS-VERUS/src/standards/wrapping_iterators_standard.rs:1: info: [4] std imports grouped with trailing blank
/home/milnes/projects/APAS-VERUS/src/standards/wrapping_iterators_standard.rs:1: info: [5] no vstd imports (ok)
/home/milnes/projects/APAS-VERUS/src/standards/wrapping_iterators_standard.rs:1: info: [11] Set/Seq usage has broadcast groups
/home/milnes/projects/APAS-VERUS/src/standards/wrapping_iterators_standard.rs:1: info: [12] all trait fns have specs
/home/milnes/projects/APAS-VERUS/src/standards/wrapping_iterators_standard.rs:1: info: [13] trait impls inside verus!
/home/milnes/projects/APAS-VERUS/src/standards/wrapping_iterators_standard.rs:1: info: [14] Debug, Display outside verus!
/home/milnes/projects/APAS-VERUS/src/standards/wrapping_iterators_standard.rs:1: info: [15] no PartialEq/Eq/Clone/Hash/Ord impls (ok)
/home/milnes/projects/APAS-VERUS/src/standards/wrapping_iterators_standard.rs:1: info: [16] no Lit macro definitions (ok)
/home/milnes/projects/APAS-VERUS/src/standards/wrapping_iterators_standard.rs:1: info: [17] Iterator<InnerS>, IntoIterator<InnerS>, runtime test exists, proof test exists
/home/milnes/projects/APAS-VERUS/src/standards/wrapping_iterators_standard.rs:1: info: [18] definition order correct
/home/milnes/projects/APAS-VERUS/src/standards/wrapping_iterators_standard.rs:1: info: [19] no generic return names
/home/milnes/projects/APAS-VERUS/src/standards/wrapping_iterators_standard.rs:1: info: [20] all traits have impls
/home/milnes/projects/APAS-VERUS/src/standards/wrapping_iterators_standard.rs:1: info: [21] no broadcast use entries
/home/milnes/projects/APAS-VERUS/src/standards/wrapping_iterators_standard.rs:1: info: [22] spec fns: all in traits as abstract signatures

════════════════════════════════════════════════════════════════
Summary: 17 passed, 0 warnings in 0 files (checked 1 files)
════════════════════════════════════════════════════════════════
