$ /home/milnes/projects/veracity/target/release/veracity-review-proof-holes src/Chap47/QuadProbFlatHashTableStEph.rs
Full output: src/Chap47/analyses/veracity-review-verus-proof-holes.log

Table of Contents:
  1. File Holes
  2. Depends Upon
     2.1. By Module
     2.2. By File
  3. Summary of Holes
  4. Proof Targets
     4.1. Worst src/* Directories (all dirs, by holes)
     4.2. Next Target Files (clean deps only, by holes)
     4.3. Next Target Directories
     4.4. Not Verusified
     4.5. Not Verusified (clean deps only)
     4.6. Chapter by Chapter Proof Targeting
  5. Started/Ended/Duration

=================================================================
1. File Holes
=================================================================

❌ QuadProbFlatHashTableStEph.rs
/home/milnes/projects/APAS-VERUS/src/Chap47/QuadProbFlatHashTableStEph.rs:376: error: assume(false) - assume(false); // Table full: unreachable with load factor < — needs diverge(); use `assume(false); diverge()`
        85 |         fn insert(table: &mut HashTable<Key, Value, FlatEntry<Key, Value>, Metrics, H>, key: Key, value: Value) {
            ...
       374 |             // Exhausted all m positions.
       375 |             proof {
       377 |             }
       378 |         }
   Holes: 1 total
      1 × assume(false)

=================================================================
2. Depends Upon
=================================================================

=================================================================
2.1. By Module
=================================================================

QuadProbFlatHashTableStEph  depends upon only clean modules

=================================================================
2.2. By File
=================================================================

QuadProbFlatHashTableStEph.rs  depends upon only clean modules

=================================================================
3. Summary of Holes
=================================================================

Modules:
   0 clean (no holes, no errors; 0%)
   1 holed (holes or errors, 100%)
   1 total

Proof Functions:
   0 clean (0%)
   0 holed (0%)
   0 total

Function Specs:
   6 exec fns with complete spec (requires+ensures) (75%)
   0 exec fns missing spec (0%)
   2 proof/spec fns clean (25%)
   0 proof/spec fns with holes (0%)
   8 total fns


Holes Found: 1 (actionable)
   1 × assume(false) (100%)

=================================================================
5. Started/Ended/Duration
=================================================================

Started:   2026-03-19 10:50:49 -07:00
Ended:     2026-03-19 10:50:49 -07:00
Duration:  18ms

Full output: src/Chap47/analyses/veracity-review-verus-proof-holes.log
