✓ Example42_1.rs
   1 clean proof function
❌ TableMtEph.rs
/home/milnes/projects/APAS-VERUS/src/Chap42/TableMtEph.rs:201: external_body - #[verifier::external_body]
       202 |         fn size(&self) -> (count: usize)
/home/milnes/projects/APAS-VERUS/src/Chap42/TableMtEph.rs:216: external_body - #[verifier::external_body]
       217 |         fn singleton(key: K, value: V) -> (tree: Self)
/home/milnes/projects/APAS-VERUS/src/Chap42/TableMtEph.rs:225: external_body - #[verifier::external_body]
       226 |         fn domain(&self) -> (domain: ArraySetStEph<K>)
/home/milnes/projects/APAS-VERUS/src/Chap42/TableMtEph.rs:260: external_body - #[verifier::external_body]
       261 |         fn tabulate<F: Fn(&K) -> V + Send + Sync + 'static>(f: F, keys: &ArraySetStEph<K>) -> (tabulated: Self)
/home/milnes/projects/APAS-VERUS/src/Chap42/TableMtEph.rs:320: external_body - #[verifier::external_body]
       321 |         fn map<F: Fn(&V) -> V + Send + Sync + 'static>(&mut self, f: F)
/home/milnes/projects/APAS-VERUS/src/Chap42/TableMtEph.rs:374: external_body - #[verifier::external_body]
       375 |         fn filter<F: Fn(&K, &V) -> B + Send + Sync + 'static>(&mut self, f: F)
/home/milnes/projects/APAS-VERUS/src/Chap42/TableMtEph.rs:426: external_body - #[verifier::external_body]
       427 |         fn intersection<F: Fn(&V, &V) -> V + Send + Sync>(&mut self, other: &Self, combine: F)
/home/milnes/projects/APAS-VERUS/src/Chap42/TableMtEph.rs:454: external_body - #[verifier::external_body]
       455 |         fn union<F: Fn(&V, &V) -> V + Send + Sync>(&mut self, other: &Self, combine: F)
/home/milnes/projects/APAS-VERUS/src/Chap42/TableMtEph.rs:498: external_body - #[verifier::external_body]
       499 |         fn difference(&mut self, other: &Self)
/home/milnes/projects/APAS-VERUS/src/Chap42/TableMtEph.rs:533: external_body - #[verifier::external_body]
       534 |         fn find(&self, key: &K) -> (found: Option<V>)
/home/milnes/projects/APAS-VERUS/src/Chap42/TableMtEph.rs:558: external_body - #[verifier::external_body]
       559 |         fn delete(&mut self, key: &K)
/home/milnes/projects/APAS-VERUS/src/Chap42/TableMtEph.rs:610: external_body - #[verifier::external_body]
       611 |         fn insert<F: Fn(&V, &V) -> V + Send + Sync>(&mut self, key: K, value: V, combine: F)
/home/milnes/projects/APAS-VERUS/src/Chap42/TableMtEph.rs:689: external_body - #[verifier::external_body]
       690 |         fn restrict(&mut self, keys: &ArraySetStEph<K>)
/home/milnes/projects/APAS-VERUS/src/Chap42/TableMtEph.rs:741: external_body - #[verifier::external_body]
       742 |         fn subtract(&mut self, keys: &ArraySetStEph<K>)
/home/milnes/projects/APAS-VERUS/src/Chap42/TableMtEph.rs:796: assume() - assume(obeys_feq_clone::<Pair<K, V>>());
       793 |         fn entries(&self) -> (entries: ArraySeqMtEphS<Pair<K, V>>) {
            ...
       794 |             let entries = self.entries.clone();
       795 |             proof {
       797 |                 lemma_seq_map_cloned_view_eq(
       798 |                     self.entries.seq@,
/home/milnes/projects/APAS-VERUS/src/Chap42/TableMtEph.rs:840: external_body - #[verifier::external_body]
       841 |         fn clone(&self) -> (cloned: Self)
/home/milnes/projects/APAS-VERUS/src/Chap42/TableMtEph.rs:834: warning: assume_eq_clone_workaround - at this point in Verus, clones may have to assume they work on generic types
       830 |         fn eq(&self, other: &Self) -> (equal: bool)
            ...
       832 |         {
       833 |             let equal = self.entries == other.entries;
       835 |             equal
       836 |         }
   Holes: 16 total
      1 × assume()
      15 × external_body
   Errors: 1 total (1 assume in eq/clone (Verus workaround))
   Proof functions: 1 total (1 clean, 0 holed)
❌ TableStEph.rs
/home/milnes/projects/APAS-VERUS/src/Chap42/TableStEph.rs:1415: assume() - assume(obeys_feq_clone::<Pair<K, V>>());
      1412 |         fn entries(&self) -> (entries: ArraySeqStEphS<Pair<K, V>>) {
            ...
      1413 |             let entries = self.entries.clone();
      1414 |             proof {
      1416 |                 lemma_seq_map_cloned_view_eq(
      1417 |                     self.entries.seq@,
/home/milnes/projects/APAS-VERUS/src/Chap42/TableStEph.rs:1461: warning: assume_eq_clone_workaround - at this point in Verus, clones may have to assume they work on generic types
      1457 |         fn eq(&self, other: &Self) -> (equal: bool)
            ...
      1459 |         {
      1460 |             let equal = self.entries == other.entries;
      1462 |             equal
      1463 |         }
   Holes: 1 total
      1 × assume()
   Errors: 1 total (1 assume in eq/clone (Verus workaround))
   Proof functions: 8 total (8 clean, 0 holed)
❌ TableStPer.rs
/home/milnes/projects/APAS-VERUS/src/Chap42/TableStPer.rs:1508: assume() - assume(obeys_feq_clone::<Pair<K, V>>());
      1504 |         fn collect(&self) -> (collected: ArraySeqStPerS<Pair<K, V>>)
            ...
      1506 |             let collected = self.entries.clone();
      1507 |             proof {
      1509 |                 lemma_seq_map_cloned_view_eq(
      1510 |                     self.entries.seq@,
/home/milnes/projects/APAS-VERUS/src/Chap42/TableStPer.rs:1548: warning: assume_eq_clone_workaround - at this point in Verus, clones may have to assume they work on generic types
      1544 |         fn eq(&self, other: &Self) -> (equal: bool)
            ...
      1546 |         {
      1547 |             let equal = self.entries == other.entries;
      1549 |             equal
      1550 |         }
/home/milnes/projects/APAS-VERUS/src/Chap42/TableStPer.rs:1559: warning: assume_eq_clone_workaround - at this point in Verus, clones may have to assume they work on generic types
      1554 |         fn clone(&self) -> (cloned: Self)
            ...
      1557 |             let cloned = TableStPer { entries: self.entries.clone() };
      1558 |             proof {
      1560 |                 lemma_seq_map_cloned_view_eq(
      1561 |                     self.entries.seq@,
   Holes: 1 total
      1 × assume()
   Errors: 2 total (2 assume in eq/clone (Verus workaround))
   Proof functions: 8 total (8 clean, 0 holed)

═══════════════════════════════════════════════════════════════
SUMMARY
═══════════════════════════════════════════════════════════════

Modules:
   1 clean (no holes)
   3 holed (contains holes)
   4 total

Proof Functions:
   18 clean
   0 holed
   18 total

Holes Found: 18 total
   3 × assume()
   15 × external_body

Errors: 4 total (4 assume in eq/clone (Verus workaround))
 assume()
   15 × external_body

Errors: 4 total (4 assume in eq/clone (Verus workaround))
