$ /home/milnes/projects/veracity/target/release/veracity-review-proof-holes src/Chap03/
Full output: src/Chap03/analyses/veracity-review-verus-proof-holes.log

Table of Contents:
  1. File Holes
  2. Depends Upon
     2.1. By Module
     2.2. By File
  3. Summary of Holes
  4. Proof Targets
     4.1. Worst src/* Directories (all dirs, by holes)
     4.2. Next Target Files (clean deps only, by holes)
     4.3. Next Target Directories
     4.4. Not Verusified
     4.5. Not Verusified (clean deps only)
  5. Started/Ended/Duration

=================================================================
1. File Holes
=================================================================

❌ InsertionSortStEph.rs
/home/milnes/projects/APAS-VERUS-agent3/src/Chap03/InsertionSortStEph.rs:39: error: fn_missing_requires - fn insertion_sort — exec fn should have requires
        31 | pub open spec fn is_sorted<T: TotalOrder>(v: &[T]) -> bool {
            ...
        37 | #[cfg_attr(verus_keep_ghost, verifier::loop_isolation(false))]
        38 | // veracity: no_requires
        40 |         ensures
        41 |           sorted.len() == old(a).len(),

=================================================================
2. Depends Upon
=================================================================

=================================================================
2.1. By Module
=================================================================

InsertionSortStEph  depends upon only clean modules

=================================================================
2.2. By File
=================================================================

InsertionSortStEph.rs  depends upon only clean modules

=================================================================
3. Summary of Holes
=================================================================

Modules:
   0 clean (no holes, no errors; 0%)
   1 holed (holes or errors, 100%)
   1 total

Proof Functions:
   0 clean (0%)
   0 holed (0%)
   0 total

Function Specs:
   0 exec fns with complete spec (requires+ensures) (0%)
   1 exec fns missing spec (25%)
   3 proof/spec fns clean (75%)
   0 proof/spec fns with holes (0%)
   4 total fns


Holes Found: 0 total

🎉 No proof holes found! All proofs are complete.

=================================================================
5. Started/Ended/Duration
=================================================================

Started:   2026-03-17 11:40:02 -07:00
Ended:     2026-03-17 11:40:02 -07:00
Duration:  2ms

Full output: src/Chap03/analyses/veracity-review-verus-proof-holes.log
output: src/Chap03/analyses/veracity-review-verus-proof-holes.log
