Verus Style Review
==================

Path: /home/milnes/projects/APAS-VERUS-agent2/src/Chap03/
Codebase: /home/milnes/projects/APAS-VERUS-agent2
Mode: basic
Logging to: /home/milnes/projects/APAS-VERUS-agent2/src/Chap03/analyses/veracity-review-verus-style.log

Checking 1 files...

/home/milnes/projects/APAS-VERUS-agent2/src/Chap03/InsertionSortStEph.rs:
/home/milnes/projects/APAS-VERUS-agent2/src/Chap03/InsertionSortStEph.rs:1: info: [1] has mod declarations
/home/milnes/projects/APAS-VERUS-agent2/src/Chap03/InsertionSortStEph.rs:1: info: [2] vstd::prelude::* before verus!
/home/milnes/projects/APAS-VERUS-agent2/src/Chap03/InsertionSortStEph.rs:1: info: [3] has verus! macro
/home/milnes/projects/APAS-VERUS-agent2/src/Chap03/InsertionSortStEph.rs:1: info: [4] no std imports (ok)
/home/milnes/projects/APAS-VERUS-agent2/src/Chap03/InsertionSortStEph.rs:1: info: [5] vstd imports grouped with trailing blank
/home/milnes/projects/APAS-VERUS-agent2/src/Chap03/InsertionSortStEph.rs:1: info: [11] Set/Seq usage has broadcast groups
/home/milnes/projects/APAS-VERUS-agent2/src/Chap03/InsertionSortStEph.rs:1: info: [12] no traits (ok)
/home/milnes/projects/APAS-VERUS-agent2/src/Chap03/InsertionSortStEph.rs:1: info: [13] no non-derive trait impls (ok)
/home/milnes/projects/APAS-VERUS-agent2/src/Chap03/InsertionSortStEph.rs:1: info: [14] no Debug/Display impls (ok)
/home/milnes/projects/APAS-VERUS-agent2/src/Chap03/InsertionSortStEph.rs:1: info: [15] no PartialEq/Eq/Clone/Hash/Ord impls (ok)
/home/milnes/projects/APAS-VERUS-agent2/src/Chap03/InsertionSortStEph.rs:1: info: [16] no Lit macro definitions (ok)
/home/milnes/projects/APAS-VERUS-agent2/src/Chap03/InsertionSortStEph.rs:1: info: [17] no collection structs (ok)
/home/milnes/projects/APAS-VERUS-agent2/src/Chap03/InsertionSortStEph.rs:1: info: [18] definition order correct
/home/milnes/projects/APAS-VERUS-agent2/src/Chap03/InsertionSortStEph.rs:1: info: [19] no generic return names
/home/milnes/projects/APAS-VERUS-agent2/src/Chap03/InsertionSortStEph.rs:1: info: [20] no traits defined
/home/milnes/projects/APAS-VERUS-agent2/src/Chap03/InsertionSortStEph.rs:1: info: [21] broadcast use: vstd:: before crate::
/home/milnes/projects/APAS-VERUS-agent2/src/Chap03/InsertionSortStEph.rs:1: info: [23] free fn type bounds match trait
/home/milnes/projects/APAS-VERUS-agent2/src/Chap03/InsertionSortStEph.rs:21: warning: [22] free spec fn sorted_prefix should be an abstract signature in a trait with body in the impl
/home/milnes/projects/APAS-VERUS-agent2/src/Chap03/InsertionSortStEph.rs:26: warning: [22] free spec fn cross_sorted should be an abstract signature in a trait with body in the impl
/home/milnes/projects/APAS-VERUS-agent2/src/Chap03/InsertionSortStEph.rs:30: warning: [22] free spec fn is_sorted should be an abstract signature in a trait with body in the impl
/home/milnes/projects/APAS-VERUS-agent2/src/Chap03/InsertionSortStEph.rs:1: warning: [24] copyright text present but wrong format; got `//  Copyright (C) 2025 Acar, Blelloch and Milnes from 'Algorithms Parallel and Sequential'.`

════════════════════════════════════════════════════════════════
Summary: 17 passed, 4 warnings in 1 files (checked 1 files)
════════════════════════════════════════════════════════════════
