❌ BalancedTreePQ.rs
/home/milnes/projects/APAS-VERUS-agent3/src/Chap45/BalancedTreePQ.rs:155: external - #[verifier::external]
       156 |         impl<T: StT + Ord> BalancedTreePQTrait<T> for BalancedTreePQ<T> {
/home/milnes/projects/APAS-VERUS-agent3/src/Chap45/BalancedTreePQ.rs:377: external - #[verifier::external]
       378 |         impl<T: StT + Ord> Default for BalancedTreePQ<T> {
/home/milnes/projects/APAS-VERUS-agent3/src/Chap45/BalancedTreePQ.rs:382: external - #[verifier::external]
       383 |         impl<T: StT + Ord> BalancedTreePQExtTrait<T> for BalancedTreePQ<T> {
/home/milnes/projects/APAS-VERUS-agent3/src/Chap45/BalancedTreePQ.rs:433: info: accept() - accept hole
   Holes: 3 total
      3 × external
   Info: 1 total
   Proof functions: 1 total (1 clean, 0 holed)
ℹ BinaryHeapPQ.rs
/home/milnes/projects/APAS-VERUS-agent3/src/Chap45/BinaryHeapPQ.rs:728: info: accept() - accept hole
/home/milnes/projects/APAS-VERUS-agent3/src/Chap45/BinaryHeapPQ.rs:743: info: accept() - accept hole
   Info: 2 total
   1 clean proof function
❌ Example45_2.rs
/home/milnes/projects/APAS-VERUS-agent3/src/Chap45/Example45_2.rs:43: external - #[verifier::external]
        44 |         impl Example45_2Trait for Example45_2 {
   Holes: 1 total
      1 × external
   Proof functions: 1 total (1 clean, 0 holed)
❌ HeapsortExample.rs
/home/milnes/projects/APAS-VERUS-agent3/src/Chap45/HeapsortExample.rs:136: external - #[verifier::external]
       137 |         impl<T: StT + Ord> HeapsortComparisonTrait<T> for HeapsortComparison<T> {
/home/milnes/projects/APAS-VERUS-agent3/src/Chap45/HeapsortExample.rs:97: info: accept() - accept hole
/home/milnes/projects/APAS-VERUS-agent3/src/Chap45/HeapsortExample.rs:112: info: accept() - accept hole
   Holes: 1 total
      1 × external
   Info: 2 total
   Proof functions: 1 total (1 clean, 0 holed)
ℹ LeftistHeapPQ.rs
/home/milnes/projects/APAS-VERUS-agent3/src/Chap45/LeftistHeapPQ.rs:212: info: accept() - accept hole
/home/milnes/projects/APAS-VERUS-agent3/src/Chap45/LeftistHeapPQ.rs:550: info: accept() - accept hole
/home/milnes/projects/APAS-VERUS-agent3/src/Chap45/LeftistHeapPQ.rs:570: info: accept() - accept hole
/home/milnes/projects/APAS-VERUS-agent3/src/Chap45/LeftistHeapPQ.rs:582: info: accept() - accept hole
/home/milnes/projects/APAS-VERUS-agent3/src/Chap45/LeftistHeapPQ.rs:592: info: accept() - accept hole
   Info: 5 total
   2 clean proof functions
❌ SortedListPQ.rs
/home/milnes/projects/APAS-VERUS-agent3/src/Chap45/SortedListPQ.rs:424: warning: assume_eq_clone_workaround - at this point in Verus, clones may have to assume they work on generic types
       419 |             fn clone(&self) -> (cloned: Self)
            ...
       422 |                 let cloned = SortedListPQ { elements: self.elements.clone() };
       423 |                 proof {
       425 |                     lemma_seq_map_cloned_view_eq(
       426 |                         self.elements.seq@,
/home/milnes/projects/APAS-VERUS-agent3/src/Chap45/SortedListPQ.rs:439: info: accept() - accept hole
   Errors: 1 total (1 assume in eq/clone (Verus workaround))
   Info: 1 total
   Proof functions: 1 total (1 clean, 0 holed)
❌ UnsortedListPQ.rs
/home/milnes/projects/APAS-VERUS-agent3/src/Chap45/UnsortedListPQ.rs:325: warning: assume_eq_clone_workaround - at this point in Verus, clones may have to assume they work on generic types
       320 |             fn clone(&self) -> (cloned: Self)
            ...
       323 |                 let cloned = UnsortedListPQ { elements: self.elements.clone() };
       324 |                 proof {
       326 |                     lemma_seq_map_cloned_view_eq(
       327 |                         self.elements.seq@,
/home/milnes/projects/APAS-VERUS-agent3/src/Chap45/UnsortedListPQ.rs:340: info: accept() - accept hole
   Errors: 1 total (1 assume in eq/clone (Verus workaround))
   Info: 1 total
   Proof functions: 1 total (1 clean, 0 holed)

═══════════════════════════════════════════════════════════════
SUMMARY
═══════════════════════════════════════════════════════════════

Modules:
   4 clean (no holes)
   3 holed (contains holes)
   7 total

Proof Functions:
   8 clean
   0 holed
   8 total

Holes Found: 5 total
   5 × external

Errors: 2 total (2 assume in eq/clone (Verus workaround))

Info: 12 total
   SortedListPQ.rs:439: info: accept() - accept hole
   LeftistHeapPQ.rs:212: info: accept() - accept hole
   LeftistHeapPQ.rs:550: info: accept() - accept hole
   LeftistHeapPQ.rs:570: info: accept() - accept hole
   LeftistHeapPQ.rs:582: info: accept() - accept hole
   LeftistHeapPQ.rs:592: info: accept() - accept hole
   UnsortedListPQ.rs:340: info: accept() - accept hole
   BinaryHeapPQ.rs:728: info: accept() - accept hole
   BinaryHeapPQ.rs:743: info: accept() - accept hole
   BalancedTreePQ.rs:433: info: accept() - accept hole
   HeapsortExample.rs:97: info: accept() - accept hole
   HeapsortExample.rs:112: info: accept() - accept hole
 accept() - accept hole
   BalancedTreePQ.rs:433: info: accept() - accept hole
   HeapsortExample.rs:97: info: accept() - accept hole
   HeapsortExample.rs:112: info: accept() - accept hole
