Verus Style Review
==================

Path: /home/milnes/projects/APAS-VERUS-agent4/src/Chap37/AVLTreeSeqStPer.rs
Codebase: /home/milnes/projects/APAS-VERUS-agent4
Mode: basic
Logging to: /home/milnes/projects/APAS-VERUS-agent4/src/Chap37/analyses/veracity-review-verus-style.log

Checking 1 files...

/home/milnes/projects/APAS-VERUS-agent4/src/Chap37/AVLTreeSeqStPer.rs:
/home/milnes/projects/APAS-VERUS-agent4/src/Chap37/AVLTreeSeqStPer.rs:1: info: [1] has mod declarations
/home/milnes/projects/APAS-VERUS-agent4/src/Chap37/AVLTreeSeqStPer.rs:1: info: [2] vstd::prelude::* before verus!
/home/milnes/projects/APAS-VERUS-agent4/src/Chap37/AVLTreeSeqStPer.rs:1: info: [3] has verus! macro
/home/milnes/projects/APAS-VERUS-agent4/src/Chap37/AVLTreeSeqStPer.rs:1: info: [4] std imports grouped with trailing blank
/home/milnes/projects/APAS-VERUS-agent4/src/Chap37/AVLTreeSeqStPer.rs:1: info: [5] no vstd imports (ok)
/home/milnes/projects/APAS-VERUS-agent4/src/Chap37/AVLTreeSeqStPer.rs:1: info: [11] Set/Seq usage has broadcast groups
/home/milnes/projects/APAS-VERUS-agent4/src/Chap37/AVLTreeSeqStPer.rs:1: info: [14] Debug outside verus!
/home/milnes/projects/APAS-VERUS-agent4/src/Chap37/AVLTreeSeqStPer.rs:1: info: [15] Eq, PartialEq, Clone inside verus!
/home/milnes/projects/APAS-VERUS-agent4/src/Chap37/AVLTreeSeqStPer.rs:1: info: [16] Lit macro definitions at end of file
/home/milnes/projects/APAS-VERUS-agent4/src/Chap37/AVLTreeSeqStPer.rs:1: info: [18] definition order correct
/home/milnes/projects/APAS-VERUS-agent4/src/Chap37/AVLTreeSeqStPer.rs:1: info: [19] no generic return names
/home/milnes/projects/APAS-VERUS-agent4/src/Chap37/AVLTreeSeqStPer.rs:1: info: [20] all traits have impls
/home/milnes/projects/APAS-VERUS-agent4/src/Chap37/AVLTreeSeqStPer.rs:1: info: [21] broadcast use: vstd:: before crate::
/home/milnes/projects/APAS-VERUS-agent4/src/Chap37/AVLTreeSeqStPer.rs:181: warning: [12] trait AVLTreeSeqStPerTrait fn from_vec should have requires/ensures
/home/milnes/projects/APAS-VERUS-agent4/src/Chap37/AVLTreeSeqStPer.rs:183: warning: [12] trait AVLTreeSeqStPerTrait fn values_in_order should have requires/ensures
/home/milnes/projects/APAS-VERUS-agent4/src/Chap37/AVLTreeSeqStPer.rs:185: warning: [12] trait AVLTreeSeqStPerTrait fn to_arrayseq should have requires/ensures
/home/milnes/projects/APAS-VERUS-agent4/src/Chap37/AVLTreeSeqStPer.rs:187: warning: [12] trait AVLTreeSeqStPerTrait fn iter should have requires/ensures
/home/milnes/projects/APAS-VERUS-agent4/src/Chap37/AVLTreeSeqStPer.rs:508: warning: [13] impl Default for AVLTreeSeqStPerS should be inside verus!
/home/milnes/projects/APAS-VERUS-agent4/src/Chap37/AVLTreeSeqStPer.rs:533: warning: [13] impl Iterator for AVLTreeSeqStPerIter should be inside verus!
/home/milnes/projects/APAS-VERUS-agent4/src/Chap37/AVLTreeSeqStPer.rs:1: warning: [17] collection AVLTreeSeqStPerIter has Iterator impl but it should be inside verus!
/home/milnes/projects/APAS-VERUS-agent4/src/Chap37/AVLTreeSeqStPer.rs:1: warning: [17] collection AVLTreeSeqStPerIter should have an IntoIterator impl
/home/milnes/projects/APAS-VERUS-agent4/src/Chap37/AVLTreeSeqStPer.rs:1: warning: [17] collection should have proof test: /home/milnes/projects/APAS-VERUS-agent4/rust_verify_test/tests/Chap37/ProveAVLTreeSeqStPer.rs
/home/milnes/projects/APAS-VERUS-agent4/src/Chap37/AVLTreeSeqStPer.rs:1: warning: [17] Iterator for AVLTreeSeqStPerIter should be inside verus!

════════════════════════════════════════════════════════════════
Summary: 13 passed, 10 warnings in 1 files (checked 1 files)
════════════════════════════════════════════════════════════════
