$ /home/milnes/projects/veracity/target/release/veracity-review-proof-holes src/Chap28/
Full output: src/Chap28/analyses/veracity-review-verus-proof-holes.log

Table of Contents:
  1. File Holes
  2. Depends Upon
     2.1. By Module
     2.2. By File
  3. Summary of Holes
  4. Proof Targets
     4.1. Worst src/* Directories (all dirs, by holes)
     4.2. Next Target Files (clean deps only, by holes)
     4.3. Next Target Directories
     4.4. Not Verusified
     4.5. Not Verusified (clean deps only)
     4.6. Chapter by Chapter Proof Targeting
  5. Started/Ended/Duration

=================================================================
1. File Holes
=================================================================

✓ MCSSSpec.rs
   10 clean proof functions
✓ MaxContigSubSumBruteStEph.rs
✓ MaxContigSubSumDivConMtEph.rs
✓ MaxContigSubSumDivConOptMtEph.rs
✓ MaxContigSubSumDivConOptStEph.rs
   1 clean proof function
✓ MaxContigSubSumDivConStEph.rs
   1 clean proof function
✓ MaxContigSubSumIterStEph.rs
   2 clean proof functions
✓ MaxContigSubSumOptMtEph.rs
✓ MaxContigSubSumOptStEph.rs
   1 clean proof function
✓ MaxContigSubSumReducedMcsseStEph.rs
✓ MaxContigSubSumReducedStEph.rs

=================================================================
2. Depends Upon
=================================================================

=================================================================
2.1. By Module
=================================================================

MCSSSpec  depends upon only clean modules
MaxContigSubSumBruteStEph  depends upon only clean modules
MaxContigSubSumDivConMtEph  depends upon only clean modules
MaxContigSubSumDivConOptMtEph  depends upon only clean modules
MaxContigSubSumDivConOptStEph  depends upon only clean modules
MaxContigSubSumDivConStEph  depends upon only clean modules
MaxContigSubSumIterStEph  depends upon only clean modules
MaxContigSubSumOptMtEph  depends upon only clean modules
MaxContigSubSumOptStEph  depends upon only clean modules
MaxContigSubSumReducedMcsseStEph  depends upon only clean modules
MaxContigSubSumReducedStEph  depends upon only clean modules

=================================================================
2.2. By File
=================================================================

MCSSSpec.rs  depends upon only clean modules
MaxContigSubSumBruteStEph.rs  depends upon only clean modules
MaxContigSubSumDivConMtEph.rs  depends upon only clean modules
MaxContigSubSumDivConOptMtEph.rs  depends upon only clean modules
MaxContigSubSumDivConOptStEph.rs  depends upon only clean modules
MaxContigSubSumDivConStEph.rs  depends upon only clean modules
MaxContigSubSumIterStEph.rs  depends upon only clean modules
MaxContigSubSumOptMtEph.rs  depends upon only clean modules
MaxContigSubSumOptStEph.rs  depends upon only clean modules
MaxContigSubSumReducedMcsseStEph.rs  depends upon only clean modules
MaxContigSubSumReducedStEph.rs  depends upon only clean modules

=================================================================
3. Summary of Holes
=================================================================

Modules:
   11 clean (no holes, no errors; 100%)
   0 holed (holes or errors, 0%)
   11 total

Proof Functions:
   15 clean (100%)
   0 holed (0%)
   15 total

Function Specs:
   26 exec fns with complete spec (requires+ensures) (39%)
   8 exec fns missing spec (12%)
   32 proof/spec fns clean (48%)
   0 proof/spec fns with holes (0%)
   66 total fns


Holes Found: 0 (actionable)
Real Proof Targets: 0 (all actionable)

No proof holes or warnings found! All proofs are complete.

=================================================================
5. Started/Ended/Duration
=================================================================

Started:   2026-03-28 13:04:06 -07:00
Ended:     2026-03-28 13:04:06 -07:00
Duration:  23ms

Full output: src/Chap28/analyses/veracity-review-verus-proof-holes.log
veracity-review-verus-proof-holes.log
