Chapter Status — 46 chapters, 35 clean, 11 holed, 189 holes (global), 257 modules

CLEAN CHAPTERS (35)
  Chapter        Files
  -------------- -----
  Chap02             2
  Chap03             1
  Chap05             5
  Chap06            20
  Chap11             5
  Chap12             3
  Chap17             1
  Chap18             7
  Chap19             4
  Chap21            12
  Chap23             2
  Chap26             8
  Chap27             4
  Chap28            11
  Chap30             1
  Chap35             4
  Chap36             3
  Chap40             3
  Chap42             4
  Chap44             2
  Chap49             8
  Chap50             8
  Chap51             8
  Chap53             5
  Chap54             4
  Chap55             8
  Chap56            12
  Chap61             4
  Chap62             4
  Chap63             2
  Chap64             3
  Chap65             3
  Chap66             2
  Concurrency        1
  ParaPairs          1

HOLED CHAPTERS (11) — 221 holes
  Chapter        Holes Files  ClnDeps?  Blocked by (external holed modules)
  -------------- ----- -----  --------  -----------------------------------
  Chap37            22    19  internal  Chap37::BSTRBMtEph, Chap37::BSTSplayMtEph
  Chap38            14     2  YES       
  Chap39            18     4  internal  Chap39::BSTParaTreapMtEph
  Chap41            29     7  NO        Chap37::AVLTreeSeqStEph, Chap37::AVLTreeSeqMtPer, Chap37::AVLTreeSeqStPer
  Chap43            98    11  NO        Chap37::AVLTreeSeqStPer, Chap42::TableMtEph, Chap42::TableStEph, Chap42::TableStPer, Chap37::AVLTreeSeqStEph, Chap41::AVLTreeSetStEph
  Chap45             6     7  NO        Chap37::AVLTreeSeqStPer
  Chap47            22     9  internal  Chap47::ParaHashTableStEph
  Chap52             5    14  NO        Chap41::AVLTreeSetMtPer, Chap43::OrderedTableMtPer, Chap41::AVLTreeSetStEph, Chap43::OrderedTableStEph, Chap43::OrderedTableStPer
  Chap57             4     3  NO        Chap05::SetStEph, Chap45::BinaryHeapPQ
  Chap58             2     2  NO        Chap05::SetStEph
  Chap59             1     4  NO        Chap05::SetStEph

DEPENDENCY CHAIN (chapter-level, external only)
  Chapter         Blocked by chapters
  --------------  -------------------
  Chap06          Chap05
  Chap41          Chap37
  Chap43          Chap37, Chap42, Chap41
  Chap44          Chap37, Chap42
  Chap45          Chap37
  Chap52          Chap41, Chap43
  Chap53          Chap41
  Chap55          Chap41, Chap37
  Chap57          Chap05, Chap45
  Chap58          Chap05
  Chap59          Chap05
  Chap61          Chap05
  Chap62          Chap05
  Chap63          Chap05
  Chap64          Chap05
  Chap65          Chap05, Chap45
  Chap66          Chap05
