    Spec/   Proof/    Exec/    Rust File
--------------------------------------------
      60/      55/      40/      15 KleeneStPer.rs
     149/      96/     141/      41 MappingStEph.rs
      97/      33/      82/      32 RelationStEph.rs
     214/     140/     518/      68 SetMtEph.rs
     193/      79/     392/      44 SetStEph.rs
--------------------------------------------
    spec    proof     exec     rust
     713/     403/   1,173/     200 Total
   3,818 total lines
5 files analyzed
28ms

Proof Lines Per Function
========================

By chapter:
|   # | Chapter    |  PrfTot |  InSpec |  InExec | InProof | ExecLOC |  Prf/Ex |
| --- | ---------- | ------- | ------- | ------- | ------- | ------- | ------- |
|   1 | root       |   1,106 |     271 |     733 |     102 |   1,173 |    0.94 |

1 chapters, 1,106 proof lines, 1,173 exec lines, ratio 0.94
1,106 min  1,106 max  1106.0 avg  1106.0 median (proof lines)

By module:
|   # | Chap       | Module                         |  PrfTot |  InSpec |  InExec | InProof | ExecLOC | Prf/Ex |
| --- | ---------- | ------------------------------ | ------- | ------- | ------- | ------- | ------- | ------ |
|   1 | root       | SetMtEph                       |     352 |      69 |     273 |      10 |     518 |   0.68 |
|   2 | root       | SetStEph                       |     270 |      57 |     203 |      10 |     392 |   0.69 |
|   3 | root       | MappingStEph                   |     242 |      78 |     164 |       0 |     141 |   1.72 |
|   4 | root       | RelationStEph                  |     128 |      50 |      78 |       0 |      82 |   1.56 |
|   5 | root       | KleeneStPer                    |     114 |      17 |      15 |      82 |      40 |   2.85 |

5 modules, 1,106 proof lines, 1,173 exec lines, ratio 0.94
114 min  352 max  221.2 avg  242.0 median (proof lines)

Per exec function (proof lines within exec fns):
  154 exec functions total, 124 with proof lines
  733 total proof lines in exec fns
  1 min  55 max  5.9 avg  4.0 median

Per proof function:
  11 proof functions
  102 total proof lines in proof fns
  4 min  16 max  9.3 avg  10.0 median

Grand total:
  259 total functions, 218 with proof lines (84%)
  1,106 total proof lines, 1,173 exec lines, ratio 0.94
  1 min  55 max  5.1 avg  3.0 median (proof lines per fn)

Outliers (>= 50 proof lines):
|   # | Chap       | Module                         | Function          |  Kind |  Lines |
| --- | ---------- | ------------------------------ | ----------------- | ----- | ------ |
|   1 | root       | SetMtEph                       | cartesian_product |  exec |     55 |

1 functions over 50 proof lines
