Verus Library Minimizer
=======================
This minimizer is only possible due to the phenomenal speed of verification
in Verus. Thanks Verus team!

Logging to: /home/milnes/projects/APAS-VERUS-agent2/analyses/veracity-minimize-proofs.unknown.Chap37.20260410-150134.log

Arguments:
  -c, --codebase:     .
  -l, --library:      src/vstdplus
  -F, --file:         src/Chap37/BSTRBMtEph.rs
  -n, --dry-run:      false
  -b, --broadcasts:   false
  -L, --lib-broadcasts: false
  -N, --max-lemmas:   all
  -a, --asserts:      true
  -A, --max-asserts:  all
  -p, --proof-blocks: true
  -P, --max-proof-blocks: all
  -e, --exclude:      (none)
  -f, --fail-fast:    false
  --danger:           true
  --no-lib-min:       true
  mode:               resume (preserve markers)
  --project:          APAS
  --chapter:          Chap37
  --timeout-factor:   1.5 
  --max-incremental:  0 (disabled)
  --max-memory-increase: 0 (disabled)

Mode: APAS isolate Chap37 (estimated 10-30s per iteration)

═══════════════════════════════════════════════════════════════════════════════
IMPORTANT: No code will be harmed in the improving of your codebase!
═══════════════════════════════════════════════════════════════════════════════

✗ Codebase is in git but has uncommitted changes.

  Please commit your changes first:
    cd . && git add -A && git commit -m 'Before Veracity'

  ╔════════════════════════════════════════════════════════════╗
  ║  !!!  DANGER MODE - UNCOMMITTED CHANGES AT RISK!  !!!      ║
  ║                                                            ║
  ║  You have uncommitted changes. Veracity will modify files. ║
  ║  If something goes wrong, you may LOSE YOUR WORK!          ║
  ║                                                            ║
  ║  Proceeding anyway because you asked for --danger...       ║
  ╚════════════════════════════════════════════════════════════╝

Veracity will repeatedly comment things in and out using // Veracity: lines
to test and improve your use of vstd. All changes are reversible comments.
You will need to review each // Veracity: line and decide what to keep.

Phases:
  Phase 0:  Strip existing Veracity markers (if any)
  Phase 1:  Analyze and verify codebase
  Phase 2:  Analyze library structure (lemmas, modules, call sites, spec fns)
  Phase 3:  Discover vstd broadcast groups from verus installation
  Phase 4:  Estimate time for testing
  Phase 5:  Apply broadcast groups to library (-L flag)
  Phase 6:  Apply broadcast groups to codebase (-b flag)
  Phase 7:  Test lemma dependence on vstd (can vstd prove it alone?)
  Phase 8:  Test lemma necessity (can codebase verify without it?)
  Phase 9:  Test library asserts (can we remove any?)
  Phase 10: Test codebase asserts (can we remove any?)
  Phase 11: Test admits (can we remove any? -m flag)
  Phase 12: Test proof {} blocks (-p flag)
  Phase 13: Test types (are they used? -t flag)
  Phase 14: Analyze and verify final codebase

Comment markers inserted:
  // Veracity: added broadcast group  - Phase 5/6: Inserted broadcast use block
  // Veracity: DEPENDENT              - Phase 7: Lemma proven by vstd broadcast groups
  // Veracity: INDEPENDENT            - Phase 7: Lemma provides unique proof logic
  // Veracity: USED                   - Phase 8: Lemma required, restored after test
  // Veracity: UNUSED                 - Phase 8: Lemma not needed, left commented out
  // Veracity: NEEDED assert          - Phase 9/10: Assert required for verification
  // Veracity: UNNEEDED assert        - Phase 9/10: Assert not needed, left commented
  // Veracity: NEEDED admit           - Phase 11: Admit still needed (proof hole)
  // Veracity: UNNEEDED admit         - Phase 11: Admit not needed, left commented
  // Veracity: NEEDED proof block     - Phase 12: Proof block required
  // Veracity: UNNEEDED proof block   - Phase 12: Proof block not needed, left commented
  // Veracity: TYPE USED              - Phase 13: Type is used (verified by removal test)
  // Veracity: TYPE UNUSED            - Phase 13: Type not used, left commented out
  // Veracity: UNNEEDED               - Phase 8: Call site not needed, left commented

═══════════════════════════════════════════════════════════════════════════════

═══════════════════════════════════════════════════════════════
Phase 0: Resuming from existing markers
═══════════════════════════════════════════════════════════════

  Found 11978 existing Veracity markers
  Checking for incomplete work from prior run...
  Prior results found:
    NEEDED assert: 4502
    UNNEEDED: 1439
    NEEDED proof block: 4436
  These items will be skipped during testing.

═══════════════════════════════════════════════════════════════
Phase 1: Analyzing and verifying codebase
═══════════════════════════════════════════════════════════════

  Initial LOC (comments not counted):
    Spec:    3403
    Proof:   4247
    Exec:    7032
    Total:  14682

  Verifying...
  ✓ Verification passed. cpu: 130s (2m 10s), z3 RSS: 343 MB, wall: 19s. Continuing.

═══════════════════════════════════════════════════════════════
Single-file mode: Skipping phases 2-8 (library analysis)
═══════════════════════════════════════════════════════════════

Target file: src/Chap37/BSTRBMtEph.rs

Found 55 assert statements
Found 37 proof {} blocks

═══════════════════════════════════════════════════════════════
Testing asserts
═══════════════════════════════════════════════════════════════

  [1/55] assert at line 1266 in fn insert... NEEDED (restored) [baseline cpu: 130s, mem: 343MB, real: 19s | cpu: 99s, mem: 410MB, real: 7s]
  [2/55] assert at line 1258 in fn insert... NEEDED (restored) [baseline cpu: 130s, mem: 343MB, real: 19s | cpu: 134s, mem: 0MB, real: 3s]
  [3/55] assert at line 1254 in fn insert... NEEDED (restored) [baseline cpu: 130s, mem: 343MB, real: 19s | cpu: 177s, mem: 438MB, real: 20s]
  [4/55] assert at line 1250 in fn insert... NEEDED (restored) [baseline cpu: 130s, mem: 343MB, real: 19s | cpu: 24s, mem: 0MB, real: 4s]
  [5/55] assert at line 1247 in fn insert... NEEDED (restored) [baseline cpu: 130s, mem: 343MB, real: 19s | cpu: 306s, mem: 682MB, real: 21s]
  [6/55] assert at line 1244 in fn insert... NEEDED (restored) [baseline cpu: 130s, mem: 343MB, real: 19s | cpu: 122s, mem: 0MB, real: 4s]
  [7/55] assert at line 912 in fn max_link... NEEDED (restored) [baseline cpu: 130s, mem: 343MB, real: 19s | cpu: 84s, mem: 387MB, real: 15s]
  [8/55] assert at line 909 in fn max_link... NEEDED (restored) [baseline cpu: 130s, mem: 343MB, real: 19s | cpu: 337s, mem: 839MB, real: 22s]
  [9/55] assert at line 905 in fn max_link... NEEDED (restored) [baseline cpu: 130s, mem: 343MB, real: 19s | cpu: 81s, mem: 377MB, real: 15s]
  [10/55] assert at line 893 in fn max_link... NEEDED (restored) [baseline cpu: 130s, mem: 343MB, real: 19s | cpu: 318s, mem: 689MB, real: 24s]
  [11/55] assert at line 887 in fn max_link... NEEDED (restored) [baseline cpu: 130s, mem: 343MB, real: 19s | cpu: 65s, mem: 415MB, real: 14s]
  [12/55] assert at line 867 in fn min_link... NEEDED (restored) [baseline cpu: 130s, mem: 343MB, real: 19s | cpu: 308s, mem: 674MB, real: 24s]
  [13/55] assert at line 864 in fn min_link... NEEDED (restored) [baseline cpu: 130s, mem: 343MB, real: 19s | cpu: 205s, mem: 418MB, real: 18s]
  [14/55] assert at line 860 in fn min_link... NEEDED (restored) [baseline cpu: 130s, mem: 343MB, real: 19s | cpu: 182s, mem: 381MB, real: 16s]
  [15/55] assert at line 848 in fn min_link... NEEDED (restored) [baseline cpu: 130s, mem: 343MB, real: 19s | cpu: 199s, mem: 698MB, real: 18s]
  [16/55] assert at line 842 in fn min_link... NEEDED (restored) [baseline cpu: 130s, mem: 343MB, real: 19s | cpu: 193s, mem: 372MB, real: 17s]
  [17/55] assert at line 820 in fn find_link... NEEDED (restored) [baseline cpu: 130s, mem: 343MB, real: 19s | cpu: 178s, mem: 783MB, real: 17s]
  [18/55] assert at line 810 in fn find_link... NEEDED (restored) [baseline cpu: 130s, mem: 343MB, real: 19s | cpu: 202s, mem: 704MB, real: 18s]
  [19/55] assert at line 777 in fn insert_link... NEEDED (restored) [baseline cpu: 130s, mem: 343MB, real: 19s | cpu: 130s, mem: 656MB, real: 16s]
  [20/55] assert at line 770 in fn insert_link... NEEDED (restored) [baseline cpu: 130s, mem: 343MB, real: 19s | cpu: 135s, mem: 369MB, real: 6s]
  [21/55] assert at line 766 in fn insert_link... NEEDED (restored) [baseline cpu: 130s, mem: 343MB, real: 19s | cpu: 219s, mem: 426MB, real: 17s]
  [22/55] assert at line 759 in fn insert_link... NEEDED (restored) [baseline cpu: 130s, mem: 343MB, real: 19s | cpu: 14s, mem: 0MB, real: 3s]
  [23/55] assert at line 754 in fn insert_link... NEEDED (restored) [baseline cpu: 130s, mem: 343MB, real: 19s | cpu: 23s, mem: 0MB, real: 4s]
  [24/55] assert at line 750 in fn insert_link... NEEDED (restored) [baseline cpu: 130s, mem: 343MB, real: 19s | cpu: 279s, mem: 695MB, real: 21s]
  [25/55] assert at line 744 in fn insert_link... NEEDED (restored) [baseline cpu: 130s, mem: 343MB, real: 19s | cpu: 122s, mem: 0MB, real: 3s]
  [26/55] assert at line 729 in fn insert_link... NEEDED (restored) [baseline cpu: 130s, mem: 343MB, real: 19s | cpu: 61s, mem: 372MB, real: 14s]
  [27/55] assert at line 722 in fn insert_link... NEEDED (restored) [baseline cpu: 130s, mem: 343MB, real: 19s | cpu: 35s, mem: 146MB, real: 3s]
  [28/55] assert at line 718 in fn insert_link... NEEDED (restored) [baseline cpu: 130s, mem: 343MB, real: 19s | cpu: 273s, mem: 720MB, real: 22s]
  [29/55] assert at line 711 in fn insert_link... NEEDED (restored) [baseline cpu: 130s, mem: 343MB, real: 19s | cpu: 6s, mem: 0MB, real: 3s]
  [30/55] assert at line 706 in fn insert_link... NEEDED (restored) [baseline cpu: 130s, mem: 343MB, real: 19s | cpu: 14s, mem: 0MB, real: 4s]
  [31/55] assert at line 702 in fn insert_link... NEEDED (restored) [baseline cpu: 130s, mem: 343MB, real: 19s | cpu: 218s, mem: 644MB, real: 20s]
  [32/55] assert at line 696 in fn insert_link... NEEDED (restored) [baseline cpu: 130s, mem: 343MB, real: 19s | cpu: 207s, mem: 264MB, real: 5s]
  [33/55] assert at line 594 in fn flip_colors... NEEDED (restored) [baseline cpu: 130s, mem: 343MB, real: 19s | cpu: 142s, mem: 357MB, real: 14s]
  [34/55] assert at line 591 in fn flip_colors... NEEDED (restored) [baseline cpu: 130s, mem: 343MB, real: 19s | cpu: 250s, mem: 668MB, real: 18s]
  [35/55] assert at line 589 in fn flip_colors... NEEDED (restored) [baseline cpu: 130s, mem: 343MB, real: 19s | cpu: 138s, mem: 192MB, real: 5s]
  [36/55] assert at line 587 in fn flip_colors... NEEDED (restored) [baseline cpu: 130s, mem: 343MB, real: 19s | cpu: 145s, mem: 467MB, real: 15s]
  [37/55] assert at line 585 in fn flip_colors... NEEDED (restored) [baseline cpu: 130s, mem: 343MB, real: 19s | cpu: 113s, mem: 260MB, real: 4s]
  [38/55] assert at line 540 in fn rotate_right... NEEDED (restored) [baseline cpu: 130s, mem: 343MB, real: 19s | cpu: 195s, mem: 399MB, real: 19s]
  [39/55] assert at line 529 in fn rotate_right... NEEDED (restored) [baseline cpu: 130s, mem: 343MB, real: 19s | cpu: 153s, mem: 0MB, real: 4s]
  [40/55] assert at line 515 in fn rotate_right... NEEDED (restored) [baseline cpu: 130s, mem: 343MB, real: 19s | cpu: 37s, mem: 0MB, real: 3s]
  [41/55] assert at line 513 in fn rotate_right... NEEDED (restored) [baseline cpu: 130s, mem: 343MB, real: 19s | cpu: 102s, mem: 693MB, real: 7s]
  [42/55] assert at line 511 in fn rotate_right... NEEDED (restored) [baseline cpu: 130s, mem: 343MB, real: 19s | cpu: 221s, mem: 680MB, real: 6s]
  [43/55] assert at line 510 in fn rotate_right... NEEDED (cpu hint: +184%) [baseline cpu: 130s, mem: 343MB, real: 19s | cpu: +239s, mem: +3322MB, real: 24s]
  [44/55] assert at line 500 in fn rotate_right... NEEDED (restored) [baseline cpu: 130s, mem: 343MB, real: 19s | cpu: 151s, mem: 4446MB, real: 3s]
  [45/55] assert at line 498 in fn rotate_right... NEEDED (restored) [baseline cpu: 130s, mem: 343MB, real: 19s | cpu: 192s, mem: 6652MB, real: 5s]
  [46/55] assert at line 476 in fn rotate_left... NEEDED (restored) [baseline cpu: 130s, mem: 343MB, real: 19s | cpu: 241s, mem: 8247MB, real: 15s]
  [47/55] assert at line 464 in fn rotate_left... NEEDED (restored) [baseline cpu: 130s, mem: 343MB, real: 19s | cpu: 142s, mem: 7809MB, real: 3s]
  [48/55] assert at line 450 in fn rotate_left... NEEDED (restored) [baseline cpu: 130s, mem: 343MB, real: 19s | cpu: 146s, mem: 7810MB, real: 4s]
  [49/55] assert at line 448 in fn rotate_left... NEEDED (restored) [baseline cpu: 130s, mem: 343MB, real: 19s | cpu: 165s, mem: 8225MB, real: 4s]
  [50/55] assert at line 446 in fn rotate_left... NEEDED (restored) [baseline cpu: 130s, mem: 343MB, real: 19s | cpu: 227s, mem: 8217MB, real: 4s]
  [51/55] assert at line 445 in fn rotate_left... NEEDED (restored) [baseline cpu: 130s, mem: 343MB, real: 19s | cpu: 232s, mem: 8144MB, real: 14s]
  [52/55] assert at line 435 in fn rotate_left... NEEDED (restored) [baseline cpu: 130s, mem: 343MB, real: 19s | cpu: 143s, mem: 7889MB, real: 3s]
  [53/55] assert at line 433 in fn rotate_left... NEEDED (restored) [baseline cpu: 130s, mem: 343MB, real: 19s | cpu: 167s, mem: 8410MB, real: 6s]
  [54/55] assert at line 212 in fn lemma_link_to_bbt_is_bst<T: StTInMtT + Ord + TotalOrder>... NEEDED (restored) [baseline cpu: 130s, mem: 343MB, real: 19s | cpu: 226s, mem: 8417MB, real: 4s]
  [55/55] assert at line 207 in fn lemma_link_to_bbt_is_bst<T: StTInMtT + Ord + TotalOrder>... NEEDED (restored) [baseline cpu: 130s, mem: 343MB, real: 19s | cpu: 99s, mem: 0MB, real: 3s]

Assert summary: 55 tested, 0 removed

═══════════════════════════════════════════════════════════════
Testing proof {} blocks
═══════════════════════════════════════════════════════════════

  [1/37] lines 1340-1343 in fn find... NEEDED (restored) [baseline cpu: 130s, mem: 343MB, real: 19s | cpu: 0s, mem: 0MB, real: 1s]
  [2/37] lines 1329-1329 in fn height... NEEDED (restored) [baseline cpu: 130s, mem: 343MB, real: 19s | cpu: 0s, mem: 0MB, real: 0s]
  [3/37] lines 1323-1327 in fn height... NEEDED (restored) [baseline cpu: 130s, mem: 343MB, real: 19s | cpu: 7s, mem: 0MB, real: 3s]
  [4/37] lines 1313-1313 in fn is_empty... NEEDED (restored) [baseline cpu: 130s, mem: 343MB, real: 19s | cpu: 11s, mem: 0MB, real: 3s]
  [5/37] lines 1303-1303 in fn size... NEEDED (restored) [baseline cpu: 130s, mem: 343MB, real: 19s | cpu: 27s, mem: 224MB, real: 4s]
  [6/37] lines 1291-1291 in fn contains... NEEDED (mem hint: +9%) [baseline cpu: 130s, mem: 343MB, real: 19s | cpu: -15s, mem: +31MB, real: 18s]
  [7/37] lines 1238-1274 in fn insert... NEEDED (restored) [baseline cpu: 130s, mem: 343MB, real: 19s | cpu: 0s, mem: 0MB, real: 0s]
  [8/37] lines 1225-1225 in fn insert... NEEDED (cpu hint: +72%) [baseline cpu: 130s, mem: 343MB, real: 19s | cpu: +93s, mem: +2123MB, real: 21s]
  [9/37] lines 1209-1214 in fn from_sorted_slice... NEEDED (restored) [baseline cpu: 130s, mem: 343MB, real: 19s | cpu: 204s, mem: 3400MB, real: 3s]
  [10/37] lines 1058-1060 in fn build_balanced... NEEDED (restored) [baseline cpu: 130s, mem: 343MB, real: 19s | cpu: 0s, mem: 0MB, real: 0s]
  [11/37] lines 1013-1015 in fn height_rec... NEEDED (restored) [baseline cpu: 130s, mem: 343MB, real: 19s | cpu: 0s, mem: 0MB, real: 0s]
  [12/37] lines 994-996 in fn reduce_parallel... NEEDED (restored) [baseline cpu: 130s, mem: 343MB, real: 19s | cpu: 0s, mem: 0MB, real: 0s]
  [13/37] lines 970-972 in fn filter_parallel... NEEDED (restored) [baseline cpu: 130s, mem: 343MB, real: 19s | cpu: 0s, mem: 0MB, real: 0s]
  [14/37] lines 901-916 in fn max_link... NEEDED (restored) [baseline cpu: 130s, mem: 343MB, real: 19s | cpu: 0s, mem: 0MB, real: 0s]
  [15/37] lines 886-896 in fn max_link... NEEDED (restored) [baseline cpu: 130s, mem: 343MB, real: 19s | cpu: 0s, mem: 0MB, real: 0s]
  [16/37] lines 856-871 in fn min_link... NEEDED (restored) [baseline cpu: 130s, mem: 343MB, real: 19s | cpu: 0s, mem: 0MB, real: 0s]
  [17/37] lines 841-851 in fn min_link... NEEDED (restored) [baseline cpu: 130s, mem: 343MB, real: 19s | cpu: 0s, mem: 0MB, real: 0s]
  [18/37] lines 819-825 in fn find_link... NEEDED (restored) [baseline cpu: 130s, mem: 343MB, real: 19s | cpu: 0s, mem: 0MB, real: 0s]
  [19/37] lines 809-815 in fn find_link... NEEDED (restored) [baseline cpu: 130s, mem: 343MB, real: 19s | cpu: 0s, mem: 0MB, real: 0s]
  [20/37] lines 787-790 in fn insert_link... NEEDED (restored) [baseline cpu: 130s, mem: 343MB, real: 19s | cpu: 0s, mem: 0MB, real: 0s]
  [21/37] lines 741-783 in fn insert_link... NEEDED (restored) [baseline cpu: 130s, mem: 343MB, real: 19s | cpu: 0s, mem: 0MB, real: 0s]
  [22/37] lines 693-735 in fn insert_link... NEEDED (restored) [baseline cpu: 130s, mem: 343MB, real: 19s | cpu: 0s, mem: 0MB, real: 1s]
  [23/37] lines 678-681 in fn insert_link... NEEDED (restored) [baseline cpu: 130s, mem: 343MB, real: 19s | cpu: 0s, mem: 0MB, real: 0s]
  [24/37] lines 662-667 in fn fix_up... NEEDED (restored) [baseline cpu: 130s, mem: 343MB, real: 19s | cpu: 106s, mem: 7780MB, real: 4s]
  [25/37] lines 653-654 in fn fix_up... NEEDED (restored) [baseline cpu: 130s, mem: 343MB, real: 19s | cpu: 0s, mem: 0MB, real: 0s]
  [26/37] lines 638-639 in fn fix_up... NEEDED (restored) [baseline cpu: 130s, mem: 343MB, real: 19s | cpu: 0s, mem: 0MB, real: 0s]
  [27/37] lines 618-619 in fn fix_up... NEEDED (restored) [baseline cpu: 130s, mem: 343MB, real: 19s | cpu: 0s, mem: 0MB, real: 0s]
  [28/37] lines 581-597 in fn flip_colors... NEEDED (restored) [baseline cpu: 130s, mem: 343MB, real: 19s | cpu: 0s, mem: 0MB, real: 0s]
  [29/37] lines 559-561 in fn flip_colors... NEEDED (restored) [baseline cpu: 130s, mem: 343MB, real: 19s | cpu: 0s, mem: 0MB, real: 0s]
  [30/37] lines 546-546 in fn rotate_right... NEEDED (restored) [baseline cpu: 130s, mem: 343MB, real: 19s | cpu: 172s, mem: 7327MB, real: 4s]
  [31/37] lines 526-543 in fn rotate_right... NEEDED (restored) [baseline cpu: 130s, mem: 343MB, real: 19s | cpu: 2s, mem: 0MB, real: 3s]
  [32/37] lines 507-518 in fn rotate_right... NEEDED (restored) [baseline cpu: 130s, mem: 343MB, real: 19s | cpu: 6s, mem: 0MB, real: 3s]
  [33/37] lines 495-502 in fn rotate_right... NEEDED (restored) [baseline cpu: 130s, mem: 343MB, real: 19s | cpu: 0s, mem: 0MB, real: 0s]
  [34/37] lines 482-482 in fn rotate_left... NEEDED (restored) [baseline cpu: 130s, mem: 343MB, real: 19s | cpu: 0s, mem: 0MB, real: 0s]
  [35/37] lines 461-479 in fn rotate_left... NEEDED (restored) [baseline cpu: 130s, mem: 343MB, real: 19s | cpu: 0s, mem: 0MB, real: 1s]
  [36/37] lines 442-453 in fn rotate_left... NEEDED (restored) [baseline cpu: 130s, mem: 343MB, real: 19s | cpu: 0s, mem: 0MB, real: 0s]
  [37/37] lines 430-437 in fn rotate_left... NEEDED (restored) [baseline cpu: 130s, mem: 343MB, real: 19s | cpu: 0s, mem: 0MB, real: 1s]

Proof block summary: 37 tested, 0 removed

✓ Single-file mode complete in 13m 46s.
