Verus Library Minimizer
=======================
This minimizer is only possible due to the phenomenal speed of verification
in Verus. Thanks Verus team!

Logging to: /home/milnes/projects/APAS-VERUS-agent1/analyses/veracity-minimize-lib.20260408-014427.log

Arguments:
  -c, --codebase:     /home/milnes/projects/APAS-VERUS-agent1
  -l, --library:      /home/milnes/projects/APAS-VERUS-agent1/src/vstdplus
  -F, --file:         (all files)
  -n, --dry-run:      false
  -b, --broadcasts:   false
  -L, --lib-broadcasts: false
  -N, --max-lemmas:   all
  -a, --asserts:      true
  -A, --max-asserts:  all
  -p, --proof-blocks: false
  -P, --max-proof-blocks: all
  -e, --exclude:      (none)
  -f, --fail-fast:    false
  --danger:           false
  --no-lib-min:       true
  --project:          APAS
  --chapter:          Chap65

Mode: APAS isolate Chap65 (estimated 10-30s per iteration)

═══════════════════════════════════════════════════════════════════════════════
IMPORTANT: No code will be harmed in the improving of your codebase!
═══════════════════════════════════════════════════════════════════════════════

✓ Codebase is in git and committed. Proceeding safely.

Veracity will repeatedly comment things in and out using // Veracity: lines
to test and improve your use of vstd. All changes are reversible comments.
You will need to review each // Veracity: line and decide what to keep.

Phases:
  Phase 0:  Strip existing Veracity markers (if any)
  Phase 1:  Analyze and verify codebase
  Phase 2:  Analyze library structure (lemmas, modules, call sites, spec fns)
  Phase 3:  Discover vstd broadcast groups from verus installation
  Phase 4:  Estimate time for testing
  Phase 5:  Apply broadcast groups to library (-L flag)
  Phase 6:  Apply broadcast groups to codebase (-b flag)
  Phase 7:  Test lemma dependence on vstd (can vstd prove it alone?)
  Phase 8:  Test lemma necessity (can codebase verify without it?)
  Phase 9:  Test library asserts (can we remove any?)
  Phase 10: Test codebase asserts (can we remove any?)
  Phase 11: Test admits (can we remove any? -m flag)
  Phase 12: Test proof {} blocks (-p flag)
  Phase 13: Test types (are they used? -t flag)
  Phase 14: Analyze and verify final codebase

Comment markers inserted:
  // Veracity: added broadcast group  - Phase 5/6: Inserted broadcast use block
  // Veracity: DEPENDENT              - Phase 7: Lemma proven by vstd broadcast groups
  // Veracity: INDEPENDENT            - Phase 7: Lemma provides unique proof logic
  // Veracity: USED                   - Phase 8: Lemma required, restored after test
  // Veracity: UNUSED                 - Phase 8: Lemma not needed, left commented out
  // Veracity: UNNEEDED assert        - Phase 9/10: Assert not needed, left commented
  // Veracity: UNNEEDED admit         - Phase 11: Admit not needed, left commented
  // Veracity: UNNEEDED proof block   - Phase 12: Proof block not needed, left commented
  // Veracity: TYPE USED              - Phase 13: Type is used (verified by removal test)
  // Veracity: TYPE UNUSED            - Phase 13: Type not used, left commented out
  // Veracity: UNNEEDED               - Phase 8: Call site not needed, left commented

═══════════════════════════════════════════════════════════════════════════════

═══════════════════════════════════════════════════════════════
Phase 0: Stripping existing Veracity markers
═══════════════════════════════════════════════════════════════

  Found 1 existing Veracity markers
  Cleaning up for fresh analysis...
  ✓ Removed 0 markers

═══════════════════════════════════════════════════════════════
Phase 1: Analyzing and verifying codebase
═══════════════════════════════════════════════════════════════

  Initial LOC (comments not counted):
    Spec:       0
    Proof:      0
    Exec:       0
    Total:      0

  Verifying...
  ✓ Verification passed in 49.5s. Continuing.

Phase 2: Analyzing library structure...
  Scanning library for proof functions (lemmas)...
  Found 305 proof functions
  In 13 modules
  Checking which library modules are used in codebase...
  13 modules used in codebase
  0 modules NOT used in codebase
  Scanning for lemma call sites...
  703 call sites in library
  14215 call sites in codebase (outside library)
  Scanning library for spec functions...
  Found 160 spec functions
  56 spec functions without explicit calls (excluding type variants where any is used)

Phase 3: Discovering vstd broadcast groups...
  vstd source: /home/milnes/projects/verus/source/vstd
  Found 49 broadcast groups

Phase 4: Estimating time...
  Time per verification:           49.5s
  Lemmas to test:                  305
  Est. lib asserts to test:        ~260
  Est. codebase asserts to test:   ~30

  Estimation formula:
    Phase 5/6: verification_time × num_files
    Phase 7:   verification_time × num_lemmas (empty body test)
    Phase 8:   verification_time × num_lemmas (comment out test)
    Phase 9/10: verification_time × num_asserts (comment out test)

  Phase 1 (verify codebase):       49.5s (done)
  Phase 2 (analyze library):       ~0s (no verification)
  Phase 3 (discover broadcasts):   ~0s (no verification)
  Phase 4 (estimate time):         ~0s (no verification)
  Phase 5 (library broadcasts):    skipped (no -L flag)
  Phase 6 (codebase broadcasts):   skipped (no -b flag)
  Phase 7 (dependence test):       ~4h 11m 40s (49.5s × 305 lemmas)
  Phase 8 (necessity test):        ~4h 11m 40s (49.5s × 305 lemmas)
  Phase 9 (library asserts):       ~0.0s (49.5s × ~260 asserts)
  Phase 10 (codebase asserts):     ~24m 45s (49.5s × ~30 asserts)
  ─────────────────────────────────────────
  TOTAL ESTIMATED TIME:            ~8h 48m 55s

Phase 5: Library broadcast groups...
  Analyzing library for broadcast group recommendations...

  VecQueue.rs:
    In use:
      ✓ vstd::seq::group_seq_axioms
      ✓ vstd::seq_lib::group_seq_properties
      ✓ vstd::seq_lib::group_to_multiset_ensures

  feq.rs:
    In use:
      ✓ vstd::seq::group_seq_axioms
      ✓ vstd::seq_lib::group_seq_properties
      ✓ vstd::seq_lib::group_to_multiset_ensures

  float.rs:
    In use:
      ✓ vstd::seq::group_seq_axioms
      ✓ vstd::seq_lib::group_seq_properties
      ✓ vstd::seq_lib::group_to_multiset_ensures

  hash_map_with_view_plus.rs:
    In use:
      ✓ vstd::map::group_map_axioms

  hash_set_with_view_plus.rs:
    In use:
      ✓ vstd::set::group_set_axioms
      ✓ vstd::set_lib::group_set_lib_default

  multiset.rs:
    In use:
      ✓ vstd::multiset::group_multiset_axioms
      ✓ vstd::seq_lib::group_to_multiset_ensures
      ✓ vstd::seq::group_seq_axioms
      ✓ vstd::seq_lib::group_seq_properties

  seq.rs:
    In use:
      ✓ vstd::seq::group_seq_axioms
      ✓ vstd::seq_lib::group_seq_properties
      ✓ vstd::seq_lib::group_to_multiset_ensures

  seq_set.rs:
    In use:
      ✓ vstd::seq_lib::group_seq_properties
      ✓ vstd::set::group_set_axioms
      ✓ vstd::seq::group_seq_axioms
      ✓ vstd::seq_lib::group_to_multiset_ensures
      ✓ vstd::set_lib::group_set_lib_default

  No new broadcast groups recommended for library.
  Skipped (use -L flag to add broadcast groups)

Phase 6: Codebase broadcast groups...
  Analyzing broadcast groups per file...

  src/Chap03/InsertionSortStEph.rs:
    In use:
      ✓ vstd::seq_lib::group_to_multiset_ensures
      ✓ vstd::seq::group_seq_axioms
      ✓ vstd::seq_lib::group_seq_properties

  src/Chap05/KleeneStPer.rs:
    In use:
      ✓ vstd::set::group_set_axioms
      ✓ vstd::seq::group_seq_axioms
      ✓ vstd::seq_lib::group_seq_properties
      ✓ vstd::seq_lib::group_to_multiset_ensures
      ✓ vstd::set_lib::group_set_lib_default

  src/Chap05/MappingStEph.rs:
    In use:
      ✓ vstd::set::group_set_axioms
      ✓ vstd::set_lib::group_set_lib_default
      ✓ vstd::set_lib::group_set_properties
      ✓ vstd::seq::group_seq_axioms
      ✓ vstd::seq_lib::group_seq_lib_default
      ✓ vstd::seq_lib::group_seq_properties
      ✓ vstd::laws_eq::group_laws_eq
      ✓ vstd::laws_cmp::group_laws_cmp
      ✓ vstd::map::group_map_axioms
      ✓ vstd::seq_lib::group_to_multiset_ensures

  src/Chap05/RelationStEph.rs:
    In use:
      ✓ vstd::set::group_set_axioms
      ✓ vstd::set_lib::group_set_lib_default
      ✓ vstd::set_lib::group_set_properties
      ✓ vstd::seq::group_seq_axioms
      ✓ vstd::seq_lib::group_seq_lib_default
      ✓ vstd::seq_lib::group_seq_properties
      ✓ vstd::laws_eq::group_laws_eq
      ✓ vstd::laws_cmp::group_laws_cmp
      ✓ vstd::seq_lib::group_to_multiset_ensures

  src/Chap05/SetMtEph.rs:
    In use:
      ✓ vstd::set::group_set_axioms
      ✓ vstd::set_lib::group_set_lib_default
      ✓ vstd::set_lib::group_set_properties
      ✓ vstd::seq::group_seq_axioms
      ✓ vstd::seq_lib::group_seq_lib_default
      ✓ vstd::seq_lib::group_seq_properties
      ✓ vstd::laws_eq::group_laws_eq
      ✓ vstd::laws_cmp::group_laws_cmp
      ✓ vstd::seq_lib::group_to_multiset_ensures

  src/Chap05/SetStEph.rs:
    In use:
      ✓ vstd::set::group_set_axioms
      ✓ vstd::set_lib::group_set_lib_default
      ✓ vstd::set_lib::group_set_properties
      ✓ vstd::seq::group_seq_axioms
      ✓ vstd::seq_lib::group_seq_lib_default
      ✓ vstd::seq_lib::group_seq_properties
      ✓ vstd::laws_eq::group_laws_eq
      ✓ vstd::laws_cmp::group_laws_cmp
      ✓ vstd::seq_lib::group_to_multiset_ensures

  src/Chap06/DirGraphMtEph.rs:
    In use:
      ✓ vstd::set::group_set_axioms
      ✓ vstd::set_lib::group_set_lib_default

  src/Chap06/DirGraphStEph.rs:
    In use:
      ✓ vstd::std_specs::hash::group_hash_axioms
      ✓ vstd::set_lib::group_set_lib_default
      ✓ vstd::set::group_set_axioms

  src/Chap06/LabDirGraphMtEph.rs:
    In use:
      ✓ vstd::set::group_set_axioms
      ✓ vstd::set_lib::group_set_lib_default

  src/Chap06/LabDirGraphStEph.rs:
    In use:
      ✓ vstd::std_specs::hash::group_hash_axioms
      ✓ vstd::set_lib::group_set_lib_default
      ✓ vstd::set::group_set_axioms

  src/Chap06/LabUnDirGraphMtEph.rs:
    In use:
      ✓ vstd::set::group_set_axioms
      ✓ vstd::set_lib::group_set_lib_default

  src/Chap06/LabUnDirGraphStEph.rs:
    In use:
      ✓ vstd::std_specs::hash::group_hash_axioms
      ✓ vstd::set_lib::group_set_lib_default
      ✓ vstd::set::group_set_axioms

  src/Chap06/UnDirGraphMtEph.rs:
    In use:
      ✓ vstd::set::group_set_axioms
      ✓ vstd::set_lib::group_set_lib_default

  src/Chap06/UnDirGraphStEph.rs:
    In use:
      ✓ vstd::std_specs::hash::group_hash_axioms
      ✓ vstd::set_lib::group_set_lib_default
      ✓ vstd::set::group_set_axioms

  src/Chap06/WeightedDirGraphStEphF64.rs:
    In use:
      ✓ vstd::std_specs::hash::group_hash_axioms
      ✓ vstd::set_lib::group_set_lib_default
      ✓ vstd::set::group_set_axioms
      ✓ vstd::seq_lib::group_seq_properties

  src/Chap06/WeightedDirGraphStEphI128.rs:
    In use:
      ✓ vstd::std_specs::hash::group_hash_axioms
      ✓ vstd::set_lib::group_set_lib_default
      ✓ vstd::set::group_set_axioms
      ✓ vstd::seq_lib::group_seq_properties

  src/Chap06/WeightedDirGraphStEphI16.rs:
    In use:
      ✓ vstd::std_specs::hash::group_hash_axioms
      ✓ vstd::set_lib::group_set_lib_default
      ✓ vstd::set::group_set_axioms
      ✓ vstd::seq_lib::group_seq_properties

  src/Chap06/WeightedDirGraphStEphI32.rs:
    In use:
      ✓ vstd::std_specs::hash::group_hash_axioms
      ✓ vstd::set_lib::group_set_lib_default
      ✓ vstd::set::group_set_axioms
      ✓ vstd::seq_lib::group_seq_properties

  src/Chap06/WeightedDirGraphStEphI64.rs:
    In use:
      ✓ vstd::std_specs::hash::group_hash_axioms
      ✓ vstd::set_lib::group_set_lib_default
      ✓ vstd::set::group_set_axioms
      ✓ vstd::seq_lib::group_seq_properties

  src/Chap06/WeightedDirGraphStEphI8.rs:
    In use:
      ✓ vstd::std_specs::hash::group_hash_axioms
      ✓ vstd::set_lib::group_set_lib_default
      ✓ vstd::set::group_set_axioms
      ✓ vstd::seq_lib::group_seq_properties

  src/Chap06/WeightedDirGraphStEphIsize.rs:
    In use:
      ✓ vstd::std_specs::hash::group_hash_axioms
      ✓ vstd::set_lib::group_set_lib_default
      ✓ vstd::set::group_set_axioms
      ✓ vstd::seq_lib::group_seq_properties

  src/Chap06/WeightedDirGraphStEphU128.rs:
    In use:
      ✓ vstd::std_specs::hash::group_hash_axioms
      ✓ vstd::set_lib::group_set_lib_default
      ✓ vstd::set::group_set_axioms
      ✓ vstd::seq_lib::group_seq_properties

  src/Chap06/WeightedDirGraphStEphU16.rs:
    In use:
      ✓ vstd::std_specs::hash::group_hash_axioms
      ✓ vstd::set_lib::group_set_lib_default
      ✓ vstd::set::group_set_axioms
      ✓ vstd::seq_lib::group_seq_properties

  src/Chap06/WeightedDirGraphStEphU32.rs:
    In use:
      ✓ vstd::std_specs::hash::group_hash_axioms
      ✓ vstd::set_lib::group_set_lib_default
      ✓ vstd::set::group_set_axioms
      ✓ vstd::seq_lib::group_seq_properties

  src/Chap06/WeightedDirGraphStEphU64.rs:
    In use:
      ✓ vstd::std_specs::hash::group_hash_axioms
      ✓ vstd::set_lib::group_set_lib_default
      ✓ vstd::set::group_set_axioms
      ✓ vstd::seq_lib::group_seq_properties

  src/Chap06/WeightedDirGraphStEphU8.rs:
    In use:
      ✓ vstd::std_specs::hash::group_hash_axioms
      ✓ vstd::set_lib::group_set_lib_default
      ✓ vstd::set::group_set_axioms
      ✓ vstd::seq_lib::group_seq_properties

  src/Chap06/WeightedDirGraphStEphUsize.rs:
    In use:
      ✓ vstd::std_specs::hash::group_hash_axioms
      ✓ vstd::set_lib::group_set_lib_default
      ✓ vstd::set::group_set_axioms
      ✓ vstd::seq_lib::group_seq_properties

  src/Chap17/MathSeq.rs:
    In use:
      ✓ vstd::std_specs::vec::group_vec_axioms
      ✓ vstd::set::group_set_axioms
      ✓ vstd::set_lib::group_set_lib_default
      ✓ vstd::set_lib::group_set_properties
      ✓ vstd::seq::group_seq_axioms
      ✓ vstd::seq_lib::group_seq_lib_default
      ✓ vstd::seq_lib::group_seq_properties
      ✓ vstd::seq_lib::group_to_multiset_ensures

  src/Chap18/ArraySeq.rs:
    In use:
      ✓ vstd::std_specs::vec::group_vec_axioms
      ✓ vstd::seq::group_seq_axioms
      ✓ vstd::seq_lib::group_seq_properties
      ✓ vstd::multiset::group_multiset_axioms
      ✓ vstd::multiset::group_multiset_properties
      ✓ vstd::seq_lib::group_to_multiset_ensures
      ✓ vstd::seq_lib::group_filter_ensures

  src/Chap18/ArraySeqMtEph.rs:
    In use:
      ✓ vstd::std_specs::vec::group_vec_axioms
      ✓ vstd::seq::group_seq_axioms
      ✓ vstd::seq_lib::group_seq_properties
      ✓ vstd::seq_lib::group_to_multiset_ensures
      ✓ vstd::multiset::group_multiset_axioms

  src/Chap18/ArraySeqMtEphSlice.rs:
    In use:
      ✓ vstd::std_specs::vec::group_vec_axioms
      ✓ vstd::seq::group_seq_axioms
      ✓ vstd::seq_lib::group_seq_properties
      ✓ vstd::std_specs::slice::group_slice_axioms
      ✓ vstd::slice::group_slice_axioms
      ✓ vstd::seq_lib::group_to_multiset_ensures

  src/Chap18/ArraySeqMtPer.rs:
    In use:
      ✓ vstd::std_specs::vec::group_vec_axioms
      ✓ vstd::seq::group_seq_axioms
      ✓ vstd::seq_lib::group_seq_properties
      ✓ vstd::seq_lib::group_to_multiset_ensures
      ✓ vstd::multiset::group_multiset_axioms

  src/Chap18/ArraySeqStEph.rs:
    In use:
      ✓ vstd::std_specs::vec::group_vec_axioms
      ✓ vstd::seq::group_seq_axioms
      ✓ vstd::seq_lib::group_seq_properties
      ✓ vstd::seq_lib::group_to_multiset_ensures

  src/Chap18/ArraySeqStPer.rs:
    In use:
      ✓ vstd::std_specs::vec::group_vec_axioms
      ✓ vstd::seq::group_seq_axioms
      ✓ vstd::seq_lib::group_seq_properties
      ✓ vstd::seq_lib::group_to_multiset_ensures

  src/Chap18/LinkedListStEph.rs:
    In use:
      ✓ vstd::std_specs::vec::group_vec_axioms
      ✓ vstd::seq::group_seq_axioms
      ✓ vstd::seq_lib::group_seq_properties
      ✓ vstd::seq_lib::group_to_multiset_ensures

  src/Chap18/LinkedListStPer.rs:
    In use:
      ✓ vstd::std_specs::vec::group_vec_axioms
      ✓ vstd::seq::group_seq_axioms
      ✓ vstd::seq_lib::group_seq_properties
      ✓ vstd::seq_lib::group_to_multiset_ensures

  src/Chap19/ArraySeqMtEph.rs:
    In use:
      ✓ vstd::std_specs::vec::group_vec_axioms
      ✓ vstd::seq::group_seq_axioms
      ✓ vstd::seq_lib::group_seq_properties
      ✓ vstd::seq_lib::group_to_multiset_ensures
      ✓ vstd::multiset::group_multiset_axioms

  src/Chap19/ArraySeqMtEphSlice.rs:
    In use:
      ✓ vstd::std_specs::vec::group_vec_axioms
      ✓ vstd::seq::group_seq_axioms
      ✓ vstd::seq_lib::group_seq_properties
      ✓ vstd::std_specs::slice::group_slice_axioms
      ✓ vstd::slice::group_slice_axioms
      ✓ vstd::seq_lib::group_to_multiset_ensures

  src/Chap19/ArraySeqStEph.rs:
    In use:
      ✓ vstd::std_specs::vec::group_vec_axioms
      ✓ vstd::seq::group_seq_axioms
      ✓ vstd::seq_lib::group_seq_properties
      ✓ vstd::seq_lib::group_to_multiset_ensures

  src/Chap19/ArraySeqStPer.rs:
    In use:
      ✓ vstd::std_specs::vec::group_vec_axioms
      ✓ vstd::seq::group_seq_axioms
      ✓ vstd::seq_lib::group_seq_properties
      ✓ vstd::seq_lib::group_to_multiset_ensures

  src/Chap21/Algorithm21_1.rs:
    In use:
      ✓ vstd::std_specs::vec::group_vec_axioms
      ✓ vstd::seq::group_seq_axioms
      ✓ vstd::seq_lib::group_seq_properties
      ✓ vstd::seq_lib::group_to_multiset_ensures

  src/Chap21/Algorithm21_2.rs:
    In use:
      ✓ vstd::std_specs::vec::group_vec_axioms
      ✓ vstd::arithmetic::power::group_pow_properties

  src/Chap21/Algorithm21_5.rs:
    In use:
      ✓ vstd::std_specs::vec::group_vec_axioms

  src/Chap21/Algorithm21_6.rs:
    In use:
      ✓ vstd::std_specs::vec::group_vec_axioms

  src/Chap21/Exercise21_5.rs:
    In use:
      ✓ vstd::std_specs::vec::group_vec_axioms
      ✓ vstd::seq::group_seq_axioms
      ✓ vstd::seq_lib::group_seq_properties
      ✓ vstd::seq_lib::group_to_multiset_ensures

  src/Chap21/Exercise21_7.rs:
    In use:
      ✓ vstd::std_specs::vec::group_vec_axioms

  src/Chap21/Exercise21_8.rs:
    In use:
      ✓ vstd::std_specs::vec::group_vec_axioms

  src/Chap21/Problem21_1.rs:
    In use:
      ✓ vstd::std_specs::vec::group_vec_axioms

  src/Chap21/Problem21_3.rs:
    In use:
      ✓ vstd::std_specs::vec::group_vec_axioms

  src/Chap21/Problem21_4.rs:
    In use:
      ✓ vstd::std_specs::vec::group_vec_axioms

  src/Chap23/BalBinTreeStEph.rs:
    In use:
      ✓ vstd::std_specs::vec::group_vec_axioms
      ✓ vstd::seq::group_seq_axioms
      ✓ vstd::seq_lib::group_seq_properties
      ✓ vstd::seq_lib::group_to_multiset_ensures

  src/Chap23/PrimTreeSeqStPer.rs:
    In use:
      ✓ vstd::std_specs::vec::group_vec_axioms
      ✓ vstd::seq::group_seq_axioms
      ✓ vstd::seq_lib::group_seq_properties
      ✓ vstd::seq_lib::group_to_multiset_ensures

  src/Chap26/DivConReduceMtPer.rs:
    In use:
      ✓ vstd::std_specs::vec::group_vec_axioms
      ✓ vstd::seq::group_seq_axioms
      ✓ vstd::seq_lib::group_seq_properties
      ✓ vstd::seq_lib::group_to_multiset_ensures

  src/Chap26/DivConReduceStPer.rs:
    In use:
      ✓ vstd::std_specs::vec::group_vec_axioms
      ✓ vstd::seq::group_seq_axioms

  src/Chap26/ETSPMtEph.rs:
    In use:
      ✓ vstd::std_specs::vec::group_vec_axioms
      ✓ vstd::seq::group_seq_axioms
      ✓ vstd::seq_lib::group_seq_properties
      ✓ vstd::seq_lib::group_to_multiset_ensures

  src/Chap26/ETSPStEph.rs:
    In use:
      ✓ vstd::std_specs::vec::group_vec_axioms
      ✓ vstd::seq::group_seq_axioms
      ✓ vstd::seq_lib::group_seq_properties
      ✓ vstd::seq_lib::group_to_multiset_ensures

  src/Chap26/MergeSortMtPer.rs:
    In use:
      ✓ vstd::std_specs::vec::group_vec_axioms
      ✓ vstd::seq::group_seq_axioms
      ✓ vstd::seq_lib::group_to_multiset_ensures
      ✓ vstd::multiset::group_multiset_axioms
      ✓ vstd::seq_lib::group_seq_properties

  src/Chap26/MergeSortStPer.rs:
    In use:
      ✓ vstd::std_specs::vec::group_vec_axioms
      ✓ vstd::seq::group_seq_axioms
      ✓ vstd::seq_lib::group_to_multiset_ensures
      ✓ vstd::multiset::group_multiset_axioms
      ✓ vstd::seq_lib::group_seq_properties

  src/Chap26/ScanDCMtPer.rs:
    In use:
      ✓ vstd::std_specs::vec::group_vec_axioms
      ✓ vstd::seq::group_seq_axioms
      ✓ vstd::seq_lib::group_seq_properties
      ✓ vstd::seq_lib::group_to_multiset_ensures

  src/Chap26/ScanDCStPer.rs:
    In use:
      ✓ vstd::std_specs::vec::group_vec_axioms
      ✓ vstd::seq::group_seq_axioms
      ✓ vstd::seq_lib::group_seq_properties
      ✓ vstd::seq_lib::group_to_multiset_ensures

  src/Chap27/ReduceContractMtEph.rs:
    In use:
      ✓ vstd::std_specs::vec::group_vec_axioms
      ✓ vstd::seq::group_seq_axioms
      ✓ vstd::seq_lib::group_seq_properties
      ✓ vstd::seq_lib::group_to_multiset_ensures

  src/Chap27/ReduceContractStEph.rs:
    In use:
      ✓ vstd::std_specs::vec::group_vec_axioms
      ✓ vstd::seq::group_seq_axioms
      ✓ vstd::seq_lib::group_seq_properties
      ✓ vstd::seq_lib::group_to_multiset_ensures

  src/Chap27/ScanContractMtEph.rs:
    In use:
      ✓ vstd::std_specs::vec::group_vec_axioms
      ✓ vstd::seq::group_seq_axioms
      ✓ vstd::seq_lib::group_seq_properties
      ✓ vstd::seq_lib::group_to_multiset_ensures

  src/Chap27/ScanContractStEph.rs:
    In use:
      ✓ vstd::std_specs::vec::group_vec_axioms
      ✓ vstd::seq::group_seq_axioms
      ✓ vstd::seq_lib::group_seq_properties
      ✓ vstd::seq_lib::group_to_multiset_ensures

  src/Chap28/MCSSSpec.rs:
    In use:
      ✓ vstd::seq::group_seq_axioms
      ✓ vstd::seq_lib::group_seq_properties
      ✓ vstd::seq_lib::group_to_multiset_ensures

  src/Chap28/MaxContigSubSumDivConOptStEph.rs:
    In use:
      ✓ vstd::seq::group_seq_axioms
      ✓ vstd::seq_lib::group_seq_properties
      ✓ vstd::seq_lib::group_to_multiset_ensures

  src/Chap28/MaxContigSubSumDivConStEph.rs:
    In use:
      ✓ vstd::seq::group_seq_axioms
      ✓ vstd::seq_lib::group_seq_properties
      ✓ vstd::seq_lib::group_to_multiset_ensures

  src/Chap28/MaxContigSubSumIterStEph.rs:
    In use:
      ✓ vstd::seq::group_seq_axioms
      ✓ vstd::seq_lib::group_seq_properties
      ✓ vstd::seq_lib::group_to_multiset_ensures

  src/Chap28/MaxContigSubSumOptStEph.rs:
    In use:
      ✓ vstd::seq::group_seq_axioms
      ✓ vstd::seq_lib::group_seq_properties
      ✓ vstd::seq_lib::group_to_multiset_ensures

  src/Chap35/OrderStatSelectMtEph.rs:
    In use:
      ✓ vstd::std_specs::vec::group_vec_axioms
      ✓ vstd::seq::group_seq_axioms
      ✓ vstd::seq_lib::group_to_multiset_ensures
      ✓ vstd::multiset::group_multiset_axioms
      ✓ vstd::seq_lib::group_seq_properties

  src/Chap35/OrderStatSelectMtPer.rs:
    In use:
      ✓ vstd::std_specs::vec::group_vec_axioms
      ✓ vstd::seq::group_seq_axioms
      ✓ vstd::seq_lib::group_to_multiset_ensures
      ✓ vstd::multiset::group_multiset_axioms
      ✓ vstd::seq_lib::group_seq_properties

  src/Chap35/OrderStatSelectStEph.rs:
    In use:
      ✓ vstd::std_specs::vec::group_vec_axioms
      ✓ vstd::seq::group_seq_axioms
      ✓ vstd::seq_lib::group_to_multiset_ensures
      ✓ vstd::multiset::group_multiset_axioms
      ✓ vstd::seq_lib::group_seq_properties

  src/Chap35/OrderStatSelectStPer.rs:
    In use:
      ✓ vstd::std_specs::vec::group_vec_axioms
      ✓ vstd::seq::group_seq_axioms
      ✓ vstd::seq_lib::group_to_multiset_ensures
      ✓ vstd::multiset::group_multiset_axioms
      ✓ vstd::seq_lib::group_seq_properties

  src/Chap36/QuickSortMtEph.rs:
    In use:
      ✓ vstd::std_specs::vec::group_vec_axioms
      ✓ vstd::seq::group_seq_axioms
      ✓ vstd::seq_lib::group_to_multiset_ensures
      ✓ vstd::multiset::group_multiset_axioms

  src/Chap36/QuickSortMtEphSlice.rs:
    In use:
      ✓ vstd::std_specs::vec::group_vec_axioms
      ✓ vstd::seq::group_seq_axioms
      ✓ vstd::seq_lib::group_to_multiset_ensures
      ✓ vstd::multiset::group_multiset_axioms

  src/Chap36/QuickSortStEph.rs:
    In use:
      ✓ vstd::std_specs::vec::group_vec_axioms
      ✓ vstd::seq::group_seq_axioms
      ✓ vstd::seq_lib::group_to_multiset_ensures
      ✓ vstd::multiset::group_multiset_axioms

  src/Chap37/AVLTreeSeqMtPer.rs:
    In use:
      ✓ vstd::seq::group_seq_axioms
      ✓ vstd::seq_lib::group_seq_properties
      ✓ vstd::seq_lib::group_to_multiset_ensures

  src/Chap37/AVLTreeSeqStEph.rs:
    In use:
      ✓ vstd::seq::group_seq_axioms
      ✓ vstd::seq_lib::group_seq_properties
      ✓ vstd::seq_lib::group_to_multiset_ensures

  src/Chap37/AVLTreeSeqStPer.rs:
    In use:
      ✓ vstd::seq::group_seq_axioms
      ✓ vstd::seq_lib::group_seq_properties
      ✓ vstd::seq_lib::group_to_multiset_ensures

  src/Chap38/BSTParaMtEph.rs:
    In use:
      ✓ vstd::set::group_set_axioms
      ✓ vstd::set_lib::group_set_properties

  src/Chap38/BSTParaStEph.rs:
    In use:
      ✓ vstd::set::group_set_axioms

  src/Chap39/BSTParaTreapMtEph.rs:
    In use:
      ✓ vstd::set_lib::group_set_properties
      ✓ vstd::set::group_set_axioms

  src/Chap39/BSTTreapMtEph.rs:
    In use:
      ✓ vstd::set::group_set_axioms

  src/Chap39/BSTTreapStEph.rs:
    In use:
      ✓ vstd::set::group_set_axioms
      ✓ vstd::set_lib::group_set_properties

  src/Chap40/BSTKeyValueStEph.rs:
    In use:
      ✓ vstd::map::group_map_axioms
      ✓ vstd::set::group_set_axioms
      ✓ vstd::map_lib::group_map_union

  src/Chap41/AVLTreeSetMtEph.rs:
    In use:
      ✓ vstd::seq::group_seq_axioms
      ✓ vstd::set::group_set_axioms
      ✓ vstd::set_lib::group_set_lib_default

  src/Chap41/AVLTreeSetMtPer.rs:
    In use:
      ✓ vstd::seq::group_seq_axioms
      ✓ vstd::set::group_set_axioms
      ✓ vstd::set_lib::group_set_lib_default

  src/Chap41/AVLTreeSetStEph.rs:
    In use:
      ✓ vstd::seq::group_seq_axioms
      ✓ vstd::set::group_set_axioms
      ✓ vstd::set_lib::group_set_lib_default
      ✓ vstd::laws_cmp::group_laws_cmp

  src/Chap41/AVLTreeSetStPer.rs:
    In use:
      ✓ vstd::seq::group_seq_axioms
      ✓ vstd::set::group_set_axioms
      ✓ vstd::set_lib::group_set_lib_default
      ✓ vstd::laws_cmp::group_laws_cmp

  src/Chap41/ArraySetEnumMtEph.rs:
    In use:
      ✓ vstd::set::group_set_axioms
      ✓ vstd::set_lib::group_set_lib_default

  src/Chap41/ArraySetStEph.rs:
    In use:
      ✓ vstd::set::group_set_axioms
      ✓ vstd::seq::group_seq_axioms
      ✓ vstd::seq_lib::group_seq_lib_default
      ✓ vstd::seq_lib::group_seq_properties
      ✓ vstd::seq_lib::group_to_multiset_ensures
      ✓ vstd::set_lib::group_set_lib_default

  src/Chap41/Example41_3.rs:
    In use:
      ✓ vstd::laws_cmp::group_laws_cmp

  src/Chap41/OrdKeyMap.rs:
    In use:
      ✓ vstd::map::group_map_axioms
      ✓ vstd::set::group_set_axioms

  src/Chap42/TableMtEph.rs:
    In use:
      ✓ vstd::map::group_map_axioms
      ✓ vstd::seq::group_seq_axioms
      ✓ vstd::seq_lib::group_seq_properties
      ✓ vstd::seq_lib::group_to_multiset_ensures

  src/Chap42/TableStEph.rs:
    In use:
      ✓ vstd::map::group_map_axioms
      ✓ vstd::seq::group_seq_axioms
      ✓ vstd::seq_lib::group_seq_properties
      ✓ vstd::seq_lib::group_to_multiset_ensures

  src/Chap42/TableStPer.rs:
    In use:
      ✓ vstd::map::group_map_axioms
      ✓ vstd::seq::group_seq_axioms
      ✓ vstd::seq_lib::group_seq_properties
      ✓ vstd::seq_lib::group_to_multiset_ensures

  src/Chap43/AugOrderedTableMtEph.rs:
    In use:
      ✓ vstd::map::group_map_axioms

  src/Chap43/AugOrderedTableStEph.rs:
    In use:
      ✓ vstd::map::group_map_axioms

  src/Chap43/AugOrderedTableStPer.rs:
    In use:
      ✓ vstd::map::group_map_axioms

  src/Chap43/OrderedSetMtEph.rs:
    In use:
      ✓ vstd::set::group_set_axioms
      ✓ vstd::set_lib::group_set_lib_default
      ✓ vstd::laws_cmp::group_laws_cmp

  src/Chap43/OrderedSetStEph.rs:
    In use:
      ✓ vstd::set::group_set_axioms
      ✓ vstd::set_lib::group_set_lib_default
      ✓ vstd::laws_cmp::group_laws_cmp

  src/Chap43/OrderedSetStPer.rs:
    In use:
      ✓ vstd::set::group_set_axioms
      ✓ vstd::set_lib::group_set_lib_default
      ✓ vstd::laws_cmp::group_laws_cmp

  src/Chap43/OrderedTableMtEph.rs:
    In use:
      ✓ vstd::map::group_map_axioms

  src/Chap43/OrderedTableMtPer.rs:
    In use:
      ✓ vstd::map::group_map_axioms

  src/Chap43/OrderedTableStEph.rs:
    In use:
      ✓ vstd::map::group_map_axioms
      ✓ vstd::set::group_set_axioms

  src/Chap43/OrderedTableStPer.rs:
    In use:
      ✓ vstd::map::group_map_axioms
      ✓ vstd::set::group_set_axioms

  src/Chap45/BalancedTreePQ.rs:
    In use:
      ✓ vstd::seq::group_seq_axioms
      ✓ vstd::seq_lib::group_seq_properties
      ✓ vstd::seq_lib::group_to_multiset_ensures

  src/Chap45/BinaryHeapPQ.rs:
    In use:
      ✓ vstd::seq::group_seq_axioms
      ✓ vstd::seq_lib::group_seq_properties
      ✓ vstd::seq_lib::group_to_multiset_ensures
      ✓ vstd::std_specs::vec::group_vec_axioms

  src/Chap45/HeapsortExample.rs:
    In use:
      ✓ vstd::seq::group_seq_axioms
      ✓ vstd::seq_lib::group_seq_properties
      ✓ vstd::seq_lib::group_to_multiset_ensures

  src/Chap45/LeftistHeapPQ.rs:
    In use:
      ✓ vstd::multiset::group_multiset_axioms
      ✓ vstd::seq::group_seq_axioms
      ✓ vstd::seq_lib::group_seq_properties
      ✓ vstd::seq_lib::group_to_multiset_ensures
      ✓ vstd::std_specs::vec::group_vec_axioms

  src/Chap45/SortedListPQ.rs:
    In use:
      ✓ vstd::multiset::group_multiset_axioms
      ✓ vstd::seq::group_seq_axioms
      ✓ vstd::seq_lib::group_seq_properties
      ✓ vstd::seq_lib::group_to_multiset_ensures
      ✓ vstd::std_specs::vec::group_vec_axioms

  src/Chap45/UnsortedListPQ.rs:
    In use:
      ✓ vstd::multiset::group_multiset_axioms
      ✓ vstd::seq::group_seq_axioms
      ✓ vstd::seq_lib::group_seq_properties
      ✓ vstd::seq_lib::group_to_multiset_ensures
      ✓ vstd::std_specs::vec::group_vec_axioms

  src/Chap49/MinEditDistMtEph.rs:
    In use:
      ✓ vstd::seq::group_seq_axioms
      ✓ vstd::std_specs::hash::group_hash_axioms

  src/Chap49/MinEditDistMtPer.rs:
    In use:
      ✓ vstd::seq::group_seq_axioms
      ✓ vstd::std_specs::hash::group_hash_axioms

  src/Chap49/MinEditDistStEph.rs:
    In use:
      ✓ vstd::seq::group_seq_axioms
      ✓ vstd::std_specs::hash::group_hash_axioms

  src/Chap49/MinEditDistStPer.rs:
    In use:
      ✓ vstd::seq::group_seq_axioms
      ✓ vstd::std_specs::hash::group_hash_axioms

  src/Chap49/SubsetSumMtEph.rs:
    In use:
      ✓ vstd::seq::group_seq_axioms
      ✓ vstd::std_specs::hash::group_hash_axioms

  src/Chap49/SubsetSumMtPer.rs:
    In use:
      ✓ vstd::seq::group_seq_axioms
      ✓ vstd::std_specs::hash::group_hash_axioms

  src/Chap49/SubsetSumStEph.rs:
    In use:
      ✓ vstd::seq::group_seq_axioms
      ✓ vstd::std_specs::hash::group_hash_axioms

  src/Chap49/SubsetSumStPer.rs:
    In use:
      ✓ vstd::seq::group_seq_axioms
      ✓ vstd::std_specs::hash::group_hash_axioms

  src/Chap50/MatrixChainMtEph.rs:
    In use:
      ✓ vstd::map::group_map_axioms
      ✓ vstd::seq::group_seq_axioms
      ✓ vstd::seq_lib::group_seq_properties
      ✓ vstd::seq_lib::group_to_multiset_ensures

  src/Chap50/MatrixChainMtPer.rs:
    In use:
      ✓ vstd::map::group_map_axioms
      ✓ vstd::seq::group_seq_axioms
      ✓ vstd::seq_lib::group_seq_properties
      ✓ vstd::seq_lib::group_to_multiset_ensures

  src/Chap50/MatrixChainStEph.rs:
    In use:
      ✓ vstd::map::group_map_axioms
      ✓ vstd::seq::group_seq_axioms
      ✓ vstd::seq_lib::group_seq_properties
      ✓ vstd::seq_lib::group_to_multiset_ensures

  src/Chap50/MatrixChainStPer.rs:
    In use:
      ✓ vstd::map::group_map_axioms
      ✓ vstd::seq::group_seq_axioms
      ✓ vstd::seq_lib::group_seq_properties
      ✓ vstd::seq_lib::group_to_multiset_ensures

  src/Chap50/OptBinSearchTreeMtEph.rs:
    In use:
      ✓ vstd::map::group_map_axioms
      ✓ vstd::seq::group_seq_axioms
      ✓ vstd::seq_lib::group_seq_properties

  src/Chap50/OptBinSearchTreeMtPer.rs:
    In use:
      ✓ vstd::map::group_map_axioms
      ✓ vstd::seq::group_seq_axioms
      ✓ vstd::seq_lib::group_seq_properties

  src/Chap50/OptBinSearchTreeStEph.rs:
    In use:
      ✓ vstd::map::group_map_axioms
      ✓ vstd::seq::group_seq_axioms
      ✓ vstd::seq_lib::group_seq_properties

  src/Chap50/OptBinSearchTreeStPer.rs:
    In use:
      ✓ vstd::map::group_map_axioms
      ✓ vstd::seq::group_seq_axioms
      ✓ vstd::seq_lib::group_seq_properties

  src/Chap51/TopDownDPMtEph.rs:
    In use:
      ✓ vstd::map::group_map_axioms
      ✓ vstd::seq::group_seq_axioms
      ✓ vstd::std_specs::hash::group_hash_axioms

  src/Chap51/TopDownDPMtPer.rs:
    In use:
      ✓ vstd::map::group_map_axioms
      ✓ vstd::seq::group_seq_axioms
      ✓ vstd::std_specs::hash::group_hash_axioms

  src/Chap51/TopDownDPStEph.rs:
    In use:
      ✓ vstd::map::group_map_axioms
      ✓ vstd::seq::group_seq_axioms

  src/Chap51/TopDownDPStPer.rs:
    In use:
      ✓ vstd::map::group_map_axioms
      ✓ vstd::seq::group_seq_axioms

  src/Chap52/AdjMatrixGraphMtEph.rs:
    In use:
      ✓ vstd::seq::group_seq_axioms
      ✓ vstd::seq_lib::group_seq_properties
      ✓ vstd::seq_lib::group_to_multiset_ensures

  src/Chap52/AdjMatrixGraphMtPer.rs:
    In use:
      ✓ vstd::seq::group_seq_axioms
      ✓ vstd::seq_lib::group_seq_properties
      ✓ vstd::seq_lib::group_to_multiset_ensures

  src/Chap52/AdjMatrixGraphStEph.rs:
    In use:
      ✓ vstd::seq::group_seq_axioms
      ✓ vstd::seq_lib::group_seq_properties
      ✓ vstd::seq_lib::group_to_multiset_ensures

  src/Chap52/AdjMatrixGraphStPer.rs:
    In use:
      ✓ vstd::seq::group_seq_axioms
      ✓ vstd::seq_lib::group_seq_properties
      ✓ vstd::seq_lib::group_to_multiset_ensures

  src/Chap52/AdjSeqGraphMtEph.rs:
    In use:
      ✓ vstd::seq::group_seq_axioms
      ✓ vstd::seq_lib::group_seq_properties
      ✓ vstd::seq_lib::group_to_multiset_ensures

  src/Chap52/AdjSeqGraphMtPer.rs:
    In use:
      ✓ vstd::seq::group_seq_axioms
      ✓ vstd::seq_lib::group_seq_properties
      ✓ vstd::seq_lib::group_to_multiset_ensures

  src/Chap52/AdjSeqGraphStEph.rs:
    In use:
      ✓ vstd::seq::group_seq_axioms
      ✓ vstd::seq_lib::group_seq_properties
      ✓ vstd::seq_lib::group_to_multiset_ensures

  src/Chap52/AdjSeqGraphStPer.rs:
    In use:
      ✓ vstd::seq::group_seq_axioms
      ✓ vstd::seq_lib::group_seq_properties
      ✓ vstd::seq_lib::group_to_multiset_ensures

  src/Chap52/AdjTableGraphMtPer.rs:
    In use:
      ✓ vstd::map::group_map_axioms
      ✓ vstd::set::group_set_axioms
      ✓ vstd::set_lib::group_set_lib_default

  src/Chap52/AdjTableGraphStEph.rs:
    In use:
      ✓ vstd::map::group_map_axioms
      ✓ vstd::set::group_set_axioms
      ✓ vstd::set_lib::group_set_lib_default

  src/Chap52/AdjTableGraphStPer.rs:
    In use:
      ✓ vstd::map::group_map_axioms
      ✓ vstd::set::group_set_axioms
      ✓ vstd::set_lib::group_set_lib_default

  src/Chap52/EdgeSetGraphMtPer.rs:
    In use:
      ✓ vstd::set::group_set_axioms
      ✓ vstd::set_lib::group_set_lib_default

  src/Chap52/EdgeSetGraphStEph.rs:
    In use:
      ✓ vstd::set::group_set_axioms
      ✓ vstd::set_lib::group_set_lib_default

  src/Chap52/EdgeSetGraphStPer.rs:
    In use:
      ✓ vstd::set::group_set_axioms
      ✓ vstd::set_lib::group_set_lib_default

  src/Chap54/BFSMtEph.rs:
    In use:
      ✓ vstd::std_specs::vecdeque::group_vec_dequeue_axioms

  src/Chap54/BFSStEph.rs:
    In use:
      ✓ vstd::std_specs::vecdeque::group_vec_dequeue_axioms

  src/Chap54/BFSStPer.rs:
    In use:
      ✓ vstd::std_specs::vecdeque::group_vec_dequeue_axioms

  src/Chap55/CycleDetectStEph.rs:
    In use:
      ✓ vstd::seq::group_seq_axioms

  src/Chap55/CycleDetectStPer.rs:
    In use:
      ✓ vstd::seq::group_seq_axioms

  src/Chap55/DFSStEph.rs:
    In use:
      ✓ vstd::seq::group_seq_axioms

  src/Chap55/DFSStPer.rs:
    In use:
      ✓ vstd::seq::group_seq_axioms

  src/Chap55/SCCStEph.rs:
    In use:
      ✓ vstd::seq::group_seq_axioms
      ✓ vstd::seq_lib::group_seq_properties

  src/Chap55/SCCStPer.rs:
    In use:
      ✓ vstd::seq::group_seq_axioms
      ✓ vstd::seq_lib::group_seq_properties

  src/Chap55/TopoSortStEph.rs:
    In use:
      ✓ vstd::seq::group_seq_axioms
      ✓ vstd::seq_lib::group_seq_properties
      ✓ vstd::seq_lib::group_to_multiset_ensures

  src/Chap56/SSSPResultStPerF64.rs:
    In use:
      ✓ vstd::seq::group_seq_axioms
      ✓ vstd::seq_lib::group_seq_properties
      ✓ vstd::seq_lib::group_to_multiset_ensures

  src/Chap57/StackStEph.rs:
    In use:
      ✓ vstd::seq::group_seq_axioms
      ✓ vstd::seq_lib::group_seq_properties
      ✓ vstd::seq_lib::group_to_multiset_ensures

  src/Chap66/BoruvkaMtEph.rs:
    In use:
      ✓ vstd::set::group_set_axioms

  src/Chap66/BoruvkaStEph.rs:
    In use:
      ✓ vstd::set::group_set_axioms

  src/ParaPairs.rs:
    In use:
      ✓ vstd::set::group_set_axioms
      ✓ vstd::set_lib::group_set_lib_default

  src/Types.rs:
    In use:
      ✓ vstd::seq::group_seq_axioms
      ✓ vstd::seq_lib::group_seq_properties
      ✓ vstd::seq_lib::group_to_multiset_ensures
      ✓ vstd::set::group_set_axioms
      ✓ vstd::set_lib::group_set_lib_default

  src/standards/table_of_contents_standard.rs:
    In use:
      ✓ vstd::seq::group_seq_axioms

═══════════════════════════════════════════════════════════════
Phase 7: Skipped (--no-lib-min)
═══════════════════════════════════════════════════════════════

═══════════════════════════════════════════════════════════════
Phase 8: Skipped (--no-lib-min)
═══════════════════════════════════════════════════════════════


Phase 9: Skipped (use -a flag to enable assert minimization)

═══════════════════════════════════════════════════════════════
Phase 10: Testing codebase asserts
═══════════════════════════════════════════════════════════════

For each assert: comment out, verify. NEEDED=restored, UNNEEDED=left commented.

Found 149 asserts in codebase, testing 149

[1/149] assert L136 in lemma_sorted_edge_in_uf<V: HashOrd> (src/Chap65/KruskalStEph.rs)... UNNEEDED (commented) [initial 54.1s -> now 1m 27s (incremental +33.7s)]
[2/149] assert L137 in lemma_sorted_edge_in_uf<V: HashOrd> (src/Chap65/KruskalStEph.rs)... UNNEEDED (commented) [initial 54.1s -> now 1m 14s (incremental +20.6s)]
[3/149] assert L138 in lemma_sorted_edge_in_uf<V: HashOrd> (src/Chap65/KruskalStEph.rs)... UNNEEDED (commented) [initial 54.1s -> now 1m 27s (incremental +33.7s)]
[4/149] assert L139 in lemma_sorted_edge_in_uf<V: HashOrd> (src/Chap65/KruskalStEph.rs)... UNNEEDED (commented) [initial 54.1s -> now 1m 28s (incremental +34.0s)]
[5/149] assert L140 in lemma_sorted_edge_in_uf<V: HashOrd> (src/Chap65/KruskalStEph.rs)... UNNEEDED (commented) [initial 54.1s -> now 1m 23s (incremental +29.5s)]
[6/149] assert L141 in lemma_sorted_edge_in_uf<V: HashOrd> (src/Chap65/KruskalStEph.rs)... UNNEEDED (commented) [initial 54.1s -> now 1m 29s (incremental +35.8s)]
[7/149] assert L142 in lemma_sorted_edge_in_uf<V: HashOrd> (src/Chap65/KruskalStEph.rs)... UNNEEDED (commented) [initial 54.1s -> now 1m 26s (incremental +32.4s)]
[8/149] assert L143 in lemma_sorted_edge_in_uf<V: HashOrd> (src/Chap65/KruskalStEph.rs)... UNNEEDED (commented) [initial 54.1s -> now 1m 30s (incremental +36.3s)]
[9/149] assert L144 in lemma_sorted_edge_in_uf<V: HashOrd> (src/Chap65/KruskalStEph.rs)... UNNEEDED (commented) [initial 54.1s -> now 1m 6s (incremental +12.5s)]
[10/149] assert L145 in lemma_sorted_edge_in_uf<V: HashOrd> (src/Chap65/KruskalStEph.rs)... UNNEEDED (commented) [initial 54.1s -> now 1m 32s (incremental +38.1s)]
[11/149] assert L303 in sort_edges_by_weight<V: HashOrd> (src/Chap65/KruskalStEph.rs)... UNNEEDED (commented) [initial 54.1s -> now 1m 29s (incremental +35.4s)]
[12/149] assert L307 in sort_edges_by_weight<V: HashOrd> (src/Chap65/KruskalStEph.rs)... UNNEEDED (commented) [initial 54.1s -> now 1m 27s (incremental +33.3s)]
[13/149] assert L311 in sort_edges_by_weight<V: HashOrd> (src/Chap65/KruskalStEph.rs)... UNNEEDED (commented) [initial 54.1s -> now 56.4s (incremental +2.3s)]
[14/149] assert L314 in sort_edges_by_weight<V: HashOrd> (src/Chap65/KruskalStEph.rs)... UNNEEDED (commented) [initial 54.1s -> now 56.3s (incremental +2.1s)]
[15/149] assert L343 in kruskal_mst<V: HashOrd> (src/Chap65/KruskalStEph.rs)... UNNEEDED (commented) [initial 54.1s -> now 1m 0s (incremental +6.7s)]
[16/149] assert L372 in kruskal_mst<V: HashOrd> (src/Chap65/KruskalStEph.rs)... UNNEEDED (commented) [initial 54.1s -> now 1m 33s (incremental +39.6s)]
[17/149] assert L376 in kruskal_mst<V: HashOrd> (src/Chap65/KruskalStEph.rs)... UNNEEDED (commented) [initial 54.1s -> now 1m 21s (incremental +27.3s)]
[18/149] assert L378 in kruskal_mst<V: HashOrd> (src/Chap65/KruskalStEph.rs)... UNNEEDED (commented) [initial 54.1s -> now 1m 21s (incremental +27.2s)]
[19/149] assert L379 in kruskal_mst<V: HashOrd> (src/Chap65/KruskalStEph.rs)... UNNEEDED (commented) [initial 54.1s -> now 1m 12s (incremental +18.8s)]
[20/149] assert L380 in kruskal_mst<V: HashOrd> (src/Chap65/KruskalStEph.rs)... UNNEEDED (commented) [initial 54.1s -> now 1m 34s (incremental +40.7s)]
[21/149] assert L381 in kruskal_mst<V: HashOrd> (src/Chap65/KruskalStEph.rs)... UNNEEDED (commented) [initial 54.1s -> now 1m 29s (incremental +35.2s)]
[22/149] assert L264 in prim_mst<V: HashOrd + Display + TotalOrder> (src/Chap65/PrimStEph.rs)... UNNEEDED (commented) [initial 54.1s -> now 1m 27s (incremental +33.4s)]
[23/149] assert L265 in prim_mst<V: HashOrd + Display + TotalOrder> (src/Chap65/PrimStEph.rs)... UNNEEDED (commented) [initial 54.1s -> now 1m 25s (incremental +31.4s)]
[24/149] assert L280 in prim_mst<V: HashOrd + Display + TotalOrder> (src/Chap65/PrimStEph.rs)... UNNEEDED (commented) [initial 54.1s -> now 1m 25s (incremental +31.7s)]
[25/149] assert L314 in prim_mst<V: HashOrd + Display + TotalOrder> (src/Chap65/PrimStEph.rs)... UNNEEDED (commented) [initial 54.1s -> now 44.5s (incremental -9.6s)]
[26/149] assert L347 in prim_mst<V: HashOrd + Display + TotalOrder> (src/Chap65/PrimStEph.rs)... UNNEEDED (commented) [initial 54.1s -> now 48.2s (incremental -6.0s)]
[27/149] assert L353 in prim_mst<V: HashOrd + Display + TotalOrder> (src/Chap65/PrimStEph.rs)... UNNEEDED (commented) [initial 54.1s -> now 42.3s (incremental -11.9s)]
[28/149] assert L355 in prim_mst<V: HashOrd + Display + TotalOrder> (src/Chap65/PrimStEph.rs)... UNNEEDED (commented) [initial 54.1s -> now 40.0s (incremental -14.1s)]
[29/149] assert L366 in prim_mst<V: HashOrd + Display + TotalOrder> (src/Chap65/PrimStEph.rs)... UNNEEDED (commented) [initial 54.1s -> now 44.3s (incremental -9.9s)]
[30/149] assert L369 in prim_mst<V: HashOrd + Display + TotalOrder> (src/Chap65/PrimStEph.rs)... UNNEEDED (commented) [initial 54.1s -> now 46.5s (incremental -7.6s)]
[31/149] assert L375 in prim_mst<V: HashOrd + Display + TotalOrder> (src/Chap65/PrimStEph.rs)... UNNEEDED (commented) [initial 54.1s -> now 40.1s (incremental -14.1s)]
[32/149] assert L376 in prim_mst<V: HashOrd + Display + TotalOrder> (src/Chap65/PrimStEph.rs)... UNNEEDED (commented) [initial 54.1s -> now 44.3s (incremental -9.8s)]
[33/149] assert L378 in prim_mst<V: HashOrd + Display + TotalOrder> (src/Chap65/PrimStEph.rs)... UNNEEDED (commented) [initial 54.1s -> now 46.1s (incremental -8.0s)]
[34/149] assert L379 in prim_mst<V: HashOrd + Display + TotalOrder> (src/Chap65/PrimStEph.rs)... UNNEEDED (commented) [initial 54.1s -> now 40.1s (incremental -14.0s)]
[35/149] assert L380 in prim_mst<V: HashOrd + Display + TotalOrder> (src/Chap65/PrimStEph.rs)... UNNEEDED (commented) [initial 54.1s -> now 42.2s (incremental -12.0s)]
[36/149] assert L421 in prim_mst<V: HashOrd + Display + TotalOrder> (src/Chap65/PrimStEph.rs)... UNNEEDED (commented) [initial 54.1s -> now 39.8s (incremental -14.3s)]
[37/149] assert L422 in prim_mst<V: HashOrd + Display + TotalOrder> (src/Chap65/PrimStEph.rs)... UNNEEDED (commented) [initial 54.1s -> now 46.6s (incremental -7.6s)]
[38/149] assert L426 in prim_mst<V: HashOrd + Display + TotalOrder> (src/Chap65/PrimStEph.rs)... UNNEEDED (commented) [initial 54.1s -> now 46.8s (incremental -7.4s)]
[39/149] assert L428 in prim_mst<V: HashOrd + Display + TotalOrder> (src/Chap65/PrimStEph.rs)... UNNEEDED (commented) [initial 54.1s -> now 48.4s (incremental -5.7s)]
[40/149] assert L429 in prim_mst<V: HashOrd + Display + TotalOrder> (src/Chap65/PrimStEph.rs)... UNNEEDED (commented) [initial 54.1s -> now 48.0s (incremental -6.2s)]
[41/149] assert L431 in prim_mst<V: HashOrd + Display + TotalOrder> (src/Chap65/PrimStEph.rs)... UNNEEDED (commented) [initial 54.1s -> now 44.3s (incremental -9.9s)]
[42/149] assert L439 in prim_mst<V: HashOrd + Display + TotalOrder> (src/Chap65/PrimStEph.rs)... UNNEEDED (commented) [initial 54.1s -> now 42.1s (incremental -12.1s)]
[43/149] assert L330 in num_sets (src/Chap65/UnionFindStEph.rs)... UNNEEDED (commented) [initial 54.1s -> now 42.0s (incremental -12.1s)]
[44/149] assert L331 in num_sets (src/Chap65/UnionFindStEph.rs)... UNNEEDED (commented) [initial 54.1s -> now 39.9s (incremental -14.2s)]
[45/149] assert L332 in num_sets (src/Chap65/UnionFindStEph.rs)... UNNEEDED (commented) [initial 54.1s -> now 42.0s (incremental -12.1s)]
[46/149] assert L333 in num_sets (src/Chap65/UnionFindStEph.rs)... UNNEEDED (commented) [initial 54.1s -> now 42.2s (incremental -12.0s)]
[47/149] assert L647 in lemma_insert_preserves_wf<V: StT + Hash> (src/Chap65/UnionFindStEph.rs)... UNNEEDED (commented) [initial 54.1s -> now 44.5s (incremental -9.6s)]
[48/149] assert L654 in lemma_insert_preserves_wf<V: StT + Hash> (src/Chap65/UnionFindStEph.rs)... UNNEEDED (commented) [initial 54.1s -> now 42.2s (incremental -11.9s)]
[49/149] assert L658 in lemma_insert_preserves_wf<V: StT + Hash> (src/Chap65/UnionFindStEph.rs)... UNNEEDED (commented) [initial 54.1s -> now 42.3s (incremental -11.9s)]
[50/149] assert L659 in lemma_insert_preserves_wf<V: StT + Hash> (src/Chap65/UnionFindStEph.rs)... UNNEEDED (commented) [initial 54.1s -> now 44.1s (incremental -10.1s)]
[51/149] assert L660 in lemma_insert_preserves_wf<V: StT + Hash> (src/Chap65/UnionFindStEph.rs)... UNNEEDED (commented) [initial 54.1s -> now 42.2s (incremental -11.9s)]
[52/149] assert L661 in lemma_insert_preserves_wf<V: StT + Hash> (src/Chap65/UnionFindStEph.rs)... UNNEEDED (commented) [initial 54.1s -> now 42.6s (incremental -11.6s)]
[53/149] assert L664 in lemma_insert_preserves_wf<V: StT + Hash> (src/Chap65/UnionFindStEph.rs)... UNNEEDED (commented) [initial 54.1s -> now 1m 16s (incremental +22.8s)]
[54/149] assert L668 in lemma_insert_preserves_wf<V: StT + Hash> (src/Chap65/UnionFindStEph.rs)... UNNEEDED (commented) [initial 54.1s -> now 1m 3s (incremental +9.4s)]
[55/149] assert L671 in lemma_insert_preserves_wf<V: StT + Hash> (src/Chap65/UnionFindStEph.rs)... UNNEEDED (commented) [initial 54.1s -> now 1m 15s (incremental +21.3s)]
[56/149] assert L676 in lemma_insert_preserves_wf<V: StT + Hash> (src/Chap65/UnionFindStEph.rs)... UNNEEDED (commented) [initial 54.1s -> now 44.3s (incremental -9.9s)]
[57/149] assert L684 in lemma_insert_preserves_wf<V: StT + Hash> (src/Chap65/UnionFindStEph.rs)... UNNEEDED (commented) [initial 54.1s -> now 42.0s (incremental -12.2s)]
[58/149] assert L686 in lemma_insert_preserves_wf<V: StT + Hash> (src/Chap65/UnionFindStEph.rs)... UNNEEDED (commented) [initial 54.1s -> now 46.2s (incremental -7.9s)]
[59/149] assert L691 in lemma_insert_preserves_wf<V: StT + Hash> (src/Chap65/UnionFindStEph.rs)... UNNEEDED (commented) [initial 54.1s -> now 43.2s (incremental -10.9s)]
[60/149] assert L695 in lemma_insert_preserves_wf<V: StT + Hash> (src/Chap65/UnionFindStEph.rs)... UNNEEDED (commented) [initial 54.1s -> now 46.8s (incremental -7.3s)]
[61/149] assert L700 in lemma_insert_preserves_wf<V: StT + Hash> (src/Chap65/UnionFindStEph.rs)... UNNEEDED (commented) [initial 54.1s -> now 44.5s (incremental -9.6s)]
[62/149] assert L705 in lemma_insert_preserves_wf<V: StT + Hash> (src/Chap65/UnionFindStEph.rs)... UNNEEDED (commented) [initial 54.1s -> now 42.2s (incremental -11.9s)]
[63/149] assert L729 in lemma_root_is_self_parent<V: StT + Hash> (src/Chap65/UnionFindStEph.rs)... UNNEEDED (commented) [initial 54.1s -> now 42.1s (incremental -12.0s)]
[64/149] assert L730 in lemma_root_is_self_parent<V: StT + Hash> (src/Chap65/UnionFindStEph.rs)... UNNEEDED (commented) [initial 54.1s -> now 44.8s (incremental -9.4s)]
[65/149] assert L731 in lemma_root_is_self_parent<V: StT + Hash> (src/Chap65/UnionFindStEph.rs)... UNNEEDED (commented) [initial 54.1s -> now 42.1s (incremental -12.0s)]
[66/149] assert L732 in lemma_root_is_self_parent<V: StT + Hash> (src/Chap65/UnionFindStEph.rs)... UNNEEDED (commented) [initial 54.1s -> now 42.4s (incremental -11.7s)]
[67/149] assert L786 in lemma_union_wf_roots<V: StT + Hash> (src/Chap65/UnionFindStEph.rs)... UNNEEDED (commented) [initial 54.1s -> now 44.3s (incremental -9.9s)]
[68/149] assert L789 in lemma_union_wf_roots<V: StT + Hash> (src/Chap65/UnionFindStEph.rs)... UNNEEDED (commented) [initial 54.1s -> now 41.9s (incremental -12.3s)]
[69/149] assert L792 in lemma_union_wf_roots<V: StT + Hash> (src/Chap65/UnionFindStEph.rs)... UNNEEDED (commented) [initial 54.1s -> now 50.1s (incremental -4.1s)]
[70/149] assert L799 in lemma_union_wf_roots<V: StT + Hash> (src/Chap65/UnionFindStEph.rs)... UNNEEDED (commented) [initial 54.1s -> now 44.5s (incremental -9.6s)]
[71/149] assert L800 in lemma_union_wf_roots<V: StT + Hash> (src/Chap65/UnionFindStEph.rs)... UNNEEDED (commented) [initial 54.1s -> now 43.4s (incremental -10.8s)]
[72/149] assert L805 in lemma_union_wf_roots<V: StT + Hash> (src/Chap65/UnionFindStEph.rs)... UNNEEDED (commented) [initial 54.1s -> now 42.1s (incremental -12.0s)]
[73/149] assert L810 in lemma_union_wf_roots<V: StT + Hash> (src/Chap65/UnionFindStEph.rs)... UNNEEDED (commented) [initial 54.1s -> now 42.2s (incremental -11.9s)]
[74/149] assert L812 in lemma_union_wf_roots<V: StT + Hash> (src/Chap65/UnionFindStEph.rs)... UNNEEDED (commented) [initial 54.1s -> now 42.7s (incremental -11.5s)]
[75/149] assert L843 in lemma_union_wf_parent<V: StT + Hash> (src/Chap65/UnionFindStEph.rs)... UNNEEDED (commented) [initial 54.1s -> now 48.8s (incremental -5.4s)]
[76/149] assert L844 in lemma_union_wf_parent<V: StT + Hash> (src/Chap65/UnionFindStEph.rs)... UNNEEDED (commented) [initial 54.1s -> now 44.4s (incremental -9.7s)]
[77/149] assert L850 in lemma_union_wf_parent<V: StT + Hash> (src/Chap65/UnionFindStEph.rs)... UNNEEDED (commented) [initial 54.1s -> now 42.1s (incremental -12.1s)]
[78/149] assert L855 in lemma_union_wf_parent<V: StT + Hash> (src/Chap65/UnionFindStEph.rs)... UNNEEDED (commented) [initial 54.1s -> now 48.9s (incremental -5.2s)]
[79/149] assert L856 in lemma_union_wf_parent<V: StT + Hash> (src/Chap65/UnionFindStEph.rs)... UNNEEDED (commented) [initial 54.1s -> now 42.4s (incremental -11.8s)]
[80/149] assert L858 in lemma_union_wf_parent<V: StT + Hash> (src/Chap65/UnionFindStEph.rs)... UNNEEDED (commented) [initial 54.1s -> now 44.4s (incremental -9.8s)]
[81/149] assert L863 in lemma_union_wf_parent<V: StT + Hash> (src/Chap65/UnionFindStEph.rs)... UNNEEDED (commented) [initial 54.1s -> now 42.3s (incremental -11.8s)]
[82/149] assert L868 in lemma_union_wf_parent<V: StT + Hash> (src/Chap65/UnionFindStEph.rs)... UNNEEDED (commented) [initial 54.1s -> now 44.3s (incremental -9.9s)]
[83/149] assert L869 in lemma_union_wf_parent<V: StT + Hash> (src/Chap65/UnionFindStEph.rs)... UNNEEDED (commented) [initial 54.1s -> now 41.9s (incremental -12.2s)]
[84/149] assert L871 in lemma_union_wf_parent<V: StT + Hash> (src/Chap65/UnionFindStEph.rs)... UNNEEDED (commented) [initial 54.1s -> now 46.7s (incremental -7.5s)]
[85/149] assert L872 in lemma_union_wf_parent<V: StT + Hash> (src/Chap65/UnionFindStEph.rs)... UNNEEDED (commented) [initial 54.1s -> now 44.6s (incremental -9.5s)]
[86/149] assert L874 in lemma_union_wf_parent<V: StT + Hash> (src/Chap65/UnionFindStEph.rs)... UNNEEDED (commented) [initial 54.1s -> now 45.0s (incremental -9.2s)]
[87/149] assert L880 in lemma_union_wf_parent<V: StT + Hash> (src/Chap65/UnionFindStEph.rs)... UNNEEDED (commented) [initial 54.1s -> now 44.3s (incremental -9.9s)]
[88/149] assert L885 in lemma_union_wf_parent<V: StT + Hash> (src/Chap65/UnionFindStEph.rs)... UNNEEDED (commented) [initial 54.1s -> now 42.2s (incremental -11.9s)]
[89/149] assert L888 in lemma_union_wf_parent<V: StT + Hash> (src/Chap65/UnionFindStEph.rs)... UNNEEDED (commented) [initial 54.1s -> now 46.3s (incremental -7.8s)]
[90/149] assert L890 in lemma_union_wf_parent<V: StT + Hash> (src/Chap65/UnionFindStEph.rs)... UNNEEDED (commented) [initial 54.1s -> now 42.1s (incremental -12.0s)]
[91/149] assert L922 in lemma_union_wf_ordering<V: StT + Hash> (src/Chap65/UnionFindStEph.rs)... UNNEEDED (commented) [initial 54.1s -> now 44.4s (incremental -9.8s)]
[92/149] assert L923 in lemma_union_wf_ordering<V: StT + Hash> (src/Chap65/UnionFindStEph.rs)... UNNEEDED (commented) [initial 54.1s -> now 42.2s (incremental -12.0s)]
[93/149] assert L929 in lemma_union_wf_ordering<V: StT + Hash> (src/Chap65/UnionFindStEph.rs)... UNNEEDED (commented) [initial 54.1s -> now 42.4s (incremental -11.7s)]
[94/149] assert L934 in lemma_union_wf_ordering<V: StT + Hash> (src/Chap65/UnionFindStEph.rs)... UNNEEDED (commented) [initial 54.1s -> now 44.2s (incremental -10.0s)]
[95/149] assert L937 in lemma_union_wf_ordering<V: StT + Hash> (src/Chap65/UnionFindStEph.rs)... UNNEEDED (commented) [initial 54.1s -> now 40.0s (incremental -14.1s)]
[96/149] assert L938 in lemma_union_wf_ordering<V: StT + Hash> (src/Chap65/UnionFindStEph.rs)... UNNEEDED (commented) [initial 54.1s -> now 46.3s (incremental -7.9s)]
[97/149] assert L940 in lemma_union_wf_ordering<V: StT + Hash> (src/Chap65/UnionFindStEph.rs)... UNNEEDED (commented) [initial 54.1s -> now 1m 20s (incremental +26.7s)]
[98/149] assert L942 in lemma_union_wf_ordering<V: StT + Hash> (src/Chap65/UnionFindStEph.rs)... UNNEEDED (commented) [initial 54.1s -> now 1m 27s (incremental +33.6s)]
[99/149] assert L944 in lemma_union_wf_ordering<V: StT + Hash> (src/Chap65/UnionFindStEph.rs)... UNNEEDED (commented) [initial 54.1s -> now 1m 25s (incremental +31.5s)]
[100/149] assert L950 in lemma_union_wf_ordering<V: StT + Hash> (src/Chap65/UnionFindStEph.rs)... UNNEEDED (commented) [initial 54.1s -> now 1m 25s (incremental +31.2s)]
[101/149] assert L956 in lemma_union_wf_ordering<V: StT + Hash> (src/Chap65/UnionFindStEph.rs)... UNNEEDED (commented) [initial 54.1s -> now 46.7s (incremental -7.4s)]
[102/149] assert L959 in lemma_union_wf_ordering<V: StT + Hash> (src/Chap65/UnionFindStEph.rs)... UNNEEDED (commented) [initial 54.1s -> now 40.5s (incremental -13.6s)]
[103/149] assert L961 in lemma_union_wf_ordering<V: StT + Hash> (src/Chap65/UnionFindStEph.rs)... UNNEEDED (commented) [initial 54.1s -> now 42.3s (incremental -11.8s)]
[104/149] assert L965 in lemma_union_wf_ordering<V: StT + Hash> (src/Chap65/UnionFindStEph.rs)... UNNEEDED (commented) [initial 54.1s -> now 43.4s (incremental -10.7s)]
[105/149] assert L966 in lemma_union_wf_ordering<V: StT + Hash> (src/Chap65/UnionFindStEph.rs)... UNNEEDED (commented) [initial 54.1s -> now 42.3s (incremental -11.9s)]
[106/149] assert L969 in lemma_union_wf_ordering<V: StT + Hash> (src/Chap65/UnionFindStEph.rs)... UNNEEDED (commented) [initial 54.1s -> now 1m 18s (incremental +24.8s)]
[107/149] assert L971 in lemma_union_wf_ordering<V: StT + Hash> (src/Chap65/UnionFindStEph.rs)... UNNEEDED (commented) [initial 54.1s -> now 1m 21s (incremental +27.2s)]
[108/149] assert L974 in lemma_union_wf_ordering<V: StT + Hash> (src/Chap65/UnionFindStEph.rs)... UNNEEDED (commented) [initial 54.1s -> now 58.1s (incremental +4.0s)]
[109/149] assert L977 in lemma_union_wf_ordering<V: StT + Hash> (src/Chap65/UnionFindStEph.rs)... UNNEEDED (commented) [initial 54.1s -> now 1m 2s (incremental +8.4s)]
[110/149] assert L979 in lemma_union_wf_ordering<V: StT + Hash> (src/Chap65/UnionFindStEph.rs)... UNNEEDED (commented) [initial 54.1s -> now 1m 9s (incremental +15.7s)]
[111/149] assert L982 in lemma_union_wf_ordering<V: StT + Hash> (src/Chap65/UnionFindStEph.rs)... UNNEEDED (commented) [initial 54.1s -> now 1m 2s (incremental +8.5s)]
[112/149] assert L1008 in lemma_non_root_rank_lt_root<V: StT + Hash> (src/Chap65/UnionFindStEph.rs)... UNNEEDED (commented) [initial 54.1s -> now 1m 4s (incremental +10.5s)]
[113/149] assert L1009 in lemma_non_root_rank_lt_root<V: StT + Hash> (src/Chap65/UnionFindStEph.rs)... UNNEEDED (commented) [initial 54.1s -> now 1m 8s (incremental +14.6s)]
[114/149] assert L1012 in lemma_non_root_rank_lt_root<V: StT + Hash> (src/Chap65/UnionFindStEph.rs)... UNNEEDED (commented) [initial 54.1s -> now 56.1s (incremental +1.9s)]
[115/149] assert L1014 in lemma_non_root_rank_lt_root<V: StT + Hash> (src/Chap65/UnionFindStEph.rs)... UNNEEDED (commented) [initial 54.1s -> now 1m 21s (incremental +27.1s)]
[116/149] assert L1016 in lemma_non_root_rank_lt_root<V: StT + Hash> (src/Chap65/UnionFindStEph.rs)... UNNEEDED (commented) [initial 54.1s -> now 1m 19s (incremental +25.2s)]
[117/149] assert L1017 in lemma_non_root_rank_lt_root<V: StT + Hash> (src/Chap65/UnionFindStEph.rs)... UNNEEDED (commented) [initial 54.1s -> now 40.0s (incremental -14.1s)]
[118/149] assert L1041 in lemma_rank_lt_elements<V: StT + Hash> (src/Chap65/UnionFindStEph.rs)... UNNEEDED (commented) [initial 54.1s -> now 42.1s (incremental -12.1s)]
[119/149] assert L1044 in lemma_rank_lt_elements<V: StT + Hash> (src/Chap65/UnionFindStEph.rs)... UNNEEDED (commented) [initial 54.1s -> now 40.1s (incremental -14.0s)]
[120/149] assert L1056 in lemma_rank_lt_elements<V: StT + Hash> (src/Chap65/UnionFindStEph.rs)... UNNEEDED (commented) [initial 54.1s -> now 46.3s (incremental -7.8s)]
[121/149] assert L1057 in lemma_rank_lt_elements<V: StT + Hash> (src/Chap65/UnionFindStEph.rs)... UNNEEDED (commented) [initial 54.1s -> now 42.3s (incremental -11.8s)]
[122/149] assert L1063 in lemma_rank_lt_elements<V: StT + Hash> (src/Chap65/UnionFindStEph.rs)... UNNEEDED (commented) [initial 54.1s -> now 41.9s (incremental -12.2s)]
[123/149] assert L1314 in lemma_union_merge_wf<V: StT + Hash> (src/Chap65/UnionFindStEph.rs)... UNNEEDED (commented) [initial 54.1s -> now 42.1s (incremental -12.0s)]
[124/149] assert L1396 in lemma_union_ensures_bridge<V: StT + Hash> (src/Chap65/UnionFindStEph.rs)... UNNEEDED (commented) [initial 54.1s -> now 42.1s (incremental -12.0s)]
[125/149] assert L1409 in lemma_union_ensures_bridge<V: StT + Hash> (src/Chap65/UnionFindStEph.rs)... UNNEEDED (commented) [initial 54.1s -> now 44.0s (incremental -10.1s)]
[126/149] assert L1662 in find_root_loop<V: StT + Hash> (src/Chap65/UnionFindStEph.rs)... UNNEEDED (commented) [initial 54.1s -> now 45.0s (incremental -9.1s)]
[127/149] assert L1663 in find_root_loop<V: StT + Hash> (src/Chap65/UnionFindStEph.rs)... UNNEEDED (commented) [initial 54.1s -> now 42.5s (incremental -11.7s)]
[128/149] assert L1664 in find_root_loop<V: StT + Hash> (src/Chap65/UnionFindStEph.rs)... UNNEEDED (commented) [initial 54.1s -> now 1m 17s (incremental +23.3s)]
[129/149] assert L1671 in find_root_loop<V: StT + Hash> (src/Chap65/UnionFindStEph.rs)... UNNEEDED (commented) [initial 54.1s -> now 1m 12s (incremental +18.8s)]
[130/149] assert L1672 in find_root_loop<V: StT + Hash> (src/Chap65/UnionFindStEph.rs)... UNNEEDED (commented) [initial 54.1s -> now 1m 0s (incremental +6.9s)]
[131/149] assert L1689 in find_root_loop<V: StT + Hash> (src/Chap65/UnionFindStEph.rs)... UNNEEDED (commented) [initial 54.1s -> now 1m 15s (incremental +21.1s)]
[132/149] assert L1690 in find_root_loop<V: StT + Hash> (src/Chap65/UnionFindStEph.rs)... UNNEEDED (commented) [initial 54.1s -> now 56.1s (incremental +1.9s)]
[133/149] assert L1691 in find_root_loop<V: StT + Hash> (src/Chap65/UnionFindStEph.rs)... UNNEEDED (commented) [initial 54.1s -> now 1m 4s (incremental +10.5s)]
[134/149] assert L1698 in find_root_loop<V: StT + Hash> (src/Chap65/UnionFindStEph.rs)... UNNEEDED (commented) [initial 54.1s -> now 1m 3s (incremental +9.1s)]
[135/149] assert L1699 in find_root_loop<V: StT + Hash> (src/Chap65/UnionFindStEph.rs)... UNNEEDED (commented) [initial 54.1s -> now 1m 4s (incremental +10.5s)]
[136/149] assert L1708 in find_root_loop<V: StT + Hash> (src/Chap65/UnionFindStEph.rs)... UNNEEDED (commented) [initial 54.1s -> now 1m 10s (incremental +16.4s)]
[137/149] assert L1709 in find_root_loop<V: StT + Hash> (src/Chap65/UnionFindStEph.rs)... UNNEEDED (commented) [initial 54.1s -> now 1m 8s (incremental +14.8s)]
[138/149] assert L1779 in union_merge_exec<V: StT + Hash> (src/Chap65/UnionFindStEph.rs)... UNNEEDED (commented) [initial 54.1s -> now 58.3s (incremental +4.2s)]
[139/149] assert L1780 in union_merge_exec<V: StT + Hash> (src/Chap65/UnionFindStEph.rs)... UNNEEDED (commented) [initial 54.1s -> now 1m 6s (incremental +12.8s)]
[140/149] assert L1797 in union_merge_exec<V: StT + Hash> (src/Chap65/UnionFindStEph.rs)... UNNEEDED (commented) [initial 54.1s -> now 52.2s (incremental -1.9s)]
[141/149] assert L1800 in union_merge_exec<V: StT + Hash> (src/Chap65/UnionFindStEph.rs)... UNNEEDED (commented) [initial 54.1s -> now 44.2s (incremental -9.9s)]
[142/149] assert L1801 in union_merge_exec<V: StT + Hash> (src/Chap65/UnionFindStEph.rs)... UNNEEDED (commented) [initial 54.1s -> now 44.0s (incremental -10.1s)]
[143/149] assert L1802 in union_merge_exec<V: StT + Hash> (src/Chap65/UnionFindStEph.rs)... UNNEEDED (commented) [initial 54.1s -> now 44.2s (incremental -9.9s)]
[144/149] assert L1870 in union_merge<V: StT + Hash> (src/Chap65/UnionFindStEph.rs)... UNNEEDED (commented) [initial 54.1s -> now 42.2s (incremental -11.9s)]
[145/149] assert L1871 in union_merge<V: StT + Hash> (src/Chap65/UnionFindStEph.rs)... UNNEEDED (commented) [initial 54.1s -> now 44.3s (incremental -9.9s)]
[146/149] assert L1888 in union_merge<V: StT + Hash> (src/Chap65/UnionFindStEph.rs)... UNNEEDED (commented) [initial 54.1s -> now 39.8s (incremental -14.3s)]
[147/149] assert L1889 in union_merge<V: StT + Hash> (src/Chap65/UnionFindStEph.rs)... UNNEEDED (commented) [initial 54.1s -> now 42.1s (incremental -12.0s)]
[148/149] assert L1890 in union_merge<V: StT + Hash> (src/Chap65/UnionFindStEph.rs)... UNNEEDED (commented) [initial 54.1s -> now 40.0s (incremental -14.2s)]
[149/149] assert L1891 in union_merge<V: StT + Hash> (src/Chap65/UnionFindStEph.rs)... UNNEEDED (commented) [initial 54.1s -> now 44.4s (incremental -9.8s)]

Phase 10 Summary: 149 tested, 149 removed (commented), 16m 41s time saved

Phase 11: Skipped (use -m flag to enable admit minimization)

Phase 12: Skipped (use -p flag to enable proof block minimization)

Phase 13: Skipped (use -t flag to enable type minimization)

═══════════════════════════════════════════════════════════════
Phase 14: Analyzing and verifying final codebase
═══════════════════════════════════════════════════════════════

  Final LOC (comments not counted):
    Spec:       0
    Proof:      0
    Exec:       0
    Total:      0

  LOC change: no change
  (excluding manual module removal)

  Verifying...
✓ Final verification: 44.2s (was 49.5s, -5.3s (10.6% faster))

═══════════════════════════════════════════════════════════════
MINIMIZATION SUMMARY
═══════════════════════════════════════════════════════════════

Time:
  Actual time:             2h 18m 5s
  Estimated time:          8h 48m 55s
  Estimation error:        -23450.0s (-73.9%)

Verification:
  Initial: 49.5s (passed)
  Final:   44.2s (passed)
  Change:  -5.3s (10.6% faster)

Lines of Code (comments not counted):
  Initial:      0 (spec: 0, proof: 0, exec: 0)
  Final:        0 (spec: 0, proof: 0, exec: 0)
  Change:  no change (excluding manual module removal)

Phase 7 (dependence): 0 DEPENDENT, 0 INDEPENDENT
Phase 8 (necessity):  0 USED, 0 UNUSED, 0 skipped
Combined:             0 DEPENDENT BUT NEEDED (keep these)

┌───────────────────────────────────────────────────────────────┐
│ DEPENDENT LEMMAS (vstd broadcast groups can prove these)     │
├───────────────────────────────────────────────────────────────┤
│ (none)                                                        │
└───────────────────────────────────────────────────────────────┘

┌───────────────────────────────────────────────────────────────┐
│ UNNEEDED LEMMAS (commented out, codebase verifies without)   │
├───────────────────────────────────────────────────────────────┤
│ (none - all tested lemmas are needed)                        │
└───────────────────────────────────────────────────────────────┘

┌───────────────────────────────────────────────────────────────┐
│ DEPENDENT BUT NEEDED (guide verification, keep for now)      │
├───────────────────────────────────────────────────────────────┤
│ (none - all dependent lemmas were also unneeded)             │
└───────────────────────────────────────────────────────────────┘

┌───────────────────────────────────────────────────────────────┐
│ SPEC FUNCTIONS (160 total, 56 without explicit calls)         │
├───────────────────────────────────────────────────────────────┤
│ checked_int.rs             -> spec_is_add_associative
│ checked_int.rs             -> spec_is_add_commutative
│ checked_int.rs             -> spec_is_mul_associative
│ checked_int.rs             -> spec_is_mul_commutative
│ checked_int.rs             -> spec_mul_distributes_over_add
│ checked_nat.rs             -> spec_is_add_associative
│ checked_nat.rs             -> spec_is_add_commutative
│ checked_nat.rs             -> spec_is_mul_associative
│ checked_nat.rs             -> spec_is_mul_commutative
│ checked_nat.rs             -> spec_mul_distributes_over_add
│ feq.rs                     -> feq_reflexive
│ feq.rs                     -> feq_symmetric
│ feq.rs                     -> feq_transitive
│ feq.rs                     -> obeys_feq<bool, u8, u16, u32, u64, u128, usize, i8, i16, i32, i64, i128, isize> (13 variants, 0 used)
│ feq.rs                     -> obeys_feq_clone
│ feq.rs                     -> obeys_feq_eq
│ feq.rs                     -> obeys_feq_full
│ feq.rs                     -> obeys_feq_full_trigger
│ feq.rs                     -> obeys_feq_fulls
│ feq.rs                     -> obeys_feq_properties
│ feq.rs                     -> obeys_feq_view
│ feq.rs                     -> obeys_feq_view_injective
│ feq.rs                     -> obeys_view_eq_trigger
│ float.rs                   -> all_float_wf
│ float.rs                   -> spec_float_sorted
│ hash_map_with_view_plus.rs -> exec_invariant
│ hash_map_with_view_plus.rs -> ghost_advance
│ hash_map_with_view_plus.rs -> ghost_decrease
│ hash_map_with_view_plus.rs -> ghost_ensures
│ hash_map_with_view_plus.rs -> ghost_invariant
│ hash_map_with_view_plus.rs -> ghost_iter
│ hash_map_with_view_plus.rs -> ghost_peek_next
│ hash_set_with_view_plus.rs -> exec_invariant
│ hash_set_with_view_plus.rs -> ghost_advance
│ hash_set_with_view_plus.rs -> ghost_decrease
│ hash_set_with_view_plus.rs -> ghost_ensures
│ hash_set_with_view_plus.rs -> ghost_invariant
│ hash_set_with_view_plus.rs -> ghost_iter
│ hash_set_with_view_plus.rs -> ghost_peek_next
│ hashed_checked_u32.rs      -> valid_key_type_CheckedU32
│ partial_order.rs           -> partial_order_ensures
│ pervasives_plus.rs         -> comment
│ seq.rs                     -> spec_sum_u32_fold
└───────────────────────────────────────────────────────────────┘

┌───────────────────────────────────────────────────────────────┐
│ REMOVABLE MODULES (0 can be removed entirely)               │
├───────────────────────────────────────────────────────────────┤
│ (none - all modules are needed)                              │
└───────────────────────────────────────────────────────────────┘

✓ Minimization complete! Codebase still verifies.
