/home/milnes/projects/APAS-VERUS-agent5/src/Chap05/SetMtEph.rs:
  wf predicate: spec_setmteph_wf
  type params: T (single-type)
  wf modification: +1 line(s)
  loop invariant removals: 0
  trigger assert removals: 0
  requires removals: 0
  loop_isolation(false) added: 0
  constructor triggers kept: 4
  net lines: 1

/home/milnes/projects/APAS-VERUS-agent5/src/Chap05/SetStEph.rs:
  wf predicate: spec_setsteph_wf
  type params: T (single-type)
  wf modification: +1 line(s)
  loop invariant removals: 0
  trigger assert removals: 0
  requires removals: 0
  loop_isolation(false) added: 0
  constructor triggers kept: 3
  net lines: 1

/home/milnes/projects/APAS-VERUS-agent5/src/Chap37/AVLTreeSeq.rs:
  wf predicate: spec_avltreeseq_wf
  type params: T (single-type)
  wf modification: +1 line(s)
  loop invariant removals: 5
  trigger assert removals: 0
  requires removals: 7
  loop_isolation(false) added: 3
  constructor triggers kept: 5
  net lines: -8

/home/milnes/projects/APAS-VERUS-agent5/src/Chap37/AVLTreeSeqMtPer.rs:
  wf predicate: spec_avltreeseqmtper_wf
  type params: T (single-type)
  wf modification: +1 line(s)
  loop invariant removals: 1
  trigger assert removals: 0
  requires removals: 1
  loop_isolation(false) added: 1
  constructor triggers kept: 6
  net lines: 0

/home/milnes/projects/APAS-VERUS-agent5/src/Chap37/AVLTreeSeqStEph.rs:
  wf predicate: spec_avltreeseqsteph_wf
  type params: T (single-type)
  wf modification: +1 line(s)
  loop invariant removals: 7
  trigger assert removals: 0
  requires removals: 5
  loop_isolation(false) added: 5
  constructor triggers kept: 7
  net lines: -6

/home/milnes/projects/APAS-VERUS-agent5/src/Chap37/AVLTreeSeqStPer.rs:
  wf predicate: spec_avltreeseqstper_wf
  type params: T (single-type)
  wf modification: +1 line(s)
  loop invariant removals: 1
  trigger assert removals: 0
  requires removals: 1
  loop_isolation(false) added: 1
  constructor triggers kept: 7
  net lines: 0

/home/milnes/projects/APAS-VERUS-agent5/src/Chap41/AVLTreeSetStEph.rs:
  wf predicate: spec_avltreesetsteph_wf
  type params: T (single-type)
  wf modification: +1 line(s)
  loop invariant removals: 19
  trigger assert removals: 13
  requires removals: 3
  loop_isolation(false) added: 14
  constructor triggers kept: 3
  net lines: -20

/home/milnes/projects/APAS-VERUS-agent5/src/Chap41/AVLTreeSetStPer.rs:
  wf predicate: spec_avltreesetstper_wf
  type params: T (single-type)
  wf modification: +0 line(s)
  loop invariant removals: 3
  trigger assert removals: 1
  requires removals: 1
  loop_isolation(false) added: 0
  constructor triggers kept: 3
  net lines: -5

/home/milnes/projects/APAS-VERUS-agent5/src/Chap41/ArraySetStEph.rs:
  wf predicate: spec_arraysetsteph_wf
  type params: T (single-type)
  wf modification: +0 line(s)
  loop invariant removals: 8
  trigger assert removals: 0
  requires removals: 0
  loop_isolation(false) added: 7
  constructor triggers kept: 3
  net lines: -1

/home/milnes/projects/APAS-VERUS-agent5/src/Chap42/TableMtEph.rs:
  wf predicate: spec_tablemteph_wf
  type params: K,V,Pair<K,V> (two-type+pair)
  wf modification: +2 line(s)
  loop invariant removals: 11
  trigger assert removals: 0
  requires removals: 3
  loop_isolation(false) added: 9
  constructor triggers kept: 3
  net lines: -3

/home/milnes/projects/APAS-VERUS-agent5/src/Chap42/TableStEph.rs:
  wf predicate: spec_tablesteph_wf
  type params: K,V,Pair<K,V> (two-type+pair)
  wf modification: +2 line(s)
  loop invariant removals: 10
  trigger assert removals: 0
  requires removals: 8
  loop_isolation(false) added: 9
  constructor triggers kept: 1
  net lines: -7

/home/milnes/projects/APAS-VERUS-agent5/src/Chap43/AugOrderedTableMtEph.rs:
  wf predicate: spec_augorderedtablemteph_wf
  type params: K,V,Pair<K,V> (two-type+pair)
  wf modification: +2 line(s)
  loop invariant removals: 0
  trigger assert removals: 0
  requires removals: 5
  loop_isolation(false) added: 0
  constructor triggers kept: 2
  net lines: -3

/home/milnes/projects/APAS-VERUS-agent5/src/Chap43/AugOrderedTableStEph.rs:
  wf predicate: spec_augorderedtablesteph_wf
  type params: K,V,Pair<K,V> (two-type+pair)
  wf modification: +2 line(s)
  loop invariant removals: 0
  trigger assert removals: 0
  requires removals: 10
  loop_isolation(false) added: 0
  constructor triggers kept: 1
  net lines: -8

/home/milnes/projects/APAS-VERUS-agent5/src/Chap43/AugOrderedTableStPer.rs:
  wf predicate: spec_augorderedtablestper_wf
  type params: K,V,Pair<K,V> (two-type+pair)
  wf modification: +2 line(s)
  loop invariant removals: 0
  trigger assert removals: 0
  requires removals: 11
  loop_isolation(false) added: 0
  constructor triggers kept: 3
  net lines: -9

/home/milnes/projects/APAS-VERUS-agent5/src/Chap43/OrderedSetMtEph.rs:
  wf predicate: spec_orderedsetmteph_wf
  type params: T (single-type)
  wf modification: +1 line(s)
  loop invariant removals: 1
  trigger assert removals: 0
  requires removals: 0
  loop_isolation(false) added: 1
  constructor triggers kept: 3
  net lines: 1

/home/milnes/projects/APAS-VERUS-agent5/src/Chap43/OrderedSetStEph.rs:
  wf predicate: spec_orderedsetsteph_wf
  type params: T (single-type)
  wf modification: +1 line(s)
  loop invariant removals: 9
  trigger assert removals: 9
  requires removals: 0
  loop_isolation(false) added: 9
  constructor triggers kept: 4
  net lines: -8

/home/milnes/projects/APAS-VERUS-agent5/src/Chap43/OrderedSetStPer.rs:
  wf predicate: spec_orderedsetstper_wf
  type params: T (single-type)
  wf modification: +1 line(s)
  loop invariant removals: 8
  trigger assert removals: 9
  requires removals: 0
  loop_isolation(false) added: 8
  constructor triggers kept: 4
  net lines: -8

/home/milnes/projects/APAS-VERUS-agent5/src/Chap43/OrderedTableMtEph.rs:
  wf predicate: spec_orderedtablemteph_wf
  type params: K,V,Pair<K,V> (two-type+pair)
  wf modification: +2 line(s)
  loop invariant removals: 0
  trigger assert removals: 0
  requires removals: 4
  loop_isolation(false) added: 0
  constructor triggers kept: 5
  net lines: -2

/home/milnes/projects/APAS-VERUS-agent5/src/Chap43/OrderedTableStEph.rs:
  wf predicate: spec_orderedtablesteph_wf
  type params: K,V,Pair<K,V> (two-type+pair)
  wf modification: +2 line(s)
  loop invariant removals: 28
  trigger assert removals: 15
  requires removals: 10
  loop_isolation(false) added: 21
  constructor triggers kept: 2
  net lines: -30

/home/milnes/projects/APAS-VERUS-agent5/src/Chap43/OrderedTableStPer.rs:
  wf predicate: spec_orderedtablestper_wf
  type params: K,V,Pair<K,V> (two-type+pair)
  wf modification: +2 line(s)
  loop invariant removals: 22
  trigger assert removals: 4
  requires removals: 10
  loop_isolation(false) added: 16
  constructor triggers kept: 4
  net lines: -18

/home/milnes/projects/APAS-VERUS-agent5/src/Chap45/BalancedTreePQ.rs:
  wf predicate: spec_balancedtreepq_wf
  type params: T (single-type)
  wf modification: +1 line(s)
  loop invariant removals: 1
  trigger assert removals: 0
  requires removals: 1
  loop_isolation(false) added: 1
  constructor triggers kept: 5
  net lines: 0


|   # |   Chap | File                           | Type |  WF + |  Inv - |  Trig - |  Req - |   Iso + |   Net |
|-----|--------|--------------------------------|------|-------|--------|---------|--------|---------|-------|
|   1 | Chap05 | SetMtEph.rs                    |    T |    +1 |     +0 |      +0 |     +0 |      +0 |    +1 |
|   2 | Chap05 | SetStEph.rs                    |    T |    +1 |     +0 |      +0 |     +0 |      +0 |    +1 |
|   3 | Chap37 | AVLTreeSeq.rs                  |    T |    +1 |     -5 |      +0 |     -7 |      +3 |    -8 |
|   4 | Chap37 | AVLTreeSeqMtPer.rs             |    T |    +1 |     -1 |      +0 |     -1 |      +1 |    +0 |
|   5 | Chap37 | AVLTreeSeqStEph.rs             |    T |    +1 |     -7 |      +0 |     -5 |      +5 |    -6 |
|   6 | Chap37 | AVLTreeSeqStPer.rs             |    T |    +1 |     -1 |      +0 |     -1 |      +1 |    +0 |
|   7 | Chap41 | AVLTreeSetStEph.rs             |    T |    +1 |    -19 |     -13 |     -3 |     +14 |   -20 |
|   8 | Chap41 | AVLTreeSetStPer.rs             |    T |    +0 |     -3 |      -1 |     -1 |      +0 |    -5 |
|   9 | Chap41 | ArraySetStEph.rs               |    T |    +0 |     -8 |      +0 |     +0 |      +7 |    -1 |
|  10 | Chap42 | TableMtEph.rs                  |  K,V |    +2 |    -11 |      +0 |     -3 |      +9 |    -3 |
|  11 | Chap42 | TableStEph.rs                  |  K,V |    +2 |    -10 |      +0 |     -8 |      +9 |    -7 |
|  12 | Chap43 | AugOrderedTableMtEph.rs        |  K,V |    +2 |     +0 |      +0 |     -5 |      +0 |    -3 |
|  13 | Chap43 | AugOrderedTableStEph.rs        |  K,V |    +2 |     +0 |      +0 |    -10 |      +0 |    -8 |
|  14 | Chap43 | AugOrderedTableStPer.rs        |  K,V |    +2 |     +0 |      +0 |    -11 |      +0 |    -9 |
|  15 | Chap43 | OrderedSetMtEph.rs             |    T |    +1 |     -1 |      +0 |     +0 |      +1 |    +1 |
|  16 | Chap43 | OrderedSetStEph.rs             |    T |    +1 |     -9 |      -9 |     +0 |      +9 |    -8 |
|  17 | Chap43 | OrderedSetStPer.rs             |    T |    +1 |     -8 |      -9 |     +0 |      +8 |    -8 |
|  18 | Chap43 | OrderedTableMtEph.rs           |  K,V |    +2 |     +0 |      +0 |     -4 |      +0 |    -2 |
|  19 | Chap43 | OrderedTableStEph.rs           |  K,V |    +2 |    -28 |     -15 |    -10 |     +21 |   -30 |
|  20 | Chap43 | OrderedTableStPer.rs           |  K,V |    +2 |    -22 |      -4 |    -10 |     +16 |   -18 |
|  21 | Chap45 | BalancedTreePQ.rs              |    T |    +1 |     -1 |      +0 |     -1 |      +1 |    +0 |
|  22 | Chap65 | UnionFindStEph.rs              |    V |    +0 |     +0 |      +0 |     +0 |      +0 |    +0 |
|     |  TOTAL |                                |      |   +27 |   -134 |     -51 |    -80 |    +105 |  -133 |

Skipped files:
  SKIP /home/milnes/projects/APAS-VERUS-agent5/benches/Chap03/BenchInsertionSortStEph.rs: no obeys_feq_full usage
  SKIP /home/milnes/projects/APAS-VERUS-agent5/docs/APAS-VERUSIterators.rs: no obeys_feq_full usage
  SKIP /home/milnes/projects/APAS-VERUS-agent5/rust_verify_test/tests/Chap05/MappingStEph.rs: no obeys_feq_full usage
  SKIP /home/milnes/projects/APAS-VERUS-agent5/rust_verify_test/tests/Chap05/ProveKleeneStPer.rs: no obeys_feq_full usage
  SKIP /home/milnes/projects/APAS-VERUS-agent5/rust_verify_test/tests/Chap05/ProveMappingStEph.rs: no obeys_feq_full usage
  SKIP /home/milnes/projects/APAS-VERUS-agent5/rust_verify_test/tests/Chap05/ProveRelationStEph.rs: no obeys_feq_full usage
  SKIP /home/milnes/projects/APAS-VERUS-agent5/rust_verify_test/tests/Chap05/ProveSetMtEph.rs: no obeys_feq_full usage
  SKIP /home/milnes/projects/APAS-VERUS-agent5/rust_verify_test/tests/Chap05/RelationStEph.rs: no obeys_feq_full usage
  SKIP /home/milnes/projects/APAS-VERUS-agent5/rust_verify_test/tests/Chap05/SetMtEph.rs: no obeys_feq_full usage
  SKIP /home/milnes/projects/APAS-VERUS-agent5/rust_verify_test/tests/Chap05/SetStEph.rs: no obeys_feq_full usage
  SKIP /home/milnes/projects/APAS-VERUS-agent5/rust_verify_test/tests/Chap06/ProveDirGraphMtEph.rs: no obeys_feq_full usage
  SKIP /home/milnes/projects/APAS-VERUS-agent5/rust_verify_test/tests/Chap06/ProveDirGraphStEph.rs: no obeys_feq_full usage
  SKIP /home/milnes/projects/APAS-VERUS-agent5/rust_verify_test/tests/Chap06/ProveLabDirGraphMtEph.rs: no obeys_feq_full usage
  SKIP /home/milnes/projects/APAS-VERUS-agent5/rust_verify_test/tests/Chap06/ProveLabDirGraphStEph.rs: no obeys_feq_full usage
  SKIP /home/milnes/projects/APAS-VERUS-agent5/rust_verify_test/tests/Chap06/ProveLabUnDirGraphMtEph.rs: no obeys_feq_full usage
  SKIP /home/milnes/projects/APAS-VERUS-agent5/rust_verify_test/tests/Chap06/ProveLabUnDirGraphStEph.rs: no obeys_feq_full usage
  SKIP /home/milnes/projects/APAS-VERUS-agent5/rust_verify_test/tests/Chap06/ProveUnDirGraphMtEph.rs: no obeys_feq_full usage
  SKIP /home/milnes/projects/APAS-VERUS-agent5/rust_verify_test/tests/Chap06/ProveUnDirGraphStEph.rs: no obeys_feq_full usage
  SKIP /home/milnes/projects/APAS-VERUS-agent5/rust_verify_test/tests/Chap06/ProveWeightedDirGraphStEphI128.rs: no obeys_feq_full usage
  SKIP /home/milnes/projects/APAS-VERUS-agent5/rust_verify_test/tests/Chap06/ProveWeightedDirGraphStEphI16.rs: no obeys_feq_full usage
  SKIP /home/milnes/projects/APAS-VERUS-agent5/rust_verify_test/tests/Chap06/ProveWeightedDirGraphStEphI32.rs: no obeys_feq_full usage
  SKIP /home/milnes/projects/APAS-VERUS-agent5/rust_verify_test/tests/Chap06/ProveWeightedDirGraphStEphI64.rs: no obeys_feq_full usage
  SKIP /home/milnes/projects/APAS-VERUS-agent5/rust_verify_test/tests/Chap06/ProveWeightedDirGraphStEphI8.rs: no obeys_feq_full usage
  SKIP /home/milnes/projects/APAS-VERUS-agent5/rust_verify_test/tests/Chap06/ProveWeightedDirGraphStEphIsize.rs: no obeys_feq_full usage
  SKIP /home/milnes/projects/APAS-VERUS-agent5/rust_verify_test/tests/Chap06/ProveWeightedDirGraphStEphU128.rs: no obeys_feq_full usage
  SKIP /home/milnes/projects/APAS-VERUS-agent5/rust_verify_test/tests/Chap06/ProveWeightedDirGraphStEphU16.rs: no obeys_feq_full usage
  SKIP /home/milnes/projects/APAS-VERUS-agent5/rust_verify_test/tests/Chap06/ProveWeightedDirGraphStEphU32.rs: no obeys_feq_full usage
  SKIP /home/milnes/projects/APAS-VERUS-agent5/rust_verify_test/tests/Chap06/ProveWeightedDirGraphStEphU64.rs: no obeys_feq_full usage
  SKIP /home/milnes/projects/APAS-VERUS-agent5/rust_verify_test/tests/Chap06/ProveWeightedDirGraphStEphU8.rs: no obeys_feq_full usage
  SKIP /home/milnes/projects/APAS-VERUS-agent5/rust_verify_test/tests/Chap06/ProveWeightedDirGraphStEphUsize.rs: no obeys_feq_full usage
  SKIP /home/milnes/projects/APAS-VERUS-agent5/rust_verify_test/tests/Chap17/ProveMathSeq.rs: no obeys_feq_full usage
  SKIP /home/milnes/projects/APAS-VERUS-agent5/rust_verify_test/tests/Chap17/prove_MathSeq_iters.rs: no obeys_feq_full usage
  SKIP /home/milnes/projects/APAS-VERUS-agent5/rust_verify_test/tests/Chap18/ProveArraySeq.rs: no obeys_feq_full usage
  SKIP /home/milnes/projects/APAS-VERUS-agent5/rust_verify_test/tests/Chap18/ProveArraySeqMtEph.rs: no obeys_feq_full usage
  SKIP /home/milnes/projects/APAS-VERUS-agent5/rust_verify_test/tests/Chap18/ProveArraySeqMtPer.rs: no obeys_feq_full usage
  SKIP /home/milnes/projects/APAS-VERUS-agent5/rust_verify_test/tests/Chap18/ProveArraySeqStEph.rs: no obeys_feq_full usage
  SKIP /home/milnes/projects/APAS-VERUS-agent5/rust_verify_test/tests/Chap18/ProveArraySeqStPer.rs: no obeys_feq_full usage
  SKIP /home/milnes/projects/APAS-VERUS-agent5/rust_verify_test/tests/Chap18/ProveLinkedListStEph.rs: no obeys_feq_full usage
  SKIP /home/milnes/projects/APAS-VERUS-agent5/rust_verify_test/tests/Chap18/ProveLinkedListStPer.rs: no obeys_feq_full usage
  SKIP /home/milnes/projects/APAS-VERUS-agent5/rust_verify_test/tests/Chap19/ProveArraySeqMtEph.rs: no obeys_feq_full usage
  SKIP /home/milnes/projects/APAS-VERUS-agent5/rust_verify_test/tests/Chap19/ProveArraySeqMtEphSlice.rs: no obeys_feq_full usage
  SKIP /home/milnes/projects/APAS-VERUS-agent5/rust_verify_test/tests/Chap19/ProveArraySeqStEph.rs: no obeys_feq_full usage
  SKIP /home/milnes/projects/APAS-VERUS-agent5/rust_verify_test/tests/Chap19/ProveArraySeqStPer.rs: no obeys_feq_full usage
  SKIP /home/milnes/projects/APAS-VERUS-agent5/rust_verify_test/tests/Chap23/ProveBalBinTreeStEph.rs: no obeys_feq_full usage
  SKIP /home/milnes/projects/APAS-VERUS-agent5/rust_verify_test/tests/Chap23/ProvePrimTreeSeqStPer.rs: no obeys_feq_full usage
  SKIP /home/milnes/projects/APAS-VERUS-agent5/rust_verify_test/tests/Chap41/ProveAVLTreeSetMtEph.rs: no obeys_feq_full usage
  SKIP /home/milnes/projects/APAS-VERUS-agent5/rust_verify_test/tests/Chap43/ProveOrderedTableStPer.rs: no verus! block
  SKIP /home/milnes/projects/APAS-VERUS-agent5/rust_verify_test/tests/Chap54/ProveBFSMtEph.rs: no obeys_feq_full usage
  SKIP /home/milnes/projects/APAS-VERUS-agent5/rust_verify_test/tests/Chap54/ProveBFSStEph.rs: no obeys_feq_full usage
  SKIP /home/milnes/projects/APAS-VERUS-agent5/rust_verify_test/tests/common/mod.rs: no obeys_feq_full usage
  SKIP /home/milnes/projects/APAS-VERUS-agent5/src/Chap02/FibonacciHFScheduler.rs: no obeys_feq_full usage
  SKIP /home/milnes/projects/APAS-VERUS-agent5/src/Chap02/HFSchedulerMtEph.rs: no obeys_feq_full usage
  SKIP /home/milnes/projects/APAS-VERUS-agent5/src/Chap03/InsertionSortStEph.rs: no obeys_feq_full usage
  SKIP /home/milnes/projects/APAS-VERUS-agent5/src/Chap05/KleeneStPer.rs: no obeys_feq_full usage
  SKIP /home/milnes/projects/APAS-VERUS-agent5/src/Chap05/MappingStEph.rs: no obeys_feq_full calls in AST
  SKIP /home/milnes/projects/APAS-VERUS-agent5/src/Chap05/RelationStEph.rs: no obeys_feq_full usage
  SKIP /home/milnes/projects/APAS-VERUS-agent5/src/Chap06/DirGraphMtEph.rs: no obeys_feq_full usage
  SKIP /home/milnes/projects/APAS-VERUS-agent5/src/Chap06/DirGraphStEph.rs: no obeys_feq_full usage
  SKIP /home/milnes/projects/APAS-VERUS-agent5/src/Chap06/LabDirGraphMtEph.rs: no obeys_feq_full usage
  SKIP /home/milnes/projects/APAS-VERUS-agent5/src/Chap06/LabDirGraphStEph.rs: no obeys_feq_full usage
  SKIP /home/milnes/projects/APAS-VERUS-agent5/src/Chap06/LabUnDirGraphMtEph.rs: no obeys_feq_full usage
  SKIP /home/milnes/projects/APAS-VERUS-agent5/src/Chap06/LabUnDirGraphStEph.rs: no obeys_feq_full usage
  SKIP /home/milnes/projects/APAS-VERUS-agent5/src/Chap06/UnDirGraphMtEph.rs: no obeys_feq_full usage
  SKIP /home/milnes/projects/APAS-VERUS-agent5/src/Chap06/UnDirGraphStEph.rs: no obeys_feq_full usage
  SKIP /home/milnes/projects/APAS-VERUS-agent5/src/Chap06/WeightedDirGraphStEphF64.rs: no obeys_feq_full usage
  SKIP /home/milnes/projects/APAS-VERUS-agent5/src/Chap06/WeightedDirGraphStEphI128.rs: no obeys_feq_full usage
  SKIP /home/milnes/projects/APAS-VERUS-agent5/src/Chap06/WeightedDirGraphStEphI16.rs: no obeys_feq_full usage
  SKIP /home/milnes/projects/APAS-VERUS-agent5/src/Chap06/WeightedDirGraphStEphI32.rs: no obeys_feq_full usage
  SKIP /home/milnes/projects/APAS-VERUS-agent5/src/Chap06/WeightedDirGraphStEphI64.rs: no obeys_feq_full usage
  SKIP /home/milnes/projects/APAS-VERUS-agent5/src/Chap06/WeightedDirGraphStEphI8.rs: no obeys_feq_full usage
  SKIP /home/milnes/projects/APAS-VERUS-agent5/src/Chap06/WeightedDirGraphStEphIsize.rs: no obeys_feq_full usage
  SKIP /home/milnes/projects/APAS-VERUS-agent5/src/Chap06/WeightedDirGraphStEphU128.rs: no obeys_feq_full usage
  SKIP /home/milnes/projects/APAS-VERUS-agent5/src/Chap06/WeightedDirGraphStEphU16.rs: no obeys_feq_full usage
  SKIP /home/milnes/projects/APAS-VERUS-agent5/src/Chap06/WeightedDirGraphStEphU32.rs: no obeys_feq_full usage
  SKIP /home/milnes/projects/APAS-VERUS-agent5/src/Chap06/WeightedDirGraphStEphU64.rs: no obeys_feq_full usage
  SKIP /home/milnes/projects/APAS-VERUS-agent5/src/Chap06/WeightedDirGraphStEphU8.rs: no obeys_feq_full usage
  SKIP /home/milnes/projects/APAS-VERUS-agent5/src/Chap06/WeightedDirGraphStEphUsize.rs: no obeys_feq_full usage
  SKIP /home/milnes/projects/APAS-VERUS-agent5/src/Chap11/FibonacciMtEph2Threads.rs: no obeys_feq_full usage
  SKIP /home/milnes/projects/APAS-VERUS-agent5/src/Chap11/FibonacciMtEphRecomputes.rs: no obeys_feq_full usage
  SKIP /home/milnes/projects/APAS-VERUS-agent5/src/Chap11/FibonacciMtPerAllThreads.rs: no obeys_feq_full usage
  SKIP /home/milnes/projects/APAS-VERUS-agent5/src/Chap11/FibonacciMtPerTSM.rs: no obeys_feq_full usage
  SKIP /home/milnes/projects/APAS-VERUS-agent5/src/Chap11/FibonacciStEph.rs: no obeys_feq_full usage
  SKIP /home/milnes/projects/APAS-VERUS-agent5/src/Chap12/Exercise12_1.rs: no obeys_feq_full usage
  SKIP /home/milnes/projects/APAS-VERUS-agent5/src/Chap12/Exercise12_2.rs: no obeys_feq_full usage
  SKIP /home/milnes/projects/APAS-VERUS-agent5/src/Chap12/Exercise12_5.rs: no obeys_feq_full usage
  SKIP /home/milnes/projects/APAS-VERUS-agent5/src/Chap17/MathSeq.rs: no spec_*_wf predicate found
  SKIP /home/milnes/projects/APAS-VERUS-agent5/src/Chap18/ArraySeq.rs: no spec_*_wf predicate found
  SKIP /home/milnes/projects/APAS-VERUS-agent5/src/Chap18/ArraySeqMtEph.rs: no obeys_feq_full usage
  SKIP /home/milnes/projects/APAS-VERUS-agent5/src/Chap18/ArraySeqMtPer.rs: no obeys_feq_full usage
  SKIP /home/milnes/projects/APAS-VERUS-agent5/src/Chap18/ArraySeqStEph.rs: no obeys_feq_full usage
  SKIP /home/milnes/projects/APAS-VERUS-agent5/src/Chap18/ArraySeqStPer.rs: no obeys_feq_full usage
  SKIP /home/milnes/projects/APAS-VERUS-agent5/src/Chap18/LinkedListStEph.rs: no obeys_feq_full usage
  SKIP /home/milnes/projects/APAS-VERUS-agent5/src/Chap18/LinkedListStPer.rs: no obeys_feq_full usage
  SKIP /home/milnes/projects/APAS-VERUS-agent5/src/Chap19/ArraySeqMtEph.rs: no obeys_feq_full usage
  SKIP /home/milnes/projects/APAS-VERUS-agent5/src/Chap19/ArraySeqMtEphSlice.rs: no obeys_feq_full usage
  SKIP /home/milnes/projects/APAS-VERUS-agent5/src/Chap19/ArraySeqStEph.rs: no obeys_feq_full usage
  SKIP /home/milnes/projects/APAS-VERUS-agent5/src/Chap19/ArraySeqStPer.rs: no obeys_feq_full usage
  SKIP /home/milnes/projects/APAS-VERUS-agent5/src/Chap21/Algorithm21_1.rs: no obeys_feq_full usage
  SKIP /home/milnes/projects/APAS-VERUS-agent5/src/Chap21/Algorithm21_2.rs: no obeys_feq_full usage
  SKIP /home/milnes/projects/APAS-VERUS-agent5/src/Chap21/Algorithm21_5.rs: no obeys_feq_full usage
  SKIP /home/milnes/projects/APAS-VERUS-agent5/src/Chap21/Algorithm21_6.rs: no obeys_feq_full usage
  SKIP /home/milnes/projects/APAS-VERUS-agent5/src/Chap21/Exercise21_5.rs: no obeys_feq_full usage
  SKIP /home/milnes/projects/APAS-VERUS-agent5/src/Chap21/Exercise21_6.rs: no obeys_feq_full usage
  SKIP /home/milnes/projects/APAS-VERUS-agent5/src/Chap21/Exercise21_7.rs: no obeys_feq_full usage
  SKIP /home/milnes/projects/APAS-VERUS-agent5/src/Chap21/Exercise21_8.rs: no obeys_feq_full usage
  SKIP /home/milnes/projects/APAS-VERUS-agent5/src/Chap21/Exercise21_9.rs: no obeys_feq_full usage
  SKIP /home/milnes/projects/APAS-VERUS-agent5/src/Chap21/Problem21_1.rs: no obeys_feq_full usage
  SKIP /home/milnes/projects/APAS-VERUS-agent5/src/Chap21/Problem21_3.rs: no obeys_feq_full usage
  SKIP /home/milnes/projects/APAS-VERUS-agent5/src/Chap21/Problem21_4.rs: no obeys_feq_full usage
  SKIP /home/milnes/projects/APAS-VERUS-agent5/src/Chap23/BalBinTreeStEph.rs: no obeys_feq_full usage
  SKIP /home/milnes/projects/APAS-VERUS-agent5/src/Chap23/PrimTreeSeqStPer.rs: no obeys_feq_full usage
  SKIP /home/milnes/projects/APAS-VERUS-agent5/src/Chap26/DivConReduceMtPer.rs: no obeys_feq_full usage
  SKIP /home/milnes/projects/APAS-VERUS-agent5/src/Chap26/DivConReduceStPer.rs: no obeys_feq_full usage
  SKIP /home/milnes/projects/APAS-VERUS-agent5/src/Chap26/ETSPMtEph.rs: no obeys_feq_full usage
  SKIP /home/milnes/projects/APAS-VERUS-agent5/src/Chap26/ETSPStEph.rs: no obeys_feq_full usage
  SKIP /home/milnes/projects/APAS-VERUS-agent5/src/Chap26/MergeSortMtPer.rs: no obeys_feq_full usage
  SKIP /home/milnes/projects/APAS-VERUS-agent5/src/Chap26/MergeSortStPer.rs: no obeys_feq_full usage
  SKIP /home/milnes/projects/APAS-VERUS-agent5/src/Chap26/ScanDCMtPer.rs: no obeys_feq_full usage
  SKIP /home/milnes/projects/APAS-VERUS-agent5/src/Chap26/ScanDCStPer.rs: no obeys_feq_full usage
  SKIP /home/milnes/projects/APAS-VERUS-agent5/src/Chap27/ReduceContractMtEph.rs: no obeys_feq_full usage
  SKIP /home/milnes/projects/APAS-VERUS-agent5/src/Chap27/ReduceContractStEph.rs: no obeys_feq_full usage
  SKIP /home/milnes/projects/APAS-VERUS-agent5/src/Chap27/ScanContractMtEph.rs: no obeys_feq_full usage
  SKIP /home/milnes/projects/APAS-VERUS-agent5/src/Chap27/ScanContractStEph.rs: no obeys_feq_full usage
  SKIP /home/milnes/projects/APAS-VERUS-agent5/src/Chap28/MCSSSpec.rs: no obeys_feq_full usage
  SKIP /home/milnes/projects/APAS-VERUS-agent5/src/Chap28/MaxContigSubSumBruteStEph.rs: no obeys_feq_full usage
  SKIP /home/milnes/projects/APAS-VERUS-agent5/src/Chap28/MaxContigSubSumDivConMtEph.rs: no obeys_feq_full usage
  SKIP /home/milnes/projects/APAS-VERUS-agent5/src/Chap28/MaxContigSubSumDivConOptMtEph.rs: no obeys_feq_full usage
  SKIP /home/milnes/projects/APAS-VERUS-agent5/src/Chap28/MaxContigSubSumDivConOptStEph.rs: no obeys_feq_full usage
  SKIP /home/milnes/projects/APAS-VERUS-agent5/src/Chap28/MaxContigSubSumDivConStEph.rs: no obeys_feq_full usage
  SKIP /home/milnes/projects/APAS-VERUS-agent5/src/Chap28/MaxContigSubSumIterStEph.rs: no obeys_feq_full usage
  SKIP /home/milnes/projects/APAS-VERUS-agent5/src/Chap28/MaxContigSubSumOptMtEph.rs: no obeys_feq_full usage
  SKIP /home/milnes/projects/APAS-VERUS-agent5/src/Chap28/MaxContigSubSumOptStEph.rs: no obeys_feq_full usage
  SKIP /home/milnes/projects/APAS-VERUS-agent5/src/Chap28/MaxContigSubSumReducedMcsseStEph.rs: no obeys_feq_full usage
  SKIP /home/milnes/projects/APAS-VERUS-agent5/src/Chap28/MaxContigSubSumReducedStEph.rs: no obeys_feq_full usage
  SKIP /home/milnes/projects/APAS-VERUS-agent5/src/Chap30/Probability.rs: no obeys_feq_full usage
  SKIP /home/milnes/projects/APAS-VERUS-agent5/src/Chap35/OrderStatSelectMtEph.rs: no obeys_feq_full usage
  SKIP /home/milnes/projects/APAS-VERUS-agent5/src/Chap35/OrderStatSelectMtPer.rs: no obeys_feq_full usage
  SKIP /home/milnes/projects/APAS-VERUS-agent5/src/Chap35/OrderStatSelectStEph.rs: no obeys_feq_full usage
  SKIP /home/milnes/projects/APAS-VERUS-agent5/src/Chap35/OrderStatSelectStPer.rs: no obeys_feq_full usage
  SKIP /home/milnes/projects/APAS-VERUS-agent5/src/Chap36/QuickSortMtEph.rs: no obeys_feq_full usage
  SKIP /home/milnes/projects/APAS-VERUS-agent5/src/Chap36/QuickSortMtEphSlice.rs: no obeys_feq_full usage
  SKIP /home/milnes/projects/APAS-VERUS-agent5/src/Chap36/QuickSortStEph.rs: no obeys_feq_full usage
  SKIP /home/milnes/projects/APAS-VERUS-agent5/src/Chap37/BSTAVLMtEph.rs: no obeys_feq_full usage
  SKIP /home/milnes/projects/APAS-VERUS-agent5/src/Chap37/BSTAVLStEph.rs: no obeys_feq_full usage
  SKIP /home/milnes/projects/APAS-VERUS-agent5/src/Chap37/BSTBBAlphaMtEph.rs: no obeys_feq_full usage
  SKIP /home/milnes/projects/APAS-VERUS-agent5/src/Chap37/BSTBBAlphaStEph.rs: no obeys_feq_full usage
  SKIP /home/milnes/projects/APAS-VERUS-agent5/src/Chap37/BSTPlainMtEph.rs: no obeys_feq_full usage
  SKIP /home/milnes/projects/APAS-VERUS-agent5/src/Chap37/BSTPlainStEph.rs: no obeys_feq_full usage
  SKIP /home/milnes/projects/APAS-VERUS-agent5/src/Chap37/BSTRBMtEph.rs: no obeys_feq_full usage
  SKIP /home/milnes/projects/APAS-VERUS-agent5/src/Chap37/BSTRBStEph.rs: no obeys_feq_full usage
  SKIP /home/milnes/projects/APAS-VERUS-agent5/src/Chap37/BSTSetAVLMtEph.rs: no obeys_feq_full usage
  SKIP /home/milnes/projects/APAS-VERUS-agent5/src/Chap37/BSTSetBBAlphaMtEph.rs: no obeys_feq_full usage
  SKIP /home/milnes/projects/APAS-VERUS-agent5/src/Chap37/BSTSetPlainMtEph.rs: no obeys_feq_full usage
  SKIP /home/milnes/projects/APAS-VERUS-agent5/src/Chap37/BSTSetRBMtEph.rs: no obeys_feq_full usage
  SKIP /home/milnes/projects/APAS-VERUS-agent5/src/Chap37/BSTSetSplayMtEph.rs: no obeys_feq_full usage
  SKIP /home/milnes/projects/APAS-VERUS-agent5/src/Chap37/BSTSplayMtEph.rs: no obeys_feq_full usage
  SKIP /home/milnes/projects/APAS-VERUS-agent5/src/Chap37/BSTSplayStEph.rs: no obeys_feq_full usage
  SKIP /home/milnes/projects/APAS-VERUS-agent5/src/Chap38/BSTParaMtEph.rs: no obeys_feq_full calls in AST
  SKIP /home/milnes/projects/APAS-VERUS-agent5/src/Chap38/BSTParaStEph.rs: no obeys_feq_full calls in AST
  SKIP /home/milnes/projects/APAS-VERUS-agent5/src/Chap39/BSTParaTreapMtEph.rs: no obeys_feq_full usage
  SKIP /home/milnes/projects/APAS-VERUS-agent5/src/Chap39/BSTSetTreapMtEph.rs: no obeys_feq_full usage
  SKIP /home/milnes/projects/APAS-VERUS-agent5/src/Chap39/BSTTreapMtEph.rs: no obeys_feq_full usage
  SKIP /home/milnes/projects/APAS-VERUS-agent5/src/Chap39/BSTTreapStEph.rs: no obeys_feq_full usage
  SKIP /home/milnes/projects/APAS-VERUS-agent5/src/Chap40/BSTKeyValueStEph.rs: no obeys_feq_full usage
  SKIP /home/milnes/projects/APAS-VERUS-agent5/src/Chap40/BSTReducedStEph.rs: no obeys_feq_full usage
  SKIP /home/milnes/projects/APAS-VERUS-agent5/src/Chap40/BSTSizeStEph.rs: no obeys_feq_full usage
  SKIP /home/milnes/projects/APAS-VERUS-agent5/src/Chap41/AVLTreeSetMtEph.rs: no obeys_feq_full usage
  SKIP /home/milnes/projects/APAS-VERUS-agent5/src/Chap41/AVLTreeSetMtPer.rs: no obeys_feq_full usage
  SKIP /home/milnes/projects/APAS-VERUS-agent5/src/Chap41/ArraySetEnumMtEph.rs: no obeys_feq_full usage
  SKIP /home/milnes/projects/APAS-VERUS-agent5/src/Chap41/Example41_3.rs: no obeys_feq_full usage
  SKIP /home/milnes/projects/APAS-VERUS-agent5/src/Chap42/Example42_1.rs: no obeys_feq_full usage
  SKIP /home/milnes/projects/APAS-VERUS-agent5/src/Chap42/TableStPer.rs: unusual feq type params (["ArraySeqStPerS<V>", "K", "Pair<K, ArraySeqStPerS<V>>", "Pair<K, V>", "V"]), needs human review
  SKIP /home/milnes/projects/APAS-VERUS-agent5/src/Chap43/Example43_1.rs: no obeys_feq_full usage
  SKIP /home/milnes/projects/APAS-VERUS-agent5/src/Chap43/OrderedTableMtPer.rs: unusual feq type params (["Pair<K, V>"]), needs human review
  SKIP /home/milnes/projects/APAS-VERUS-agent5/src/Chap44/DocumentIndex.rs: no obeys_feq_full usage
  SKIP /home/milnes/projects/APAS-VERUS-agent5/src/Chap44/Example44_1.rs: no obeys_feq_full usage
  SKIP /home/milnes/projects/APAS-VERUS-agent5/src/Chap45/BinaryHeapPQ.rs: no obeys_feq_full usage
  SKIP /home/milnes/projects/APAS-VERUS-agent5/src/Chap45/Example45_2.rs: no obeys_feq_full usage
  SKIP /home/milnes/projects/APAS-VERUS-agent5/src/Chap45/HeapsortExample.rs: no obeys_feq_full usage
  SKIP /home/milnes/projects/APAS-VERUS-agent5/src/Chap45/LeftistHeapPQ.rs: no obeys_feq_full usage
  SKIP /home/milnes/projects/APAS-VERUS-agent5/src/Chap45/SortedListPQ.rs: no obeys_feq_full usage
  SKIP /home/milnes/projects/APAS-VERUS-agent5/src/Chap45/UnsortedListPQ.rs: no obeys_feq_full usage
  SKIP /home/milnes/projects/APAS-VERUS-agent5/src/Chap47/ChainedHashTable.rs: no obeys_feq_full usage
  SKIP /home/milnes/projects/APAS-VERUS-agent5/src/Chap47/DoubleHashFlatHashTableStEph.rs: no obeys_feq_full calls in AST
  SKIP /home/milnes/projects/APAS-VERUS-agent5/src/Chap47/FlatHashTable.rs: no obeys_feq_full usage
  SKIP /home/milnes/projects/APAS-VERUS-agent5/src/Chap47/LinProbFlatHashTableStEph.rs: no obeys_feq_full calls in AST
  SKIP /home/milnes/projects/APAS-VERUS-agent5/src/Chap47/LinkedListChainedHashTableStEph.rs: no spec_*_wf predicate found
  SKIP /home/milnes/projects/APAS-VERUS-agent5/src/Chap47/ParaHashTableStEph.rs: no obeys_feq_full usage
  SKIP /home/milnes/projects/APAS-VERUS-agent5/src/Chap47/QuadProbFlatHashTableStEph.rs: no obeys_feq_full calls in AST
  SKIP /home/milnes/projects/APAS-VERUS-agent5/src/Chap47/StructChainedHashTable.rs: no obeys_feq_full calls in AST
  SKIP /home/milnes/projects/APAS-VERUS-agent5/src/Chap47/VecChainedHashTableStEph.rs: no spec_*_wf predicate found
  SKIP /home/milnes/projects/APAS-VERUS-agent5/src/Chap49/MinEditDistMtEph.rs: no obeys_feq_full usage
  SKIP /home/milnes/projects/APAS-VERUS-agent5/src/Chap49/MinEditDistMtPer.rs: no obeys_feq_full usage
  SKIP /home/milnes/projects/APAS-VERUS-agent5/src/Chap49/MinEditDistStEph.rs: no obeys_feq_full usage
  SKIP /home/milnes/projects/APAS-VERUS-agent5/src/Chap49/MinEditDistStPer.rs: no obeys_feq_full usage
  SKIP /home/milnes/projects/APAS-VERUS-agent5/src/Chap49/SubsetSumMtEph.rs: no obeys_feq_full usage
  SKIP /home/milnes/projects/APAS-VERUS-agent5/src/Chap49/SubsetSumMtPer.rs: no obeys_feq_full usage
  SKIP /home/milnes/projects/APAS-VERUS-agent5/src/Chap49/SubsetSumStEph.rs: no obeys_feq_full usage
  SKIP /home/milnes/projects/APAS-VERUS-agent5/src/Chap49/SubsetSumStPer.rs: no obeys_feq_full usage
  SKIP /home/milnes/projects/APAS-VERUS-agent5/src/Chap50/MatrixChainMtEph.rs: no obeys_feq_full usage
  SKIP /home/milnes/projects/APAS-VERUS-agent5/src/Chap50/MatrixChainMtPer.rs: no obeys_feq_full usage
  SKIP /home/milnes/projects/APAS-VERUS-agent5/src/Chap50/MatrixChainStEph.rs: no obeys_feq_full usage
  SKIP /home/milnes/projects/APAS-VERUS-agent5/src/Chap50/MatrixChainStPer.rs: no obeys_feq_full usage
  SKIP /home/milnes/projects/APAS-VERUS-agent5/src/Chap50/OptBinSearchTreeMtEph.rs: no obeys_feq_full usage
  SKIP /home/milnes/projects/APAS-VERUS-agent5/src/Chap50/OptBinSearchTreeMtPer.rs: no obeys_feq_full usage
  SKIP /home/milnes/projects/APAS-VERUS-agent5/src/Chap50/OptBinSearchTreeStEph.rs: no obeys_feq_full usage
  SKIP /home/milnes/projects/APAS-VERUS-agent5/src/Chap50/OptBinSearchTreeStPer.rs: no obeys_feq_full usage
  SKIP /home/milnes/projects/APAS-VERUS-agent5/src/Chap51/BottomUpDPMtEph.rs: no obeys_feq_full usage
  SKIP /home/milnes/projects/APAS-VERUS-agent5/src/Chap51/BottomUpDPMtPer.rs: no obeys_feq_full usage
  SKIP /home/milnes/projects/APAS-VERUS-agent5/src/Chap51/BottomUpDPStEph.rs: no obeys_feq_full usage
  SKIP /home/milnes/projects/APAS-VERUS-agent5/src/Chap51/BottomUpDPStPer.rs: no obeys_feq_full usage
  SKIP /home/milnes/projects/APAS-VERUS-agent5/src/Chap51/TopDownDPMtEph.rs: no obeys_feq_full usage
  SKIP /home/milnes/projects/APAS-VERUS-agent5/src/Chap51/TopDownDPMtPer.rs: no obeys_feq_full usage
  SKIP /home/milnes/projects/APAS-VERUS-agent5/src/Chap51/TopDownDPStEph.rs: no obeys_feq_full usage
  SKIP /home/milnes/projects/APAS-VERUS-agent5/src/Chap51/TopDownDPStPer.rs: no obeys_feq_full usage
  SKIP /home/milnes/projects/APAS-VERUS-agent5/src/Chap52/AdjMatrixGraphMtEph.rs: no obeys_feq_full usage
  SKIP /home/milnes/projects/APAS-VERUS-agent5/src/Chap52/AdjMatrixGraphMtPer.rs: no obeys_feq_full usage
  SKIP /home/milnes/projects/APAS-VERUS-agent5/src/Chap52/AdjMatrixGraphStEph.rs: no obeys_feq_full usage
  SKIP /home/milnes/projects/APAS-VERUS-agent5/src/Chap52/AdjMatrixGraphStPer.rs: no obeys_feq_full usage
  SKIP /home/milnes/projects/APAS-VERUS-agent5/src/Chap52/AdjSeqGraphMtEph.rs: no obeys_feq_full usage
  SKIP /home/milnes/projects/APAS-VERUS-agent5/src/Chap52/AdjSeqGraphMtPer.rs: no obeys_feq_full usage
  SKIP /home/milnes/projects/APAS-VERUS-agent5/src/Chap52/AdjSeqGraphStEph.rs: no obeys_feq_full usage
  SKIP /home/milnes/projects/APAS-VERUS-agent5/src/Chap52/AdjSeqGraphStPer.rs: no obeys_feq_full usage
  SKIP /home/milnes/projects/APAS-VERUS-agent5/src/Chap52/AdjTableGraphMtPer.rs: no obeys_feq_full usage
  SKIP /home/milnes/projects/APAS-VERUS-agent5/src/Chap52/AdjTableGraphStEph.rs: no obeys_feq_full usage
  SKIP /home/milnes/projects/APAS-VERUS-agent5/src/Chap52/AdjTableGraphStPer.rs: no obeys_feq_full usage
  SKIP /home/milnes/projects/APAS-VERUS-agent5/src/Chap52/EdgeSetGraphMtPer.rs: no obeys_feq_full usage
  SKIP /home/milnes/projects/APAS-VERUS-agent5/src/Chap52/EdgeSetGraphStEph.rs: no obeys_feq_full usage
  SKIP /home/milnes/projects/APAS-VERUS-agent5/src/Chap52/EdgeSetGraphStPer.rs: no obeys_feq_full usage
  SKIP /home/milnes/projects/APAS-VERUS-agent5/src/Chap53/GraphSearchMtPer.rs: no obeys_feq_full usage
  SKIP /home/milnes/projects/APAS-VERUS-agent5/src/Chap53/GraphSearchStEph.rs: no obeys_feq_full usage
  SKIP /home/milnes/projects/APAS-VERUS-agent5/src/Chap53/GraphSearchStPer.rs: no obeys_feq_full usage
  SKIP /home/milnes/projects/APAS-VERUS-agent5/src/Chap53/PQMinStEph.rs: no obeys_feq_full calls in AST
  SKIP /home/milnes/projects/APAS-VERUS-agent5/src/Chap53/PQMinStPer.rs: no obeys_feq_full calls in AST
  SKIP /home/milnes/projects/APAS-VERUS-agent5/src/Chap54/BFSMtEph.rs: no obeys_feq_full usage
  SKIP /home/milnes/projects/APAS-VERUS-agent5/src/Chap54/BFSMtPer.rs: no obeys_feq_full usage
  SKIP /home/milnes/projects/APAS-VERUS-agent5/src/Chap54/BFSStEph.rs: no obeys_feq_full usage
  SKIP /home/milnes/projects/APAS-VERUS-agent5/src/Chap54/BFSStPer.rs: no obeys_feq_full usage
  SKIP /home/milnes/projects/APAS-VERUS-agent5/src/Chap55/CycleDetectStEph.rs: no obeys_feq_full usage
  SKIP /home/milnes/projects/APAS-VERUS-agent5/src/Chap55/CycleDetectStPer.rs: no obeys_feq_full usage
  SKIP /home/milnes/projects/APAS-VERUS-agent5/src/Chap55/DFSStEph.rs: no obeys_feq_full usage
  SKIP /home/milnes/projects/APAS-VERUS-agent5/src/Chap55/DFSStPer.rs: no obeys_feq_full usage
  SKIP /home/milnes/projects/APAS-VERUS-agent5/src/Chap55/SCCStEph.rs: no obeys_feq_full usage
  SKIP /home/milnes/projects/APAS-VERUS-agent5/src/Chap55/SCCStPer.rs: no obeys_feq_full usage
  SKIP /home/milnes/projects/APAS-VERUS-agent5/src/Chap55/TopoSortStEph.rs: no obeys_feq_full usage
  SKIP /home/milnes/projects/APAS-VERUS-agent5/src/Chap55/TopoSortStPer.rs: no obeys_feq_full usage
  SKIP /home/milnes/projects/APAS-VERUS-agent5/src/Chap56/AllPairsResultStEphF64.rs: no obeys_feq_full usage
  SKIP /home/milnes/projects/APAS-VERUS-agent5/src/Chap56/AllPairsResultStEphI64.rs: no obeys_feq_full usage
  SKIP /home/milnes/projects/APAS-VERUS-agent5/src/Chap56/AllPairsResultStPerF64.rs: no obeys_feq_full usage
  SKIP /home/milnes/projects/APAS-VERUS-agent5/src/Chap56/AllPairsResultStPerI64.rs: no obeys_feq_full usage
  SKIP /home/milnes/projects/APAS-VERUS-agent5/src/Chap56/Example56_1.rs: no obeys_feq_full usage
  SKIP /home/milnes/projects/APAS-VERUS-agent5/src/Chap56/Example56_3.rs: no obeys_feq_full usage
  SKIP /home/milnes/projects/APAS-VERUS-agent5/src/Chap56/PathWeightUtilsStEph.rs: no obeys_feq_full usage
  SKIP /home/milnes/projects/APAS-VERUS-agent5/src/Chap56/PathWeightUtilsStPer.rs: no obeys_feq_full usage
  SKIP /home/milnes/projects/APAS-VERUS-agent5/src/Chap56/SSSPResultStEphF64.rs: no obeys_feq_full usage
  SKIP /home/milnes/projects/APAS-VERUS-agent5/src/Chap56/SSSPResultStEphI64.rs: no obeys_feq_full usage
  SKIP /home/milnes/projects/APAS-VERUS-agent5/src/Chap56/SSSPResultStPerF64.rs: no obeys_feq_full usage
  SKIP /home/milnes/projects/APAS-VERUS-agent5/src/Chap56/SSSPResultStPerI64.rs: no obeys_feq_full usage
  SKIP /home/milnes/projects/APAS-VERUS-agent5/src/Chap57/DijkstraStEphF64.rs: no obeys_feq_full usage
  SKIP /home/milnes/projects/APAS-VERUS-agent5/src/Chap57/DijkstraStEphU64.rs: no spec_*_wf predicate found
  SKIP /home/milnes/projects/APAS-VERUS-agent5/src/Chap57/StackStEph.rs: no obeys_feq_full usage
  SKIP /home/milnes/projects/APAS-VERUS-agent5/src/Chap58/BellmanFordStEphF64.rs: no obeys_feq_full usage
  SKIP /home/milnes/projects/APAS-VERUS-agent5/src/Chap58/BellmanFordStEphI64.rs: no obeys_feq_full usage
  SKIP /home/milnes/projects/APAS-VERUS-agent5/src/Chap59/JohnsonMtEphF64.rs: no obeys_feq_full usage
  SKIP /home/milnes/projects/APAS-VERUS-agent5/src/Chap59/JohnsonMtEphI64.rs: no obeys_feq_full usage
  SKIP /home/milnes/projects/APAS-VERUS-agent5/src/Chap59/JohnsonStEphF64.rs: no obeys_feq_full usage
  SKIP /home/milnes/projects/APAS-VERUS-agent5/src/Chap59/JohnsonStEphI64.rs: no obeys_feq_full usage
  SKIP /home/milnes/projects/APAS-VERUS-agent5/src/Chap61/EdgeContractionMtEph.rs: no obeys_feq_full usage
  SKIP /home/milnes/projects/APAS-VERUS-agent5/src/Chap61/EdgeContractionStEph.rs: no obeys_feq_full usage
  SKIP /home/milnes/projects/APAS-VERUS-agent5/src/Chap61/VertexMatchingMtEph.rs: no obeys_feq_full usage
  SKIP /home/milnes/projects/APAS-VERUS-agent5/src/Chap61/VertexMatchingStEph.rs: no obeys_feq_full usage
  SKIP /home/milnes/projects/APAS-VERUS-agent5/src/Chap62/StarContractionMtEph.rs: no obeys_feq_full usage
  SKIP /home/milnes/projects/APAS-VERUS-agent5/src/Chap62/StarContractionStEph.rs: no obeys_feq_full usage
  SKIP /home/milnes/projects/APAS-VERUS-agent5/src/Chap62/StarPartitionMtEph.rs: no obeys_feq_full usage
  SKIP /home/milnes/projects/APAS-VERUS-agent5/src/Chap62/StarPartitionStEph.rs: no obeys_feq_full usage
  SKIP /home/milnes/projects/APAS-VERUS-agent5/src/Chap63/ConnectivityMtEph.rs: no obeys_feq_full usage
  SKIP /home/milnes/projects/APAS-VERUS-agent5/src/Chap63/ConnectivityStEph.rs: no obeys_feq_full usage
  SKIP /home/milnes/projects/APAS-VERUS-agent5/src/Chap64/SpanTreeMtEph.rs: no obeys_feq_full usage
  SKIP /home/milnes/projects/APAS-VERUS-agent5/src/Chap64/SpanTreeStEph.rs: no obeys_feq_full usage
  SKIP /home/milnes/projects/APAS-VERUS-agent5/src/Chap64/TSPApproxStEph.rs: no obeys_feq_full usage
  SKIP /home/milnes/projects/APAS-VERUS-agent5/src/Chap65/KruskalStEph.rs: no spec_*_wf predicate found
  SKIP /home/milnes/projects/APAS-VERUS-agent5/src/Chap65/PrimStEph.rs: no spec_*_wf predicate found
  SKIP /home/milnes/projects/APAS-VERUS-agent5/src/Chap66/BoruvkaMtEph.rs: no obeys_feq_full usage
  SKIP /home/milnes/projects/APAS-VERUS-agent5/src/Chap66/BoruvkaStEph.rs: no spec_*_wf predicate found
  SKIP /home/milnes/projects/APAS-VERUS-agent5/src/Concurrency.rs: no obeys_feq_full usage
  SKIP /home/milnes/projects/APAS-VERUS-agent5/src/ParaPairs.rs: no obeys_feq_full usage
  SKIP /home/milnes/projects/APAS-VERUS-agent5/tests/Chap02/test_fibonacci_scheduler.rs: no obeys_feq_full usage
  SKIP /home/milnes/projects/APAS-VERUS-agent5/tests/Chap02/test_hf_scheduler.rs: no obeys_feq_full usage
  SKIP /home/milnes/projects/APAS-VERUS-agent5/tests/Chap02/test_threads_plus.rs: no obeys_feq_full usage
  SKIP /home/milnes/projects/APAS-VERUS-agent5/tests/Chap03/TestInsertionSortStEph.rs: no obeys_feq_full usage
  SKIP /home/milnes/projects/APAS-VERUS-agent5/tests/Chap05/TestKleeneStPer.rs: no obeys_feq_full usage
  SKIP /home/milnes/projects/APAS-VERUS-agent5/tests/Chap05/TestMappingStEph.rs: no obeys_feq_full usage
  SKIP /home/milnes/projects/APAS-VERUS-agent5/tests/Chap05/TestRelationStEph.rs: no obeys_feq_full usage
  SKIP /home/milnes/projects/APAS-VERUS-agent5/tests/Chap05/TestSetMtEph.rs: no obeys_feq_full usage
  SKIP /home/milnes/projects/APAS-VERUS-agent5/tests/Chap05/TestSetStEph.rs: no obeys_feq_full usage
  SKIP /home/milnes/projects/APAS-VERUS-agent5/tests/Chap06/TestDirGraphMtEph.rs: no obeys_feq_full usage
  SKIP /home/milnes/projects/APAS-VERUS-agent5/tests/Chap06/TestDirGraphStEph.rs: no obeys_feq_full usage
  SKIP /home/milnes/projects/APAS-VERUS-agent5/tests/Chap06/TestLabDirGraphMtEph.rs: no obeys_feq_full usage
  SKIP /home/milnes/projects/APAS-VERUS-agent5/tests/Chap06/TestLabDirGraphStEph.rs: no obeys_feq_full usage
  SKIP /home/milnes/projects/APAS-VERUS-agent5/tests/Chap06/TestLabUnDirGraphMtEph.rs: no obeys_feq_full usage
  SKIP /home/milnes/projects/APAS-VERUS-agent5/tests/Chap06/TestLabUnDirGraphStEph.rs: no obeys_feq_full usage
  SKIP /home/milnes/projects/APAS-VERUS-agent5/tests/Chap06/TestUnDirGraphMtEph.rs: no obeys_feq_full usage
  SKIP /home/milnes/projects/APAS-VERUS-agent5/tests/Chap06/TestUnDirGraphStEph.rs: no obeys_feq_full usage
  SKIP /home/milnes/projects/APAS-VERUS-agent5/tests/Chap06/TestWeighedDirGraphMtEphFloat.rs: no obeys_feq_full usage
  SKIP /home/milnes/projects/APAS-VERUS-agent5/tests/Chap06/TestWeighedDirGraphMtEphInt.rs: no obeys_feq_full usage
  SKIP /home/milnes/projects/APAS-VERUS-agent5/tests/Chap06/TestWeighedDirGraphStEphFloat.rs: no obeys_feq_full usage
  SKIP /home/milnes/projects/APAS-VERUS-agent5/tests/Chap06/TestWeighedDirGraphStEphInt.rs: no obeys_feq_full usage
  SKIP /home/milnes/projects/APAS-VERUS-agent5/tests/Chap06/TestWeighedUnDirGraphMtEphFloat.rs: no obeys_feq_full usage
  SKIP /home/milnes/projects/APAS-VERUS-agent5/tests/Chap06/TestWeighedUnDirGraphMtEphInt.rs: no obeys_feq_full usage
  SKIP /home/milnes/projects/APAS-VERUS-agent5/tests/Chap06/TestWeighedUnDirGraphStEphFloat.rs: no obeys_feq_full usage
  SKIP /home/milnes/projects/APAS-VERUS-agent5/tests/Chap06/TestWeighedUnDirGraphStEphInt.rs: no obeys_feq_full usage
  SKIP /home/milnes/projects/APAS-VERUS-agent5/tests/Chap06/TestWeightedDirGraphStEphI128.rs: no obeys_feq_full usage
  SKIP /home/milnes/projects/APAS-VERUS-agent5/tests/Chap06/TestWeightedDirGraphStEphI16.rs: no obeys_feq_full usage
  SKIP /home/milnes/projects/APAS-VERUS-agent5/tests/Chap06/TestWeightedDirGraphStEphI32.rs: no obeys_feq_full usage
  SKIP /home/milnes/projects/APAS-VERUS-agent5/tests/Chap06/TestWeightedDirGraphStEphI64.rs: no obeys_feq_full usage
  SKIP /home/milnes/projects/APAS-VERUS-agent5/tests/Chap06/TestWeightedDirGraphStEphI8.rs: no obeys_feq_full usage
  SKIP /home/milnes/projects/APAS-VERUS-agent5/tests/Chap06/TestWeightedDirGraphStEphIsize.rs: no obeys_feq_full usage
  SKIP /home/milnes/projects/APAS-VERUS-agent5/tests/Chap06/TestWeightedDirGraphStEphU128.rs: no obeys_feq_full usage
  SKIP /home/milnes/projects/APAS-VERUS-agent5/tests/Chap06/TestWeightedDirGraphStEphU16.rs: no obeys_feq_full usage
  SKIP /home/milnes/projects/APAS-VERUS-agent5/tests/Chap06/TestWeightedDirGraphStEphU32.rs: no obeys_feq_full usage
  SKIP /home/milnes/projects/APAS-VERUS-agent5/tests/Chap06/TestWeightedDirGraphStEphU64.rs: no obeys_feq_full usage
  SKIP /home/milnes/projects/APAS-VERUS-agent5/tests/Chap06/TestWeightedDirGraphStEphU8.rs: no obeys_feq_full usage
  SKIP /home/milnes/projects/APAS-VERUS-agent5/tests/Chap06/TestWeightedDirGraphStEphUsize.rs: no obeys_feq_full usage
  SKIP /home/milnes/projects/APAS-VERUS-agent5/tests/Chap11/TestFibonacciMt.rs: no obeys_feq_full usage
  SKIP /home/milnes/projects/APAS-VERUS-agent5/tests/Chap11/TestParaPairs.rs: no obeys_feq_full usage
  SKIP /home/milnes/projects/APAS-VERUS-agent5/tests/Chap12/test_exercise12_1.rs: no obeys_feq_full usage
  SKIP /home/milnes/projects/APAS-VERUS-agent5/tests/Chap12/test_exercise12_2.rs: no obeys_feq_full usage
  SKIP /home/milnes/projects/APAS-VERUS-agent5/tests/Chap12/test_exercise12_5.rs: no obeys_feq_full usage
  SKIP /home/milnes/projects/APAS-VERUS-agent5/tests/Chap17/TestMathSeq.rs: no obeys_feq_full usage
  SKIP /home/milnes/projects/APAS-VERUS-agent5/tests/Chap18/TestArraySeq.rs: no obeys_feq_full usage
  SKIP /home/milnes/projects/APAS-VERUS-agent5/tests/Chap18/TestArraySeqMtEph.rs: no obeys_feq_full usage
  SKIP /home/milnes/projects/APAS-VERUS-agent5/tests/Chap18/TestArraySeqMtPer.rs: no obeys_feq_full usage
  SKIP /home/milnes/projects/APAS-VERUS-agent5/tests/Chap18/TestArraySeqStEph.rs: no obeys_feq_full usage
  SKIP /home/milnes/projects/APAS-VERUS-agent5/tests/Chap18/TestArraySeqStPer.rs: no obeys_feq_full usage
  SKIP /home/milnes/projects/APAS-VERUS-agent5/tests/Chap18/TestLinkedListStEph.rs: no obeys_feq_full usage
  SKIP /home/milnes/projects/APAS-VERUS-agent5/tests/Chap18/TestLinkedListStPer.rs: no obeys_feq_full usage
  SKIP /home/milnes/projects/APAS-VERUS-agent5/tests/Chap19/TestArraySeqMtEph.rs: no obeys_feq_full usage
  SKIP /home/milnes/projects/APAS-VERUS-agent5/tests/Chap19/TestArraySeqStEph.rs: no obeys_feq_full usage
  SKIP /home/milnes/projects/APAS-VERUS-agent5/tests/Chap19/TestArraySeqStPer.rs: no obeys_feq_full usage
  SKIP /home/milnes/projects/APAS-VERUS-agent5/tests/Chap21/TestChap21.rs: no obeys_feq_full usage
  SKIP /home/milnes/projects/APAS-VERUS-agent5/tests/Chap23/TestBalBinTreeStEph.rs: no obeys_feq_full usage
  SKIP /home/milnes/projects/APAS-VERUS-agent5/tests/Chap23/TestPrimTreeSeqStPer.rs: no obeys_feq_full usage
  SKIP /home/milnes/projects/APAS-VERUS-agent5/tests/Chap26/TestDivConReduceMtPer.rs: no obeys_feq_full usage
  SKIP /home/milnes/projects/APAS-VERUS-agent5/tests/Chap26/TestDivConReduceStPer.rs: no obeys_feq_full usage
  SKIP /home/milnes/projects/APAS-VERUS-agent5/tests/Chap26/TestETSPMtEph.rs: no obeys_feq_full usage
  SKIP /home/milnes/projects/APAS-VERUS-agent5/tests/Chap26/TestETSPStEph.rs: no obeys_feq_full usage
  SKIP /home/milnes/projects/APAS-VERUS-agent5/tests/Chap26/TestMergeSortMtPer.rs: no obeys_feq_full usage
  SKIP /home/milnes/projects/APAS-VERUS-agent5/tests/Chap26/TestMergeSortStPer.rs: no obeys_feq_full usage
  SKIP /home/milnes/projects/APAS-VERUS-agent5/tests/Chap26/TestScanDCMtPer.rs: no obeys_feq_full usage
  SKIP /home/milnes/projects/APAS-VERUS-agent5/tests/Chap26/TestScanDCStPer.rs: no obeys_feq_full usage
  SKIP /home/milnes/projects/APAS-VERUS-agent5/tests/Chap27/TestReduceContractMtEph.rs: no obeys_feq_full usage
  SKIP /home/milnes/projects/APAS-VERUS-agent5/tests/Chap27/TestReduceContractStEph.rs: no obeys_feq_full usage
  SKIP /home/milnes/projects/APAS-VERUS-agent5/tests/Chap27/TestScanContractMtEph.rs: no obeys_feq_full usage
  SKIP /home/milnes/projects/APAS-VERUS-agent5/tests/Chap27/TestScanContractStEph.rs: no obeys_feq_full usage
  SKIP /home/milnes/projects/APAS-VERUS-agent5/tests/Chap28/TestMaxContigSubSumBruteStEph.rs: no obeys_feq_full usage
  SKIP /home/milnes/projects/APAS-VERUS-agent5/tests/Chap28/TestMaxContigSubSumDivConMtEph.rs: no obeys_feq_full usage
  SKIP /home/milnes/projects/APAS-VERUS-agent5/tests/Chap28/TestMaxContigSubSumDivConOptMtEph.rs: no obeys_feq_full usage
  SKIP /home/milnes/projects/APAS-VERUS-agent5/tests/Chap28/TestMaxContigSubSumDivConOptStEph.rs: no obeys_feq_full usage
  SKIP /home/milnes/projects/APAS-VERUS-agent5/tests/Chap28/TestMaxContigSubSumDivConStEph.rs: no obeys_feq_full usage
  SKIP /home/milnes/projects/APAS-VERUS-agent5/tests/Chap28/TestMaxContigSubSumIterStEph.rs: no obeys_feq_full usage
  SKIP /home/milnes/projects/APAS-VERUS-agent5/tests/Chap28/TestMaxContigSubSumOptMtEph.rs: no obeys_feq_full usage
  SKIP /home/milnes/projects/APAS-VERUS-agent5/tests/Chap28/TestMaxContigSubSumOptStEph.rs: no obeys_feq_full usage
  SKIP /home/milnes/projects/APAS-VERUS-agent5/tests/Chap28/TestMaxContigSubSumReducedMcsseStEph.rs: no obeys_feq_full usage
  SKIP /home/milnes/projects/APAS-VERUS-agent5/tests/Chap28/TestMaxContigSubSumReducedStEph.rs: no obeys_feq_full usage
  SKIP /home/milnes/projects/APAS-VERUS-agent5/tests/Chap35/TestOrderStatSelectMtEph.rs: no obeys_feq_full usage
  SKIP /home/milnes/projects/APAS-VERUS-agent5/tests/Chap35/TestOrderStatSelectMtPer.rs: no obeys_feq_full usage
  SKIP /home/milnes/projects/APAS-VERUS-agent5/tests/Chap35/TestOrderStatSelectStEph.rs: no obeys_feq_full usage
  SKIP /home/milnes/projects/APAS-VERUS-agent5/tests/Chap35/TestOrderStatSelectStPer.rs: no obeys_feq_full usage
  SKIP /home/milnes/projects/APAS-VERUS-agent5/tests/Chap36/BenchQuickSort.rs: no obeys_feq_full usage
  SKIP /home/milnes/projects/APAS-VERUS-agent5/tests/Chap36/TestQuickSortMtEph.rs: no obeys_feq_full usage
  SKIP /home/milnes/projects/APAS-VERUS-agent5/tests/Chap36/TestQuickSortMtEphSlice.rs: no obeys_feq_full usage
  SKIP /home/milnes/projects/APAS-VERUS-agent5/tests/Chap36/TestQuickSortStEph.rs: no obeys_feq_full usage
  SKIP /home/milnes/projects/APAS-VERUS-agent5/tests/Chap37/TestAVLTreeSeq.rs: no obeys_feq_full usage
  SKIP /home/milnes/projects/APAS-VERUS-agent5/tests/Chap37/TestAVLTreeSeqMtPer.rs: no obeys_feq_full usage
  SKIP /home/milnes/projects/APAS-VERUS-agent5/tests/Chap37/TestAVLTreeSeqStEph.rs: no obeys_feq_full usage
  SKIP /home/milnes/projects/APAS-VERUS-agent5/tests/Chap37/TestAVLTreeSeqStEph18.rs: no obeys_feq_full usage
  SKIP /home/milnes/projects/APAS-VERUS-agent5/tests/Chap37/TestAVLTreeSeqStEphChap37.rs: no obeys_feq_full usage
  SKIP /home/milnes/projects/APAS-VERUS-agent5/tests/Chap37/TestAVLTreeSeqStPer.rs: no obeys_feq_full usage
  SKIP /home/milnes/projects/APAS-VERUS-agent5/tests/Chap37/TestAVLTreeSeqStPer18.rs: no obeys_feq_full usage
  SKIP /home/milnes/projects/APAS-VERUS-agent5/tests/Chap37/TestAVLTreeSeqStPer19.rs: no obeys_feq_full usage
  SKIP /home/milnes/projects/APAS-VERUS-agent5/tests/Chap37/TestBSTAVLMtEph.rs: no obeys_feq_full usage
  SKIP /home/milnes/projects/APAS-VERUS-agent5/tests/Chap37/TestBSTAVLStEph.rs: no obeys_feq_full usage
  SKIP /home/milnes/projects/APAS-VERUS-agent5/tests/Chap37/TestBSTBBAlphaMtEph.rs: no obeys_feq_full usage
  SKIP /home/milnes/projects/APAS-VERUS-agent5/tests/Chap37/TestBSTBBAlphaStEph.rs: no obeys_feq_full usage
  SKIP /home/milnes/projects/APAS-VERUS-agent5/tests/Chap37/TestBSTMtEph.rs: no obeys_feq_full usage
  SKIP /home/milnes/projects/APAS-VERUS-agent5/tests/Chap37/TestBSTPlainMtEph.rs: no obeys_feq_full usage
  SKIP /home/milnes/projects/APAS-VERUS-agent5/tests/Chap37/TestBSTPlainStEph.rs: no obeys_feq_full usage
  SKIP /home/milnes/projects/APAS-VERUS-agent5/tests/Chap37/TestBSTRBMtEph.rs: no obeys_feq_full usage
  SKIP /home/milnes/projects/APAS-VERUS-agent5/tests/Chap37/TestBSTRBStEph.rs: no obeys_feq_full usage
  SKIP /home/milnes/projects/APAS-VERUS-agent5/tests/Chap37/TestBSTSetAVLMtEph.rs: no obeys_feq_full usage
  SKIP /home/milnes/projects/APAS-VERUS-agent5/tests/Chap37/TestBSTSetBBAlphaMtEph.rs: no obeys_feq_full usage
  SKIP /home/milnes/projects/APAS-VERUS-agent5/tests/Chap37/TestBSTSetPlainMtEph.rs: no obeys_feq_full usage
  SKIP /home/milnes/projects/APAS-VERUS-agent5/tests/Chap37/TestBSTSetRBMtEph.rs: no obeys_feq_full usage
  SKIP /home/milnes/projects/APAS-VERUS-agent5/tests/Chap37/TestBSTSetSplayMtEph.rs: no obeys_feq_full usage
  SKIP /home/milnes/projects/APAS-VERUS-agent5/tests/Chap37/TestBSTSplayMtEph.rs: no obeys_feq_full usage
  SKIP /home/milnes/projects/APAS-VERUS-agent5/tests/Chap37/TestBSTSplayStEph.rs: no obeys_feq_full usage
  SKIP /home/milnes/projects/APAS-VERUS-agent5/tests/Chap38/TestBSTParaMtEph.rs: no obeys_feq_full usage
  SKIP /home/milnes/projects/APAS-VERUS-agent5/tests/Chap38/TestBSTParaStEph.rs: no obeys_feq_full usage
  SKIP /home/milnes/projects/APAS-VERUS-agent5/tests/Chap39/TestBSTParaTreapMtEph.rs: no obeys_feq_full usage
  SKIP /home/milnes/projects/APAS-VERUS-agent5/tests/Chap39/TestBSTSetTreapMtEph.rs: no obeys_feq_full usage
  SKIP /home/milnes/projects/APAS-VERUS-agent5/tests/Chap39/TestBSTTreapMtEph.rs: no obeys_feq_full usage
  SKIP /home/milnes/projects/APAS-VERUS-agent5/tests/Chap39/TestBSTTreapStEph.rs: no obeys_feq_full usage
  SKIP /home/milnes/projects/APAS-VERUS-agent5/tests/Chap40/TestBSTKeyValueStEph.rs: no obeys_feq_full usage
  SKIP /home/milnes/projects/APAS-VERUS-agent5/tests/Chap40/TestBSTReducedStEph.rs: no obeys_feq_full usage
  SKIP /home/milnes/projects/APAS-VERUS-agent5/tests/Chap40/TestBSTSizeStEph.rs: no obeys_feq_full usage
  SKIP /home/milnes/projects/APAS-VERUS-agent5/tests/Chap41/TestAVLTreeSetMtEph.rs: no obeys_feq_full usage
  SKIP /home/milnes/projects/APAS-VERUS-agent5/tests/Chap41/TestAVLTreeSetMtPer.rs: no obeys_feq_full usage
  SKIP /home/milnes/projects/APAS-VERUS-agent5/tests/Chap41/TestAVLTreeSetStEph.rs: no obeys_feq_full usage
  SKIP /home/milnes/projects/APAS-VERUS-agent5/tests/Chap41/TestAVLTreeSetStPer.rs: no obeys_feq_full usage
  SKIP /home/milnes/projects/APAS-VERUS-agent5/tests/Chap41/TestArraySetEnumMtEph.rs: no obeys_feq_full usage
  SKIP /home/milnes/projects/APAS-VERUS-agent5/tests/Chap41/TestArraySetStEph.rs: no obeys_feq_full usage
  SKIP /home/milnes/projects/APAS-VERUS-agent5/tests/Chap41/TestExample41_3.rs: no obeys_feq_full usage
  SKIP /home/milnes/projects/APAS-VERUS-agent5/tests/Chap42/TestExample42_1.rs: no obeys_feq_full usage
  SKIP /home/milnes/projects/APAS-VERUS-agent5/tests/Chap42/TestTableMtEph.rs: no obeys_feq_full usage
  SKIP /home/milnes/projects/APAS-VERUS-agent5/tests/Chap42/TestTableStEph.rs: no obeys_feq_full usage
  SKIP /home/milnes/projects/APAS-VERUS-agent5/tests/Chap42/TestTableStPer.rs: no obeys_feq_full usage
  SKIP /home/milnes/projects/APAS-VERUS-agent5/tests/Chap43/TestAugOrderedTableMtEph.rs: no obeys_feq_full usage
  SKIP /home/milnes/projects/APAS-VERUS-agent5/tests/Chap43/TestAugOrderedTableStEph.rs: no obeys_feq_full usage
  SKIP /home/milnes/projects/APAS-VERUS-agent5/tests/Chap43/TestAugOrderedTableStPer.rs: no obeys_feq_full usage
  SKIP /home/milnes/projects/APAS-VERUS-agent5/tests/Chap43/TestExample43_1.rs: no obeys_feq_full usage
  SKIP /home/milnes/projects/APAS-VERUS-agent5/tests/Chap43/TestOrderedSetMtEph.rs: no obeys_feq_full usage
  SKIP /home/milnes/projects/APAS-VERUS-agent5/tests/Chap43/TestOrderedSetStEph.rs: no obeys_feq_full usage
  SKIP /home/milnes/projects/APAS-VERUS-agent5/tests/Chap43/TestOrderedSetStPer.rs: no obeys_feq_full usage
  SKIP /home/milnes/projects/APAS-VERUS-agent5/tests/Chap43/TestOrderedTableMtEph.rs: no obeys_feq_full usage
  SKIP /home/milnes/projects/APAS-VERUS-agent5/tests/Chap43/TestOrderedTableMtPer.rs: no obeys_feq_full usage
  SKIP /home/milnes/projects/APAS-VERUS-agent5/tests/Chap43/TestOrderedTableStEph.rs: no obeys_feq_full usage
  SKIP /home/milnes/projects/APAS-VERUS-agent5/tests/Chap43/TestOrderedTableStPer.rs: no obeys_feq_full usage
  SKIP /home/milnes/projects/APAS-VERUS-agent5/tests/Chap44/TestDocumentIndex.rs: no obeys_feq_full usage
  SKIP /home/milnes/projects/APAS-VERUS-agent5/tests/Chap44/TestExample44_1.rs: no obeys_feq_full usage
  SKIP /home/milnes/projects/APAS-VERUS-agent5/tests/Chap45/TestBalancedTreePQ.rs: no obeys_feq_full usage
  SKIP /home/milnes/projects/APAS-VERUS-agent5/tests/Chap45/TestBinaryHeapPQ.rs: no obeys_feq_full usage
  SKIP /home/milnes/projects/APAS-VERUS-agent5/tests/Chap45/TestExample45_2.rs: no obeys_feq_full usage
  SKIP /home/milnes/projects/APAS-VERUS-agent5/tests/Chap45/TestHeapsortExample.rs: no obeys_feq_full usage
  SKIP /home/milnes/projects/APAS-VERUS-agent5/tests/Chap45/TestLeftistHeapPQ.rs: no obeys_feq_full usage
  SKIP /home/milnes/projects/APAS-VERUS-agent5/tests/Chap45/TestSortedListPQ.rs: no obeys_feq_full usage
  SKIP /home/milnes/projects/APAS-VERUS-agent5/tests/Chap45/TestUnsortedListPQ.rs: no obeys_feq_full usage
  SKIP /home/milnes/projects/APAS-VERUS-agent5/tests/Chap47/TestDoubleHashFlatHashTable.rs: no obeys_feq_full usage
  SKIP /home/milnes/projects/APAS-VERUS-agent5/tests/Chap47/TestLinProbFlatHashTable.rs: no obeys_feq_full usage
  SKIP /home/milnes/projects/APAS-VERUS-agent5/tests/Chap47/TestLinkedListChainedHashTable.rs: no obeys_feq_full usage
  SKIP /home/milnes/projects/APAS-VERUS-agent5/tests/Chap47/TestParaHashTableStEph.rs: no obeys_feq_full usage
  SKIP /home/milnes/projects/APAS-VERUS-agent5/tests/Chap47/TestQuadProbFlatHashTable.rs: no obeys_feq_full usage
  SKIP /home/milnes/projects/APAS-VERUS-agent5/tests/Chap47/TestStructChainedHashTable.rs: no obeys_feq_full usage
  SKIP /home/milnes/projects/APAS-VERUS-agent5/tests/Chap47/TestVecChainedHashTable.rs: no obeys_feq_full usage
  SKIP /home/milnes/projects/APAS-VERUS-agent5/tests/Chap49/TestMinEditDistMtEph.rs: no obeys_feq_full usage
  SKIP /home/milnes/projects/APAS-VERUS-agent5/tests/Chap49/TestMinEditDistMtPer.rs: no obeys_feq_full usage
  SKIP /home/milnes/projects/APAS-VERUS-agent5/tests/Chap49/TestMinEditDistStEph.rs: no obeys_feq_full usage
  SKIP /home/milnes/projects/APAS-VERUS-agent5/tests/Chap49/TestMinEditDistStPer.rs: no obeys_feq_full usage
  SKIP /home/milnes/projects/APAS-VERUS-agent5/tests/Chap49/TestSubsetSumMtEph.rs: no obeys_feq_full usage
  SKIP /home/milnes/projects/APAS-VERUS-agent5/tests/Chap49/TestSubsetSumMtPer.rs: no obeys_feq_full usage
  SKIP /home/milnes/projects/APAS-VERUS-agent5/tests/Chap49/TestSubsetSumStEph.rs: no obeys_feq_full usage
  SKIP /home/milnes/projects/APAS-VERUS-agent5/tests/Chap49/TestSubsetSumStPer.rs: no obeys_feq_full usage
  SKIP /home/milnes/projects/APAS-VERUS-agent5/tests/Chap50/TestMatrixChainMtEph.rs: no obeys_feq_full usage
  SKIP /home/milnes/projects/APAS-VERUS-agent5/tests/Chap50/TestMatrixChainMtPer.rs: no obeys_feq_full usage
  SKIP /home/milnes/projects/APAS-VERUS-agent5/tests/Chap50/TestMatrixChainStEph.rs: no obeys_feq_full usage
  SKIP /home/milnes/projects/APAS-VERUS-agent5/tests/Chap50/TestMatrixChainStPer.rs: no obeys_feq_full usage
  SKIP /home/milnes/projects/APAS-VERUS-agent5/tests/Chap50/TestOBSTMtEph.rs: no obeys_feq_full usage
  SKIP /home/milnes/projects/APAS-VERUS-agent5/tests/Chap50/TestOBSTMtPer.rs: no obeys_feq_full usage
  SKIP /home/milnes/projects/APAS-VERUS-agent5/tests/Chap50/TestOptBinSearchTreeStEph.rs: no obeys_feq_full usage
  SKIP /home/milnes/projects/APAS-VERUS-agent5/tests/Chap50/TestOptBinSearchTreeStPer.rs: no obeys_feq_full usage
  SKIP /home/milnes/projects/APAS-VERUS-agent5/tests/Chap50/TestProbability.rs: no obeys_feq_full usage
  SKIP /home/milnes/projects/APAS-VERUS-agent5/tests/Chap51/TestBottomUpDPMtEph.rs: no obeys_feq_full usage
  SKIP /home/milnes/projects/APAS-VERUS-agent5/tests/Chap51/TestBottomUpDPMtPer.rs: no obeys_feq_full usage
  SKIP /home/milnes/projects/APAS-VERUS-agent5/tests/Chap51/TestBottomUpDPStEph.rs: no obeys_feq_full usage
  SKIP /home/milnes/projects/APAS-VERUS-agent5/tests/Chap51/TestBottomUpDPStPer.rs: no obeys_feq_full usage
  SKIP /home/milnes/projects/APAS-VERUS-agent5/tests/Chap51/TestTopDownDPMtEph.rs: no obeys_feq_full usage
  SKIP /home/milnes/projects/APAS-VERUS-agent5/tests/Chap51/TestTopDownDPMtPer.rs: no obeys_feq_full usage
  SKIP /home/milnes/projects/APAS-VERUS-agent5/tests/Chap51/TestTopDownDPStEph.rs: no obeys_feq_full usage
  SKIP /home/milnes/projects/APAS-VERUS-agent5/tests/Chap51/TestTopDownDPStPer.rs: no obeys_feq_full usage
  SKIP /home/milnes/projects/APAS-VERUS-agent5/tests/Chap52/TestAdjMatrixGraphMtPer.rs: no obeys_feq_full usage
  SKIP /home/milnes/projects/APAS-VERUS-agent5/tests/Chap52/TestAdjMatrixGraphStEph.rs: no obeys_feq_full usage
  SKIP /home/milnes/projects/APAS-VERUS-agent5/tests/Chap52/TestAdjMatrixGraphStPer.rs: no obeys_feq_full usage
  SKIP /home/milnes/projects/APAS-VERUS-agent5/tests/Chap52/TestAdjSeqGraphMtPer.rs: no obeys_feq_full usage
  SKIP /home/milnes/projects/APAS-VERUS-agent5/tests/Chap52/TestAdjSeqGraphStEph.rs: no obeys_feq_full usage
  SKIP /home/milnes/projects/APAS-VERUS-agent5/tests/Chap52/TestAdjSeqGraphStPer.rs: no obeys_feq_full usage
  SKIP /home/milnes/projects/APAS-VERUS-agent5/tests/Chap52/TestAdjTableGraphMtPer.rs: no obeys_feq_full usage
  SKIP /home/milnes/projects/APAS-VERUS-agent5/tests/Chap52/TestAdjTableGraphStEph.rs: no obeys_feq_full usage
  SKIP /home/milnes/projects/APAS-VERUS-agent5/tests/Chap52/TestAdjTableGraphStPer.rs: no obeys_feq_full usage
  SKIP /home/milnes/projects/APAS-VERUS-agent5/tests/Chap52/TestEdgeSetGraphMtEph.rs: no obeys_feq_full usage
  SKIP /home/milnes/projects/APAS-VERUS-agent5/tests/Chap52/TestEdgeSetGraphMtPer.rs: no obeys_feq_full usage
  SKIP /home/milnes/projects/APAS-VERUS-agent5/tests/Chap52/TestEdgeSetGraphStEph.rs: no obeys_feq_full usage
  SKIP /home/milnes/projects/APAS-VERUS-agent5/tests/Chap52/TestEdgeSetGraphStPer.rs: no obeys_feq_full usage
  SKIP /home/milnes/projects/APAS-VERUS-agent5/tests/Chap53/TestGraphSearchMtPer.rs: no obeys_feq_full usage
  SKIP /home/milnes/projects/APAS-VERUS-agent5/tests/Chap53/TestGraphSearchStEph.rs: no obeys_feq_full usage
  SKIP /home/milnes/projects/APAS-VERUS-agent5/tests/Chap53/TestGraphSearchStPer.rs: no obeys_feq_full usage
  SKIP /home/milnes/projects/APAS-VERUS-agent5/tests/Chap53/TestPQMinStEph.rs: no obeys_feq_full usage
  SKIP /home/milnes/projects/APAS-VERUS-agent5/tests/Chap53/TestPQMinStPer.rs: no obeys_feq_full usage
  SKIP /home/milnes/projects/APAS-VERUS-agent5/tests/Chap54/TestBFSMtEph.rs: no obeys_feq_full usage
  SKIP /home/milnes/projects/APAS-VERUS-agent5/tests/Chap54/TestBFSMtPer.rs: no obeys_feq_full usage
  SKIP /home/milnes/projects/APAS-VERUS-agent5/tests/Chap54/TestBFSStEph.rs: no obeys_feq_full usage
  SKIP /home/milnes/projects/APAS-VERUS-agent5/tests/Chap54/TestBFSStPer.rs: no obeys_feq_full usage
  SKIP /home/milnes/projects/APAS-VERUS-agent5/tests/Chap55/TestCycleDetectStEph.rs: no obeys_feq_full usage
  SKIP /home/milnes/projects/APAS-VERUS-agent5/tests/Chap55/TestCycleDetectStPer.rs: no obeys_feq_full usage
  SKIP /home/milnes/projects/APAS-VERUS-agent5/tests/Chap55/TestDFSStEph.rs: no obeys_feq_full usage
  SKIP /home/milnes/projects/APAS-VERUS-agent5/tests/Chap55/TestDFSStPer.rs: no obeys_feq_full usage
  SKIP /home/milnes/projects/APAS-VERUS-agent5/tests/Chap55/TestSCCStEph.rs: no obeys_feq_full usage
  SKIP /home/milnes/projects/APAS-VERUS-agent5/tests/Chap55/TestSCCStPer.rs: no obeys_feq_full usage
  SKIP /home/milnes/projects/APAS-VERUS-agent5/tests/Chap55/TestTopoSortStEph.rs: no obeys_feq_full usage
  SKIP /home/milnes/projects/APAS-VERUS-agent5/tests/Chap55/TestTopoSortStPer.rs: no obeys_feq_full usage
  SKIP /home/milnes/projects/APAS-VERUS-agent5/tests/Chap56/TestAllPairsResultStEphF64.rs: no obeys_feq_full usage
  SKIP /home/milnes/projects/APAS-VERUS-agent5/tests/Chap56/TestAllPairsResultStEphI64.rs: no obeys_feq_full usage
  SKIP /home/milnes/projects/APAS-VERUS-agent5/tests/Chap56/TestAllPairsResultStPerF64.rs: no obeys_feq_full usage
  SKIP /home/milnes/projects/APAS-VERUS-agent5/tests/Chap56/TestAllPairsResultStPerI64.rs: no obeys_feq_full usage
  SKIP /home/milnes/projects/APAS-VERUS-agent5/tests/Chap56/TestExample56_1.rs: no obeys_feq_full usage
  SKIP /home/milnes/projects/APAS-VERUS-agent5/tests/Chap56/TestExample56_3.rs: no obeys_feq_full usage
  SKIP /home/milnes/projects/APAS-VERUS-agent5/tests/Chap56/TestPathWeightUtilsStEph.rs: no obeys_feq_full usage
  SKIP /home/milnes/projects/APAS-VERUS-agent5/tests/Chap56/TestPathWeightUtilsStPer.rs: no obeys_feq_full usage
  SKIP /home/milnes/projects/APAS-VERUS-agent5/tests/Chap56/TestSSSPResultStEphF64.rs: no obeys_feq_full usage
  SKIP /home/milnes/projects/APAS-VERUS-agent5/tests/Chap56/TestSSSPResultStEphI64.rs: no obeys_feq_full usage
  SKIP /home/milnes/projects/APAS-VERUS-agent5/tests/Chap56/TestSSSPResultStPerF64.rs: no obeys_feq_full usage
  SKIP /home/milnes/projects/APAS-VERUS-agent5/tests/Chap56/TestSSSPResultStPerI64.rs: no obeys_feq_full usage
  SKIP /home/milnes/projects/APAS-VERUS-agent5/tests/Chap57/TestDijkstraStEphF64.rs: no obeys_feq_full usage
  SKIP /home/milnes/projects/APAS-VERUS-agent5/tests/Chap57/TestDijkstraStEphU64.rs: no obeys_feq_full usage
  SKIP /home/milnes/projects/APAS-VERUS-agent5/tests/Chap57/TestStackStEph.rs: no obeys_feq_full usage
  SKIP /home/milnes/projects/APAS-VERUS-agent5/tests/Chap58/TestBellmanFordStEphF64.rs: no obeys_feq_full usage
  SKIP /home/milnes/projects/APAS-VERUS-agent5/tests/Chap58/TestBellmanFordStEphI64.rs: no obeys_feq_full usage
  SKIP /home/milnes/projects/APAS-VERUS-agent5/tests/Chap59/TestJohnsonMtEphF64.rs: no obeys_feq_full usage
  SKIP /home/milnes/projects/APAS-VERUS-agent5/tests/Chap59/TestJohnsonMtEphI64.rs: no obeys_feq_full usage
  SKIP /home/milnes/projects/APAS-VERUS-agent5/tests/Chap59/TestJohnsonStEphF64.rs: no obeys_feq_full usage
  SKIP /home/milnes/projects/APAS-VERUS-agent5/tests/Chap59/TestJohnsonStEphI64.rs: no obeys_feq_full usage
  SKIP /home/milnes/projects/APAS-VERUS-agent5/tests/Chap61/TestEdgeContractionMtEph.rs: no obeys_feq_full usage
  SKIP /home/milnes/projects/APAS-VERUS-agent5/tests/Chap61/TestEdgeContractionStEph.rs: no obeys_feq_full usage
  SKIP /home/milnes/projects/APAS-VERUS-agent5/tests/Chap61/TestVertexMatchingMtEph.rs: no obeys_feq_full usage
  SKIP /home/milnes/projects/APAS-VERUS-agent5/tests/Chap61/TestVertexMatchingStEph.rs: no obeys_feq_full usage
  SKIP /home/milnes/projects/APAS-VERUS-agent5/tests/Chap62/TestStarContractionMtEph.rs: no obeys_feq_full usage
  SKIP /home/milnes/projects/APAS-VERUS-agent5/tests/Chap62/TestStarContractionStEph.rs: no obeys_feq_full usage
  SKIP /home/milnes/projects/APAS-VERUS-agent5/tests/Chap62/TestStarPartitionMtEph.rs: no obeys_feq_full usage
  SKIP /home/milnes/projects/APAS-VERUS-agent5/tests/Chap62/TestStarPartitionStEph.rs: no obeys_feq_full usage
  SKIP /home/milnes/projects/APAS-VERUS-agent5/tests/Chap63/TestConnectivityMtEph.rs: no obeys_feq_full usage
  SKIP /home/milnes/projects/APAS-VERUS-agent5/tests/Chap63/TestConnectivityStEph.rs: no obeys_feq_full usage
  SKIP /home/milnes/projects/APAS-VERUS-agent5/tests/Chap64/TestSpanTreeMtEph.rs: no obeys_feq_full usage
  SKIP /home/milnes/projects/APAS-VERUS-agent5/tests/Chap64/TestSpanTreeStEph.rs: no obeys_feq_full usage
  SKIP /home/milnes/projects/APAS-VERUS-agent5/tests/Chap64/TestTSPApproxStEph.rs: no obeys_feq_full usage
  SKIP /home/milnes/projects/APAS-VERUS-agent5/tests/Chap65/TestKruskalStEph.rs: no obeys_feq_full usage
  SKIP /home/milnes/projects/APAS-VERUS-agent5/tests/Chap65/TestPrimStEph.rs: no obeys_feq_full usage
  SKIP /home/milnes/projects/APAS-VERUS-agent5/tests/Chap65/TestUnionFindStEph.rs: no obeys_feq_full usage
  SKIP /home/milnes/projects/APAS-VERUS-agent5/tests/Chap66/TestBoruvkaMtEph.rs: no obeys_feq_full usage
  SKIP /home/milnes/projects/APAS-VERUS-agent5/tests/Chap66/TestBoruvkaStEph.rs: no obeys_feq_full usage
