Verus Library Minimizer
=======================
This minimizer is only possible due to the phenomenal speed of verification
in Verus. Thanks Verus team!

Logging to: /home/milnes/projects/APAS-VERUS-agent2/analyses/veracity-minimize-lib.20260408-020554.log

Arguments:
  -c, --codebase:     /home/milnes/projects/APAS-VERUS-agent2
  -l, --library:      /home/milnes/projects/APAS-VERUS-agent2/src/vstdplus
  -F, --file:         (all files)
  -n, --dry-run:      false
  -b, --broadcasts:   false
  -L, --lib-broadcasts: false
  -N, --max-lemmas:   all
  -a, --asserts:      true
  -A, --max-asserts:  all
  -p, --proof-blocks: false
  -P, --max-proof-blocks: all
  -e, --exclude:      (none)
  -f, --fail-fast:    false
  --danger:           false
  --no-lib-min:       true
  --project:          APAS
  --chapter:          Chap53

Mode: APAS isolate Chap53 (estimated 10-30s per iteration)

═══════════════════════════════════════════════════════════════════════════════
IMPORTANT: No code will be harmed in the improving of your codebase!
═══════════════════════════════════════════════════════════════════════════════

✓ Codebase is in git and committed. Proceeding safely.

Veracity will repeatedly comment things in and out using // Veracity: lines
to test and improve your use of vstd. All changes are reversible comments.
You will need to review each // Veracity: line and decide what to keep.

Phases:
  Phase 0:  Strip existing Veracity markers (if any)
  Phase 1:  Analyze and verify codebase
  Phase 2:  Analyze library structure (lemmas, modules, call sites, spec fns)
  Phase 3:  Discover vstd broadcast groups from verus installation
  Phase 4:  Estimate time for testing
  Phase 5:  Apply broadcast groups to library (-L flag)
  Phase 6:  Apply broadcast groups to codebase (-b flag)
  Phase 7:  Test lemma dependence on vstd (can vstd prove it alone?)
  Phase 8:  Test lemma necessity (can codebase verify without it?)
  Phase 9:  Test library asserts (can we remove any?)
  Phase 10: Test codebase asserts (can we remove any?)
  Phase 11: Test admits (can we remove any? -m flag)
  Phase 12: Test proof {} blocks (-p flag)
  Phase 13: Test types (are they used? -t flag)
  Phase 14: Analyze and verify final codebase

Comment markers inserted:
  // Veracity: added broadcast group  - Phase 5/6: Inserted broadcast use block
  // Veracity: DEPENDENT              - Phase 7: Lemma proven by vstd broadcast groups
  // Veracity: INDEPENDENT            - Phase 7: Lemma provides unique proof logic
  // Veracity: USED                   - Phase 8: Lemma required, restored after test
  // Veracity: UNUSED                 - Phase 8: Lemma not needed, left commented out
  // Veracity: UNNEEDED assert        - Phase 9/10: Assert not needed, left commented
  // Veracity: UNNEEDED admit         - Phase 11: Admit not needed, left commented
  // Veracity: UNNEEDED proof block   - Phase 12: Proof block not needed, left commented
  // Veracity: TYPE USED              - Phase 13: Type is used (verified by removal test)
  // Veracity: TYPE UNUSED            - Phase 13: Type not used, left commented out
  // Veracity: UNNEEDED               - Phase 8: Call site not needed, left commented

═══════════════════════════════════════════════════════════════════════════════

═══════════════════════════════════════════════════════════════
Phase 0: Stripping existing Veracity markers
═══════════════════════════════════════════════════════════════

  Found 1 existing Veracity markers
  Cleaning up for fresh analysis...
  ✓ Removed 0 markers

═══════════════════════════════════════════════════════════════
Phase 1: Analyzing and verifying codebase
═══════════════════════════════════════════════════════════════

  Initial LOC (comments not counted):
    Spec:       0
    Proof:      0
    Exec:       0
    Total:      0

  Verifying...
  ✓ Verification passed in 33.7s. Continuing.

Phase 2: Analyzing library structure...
  Scanning library for proof functions (lemmas)...
  Found 305 proof functions
  In 13 modules
  Checking which library modules are used in codebase...
  13 modules used in codebase
  0 modules NOT used in codebase
  Scanning for lemma call sites...
  703 call sites in library
  14215 call sites in codebase (outside library)
  Scanning library for spec functions...
  Found 160 spec functions
  56 spec functions without explicit calls (excluding type variants where any is used)

Phase 3: Discovering vstd broadcast groups...
  vstd source: /home/milnes/projects/verus/source/vstd
  Found 49 broadcast groups

Phase 4: Estimating time...
  Time per verification:           33.7s
  Lemmas to test:                  305
  Est. lib asserts to test:        ~260
  Est. codebase asserts to test:   ~50

  Estimation formula:
    Phase 5/6: verification_time × num_files
    Phase 7:   verification_time × num_lemmas (empty body test)
    Phase 8:   verification_time × num_lemmas (comment out test)
    Phase 9/10: verification_time × num_asserts (comment out test)

  Phase 1 (verify codebase):       33.7s (done)
  Phase 2 (analyze library):       ~0s (no verification)
  Phase 3 (discover broadcasts):   ~0s (no verification)
  Phase 4 (estimate time):         ~0s (no verification)
  Phase 5 (library broadcasts):    skipped (no -L flag)
  Phase 6 (codebase broadcasts):   skipped (no -b flag)
  Phase 7 (dependence test):       ~2h 51m 20s (33.7s × 305 lemmas)
  Phase 8 (necessity test):        ~2h 51m 20s (33.7s × 305 lemmas)
  Phase 9 (library asserts):       ~0.0s (33.7s × ~260 asserts)
  Phase 10 (codebase asserts):     ~28m 5s (33.7s × ~50 asserts)
  ─────────────────────────────────────────
  TOTAL ESTIMATED TIME:            ~6h 11m 21s

Phase 5: Library broadcast groups...
  Analyzing library for broadcast group recommendations...

  VecQueue.rs:
    In use:
      ✓ vstd::seq::group_seq_axioms
      ✓ vstd::seq_lib::group_seq_properties
      ✓ vstd::seq_lib::group_to_multiset_ensures

  feq.rs:
    In use:
      ✓ vstd::seq::group_seq_axioms
      ✓ vstd::seq_lib::group_seq_properties
      ✓ vstd::seq_lib::group_to_multiset_ensures

  float.rs:
    In use:
      ✓ vstd::seq::group_seq_axioms
      ✓ vstd::seq_lib::group_seq_properties
      ✓ vstd::seq_lib::group_to_multiset_ensures

  hash_map_with_view_plus.rs:
    In use:
      ✓ vstd::map::group_map_axioms

  hash_set_with_view_plus.rs:
    In use:
      ✓ vstd::set::group_set_axioms
      ✓ vstd::set_lib::group_set_lib_default

  multiset.rs:
    In use:
      ✓ vstd::multiset::group_multiset_axioms
      ✓ vstd::seq_lib::group_to_multiset_ensures
      ✓ vstd::seq::group_seq_axioms
      ✓ vstd::seq_lib::group_seq_properties

  seq.rs:
    In use:
      ✓ vstd::seq::group_seq_axioms
      ✓ vstd::seq_lib::group_seq_properties
      ✓ vstd::seq_lib::group_to_multiset_ensures

  seq_set.rs:
    In use:
      ✓ vstd::seq_lib::group_seq_properties
      ✓ vstd::set::group_set_axioms
      ✓ vstd::seq::group_seq_axioms
      ✓ vstd::seq_lib::group_to_multiset_ensures
      ✓ vstd::set_lib::group_set_lib_default

  No new broadcast groups recommended for library.
  Skipped (use -L flag to add broadcast groups)

Phase 6: Codebase broadcast groups...
  Analyzing broadcast groups per file...

  src/Chap03/InsertionSortStEph.rs:
    In use:
      ✓ vstd::seq_lib::group_to_multiset_ensures
      ✓ vstd::seq::group_seq_axioms
      ✓ vstd::seq_lib::group_seq_properties

  src/Chap05/KleeneStPer.rs:
    In use:
      ✓ vstd::set::group_set_axioms
      ✓ vstd::seq::group_seq_axioms
      ✓ vstd::seq_lib::group_seq_properties
      ✓ vstd::seq_lib::group_to_multiset_ensures
      ✓ vstd::set_lib::group_set_lib_default

  src/Chap05/MappingStEph.rs:
    In use:
      ✓ vstd::set::group_set_axioms
      ✓ vstd::set_lib::group_set_lib_default
      ✓ vstd::set_lib::group_set_properties
      ✓ vstd::seq::group_seq_axioms
      ✓ vstd::seq_lib::group_seq_lib_default
      ✓ vstd::seq_lib::group_seq_properties
      ✓ vstd::laws_eq::group_laws_eq
      ✓ vstd::laws_cmp::group_laws_cmp
      ✓ vstd::map::group_map_axioms
      ✓ vstd::seq_lib::group_to_multiset_ensures

  src/Chap05/RelationStEph.rs:
    In use:
      ✓ vstd::set::group_set_axioms
      ✓ vstd::set_lib::group_set_lib_default
      ✓ vstd::set_lib::group_set_properties
      ✓ vstd::seq::group_seq_axioms
      ✓ vstd::seq_lib::group_seq_lib_default
      ✓ vstd::seq_lib::group_seq_properties
      ✓ vstd::laws_eq::group_laws_eq
      ✓ vstd::laws_cmp::group_laws_cmp
      ✓ vstd::seq_lib::group_to_multiset_ensures

  src/Chap05/SetMtEph.rs:
    In use:
      ✓ vstd::set::group_set_axioms
      ✓ vstd::set_lib::group_set_lib_default
      ✓ vstd::set_lib::group_set_properties
      ✓ vstd::seq::group_seq_axioms
      ✓ vstd::seq_lib::group_seq_lib_default
      ✓ vstd::seq_lib::group_seq_properties
      ✓ vstd::laws_eq::group_laws_eq
      ✓ vstd::laws_cmp::group_laws_cmp
      ✓ vstd::seq_lib::group_to_multiset_ensures

  src/Chap05/SetStEph.rs:
    In use:
      ✓ vstd::set::group_set_axioms
      ✓ vstd::set_lib::group_set_lib_default
      ✓ vstd::set_lib::group_set_properties
      ✓ vstd::seq::group_seq_axioms
      ✓ vstd::seq_lib::group_seq_lib_default
      ✓ vstd::seq_lib::group_seq_properties
      ✓ vstd::laws_eq::group_laws_eq
      ✓ vstd::laws_cmp::group_laws_cmp
      ✓ vstd::seq_lib::group_to_multiset_ensures

  src/Chap06/DirGraphMtEph.rs:
    In use:
      ✓ vstd::set::group_set_axioms
      ✓ vstd::set_lib::group_set_lib_default

  src/Chap06/DirGraphStEph.rs:
    In use:
      ✓ vstd::std_specs::hash::group_hash_axioms
      ✓ vstd::set_lib::group_set_lib_default
      ✓ vstd::set::group_set_axioms

  src/Chap06/LabDirGraphMtEph.rs:
    In use:
      ✓ vstd::set::group_set_axioms
      ✓ vstd::set_lib::group_set_lib_default

  src/Chap06/LabDirGraphStEph.rs:
    In use:
      ✓ vstd::std_specs::hash::group_hash_axioms
      ✓ vstd::set_lib::group_set_lib_default
      ✓ vstd::set::group_set_axioms

  src/Chap06/LabUnDirGraphMtEph.rs:
    In use:
      ✓ vstd::set::group_set_axioms
      ✓ vstd::set_lib::group_set_lib_default

  src/Chap06/LabUnDirGraphStEph.rs:
    In use:
      ✓ vstd::std_specs::hash::group_hash_axioms
      ✓ vstd::set_lib::group_set_lib_default
      ✓ vstd::set::group_set_axioms

  src/Chap06/UnDirGraphMtEph.rs:
    In use:
      ✓ vstd::set::group_set_axioms
      ✓ vstd::set_lib::group_set_lib_default

  src/Chap06/UnDirGraphStEph.rs:
    In use:
      ✓ vstd::std_specs::hash::group_hash_axioms
      ✓ vstd::set_lib::group_set_lib_default
      ✓ vstd::set::group_set_axioms

  src/Chap06/WeightedDirGraphStEphF64.rs:
    In use:
      ✓ vstd::std_specs::hash::group_hash_axioms
      ✓ vstd::set_lib::group_set_lib_default
      ✓ vstd::set::group_set_axioms
      ✓ vstd::seq_lib::group_seq_properties

  src/Chap06/WeightedDirGraphStEphI128.rs:
    In use:
      ✓ vstd::std_specs::hash::group_hash_axioms
      ✓ vstd::set_lib::group_set_lib_default
      ✓ vstd::set::group_set_axioms
      ✓ vstd::seq_lib::group_seq_properties

  src/Chap06/WeightedDirGraphStEphI16.rs:
    In use:
      ✓ vstd::std_specs::hash::group_hash_axioms
      ✓ vstd::set_lib::group_set_lib_default
      ✓ vstd::set::group_set_axioms
      ✓ vstd::seq_lib::group_seq_properties

  src/Chap06/WeightedDirGraphStEphI32.rs:
    In use:
      ✓ vstd::std_specs::hash::group_hash_axioms
      ✓ vstd::set_lib::group_set_lib_default
      ✓ vstd::set::group_set_axioms
      ✓ vstd::seq_lib::group_seq_properties

  src/Chap06/WeightedDirGraphStEphI64.rs:
    In use:
      ✓ vstd::std_specs::hash::group_hash_axioms
      ✓ vstd::set_lib::group_set_lib_default
      ✓ vstd::set::group_set_axioms
      ✓ vstd::seq_lib::group_seq_properties

  src/Chap06/WeightedDirGraphStEphI8.rs:
    In use:
      ✓ vstd::std_specs::hash::group_hash_axioms
      ✓ vstd::set_lib::group_set_lib_default
      ✓ vstd::set::group_set_axioms
      ✓ vstd::seq_lib::group_seq_properties

  src/Chap06/WeightedDirGraphStEphIsize.rs:
    In use:
      ✓ vstd::std_specs::hash::group_hash_axioms
      ✓ vstd::set_lib::group_set_lib_default
      ✓ vstd::set::group_set_axioms
      ✓ vstd::seq_lib::group_seq_properties

  src/Chap06/WeightedDirGraphStEphU128.rs:
    In use:
      ✓ vstd::std_specs::hash::group_hash_axioms
      ✓ vstd::set_lib::group_set_lib_default
      ✓ vstd::set::group_set_axioms
      ✓ vstd::seq_lib::group_seq_properties

  src/Chap06/WeightedDirGraphStEphU16.rs:
    In use:
      ✓ vstd::std_specs::hash::group_hash_axioms
      ✓ vstd::set_lib::group_set_lib_default
      ✓ vstd::set::group_set_axioms
      ✓ vstd::seq_lib::group_seq_properties

  src/Chap06/WeightedDirGraphStEphU32.rs:
    In use:
      ✓ vstd::std_specs::hash::group_hash_axioms
      ✓ vstd::set_lib::group_set_lib_default
      ✓ vstd::set::group_set_axioms
      ✓ vstd::seq_lib::group_seq_properties

  src/Chap06/WeightedDirGraphStEphU64.rs:
    In use:
      ✓ vstd::std_specs::hash::group_hash_axioms
      ✓ vstd::set_lib::group_set_lib_default
      ✓ vstd::set::group_set_axioms
      ✓ vstd::seq_lib::group_seq_properties

  src/Chap06/WeightedDirGraphStEphU8.rs:
    In use:
      ✓ vstd::std_specs::hash::group_hash_axioms
      ✓ vstd::set_lib::group_set_lib_default
      ✓ vstd::set::group_set_axioms
      ✓ vstd::seq_lib::group_seq_properties

  src/Chap06/WeightedDirGraphStEphUsize.rs:
    In use:
      ✓ vstd::std_specs::hash::group_hash_axioms
      ✓ vstd::set_lib::group_set_lib_default
      ✓ vstd::set::group_set_axioms
      ✓ vstd::seq_lib::group_seq_properties

  src/Chap17/MathSeq.rs:
    In use:
      ✓ vstd::std_specs::vec::group_vec_axioms
      ✓ vstd::set::group_set_axioms
      ✓ vstd::set_lib::group_set_lib_default
      ✓ vstd::set_lib::group_set_properties
      ✓ vstd::seq::group_seq_axioms
      ✓ vstd::seq_lib::group_seq_lib_default
      ✓ vstd::seq_lib::group_seq_properties
      ✓ vstd::seq_lib::group_to_multiset_ensures

  src/Chap18/ArraySeq.rs:
    In use:
      ✓ vstd::std_specs::vec::group_vec_axioms
      ✓ vstd::seq::group_seq_axioms
      ✓ vstd::seq_lib::group_seq_properties
      ✓ vstd::multiset::group_multiset_axioms
      ✓ vstd::multiset::group_multiset_properties
      ✓ vstd::seq_lib::group_to_multiset_ensures
      ✓ vstd::seq_lib::group_filter_ensures

  src/Chap18/ArraySeqMtEph.rs:
    In use:
      ✓ vstd::std_specs::vec::group_vec_axioms
      ✓ vstd::seq::group_seq_axioms
      ✓ vstd::seq_lib::group_seq_properties
      ✓ vstd::seq_lib::group_to_multiset_ensures
      ✓ vstd::multiset::group_multiset_axioms

  src/Chap18/ArraySeqMtEphSlice.rs:
    In use:
      ✓ vstd::std_specs::vec::group_vec_axioms
      ✓ vstd::seq::group_seq_axioms
      ✓ vstd::seq_lib::group_seq_properties
      ✓ vstd::std_specs::slice::group_slice_axioms
      ✓ vstd::slice::group_slice_axioms
      ✓ vstd::seq_lib::group_to_multiset_ensures

  src/Chap18/ArraySeqMtPer.rs:
    In use:
      ✓ vstd::std_specs::vec::group_vec_axioms
      ✓ vstd::seq::group_seq_axioms
      ✓ vstd::seq_lib::group_seq_properties
      ✓ vstd::seq_lib::group_to_multiset_ensures
      ✓ vstd::multiset::group_multiset_axioms

  src/Chap18/ArraySeqStEph.rs:
    In use:
      ✓ vstd::std_specs::vec::group_vec_axioms
      ✓ vstd::seq::group_seq_axioms
      ✓ vstd::seq_lib::group_seq_properties
      ✓ vstd::seq_lib::group_to_multiset_ensures

  src/Chap18/ArraySeqStPer.rs:
    In use:
      ✓ vstd::std_specs::vec::group_vec_axioms
      ✓ vstd::seq::group_seq_axioms
      ✓ vstd::seq_lib::group_seq_properties
      ✓ vstd::seq_lib::group_to_multiset_ensures

  src/Chap18/LinkedListStEph.rs:
    In use:
      ✓ vstd::std_specs::vec::group_vec_axioms
      ✓ vstd::seq::group_seq_axioms
      ✓ vstd::seq_lib::group_seq_properties
      ✓ vstd::seq_lib::group_to_multiset_ensures

  src/Chap18/LinkedListStPer.rs:
    In use:
      ✓ vstd::std_specs::vec::group_vec_axioms
      ✓ vstd::seq::group_seq_axioms
      ✓ vstd::seq_lib::group_seq_properties
      ✓ vstd::seq_lib::group_to_multiset_ensures

  src/Chap19/ArraySeqMtEph.rs:
    In use:
      ✓ vstd::std_specs::vec::group_vec_axioms
      ✓ vstd::seq::group_seq_axioms
      ✓ vstd::seq_lib::group_seq_properties
      ✓ vstd::seq_lib::group_to_multiset_ensures
      ✓ vstd::multiset::group_multiset_axioms

  src/Chap19/ArraySeqMtEphSlice.rs:
    In use:
      ✓ vstd::std_specs::vec::group_vec_axioms
      ✓ vstd::seq::group_seq_axioms
      ✓ vstd::seq_lib::group_seq_properties
      ✓ vstd::std_specs::slice::group_slice_axioms
      ✓ vstd::slice::group_slice_axioms
      ✓ vstd::seq_lib::group_to_multiset_ensures

  src/Chap19/ArraySeqStEph.rs:
    In use:
      ✓ vstd::std_specs::vec::group_vec_axioms
      ✓ vstd::seq::group_seq_axioms
      ✓ vstd::seq_lib::group_seq_properties
      ✓ vstd::seq_lib::group_to_multiset_ensures

  src/Chap19/ArraySeqStPer.rs:
    In use:
      ✓ vstd::std_specs::vec::group_vec_axioms
      ✓ vstd::seq::group_seq_axioms
      ✓ vstd::seq_lib::group_seq_properties
      ✓ vstd::seq_lib::group_to_multiset_ensures

  src/Chap21/Algorithm21_1.rs:
    In use:
      ✓ vstd::std_specs::vec::group_vec_axioms
      ✓ vstd::seq::group_seq_axioms
      ✓ vstd::seq_lib::group_seq_properties
      ✓ vstd::seq_lib::group_to_multiset_ensures

  src/Chap21/Algorithm21_2.rs:
    In use:
      ✓ vstd::std_specs::vec::group_vec_axioms
      ✓ vstd::arithmetic::power::group_pow_properties

  src/Chap21/Algorithm21_5.rs:
    In use:
      ✓ vstd::std_specs::vec::group_vec_axioms

  src/Chap21/Algorithm21_6.rs:
    In use:
      ✓ vstd::std_specs::vec::group_vec_axioms

  src/Chap21/Exercise21_5.rs:
    In use:
      ✓ vstd::std_specs::vec::group_vec_axioms
      ✓ vstd::seq::group_seq_axioms
      ✓ vstd::seq_lib::group_seq_properties
      ✓ vstd::seq_lib::group_to_multiset_ensures

  src/Chap21/Exercise21_7.rs:
    In use:
      ✓ vstd::std_specs::vec::group_vec_axioms

  src/Chap21/Exercise21_8.rs:
    In use:
      ✓ vstd::std_specs::vec::group_vec_axioms

  src/Chap21/Problem21_1.rs:
    In use:
      ✓ vstd::std_specs::vec::group_vec_axioms

  src/Chap21/Problem21_3.rs:
    In use:
      ✓ vstd::std_specs::vec::group_vec_axioms

  src/Chap21/Problem21_4.rs:
    In use:
      ✓ vstd::std_specs::vec::group_vec_axioms

  src/Chap23/BalBinTreeStEph.rs:
    In use:
      ✓ vstd::std_specs::vec::group_vec_axioms
      ✓ vstd::seq::group_seq_axioms
      ✓ vstd::seq_lib::group_seq_properties
      ✓ vstd::seq_lib::group_to_multiset_ensures

  src/Chap23/PrimTreeSeqStPer.rs:
    In use:
      ✓ vstd::std_specs::vec::group_vec_axioms
      ✓ vstd::seq::group_seq_axioms
      ✓ vstd::seq_lib::group_seq_properties
      ✓ vstd::seq_lib::group_to_multiset_ensures

  src/Chap26/DivConReduceMtPer.rs:
    In use:
      ✓ vstd::std_specs::vec::group_vec_axioms
      ✓ vstd::seq::group_seq_axioms
      ✓ vstd::seq_lib::group_seq_properties
      ✓ vstd::seq_lib::group_to_multiset_ensures

  src/Chap26/DivConReduceStPer.rs:
    In use:
      ✓ vstd::std_specs::vec::group_vec_axioms
      ✓ vstd::seq::group_seq_axioms

  src/Chap26/ETSPMtEph.rs:
    In use:
      ✓ vstd::std_specs::vec::group_vec_axioms
      ✓ vstd::seq::group_seq_axioms
      ✓ vstd::seq_lib::group_seq_properties
      ✓ vstd::seq_lib::group_to_multiset_ensures

  src/Chap26/ETSPStEph.rs:
    In use:
      ✓ vstd::std_specs::vec::group_vec_axioms
      ✓ vstd::seq::group_seq_axioms
      ✓ vstd::seq_lib::group_seq_properties
      ✓ vstd::seq_lib::group_to_multiset_ensures

  src/Chap26/MergeSortMtPer.rs:
    In use:
      ✓ vstd::std_specs::vec::group_vec_axioms
      ✓ vstd::seq::group_seq_axioms
      ✓ vstd::seq_lib::group_to_multiset_ensures
      ✓ vstd::multiset::group_multiset_axioms
      ✓ vstd::seq_lib::group_seq_properties

  src/Chap26/MergeSortStPer.rs:
    In use:
      ✓ vstd::std_specs::vec::group_vec_axioms
      ✓ vstd::seq::group_seq_axioms
      ✓ vstd::seq_lib::group_to_multiset_ensures
      ✓ vstd::multiset::group_multiset_axioms
      ✓ vstd::seq_lib::group_seq_properties

  src/Chap26/ScanDCMtPer.rs:
    In use:
      ✓ vstd::std_specs::vec::group_vec_axioms
      ✓ vstd::seq::group_seq_axioms
      ✓ vstd::seq_lib::group_seq_properties
      ✓ vstd::seq_lib::group_to_multiset_ensures

  src/Chap26/ScanDCStPer.rs:
    In use:
      ✓ vstd::std_specs::vec::group_vec_axioms
      ✓ vstd::seq::group_seq_axioms
      ✓ vstd::seq_lib::group_seq_properties
      ✓ vstd::seq_lib::group_to_multiset_ensures

  src/Chap27/ReduceContractMtEph.rs:
    In use:
      ✓ vstd::std_specs::vec::group_vec_axioms
      ✓ vstd::seq::group_seq_axioms
      ✓ vstd::seq_lib::group_seq_properties
      ✓ vstd::seq_lib::group_to_multiset_ensures

  src/Chap27/ReduceContractStEph.rs:
    In use:
      ✓ vstd::std_specs::vec::group_vec_axioms
      ✓ vstd::seq::group_seq_axioms
      ✓ vstd::seq_lib::group_seq_properties
      ✓ vstd::seq_lib::group_to_multiset_ensures

  src/Chap27/ScanContractMtEph.rs:
    In use:
      ✓ vstd::std_specs::vec::group_vec_axioms
      ✓ vstd::seq::group_seq_axioms
      ✓ vstd::seq_lib::group_seq_properties
      ✓ vstd::seq_lib::group_to_multiset_ensures

  src/Chap27/ScanContractStEph.rs:
    In use:
      ✓ vstd::std_specs::vec::group_vec_axioms
      ✓ vstd::seq::group_seq_axioms
      ✓ vstd::seq_lib::group_seq_properties
      ✓ vstd::seq_lib::group_to_multiset_ensures

  src/Chap28/MCSSSpec.rs:
    In use:
      ✓ vstd::seq::group_seq_axioms
      ✓ vstd::seq_lib::group_seq_properties
      ✓ vstd::seq_lib::group_to_multiset_ensures

  src/Chap28/MaxContigSubSumDivConOptStEph.rs:
    In use:
      ✓ vstd::seq::group_seq_axioms
      ✓ vstd::seq_lib::group_seq_properties
      ✓ vstd::seq_lib::group_to_multiset_ensures

  src/Chap28/MaxContigSubSumDivConStEph.rs:
    In use:
      ✓ vstd::seq::group_seq_axioms
      ✓ vstd::seq_lib::group_seq_properties
      ✓ vstd::seq_lib::group_to_multiset_ensures

  src/Chap28/MaxContigSubSumIterStEph.rs:
    In use:
      ✓ vstd::seq::group_seq_axioms
      ✓ vstd::seq_lib::group_seq_properties
      ✓ vstd::seq_lib::group_to_multiset_ensures

  src/Chap28/MaxContigSubSumOptStEph.rs:
    In use:
      ✓ vstd::seq::group_seq_axioms
      ✓ vstd::seq_lib::group_seq_properties
      ✓ vstd::seq_lib::group_to_multiset_ensures

  src/Chap35/OrderStatSelectMtEph.rs:
    In use:
      ✓ vstd::std_specs::vec::group_vec_axioms
      ✓ vstd::seq::group_seq_axioms
      ✓ vstd::seq_lib::group_to_multiset_ensures
      ✓ vstd::multiset::group_multiset_axioms
      ✓ vstd::seq_lib::group_seq_properties

  src/Chap35/OrderStatSelectMtPer.rs:
    In use:
      ✓ vstd::std_specs::vec::group_vec_axioms
      ✓ vstd::seq::group_seq_axioms
      ✓ vstd::seq_lib::group_to_multiset_ensures
      ✓ vstd::multiset::group_multiset_axioms
      ✓ vstd::seq_lib::group_seq_properties

  src/Chap35/OrderStatSelectStEph.rs:
    In use:
      ✓ vstd::std_specs::vec::group_vec_axioms
      ✓ vstd::seq::group_seq_axioms
      ✓ vstd::seq_lib::group_to_multiset_ensures
      ✓ vstd::multiset::group_multiset_axioms
      ✓ vstd::seq_lib::group_seq_properties

  src/Chap35/OrderStatSelectStPer.rs:
    In use:
      ✓ vstd::std_specs::vec::group_vec_axioms
      ✓ vstd::seq::group_seq_axioms
      ✓ vstd::seq_lib::group_to_multiset_ensures
      ✓ vstd::multiset::group_multiset_axioms
      ✓ vstd::seq_lib::group_seq_properties

  src/Chap36/QuickSortMtEph.rs:
    In use:
      ✓ vstd::std_specs::vec::group_vec_axioms
      ✓ vstd::seq::group_seq_axioms
      ✓ vstd::seq_lib::group_to_multiset_ensures
      ✓ vstd::multiset::group_multiset_axioms

  src/Chap36/QuickSortMtEphSlice.rs:
    In use:
      ✓ vstd::std_specs::vec::group_vec_axioms
      ✓ vstd::seq::group_seq_axioms
      ✓ vstd::seq_lib::group_to_multiset_ensures
      ✓ vstd::multiset::group_multiset_axioms

  src/Chap36/QuickSortStEph.rs:
    In use:
      ✓ vstd::std_specs::vec::group_vec_axioms
      ✓ vstd::seq::group_seq_axioms
      ✓ vstd::seq_lib::group_to_multiset_ensures
      ✓ vstd::multiset::group_multiset_axioms

  src/Chap37/AVLTreeSeqMtPer.rs:
    In use:
      ✓ vstd::seq::group_seq_axioms
      ✓ vstd::seq_lib::group_seq_properties
      ✓ vstd::seq_lib::group_to_multiset_ensures

  src/Chap37/AVLTreeSeqStEph.rs:
    In use:
      ✓ vstd::seq::group_seq_axioms
      ✓ vstd::seq_lib::group_seq_properties
      ✓ vstd::seq_lib::group_to_multiset_ensures

  src/Chap37/AVLTreeSeqStPer.rs:
    In use:
      ✓ vstd::seq::group_seq_axioms
      ✓ vstd::seq_lib::group_seq_properties
      ✓ vstd::seq_lib::group_to_multiset_ensures

  src/Chap38/BSTParaMtEph.rs:
    In use:
      ✓ vstd::set::group_set_axioms
      ✓ vstd::set_lib::group_set_properties

  src/Chap38/BSTParaStEph.rs:
    In use:
      ✓ vstd::set::group_set_axioms

  src/Chap39/BSTParaTreapMtEph.rs:
    In use:
      ✓ vstd::set_lib::group_set_properties
      ✓ vstd::set::group_set_axioms

  src/Chap39/BSTTreapMtEph.rs:
    In use:
      ✓ vstd::set::group_set_axioms

  src/Chap39/BSTTreapStEph.rs:
    In use:
      ✓ vstd::set::group_set_axioms
      ✓ vstd::set_lib::group_set_properties

  src/Chap40/BSTKeyValueStEph.rs:
    In use:
      ✓ vstd::map::group_map_axioms
      ✓ vstd::set::group_set_axioms
      ✓ vstd::map_lib::group_map_union

  src/Chap41/AVLTreeSetMtEph.rs:
    In use:
      ✓ vstd::seq::group_seq_axioms
      ✓ vstd::set::group_set_axioms
      ✓ vstd::set_lib::group_set_lib_default

  src/Chap41/AVLTreeSetMtPer.rs:
    In use:
      ✓ vstd::seq::group_seq_axioms
      ✓ vstd::set::group_set_axioms
      ✓ vstd::set_lib::group_set_lib_default

  src/Chap41/AVLTreeSetStEph.rs:
    In use:
      ✓ vstd::seq::group_seq_axioms
      ✓ vstd::set::group_set_axioms
      ✓ vstd::set_lib::group_set_lib_default
      ✓ vstd::laws_cmp::group_laws_cmp

  src/Chap41/AVLTreeSetStPer.rs:
    In use:
      ✓ vstd::seq::group_seq_axioms
      ✓ vstd::set::group_set_axioms
      ✓ vstd::set_lib::group_set_lib_default
      ✓ vstd::laws_cmp::group_laws_cmp

  src/Chap41/ArraySetEnumMtEph.rs:
    In use:
      ✓ vstd::set::group_set_axioms
      ✓ vstd::set_lib::group_set_lib_default

  src/Chap41/ArraySetStEph.rs:
    In use:
      ✓ vstd::set::group_set_axioms
      ✓ vstd::seq::group_seq_axioms
      ✓ vstd::seq_lib::group_seq_lib_default
      ✓ vstd::seq_lib::group_seq_properties
      ✓ vstd::seq_lib::group_to_multiset_ensures
      ✓ vstd::set_lib::group_set_lib_default

  src/Chap41/Example41_3.rs:
    In use:
      ✓ vstd::laws_cmp::group_laws_cmp

  src/Chap41/OrdKeyMap.rs:
    In use:
      ✓ vstd::map::group_map_axioms
      ✓ vstd::set::group_set_axioms

  src/Chap42/TableMtEph.rs:
    In use:
      ✓ vstd::map::group_map_axioms
      ✓ vstd::seq::group_seq_axioms
      ✓ vstd::seq_lib::group_seq_properties
      ✓ vstd::seq_lib::group_to_multiset_ensures

  src/Chap42/TableStEph.rs:
    In use:
      ✓ vstd::map::group_map_axioms
      ✓ vstd::seq::group_seq_axioms
      ✓ vstd::seq_lib::group_seq_properties
      ✓ vstd::seq_lib::group_to_multiset_ensures

  src/Chap42/TableStPer.rs:
    In use:
      ✓ vstd::map::group_map_axioms
      ✓ vstd::seq::group_seq_axioms
      ✓ vstd::seq_lib::group_seq_properties
      ✓ vstd::seq_lib::group_to_multiset_ensures

  src/Chap43/AugOrderedTableMtEph.rs:
    In use:
      ✓ vstd::map::group_map_axioms

  src/Chap43/AugOrderedTableStEph.rs:
    In use:
      ✓ vstd::map::group_map_axioms

  src/Chap43/AugOrderedTableStPer.rs:
    In use:
      ✓ vstd::map::group_map_axioms

  src/Chap43/OrderedSetMtEph.rs:
    In use:
      ✓ vstd::set::group_set_axioms
      ✓ vstd::set_lib::group_set_lib_default
      ✓ vstd::laws_cmp::group_laws_cmp

  src/Chap43/OrderedSetStEph.rs:
    In use:
      ✓ vstd::set::group_set_axioms
      ✓ vstd::set_lib::group_set_lib_default
      ✓ vstd::laws_cmp::group_laws_cmp

  src/Chap43/OrderedSetStPer.rs:
    In use:
      ✓ vstd::set::group_set_axioms
      ✓ vstd::set_lib::group_set_lib_default
      ✓ vstd::laws_cmp::group_laws_cmp

  src/Chap43/OrderedTableMtEph.rs:
    In use:
      ✓ vstd::map::group_map_axioms

  src/Chap43/OrderedTableMtPer.rs:
    In use:
      ✓ vstd::map::group_map_axioms

  src/Chap43/OrderedTableStEph.rs:
    In use:
      ✓ vstd::map::group_map_axioms
      ✓ vstd::set::group_set_axioms

  src/Chap43/OrderedTableStPer.rs:
    In use:
      ✓ vstd::map::group_map_axioms
      ✓ vstd::set::group_set_axioms

  src/Chap45/BalancedTreePQ.rs:
    In use:
      ✓ vstd::seq::group_seq_axioms
      ✓ vstd::seq_lib::group_seq_properties
      ✓ vstd::seq_lib::group_to_multiset_ensures

  src/Chap45/BinaryHeapPQ.rs:
    In use:
      ✓ vstd::seq::group_seq_axioms
      ✓ vstd::seq_lib::group_seq_properties
      ✓ vstd::seq_lib::group_to_multiset_ensures
      ✓ vstd::std_specs::vec::group_vec_axioms

  src/Chap45/HeapsortExample.rs:
    In use:
      ✓ vstd::seq::group_seq_axioms
      ✓ vstd::seq_lib::group_seq_properties
      ✓ vstd::seq_lib::group_to_multiset_ensures

  src/Chap45/LeftistHeapPQ.rs:
    In use:
      ✓ vstd::multiset::group_multiset_axioms
      ✓ vstd::seq::group_seq_axioms
      ✓ vstd::seq_lib::group_seq_properties
      ✓ vstd::seq_lib::group_to_multiset_ensures
      ✓ vstd::std_specs::vec::group_vec_axioms

  src/Chap45/SortedListPQ.rs:
    In use:
      ✓ vstd::multiset::group_multiset_axioms
      ✓ vstd::seq::group_seq_axioms
      ✓ vstd::seq_lib::group_seq_properties
      ✓ vstd::seq_lib::group_to_multiset_ensures
      ✓ vstd::std_specs::vec::group_vec_axioms

  src/Chap45/UnsortedListPQ.rs:
    In use:
      ✓ vstd::multiset::group_multiset_axioms
      ✓ vstd::seq::group_seq_axioms
      ✓ vstd::seq_lib::group_seq_properties
      ✓ vstd::seq_lib::group_to_multiset_ensures
      ✓ vstd::std_specs::vec::group_vec_axioms

  src/Chap49/MinEditDistMtEph.rs:
    In use:
      ✓ vstd::seq::group_seq_axioms
      ✓ vstd::std_specs::hash::group_hash_axioms

  src/Chap49/MinEditDistMtPer.rs:
    In use:
      ✓ vstd::seq::group_seq_axioms
      ✓ vstd::std_specs::hash::group_hash_axioms

  src/Chap49/MinEditDistStEph.rs:
    In use:
      ✓ vstd::seq::group_seq_axioms
      ✓ vstd::std_specs::hash::group_hash_axioms

  src/Chap49/MinEditDistStPer.rs:
    In use:
      ✓ vstd::seq::group_seq_axioms
      ✓ vstd::std_specs::hash::group_hash_axioms

  src/Chap49/SubsetSumMtEph.rs:
    In use:
      ✓ vstd::seq::group_seq_axioms
      ✓ vstd::std_specs::hash::group_hash_axioms

  src/Chap49/SubsetSumMtPer.rs:
    In use:
      ✓ vstd::seq::group_seq_axioms
      ✓ vstd::std_specs::hash::group_hash_axioms

  src/Chap49/SubsetSumStEph.rs:
    In use:
      ✓ vstd::seq::group_seq_axioms
      ✓ vstd::std_specs::hash::group_hash_axioms

  src/Chap49/SubsetSumStPer.rs:
    In use:
      ✓ vstd::seq::group_seq_axioms
      ✓ vstd::std_specs::hash::group_hash_axioms

  src/Chap50/MatrixChainMtEph.rs:
    In use:
      ✓ vstd::map::group_map_axioms
      ✓ vstd::seq::group_seq_axioms
      ✓ vstd::seq_lib::group_seq_properties
      ✓ vstd::seq_lib::group_to_multiset_ensures

  src/Chap50/MatrixChainMtPer.rs:
    In use:
      ✓ vstd::map::group_map_axioms
      ✓ vstd::seq::group_seq_axioms
      ✓ vstd::seq_lib::group_seq_properties
      ✓ vstd::seq_lib::group_to_multiset_ensures

  src/Chap50/MatrixChainStEph.rs:
    In use:
      ✓ vstd::map::group_map_axioms
      ✓ vstd::seq::group_seq_axioms
      ✓ vstd::seq_lib::group_seq_properties
      ✓ vstd::seq_lib::group_to_multiset_ensures

  src/Chap50/MatrixChainStPer.rs:
    In use:
      ✓ vstd::map::group_map_axioms
      ✓ vstd::seq::group_seq_axioms
      ✓ vstd::seq_lib::group_seq_properties
      ✓ vstd::seq_lib::group_to_multiset_ensures

  src/Chap50/OptBinSearchTreeMtEph.rs:
    In use:
      ✓ vstd::map::group_map_axioms
      ✓ vstd::seq::group_seq_axioms
      ✓ vstd::seq_lib::group_seq_properties

  src/Chap50/OptBinSearchTreeMtPer.rs:
    In use:
      ✓ vstd::map::group_map_axioms
      ✓ vstd::seq::group_seq_axioms
      ✓ vstd::seq_lib::group_seq_properties

  src/Chap50/OptBinSearchTreeStEph.rs:
    In use:
      ✓ vstd::map::group_map_axioms
      ✓ vstd::seq::group_seq_axioms
      ✓ vstd::seq_lib::group_seq_properties

  src/Chap50/OptBinSearchTreeStPer.rs:
    In use:
      ✓ vstd::map::group_map_axioms
      ✓ vstd::seq::group_seq_axioms
      ✓ vstd::seq_lib::group_seq_properties

  src/Chap51/TopDownDPMtEph.rs:
    In use:
      ✓ vstd::map::group_map_axioms
      ✓ vstd::seq::group_seq_axioms
      ✓ vstd::std_specs::hash::group_hash_axioms

  src/Chap51/TopDownDPMtPer.rs:
    In use:
      ✓ vstd::map::group_map_axioms
      ✓ vstd::seq::group_seq_axioms
      ✓ vstd::std_specs::hash::group_hash_axioms

  src/Chap51/TopDownDPStEph.rs:
    In use:
      ✓ vstd::map::group_map_axioms
      ✓ vstd::seq::group_seq_axioms

  src/Chap51/TopDownDPStPer.rs:
    In use:
      ✓ vstd::map::group_map_axioms
      ✓ vstd::seq::group_seq_axioms

  src/Chap52/AdjMatrixGraphMtEph.rs:
    In use:
      ✓ vstd::seq::group_seq_axioms
      ✓ vstd::seq_lib::group_seq_properties
      ✓ vstd::seq_lib::group_to_multiset_ensures

  src/Chap52/AdjMatrixGraphMtPer.rs:
    In use:
      ✓ vstd::seq::group_seq_axioms
      ✓ vstd::seq_lib::group_seq_properties
      ✓ vstd::seq_lib::group_to_multiset_ensures

  src/Chap52/AdjMatrixGraphStEph.rs:
    In use:
      ✓ vstd::seq::group_seq_axioms
      ✓ vstd::seq_lib::group_seq_properties
      ✓ vstd::seq_lib::group_to_multiset_ensures

  src/Chap52/AdjMatrixGraphStPer.rs:
    In use:
      ✓ vstd::seq::group_seq_axioms
      ✓ vstd::seq_lib::group_seq_properties
      ✓ vstd::seq_lib::group_to_multiset_ensures

  src/Chap52/AdjSeqGraphMtEph.rs:
    In use:
      ✓ vstd::seq::group_seq_axioms
      ✓ vstd::seq_lib::group_seq_properties
      ✓ vstd::seq_lib::group_to_multiset_ensures

  src/Chap52/AdjSeqGraphMtPer.rs:
    In use:
      ✓ vstd::seq::group_seq_axioms
      ✓ vstd::seq_lib::group_seq_properties
      ✓ vstd::seq_lib::group_to_multiset_ensures

  src/Chap52/AdjSeqGraphStEph.rs:
    In use:
      ✓ vstd::seq::group_seq_axioms
      ✓ vstd::seq_lib::group_seq_properties
      ✓ vstd::seq_lib::group_to_multiset_ensures

  src/Chap52/AdjSeqGraphStPer.rs:
    In use:
      ✓ vstd::seq::group_seq_axioms
      ✓ vstd::seq_lib::group_seq_properties
      ✓ vstd::seq_lib::group_to_multiset_ensures

  src/Chap52/AdjTableGraphMtPer.rs:
    In use:
      ✓ vstd::map::group_map_axioms
      ✓ vstd::set::group_set_axioms
      ✓ vstd::set_lib::group_set_lib_default

  src/Chap52/AdjTableGraphStEph.rs:
    In use:
      ✓ vstd::map::group_map_axioms
      ✓ vstd::set::group_set_axioms
      ✓ vstd::set_lib::group_set_lib_default

  src/Chap52/AdjTableGraphStPer.rs:
    In use:
      ✓ vstd::map::group_map_axioms
      ✓ vstd::set::group_set_axioms
      ✓ vstd::set_lib::group_set_lib_default

  src/Chap52/EdgeSetGraphMtPer.rs:
    In use:
      ✓ vstd::set::group_set_axioms
      ✓ vstd::set_lib::group_set_lib_default

  src/Chap52/EdgeSetGraphStEph.rs:
    In use:
      ✓ vstd::set::group_set_axioms
      ✓ vstd::set_lib::group_set_lib_default

  src/Chap52/EdgeSetGraphStPer.rs:
    In use:
      ✓ vstd::set::group_set_axioms
      ✓ vstd::set_lib::group_set_lib_default

  src/Chap54/BFSMtEph.rs:
    In use:
      ✓ vstd::std_specs::vecdeque::group_vec_dequeue_axioms

  src/Chap54/BFSStEph.rs:
    In use:
      ✓ vstd::std_specs::vecdeque::group_vec_dequeue_axioms

  src/Chap54/BFSStPer.rs:
    In use:
      ✓ vstd::std_specs::vecdeque::group_vec_dequeue_axioms

  src/Chap55/CycleDetectStEph.rs:
    In use:
      ✓ vstd::seq::group_seq_axioms

  src/Chap55/CycleDetectStPer.rs:
    In use:
      ✓ vstd::seq::group_seq_axioms

  src/Chap55/DFSStEph.rs:
    In use:
      ✓ vstd::seq::group_seq_axioms

  src/Chap55/DFSStPer.rs:
    In use:
      ✓ vstd::seq::group_seq_axioms

  src/Chap55/SCCStEph.rs:
    In use:
      ✓ vstd::seq::group_seq_axioms
      ✓ vstd::seq_lib::group_seq_properties

  src/Chap55/SCCStPer.rs:
    In use:
      ✓ vstd::seq::group_seq_axioms
      ✓ vstd::seq_lib::group_seq_properties

  src/Chap55/TopoSortStEph.rs:
    In use:
      ✓ vstd::seq::group_seq_axioms
      ✓ vstd::seq_lib::group_seq_properties
      ✓ vstd::seq_lib::group_to_multiset_ensures

  src/Chap56/SSSPResultStPerF64.rs:
    In use:
      ✓ vstd::seq::group_seq_axioms
      ✓ vstd::seq_lib::group_seq_properties
      ✓ vstd::seq_lib::group_to_multiset_ensures

  src/Chap57/StackStEph.rs:
    In use:
      ✓ vstd::seq::group_seq_axioms
      ✓ vstd::seq_lib::group_seq_properties
      ✓ vstd::seq_lib::group_to_multiset_ensures

  src/Chap66/BoruvkaMtEph.rs:
    In use:
      ✓ vstd::set::group_set_axioms

  src/Chap66/BoruvkaStEph.rs:
    In use:
      ✓ vstd::set::group_set_axioms

  src/ParaPairs.rs:
    In use:
      ✓ vstd::set::group_set_axioms
      ✓ vstd::set_lib::group_set_lib_default

  src/Types.rs:
    In use:
      ✓ vstd::seq::group_seq_axioms
      ✓ vstd::seq_lib::group_seq_properties
      ✓ vstd::seq_lib::group_to_multiset_ensures
      ✓ vstd::set::group_set_axioms
      ✓ vstd::set_lib::group_set_lib_default

  src/standards/table_of_contents_standard.rs:
    In use:
      ✓ vstd::seq::group_seq_axioms

═══════════════════════════════════════════════════════════════
Phase 7: Skipped (--no-lib-min)
═══════════════════════════════════════════════════════════════

═══════════════════════════════════════════════════════════════
Phase 8: Skipped (--no-lib-min)
═══════════════════════════════════════════════════════════════


Phase 9: Skipped (use -a flag to enable assert minimization)

═══════════════════════════════════════════════════════════════
Phase 10: Testing codebase asserts
═══════════════════════════════════════════════════════════════

For each assert: comment out, verify. NEEDED=restored, UNNEEDED=left commented.

Found 151 asserts in codebase, testing 151

[1/151] assert L180 in select (src/Chap53/GraphSearchMtPer.rs)... NEEDED (restored) [initial 1m 20s -> now 1m 27s (incremental +7.4s)]
[2/151] assert L182 in select (src/Chap53/GraphSearchMtPer.rs)... NEEDED (restored) [initial 1m 20s -> now 1m 19s (incremental ~0s)]
[3/151] assert L187 in select (src/Chap53/GraphSearchMtPer.rs)... NEEDED (restored) [initial 1m 20s -> now 1m 15s (incremental ~0s)]
[4/151] assert L188 in select (src/Chap53/GraphSearchMtPer.rs)... UNNEEDED (commented) [initial 1m 20s -> now 1m 30s (incremental +10.2s)]
[5/151] assert L190 in select (src/Chap53/GraphSearchMtPer.rs)... UNNEEDED (commented) [initial 1m 20s -> now 1m 31s (incremental +11.7s)]
[6/151] assert L191 in select (src/Chap53/GraphSearchMtPer.rs)... UNNEEDED (commented) [initial 1m 20s -> now 1m 27s (incremental +7.3s)]
[7/151] assert L193 in select (src/Chap53/GraphSearchMtPer.rs)... UNNEEDED (commented) [initial 1m 20s -> now 1m 27s (incremental +7.6s)]
[8/151] assert L219 in graph_search<V: StTInMtT + Ord + TotalOrder + 'static, G, S> (src/Chap53/GraphSearchMtPer.rs)... UNNEEDED (commented) [initial 1m 20s -> now 1m 25s (incremental +5.9s)]
[9/151] assert L220 in graph_search<V: StTInMtT + Ord + TotalOrder + 'static, G, S> (src/Chap53/GraphSearchMtPer.rs)... UNNEEDED (commented) [initial 1m 20s -> now 1m 25s (incremental +5.6s)]
[10/151] assert L221 in graph_search<V: StTInMtT + Ord + TotalOrder + 'static, G, S> (src/Chap53/GraphSearchMtPer.rs)... UNNEEDED (commented) [initial 1m 20s -> now 1m 2s (incremental -17.7s)]
[11/151] assert L317 in graph_search_explore<V: StTInMtT + Ord + TotalOrder + 'static, G: Fn (src/Chap53/GraphSearchMtPer.rs)... UNNEEDED (commented) [initial 1m 20s -> now 1m 28s (incremental +7.9s)]
[12/151] assert L318 in graph_search_explore<V: StTInMtT + Ord + TotalOrder + 'static, G: Fn (src/Chap53/GraphSearchMtPer.rs)... UNNEEDED (commented) [initial 1m 20s -> now 1m 15s (incremental -4.8s)]
[13/151] assert L321 in graph_search_explore<V: StTInMtT + Ord + TotalOrder + 'static, G: Fn (src/Chap53/GraphSearchMtPer.rs)... UNNEEDED (commented) [initial 1m 20s -> now 1m 5s (incremental -15.0s)]
[14/151] assert L322 in graph_search_explore<V: StTInMtT + Ord + TotalOrder + 'static, G: Fn (src/Chap53/GraphSearchMtPer.rs)... UNNEEDED (commented) [initial 1m 20s -> now 1m 10s (incremental -9.5s)]
[15/151] assert L324 in graph_search_explore<V: StTInMtT + Ord + TotalOrder + 'static, G: Fn (src/Chap53/GraphSearchMtPer.rs)... UNNEEDED (commented) [initial 1m 20s -> now 1m 15s (incremental -4.9s)]
[16/151] assert L172 in select (src/Chap53/GraphSearchStEph.rs)... NEEDED (restored) [initial 1m 20s -> now 47.8s (incremental ~0s)]
[17/151] assert L174 in select (src/Chap53/GraphSearchStEph.rs)... NEEDED (restored) [initial 1m 20s -> now 55.0s (incremental ~0s)]
[18/151] assert L179 in select (src/Chap53/GraphSearchStEph.rs)... NEEDED (restored) [initial 1m 20s -> now 56.3s (incremental ~0s)]
[19/151] assert L180 in select (src/Chap53/GraphSearchStEph.rs)... UNNEEDED (commented) [initial 1m 20s -> now 1m 8s (incremental -11.9s)]
[20/151] assert L182 in select (src/Chap53/GraphSearchStEph.rs)... UNNEEDED (commented) [initial 1m 20s -> now 56.3s (incremental -23.8s)]
[21/151] assert L183 in select (src/Chap53/GraphSearchStEph.rs)... UNNEEDED (commented) [initial 1m 20s -> now 1m 2s (incremental -17.6s)]
[22/151] assert L185 in select (src/Chap53/GraphSearchStEph.rs)... UNNEEDED (commented) [initial 1m 20s -> now 1m 6s (incremental -13.6s)]
[23/151] assert L214 in graph_search<V: StT + Ord + TotalOrder, G, S> (src/Chap53/GraphSearchStEph.rs)... UNNEEDED (commented) [initial 1m 20s -> now 1m 17s (incremental -3.0s)]
[24/151] assert L215 in graph_search<V: StT + Ord + TotalOrder, G, S> (src/Chap53/GraphSearchStEph.rs)... UNNEEDED (commented) [initial 1m 20s -> now 1m 15s (incremental -4.5s)]
[25/151] assert L216 in graph_search<V: StT + Ord + TotalOrder, G, S> (src/Chap53/GraphSearchStEph.rs)... UNNEEDED (commented) [initial 1m 20s -> now 1m 8s (incremental -11.2s)]
[26/151] assert L307 in graph_search_explore<V: StT + Ord + TotalOrder, G: Fn (src/Chap53/GraphSearchStEph.rs)... UNNEEDED (commented) [initial 1m 20s -> now 52.3s (incremental -27.9s)]
[27/151] assert L308 in graph_search_explore<V: StT + Ord + TotalOrder, G: Fn (src/Chap53/GraphSearchStEph.rs)... UNNEEDED (commented) [initial 1m 20s -> now 48.6s (incremental -31.5s)]
[28/151] assert L311 in graph_search_explore<V: StT + Ord + TotalOrder, G: Fn (src/Chap53/GraphSearchStEph.rs)... UNNEEDED (commented) [initial 1m 20s -> now 35.8s (incremental -44.3s)]
[29/151] assert L312 in graph_search_explore<V: StT + Ord + TotalOrder, G: Fn (src/Chap53/GraphSearchStEph.rs)... UNNEEDED (commented) [initial 1m 20s -> now 33.8s (incremental -46.3s)]
[30/151] assert L314 in graph_search_explore<V: StT + Ord + TotalOrder, G: Fn (src/Chap53/GraphSearchStEph.rs)... UNNEEDED (commented) [initial 1m 20s -> now 33.9s (incremental -46.3s)]
[31/151] assert L182 in select (src/Chap53/GraphSearchStPer.rs)... UNNEEDED (commented) [initial 1m 20s -> now 36.7s (incremental -43.5s)]
[32/151] assert L183 in select (src/Chap53/GraphSearchStPer.rs)... UNNEEDED (commented) [initial 1m 20s -> now 35.9s (incremental -44.2s)]
[33/151] assert L185 in select (src/Chap53/GraphSearchStPer.rs)... NEEDED (restored) [initial 1m 20s -> now 32.2s (incremental ~0s)]
[34/151] assert L190 in select (src/Chap53/GraphSearchStPer.rs)... NEEDED (restored) [initial 1m 20s -> now 27.4s (incremental ~0s)]
[35/151] assert L191 in select (src/Chap53/GraphSearchStPer.rs)... UNNEEDED (commented) [initial 1m 20s -> now 40.1s (incremental -40.1s)]
[36/151] assert L192 in select (src/Chap53/GraphSearchStPer.rs)... UNNEEDED (commented) [initial 1m 20s -> now 33.7s (incremental -46.5s)]
[37/151] assert L194 in select (src/Chap53/GraphSearchStPer.rs)... UNNEEDED (commented) [initial 1m 20s -> now 38.0s (incremental -42.1s)]
[38/151] assert L195 in select (src/Chap53/GraphSearchStPer.rs)... UNNEEDED (commented) [initial 1m 20s -> now 41.2s (incremental -38.9s)]
[39/151] assert L197 in select (src/Chap53/GraphSearchStPer.rs)... UNNEEDED (commented) [initial 1m 20s -> now 40.5s (incremental -39.6s)]
[40/151] assert L226 in graph_search<V: StT + Ord + TotalOrder, G, S> (src/Chap53/GraphSearchStPer.rs)... UNNEEDED (commented) [initial 1m 20s -> now 33.9s (incremental -46.2s)]
[41/151] assert L227 in graph_search<V: StT + Ord + TotalOrder, G, S> (src/Chap53/GraphSearchStPer.rs)... UNNEEDED (commented) [initial 1m 20s -> now 35.8s (incremental -44.3s)]
[42/151] assert L228 in graph_search<V: StT + Ord + TotalOrder, G, S> (src/Chap53/GraphSearchStPer.rs)... UNNEEDED (commented) [initial 1m 20s -> now 35.8s (incremental -44.4s)]
[43/151] assert L319 in graph_search_explore<V: StT + Ord + TotalOrder, G: Fn (src/Chap53/GraphSearchStPer.rs)... UNNEEDED (commented) [initial 1m 20s -> now 37.9s (incremental -42.2s)]
[44/151] assert L320 in graph_search_explore<V: StT + Ord + TotalOrder, G: Fn (src/Chap53/GraphSearchStPer.rs)... UNNEEDED (commented) [initial 1m 20s -> now 38.6s (incremental -41.5s)]
[45/151] assert L323 in graph_search_explore<V: StT + Ord + TotalOrder, G: Fn (src/Chap53/GraphSearchStPer.rs)... UNNEEDED (commented) [initial 1m 20s -> now 40.0s (incremental -40.1s)]
[46/151] assert L324 in graph_search_explore<V: StT + Ord + TotalOrder, G: Fn (src/Chap53/GraphSearchStPer.rs)... UNNEEDED (commented) [initial 1m 20s -> now 40.6s (incremental -39.6s)]
[47/151] assert L326 in graph_search_explore<V: StT + Ord + TotalOrder, G: Fn (src/Chap53/GraphSearchStPer.rs)... UNNEEDED (commented) [initial 1m 20s -> now 38.0s (incremental -42.2s)]
[48/151] assert L147 in pq_min<G, PF> (src/Chap53/PQMinStEph.rs)... UNNEEDED (commented) [initial 1m 20s -> now 35.8s (incremental -44.3s)]
[49/151] assert L148 in pq_min<G, PF> (src/Chap53/PQMinStEph.rs)... UNNEEDED (commented) [initial 1m 20s -> now 36.7s (incremental -43.5s)]
[50/151] assert L155 in pq_min_multi<G, PF> (src/Chap53/PQMinStEph.rs)... UNNEEDED (commented) [initial 1m 20s -> now 35.9s (incremental -44.2s)]
[51/151] assert L156 in pq_min_multi<G, PF> (src/Chap53/PQMinStEph.rs)... UNNEEDED (commented) [initial 1m 20s -> now 42.2s (incremental -37.9s)]
[52/151] assert L190 in pq_min<V: StT + Ord + TotalOrder, P: StT + Ord + TotalOrder, G, PF> (src/Chap53/PQMinStEph.rs)... UNNEEDED (commented) [initial 1m 20s -> now 39.1s (incremental -41.0s)]
[53/151] assert L191 in pq_min<V: StT + Ord + TotalOrder, P: StT + Ord + TotalOrder, G, PF> (src/Chap53/PQMinStEph.rs)... UNNEEDED (commented) [initial 1m 20s -> now 37.8s (incremental -42.3s)]
[54/151] assert L194 in pq_min<V: StT + Ord + TotalOrder, P: StT + Ord + TotalOrder, G, PF> (src/Chap53/PQMinStEph.rs)... UNNEEDED (commented) [initial 1m 20s -> now 36.0s (incremental -44.1s)]
[55/151] assert L195 in pq_min<V: StT + Ord + TotalOrder, P: StT + Ord + TotalOrder, G, PF> (src/Chap53/PQMinStEph.rs)... UNNEEDED (commented) [initial 1m 20s -> now 36.3s (incremental -43.8s)]
[56/151] assert L197 in pq_min<V: StT + Ord + TotalOrder, P: StT + Ord + TotalOrder, G, PF> (src/Chap53/PQMinStEph.rs)... UNNEEDED (commented) [initial 1m 20s -> now 33.6s (incremental -46.5s)]
[57/151] assert L219 in pq_find_min_priority<V: StT + Ord + TotalOrder, P: StT + Ord + TotalOrder> (src/Chap53/PQMinStEph.rs)... NEEDED (restored) [initial 1m 20s -> now 33.9s (incremental ~0s)]
[58/151] assert L221 in pq_find_min_priority<V: StT + Ord + TotalOrder, P: StT + Ord + TotalOrder> (src/Chap53/PQMinStEph.rs)... NEEDED (restored) [initial 1m 20s -> now 30.0s (incremental ~0s)]
[59/151] assert L226 in pq_find_min_priority<V: StT + Ord + TotalOrder, P: StT + Ord + TotalOrder> (src/Chap53/PQMinStEph.rs)... UNNEEDED (commented) [initial 1m 20s -> now 35.9s (incremental -44.2s)]
[60/151] assert L315 in pq_explore<V: StT + Ord + TotalOrder, P: StT + Ord + TotalOrder, G: Fn (src/Chap53/PQMinStEph.rs)... NEEDED (restored) [initial 1m 20s -> now 33.9s (incremental ~0s)]
[61/151] assert L317 in pq_explore<V: StT + Ord + TotalOrder, P: StT + Ord + TotalOrder, G: Fn (src/Chap53/PQMinStEph.rs)... NEEDED (restored) [initial 1m 20s -> now 32.1s (incremental ~0s)]
[62/151] assert L336 in pq_explore<V: StT + Ord + TotalOrder, P: StT + Ord + TotalOrder, G: Fn (src/Chap53/PQMinStEph.rs)... UNNEEDED (commented) [initial 1m 20s -> now 36.1s (incremental -44.0s)]
[63/151] assert L339 in pq_explore<V: StT + Ord + TotalOrder, P: StT + Ord + TotalOrder, G: Fn (src/Chap53/PQMinStEph.rs)... NEEDED (restored) [initial 1m 20s -> now 29.5s (incremental ~0s)]
[64/151] assert L340 in pq_explore<V: StT + Ord + TotalOrder, P: StT + Ord + TotalOrder, G: Fn (src/Chap53/PQMinStEph.rs)... UNNEEDED (commented) [initial 1m 20s -> now 38.1s (incremental -42.1s)]
[65/151] assert L343 in pq_explore<V: StT + Ord + TotalOrder, P: StT + Ord + TotalOrder, G: Fn (src/Chap53/PQMinStEph.rs)... UNNEEDED (commented) [initial 1m 20s -> now 44.3s (incremental -35.8s)]
[66/151] assert L355 in pq_explore<V: StT + Ord + TotalOrder, P: StT + Ord + TotalOrder, G: Fn (src/Chap53/PQMinStEph.rs)... UNNEEDED (commented) [initial 1m 20s -> now 37.9s (incremental -42.2s)]
[67/151] assert L357 in pq_explore<V: StT + Ord + TotalOrder, P: StT + Ord + TotalOrder, G: Fn (src/Chap53/PQMinStEph.rs)... UNNEEDED (commented) [initial 1m 20s -> now 37.7s (incremental -42.4s)]
[68/151] assert L410 in pq_explore<V: StT + Ord + TotalOrder, P: StT + Ord + TotalOrder, G: Fn (src/Chap53/PQMinStEph.rs)... UNNEEDED (commented) [initial 1m 20s -> now 40.4s (incremental -39.8s)]
[69/151] assert L411 in pq_explore<V: StT + Ord + TotalOrder, P: StT + Ord + TotalOrder, G: Fn (src/Chap53/PQMinStEph.rs)... UNNEEDED (commented) [initial 1m 20s -> now 38.5s (incremental -41.6s)]
[70/151] assert L420 in pq_explore<V: StT + Ord + TotalOrder, P: StT + Ord + TotalOrder, G: Fn (src/Chap53/PQMinStEph.rs)... UNNEEDED (commented) [initial 1m 20s -> now 33.5s (incremental -46.6s)]
[71/151] assert L421 in pq_explore<V: StT + Ord + TotalOrder, P: StT + Ord + TotalOrder, G: Fn (src/Chap53/PQMinStEph.rs)... UNNEEDED (commented) [initial 1m 20s -> now 39.3s (incremental -40.8s)]
[72/151] assert L426 in pq_explore<V: StT + Ord + TotalOrder, P: StT + Ord + TotalOrder, G: Fn (src/Chap53/PQMinStEph.rs)... UNNEEDED (commented) [initial 1m 20s -> now 42.2s (incremental -37.9s)]
[73/151] assert L435 in pq_explore<V: StT + Ord + TotalOrder, P: StT + Ord + TotalOrder, G: Fn (src/Chap53/PQMinStEph.rs)... UNNEEDED (commented) [initial 1m 20s -> now 35.8s (incremental -44.3s)]
[74/151] assert L436 in pq_explore<V: StT + Ord + TotalOrder, P: StT + Ord + TotalOrder, G: Fn (src/Chap53/PQMinStEph.rs)... NEEDED (restored) [initial 1m 20s -> now 33.8s (incremental ~0s)]
[75/151] assert L438 in pq_explore<V: StT + Ord + TotalOrder, P: StT + Ord + TotalOrder, G: Fn (src/Chap53/PQMinStEph.rs)... UNNEEDED (commented) [initial 1m 20s -> now 38.0s (incremental -42.1s)]
[76/151] assert L439 in pq_explore<V: StT + Ord + TotalOrder, P: StT + Ord + TotalOrder, G: Fn (src/Chap53/PQMinStEph.rs)... UNNEEDED (commented) [initial 1m 20s -> now 40.2s (incremental -40.0s)]
[77/151] assert L440 in pq_explore<V: StT + Ord + TotalOrder, P: StT + Ord + TotalOrder, G: Fn (src/Chap53/PQMinStEph.rs)... UNNEEDED (commented) [initial 1m 20s -> now 35.7s (incremental -44.4s)]
[78/151] assert L441 in pq_explore<V: StT + Ord + TotalOrder, P: StT + Ord + TotalOrder, G: Fn (src/Chap53/PQMinStEph.rs)... UNNEEDED (commented) [initial 1m 20s -> now 36.1s (incremental -44.0s)]
[79/151] assert L442 in pq_explore<V: StT + Ord + TotalOrder, P: StT + Ord + TotalOrder, G: Fn (src/Chap53/PQMinStEph.rs)... UNNEEDED (commented) [initial 1m 20s -> now 44.4s (incremental -35.7s)]
[80/151] assert L443 in pq_explore<V: StT + Ord + TotalOrder, P: StT + Ord + TotalOrder, G: Fn (src/Chap53/PQMinStEph.rs)... UNNEEDED (commented) [initial 1m 20s -> now 37.8s (incremental -42.3s)]
[81/151] assert L444 in pq_explore<V: StT + Ord + TotalOrder, P: StT + Ord + TotalOrder, G: Fn (src/Chap53/PQMinStEph.rs)... UNNEEDED (commented) [initial 1m 20s -> now 40.1s (incremental -40.0s)]
[82/151] assert L445 in pq_explore<V: StT + Ord + TotalOrder, P: StT + Ord + TotalOrder, G: Fn (src/Chap53/PQMinStEph.rs)... UNNEEDED (commented) [initial 1m 20s -> now 37.8s (incremental -42.3s)]
[83/151] assert L447 in pq_explore<V: StT + Ord + TotalOrder, P: StT + Ord + TotalOrder, G: Fn (src/Chap53/PQMinStEph.rs)... NEEDED (restored) [initial 1m 20s -> now 6.5s (incremental ~0s)]
[84/151] assert L453 in pq_explore<V: StT + Ord + TotalOrder, P: StT + Ord + TotalOrder, G: Fn (src/Chap53/PQMinStEph.rs)... NEEDED (restored) [initial 1m 20s -> now 8.6s (incremental ~0s)]
[85/151] assert L459 in pq_explore<V: StT + Ord + TotalOrder, P: StT + Ord + TotalOrder, G: Fn (src/Chap53/PQMinStEph.rs)... NEEDED (restored) [initial 1m 20s -> now 6.5s (incremental ~0s)]
[86/151] assert L465 in pq_explore<V: StT + Ord + TotalOrder, P: StT + Ord + TotalOrder, G: Fn (src/Chap53/PQMinStEph.rs)... UNNEEDED (commented) [initial 1m 20s -> now 33.5s (incremental -46.6s)]
[87/151] assert L506 in pq_explore<V: StT + Ord + TotalOrder, P: StT + Ord + TotalOrder, G: Fn (src/Chap53/PQMinStEph.rs)... UNNEEDED (commented) [initial 1m 20s -> now 37.9s (incremental -42.2s)]
[88/151] assert L559 in pq_min_multi<V: StT + Ord + TotalOrder, P: StT + Ord + TotalOrder, G, PF> (src/Chap53/PQMinStEph.rs)... UNNEEDED (commented) [initial 1m 20s -> now 35.7s (incremental -44.4s)]
[89/151] assert L561 in pq_min_multi<V: StT + Ord + TotalOrder, P: StT + Ord + TotalOrder, G, PF> (src/Chap53/PQMinStEph.rs)... UNNEEDED (commented) [initial 1m 20s -> now 36.0s (incremental -44.2s)]
[90/151] assert L604 in pq_min_multi<V: StT + Ord + TotalOrder, P: StT + Ord + TotalOrder, G, PF> (src/Chap53/PQMinStEph.rs)... UNNEEDED (commented) [initial 1m 20s -> now 38.0s (incremental -42.1s)]
[91/151] assert L611 in pq_min_multi<V: StT + Ord + TotalOrder, P: StT + Ord + TotalOrder, G, PF> (src/Chap53/PQMinStEph.rs)... UNNEEDED (commented) [initial 1m 20s -> now 37.8s (incremental -42.4s)]
[92/151] assert L612 in pq_min_multi<V: StT + Ord + TotalOrder, P: StT + Ord + TotalOrder, G, PF> (src/Chap53/PQMinStEph.rs)... NEEDED (restored) [initial 1m 20s -> now 29.3s (incremental ~0s)]
[93/151] assert L613 in pq_min_multi<V: StT + Ord + TotalOrder, P: StT + Ord + TotalOrder, G, PF> (src/Chap53/PQMinStEph.rs)... UNNEEDED (commented) [initial 1m 20s -> now 33.6s (incremental -46.6s)]
[94/151] assert L614 in pq_min_multi<V: StT + Ord + TotalOrder, P: StT + Ord + TotalOrder, G, PF> (src/Chap53/PQMinStEph.rs)... UNNEEDED (commented) [initial 1m 20s -> now 42.0s (incremental -38.1s)]
[95/151] assert L615 in pq_min_multi<V: StT + Ord + TotalOrder, P: StT + Ord + TotalOrder, G, PF> (src/Chap53/PQMinStEph.rs)... UNNEEDED (commented) [initial 1m 20s -> now 38.0s (incremental -42.2s)]
[96/151] assert L616 in pq_min_multi<V: StT + Ord + TotalOrder, P: StT + Ord + TotalOrder, G, PF> (src/Chap53/PQMinStEph.rs)... UNNEEDED (commented) [initial 1m 20s -> now 38.4s (incremental -41.7s)]
[97/151] assert L617 in pq_min_multi<V: StT + Ord + TotalOrder, P: StT + Ord + TotalOrder, G, PF> (src/Chap53/PQMinStEph.rs)... UNNEEDED (commented) [initial 1m 20s -> now 40.2s (incremental -39.9s)]
[98/151] assert L618 in pq_min_multi<V: StT + Ord + TotalOrder, P: StT + Ord + TotalOrder, G, PF> (src/Chap53/PQMinStEph.rs)... UNNEEDED (commented) [initial 1m 20s -> now 41.3s (incremental -38.8s)]
[99/151] assert L619 in pq_min_multi<V: StT + Ord + TotalOrder, P: StT + Ord + TotalOrder, G, PF> (src/Chap53/PQMinStEph.rs)... UNNEEDED (commented) [initial 1m 20s -> now 38.1s (incremental -42.0s)]
[100/151] assert L620 in pq_min_multi<V: StT + Ord + TotalOrder, P: StT + Ord + TotalOrder, G, PF> (src/Chap53/PQMinStEph.rs)... UNNEEDED (commented) [initial 1m 20s -> now 33.8s (incremental -46.3s)]
[101/151] assert L622 in pq_min_multi<V: StT + Ord + TotalOrder, P: StT + Ord + TotalOrder, G, PF> (src/Chap53/PQMinStEph.rs)... NEEDED (restored) [initial 1m 20s -> now 6.5s (incremental ~0s)]
[102/151] assert L628 in pq_min_multi<V: StT + Ord + TotalOrder, P: StT + Ord + TotalOrder, G, PF> (src/Chap53/PQMinStEph.rs)... NEEDED (restored) [initial 1m 20s -> now 6.5s (incremental ~0s)]
[103/151] assert L634 in pq_min_multi<V: StT + Ord + TotalOrder, P: StT + Ord + TotalOrder, G, PF> (src/Chap53/PQMinStEph.rs)... UNNEEDED (commented) [initial 1m 20s -> now 36.1s (incremental -44.0s)]
[104/151] assert L635 in pq_min_multi<V: StT + Ord + TotalOrder, P: StT + Ord + TotalOrder, G, PF> (src/Chap53/PQMinStEph.rs)... NEEDED (restored) [initial 1m 20s -> now 6.4s (incremental ~0s)]
[105/151] assert L641 in pq_min_multi<V: StT + Ord + TotalOrder, P: StT + Ord + TotalOrder, G, PF> (src/Chap53/PQMinStEph.rs)... UNNEEDED (commented) [initial 1m 20s -> now 35.7s (incremental -44.4s)]
[106/151] assert L143 in pq_min<G, PF> (src/Chap53/PQMinStPer.rs)... UNNEEDED (commented) [initial 1m 20s -> now 38.2s (incremental -41.9s)]
[107/151] assert L150 in pq_min_multi<G, PF> (src/Chap53/PQMinStPer.rs)... UNNEEDED (commented) [initial 1m 20s -> now 31.6s (incremental -48.5s)]
[108/151] assert L179 in pq_min<V: StT + Ord + TotalOrder, P: StT + Ord + TotalOrder, G, PF> (src/Chap53/PQMinStPer.rs)... UNNEEDED (commented) [initial 1m 20s -> now 37.8s (incremental -42.3s)]
[109/151] assert L182 in pq_min<V: StT + Ord + TotalOrder, P: StT + Ord + TotalOrder, G, PF> (src/Chap53/PQMinStPer.rs)... UNNEEDED (commented) [initial 1m 20s -> now 33.7s (incremental -46.4s)]
[110/151] assert L183 in pq_min<V: StT + Ord + TotalOrder, P: StT + Ord + TotalOrder, G, PF> (src/Chap53/PQMinStPer.rs)... UNNEEDED (commented) [initial 1m 20s -> now 41.1s (incremental -39.1s)]
[111/151] assert L185 in pq_min<V: StT + Ord + TotalOrder, P: StT + Ord + TotalOrder, G, PF> (src/Chap53/PQMinStPer.rs)... UNNEEDED (commented) [initial 1m 20s -> now 40.0s (incremental -40.1s)]
[112/151] assert L208 in pq_find_min_priority<V: StT + Ord + TotalOrder, P: StT + Ord + TotalOrder> (src/Chap53/PQMinStPer.rs)... UNNEEDED (commented) [initial 1m 20s -> now 35.8s (incremental -44.3s)]
[113/151] assert L209 in pq_find_min_priority<V: StT + Ord + TotalOrder, P: StT + Ord + TotalOrder> (src/Chap53/PQMinStPer.rs)... UNNEEDED (commented) [initial 1m 20s -> now 38.0s (incremental -42.2s)]
[114/151] assert L211 in pq_find_min_priority<V: StT + Ord + TotalOrder, P: StT + Ord + TotalOrder> (src/Chap53/PQMinStPer.rs)... NEEDED (restored) [initial 1m 20s -> now 29.5s (incremental ~0s)]
[115/151] assert L216 in pq_find_min_priority<V: StT + Ord + TotalOrder, P: StT + Ord + TotalOrder> (src/Chap53/PQMinStPer.rs)... UNNEEDED (commented) [initial 1m 20s -> now 35.9s (incremental -44.2s)]
[116/151] assert L293 in pq_explore<V: StT + Ord + TotalOrder, P: StT + Ord + TotalOrder, G: Fn (src/Chap53/PQMinStPer.rs)... UNNEEDED (commented) [initial 1m 20s -> now 35.8s (incremental -44.3s)]
[117/151] assert L294 in pq_explore<V: StT + Ord + TotalOrder, P: StT + Ord + TotalOrder, G: Fn (src/Chap53/PQMinStPer.rs)... UNNEEDED (commented) [initial 1m 20s -> now 37.7s (incremental -42.4s)]
[118/151] assert L296 in pq_explore<V: StT + Ord + TotalOrder, P: StT + Ord + TotalOrder, G: Fn (src/Chap53/PQMinStPer.rs)... NEEDED (restored) [initial 1m 20s -> now 29.4s (incremental ~0s)]
[119/151] assert L315 in pq_explore<V: StT + Ord + TotalOrder, P: StT + Ord + TotalOrder, G: Fn (src/Chap53/PQMinStPer.rs)... UNNEEDED (commented) [initial 1m 20s -> now 37.8s (incremental -42.3s)]
[120/151] assert L316 in pq_explore<V: StT + Ord + TotalOrder, P: StT + Ord + TotalOrder, G: Fn (src/Chap53/PQMinStPer.rs)... NEEDED (restored) [initial 1m 20s -> now 29.5s (incremental ~0s)]
[121/151] assert L317 in pq_explore<V: StT + Ord + TotalOrder, P: StT + Ord + TotalOrder, G: Fn (src/Chap53/PQMinStPer.rs)... UNNEEDED (commented) [initial 1m 20s -> now 37.8s (incremental -42.4s)]
[122/151] assert L318 in pq_explore<V: StT + Ord + TotalOrder, P: StT + Ord + TotalOrder, G: Fn (src/Chap53/PQMinStPer.rs)... UNNEEDED (commented) [initial 1m 20s -> now 38.2s (incremental -41.9s)]
[123/151] assert L330 in pq_explore<V: StT + Ord + TotalOrder, P: StT + Ord + TotalOrder, G: Fn (src/Chap53/PQMinStPer.rs)... UNNEEDED (commented) [initial 1m 20s -> now 35.9s (incremental -44.2s)]
[124/151] assert L332 in pq_explore<V: StT + Ord + TotalOrder, P: StT + Ord + TotalOrder, G: Fn (src/Chap53/PQMinStPer.rs)... UNNEEDED (commented) [initial 1m 20s -> now 1m 17s (incremental -3.0s)]
[125/151] assert L371 in pq_explore<V: StT + Ord + TotalOrder, P: StT + Ord + TotalOrder, G: Fn (src/Chap53/PQMinStPer.rs)... UNNEEDED (commented) [initial 1m 20s -> now 1m 8s (incremental -11.5s)]
[126/151] assert L373 in pq_explore<V: StT + Ord + TotalOrder, P: StT + Ord + TotalOrder, G: Fn (src/Chap53/PQMinStPer.rs)... UNNEEDED (commented) [initial 1m 20s -> now 56.8s (incremental -23.3s)]
[127/151] assert L374 in pq_explore<V: StT + Ord + TotalOrder, P: StT + Ord + TotalOrder, G: Fn (src/Chap53/PQMinStPer.rs)... UNNEEDED (commented) [initial 1m 20s -> now 1m 6s (incremental -13.7s)]
[128/151] assert L375 in pq_explore<V: StT + Ord + TotalOrder, P: StT + Ord + TotalOrder, G: Fn (src/Chap53/PQMinStPer.rs)... UNNEEDED (commented) [initial 1m 20s -> now 1m 8s (incremental -11.3s)]
[129/151] assert L376 in pq_explore<V: StT + Ord + TotalOrder, P: StT + Ord + TotalOrder, G: Fn (src/Chap53/PQMinStPer.rs)... UNNEEDED (commented) [initial 1m 20s -> now 58.1s (incremental -22.1s)]
[130/151] assert L380 in pq_explore<V: StT + Ord + TotalOrder, P: StT + Ord + TotalOrder, G: Fn (src/Chap53/PQMinStPer.rs)... UNNEEDED (commented) [initial 1m 20s -> now 1m 12s (incremental -7.8s)]
[131/151] assert L381 in pq_explore<V: StT + Ord + TotalOrder, P: StT + Ord + TotalOrder, G: Fn (src/Chap53/PQMinStPer.rs)... UNNEEDED (commented) [initial 1m 20s -> now 36.2s (incremental -43.9s)]
[132/151] assert L396 in pq_explore<V: StT + Ord + TotalOrder, P: StT + Ord + TotalOrder, G: Fn (src/Chap53/PQMinStPer.rs)... UNNEEDED (commented) [initial 1m 20s -> now 38.1s (incremental -42.0s)]
[133/151] assert L397 in pq_explore<V: StT + Ord + TotalOrder, P: StT + Ord + TotalOrder, G: Fn (src/Chap53/PQMinStPer.rs)... UNNEEDED (commented) [initial 1m 20s -> now 33.6s (incremental -46.5s)]
[134/151] assert L402 in pq_explore<V: StT + Ord + TotalOrder, P: StT + Ord + TotalOrder, G: Fn (src/Chap53/PQMinStPer.rs)... UNNEEDED (commented) [initial 1m 20s -> now 35.9s (incremental -44.3s)]
[135/151] assert L403 in pq_explore<V: StT + Ord + TotalOrder, P: StT + Ord + TotalOrder, G: Fn (src/Chap53/PQMinStPer.rs)... UNNEEDED (commented) [initial 1m 20s -> now 33.5s (incremental -46.6s)]
[136/151] assert L411 in pq_explore<V: StT + Ord + TotalOrder, P: StT + Ord + TotalOrder, G: Fn (src/Chap53/PQMinStPer.rs)... UNNEEDED (commented) [initial 1m 20s -> now 38.5s (incremental -41.6s)]
[137/151] assert L416 in pq_explore<V: StT + Ord + TotalOrder, P: StT + Ord + TotalOrder, G: Fn (src/Chap53/PQMinStPer.rs)... NEEDED (restored) [initial 1m 20s -> now 31.6s (incremental ~0s)]
[138/151] assert L417 in pq_explore<V: StT + Ord + TotalOrder, P: StT + Ord + TotalOrder, G: Fn (src/Chap53/PQMinStPer.rs)... UNNEEDED (commented) [initial 1m 20s -> now 36.3s (incremental -43.8s)]
[139/151] assert L418 in pq_explore<V: StT + Ord + TotalOrder, P: StT + Ord + TotalOrder, G: Fn (src/Chap53/PQMinStPer.rs)... NEEDED (restored) [initial 1m 20s -> now 6.5s (incremental ~0s)]
[140/151] assert L423 in pq_explore<V: StT + Ord + TotalOrder, P: StT + Ord + TotalOrder, G: Fn (src/Chap53/PQMinStPer.rs)... NEEDED (restored) [initial 1m 20s -> now 6.5s (incremental ~0s)]
[141/151] assert L461 in pq_explore<V: StT + Ord + TotalOrder, P: StT + Ord + TotalOrder, G: Fn (src/Chap53/PQMinStPer.rs)... UNNEEDED (commented) [initial 1m 20s -> now 40.0s (incremental -40.2s)]
[142/151] assert L511 in pq_min_multi<V: StT + Ord + TotalOrder, P: StT + Ord + TotalOrder, G, PF> (src/Chap53/PQMinStPer.rs)... UNNEEDED (commented) [initial 1m 20s -> now 33.8s (incremental -46.4s)]
[143/151] assert L513 in pq_min_multi<V: StT + Ord + TotalOrder, P: StT + Ord + TotalOrder, G, PF> (src/Chap53/PQMinStPer.rs)... UNNEEDED (commented) [initial 1m 20s -> now 37.8s (incremental -42.3s)]
[144/151] assert L555 in pq_min_multi<V: StT + Ord + TotalOrder, P: StT + Ord + TotalOrder, G, PF> (src/Chap53/PQMinStPer.rs)... UNNEEDED (commented) [initial 1m 20s -> now 35.7s (incremental -44.4s)]
[145/151] assert L562 in pq_min_multi<V: StT + Ord + TotalOrder, P: StT + Ord + TotalOrder, G, PF> (src/Chap53/PQMinStPer.rs)... UNNEEDED (commented) [initial 1m 20s -> now 40.9s (incremental -39.2s)]
[146/151] assert L563 in pq_min_multi<V: StT + Ord + TotalOrder, P: StT + Ord + TotalOrder, G, PF> (src/Chap53/PQMinStPer.rs)... UNNEEDED (commented) [initial 1m 20s -> now 33.6s (incremental -46.5s)]
[147/151] assert L564 in pq_min_multi<V: StT + Ord + TotalOrder, P: StT + Ord + TotalOrder, G, PF> (src/Chap53/PQMinStPer.rs)... UNNEEDED (commented) [initial 1m 20s -> now 37.9s (incremental -42.2s)]
[148/151] assert L565 in pq_min_multi<V: StT + Ord + TotalOrder, P: StT + Ord + TotalOrder, G, PF> (src/Chap53/PQMinStPer.rs)... UNNEEDED (commented) [initial 1m 20s -> now 35.7s (incremental -44.4s)]
[149/151] assert L566 in pq_min_multi<V: StT + Ord + TotalOrder, P: StT + Ord + TotalOrder, G, PF> (src/Chap53/PQMinStPer.rs)... NEEDED (restored) [initial 1m 20s -> now 8.6s (incremental ~0s)]
[150/151] assert L572 in pq_min_multi<V: StT + Ord + TotalOrder, P: StT + Ord + TotalOrder, G, PF> (src/Chap53/PQMinStPer.rs)... UNNEEDED (commented) [initial 1m 20s -> now 33.6s (incremental -46.5s)]
[151/151] assert L573 in pq_min_multi<V: StT + Ord + TotalOrder, P: StT + Ord + TotalOrder, G, PF> (src/Chap53/PQMinStPer.rs)... NEEDED (restored) [initial 1m 20s -> now 10.8s (incremental ~0s)]

Phase 10 Summary: 151 tested, 122 removed (commented), 1h 11m 54s time saved

Phase 11: Skipped (use -m flag to enable admit minimization)

Phase 12: Skipped (use -p flag to enable proof block minimization)

Phase 13: Skipped (use -t flag to enable type minimization)

═══════════════════════════════════════════════════════════════
Phase 14: Analyzing and verifying final codebase
═══════════════════════════════════════════════════════════════

  Final LOC (comments not counted):
    Spec:       0
    Proof:      0
    Exec:       0
    Total:      0

  LOC change: no change
  (excluding manual module removal)

  Verifying...
✓ Final verification: 35.9s (was 33.7s, +2.1s (6.4% slower))

═══════════════════════════════════════════════════════════════
MINIMIZATION SUMMARY
═══════════════════════════════════════════════════════════════

Time:
  Actual time:             1h 47m 52s
  Estimated time:          6h 11m 21s
  Estimation error:        -15808.2s (-70.9%)

Verification:
  Initial: 33.7s (passed)
  Final:   35.9s (passed)
  Change:  +2.1s (6.4% slower)

Lines of Code (comments not counted):
  Initial:      0 (spec: 0, proof: 0, exec: 0)
  Final:        0 (spec: 0, proof: 0, exec: 0)
  Change:  no change (excluding manual module removal)

Phase 7 (dependence): 0 DEPENDENT, 0 INDEPENDENT
Phase 8 (necessity):  0 USED, 0 UNUSED, 0 skipped
Combined:             0 DEPENDENT BUT NEEDED (keep these)

┌───────────────────────────────────────────────────────────────┐
│ DEPENDENT LEMMAS (vstd broadcast groups can prove these)     │
├───────────────────────────────────────────────────────────────┤
│ (none)                                                        │
└───────────────────────────────────────────────────────────────┘

┌───────────────────────────────────────────────────────────────┐
│ UNNEEDED LEMMAS (commented out, codebase verifies without)   │
├───────────────────────────────────────────────────────────────┤
│ (none - all tested lemmas are needed)                        │
└───────────────────────────────────────────────────────────────┘

┌───────────────────────────────────────────────────────────────┐
│ DEPENDENT BUT NEEDED (guide verification, keep for now)      │
├───────────────────────────────────────────────────────────────┤
│ (none - all dependent lemmas were also unneeded)             │
└───────────────────────────────────────────────────────────────┘

┌───────────────────────────────────────────────────────────────┐
│ SPEC FUNCTIONS (160 total, 56 without explicit calls)         │
├───────────────────────────────────────────────────────────────┤
│ checked_int.rs             -> spec_is_add_associative
│ checked_int.rs             -> spec_is_add_commutative
│ checked_int.rs             -> spec_is_mul_associative
│ checked_int.rs             -> spec_is_mul_commutative
│ checked_int.rs             -> spec_mul_distributes_over_add
│ checked_nat.rs             -> spec_is_add_associative
│ checked_nat.rs             -> spec_is_add_commutative
│ checked_nat.rs             -> spec_is_mul_associative
│ checked_nat.rs             -> spec_is_mul_commutative
│ checked_nat.rs             -> spec_mul_distributes_over_add
│ feq.rs                     -> feq_reflexive
│ feq.rs                     -> feq_symmetric
│ feq.rs                     -> feq_transitive
│ feq.rs                     -> obeys_feq<bool, u8, u16, u32, u64, u128, usize, i8, i16, i32, i64, i128, isize> (13 variants, 0 used)
│ feq.rs                     -> obeys_feq_clone
│ feq.rs                     -> obeys_feq_eq
│ feq.rs                     -> obeys_feq_full
│ feq.rs                     -> obeys_feq_full_trigger
│ feq.rs                     -> obeys_feq_fulls
│ feq.rs                     -> obeys_feq_properties
│ feq.rs                     -> obeys_feq_view
│ feq.rs                     -> obeys_feq_view_injective
│ feq.rs                     -> obeys_view_eq_trigger
│ float.rs                   -> all_float_wf
│ float.rs                   -> spec_float_sorted
│ hash_map_with_view_plus.rs -> exec_invariant
│ hash_map_with_view_plus.rs -> ghost_advance
│ hash_map_with_view_plus.rs -> ghost_decrease
│ hash_map_with_view_plus.rs -> ghost_ensures
│ hash_map_with_view_plus.rs -> ghost_invariant
│ hash_map_with_view_plus.rs -> ghost_iter
│ hash_map_with_view_plus.rs -> ghost_peek_next
│ hash_set_with_view_plus.rs -> exec_invariant
│ hash_set_with_view_plus.rs -> ghost_advance
│ hash_set_with_view_plus.rs -> ghost_decrease
│ hash_set_with_view_plus.rs -> ghost_ensures
│ hash_set_with_view_plus.rs -> ghost_invariant
│ hash_set_with_view_plus.rs -> ghost_iter
│ hash_set_with_view_plus.rs -> ghost_peek_next
│ hashed_checked_u32.rs      -> valid_key_type_CheckedU32
│ partial_order.rs           -> partial_order_ensures
│ pervasives_plus.rs         -> comment
│ seq.rs                     -> spec_sum_u32_fold
└───────────────────────────────────────────────────────────────┘

┌───────────────────────────────────────────────────────────────┐
│ REMOVABLE MODULES (0 can be removed entirely)               │
├───────────────────────────────────────────────────────────────┤
│ (none - all modules are needed)                              │
└───────────────────────────────────────────────────────────────┘

✓ Minimization complete! Codebase still verifies.
