veracity-analyze-alg-analysis
Full output: /home/milnes/projects/APAS-VERUS/analyses/veracity-analyze-alg-analysis.log

src/Chap05/MappingStEph.rs:143: info: St fn `is_functional_vec_at` sequential as expected
src/Chap05/MappingStEph.rs:149: info: St fn `is_functional_SetStEph_at` sequential as expected
src/Chap05/MappingStEph.rs:175: info: St fn `from_vec` sequential as expected
src/Chap05/MappingStEph.rs:184: info: St fn `from_relation` sequential as expected
src/Chap05/MappingStEph.rs:199: info: St fn `domain` sequential as expected
src/Chap05/RelationStEph.rs:109: info: St fn `from_set` sequential as expected
src/Chap05/RelationStEph.rs:115: info: St fn `from_vec` sequential as expected
src/Chap05/RelationStEph.rs:127: info: St fn `domain` sequential as expected
src/Chap05/RelationStEph.rs:133: info: St fn `range` sequential as expected
src/Chap05/SetStEph.rs:124: info: St fn `from_vec` sequential as expected
src/Chap05/SetStEph.rs:182: info: St fn `union` sequential as expected
src/Chap05/SetStEph.rs:191: info: St fn `disjoint_union` sequential as expected
src/Chap05/SetStEph.rs:203: info: St fn `intersection` sequential as expected
src/Chap05/SetStEph.rs:222: info: St fn `cartesian_product` sequential as expected
src/Chap05/SetStEph.rs:257: info: St fn `partition` sequential as expected
src/Chap06/LabDirGraphStEph.rs:83: info: St fn `from_vertices_and_labeled_arcs` sequential as expected
src/Chap06/LabDirGraphStEph.rs:106: info: St fn `arcs` sequential as expected
src/Chap06/LabDirGraphStEph.rs:126: info: St fn `get_arc_label` sequential as expected
src/Chap06/LabDirGraphStEph.rs:134: info: St fn `has_arc` sequential as expected
src/Chap06/LabDirGraphStEph.rs:141: info: St fn `n_plus` sequential as expected
src/Chap06/LabDirGraphStEph.rs:148: info: St fn `n_minus` sequential as expected
src/Chap18/ArraySeqMtEph.rs:323: error: Mt fn `subseq` DIFFERS from APAS — : sequential clone loop, not O(1) slice
src/Chap18/ArraySeqMtEph.rs:365: error: Mt fn `append` DIFFERS from APAS — : span O(|a|+|b|) not O(1), sequential loops
src/Chap18/ArraySeqMtEph.rs:381: error: Mt fn `filter` DIFFERS from APAS — : parallel D&C with multiset distribution lemma
src/Chap18/ArraySeqMtEph.rs:402: error: Mt fn `update` DIFFERS from APAS — : span O(n) not O(1), sequential clone loop
src/Chap18/ArraySeqMtEph.rs:418: error: Mt fn `inject` DIFFERS from APAS — : span O(n+m) not O(lg degree), sequential loops
src/Chap18/ArraySeqMtEph.rs:434: error: Mt fn `ninject` DIFFERS from APAS — : delegates to inject, span O(n+m) not O(1)
src/Chap18/ArraySeqMtEph.rs:484: error: Mt fn `scan` DIFFERS from APAS — : span O(n) not O(lg n), sequential loop
src/Chap18/ArraySeqMtEph.rs:501: error: Mt fn `map` DIFFERS from APAS — : parallel D&C via join; O(lg n) from Vec copy overhead
src/Chap18/ArraySeqMtEph.rs:514: error: Mt fn `tabulate` DIFFERS from APAS — : span O(n) not O(1), sequential loop
src/Chap18/ArraySeqMtEph.rs:525: error: Mt fn `flatten` DIFFERS from APAS — : span O(Σ|a_i|) not O(lg|a|), sequential nested loops
src/Chap18/ArraySeqMtPer.rs:163: error: Mt fn `subseq` DIFFERS from APAS — : Vec-backed, sequential clone loop; O(1) requires tree representation
src/Chap18/ArraySeqMtPer.rs:205: error: Mt fn `append` DIFFERS from APAS — : Vec-backed, sequential clone loops; O(1) requires tree representation
src/Chap18/ArraySeqMtPer.rs:221: error: Mt fn `filter` DIFFERS from APAS — : parallel D&C with multiset distribution lemma
src/Chap18/ArraySeqMtPer.rs:242: error: Mt fn `update` DIFFERS from APAS — : Vec-backed, sequential clone loop; O(1) requires tree representation
src/Chap18/ArraySeqMtPer.rs:258: error: Mt fn `inject` DIFFERS from APAS — : sequential apply; parallel inject requires sort-by-position
src/Chap18/ArraySeqMtPer.rs:295: error: Mt fn `reduce` DIFFERS from APAS — : sequential fold; parallel reduce_inner available via bare impl
src/Chap18/ArraySeqMtPer.rs:308: error: Mt fn `scan` DIFFERS from APAS — : sequential loop; parallel scan requires upsweep/downsweep
src/Chap18/ArraySeqMtPer.rs:325: error: Mt fn `map` DIFFERS from APAS — : sequential loop; parallel map_inner available via bare impl
src/Chap18/ArraySeqMtPer.rs:335: error: Mt fn `tabulate` DIFFERS from APAS — : sequential loop; parallel tabulate_inner available via bare impl
src/Chap18/ArraySeqMtPer.rs:346: error: Mt fn `flatten` DIFFERS from APAS — : sequential nested loops; D&C flatten requires outer array cloning proof
src/Chap18/ArraySeqStEph.rs:115: info: St fn `new` sequential as expected
src/Chap18/ArraySeqStEph.rs:152: info: St fn `subseq_copy` sequential as expected
src/Chap18/ArraySeqStEph.rs:166: info: St fn `subseq` sequential as expected
src/Chap18/ArraySeqStEph.rs:180: info: St fn `from_vec` sequential as expected
src/Chap18/ArraySeqStEph.rs:208: info: St fn `append` sequential as expected
src/Chap18/ArraySeqStEph.rs:224: info: St fn `filter` sequential as expected
src/Chap18/ArraySeqStEph.rs:245: info: St fn `update` sequential as expected
src/Chap18/ArraySeqStEph.rs:261: info: St fn `inject` sequential as expected
src/Chap18/ArraySeqStEph.rs:298: info: St fn `reduce` sequential as expected
src/Chap18/ArraySeqStEph.rs:311: info: St fn `scan` sequential as expected
src/Chap18/ArraySeqStEph.rs:328: info: St fn `map` sequential as expected
src/Chap18/ArraySeqStEph.rs:338: info: St fn `tabulate` sequential as expected
src/Chap18/ArraySeqStEph.rs:349: info: St fn `flatten` sequential as expected
src/Chap18/ArraySeqStPer.rs:115: info: St fn `new` sequential as expected
src/Chap18/ArraySeqStPer.rs:142: info: St fn `subseq_copy` sequential as expected
src/Chap18/ArraySeqStPer.rs:156: info: St fn `subseq` sequential as expected
src/Chap18/ArraySeqStPer.rs:170: info: St fn `from_vec` sequential as expected
src/Chap18/ArraySeqStPer.rs:198: info: St fn `append` sequential as expected
src/Chap18/ArraySeqStPer.rs:214: info: St fn `filter` sequential as expected
src/Chap18/ArraySeqStPer.rs:235: info: St fn `update` sequential as expected
src/Chap18/ArraySeqStPer.rs:251: info: St fn `inject` sequential as expected
src/Chap18/ArraySeqStPer.rs:288: info: St fn `reduce` sequential as expected
src/Chap18/ArraySeqStPer.rs:301: info: St fn `scan` sequential as expected
src/Chap18/ArraySeqStPer.rs:318: info: St fn `map` sequential as expected
src/Chap18/ArraySeqStPer.rs:328: info: St fn `tabulate` sequential as expected
src/Chap18/ArraySeqStPer.rs:339: info: St fn `flatten` sequential as expected
src/Chap18/LinkedListStEph.rs:102: info: St fn `new` sequential as expected
src/Chap18/LinkedListStEph.rs:114: info: St fn `set` sequential as expected
src/Chap18/LinkedListStEph.rs:129: info: St fn `nth` sequential as expected
src/Chap18/LinkedListStEph.rs:135: info: St fn `subseq_copy` sequential as expected
src/Chap18/LinkedListStEph.rs:148: info: St fn `from_vec` sequential as expected
src/Chap18/LinkedListStEph.rs:192: info: St fn `append` sequential as expected
src/Chap18/LinkedListStEph.rs:226: info: St fn `flatten` sequential as expected
src/Chap18/LinkedListStEph.rs:235: info: St fn `update` sequential as expected
src/Chap18/LinkedListStEph.rs:258: info: St fn `iterate` sequential as expected
src/Chap18/LinkedListStPer.rs:103: info: St fn `new` sequential as expected
src/Chap18/LinkedListStPer.rs:121: info: St fn `nth` sequential as expected
src/Chap18/LinkedListStPer.rs:127: info: St fn `subseq_copy` sequential as expected
src/Chap18/LinkedListStPer.rs:140: info: St fn `from_vec` sequential as expected
src/Chap18/LinkedListStPer.rs:184: info: St fn `append` sequential as expected
src/Chap18/LinkedListStPer.rs:218: info: St fn `flatten` sequential as expected
src/Chap18/LinkedListStPer.rs:227: info: St fn `update` sequential as expected
src/Chap18/LinkedListStPer.rs:250: info: St fn `iterate` sequential as expected
src/Chap19/ArraySeqMtEph.rs:242: error: Mt fn `subseq` DIFFERS from APAS — : Vec-backed, copies elements sequentially
src/Chap19/ArraySeqMtEph.rs:282: error: Mt fn `append` DIFFERS from APAS — : sequential tabulate, span = work
src/Chap19/ArraySeqMtEph.rs:315: error: Mt fn `update` DIFFERS from APAS — : clone entire Vec + set, sequential
src/Chap19/ArraySeqMtEph.rs:331: error: Mt fn `inject` DIFFERS from APAS — : sequential clone + loop
src/Chap19/ArraySeqMtEph.rs:347: error: Mt fn `ninject` DIFFERS from APAS — : delegates to inject, sequential clone + loop
src/Chap19/ArraySeqMtEph.rs:420: error: Mt fn `scan` DIFFERS from APAS — : sequential loop, span = work
src/Chap19/ArraySeqMtEph.rs:447: error: Mt fn `tabulate` DIFFERS from APAS — : sequential loop, span = work
src/Chap19/ArraySeqMtEph.rs:459: error: Mt fn `flatten` DIFFERS from APAS — : nested sequential loops, span = work
src/Chap19/ArraySeqStEph.rs:177: info: St fn `new` sequential as expected
src/Chap19/ArraySeqStEph.rs:215: info: St fn `subseq_copy` sequential as expected
src/Chap19/ArraySeqStEph.rs:229: info: St fn `subseq` sequential as expected
src/Chap19/ArraySeqStEph.rs:269: info: St fn `append` sequential as expected
src/Chap19/ArraySeqStEph.rs:283: info: St fn `filter` sequential as expected
src/Chap19/ArraySeqStEph.rs:302: info: St fn `update` sequential as expected
src/Chap19/ArraySeqStEph.rs:318: info: St fn `inject` sequential as expected
src/Chap19/ArraySeqStEph.rs:355: info: St fn `iterate` sequential as expected
src/Chap19/ArraySeqStEph.rs:379: info: St fn `reduce` sequential as expected
src/Chap19/ArraySeqStEph.rs:392: info: St fn `scan` sequential as expected
src/Chap19/ArraySeqStEph.rs:407: info: St fn `map` sequential as expected
src/Chap19/ArraySeqStEph.rs:417: info: St fn `tabulate` sequential as expected
src/Chap19/ArraySeqStEph.rs:429: info: St fn `flatten` sequential as expected
src/Chap19/ArraySeqStPer.rs:174: info: St fn `new` sequential as expected
src/Chap19/ArraySeqStPer.rs:201: info: St fn `subseq_copy` sequential as expected
src/Chap19/ArraySeqStPer.rs:215: info: St fn `subseq` sequential as expected
src/Chap19/ArraySeqStPer.rs:255: info: St fn `append` sequential as expected
src/Chap19/ArraySeqStPer.rs:269: info: St fn `filter` sequential as expected
src/Chap19/ArraySeqStPer.rs:288: info: St fn `update` sequential as expected
src/Chap19/ArraySeqStPer.rs:304: info: St fn `inject` sequential as expected
src/Chap19/ArraySeqStPer.rs:341: info: St fn `iterate` sequential as expected
src/Chap19/ArraySeqStPer.rs:365: info: St fn `reduce` sequential as expected
src/Chap19/ArraySeqStPer.rs:378: info: St fn `scan` sequential as expected
src/Chap19/ArraySeqStPer.rs:393: info: St fn `map` sequential as expected
src/Chap19/ArraySeqStPer.rs:403: info: St fn `tabulate` sequential as expected
src/Chap19/ArraySeqStPer.rs:415: info: St fn `flatten` sequential as expected
src/Chap23/BalBinTreeStEph.rs:363: info: St fn `size` sequential as expected
src/Chap23/BalBinTreeStEph.rs:377: info: St fn `height` sequential as expected
src/Chap23/BalBinTreeStEph.rs:391: info: St fn `in_order` sequential as expected
src/Chap23/BalBinTreeStEph.rs:409: info: St fn `pre_order` sequential as expected
src/Chap23/BalBinTreeStEph.rs:429: info: St fn `post_order` sequential as expected
src/Chap23/PrimTreeSeqStPer.rs:167: info: St fn `nth` sequential as expected
src/Chap23/PrimTreeSeqStPer.rs:175: info: St fn `expose` sequential as expected
src/Chap23/PrimTreeSeqStPer.rs:198: info: St fn `join` sequential as expected
src/Chap23/PrimTreeSeqStPer.rs:208: info: St fn `append` sequential as expected
src/Chap23/PrimTreeSeqStPer.rs:224: info: St fn `subseq` sequential as expected
src/Chap23/PrimTreeSeqStPer.rs:240: info: St fn `update` sequential as expected
src/Chap23/PrimTreeSeqStPer.rs:398: info: St fn `expose` sequential as expected
src/Chap23/PrimTreeSeqStPer.rs:464: info: St fn `join` sequential as expected
src/Chap23/PrimTreeSeqStPer.rs:484: info: St fn `append` sequential as expected
src/Chap23/PrimTreeSeqStPer.rs:532: info: St fn `subseq` sequential as expected
src/Chap23/PrimTreeSeqStPer.rs:560: info: St fn `update` sequential as expected
src/Chap23/PrimTreeSeqStPer.rs:598: info: St fn `map` sequential as expected
src/Chap23/PrimTreeSeqStPer.rs:624: info: St fn `tabulate` sequential as expected
src/Chap23/PrimTreeSeqStPer.rs:643: info: St fn `filter` sequential as expected
src/Chap23/PrimTreeSeqStPer.rs:701: info: St fn `flatten` sequential as expected
src/Chap26/DivConReduceStPer.rs:64: info: St fn `max_element` sequential as expected
src/Chap26/DivConReduceStPer.rs:80: info: St fn `sum` sequential as expected
src/Chap26/DivConReduceStPer.rs:92: info: St fn `product` sequential as expected
src/Chap26/DivConReduceStPer.rs:104: info: St fn `any` sequential as expected
src/Chap26/DivConReduceStPer.rs:116: info: St fn `all` sequential as expected
src/Chap26/DivConReduceStPer.rs:129: info: St fn `max_element` sequential as expected
src/Chap26/DivConReduceStPer.rs:158: info: St fn `sum` sequential as expected
src/Chap26/DivConReduceStPer.rs:167: info: St fn `product` sequential as expected
src/Chap26/DivConReduceStPer.rs:176: info: St fn `any` sequential as expected
src/Chap26/DivConReduceStPer.rs:185: info: St fn `all` sequential as expected
src/Chap26/ETSPStEph.rs:323: info: St fn `etsp` sequential as expected
src/Chap26/ETSPStEph.rs:518: info: St fn `etsp` sequential as expected
src/Chap26/MergeSortStPer.rs:131: info: St fn `merge_sort` sequential as expected
src/Chap26/MergeSortStPer.rs:144: info: St fn `merge` sequential as expected
src/Chap26/MergeSortStPer.rs:211: info: St fn `merge_sort` sequential as expected
src/Chap26/ScanDCStPer.rs:104: info: St fn `scan_dc` sequential as expected
src/Chap26/ScanDCStPer.rs:136: info: St fn `scan_dc` sequential as expected
src/Chap26/ScanDCStPer.rs:324: info: St fn `prefix_sums_dc` sequential as expected
src/Chap27/ReduceContractStEph.rs:169: info: St fn `reduce_contract` sequential as expected
src/Chap27/ReduceContractStEph.rs:188: info: St fn `reduce_contract` sequential as expected
src/Chap27/ScanContractStEph.rs:229: info: St fn `scan_contract` sequential as expected
src/Chap27/ScanContractStEph.rs:287: info: St fn `scan_contract` sequential as expected
src/Chap27/ScanContractStEph.rs:395: info: St fn `expand_scan` sequential as expected
src/Chap28/MaxContigSubSumBruteStEph.rs:53: info: St fn `max_contig_sub_sum_brute` sequential as expected
src/Chap28/MaxContigSubSumBruteStEph.rs:84: info: St fn `max_contig_sub_sum_brute` sequential as expected
src/Chap28/MaxContigSubSumDivConOptStEph.rs:263: info: St fn `max_contig_sub_sum_divcon_opt` sequential as expected
src/Chap28/MaxContigSubSumDivConOptStEph.rs:294: info: St fn `max_contig_sub_sum_aux` sequential as expected
src/Chap28/MaxContigSubSumDivConOptStEph.rs:386: info: St fn `max_contig_sub_sum_divcon_opt` sequential as expected
src/Chap28/MaxContigSubSumDivConStEph.rs:154: info: St fn `max_contig_sub_sum_divcon` sequential as expected
src/Chap28/MaxContigSubSumDivConStEph.rs:304: info: St fn `max_contig_sub_sum_divcon` sequential as expected
src/Chap28/MaxContigSubSumIterStEph.rs:160: info: St fn `max_contig_sub_sum_iter` sequential as expected
src/Chap28/MaxContigSubSumOptStEph.rs:93: info: St fn `max_contig_sub_sum_opt` sequential as expected
src/Chap28/MaxContigSubSumReducedMcsseStEph.rs:82: info: St fn `max_contig_sub_sum_reduced_mcsse` sequential as expected
src/Chap28/MaxContigSubSumReducedStEph.rs:49: info: St fn `max_contig_sub_sum_reduced` sequential as expected
src/Chap28/MaxContigSubSumReducedStEph.rs:79: info: St fn `max_contig_sub_sum_reduced` sequential as expected
src/Chap35/OrderStatSelectMtEph.rs:113: error: Mt fn `select` DIFFERS from APAS — : parallel recursion via join(), but sequential O(n) filter loops dominate span
src/Chap35/OrderStatSelectMtPer.rs:113: error: Mt fn `select` DIFFERS from APAS — : parallel recursion via join(), but sequential O(n) filter loops dominate span
src/Chap35/OrderStatSelectStEph.rs:91: info: St fn `select` sequential as expected
src/Chap35/OrderStatSelectStEph.rs:103: info: St fn `select` sequential as expected
src/Chap35/OrderStatSelectStEph.rs:117: info: St fn `select_inner` sequential as expected
src/Chap35/OrderStatSelectStPer.rs:90: info: St fn `select` sequential as expected
src/Chap35/OrderStatSelectStPer.rs:102: info: St fn `select` sequential as expected
src/Chap35/OrderStatSelectStPer.rs:116: info: St fn `select_inner` sequential as expected
src/Chap36/QuickSortMtEph.rs:186: error: Mt fn `quick_sort_first` DIFFERS from APAS — : parallel recursion via ParaPair!, but sequential O(n) partition dominates span
src/Chap36/QuickSortMtEph.rs:196: error: Mt fn `quick_sort_median3` DIFFERS from APAS — : parallel recursion via ParaPair!, but sequential O(n) partition dominates span
src/Chap36/QuickSortMtEph.rs:206: error: Mt fn `quick_sort_random` DIFFERS from APAS — : parallel recursion via ParaPair!, but sequential O(n) partition dominates span
src/Chap36/QuickSortStEph.rs:184: info: St fn `quick_sort_first` sequential as expected
src/Chap36/QuickSortStEph.rs:194: info: St fn `quick_sort_median3` sequential as expected
src/Chap36/QuickSortStEph.rs:204: info: St fn `quick_sort_random` sequential as expected
src/Chap36/QuickSortStEph.rs:393: info: St fn `quick_sort_first` sequential as expected
src/Chap36/QuickSortStEph.rs:498: info: St fn `quick_sort_median3` sequential as expected
src/Chap36/QuickSortStEph.rs:600: info: St fn `quick_sort_random` sequential as expected
src/Chap37/AVLTreeSeqMtPer.rs:224: error: Mt fn `nth` DIFFERS from APAS — : tree traversal to indexed node
src/Chap37/AVLTreeSeqStEph.rs:283: info: St fn `nth` sequential as expected
src/Chap37/AVLTreeSeqStEph.rs:323: info: St fn `update` sequential as expected
src/Chap37/AVLTreeSeqStPer.rs:253: info: St fn `nth` sequential as expected
src/Chap38/BSTParaMtEph.rs:278: error: Mt fn `join_mid` DIFFERS from APAS — : parametric impl wraps node without rebalancing
src/Chap38/BSTParaMtEph.rs:343: error: Mt fn `join_pair` DIFFERS from APAS — : delegates to union_inner (ParaPair)
src/Chap38/BSTParaMtEph.rs:382: error: Mt fn `filter` DIFFERS from APAS — : sequential recursion in filter_inner (spec_fn not Send)
src/Chap38/BSTParaMtEph.rs:419: error: Mt fn `join_m` DIFFERS from APAS — : delegates to join_mid which is O(1) in parametric impl
src/Chap38/BSTParaStEph.rs:280: info: St fn `join_mid` sequential as expected
src/Chap38/BSTParaStEph.rs:296: info: St fn `join_m` sequential as expected
src/Chap38/BSTParaStEph.rs:383: info: St fn `union` sequential as expected
src/Chap38/BSTParaStEph.rs:391: info: St fn `intersect` sequential as expected
src/Chap38/BSTParaStEph.rs:398: info: St fn `difference` sequential as expected
src/Chap38/BSTParaStEph.rs:405: info: St fn `filter` sequential as expected
src/Chap38/BSTParaStEph.rs:427: info: St fn `reduce` sequential as expected
src/Chap39/BSTTreapStEph.rs:2127: info: St fn `union_inner_st` sequential as expected
src/Chap39/BSTTreapStEph.rs:2282: info: St fn `intersect_inner_st` sequential as expected
src/Chap39/BSTTreapStEph.rs:2436: info: St fn `difference_inner_st` sequential as expected
src/Chap39/BSTTreapStEph.rs:2600: info: St fn `filter_inner_st` sequential as expected
src/Chap39/BSTTreapStEph.rs:2948: info: St fn `param_union` sequential as expected
src/Chap39/BSTTreapStEph.rs:2962: info: St fn `param_intersect` sequential as expected
src/Chap39/BSTTreapStEph.rs:2976: info: St fn `param_difference` sequential as expected
src/Chap39/BSTTreapStEph.rs:2990: info: St fn `param_filter` sequential as expected
src/Chap39/BSTTreapStEph.rs:3014: info: St fn `param_reduce` sequential as expected
src/Chap39/BSTTreapStEph.rs:3240: info: St fn `param_union` sequential as expected
src/Chap39/BSTTreapStEph.rs:3251: info: St fn `param_intersect` sequential as expected
src/Chap39/BSTTreapStEph.rs:3262: info: St fn `param_difference` sequential as expected
src/Chap39/BSTTreapStEph.rs:3273: info: St fn `param_filter` sequential as expected
src/Chap41/AVLTreeSetMtEph.rs:113: error: Mt fn `to_seq` DIFFERS from APAS — : sequential in-order traversal
src/Chap41/AVLTreeSetMtEph.rs:139: error: Mt fn `from_seq` DIFFERS from APAS — : sequential loop of inserts
src/Chap41/AVLTreeSetMtEph.rs:151: error: Mt fn `filter` DIFFERS from APAS — : sequential filter (spec_fn not Send)
src/Chap41/AVLTreeSetMtPer.rs:94: error: Mt fn `to_seq` DIFFERS from APAS — : sequential in-order traversal
src/Chap41/AVLTreeSetMtPer.rs:116: error: Mt fn `from_seq` DIFFERS from APAS — : sequential loop of inserts
src/Chap41/AVLTreeSetMtPer.rs:128: error: Mt fn `filter` DIFFERS from APAS — : sequential filter (spec_fn not Send)
src/Chap41/AVLTreeSetStEph.rs:203: info: St fn `to_seq` sequential as expected
src/Chap41/AVLTreeSetStEph.rs:228: info: St fn `from_seq` sequential as expected
src/Chap41/AVLTreeSetStEph.rs:239: info: St fn `filter` sequential as expected
src/Chap41/AVLTreeSetStEph.rs:261: info: St fn `intersection` sequential as expected
src/Chap41/AVLTreeSetStEph.rs:273: info: St fn `difference` sequential as expected
src/Chap41/AVLTreeSetStEph.rs:285: info: St fn `union` sequential as expected
src/Chap41/AVLTreeSetStPer.rs:197: info: St fn `to_seq` sequential as expected
src/Chap41/AVLTreeSetStPer.rs:222: info: St fn `from_seq` sequential as expected
src/Chap41/AVLTreeSetStPer.rs:233: info: St fn `filter` sequential as expected
src/Chap41/AVLTreeSetStPer.rs:255: info: St fn `intersection` sequential as expected
src/Chap41/AVLTreeSetStPer.rs:267: info: St fn `difference` sequential as expected
src/Chap41/AVLTreeSetStPer.rs:279: info: St fn `union` sequential as expected
src/Chap41/ArraySetEnumMtEph.rs:189: error: Mt fn `size` DIFFERS from APAS — : sequential bit scan; APAS CS 41.3 Span O(1) assumes PRAM, not fork-join
src/Chap41/ArraySetEnumMtEph.rs:196: error: Mt fn `to_seq` DIFFERS from APAS — : sequential scan, APAS assumes parallel
src/Chap41/ArraySetEnumMtEph.rs:214: error: Mt fn `singleton` DIFFERS from APAS — : sequential
src/Chap41/ArraySetEnumMtEph.rs:224: error: Mt fn `from_seq` DIFFERS from APAS — : sequential init + insert loop
src/Chap41/ArraySetEnumMtEph.rs:232: error: Mt fn `filter` DIFFERS from APAS — : sequential loop; APAS CS 41.3 Span O(1) assumes PRAM, not fork-join
src/Chap41/ArraySetEnumMtEph.rs:244: error: Mt fn `intersection` DIFFERS from APAS — : sequential word-AND, APAS assumes parallel
src/Chap41/ArraySetEnumMtEph.rs:257: error: Mt fn `difference` DIFFERS from APAS — : sequential word-AND-NOT, APAS assumes parallel
src/Chap41/ArraySetEnumMtEph.rs:270: error: Mt fn `union` DIFFERS from APAS — : sequential word-OR, APAS assumes parallel
src/Chap41/ArraySetEnumMtEph.rs:290: error: Mt fn `delete` DIFFERS from APAS — : ephemeral bit clear, APAS O(u) assumes copy
src/Chap41/ArraySetEnumMtEph.rs:300: error: Mt fn `insert` DIFFERS from APAS — : ephemeral bit set, APAS O(u) assumes copy
src/Chap41/ArraySetStEph.rs:309: info: St fn `size` sequential as expected
src/Chap41/ArraySetStEph.rs:316: info: St fn `to_seq` sequential as expected
src/Chap41/ArraySetStEph.rs:331: info: St fn `singleton` sequential as expected
src/Chap41/ArraySetStEph.rs:337: info: St fn `from_seq` sequential as expected
src/Chap41/ArraySetStEph.rs:345: info: St fn `filter` sequential as expected
src/Chap41/ArraySetStEph.rs:367: info: St fn `intersection` sequential as expected
src/Chap41/ArraySetStEph.rs:380: info: St fn `difference` sequential as expected
src/Chap41/ArraySetStEph.rs:393: info: St fn `union` sequential as expected
src/Chap41/ArraySetStEph.rs:406: info: St fn `find` sequential as expected
src/Chap41/ArraySetStEph.rs:413: info: St fn `delete` sequential as expected
src/Chap41/ArraySetStEph.rs:424: info: St fn `insert` sequential as expected
src/Chap42/TableMtEph.rs:799: error: Mt fn `domain` DIFFERS from APAS — : sequential key extraction
src/Chap42/TableMtEph.rs:833: error: Mt fn `filter` DIFFERS from APAS — : sequential loop; D&C no-dup proof pending
src/Chap42/TableMtEph.rs:851: error: Mt fn `intersection` DIFFERS from APAS — : nested linear scans on array
src/Chap42/TableMtEph.rs:868: error: Mt fn `union` DIFFERS from APAS — : nested linear scans on array
src/Chap42/TableMtEph.rs:889: error: Mt fn `difference` DIFFERS from APAS — : nested linear scans on array
src/Chap42/TableMtEph.rs:908: error: Mt fn `delete` DIFFERS from APAS — : linear scan + copy
src/Chap42/TableMtEph.rs:913: error: Mt fn `insert` DIFFERS from APAS — : linear scan + copy
src/Chap42/TableMtEph.rs:930: error: Mt fn `restrict` DIFFERS from APAS — : nested linear scans on array
src/Chap42/TableMtEph.rs:940: error: Mt fn `subtract` DIFFERS from APAS — : nested linear scans on array
src/Chap42/TableStEph.rs:314: info: St fn `domain` sequential as expected
src/Chap42/TableStEph.rs:319: info: St fn `tabulate` sequential as expected
src/Chap42/TableStEph.rs:330: info: St fn `map` sequential as expected
src/Chap42/TableStEph.rs:345: info: St fn `filter` sequential as expected
src/Chap42/TableStEph.rs:364: info: St fn `intersection` sequential as expected
src/Chap42/TableStEph.rs:381: info: St fn `union` sequential as expected
src/Chap42/TableStEph.rs:402: info: St fn `difference` sequential as expected
src/Chap42/TableStEph.rs:413: info: St fn `find` sequential as expected
src/Chap42/TableStEph.rs:434: info: St fn `delete` sequential as expected
src/Chap42/TableStEph.rs:443: info: St fn `insert` sequential as expected
src/Chap42/TableStEph.rs:511: info: St fn `restrict` sequential as expected
src/Chap42/TableStEph.rs:522: info: St fn `subtract` sequential as expected
src/Chap42/TableStPer.rs:402: info: St fn `domain` sequential as expected
src/Chap42/TableStPer.rs:408: info: St fn `tabulate` sequential as expected
src/Chap42/TableStPer.rs:420: info: St fn `map` sequential as expected
src/Chap42/TableStPer.rs:436: info: St fn `filter` sequential as expected
src/Chap42/TableStPer.rs:456: info: St fn `intersection` sequential as expected
src/Chap42/TableStPer.rs:474: info: St fn `union` sequential as expected
src/Chap42/TableStPer.rs:496: info: St fn `difference` sequential as expected
src/Chap42/TableStPer.rs:505: info: St fn `find` sequential as expected
src/Chap42/TableStPer.rs:528: info: St fn `delete` sequential as expected
src/Chap42/TableStPer.rs:538: info: St fn `insert` sequential as expected
src/Chap42/TableStPer.rs:606: info: St fn `restrict` sequential as expected
src/Chap42/TableStPer.rs:615: info: St fn `subtract` sequential as expected
src/Chap43/OrderedTableStPer.rs:728: info: St fn `get_key_range` sequential as expected
src/Chap49/MinEditDistStEph.rs:107: info: St fn `min_edit_distance` sequential as expected
src/Chap49/MinEditDistStEph.rs:162: info: St fn `min_edit_distance_rec` sequential as expected
src/Chap49/MinEditDistStEph.rs:238: info: St fn `min_edit_distance` sequential as expected
src/Chap49/MinEditDistStPer.rs:107: info: St fn `min_edit_distance` sequential as expected
src/Chap49/MinEditDistStPer.rs:133: info: St fn `min_edit_distance_rec` sequential as expected
src/Chap49/MinEditDistStPer.rs:209: info: St fn `min_edit_distance` sequential as expected
src/Chap49/SubsetSumStEph.rs:95: info: St fn `subset_sum` sequential as expected
src/Chap49/SubsetSumStEph.rs:130: info: St fn `subset_sum_rec` sequential as expected
src/Chap49/SubsetSumStEph.rs:189: info: St fn `subset_sum` sequential as expected
src/Chap49/SubsetSumStPer.rs:95: info: St fn `subset_sum` sequential as expected
src/Chap49/SubsetSumStPer.rs:116: info: St fn `subset_sum_rec` sequential as expected
src/Chap49/SubsetSumStPer.rs:175: info: St fn `subset_sum` sequential as expected
src/Chap50/OptBinSearchTreeMtEph.rs:159: error: Mt fn `obst_rec` DIFFERS from APAS — : sequential DP table fill, APAS Span O(n lg n) assumes parallel
src/Chap50/OptBinSearchTreeMtPer.rs:127: error: Mt fn `obst_rec` DIFFERS from APAS — : sequential DP table fill, APAS Span O(n lg n) assumes parallel
src/Chap50/OptBinSearchTreeStEph.rs:158: info: St fn `obst_rec_st_eph` sequential as expected
src/Chap50/OptBinSearchTreeStPer.rs:138: info: St fn `obst_rec_st_per` sequential as expected
src/Chap51/BottomUpDPStEph.rs:103: info: St fn `med_bottom_up` sequential as expected
src/Chap51/BottomUpDPStEph.rs:222: info: St fn `med_bottom_up` sequential as expected
src/Chap51/BottomUpDPStEph.rs:373: info: St fn `initialize_base_cases` sequential as expected
src/Chap51/BottomUpDPStPer.rs:82: info: St fn `med_bottom_up` sequential as expected
src/Chap51/BottomUpDPStPer.rs:93: info: St fn `initialize_base_cases` sequential as expected
src/Chap51/BottomUpDPStPer.rs:191: info: St fn `med_bottom_up` sequential as expected
src/Chap51/BottomUpDPStPer.rs:331: info: St fn `initialize_base_cases` sequential as expected
src/Chap51/TopDownDPStEph.rs:307: info: St fn `med_memoized` sequential as expected
src/Chap51/TopDownDPStEph.rs:316: info: St fn `med_recursive` sequential as expected
src/Chap51/TopDownDPStPer.rs:156: info: St fn `med_memoized` sequential as expected
src/Chap51/TopDownDPStPer.rs:163: info: St fn `med_recursive` sequential as expected
src/Chap51/TopDownDPStPer.rs:262: info: St fn `med_memoized` sequential as expected
src/Chap51/TopDownDPStPer.rs:272: info: St fn `med_recursive` sequential as expected
src/Chap52/AdjMatrixGraphMtEph.rs:143: error: Mt fn `num_edges` DIFFERS from APAS — : APAS assumes cached; impl counts trues in n*n matrix
src/Chap52/AdjMatrixGraphMtPer.rs:144: error: Mt fn `num_edges` DIFFERS from APAS — : APAS assumes cached; impl counts trues in n*n matrix
src/Chap52/AdjMatrixGraphMtPer.rs:197: error: Mt fn `set_edge` DIFFERS from APAS — : APAS says O(1); persistent seq requires row copy
src/Chap52/AdjMatrixGraphStEph.rs:142: info: St fn `num_edges` sequential as expected
src/Chap52/AdjMatrixGraphStPer.rs:148: info: St fn `num_edges` sequential as expected
src/Chap52/AdjMatrixGraphStPer.rs:194: info: St fn `set_edge` sequential as expected
src/Chap52/AdjSeqGraphMtEph.rs:123: error: Mt fn `num_edges` DIFFERS from APAS — : APAS assumes cached; impl sums degrees
src/Chap52/AdjSeqGraphMtEph.rs:186: error: Mt fn `set_edge` DIFFERS from APAS — : APAS says O(n), O(1); impl rebuilds neighbor list
src/Chap52/AdjSeqGraphMtPer.rs:120: error: Mt fn `num_edges` DIFFERS from APAS — : APAS assumes cached; impl sums degrees
src/Chap52/AdjSeqGraphStEph.rs:123: info: St fn `num_edges` sequential as expected
src/Chap52/AdjSeqGraphStEph.rs:225: info: St fn `set_edge` sequential as expected
src/Chap52/AdjSeqGraphStPer.rs:126: info: St fn `num_edges` sequential as expected
src/Chap52/AdjTableGraphMtPer.rs:125: error: Mt fn `num_edges` DIFFERS from APAS — : APAS assumes cached; impl sums degrees
src/Chap52/AdjTableGraphStEph.rs:235: info: St fn `num_edges` sequential as expected
src/Chap52/AdjTableGraphStPer.rs:138: info: St fn `num_edges` sequential as expected
src/Chap53/GraphSearchStEph.rs:131: info: St fn `graph_search` sequential as expected
src/Chap53/GraphSearchStEph.rs:163: info: St fn `graph_search_explore` sequential as expected
src/Chap53/GraphSearchStEph.rs:265: info: St fn `graph_search_multi` sequential as expected
src/Chap53/GraphSearchStEph.rs:292: info: St fn `graph_search` sequential as expected
src/Chap53/GraphSearchStEph.rs:297: info: St fn `graph_search_multi` sequential as expected
src/Chap53/GraphSearchStEph.rs:302: info: St fn `reachable` sequential as expected
src/Chap53/GraphSearchStPer.rs:144: info: St fn `graph_search` sequential as expected
src/Chap53/GraphSearchStPer.rs:176: info: St fn `graph_search_explore` sequential as expected
src/Chap53/GraphSearchStPer.rs:278: info: St fn `graph_search_multi` sequential as expected
src/Chap53/GraphSearchStPer.rs:305: info: St fn `graph_search` sequential as expected
src/Chap53/GraphSearchStPer.rs:310: info: St fn `graph_search_multi` sequential as expected
src/Chap53/GraphSearchStPer.rs:315: info: St fn `reachable` sequential as expected
src/Chap53/PQMinStEph.rs:116: info: St fn `pq_min` sequential as expected
src/Chap53/PQMinStEph.rs:124: info: St fn `pq_min_multi` sequential as expected
src/Chap53/PQMinStEph.rs:177: info: St fn `pq_find_min_priority` sequential as expected
src/Chap53/PQMinStEph.rs:205: info: St fn `pq_explore` sequential as expected
src/Chap53/PQMinStEph.rs:492: info: St fn `pq_min_multi` sequential as expected
src/Chap53/PQMinStPer.rs:112: info: St fn `pq_min` sequential as expected
src/Chap53/PQMinStPer.rs:119: info: St fn `pq_min_multi` sequential as expected
src/Chap53/PQMinStPer.rs:128: info: St fn `pq_min` sequential as expected
src/Chap53/PQMinStPer.rs:165: info: St fn `pq_find_min_priority` sequential as expected
src/Chap53/PQMinStPer.rs:195: info: St fn `pq_explore` sequential as expected
src/Chap53/PQMinStPer.rs:447: info: St fn `pq_min_multi` sequential as expected
src/Chap54/BFSStEph.rs:146: info: St fn `bfs` sequential as expected
src/Chap54/BFSStEph.rs:333: info: St fn `bfs_tree` sequential as expected
src/Chap54/BFSStPer.rs:145: info: St fn `bfs` sequential as expected
src/Chap54/BFSStPer.rs:323: info: St fn `bfs_tree` sequential as expected
src/Chap55/CycleDetectStEph.rs:283: info: St fn `dfs_check_cycle` sequential as expected
src/Chap55/CycleDetectStEph.rs:776: info: St fn `has_cycle` sequential as expected
src/Chap55/CycleDetectStPer.rs:257: info: St fn `has_cycle` sequential as expected
src/Chap55/CycleDetectStPer.rs:270: info: St fn `dfs_check_cycle` sequential as expected
src/Chap55/CycleDetectStPer.rs:607: info: St fn `has_cycle` sequential as expected
src/Chap55/DFSStEph.rs:223: info: St fn `dfs_recursive` sequential as expected
src/Chap55/DFSStEph.rs:463: info: St fn `dfs` sequential as expected
src/Chap55/DFSStPer.rs:219: info: St fn `dfs_recursive` sequential as expected
src/Chap55/DFSStPer.rs:422: info: St fn `dfs` sequential as expected
src/Chap55/SCCStEph.rs:93: info: St fn `compute_finish_order` sequential as expected
src/Chap55/SCCStEph.rs:188: info: St fn `transpose_graph` sequential as expected
src/Chap55/SCCStEph.rs:319: info: St fn `check_wf_adj_list_eph` sequential as expected
src/Chap55/SCCStEph.rs:373: info: St fn `dfs_reach` sequential as expected
src/Chap55/SCCStEph.rs:493: info: St fn `scc` sequential as expected
src/Chap55/SCCStPer.rs:72: info: St fn `scc` sequential as expected
src/Chap55/SCCStPer.rs:85: info: St fn `dfs_finish_order` sequential as expected
src/Chap55/SCCStPer.rs:179: info: St fn `compute_finish_order` sequential as expected
src/Chap55/SCCStPer.rs:268: info: St fn `transpose_graph` sequential as expected
src/Chap55/SCCStPer.rs:395: info: St fn `check_wf_adj_list_per` sequential as expected
src/Chap55/SCCStPer.rs:451: info: St fn `dfs_reach` sequential as expected
src/Chap55/SCCStPer.rs:554: info: St fn `scc` sequential as expected
src/Chap55/TopoSortStEph.rs:413: info: St fn `dfs_finish_order` sequential as expected
src/Chap55/TopoSortStEph.rs:754: info: St fn `dfs_finish_order_cycle_detect` sequential as expected
src/Chap55/TopoSortStEph.rs:878: info: St fn `topological_sort_opt` sequential as expected
src/Chap55/TopoSortStEph.rs:902: info: St fn `topo_sort` sequential as expected
src/Chap55/TopoSortStPer.rs:268: info: St fn `topo_sort` sequential as expected
src/Chap55/TopoSortStPer.rs:282: info: St fn `dfs_finish_order` sequential as expected
src/Chap55/TopoSortStPer.rs:589: info: St fn `dfs_finish_order_cycle_detect` sequential as expected
src/Chap55/TopoSortStPer.rs:687: info: St fn `topological_sort_opt` sequential as expected
src/Chap55/TopoSortStPer.rs:711: info: St fn `topo_sort` sequential as expected
src/Chap56/PathWeightUtilsStEph.rs:116: info: St fn `path_weight_int` sequential as expected
src/Chap56/PathWeightUtilsStEph.rs:150: info: St fn `path_weight_float` sequential as expected
src/Chap56/PathWeightUtilsStPer.rs:152: info: St fn `path_weight_int` sequential as expected
src/Chap56/PathWeightUtilsStPer.rs:188: info: St fn `path_weight_float` sequential as expected
src/Chap61/EdgeContractionStEph.rs:42: info: St fn `edge_contract` sequential as expected
src/Chap61/EdgeContractionStEph.rs:51: info: St fn `contract_round` sequential as expected
src/Chap61/EdgeContractionStEph.rs:65: info: St fn `edge_contract` sequential as expected
src/Chap61/VertexMatchingStEph.rs:40: info: St fn `greedy_matching` sequential as expected
src/Chap61/VertexMatchingStEph.rs:46: info: St fn `parallel_matching_st` sequential as expected
src/Chap62/StarContractionStEph.rs:47: info: St fn `star_contract` sequential as expected
src/Chap62/StarContractionStEph.rs:70: info: St fn `contract_to_vertices` sequential as expected
src/Chap62/StarContractionStEph.rs:80: info: St fn `star_contract_fuel` sequential as expected
src/Chap62/StarContractionStEph.rs:166: info: St fn `star_contract` sequential as expected
src/Chap62/StarPartitionMtEph.rs:55: error: Mt fn `parallel_star_partition` DIFFERS from APAS — : Loops 1, 5 sequential; loops 2, 3, 4, 6 parallel D&C
src/Chap62/StarPartitionMtEph.rs:845: error: Mt fn `parallel_star_partition` DIFFERS from APAS — : Loops 1, 5 sequential; loops 2, 3, 4, 6 parallel D&C
src/Chap62/StarPartitionStEph.rs:43: info: St fn `sequential_star_partition` sequential as expected
src/Chap63/ConnectivityStEph.rs:47: info: St fn `count_components` sequential as expected
src/Chap63/ConnectivityStEph.rs:53: info: St fn `connected_components` sequential as expected
src/Chap63/ConnectivityStEph.rs:59: info: St fn `count_components_hof` sequential as expected
src/Chap63/ConnectivityStEph.rs:65: info: St fn `connected_components_hof` sequential as expected
src/Chap64/SpanTreeStEph.rs:43: info: St fn `spanning_tree_star_contraction` sequential as expected
src/Chap64/SpanTreeStEph.rs:49: info: St fn `verify_spanning_tree` sequential as expected
src/Chap64/TSPApproxStEph.rs:47: info: St fn `euler_tour` sequential as expected
src/Chap64/TSPApproxStEph.rs:60: info: St fn `shortcut_tour` sequential as expected
src/Chap64/TSPApproxStEph.rs:65: info: St fn `tour_weight` sequential as expected
src/Chap64/TSPApproxStEph.rs:76: info: St fn `approx_metric_tsp` sequential as expected
src/Chap64/TSPApproxStEph.rs:91: info: St fn `vec_contains_pair` sequential as expected
src/Chap65/PrimStEph.rs:177: info: St fn `prim_mst` sequential as expected
src/Chap65/PrimStEph.rs:187: info: St fn `mst_weight` sequential as expected
src/Chap65/UnionFindStEph.rs:1743: info: St fn `num_sets` sequential as expected
src/Chap66/BoruvkaMtEph.rs:136: error: Mt fn `boruvka_mst_mt` DIFFERS from APAS — : sequential O(lg n) loop, each round O(lg m) span via ParaPair! helpers
src/Chap66/BoruvkaMtEph.rs:155: error: Mt fn `boruvka_mst_mt_with_seed` DIFFERS from APAS — : sequential O(lg n) loop, each round O(lg m) span via ParaPair! helpers
src/Chap66/BoruvkaMtEph.rs:765: error: Mt fn `boruvka_mst_mt` DIFFERS from APAS — : sequential O(lg n) loop, each round O(lg m) span via ParaPair! helpers
src/Chap66/BoruvkaMtEph.rs:996: error: Mt fn `boruvka_mst_mt_with_seed` DIFFERS from APAS — : sequential O(lg n) loop, each round O(lg m) span via ParaPair! helpers
src/Chap66/BoruvkaStEph.rs:128: info: St fn `vertex_bridges` sequential as expected
src/Chap66/BoruvkaStEph.rs:140: info: St fn `bridge_star_partition` sequential as expected
src/Chap66/BoruvkaStEph.rs:156: info: St fn `boruvka_mst` sequential as expected
src/Chap66/BoruvkaStEph.rs:180: info: St fn `boruvka_mst_with_seed` sequential as expected
src/Chap66/BoruvkaStEph.rs:199: info: St fn `mst_weight` sequential as expected
src/Chap66/BoruvkaStEph.rs:225: info: St fn `vertex_bridges` sequential as expected
src/Chap66/BoruvkaStEph.rs:291: info: St fn `bridge_star_partition` sequential as expected
src/Chap66/BoruvkaStEph.rs:394: info: St fn `boruvka_mst` sequential as expected
src/Chap66/BoruvkaStEph.rs:510: info: St fn `boruvka_mst_with_seed` sequential as expected

=============================================================
Summary
=============================================================

  Total exec fns scanned:    5084
  Boilerplate excluded:       429  (clone, eq, fmt, next, default, drop, view, inv, cmp, hash, iter)
  Files scanned:              246

  Alg analysis annotations:  5084  (fns with any APAS or Code review line)
  Missing alg analysis:         0  <- errors
  Old format remaining:         0  <- errors (/// - APAS: lines not yet reformatted)

  Mt DIFFERS (blockers):       78  <- errors
  St DIFFERS (expected):      357  <- info
  St parallel Code review:      0  <- errors (agent claimed parallel on St file)
  APAS without Code review:     0  <- warnings

  Errors: 78
  Warnings: 0
  Info: 357

Full output: /home/milnes/projects/APAS-VERUS/analyses/veracity-analyze-alg-analysis.log
