ℹ MathSeq.rs
/home/milnes/projects/APAS-VERUS-agent2/src/Chap17/MathSeq.rs:716: info: accept() - accept hole
/home/milnes/projects/APAS-VERUS-agent2/src/Chap17/MathSeq.rs:728: info: accept() - accept hole
   Info: 2 total

═══════════════════════════════════════════════════════════════
SUMMARY
═══════════════════════════════════════════════════════════════

Modules:
   1 clean (no holes)
   0 holed (contains holes)
   1 total

Proof Functions:
   0 clean
   0 holed
   0 total

Holes Found: 0 total

Info: 2 total
   MathSeq.rs:716: info: accept() - accept hole
   MathSeq.rs:728: info: accept() - accept hole

🎉 No proof holes or warnings found! All proofs are complete.
ound: 0 total

Info: 2 total
   MathSeq.rs:716: info: accept() - accept hole
   MathSeq.rs:728: info: accept() - accept hole

🎉 No proof holes or warnings found! All proofs are complete.
