✓ KleeneStPer.rs
   9 clean proof functions
ℹ MappingStEph.rs
/home/milnes/projects/APAS-VERUS/src/Chap05/MappingStEph.rs:592: info: accept() - accept hole
   Info: 1 total
✓ RelationStEph.rs
❌ SetMtEph.rs
/home/milnes/projects/APAS-VERUS/src/Chap05/SetMtEph.rs:996: assume() - assume(self@.finite());
       991 |         pub proof fn type_invariant(&self)
            ...
       994 |                 valid_key_type::<T>(),
       995 |         {
       997 |             assume(valid_key_type::<T>());
       998 |         }
/home/milnes/projects/APAS-VERUS/src/Chap05/SetMtEph.rs:997: assume() - assume(valid_key_type::<T>());
       991 |         pub proof fn type_invariant(&self)
            ...
       995 |         {
       996 |             assume(self@.finite());
       998 |         }
       999 |     }
/home/milnes/projects/APAS-VERUS/src/Chap05/SetMtEph.rs:1045: assume() - proof { assume(inner@ == self@); }
      1042 |         fn size(&self) -> (size: N) {
            ...
      1043 |             let read_handle = self.locked_set.acquire_read();
      1044 |             let inner = read_handle.borrow();
      1046 |             let size = inner.size();
      1047 |             proof { assume(size == self@.len()); }
/home/milnes/projects/APAS-VERUS/src/Chap05/SetMtEph.rs:1047: assume() - proof { assume(size == self@.len()); }
      1042 |         fn size(&self) -> (size: N) {
            ...
      1045 |             proof { assume(inner@ == self@); }
      1046 |             let size = inner.size();
      1048 |             read_handle.release_read();
      1049 |             size
/home/milnes/projects/APAS-VERUS/src/Chap05/SetMtEph.rs:1055: assume() - proof { assume(inner@ == self@); }
      1052 |         fn mem(&self, x: T) -> (contains: B) {
            ...
      1053 |             let read_handle = self.locked_set.acquire_read();
      1054 |             let inner = read_handle.borrow();
      1056 |             let contains = inner.mem(&x);
      1057 |             proof { assume(contains == self@.contains(x@)); }
/home/milnes/projects/APAS-VERUS/src/Chap05/SetMtEph.rs:1057: assume() - proof { assume(contains == self@.contains(x@)); }
      1052 |         fn mem(&self, x: T) -> (contains: B) {
            ...
      1055 |             proof { assume(inner@ == self@); }
      1056 |             let contains = inner.mem(&x);
      1058 |             read_handle.release_read();
      1059 |             contains
/home/milnes/projects/APAS-VERUS/src/Chap05/SetMtEph.rs:1064: assume() - proof { assume(self.ghost_locked_set@ == locked_val@); }
      1062 |         fn insert(&mut self, x: T) -> (r: std::result::Result<bool, ()>) {
      1063 |             let (mut locked_val, write_handle) = self.locked_set.acquire_write();
      1065 |             let inserted = locked_val.insert(x);
      1066 |             let ghost new_val = locked_val@;
/home/milnes/projects/APAS-VERUS/src/Chap05/SetMtEph.rs:1075: assume() - proof { assume(inner@ == self@); }
      1072 |         fn choose(&self) -> (element: T) {
            ...
      1073 |             let read_handle = self.locked_set.acquire_read();
      1074 |             let inner = read_handle.borrow();
      1076 |             let element = inner.choose();
      1077 |             proof { assume(self@.contains(element@)); }
/home/milnes/projects/APAS-VERUS/src/Chap05/SetMtEph.rs:1077: assume() - proof { assume(self@.contains(element@)); }
      1072 |         fn choose(&self) -> (element: T) {
            ...
      1075 |             proof { assume(inner@ == self@); }
      1076 |             let element = inner.choose();
      1078 |             read_handle.release_read();
      1079 |             element
/home/milnes/projects/APAS-VERUS/src/Chap05/SetMtEph.rs:1102: info: accept() - accept hole
   Holes: 9 total
      9 × assume()
   Info: 1 total
   Proof functions: 1 total (1 clean, 0 holed)
ℹ SetStEph.rs
/home/milnes/projects/APAS-VERUS/src/Chap05/SetStEph.rs:899: info: accept() - accept hole
   Info: 1 total
   1 clean proof function

═══════════════════════════════════════════════════════════════
SUMMARY
═══════════════════════════════════════════════════════════════

Modules:
   4 clean (no holes)
   1 holed (contains holes)
   5 total

Proof Functions:
   11 clean
   0 holed
   11 total

Holes Found: 9 total
   9 × assume()

Info: 3 total
   SetMtEph.rs:1102: info: accept() - accept hole
   MappingStEph.rs:592: info: accept() - accept hole
   SetStEph.rs:899: info: accept() - accept hole
StEph.rs:592: info: accept() - accept hole
   SetStEph.rs:899: info: accept() - accept hole
