$ /home/milnes/projects/veracity/target/release/veracity-review-proof-holes src/Chap39/BSTTreapMtEph.rs
Full output: src/Chap39/analyses/veracity-review-verus-proof-holes.log

Table of Contents:
  1. File Holes
  2. Depends Upon
     2.1. By Module
     2.2. By File
  3. Summary of Holes
  4. Proof Targets
     4.1. Worst src/* Directories (all dirs, by holes)
     4.2. Next Target Files (clean deps only, by holes)
     4.3. Next Target Directories
     4.4. Not Verusified
     4.5. Not Verusified (clean deps only)
     4.6. Chapter by Chapter Proof Targeting
  5. Started/Ended/Duration

=================================================================
1. File Holes
=================================================================

❌ BSTTreapMtEph.rs
/home/milnes/projects/APAS-VERUS/src/Chap39/BSTTreapMtEph.rs:1067: error: assume() - proof { assume(result.is_some() <==> self@.contains(target@)
      1061 |         fn find(&self, target: &T) -> (found: Option<T>)
            ...
      1065 |             let result = find_link(handle.borrow(), target).cloned();
      1066 |             handle.release_read();
      1068 |             result
      1069 |         }
/home/milnes/projects/APAS-VERUS/src/Chap39/BSTTreapMtEph.rs:1084: error: assume() - proof { assume(result as nat == self@.len()); }
      1077 |         fn size(&self) -> (count: usize)
            ...
      1082 |             let result = size_link(handle.borrow());
      1083 |             handle.release_read();
      1085 |             result
      1086 |         }
/home/milnes/projects/APAS-VERUS/src/Chap39/BSTTreapMtEph.rs:1108: error: assume() - proof { assume(result.is_some() ==> self@.contains(result.un
      1102 |         fn minimum(&self) -> (min_val: Option<T>)
            ...
      1106 |             let result = min_link(handle.borrow()).cloned();
      1107 |             handle.release_read();
      1109 |             result
      1110 |         }
/home/milnes/projects/APAS-VERUS/src/Chap39/BSTTreapMtEph.rs:1118: error: assume() - proof { assume(result.is_some() ==> self@.contains(result.un
      1112 |         fn maximum(&self) -> (max_val: Option<T>)
            ...
      1116 |             let result = max_link(handle.borrow()).cloned();
      1117 |             handle.release_read();
      1119 |             result
      1120 |         }
/home/milnes/projects/APAS-VERUS/src/Chap39/BSTTreapMtEph.rs:1130: error: assume() - proof { assume(ordered@.len() == self@.len()); }
      1122 |         fn in_order(&self) -> (ordered: ArraySeqStPerS<T>)
            ...
      1128 |             handle.release_read();
      1129 |             let ordered = ArraySeqStPerS::from_vec(out);
      1131 |             ordered
      1132 |         }
/home/milnes/projects/APAS-VERUS/src/Chap39/BSTTreapMtEph.rs:1142: error: assume() - proof { assume(preordered@.len() == self@.len()); }
      1134 |         fn pre_order(&self) -> (preordered: ArraySeqStPerS<T>)
            ...
      1140 |             handle.release_read();
      1141 |             let preordered = ArraySeqStPerS::from_vec(out);
      1143 |             preordered
      1144 |         }
/home/milnes/projects/APAS-VERUS/src/Chap39/BSTTreapMtEph.rs:354: warning: requires_true - requires true — vacuous precondition
       352 | 
       353 |     fn clone_link<T: StTInMtT + Ord + Clone>(link: &Link<T>) -> (c: Link<T>)
       355 |         ensures
       356 |             Lnk::spec_size_link(&c) == Lnk::spec_size_link(link),
/home/milnes/projects/APAS-VERUS/src/Chap39/BSTTreapMtEph.rs:390: warning: requires_true - requires true — vacuous precondition
       388 |     /// - APAS: Work Θ(1), Span Θ(1)
       389 |     fn size_link<T: StTInMtT + Ord>(link: &Link<T>) -> (sz: usize)
       391 |         ensures sz as nat == Lnk::spec_size_link(link),
       392 |     {
/home/milnes/projects/APAS-VERUS/src/Chap39/BSTTreapMtEph.rs:363: info: accept()
/home/milnes/projects/APAS-VERUS/src/Chap39/BSTTreapMtEph.rs:376: info: accept()
/home/milnes/projects/APAS-VERUS/src/Chap39/BSTTreapMtEph.rs:1165: info: accept()
/home/milnes/projects/APAS-VERUS/src/Chap39/BSTTreapMtEph.rs:1178: info: accept()
/home/milnes/projects/APAS-VERUS/src/Chap39/BSTTreapMtEph.rs:1179: info: accept()
/home/milnes/projects/APAS-VERUS/src/Chap39/BSTTreapMtEph.rs:1185: info: accept()
/home/milnes/projects/APAS-VERUS/src/Chap39/BSTTreapMtEph.rs:363: info: structural_false_positive EQ_CLONE_ASSUME clone_link [high]
/home/milnes/projects/APAS-VERUS/src/Chap39/BSTTreapMtEph.rs:376: info: structural_false_positive EQ_CLONE_ASSUME clone_link [high]
/home/milnes/projects/APAS-VERUS/src/Chap39/BSTTreapMtEph.rs:1165: info: structural_false_positive EQ_CLONE_ASSUME clone [high]
/home/milnes/projects/APAS-VERUS/src/Chap39/BSTTreapMtEph.rs:1178: info: structural_false_positive EQ_CLONE_ASSUME clone [high]
/home/milnes/projects/APAS-VERUS/src/Chap39/BSTTreapMtEph.rs:1179: info: structural_false_positive EQ_CLONE_ASSUME clone [high]
/home/milnes/projects/APAS-VERUS/src/Chap39/BSTTreapMtEph.rs:1185: info: structural_false_positive EQ_CLONE_ASSUME clone [high]
   Holes: 6 total
      6 × assume()
   Info: 6 total
   Proof functions: 9 total (9 clean, 0 holed)

=================================================================
2. Depends Upon
=================================================================

=================================================================
2.1. By Module
=================================================================

BSTTreapMtEph  depends upon only clean modules

=================================================================
2.2. By File
=================================================================

BSTTreapMtEph.rs  depends upon only clean modules

=================================================================
3. Summary of Holes
=================================================================

Modules:
   0 clean (no holes, no errors; 0%)
   1 holed (holes or errors, 100%)
   1 total

Proof Functions:
   9 clean (100%)
   0 holed (0%)
   9 total

Function Specs:
   40 exec fns with complete spec (requires+ensures) (60%)
   0 exec fns missing spec (0%)
   26 proof/spec fns clean (39%)
   0 proof/spec fns with holes (0%)
   66 total fns


Holes Found: 6 total
   6 × assume() (100%)

Structural False Positives: 6 detected (language limitations, not missing proof)
   6 × EQ_CLONE_ASSUME

=================================================================
5. Started/Ended/Duration
=================================================================

Started:   2026-03-17 09:36:43 -07:00
Ended:     2026-03-17 09:36:43 -07:00
Duration:  15ms

Full output: src/Chap39/analyses/veracity-review-verus-proof-holes.log
