‚úì AllPairsResultStEphF64.rs
‚úì AllPairsResultStEphI64.rs
‚úì AllPairsResultStPerF64.rs
‚úì AllPairsResultStPerI64.rs
‚ùå Example56_1.rs
/home/milnes/projects/APAS-VERUS-agent2/src/Chap56/Example56_1.rs:47: external_body - #[verifier::external_body]
        48 |     fn example_path_weight_int() {
/home/milnes/projects/APAS-VERUS-agent2/src/Chap56/Example56_1.rs:66: external_body - #[verifier::external_body]
        67 |     fn example_path_weight_float() {
/home/milnes/projects/APAS-VERUS-agent2/src/Chap56/Example56_1.rs:94: external_body - #[verifier::external_body]
        95 |     fn example_negative_weights() {
   Holes: 3 total
      3 √ó external_body
‚ùå Example56_3.rs
/home/milnes/projects/APAS-VERUS-agent2/src/Chap56/Example56_3.rs:45: external_body - #[verifier::external_body]
        46 |     fn example_negative_cycle() {
/home/milnes/projects/APAS-VERUS-agent2/src/Chap56/Example56_3.rs:79: external_body - #[verifier::external_body]
        80 |     fn example_undefined_shortest_path() {
   Holes: 2 total
      2 √ó external_body
‚úì PathWeightUtilsStEph.rs
‚úì PathWeightUtilsStPer.rs
‚ùå SSSPResultStEphF64.rs
/home/milnes/projects/APAS-VERUS-agent2/src/Chap56/SSSPResultStEphF64.rs:146: external_body - #[verifier::external_body]
       147 |         fn is_reachable(&self, v: usize) -> (b: bool) {
   Holes: 1 total
      1 √ó external_body
‚úì SSSPResultStEphI64.rs
‚ùå SSSPResultStPerF64.rs
/home/milnes/projects/APAS-VERUS-agent2/src/Chap56/SSSPResultStPerF64.rs:174: external_body - #[verifier::external_body]
       175 |         fn is_reachable(&self, v: usize) -> (reachable: bool) {
   Holes: 1 total
      1 √ó external_body
‚úì SSSPResultStPerI64.rs

‚ïê‚ïê‚ïê‚ïê‚ïê‚ïê‚ïê‚ïê‚ïê‚ïê‚ïê‚ïê‚ïê‚ïê‚ïê‚ïê‚ïê‚ïê‚ïê‚ïê‚ïê‚ïê‚ïê‚ïê‚ïê‚ïê‚ïê‚ïê‚ïê‚ïê‚ïê‚ïê‚ïê‚ïê‚ïê‚ïê‚ïê‚ïê‚ïê‚ïê‚ïê‚ïê‚ïê‚ïê‚ïê‚ïê‚ïê‚ïê‚ïê‚ïê‚ïê‚ïê‚ïê‚ïê‚ïê‚ïê‚ïê‚ïê‚ïê‚ïê‚ïê‚ïê‚ïê
SUMMARY
‚ïê‚ïê‚ïê‚ïê‚ïê‚ïê‚ïê‚ïê‚ïê‚ïê‚ïê‚ïê‚ïê‚ïê‚ïê‚ïê‚ïê‚ïê‚ïê‚ïê‚ïê‚ïê‚ïê‚ïê‚ïê‚ïê‚ïê‚ïê‚ïê‚ïê‚ïê‚ïê‚ïê‚ïê‚ïê‚ïê‚ïê‚ïê‚ïê‚ïê‚ïê‚ïê‚ïê‚ïê‚ïê‚ïê‚ïê‚ïê‚ïê‚ïê‚ïê‚ïê‚ïê‚ïê‚ïê‚ïê‚ïê‚ïê‚ïê‚ïê‚ïê‚ïê‚ïê

Modules:
   8 clean (no holes)
   4 holed (contains holes)
   12 total

Proof Functions:
   0 clean
   0 holed
   0 total

Holes Found: 7 total
   7 √ó external_body
ê‚ïê‚ïê‚ïê‚ïê‚ïê‚ïê‚ïê

Modules:
   8 clean (no holes)
   4 holed (contains holes)
   12 total

Proof Functions:
   0 clean
   0 holed
   0 total

Holes Found: 7 total
   7 √ó external_body
