Verus Style Review
==================

Path: /home/milnes/projects/APAS-VERUS-agent3/src/Chap11/
Codebase: /home/milnes/projects/APAS-VERUS-agent3
Mode: basic
Logging to: /home/milnes/projects/APAS-VERUS-agent3/src/Chap11/analyses/veracity-review-verus-style.log

Checking 5 files...

/home/milnes/projects/APAS-VERUS-agent3/src/Chap11/FibonacciMtEph2Threads.rs:
/home/milnes/projects/APAS-VERUS-agent3/src/Chap11/FibonacciMtEph2Threads.rs:1: info: [1] no mod declarations (ok for leaf modules)
/home/milnes/projects/APAS-VERUS-agent3/src/Chap11/FibonacciMtEph2Threads.rs:1: info: [2] vstd::prelude::* before verus!
/home/milnes/projects/APAS-VERUS-agent3/src/Chap11/FibonacciMtEph2Threads.rs:1: info: [3] has verus! macro
/home/milnes/projects/APAS-VERUS-agent3/src/Chap11/FibonacciMtEph2Threads.rs:1: info: [4] std imports grouped with trailing blank
/home/milnes/projects/APAS-VERUS-agent3/src/Chap11/FibonacciMtEph2Threads.rs:1: info: [5] vstd imports grouped with trailing blank
/home/milnes/projects/APAS-VERUS-agent3/src/Chap11/FibonacciMtEph2Threads.rs:1: info: [11] no Set/Seq usage (ok)
/home/milnes/projects/APAS-VERUS-agent3/src/Chap11/FibonacciMtEph2Threads.rs:1: info: [12] no traits (ok)
/home/milnes/projects/APAS-VERUS-agent3/src/Chap11/FibonacciMtEph2Threads.rs:1: info: [13] no non-derive trait impls (ok)
/home/milnes/projects/APAS-VERUS-agent3/src/Chap11/FibonacciMtEph2Threads.rs:1: info: [14] no Debug/Display impls (ok)
/home/milnes/projects/APAS-VERUS-agent3/src/Chap11/FibonacciMtEph2Threads.rs:1: info: [15] no PartialEq/Eq/Clone/Hash/Ord impls (ok)
/home/milnes/projects/APAS-VERUS-agent3/src/Chap11/FibonacciMtEph2Threads.rs:1: info: [16] no Lit macro definitions (ok)
/home/milnes/projects/APAS-VERUS-agent3/src/Chap11/FibonacciMtEph2Threads.rs:1: info: [17] no collection structs (ok)
/home/milnes/projects/APAS-VERUS-agent3/src/Chap11/FibonacciMtEph2Threads.rs:1: info: [18] definition order correct
/home/milnes/projects/APAS-VERUS-agent3/src/Chap11/FibonacciMtEph2Threads.rs:1: info: [19] no generic return names
/home/milnes/projects/APAS-VERUS-agent3/src/Chap11/FibonacciMtEph2Threads.rs:1: info: [20] no traits defined
/home/milnes/projects/APAS-VERUS-agent3/src/Chap11/FibonacciMtEph2Threads.rs:1: info: [21] no broadcast use entries
/home/milnes/projects/APAS-VERUS-agent3/src/Chap11/FibonacciMtEph2Threads.rs:1: info: [22] spec fns: all in traits as abstract signatures
/home/milnes/projects/APAS-VERUS-agent3/src/Chap11/FibonacciMtEph2Threads.rs:1: info: [23] free fn type bounds: N/A
/home/milnes/projects/APAS-VERUS-agent3/src/Chap11/FibonacciMtEph2Threads.rs:1: warning: [24] copyright text present but wrong format; got `//  Copyright (C) 2025 Acar, Blelloch and Milnes from 'Algorithms Parallel and Sequential'.`

/home/milnes/projects/APAS-VERUS-agent3/src/Chap11/FibonacciMtEphRecomputes.rs:
/home/milnes/projects/APAS-VERUS-agent3/src/Chap11/FibonacciMtEphRecomputes.rs:1: info: [1] no mod declarations (ok for leaf modules)
/home/milnes/projects/APAS-VERUS-agent3/src/Chap11/FibonacciMtEphRecomputes.rs:1: info: [2] vstd::prelude::* before verus!
/home/milnes/projects/APAS-VERUS-agent3/src/Chap11/FibonacciMtEphRecomputes.rs:1: info: [3] has verus! macro
/home/milnes/projects/APAS-VERUS-agent3/src/Chap11/FibonacciMtEphRecomputes.rs:1: info: [4] no std imports (ok)
/home/milnes/projects/APAS-VERUS-agent3/src/Chap11/FibonacciMtEphRecomputes.rs:1: info: [5] vstd imports grouped with trailing blank
/home/milnes/projects/APAS-VERUS-agent3/src/Chap11/FibonacciMtEphRecomputes.rs:1: info: [11] no Set/Seq usage (ok)
/home/milnes/projects/APAS-VERUS-agent3/src/Chap11/FibonacciMtEphRecomputes.rs:1: info: [12] no traits (ok)
/home/milnes/projects/APAS-VERUS-agent3/src/Chap11/FibonacciMtEphRecomputes.rs:1: info: [13] no non-derive trait impls (ok)
/home/milnes/projects/APAS-VERUS-agent3/src/Chap11/FibonacciMtEphRecomputes.rs:1: info: [14] no Debug/Display impls (ok)
/home/milnes/projects/APAS-VERUS-agent3/src/Chap11/FibonacciMtEphRecomputes.rs:1: info: [15] no PartialEq/Eq/Clone/Hash/Ord impls (ok)
/home/milnes/projects/APAS-VERUS-agent3/src/Chap11/FibonacciMtEphRecomputes.rs:1: info: [16] no Lit macro definitions (ok)
/home/milnes/projects/APAS-VERUS-agent3/src/Chap11/FibonacciMtEphRecomputes.rs:1: info: [17] no collection structs (ok)
/home/milnes/projects/APAS-VERUS-agent3/src/Chap11/FibonacciMtEphRecomputes.rs:1: info: [18] definition order correct
/home/milnes/projects/APAS-VERUS-agent3/src/Chap11/FibonacciMtEphRecomputes.rs:1: info: [19] no generic return names
/home/milnes/projects/APAS-VERUS-agent3/src/Chap11/FibonacciMtEphRecomputes.rs:1: info: [20] no traits defined
/home/milnes/projects/APAS-VERUS-agent3/src/Chap11/FibonacciMtEphRecomputes.rs:1: info: [21] no broadcast use entries
/home/milnes/projects/APAS-VERUS-agent3/src/Chap11/FibonacciMtEphRecomputes.rs:1: info: [22] spec fns: all in traits as abstract signatures
/home/milnes/projects/APAS-VERUS-agent3/src/Chap11/FibonacciMtEphRecomputes.rs:1: info: [23] free fn type bounds: N/A
/home/milnes/projects/APAS-VERUS-agent3/src/Chap11/FibonacciMtEphRecomputes.rs:1: warning: [24] copyright text present but wrong format; got `//  Copyright (C) 2025 Acar, Blelloch and Milnes from 'Algorithms Parallel and Sequential'.`

/home/milnes/projects/APAS-VERUS-agent3/src/Chap11/FibonacciMtPerAllThreads.rs:
/home/milnes/projects/APAS-VERUS-agent3/src/Chap11/FibonacciMtPerAllThreads.rs:1: info: [1] has mod declarations
/home/milnes/projects/APAS-VERUS-agent3/src/Chap11/FibonacciMtPerAllThreads.rs:1: info: [2] vstd::prelude::* before verus!
/home/milnes/projects/APAS-VERUS-agent3/src/Chap11/FibonacciMtPerAllThreads.rs:1: info: [3] has verus! macro
/home/milnes/projects/APAS-VERUS-agent3/src/Chap11/FibonacciMtPerAllThreads.rs:1: info: [4] no std imports (ok)
/home/milnes/projects/APAS-VERUS-agent3/src/Chap11/FibonacciMtPerAllThreads.rs:1: info: [5] no vstd imports (ok)
/home/milnes/projects/APAS-VERUS-agent3/src/Chap11/FibonacciMtPerAllThreads.rs:1: info: [11] no Set/Seq usage (ok)
/home/milnes/projects/APAS-VERUS-agent3/src/Chap11/FibonacciMtPerAllThreads.rs:1: info: [12] no traits (ok)
/home/milnes/projects/APAS-VERUS-agent3/src/Chap11/FibonacciMtPerAllThreads.rs:1: info: [13] no non-derive trait impls (ok)
/home/milnes/projects/APAS-VERUS-agent3/src/Chap11/FibonacciMtPerAllThreads.rs:1: info: [14] no Debug/Display impls (ok)
/home/milnes/projects/APAS-VERUS-agent3/src/Chap11/FibonacciMtPerAllThreads.rs:1: info: [15] no PartialEq/Eq/Clone/Hash/Ord impls (ok)
/home/milnes/projects/APAS-VERUS-agent3/src/Chap11/FibonacciMtPerAllThreads.rs:1: info: [16] no Lit macro definitions (ok)
/home/milnes/projects/APAS-VERUS-agent3/src/Chap11/FibonacciMtPerAllThreads.rs:1: info: [17] no collection structs (ok)
/home/milnes/projects/APAS-VERUS-agent3/src/Chap11/FibonacciMtPerAllThreads.rs:1: info: [18] definition order correct
/home/milnes/projects/APAS-VERUS-agent3/src/Chap11/FibonacciMtPerAllThreads.rs:1: info: [19] no generic return names
/home/milnes/projects/APAS-VERUS-agent3/src/Chap11/FibonacciMtPerAllThreads.rs:1: info: [20] no traits defined
/home/milnes/projects/APAS-VERUS-agent3/src/Chap11/FibonacciMtPerAllThreads.rs:1: info: [21] no broadcast use entries
/home/milnes/projects/APAS-VERUS-agent3/src/Chap11/FibonacciMtPerAllThreads.rs:1: info: [22] spec fns: all in traits as abstract signatures
/home/milnes/projects/APAS-VERUS-agent3/src/Chap11/FibonacciMtPerAllThreads.rs:1: info: [23] free fn type bounds: N/A
/home/milnes/projects/APAS-VERUS-agent3/src/Chap11/FibonacciMtPerAllThreads.rs:1: warning: [24] copyright text present but wrong format; got `//  Copyright (C) 2025 Acar, Blelloch and Milnes from 'Algorithms Parallel and Sequential'.`

/home/milnes/projects/APAS-VERUS-agent3/src/Chap11/FibonacciMtPerTSM.rs:
/home/milnes/projects/APAS-VERUS-agent3/src/Chap11/FibonacciMtPerTSM.rs:1: info: [1] no mod declarations (ok for leaf modules)
/home/milnes/projects/APAS-VERUS-agent3/src/Chap11/FibonacciMtPerTSM.rs:1: info: [2] vstd::prelude::* before verus!
/home/milnes/projects/APAS-VERUS-agent3/src/Chap11/FibonacciMtPerTSM.rs:1: info: [3] has verus! macro
/home/milnes/projects/APAS-VERUS-agent3/src/Chap11/FibonacciMtPerTSM.rs:1: info: [4] no std imports (ok)
/home/milnes/projects/APAS-VERUS-agent3/src/Chap11/FibonacciMtPerTSM.rs:1: info: [5] vstd imports grouped with trailing blank
/home/milnes/projects/APAS-VERUS-agent3/src/Chap11/FibonacciMtPerTSM.rs:1: info: [11] no Set/Seq usage (ok)
/home/milnes/projects/APAS-VERUS-agent3/src/Chap11/FibonacciMtPerTSM.rs:1: info: [12] no traits (ok)
/home/milnes/projects/APAS-VERUS-agent3/src/Chap11/FibonacciMtPerTSM.rs:1: info: [13] no non-derive trait impls (ok)
/home/milnes/projects/APAS-VERUS-agent3/src/Chap11/FibonacciMtPerTSM.rs:1: info: [14] no Debug/Display impls (ok)
/home/milnes/projects/APAS-VERUS-agent3/src/Chap11/FibonacciMtPerTSM.rs:1: info: [15] no PartialEq/Eq/Clone/Hash/Ord impls (ok)
/home/milnes/projects/APAS-VERUS-agent3/src/Chap11/FibonacciMtPerTSM.rs:1: info: [16] no Lit macro definitions (ok)
/home/milnes/projects/APAS-VERUS-agent3/src/Chap11/FibonacciMtPerTSM.rs:1: info: [17] no collection structs (ok)
/home/milnes/projects/APAS-VERUS-agent3/src/Chap11/FibonacciMtPerTSM.rs:1: info: [18] definition order correct
/home/milnes/projects/APAS-VERUS-agent3/src/Chap11/FibonacciMtPerTSM.rs:1: info: [19] no generic return names
/home/milnes/projects/APAS-VERUS-agent3/src/Chap11/FibonacciMtPerTSM.rs:1: info: [20] no traits defined
/home/milnes/projects/APAS-VERUS-agent3/src/Chap11/FibonacciMtPerTSM.rs:1: info: [21] no broadcast use entries
/home/milnes/projects/APAS-VERUS-agent3/src/Chap11/FibonacciMtPerTSM.rs:1: info: [22] spec fns: all in traits as abstract signatures
/home/milnes/projects/APAS-VERUS-agent3/src/Chap11/FibonacciMtPerTSM.rs:1: info: [23] free fn type bounds: N/A
/home/milnes/projects/APAS-VERUS-agent3/src/Chap11/FibonacciMtPerTSM.rs:1: warning: [24] copyright text present but wrong format; got `//  Copyright (C) 2025 Acar, Blelloch and Milnes from 'Algorithms Parallel and Sequential'.`

/home/milnes/projects/APAS-VERUS-agent3/src/Chap11/FibonacciStEph.rs:
/home/milnes/projects/APAS-VERUS-agent3/src/Chap11/FibonacciStEph.rs:1: info: [1] has mod declarations
/home/milnes/projects/APAS-VERUS-agent3/src/Chap11/FibonacciStEph.rs:1: info: [2] vstd::prelude::* before verus!
/home/milnes/projects/APAS-VERUS-agent3/src/Chap11/FibonacciStEph.rs:1: info: [3] has verus! macro
/home/milnes/projects/APAS-VERUS-agent3/src/Chap11/FibonacciStEph.rs:1: info: [4] no std imports (ok)
/home/milnes/projects/APAS-VERUS-agent3/src/Chap11/FibonacciStEph.rs:1: info: [5] vstd imports grouped with trailing blank
/home/milnes/projects/APAS-VERUS-agent3/src/Chap11/FibonacciStEph.rs:1: info: [11] no Set/Seq usage (ok)
/home/milnes/projects/APAS-VERUS-agent3/src/Chap11/FibonacciStEph.rs:1: info: [12] no traits (ok)
/home/milnes/projects/APAS-VERUS-agent3/src/Chap11/FibonacciStEph.rs:1: info: [13] no non-derive trait impls (ok)
/home/milnes/projects/APAS-VERUS-agent3/src/Chap11/FibonacciStEph.rs:1: info: [14] no Debug/Display impls (ok)
/home/milnes/projects/APAS-VERUS-agent3/src/Chap11/FibonacciStEph.rs:1: info: [15] no PartialEq/Eq/Clone/Hash/Ord impls (ok)
/home/milnes/projects/APAS-VERUS-agent3/src/Chap11/FibonacciStEph.rs:1: info: [16] no Lit macro definitions (ok)
/home/milnes/projects/APAS-VERUS-agent3/src/Chap11/FibonacciStEph.rs:1: info: [17] no collection structs (ok)
/home/milnes/projects/APAS-VERUS-agent3/src/Chap11/FibonacciStEph.rs:1: info: [18] definition order correct
/home/milnes/projects/APAS-VERUS-agent3/src/Chap11/FibonacciStEph.rs:1: info: [19] no generic return names
/home/milnes/projects/APAS-VERUS-agent3/src/Chap11/FibonacciStEph.rs:1: info: [20] no traits defined
/home/milnes/projects/APAS-VERUS-agent3/src/Chap11/FibonacciStEph.rs:1: info: [21] no broadcast use entries
/home/milnes/projects/APAS-VERUS-agent3/src/Chap11/FibonacciStEph.rs:1: info: [23] free fn type bounds: N/A
/home/milnes/projects/APAS-VERUS-agent3/src/Chap11/FibonacciStEph.rs:32: warning: [22] free spec fn spec_fib should be an abstract signature in a trait with body in the impl
/home/milnes/projects/APAS-VERUS-agent3/src/Chap11/FibonacciStEph.rs:1: warning: [24] copyright text present but wrong format; got `//  Copyright (C) 2025 Acar, Blelloch and Milnes from 'Algorithms Parallel and Sequential'.`

════════════════════════════════════════════════════════════════
Summary: 89 passed, 6 warnings in 5 files (checked 5 files)
════════════════════════════════════════════════════════════════
