$ /home/milnes/projects/veracity/target/release/veracity-review-proof-holes -d /home/milnes/projects/APAS-VERUS-agent1/src/Chap11/

ℹ FibonacciMtEph2Threads.rs
/home/milnes/projects/APAS-VERUS-agent1/src/Chap11/FibonacciMtEph2Threads.rs:156: info: accept() - accept hole
/home/milnes/projects/APAS-VERUS-agent1/src/Chap11/FibonacciMtEph2Threads.rs:164: info: accept() - accept hole
   Info: 2 assume(false); diverge() idiom(s)
ℹ FibonacciMtEphRecomputes.rs
/home/milnes/projects/APAS-VERUS-agent1/src/Chap11/FibonacciMtEphRecomputes.rs:152: info: accept() - accept hole
/home/milnes/projects/APAS-VERUS-agent1/src/Chap11/FibonacciMtEphRecomputes.rs:160: info: accept() - accept hole
   Info: 2 assume(false); diverge() idiom(s)
✓ FibonacciMtPerAllThreads.rs
ℹ FibonacciMtPerTSM.rs
/home/milnes/projects/APAS-VERUS-agent1/src/Chap11/FibonacciMtPerTSM.rs:146: info: accept() - accept hole
/home/milnes/projects/APAS-VERUS-agent1/src/Chap11/FibonacciMtPerTSM.rs:154: info: accept() - accept hole
   Info: 2 assume(false); diverge() idiom(s)
✓ FibonacciStEph.rs
   3 clean proof functions

═══════════════════════════════════════════════════════════════
SUMMARY
═══════════════════════════════════════════════════════════════

Modules:
   5 clean (no holes)
   0 holed (contains holes)
   5 total

Proof Functions:
   3 clean
   0 holed
   3 total

Holes Found: 0 total

Info: 6 assume(false); diverge() idiom(s) (valid non-termination)

🎉 No proof holes or warnings found! All proofs are complete.
