$ /home/milnes/projects/veracity/target/release/veracity-review-proof-holes src/Chap57/
Full output: src/Chap57/analyses/veracity-review-verus-proof-holes.log

Table of Contents:
  1. File Holes
  2. Depends Upon
     2.1. By Module
     2.2. By File
  3. Summary of Holes
  4. Proof Targets
     4.1. Worst src/* Directories (all dirs, by holes)
     4.2. Next Target Files (clean deps only, by holes)
     4.3. Next Target Directories
     4.4. Not Verusified
     4.5. Not Verusified (clean deps only)
     4.6. Chapter by Chapter Proof Targeting
  5. Started/Ended/Duration

=================================================================
1. File Holes
=================================================================

ℹ DijkstraStEphF64.rs
/home/milnes/projects/APAS-VERUS-agent3/src/Chap57/DijkstraStEphF64.rs:147: info: external_body_accept_hole
/home/milnes/projects/APAS-VERUS-agent3/src/Chap57/DijkstraStEphF64.rs:149: info: external_body_accept_hole
/home/milnes/projects/APAS-VERUS-agent3/src/Chap57/DijkstraStEphF64.rs:151: info: external_body_accept_hole
/home/milnes/projects/APAS-VERUS-agent3/src/Chap57/DijkstraStEphF64.rs:153: info: external_body_accept_hole
/home/milnes/projects/APAS-VERUS-agent3/src/Chap57/DijkstraStEphF64.rs:156: info: external_body_accept_hole
/home/milnes/projects/APAS-VERUS-agent3/src/Chap57/DijkstraStEphF64.rs:173: info: external_body_accept_hole
/home/milnes/projects/APAS-VERUS-agent3/src/Chap57/DijkstraStEphF64.rs:175: info: external_body_accept_hole
   Info: 7 total
/home/milnes/projects/APAS-VERUS-agent3/src/Chap57/DijkstraStEphF64.rs:117: info: structural_false_positive STD_TRAIT_IMPL cmp — #[verifier::external_body] [high]
/home/milnes/projects/APAS-VERUS-agent3/src/Chap57/DijkstraStEphF64.rs:136: info: structural_false_positive STD_TRAIT_IMPL partial_cmp — #[verifier::external_body] [high]
   Info: 2 × structural_false_positive
   6 clean proof functions
❌ DijkstraStEphU64.rs
/home/milnes/projects/APAS-VERUS-agent3/src/Chap57/DijkstraStEphU64.rs:162: error: assume() [algorithmic] - assume(TotalOrder::le(a, b));
       160 |         // accept hole: PQEntry Ord::cmp is external_body, so cmp_spec is opaque.
       161 |         proof fn cmp_spec_less_implies_le(a: Self, b: Self) {
       163 |         }
       164 |         proof fn cmp_spec_greater_implies_le(a: Self, b: Self) {
/home/milnes/projects/APAS-VERUS-agent3/src/Chap57/DijkstraStEphU64.rs:165: error: assume() [algorithmic] - assume(TotalOrder::le(b, a));
       163 |         }
       164 |         proof fn cmp_spec_greater_implies_le(a: Self, b: Self) {
       166 |         }
       167 |     }
/home/milnes/projects/APAS-VERUS-agent3/src/Chap57/DijkstraStEphU64.rs:161: error: proof_fn_with_holes - proof fn cmp_spec_less_implies_le — contains assume/external_body/admit, needs proof
       146 |         fn cmp(&self, other: &Self) -> (c: Ordering) {
            ...
       159 | 
       160 |         // accept hole: PQEntry Ord::cmp is external_body, so cmp_spec is opaque.
       162 |             assume(TotalOrder::le(a, b));
       163 |         }
/home/milnes/projects/APAS-VERUS-agent3/src/Chap57/DijkstraStEphU64.rs:164: error: proof_fn_with_holes - proof fn cmp_spec_greater_implies_le — contains assume/external_body/admit, needs proof
       161 |         proof fn cmp_spec_less_implies_le(a: Self, b: Self) {
            ...
       162 |             assume(TotalOrder::le(a, b));
       163 |         }
       165 |             assume(TotalOrder::le(b, a));
       166 |         }
/home/milnes/projects/APAS-VERUS-agent3/src/Chap57/DijkstraStEphU64.rs:113: info: structural_false_positive STD_TRAIT_IMPL cmp — #[verifier::external_body] [high]
/home/milnes/projects/APAS-VERUS-agent3/src/Chap57/DijkstraStEphU64.rs:130: info: structural_false_positive STD_TRAIT_IMPL partial_cmp — #[verifier::external_body] [high]
   Holes: 2 total
      2 × assume()
   Info: 2 × structural_false_positive
      2 × STD_TRAIT_IMPL
   Proof functions: 6 total (4 clean, 2 holed)
✓ StackStEph.rs

=================================================================
2. Depends Upon
=================================================================

=================================================================
2.1. By Module
=================================================================

DijkstraStEphF64  depends upon only clean modules
DijkstraStEphU64  depends upon only clean modules
StackStEph  depends upon only clean modules

=================================================================
2.2. By File
=================================================================

DijkstraStEphF64.rs  depends upon only clean modules
DijkstraStEphU64.rs  depends upon only clean modules
StackStEph.rs  depends upon only clean modules

=================================================================
3. Summary of Holes
=================================================================

Modules:
   2 clean (no holes, no errors; 66%)
   1 holed (holes or errors, 33%)
   3 total

Proof Functions:
   10 clean (83%)
   2 holed (16%)
   12 total

Function Specs:
   26 exec fns with complete spec (requires+ensures) (50%)
   2 exec fns missing spec (3%)
   21 proof/spec fns clean (41%)
   2 proof/spec fns with holes (3%)
   51 total fns


Holes Found: 2 (actionable)
   2 × assume() [algorithmic] (100%)
Real Proof Targets: 2 (all actionable)

Accepted (reviewed): 7 total
   7 × external_body_accept_hole

Structural (info only): 4
   4 × STD_TRAIT_IMPL

=================================================================
5. Started/Ended/Duration
=================================================================

Started:   2026-04-02 07:24:46 -07:00
Ended:     2026-04-02 07:24:46 -07:00
Duration:  7ms

Full output: src/Chap57/analyses/veracity-review-verus-proof-holes.log
========

Started:   2026-04-02 07:24:46 -07:00
Ended:     2026-04-02 07:24:46 -07:00
Duration:  7ms

Full output: src/Chap57/analyses/veracity-review-verus-proof-holes.log
