Verus Style Review
==================

Path: /home/milnes/projects/APAS-VERUS-agent4/src/Chap57/
Codebase: /home/milnes/projects/APAS-VERUS-agent4
Mode: basic
Logging to: /home/milnes/projects/APAS-VERUS-agent4/src/Chap57/analyses/veracity-review-verus-style.log

Checking 3 files...

/home/milnes/projects/APAS-VERUS-agent4/src/Chap57/DijkstraStEphF64.rs:
/home/milnes/projects/APAS-VERUS-agent4/src/Chap57/DijkstraStEphF64.rs:1: info: [1] has mod declarations
/home/milnes/projects/APAS-VERUS-agent4/src/Chap57/DijkstraStEphF64.rs:1: info: [3] has verus! macro
/home/milnes/projects/APAS-VERUS-agent4/src/Chap57/DijkstraStEphF64.rs:1: info: [4] std imports grouped with trailing blank
/home/milnes/projects/APAS-VERUS-agent4/src/Chap57/DijkstraStEphF64.rs:1: info: [5] no vstd imports (ok)
/home/milnes/projects/APAS-VERUS-agent4/src/Chap57/DijkstraStEphF64.rs:1: info: [11] no Set/Seq usage (ok)
/home/milnes/projects/APAS-VERUS-agent4/src/Chap57/DijkstraStEphF64.rs:1: info: [12] no traits (ok)
/home/milnes/projects/APAS-VERUS-agent4/src/Chap57/DijkstraStEphF64.rs:1: info: [13] no non-derive trait impls (ok)
/home/milnes/projects/APAS-VERUS-agent4/src/Chap57/DijkstraStEphF64.rs:1: info: [14] Debug, Display outside verus!
/home/milnes/projects/APAS-VERUS-agent4/src/Chap57/DijkstraStEphF64.rs:1: info: [16] no Lit macro definitions (ok)
/home/milnes/projects/APAS-VERUS-agent4/src/Chap57/DijkstraStEphF64.rs:1: info: [17] no collection structs (ok)
/home/milnes/projects/APAS-VERUS-agent4/src/Chap57/DijkstraStEphF64.rs:1: info: [18] definition order correct
/home/milnes/projects/APAS-VERUS-agent4/src/Chap57/DijkstraStEphF64.rs:1: info: [20] no traits defined
/home/milnes/projects/APAS-VERUS-agent4/src/Chap57/DijkstraStEphF64.rs:1: info: [21] no broadcast use entries
/home/milnes/projects/APAS-VERUS-agent4/src/Chap57/DijkstraStEphF64.rs:1: info: [22] spec fns: all in traits as abstract signatures
/home/milnes/projects/APAS-VERUS-agent4/src/Chap57/DijkstraStEphF64.rs:1: info: [23] free fn type bounds: N/A
/home/milnes/projects/APAS-VERUS-agent4/src/Chap57/DijkstraStEphF64.rs:1: info: [24] copyright line present
/home/milnes/projects/APAS-VERUS-agent4/src/Chap57/DijkstraStEphF64.rs:1: warning: [2] missing use vstd::prelude::* (should be before verus!)
/home/milnes/projects/APAS-VERUS-agent4/src/Chap57/DijkstraStEphF64.rs:41: warning: [15] impl PartialOrd should be inside verus! (for verification)
/home/milnes/projects/APAS-VERUS-agent4/src/Chap57/DijkstraStEphF64.rs:47: warning: [15] impl Ord should be inside verus! (for verification)
/home/milnes/projects/APAS-VERUS-agent4/src/Chap57/DijkstraStEphF64.rs:33: warning: [19] clone return name 'result' could be more descriptive

/home/milnes/projects/APAS-VERUS-agent4/src/Chap57/DijkstraStEphU64.rs:
/home/milnes/projects/APAS-VERUS-agent4/src/Chap57/DijkstraStEphU64.rs:1: info: [1] has mod declarations
/home/milnes/projects/APAS-VERUS-agent4/src/Chap57/DijkstraStEphU64.rs:1: info: [2] vstd::prelude::* before verus!
/home/milnes/projects/APAS-VERUS-agent4/src/Chap57/DijkstraStEphU64.rs:1: info: [3] has verus! macro
/home/milnes/projects/APAS-VERUS-agent4/src/Chap57/DijkstraStEphU64.rs:1: info: [4] std imports grouped with trailing blank
/home/milnes/projects/APAS-VERUS-agent4/src/Chap57/DijkstraStEphU64.rs:1: info: [5] vstd imports grouped with trailing blank
/home/milnes/projects/APAS-VERUS-agent4/src/Chap57/DijkstraStEphU64.rs:1: info: [11] Set/Seq usage has broadcast groups
/home/milnes/projects/APAS-VERUS-agent4/src/Chap57/DijkstraStEphU64.rs:1: info: [12] all trait fns have specs
/home/milnes/projects/APAS-VERUS-agent4/src/Chap57/DijkstraStEphU64.rs:1: info: [13] trait impls inside verus!
/home/milnes/projects/APAS-VERUS-agent4/src/Chap57/DijkstraStEphU64.rs:1: info: [14] Debug, Display outside verus!
/home/milnes/projects/APAS-VERUS-agent4/src/Chap57/DijkstraStEphU64.rs:1: info: [15] Clone, Ord, PartialOrd inside verus!
/home/milnes/projects/APAS-VERUS-agent4/src/Chap57/DijkstraStEphU64.rs:1: info: [16] no Lit macro definitions (ok)
/home/milnes/projects/APAS-VERUS-agent4/src/Chap57/DijkstraStEphU64.rs:1: info: [17] no collection structs (ok)
/home/milnes/projects/APAS-VERUS-agent4/src/Chap57/DijkstraStEphU64.rs:1: info: [21] broadcast use: vstd:: before crate::
/home/milnes/projects/APAS-VERUS-agent4/src/Chap57/DijkstraStEphU64.rs:1: info: [22] spec fns: all in traits as abstract signatures
/home/milnes/projects/APAS-VERUS-agent4/src/Chap57/DijkstraStEphU64.rs:1: info: [23] free fn type bounds: N/A
/home/milnes/projects/APAS-VERUS-agent4/src/Chap57/DijkstraStEphU64.rs:1: info: [24] copyright line present
/home/milnes/projects/APAS-VERUS-agent4/src/Chap57/DijkstraStEphU64.rs:77: warning: [18] impl PartialEqSpecImpl for PQEntry should come before derive impls in verus! (expected impls before derive impls in verus!)
/home/milnes/projects/APAS-VERUS-agent4/src/Chap57/DijkstraStEphU64.rs:84: warning: [18] trait DijkstraStEphU64Trait should come before derive impls in verus! (expected traits before derive impls in verus!)
/home/milnes/projects/APAS-VERUS-agent4/src/Chap57/DijkstraStEphU64.rs:105: warning: [18] fn pq_entry_new should come before derive impls in verus! (expected impls before derive impls in verus!)
/home/milnes/projects/APAS-VERUS-agent4/src/Chap57/DijkstraStEphU64.rs:135: warning: [18] impl TotalOrder for PQEntry should come before derive impls in verus! (expected impls before derive impls in verus!)
/home/milnes/projects/APAS-VERUS-agent4/src/Chap57/DijkstraStEphU64.rs:166: warning: [18] fn dijkstra should come before derive impls in verus! (expected impls before derive impls in verus!)
/home/milnes/projects/APAS-VERUS-agent4/src/Chap57/DijkstraStEphU64.rs:69: warning: [19] clone return name 'result' could be more descriptive
/home/milnes/projects/APAS-VERUS-agent4/src/Chap57/DijkstraStEphU64.rs:105: warning: [19] pq_entry_new return name 'r' could be more descriptive
/home/milnes/projects/APAS-VERUS-agent4/src/Chap57/DijkstraStEphU64.rs:84: warning: [20] trait DijkstraStEphU64Trait is defined but has no impl

/home/milnes/projects/APAS-VERUS-agent4/src/Chap57/StackStEph.rs:
/home/milnes/projects/APAS-VERUS-agent4/src/Chap57/StackStEph.rs:1: info: [1] has mod declarations
/home/milnes/projects/APAS-VERUS-agent4/src/Chap57/StackStEph.rs:1: info: [2] vstd::prelude::* before verus!
/home/milnes/projects/APAS-VERUS-agent4/src/Chap57/StackStEph.rs:1: info: [3] has verus! macro
/home/milnes/projects/APAS-VERUS-agent4/src/Chap57/StackStEph.rs:1: info: [4] no std imports (ok)
/home/milnes/projects/APAS-VERUS-agent4/src/Chap57/StackStEph.rs:1: info: [5] no vstd imports (ok)
/home/milnes/projects/APAS-VERUS-agent4/src/Chap57/StackStEph.rs:1: info: [11] Set/Seq usage has broadcast groups
/home/milnes/projects/APAS-VERUS-agent4/src/Chap57/StackStEph.rs:1: info: [12] all trait fns have specs
/home/milnes/projects/APAS-VERUS-agent4/src/Chap57/StackStEph.rs:1: info: [13] trait impls inside verus!
/home/milnes/projects/APAS-VERUS-agent4/src/Chap57/StackStEph.rs:1: info: [14] Debug outside verus!
/home/milnes/projects/APAS-VERUS-agent4/src/Chap57/StackStEph.rs:1: info: [15] Clone inside verus!
/home/milnes/projects/APAS-VERUS-agent4/src/Chap57/StackStEph.rs:1: info: [16] no Lit macro definitions (ok)
/home/milnes/projects/APAS-VERUS-agent4/src/Chap57/StackStEph.rs:1: info: [19] no generic return names
/home/milnes/projects/APAS-VERUS-agent4/src/Chap57/StackStEph.rs:1: info: [20] all traits have impls
/home/milnes/projects/APAS-VERUS-agent4/src/Chap57/StackStEph.rs:1: info: [21] broadcast use: vstd:: before crate::
/home/milnes/projects/APAS-VERUS-agent4/src/Chap57/StackStEph.rs:1: info: [22] spec fns: all in traits as abstract signatures
/home/milnes/projects/APAS-VERUS-agent4/src/Chap57/StackStEph.rs:1: info: [23] free fn type bounds: N/A
/home/milnes/projects/APAS-VERUS-agent4/src/Chap57/StackStEph.rs:1: info: [24] copyright line present
/home/milnes/projects/APAS-VERUS-agent4/src/Chap57/StackStEph.rs:47: warning: [14] struct StackStEph should have impl Display outside verus!
/home/milnes/projects/APAS-VERUS-agent4/src/Chap57/StackStEph.rs:1: warning: [17] collection StackStEph should have an Iterator impl
/home/milnes/projects/APAS-VERUS-agent4/src/Chap57/StackStEph.rs:1: warning: [17] collection StackStEph should have an IntoIterator impl
/home/milnes/projects/APAS-VERUS-agent4/src/Chap57/StackStEph.rs:1: warning: [17] collection should have proof test: /home/milnes/projects/APAS-VERUS-agent4/rust_verify_test/tests/Chap57/ProveStackStEph.rs
/home/milnes/projects/APAS-VERUS-agent4/src/Chap57/StackStEph.rs:43: warning: [18] use vstd::... should come before broadcast use (expected imports before broadcast use)
/home/milnes/projects/APAS-VERUS-agent4/src/Chap57/StackStEph.rs:151: warning: [18] impl Default for StackStEph < T > should come before derive impls in verus! (expected impls before derive impls in verus!)

════════════════════════════════════════════════════════════════
Summary: 49 passed, 18 warnings in 3 files (checked 3 files)
════════════════════════════════════════════════════════════════
