$ /home/milnes/projects/veracity/target/release/veracity-review-proof-holes src/Chap59/JohnsonMtEphI64.rs
Full output: src/Chap59/analyses/veracity-review-verus-proof-holes.log

Table of Contents:
  1. File Holes
  2. Depends Upon
     2.1. By Module
     2.2. By File
  3. Summary of Holes
  4. Proof Targets
     4.1. Worst src/* Directories (all dirs, by holes)
     4.2. Next Target Files (clean deps only, by holes)
     4.3. Next Target Directories
     4.4. Not Verusified
     4.5. Not Verusified (clean deps only)
     4.6. Chapter by Chapter Proof Targeting
  5. Started/Ended/Duration

=================================================================
1. File Holes
=================================================================

❌ JohnsonMtEphI64.rs
/home/milnes/projects/APAS-VERUS/src/Chap59/JohnsonMtEphI64.rs:49: error: external_body - #[verifier::external_body]
        50 |     #[cfg(not(verus_keep_ghost))]
        51 |     pub fn johnson_apsp(graph: &WeightedDirGraphStEphI128<usize>) -> AllPairsResultStEphI64 {
/home/milnes/projects/APAS-VERUS/src/Chap59/JohnsonMtEphI64.rs:80: error: external_body - #[verifier::external_body]
        81 |     #[cfg(not(verus_keep_ghost))]
        82 |     fn parallel_dijkstra_all(
/home/milnes/projects/APAS-VERUS/src/Chap59/JohnsonMtEphI64.rs:142: error: external_body - #[verifier::external_body]
       143 |     #[cfg(not(verus_keep_ghost))]
       144 |     fn add_dummy_source(graph: &WeightedDirGraphStEphI128<usize>, n: usize) -> (WeightedDirGraphStEphI128<usize>, usize) {
/home/milnes/projects/APAS-VERUS/src/Chap59/JohnsonMtEphI64.rs:169: error: external_body - #[verifier::external_body]
       170 |     #[cfg(not(verus_keep_ghost))]
       171 |     fn reweight_graph(
/home/milnes/projects/APAS-VERUS/src/Chap59/JohnsonMtEphI64.rs:196: error: external_body - #[verifier::external_body]
       197 |     #[cfg(not(verus_keep_ghost))]
       198 |     fn create_negative_cycle_result(n: usize) -> AllPairsResultStEphI64 {
   Holes: 5 total
      5 × external_body

=================================================================
2. Depends Upon
=================================================================

=================================================================
2.1. By Module
=================================================================

JohnsonMtEphI64  depends upon only clean modules

=================================================================
2.2. By File
=================================================================

JohnsonMtEphI64.rs  depends upon only clean modules

=================================================================
3. Summary of Holes
=================================================================

Modules:
   0 clean (no holes, no errors; 0%)
   1 holed (holes or errors, 100%)
   1 total

Proof Functions:
   0 clean (0%)
   0 holed (0%)
   0 total

Function Specs:
   6 exec fns with complete spec (requires+ensures) (100%)
   0 exec fns missing spec (0%)
   0 proof/spec fns clean (0%)
   0 proof/spec fns with holes (0%)
   6 total fns


Holes Found: 5 (actionable)
   5 × external_body (100%)

=================================================================
5. Started/Ended/Duration
=================================================================

Started:   2026-03-19 10:51:16 -07:00
Ended:     2026-03-19 10:51:16 -07:00
Duration:  3ms

Full output: src/Chap59/analyses/veracity-review-verus-proof-holes.log
