Verus Style Review
==================

Path: ./src/Chap43/AugOrderedTableMtEph.rs
Codebase: .
Mode: basic
Logging to: ./src/Chap43/analyses/veracity-review-verus-style.log

Checking 1 files...

./src/Chap43/AugOrderedTableMtEph.rs:
./src/Chap43/AugOrderedTableMtEph.rs:1: info: [1] has mod declarations
./src/Chap43/AugOrderedTableMtEph.rs:1: info: [2] vstd::prelude::* before verus!
./src/Chap43/AugOrderedTableMtEph.rs:1: info: [3] has verus! macro
./src/Chap43/AugOrderedTableMtEph.rs:1: info: [4] std imports grouped with trailing blank
./src/Chap43/AugOrderedTableMtEph.rs:1: info: [5] vstd imports grouped with trailing blank
./src/Chap43/AugOrderedTableMtEph.rs:1: info: [11] no Set/Seq usage (ok)
./src/Chap43/AugOrderedTableMtEph.rs:1: info: [12] all trait fns have specs
./src/Chap43/AugOrderedTableMtEph.rs:1: info: [13] trait impls inside verus!
./src/Chap43/AugOrderedTableMtEph.rs:1: info: [14] Display, Debug outside verus!
./src/Chap43/AugOrderedTableMtEph.rs:1: info: [16] Lit macro definitions at end of file
./src/Chap43/AugOrderedTableMtEph.rs:1: info: [19] no generic return names
./src/Chap43/AugOrderedTableMtEph.rs:1: info: [20] all traits have impls
./src/Chap43/AugOrderedTableMtEph.rs:1: info: [21] broadcast use: vstd:: before crate::
./src/Chap43/AugOrderedTableMtEph.rs:1: info: [22] spec fns: all in traits as abstract signatures
./src/Chap43/AugOrderedTableMtEph.rs:1: info: [23] free fn type bounds match trait
./src/Chap43/AugOrderedTableMtEph.rs:1: info: [24] copyright line present
./src/Chap43/AugOrderedTableMtEph.rs:741: warning: [15] impl PartialEq should be inside verus! (for verification)
./src/Chap43/AugOrderedTableMtEph.rs:1: warning: [17] collection AugOrderedTableMtEph should have an Iterator impl
./src/Chap43/AugOrderedTableMtEph.rs:1: warning: [17] collection should have proof test: ./rust_verify_test/tests/Chap43/ProveAugOrderedTableMtEph.rs
./src/Chap43/AugOrderedTableMtEph.rs:117: warning: [18] proof fn lemma_aug_view should come before impls (expected proof fns/broadcast groups before impls)
./src/Chap43/AugOrderedTableMtEph.rs:127: warning: [18] trait AugOrderedTableMtEphTrait should come before impls (expected traits before impls)

════════════════════════════════════════════════════════════════
Summary: 16 passed, 5 warnings in 1 files (checked 1 files)
════════════════════════════════════════════════════════════════
