$ /home/milnes/projects/veracity/target/release/veracity-review-proof-holes src/Chap43/
Full output: src/Chap43/analyses/veracity-review-verus-proof-holes.log

Table of Contents:
  1. File Holes
  2. Depends Upon
     2.1. By Module
     2.2. By File
  3. Summary of Holes
  4. Proof Targets
     4.1. Worst src/* Directories (all dirs, by holes)
     4.2. Next Target Files (clean deps only, by holes)
     4.3. Next Target Directories
     4.4. Not Verusified
     4.5. Not Verusified (clean deps only)
     4.6. Chapter by Chapter Proof Targeting
  5. Started/Ended/Duration

=================================================================
1. File Holes
=================================================================

❌ AugOrderedTableMtEph.rs
/home/milnes/projects/APAS-VERUS-agent2/src/Chap43/AugOrderedTableMtEph.rs:82: error: external_body - #[verifier::external_body]
        83 |     pub fn calculate_reduction<K: MtKey, V: MtVal, F: MtReduceFn<V>>(
/home/milnes/projects/APAS-VERUS-agent2/src/Chap43/AugOrderedTableMtEph.rs:546: error: external_body - #[verifier::external_body]
       547 |         fn reduce_range_parallel(&self, k1: &K, k2: &K) -> (reduced: V)
/home/milnes/projects/APAS-VERUS-agent2/src/Chap43/AugOrderedTableMtEph.rs:69: error: fn_missing_requires - fn recalculate_reduction — exec fn should have requires
        64 |         open spec fn view(&self) -> Map<K::V, V::V> { self.base_table@ }
            ...
        67 |     // 7. free functions (calculate_reduction, recalculate_reduction)
        68 | 
        70 |         table: &AugOrderedTableMtEph<K, V, F>,
        71 |     ) -> (reduced: V)
   Holes: 2 total
      2 × external_body
   Proof functions: 1 total (1 clean, 0 holed)
❌ AugOrderedTableStEph.rs
/home/milnes/projects/APAS-VERUS-agent2/src/Chap43/AugOrderedTableStEph.rs:70: error: external_body - #[verifier::external_body]
        71 |     pub fn calculate_reduction<K: StT + Ord, V: StT, F>(
/home/milnes/projects/APAS-VERUS-agent2/src/Chap43/AugOrderedTableStEph.rs:475: error: external_body - #[verifier::external_body]
       476 |         fn join_key(&mut self, other: Self)
/home/milnes/projects/APAS-VERUS-agent2/src/Chap43/AugOrderedTableStEph.rs:605: error: external_body - #[verifier::external_body]
       606 |         fn clone(&self) -> (cloned: Self)
   Holes: 3 total
      3 × external_body
   Proof functions: 1 total (1 clean, 0 holed)
❌ AugOrderedTableStPer.rs
/home/milnes/projects/APAS-VERUS-agent2/src/Chap43/AugOrderedTableStPer.rs:101: error: assume() - proof { assume(reducer.requires((&reduced, &pair.1))); }
        74 |     pub fn calculate_reduction<K: StT + Ord, V: StT, F>(
            ...
        99 |         {
       100 |             let pair = pairs.nth(i);
       102 |             reduced = reducer(&reduced, &pair.1);
       103 |             i += 1;
/home/milnes/projects/APAS-VERUS-agent2/src/Chap43/AugOrderedTableStPer.rs:556: error: assume() - proof { assume(left.reducer.requires(
       547 |         fn join_key(left: &Self, right: &Self) -> (joined: Self)
            ...
       554 |                 left.cached_reduction.clone()
       555 |             } else {
       557 |                     (&left.cached_reduction, &right.cached_reduction))); }
       558 |                 (left.reducer)(&left.cached_reduction, &right.cached_reduction)
/home/milnes/projects/APAS-VERUS-agent2/src/Chap43/AugOrderedTableStPer.rs:74: error: fn_missing_requires - fn calculate_reduction — exec fn should have requires
        68 |         open spec fn view(&self) -> Map<K::V, V::V> { self.base_table@ }
            ...
        72 | 
        73 |     /// Fold all values in `base` through `reducer`, returning `identity` for empty tables.
        75 |         base: &OrderedTableStPer<K, V>,
        76 |         reducer: &F,
   Holes: 2 total
      2 × assume()
   Proof functions: 1 total (1 clean, 0 holed)
✓ Example43_1.rs
   1 clean proof function
❌ OrderedSetMtEph.rs
/home/milnes/projects/APAS-VERUS-agent2/src/Chap43/OrderedSetMtEph.rs:180: error: assume() - proof { assume(count == self@.len()); }
       175 |         fn size(&self) -> (count: usize) {
            ...
       178 |             let inner = read_handle.borrow();
       179 |             let count = inner.size();
       181 |             read_handle.release_read();
       182 |             count
/home/milnes/projects/APAS-VERUS-agent2/src/Chap43/OrderedSetMtEph.rs:208: error: assume() - proof { assume(found == self@.contains(x@)); }
       203 |         fn find(&self, x: &T) -> (found: B) {
            ...
       206 |             let inner = read_handle.borrow();
       207 |             let found = inner.find(x);
       209 |             read_handle.release_read();
       210 |             found
/home/milnes/projects/APAS-VERUS-agent2/src/Chap43/OrderedSetMtEph.rs:215: error: assume() - proof { assume(self.ghost_locked_set@ == locked_val@); }
       213 |         fn insert(&mut self, x: T) {
       214 |             let (mut locked_val, write_handle) = self.locked_set.acquire_write();
       216 |             locked_val.insert(x);
       217 |             let ghost new_val = locked_val@;
/home/milnes/projects/APAS-VERUS-agent2/src/Chap43/OrderedSetMtEph.rs:224: error: assume() - proof { assume(self.ghost_locked_set@ == locked_val@); }
       222 |         fn delete(&mut self, x: &T) {
       223 |             let (mut locked_val, write_handle) = self.locked_set.acquire_write();
       225 |             locked_val.delete(x);
       226 |             let ghost new_val = locked_val@;
/home/milnes/projects/APAS-VERUS-agent2/src/Chap43/OrderedSetMtEph.rs:231: error: external_body - #[verifier::external_body]
       232 |         fn filter<F: PredMt<T>>(&mut self, f: F) {
/home/milnes/projects/APAS-VERUS-agent2/src/Chap43/OrderedSetMtEph.rs:243: error: assume() - proof { assume(self.ghost_locked_set@ == locked_val@); }
       239 |         fn intersection(&mut self, other: &Self) {
            ...
       241 |             let other_ref = other_read.borrow();
       242 |             let (mut locked_val, write_handle) = self.locked_set.acquire_write();
       244 |             locked_val.intersection(other_ref);
       245 |             let ghost new_val = locked_val@;
/home/milnes/projects/APAS-VERUS-agent2/src/Chap43/OrderedSetMtEph.rs:247: error: assume() - proof { assume(self@ == old(self)@.intersect(other@)); }
       239 |         fn intersection(&mut self, other: &Self) {
            ...
       245 |             let ghost new_val = locked_val@;
       246 |             self.ghost_locked_set = Ghost(new_val);
       248 |             write_handle.release_write(locked_val);
       249 |             other_read.release_read();
/home/milnes/projects/APAS-VERUS-agent2/src/Chap43/OrderedSetMtEph.rs:256: error: assume() - proof { assume(self.ghost_locked_set@ == locked_val@); }
       252 |         fn union(&mut self, other: &Self) {
            ...
       254 |             let other_ref = other_read.borrow();
       255 |             let (mut locked_val, write_handle) = self.locked_set.acquire_write();
       257 |             locked_val.union(other_ref);
       258 |             let ghost new_val = locked_val@;
/home/milnes/projects/APAS-VERUS-agent2/src/Chap43/OrderedSetMtEph.rs:260: error: assume() - proof { assume(self@ == old(self)@.union(other@)); }
       252 |         fn union(&mut self, other: &Self) {
            ...
       258 |             let ghost new_val = locked_val@;
       259 |             self.ghost_locked_set = Ghost(new_val);
       261 |             write_handle.release_write(locked_val);
       262 |             other_read.release_read();
/home/milnes/projects/APAS-VERUS-agent2/src/Chap43/OrderedSetMtEph.rs:269: error: assume() - proof { assume(self.ghost_locked_set@ == locked_val@); }
       265 |         fn difference(&mut self, other: &Self) {
            ...
       267 |             let other_ref = other_read.borrow();
       268 |             let (mut locked_val, write_handle) = self.locked_set.acquire_write();
       270 |             locked_val.difference(other_ref);
       271 |             let ghost new_val = locked_val@;
/home/milnes/projects/APAS-VERUS-agent2/src/Chap43/OrderedSetMtEph.rs:273: error: assume() - proof { assume(self@ == old(self)@.difference(other@)); }
       265 |         fn difference(&mut self, other: &Self) {
            ...
       271 |             let ghost new_val = locked_val@;
       272 |             self.ghost_locked_set = Ghost(new_val);
       274 |             write_handle.release_write(locked_val);
       275 |             other_read.release_read();
/home/milnes/projects/APAS-VERUS-agent2/src/Chap43/OrderedSetMtEph.rs:278: error: external_body - #[verifier::external_body]
       279 |         fn to_seq(&self) -> (seq: ArraySeqStPerS<T>) {
/home/milnes/projects/APAS-VERUS-agent2/src/Chap43/OrderedSetMtEph.rs:293: error: external_body - #[verifier::external_body]
       294 |         fn from_seq(seq: ArraySeqStPerS<T>) -> (constructed: Self) {
/home/milnes/projects/APAS-VERUS-agent2/src/Chap43/OrderedSetMtEph.rs:341: error: assume() - proof { assume(self.ghost_locked_set@ == locked_val@); }
       339 |         fn split(&mut self, k: &T) -> (split: (Self, B, Self)) {
       340 |             let (mut locked_val, write_handle) = self.locked_set.acquire_write();
       342 |             let (left, found, right) = locked_val.split(k);
       343 |             let ghost new_val = locked_val@;
/home/milnes/projects/APAS-VERUS-agent2/src/Chap43/OrderedSetMtEph.rs:345: error: assume() - proof { assume(locked_val.spec_orderedsetsteph_wf()); }
       339 |         fn split(&mut self, k: &T) -> (split: (Self, B, Self)) {
            ...
       343 |             let ghost new_val = locked_val@;
       344 |             self.ghost_locked_set = Ghost(new_val);
       346 |             write_handle.release_write(locked_val);
       347 |             proof {
/home/milnes/projects/APAS-VERUS-agent2/src/Chap43/OrderedSetMtEph.rs:348: error: assume() - assume(left.spec_orderedsetsteph_wf());
       339 |         fn split(&mut self, k: &T) -> (split: (Self, B, Self)) {
            ...
       346 |             write_handle.release_write(locked_val);
       347 |             proof {
       349 |                 assume(right.spec_orderedsetsteph_wf());
       350 |             }
/home/milnes/projects/APAS-VERUS-agent2/src/Chap43/OrderedSetMtEph.rs:349: error: assume() - assume(right.spec_orderedsetsteph_wf());
       339 |         fn split(&mut self, k: &T) -> (split: (Self, B, Self)) {
            ...
       347 |             proof {
       348 |                 assume(left.spec_orderedsetsteph_wf());
       350 |             }
       351 |             (from_st(left), found, from_st(right))
/home/milnes/projects/APAS-VERUS-agent2/src/Chap43/OrderedSetMtEph.rs:358: error: assume() - proof { assume(other_inner.spec_orderedsetsteph_wf()); }
       354 |         fn join(&mut self, other: Self) {
            ...
       356 |             let other_inner = other_read.borrow().clone();
       357 |             other_read.release_read();
       359 |             let (mut locked_val, write_handle) = self.locked_set.acquire_write();
       360 |             locked_val.join(other_inner);
/home/milnes/projects/APAS-VERUS-agent2/src/Chap43/OrderedSetMtEph.rs:372: error: assume() - proof { assume(range.spec_orderedsetsteph_wf()); }
       366 |         fn get_range(&self, k1: &T, k2: &T) -> (range: Self) {
            ...
       370 |             let range = inner.get_range(k1, k2);
       371 |             read_handle.release_read();
       373 |             from_st(range)
       374 |         }
/home/milnes/projects/APAS-VERUS-agent2/src/Chap43/OrderedSetMtEph.rs:396: error: assume() - proof { assume(self.ghost_locked_set@ == locked_val@); }
       394 |         fn split_rank(&mut self, i: usize) -> (split: (Self, Self)) {
       395 |             let (mut locked_val, write_handle) = self.locked_set.acquire_write();
       397 |             let (left, right) = locked_val.split_rank(i);
       398 |             let ghost new_val = locked_val@;
/home/milnes/projects/APAS-VERUS-agent2/src/Chap43/OrderedSetMtEph.rs:400: error: assume() - proof { assume(locked_val.spec_orderedsetsteph_wf()); }
       394 |         fn split_rank(&mut self, i: usize) -> (split: (Self, Self)) {
            ...
       398 |             let ghost new_val = locked_val@;
       399 |             self.ghost_locked_set = Ghost(new_val);
       401 |             write_handle.release_write(locked_val);
       402 |             proof {
/home/milnes/projects/APAS-VERUS-agent2/src/Chap43/OrderedSetMtEph.rs:403: error: assume() - assume(left.spec_orderedsetsteph_wf());
       394 |         fn split_rank(&mut self, i: usize) -> (split: (Self, Self)) {
            ...
       401 |             write_handle.release_write(locked_val);
       402 |             proof {
       404 |                 assume(right.spec_orderedsetsteph_wf());
       405 |             }
/home/milnes/projects/APAS-VERUS-agent2/src/Chap43/OrderedSetMtEph.rs:404: error: assume() - assume(right.spec_orderedsetsteph_wf());
       394 |         fn split_rank(&mut self, i: usize) -> (split: (Self, Self)) {
            ...
       402 |             proof {
       403 |                 assume(left.spec_orderedsetsteph_wf());
       405 |             }
       406 |             (from_st(left), from_st(right))
   Holes: 23 total
      20 × assume()
      3 × external_body
❌ OrderedSetStEph.rs
/home/milnes/projects/APAS-VERUS-agent2/src/Chap43/OrderedSetStEph.rs:286: error: assume() - assume(result@ =~= eph_seq@);  // accept hole: clone/view br
       266 |         fn to_seq(&self) -> (seq: AVLTreeSeqStPerS<T>)
            ...
       284 |             proof {
       285 |                 // T::clone preserves View (StT bound); from_vec maps values through View.
       287 |             }
       288 |             result
/home/milnes/projects/APAS-VERUS-agent2/src/Chap43/OrderedSetStEph.rs:291: error: external_body - #[verifier::external_body]
       292 |         fn from_seq(seq: AVLTreeSeqStPerS<T>) -> (constructed: Self)
/home/milnes/projects/APAS-VERUS-agent2/src/Chap43/OrderedSetStEph.rs:306: error: external_body - #[verifier::external_body]
       307 |         fn first(&self) -> (first: Option<T>)
/home/milnes/projects/APAS-VERUS-agent2/src/Chap43/OrderedSetStEph.rs:321: error: external_body - #[verifier::external_body]
       322 |         fn last(&self) -> (last: Option<T>)
/home/milnes/projects/APAS-VERUS-agent2/src/Chap43/OrderedSetStEph.rs:336: error: external_body - #[verifier::external_body]
       337 |         fn previous(&self, k: &T) -> (predecessor: Option<T>)
/home/milnes/projects/APAS-VERUS-agent2/src/Chap43/OrderedSetStEph.rs:354: error: external_body - #[verifier::external_body]
       355 |         fn next(&self, k: &T) -> (successor: Option<T>)
/home/milnes/projects/APAS-VERUS-agent2/src/Chap43/OrderedSetStEph.rs:372: error: external_body - #[verifier::external_body]
       373 |         fn split(&mut self, k: &T) -> (split: (Self, B, Self))
/home/milnes/projects/APAS-VERUS-agent2/src/Chap43/OrderedSetStEph.rs:415: error: external_body - #[verifier::external_body]
       416 |         fn get_range(&self, k1: &T, k2: &T) -> (range: Self)
/home/milnes/projects/APAS-VERUS-agent2/src/Chap43/OrderedSetStEph.rs:438: error: external_body - #[verifier::external_body]
       439 |         fn rank(&self, k: &T) -> (rank: usize)
/home/milnes/projects/APAS-VERUS-agent2/src/Chap43/OrderedSetStEph.rs:459: error: external_body - #[verifier::external_body]
       460 |         fn select(&self, i: usize) -> (selected: Option<T>)
/home/milnes/projects/APAS-VERUS-agent2/src/Chap43/OrderedSetStEph.rs:474: error: external_body - #[verifier::external_body]
       475 |         fn split_rank(&mut self, i: usize) -> (split: (Self, Self))
/home/milnes/projects/APAS-VERUS-agent2/src/Chap43/OrderedSetStEph.rs:548: error: external_body - #[verifier::external_body]
       549 |         fn next(&mut self) -> (next: Option<&'a T>)
/home/milnes/projects/APAS-VERUS-agent2/src/Chap43/OrderedSetStEph.rs:661: error: fn_missing_requires - fn from_sorted_elements — exec fn should have requires
       652 |         fn clone(&self) -> (cloned: Self)
            ...
       659 |     }
       660 | 
       662 |         ensures constructed@.finite(), constructed.spec_orderedsetsteph_wf()
       663 |     {
   Holes: 12 total
      1 × assume()
      11 × external_body
❌ OrderedSetStPer.rs
/home/milnes/projects/APAS-VERUS-agent2/src/Chap43/OrderedSetStPer.rs:397: error: external_body - #[verifier::external_body]
       398 |         fn split(&self, k: &T) -> (split: (Self, B, Self))
/home/milnes/projects/APAS-VERUS-agent2/src/Chap43/OrderedSetStPer.rs:437: error: external_body - #[verifier::external_body]
       438 |         fn get_range(&self, k1: &T, k2: &T) -> (range: Self)
/home/milnes/projects/APAS-VERUS-agent2/src/Chap43/OrderedSetStPer.rs:460: error: external_body - #[verifier::external_body]
       461 |         fn rank(&self, k: &T) -> (rank: usize)
/home/milnes/projects/APAS-VERUS-agent2/src/Chap43/OrderedSetStPer.rs:504: error: external_body - #[verifier::external_body]
       505 |         fn split_rank(&self, i: usize) -> (split: (Self, Self))
/home/milnes/projects/APAS-VERUS-agent2/src/Chap43/OrderedSetStPer.rs:571: error: external_body - #[verifier::external_body]
       572 |         fn next(&mut self) -> (next: Option<&'a T>)
/home/milnes/projects/APAS-VERUS-agent2/src/Chap43/OrderedSetStPer.rs:529: warning: requires_true - requires true — vacuous precondition
       527 | 
       528 |     pub fn from_sorted_elements<T: StT + Ord>(elements: Vec<T>) -> (constructed: OrderedSetStPer<T>)
       530 |         ensures constructed@.finite(), constructed.spec_orderedsetstper_wf()
       531 |     {
   Holes: 5 total
      5 × external_body
❌ OrderedTableMtEph.rs
/home/milnes/projects/APAS-VERUS-agent2/src/Chap43/OrderedTableMtEph.rs:260: error: external_body - #[verifier::external_body]
       261 |         fn map<F>(&self, f: F) -> (mapped: Self)
/home/milnes/projects/APAS-VERUS-agent2/src/Chap43/OrderedTableMtEph.rs:278: error: external_body - #[verifier::external_body]
       279 |         fn filter<F>(&self, f: F) -> (filtered: Self)
/home/milnes/projects/APAS-VERUS-agent2/src/Chap43/OrderedTableMtEph.rs:296: error: external_body - #[verifier::external_body]
       297 |         fn reduce<R: StTInMtT + 'static, F: Fn(R, &K, &V) -> R + Send + Sync + 'static>(&self, init: R, f: F) -> (reduced: R)
/home/milnes/projects/APAS-VERUS-agent2/src/Chap43/OrderedTableMtEph.rs:346: error: external_body - #[verifier::external_body]
       347 |         fn collect(&self) -> (collected: AVLTreeSeqStPerS<Pair<K, V>>)
/home/milnes/projects/APAS-VERUS-agent2/src/Chap43/OrderedTableMtEph.rs:384: error: external_body - #[verifier::external_body]
       385 |         fn previous_key(&self, k: &K) -> (predecessor: Option<K>)
/home/milnes/projects/APAS-VERUS-agent2/src/Chap43/OrderedTableMtEph.rs:400: error: external_body - #[verifier::external_body]
       401 |         fn next_key(&self, k: &K) -> (successor: Option<K>)
/home/milnes/projects/APAS-VERUS-agent2/src/Chap43/OrderedTableMtEph.rs:416: error: external_body - #[verifier::external_body]
       417 |         fn split_key(&mut self, k: &K) -> (split: (Self, Option<V>, Self))
/home/milnes/projects/APAS-VERUS-agent2/src/Chap43/OrderedTableMtEph.rs:451: error: external_body - #[verifier::external_body]
       452 |         fn get_key_range(&self, k1: &K, k2: &K) -> (range: Self)
/home/milnes/projects/APAS-VERUS-agent2/src/Chap43/OrderedTableMtEph.rs:470: error: external_body - #[verifier::external_body]
       471 |         fn rank_key(&self, k: &K) -> (rank: usize)
/home/milnes/projects/APAS-VERUS-agent2/src/Chap43/OrderedTableMtEph.rs:501: error: external_body - #[verifier::external_body]
       502 |         fn split_rank_key(&mut self, i: usize) -> (split: (Self, Self))
/home/milnes/projects/APAS-VERUS-agent2/src/Chap43/OrderedTableMtEph.rs:672: error: external_body - #[verifier::external_body]
       673 |     pub fn from_sorted_entries<K: MtKey, V: MtVal>(entries: AVLTreeSeqStPerS<Pair<K, V>>) -> (constructed: OrderedTableMtEph<K, V>)
   Holes: 11 total
      11 × external_body
❌ OrderedTableMtPer.rs
/home/milnes/projects/APAS-VERUS-agent2/src/Chap43/OrderedTableMtPer.rs:75: error: assume() - assume(inner.spec_orderedtablestper_wf());
        67 |     fn from_st_table<K: MtKey + 'static, V: StTInMtT + Ord + 'static>(
            ...
        73 |         let ghost view = inner@;
        74 |         proof {
        76 |         }
        77 |         OrderedTableMtPer {
/home/milnes/projects/APAS-VERUS-agent2/src/Chap43/OrderedTableMtPer.rs:167: error: assume() - proof { assume(count == self@.dom().len()); }
       163 |         fn size(&self) -> (count: usize) {
            ...
       165 |             let inner = read_handle.borrow();
       166 |             let count = inner.size();
       168 |             proof { use_type_invariant(self); }
       169 |             read_handle.release_read();
/home/milnes/projects/APAS-VERUS-agent2/src/Chap43/OrderedTableMtPer.rs:182: error: external_body - #[verifier::external_body]
       183 |         fn singleton(k: K, v: V) -> (tree: Self) {
/home/milnes/projects/APAS-VERUS-agent2/src/Chap43/OrderedTableMtPer.rs:188: error: external_body - #[verifier::external_body]
       189 |         fn find(&self, k: &K) -> (found: Option<V>) {
/home/milnes/projects/APAS-VERUS-agent2/src/Chap43/OrderedTableMtPer.rs:197: error: external_body - #[verifier::external_body]
       198 |         fn insert(&self, k: K, v: V) -> (updated: Self) {
/home/milnes/projects/APAS-VERUS-agent2/src/Chap43/OrderedTableMtPer.rs:206: error: external_body - #[verifier::external_body]
       207 |         fn delete(&self, k: &K) -> (updated: Self) {
/home/milnes/projects/APAS-VERUS-agent2/src/Chap43/OrderedTableMtPer.rs:215: error: external_body - #[verifier::external_body]
       216 |         fn domain(&self) -> (domain: OrderedSetMtEph<K>) {
/home/milnes/projects/APAS-VERUS-agent2/src/Chap43/OrderedTableMtPer.rs:228: error: external_body - #[verifier::external_body]
       229 |         fn map<G: Fn(&K, &V) -> V + Send + Sync + 'static>(&self, f: G) -> (mapped: Self) {
/home/milnes/projects/APAS-VERUS-agent2/src/Chap43/OrderedTableMtPer.rs:242: error: external_body - #[verifier::external_body]
       243 |         fn filter<F: Pred<Pair<K, V>>>(&self, f: F) -> (filtered: Self) {
/home/milnes/projects/APAS-VERUS-agent2/src/Chap43/OrderedTableMtPer.rs:302: error: external_body - #[verifier::external_body]
       303 |         fn join_key(&self, other: &Self) -> (joined: Self) {
/home/milnes/projects/APAS-VERUS-agent2/src/Chap43/OrderedTableMtPer.rs:358: info: accept()
/home/milnes/projects/APAS-VERUS-agent2/src/Chap43/OrderedTableMtPer.rs:362: info: accept()
/home/milnes/projects/APAS-VERUS-agent2/src/Chap43/OrderedTableMtPer.rs:363: info: accept()
   Holes: 10 total
      2 × assume()
      8 × external_body
   Info: 3 total
❌ OrderedTableStEph.rs
/home/milnes/projects/APAS-VERUS-agent2/src/Chap43/OrderedTableStEph.rs:284: error: external_body - #[verifier::external_body]
       285 |         fn map<F: Fn(&K, &V) -> V>(&self, f: F) -> (mapped: Self)
/home/milnes/projects/APAS-VERUS-agent2/src/Chap43/OrderedTableStEph.rs:299: error: external_body - #[verifier::external_body]
       300 |         fn filter<F: Fn(&K, &V) -> B>(&self, f: F) -> (filtered: Self)
/home/milnes/projects/APAS-VERUS-agent2/src/Chap43/OrderedTableStEph.rs:315: error: external_body - #[verifier::external_body]
       316 |         fn reduce<R, F: Fn(R, &K, &V) -> R>(&self, init: R, f: F) -> (reduced: R)
/home/milnes/projects/APAS-VERUS-agent2/src/Chap43/OrderedTableStEph.rs:361: error: external_body - #[verifier::external_body]
       362 |         fn collect(&self) -> (collected: AVLTreeSeqStPerS<Pair<K, V>>)
/home/milnes/projects/APAS-VERUS-agent2/src/Chap43/OrderedTableStEph.rs:375: error: external_body - #[verifier::external_body]
       376 |         fn first_key(&self) -> (first: Option<K>)
/home/milnes/projects/APAS-VERUS-agent2/src/Chap43/OrderedTableStEph.rs:390: error: external_body - #[verifier::external_body]
       391 |         fn last_key(&self) -> (last: Option<K>)
/home/milnes/projects/APAS-VERUS-agent2/src/Chap43/OrderedTableStEph.rs:406: error: external_body - #[verifier::external_body]
       407 |         fn previous_key(&self, k: &K) -> (predecessor: Option<K>)
/home/milnes/projects/APAS-VERUS-agent2/src/Chap43/OrderedTableStEph.rs:424: error: external_body - #[verifier::external_body]
       425 |         fn next_key(&self, k: &K) -> (successor: Option<K>)
/home/milnes/projects/APAS-VERUS-agent2/src/Chap43/OrderedTableStEph.rs:442: error: external_body - #[verifier::external_body]
       443 |         fn split_key(&mut self, k: &K) -> (split: (Self, Option<V>, Self))
/home/milnes/projects/APAS-VERUS-agent2/src/Chap43/OrderedTableStEph.rs:487: error: external_body - #[verifier::external_body]
       488 |         fn get_key_range(&self, k1: &K, k2: &K) -> (range: Self)
/home/milnes/projects/APAS-VERUS-agent2/src/Chap43/OrderedTableStEph.rs:533: error: external_body - #[verifier::external_body]
       534 |         fn select_key(&self, i: usize) -> (selected: Option<K>)
/home/milnes/projects/APAS-VERUS-agent2/src/Chap43/OrderedTableStEph.rs:548: error: external_body - #[verifier::external_body]
       549 |         fn split_rank_key(&mut self, i: usize) -> (split: (Self, Self))
/home/milnes/projects/APAS-VERUS-agent2/src/Chap43/OrderedTableStEph.rs:721: error: fn_missing_ensures - fn from_sorted_entries — exec fn should have ensures
       714 |         fn clone(&self) -> (cloned: Self) {
            ...
       719 |     }
       720 | 
       722 |         entries: AVLTreeSeqStPerS<Pair<K, V>>,
       723 |     ) -> (cloned: OrderedTableStEph<K, V>)
   Holes: 12 total
      12 × external_body
❌ OrderedTableStPer.rs
/home/milnes/projects/APAS-VERUS-agent2/src/Chap43/OrderedTableStPer.rs:320: error: external_body - #[verifier::external_body]
       321 |         fn collect(&self) -> (sorted_entries: AVLTreeSeqStPerS<Pair<K, V>>)
/home/milnes/projects/APAS-VERUS-agent2/src/Chap43/OrderedTableStPer.rs:334: error: external_body - #[verifier::external_body]
       335 |         fn first_key(&self) -> (key: Option<K>)
/home/milnes/projects/APAS-VERUS-agent2/src/Chap43/OrderedTableStPer.rs:349: error: external_body - #[verifier::external_body]
       350 |         fn last_key(&self) -> (key: Option<K>)
/home/milnes/projects/APAS-VERUS-agent2/src/Chap43/OrderedTableStPer.rs:365: error: external_body - #[verifier::external_body]
       366 |         fn previous_key(&self, k: &K) -> (key: Option<K>)
/home/milnes/projects/APAS-VERUS-agent2/src/Chap43/OrderedTableStPer.rs:385: error: external_body - #[verifier::external_body]
       386 |         fn next_key(&self, k: &K) -> (key: Option<K>)
/home/milnes/projects/APAS-VERUS-agent2/src/Chap43/OrderedTableStPer.rs:405: error: external_body - #[verifier::external_body]
       406 |         fn split_key(&self, k: &K) -> (parts: (Self, Option<V>, Self))
/home/milnes/projects/APAS-VERUS-agent2/src/Chap43/OrderedTableStPer.rs:448: error: external_body - #[verifier::external_body]
       449 |         fn get_key_range(&self, k1: &K, k2: &K) -> (table: Self)
/home/milnes/projects/APAS-VERUS-agent2/src/Chap43/OrderedTableStPer.rs:502: error: external_body - #[verifier::external_body]
       503 |         fn select_key(&self, i: usize) -> (key: Option<K>)
/home/milnes/projects/APAS-VERUS-agent2/src/Chap43/OrderedTableStPer.rs:517: error: external_body - #[verifier::external_body]
       518 |         fn split_rank_key(&self, i: usize) -> (parts: (Self, Self))
/home/milnes/projects/APAS-VERUS-agent2/src/Chap43/OrderedTableStPer.rs:715: info: accept()
   Holes: 9 total
      9 × external_body
   Info: 1 total

=================================================================
2. Depends Upon
=================================================================

=================================================================
2.1. By Module
=================================================================

AugOrderedTableMtEph  depends upon only clean modules
AugOrderedTableStEph  depends upon only clean modules
AugOrderedTableStPer  depends upon only clean modules
Example43_1  depends upon only clean modules
OrderedSetMtEph  depends upon only clean modules
OrderedSetStEph  depends upon only clean modules
OrderedSetStPer  depends upon only clean modules
OrderedTableMtEph  depends upon only clean modules
OrderedTableMtPer  depends upon only clean modules
OrderedTableStEph  depends upon only clean modules
OrderedTableStPer  depends upon only clean modules

=================================================================
2.2. By File
=================================================================

AugOrderedTableMtEph.rs  depends upon only clean modules
AugOrderedTableStEph.rs  depends upon only clean modules
AugOrderedTableStPer.rs  depends upon only clean modules
Example43_1.rs  depends upon only clean modules
OrderedSetMtEph.rs  depends upon only clean modules
OrderedSetStEph.rs  depends upon only clean modules
OrderedSetStPer.rs  depends upon only clean modules
OrderedTableMtEph.rs  depends upon only clean modules
OrderedTableMtPer.rs  depends upon only clean modules
OrderedTableStEph.rs  depends upon only clean modules
OrderedTableStPer.rs  depends upon only clean modules

=================================================================
3. Summary of Holes
=================================================================

Modules:
   1 clean (no holes, no errors; 9%)
   10 holed (holes or errors, 90%)
   11 total

Proof Functions:
   4 clean (100%)
   0 holed (0%)
   4 total

Function Specs:
   560 exec fns with complete spec (requires+ensures) (84%)
   4 exec fns missing spec (0%)
   96 proof/spec fns clean (14%)
   0 proof/spec fns with holes (0%)
   660 total fns


Holes Found: 89 total
   25 × assume() (28%)
   64 × external_body (71%)

=================================================================
5. Started/Ended/Duration
=================================================================

Started:   2026-03-14 15:47:56 -07:00
Ended:     2026-03-14 15:47:56 -07:00
Duration:  70ms

Full output: src/Chap43/analyses/veracity-review-verus-proof-holes.log
Started:   2026-03-14 15:47:56 -07:00
Ended:     2026-03-14 15:47:56 -07:00
Duration:  70ms

Full output: src/Chap43/analyses/veracity-review-verus-proof-holes.log
