✓ SpanTreeMtEph.rs
✓ SpanTreeStEph.rs
✓ TSPApproxStEph.rs

═══════════════════════════════════════════════════════════════
SUMMARY
═══════════════════════════════════════════════════════════════

Modules:
   3 clean (no holes)
   0 holed (contains holes)
   3 total

Proof Functions:
   0 clean
   0 holed
   0 total

Holes Found: 0 total

🎉 No proof holes or warnings found! All proofs are complete.
n (no holes)
   0 holed (contains holes)
   3 total

Proof Functions:
   0 clean
   0 holed
   0 total

Holes Found: 0 total

🎉 No proof holes or warnings found! All proofs are complete.
