Z3 4.12.5
note: Analyzing prover log for module Chap02::FibonacciHFScheduler::FibonacciHFScheduler ...

note: Log analysis complete for module Chap02::FibonacciHFScheduler::FibonacciHFScheduler

Z3 4.12.5
note: Analyzing prover log for module Chap05::KleeneStPer::KleeneStPer ...

note: Log analysis complete for module Chap05::KleeneStPer::KleeneStPer

Z3 4.12.5
note: Analyzing prover log for module Chap05::RelationStEph::RelationStEph ...

note: Log analysis complete for module Chap05::RelationStEph::RelationStEph

Z3 4.12.5
note: Analyzing prover log for module Chap05::MappingStEph::MappingStEph ...

Error parsing line 119306 (EnodeRootMismatch(e17815, e14233)): "[new-match] 0x636125cc3a78 #2697 #2694 #5435 #15296 #2934 #15316 #3010 ; #18195 (#15185 #15378) #18261 (#5435 #18226) #17470 (#17751 #17914)"
Error parsing line 119307 (EnodeRootMismatch(e17815, e14233)): "[new-match] 0x636125cc3ac8 #2685 #2682 #5435 #15296 #2934 #15316 #3010 ; #18195 (#15185 #15378) #18261 (#5435 #18226) #17595 (#17751 #17914)"
Error parsing line 119333 (UnknownFingerprint(Fingerprint(109268897118840))): "[instance] 0x636125cc3a78 ; 2"
Error parsing line 119356 (UnmatchedEndOfInstance): "[end-of-instance]"
Error parsing line 120955 (EnodeRootMismatch(e17815, e14233)): "[new-match] 0x636125cc3f78 #2697 #2694 #5435 #15296 #2934 #15316 #3010 ; #18195 (#15185 #15378) #18261 (#5435 #18226) #17470 (#17751 #17914)"
Error parsing line 120956 (EnodeRootMismatch(e17815, e14233)): "[new-match] 0x636125cc3fc8 #2685 #2682 #5435 #15296 #2934 #15316 #3010 ; #18195 (#15185 #15378) #18261 (#5435 #18226) #17595 (#17751 #17914)"
Error parsing line 120980 (UnknownFingerprint(Fingerprint(109268897120120))): "[instance] 0x636125cc3f78 ; 2"
Error parsing line 121003 (UnmatchedEndOfInstance): "[end-of-instance]"
Z3 4.12.5
note: Analyzing prover log for module Chap06::DirGraphStEph::DirGraphStEph ...

note: Log analysis complete for module Chap05::MappingStEph::MappingStEph

note: Log analysis complete for module Chap06::DirGraphStEph::DirGraphStEph

note: Analyzing prover log for module Chap05::SetStEph::SetStEph ...

Z3 4.12.5
note: Analyzing prover log for module Chap05::SetMtEph::SetMtEph ...

Z3 4.12.5
note: Analyzing prover log for module Chap06::LabDirGraphStEph::LabDirGraphStEph ...

Z3 4.12.5
Z3 4.12.5
note: Analyzing prover log for module Chap06::LabDirGraphMtEph::LabDirGraphMtEph ...

Z3 4.12.5
note: Analyzing prover log for module Chap06::DirGraphMtEph::DirGraphMtEph ...

Error parsing line 337793 (SubpatNoBlame([t5659])): "[new-match] 0x59eb533b3d68 #10678 #4605 #25236 #9998 #9997 ; #25297 #25300 (#9997 #9997) (#9998 #9998) (#25236 #25236) #12421 (#9997 #9997) (#9998 #9998) (#25236 #25236) (#12569 #25950)"
Error parsing line 472126 (SubpatNoBlame([t5659])): "[new-match] 0x59eb533b3d68 #10678 #4605 #25024 #9998 #9997 ; #25559 #25554 (#9997 #9997) (#9998 #9998) (#25024 #25024) #24952 (#9997 #9997) (#9998 #9998) (#25024 #25024) (#24903 #15515)"
note: Log analysis complete for module Chap05::SetStEph::SetStEph

note: Log analysis complete for module Chap06::LabDirGraphStEph::LabDirGraphStEph

note: Log analysis complete for module Chap05::SetMtEph::SetMtEph

note: Log analysis complete for module Chap06::LabDirGraphMtEph::LabDirGraphMtEph

note: Log analysis complete for module Chap06::DirGraphMtEph::DirGraphMtEph

Z3 4.12.5
note: Analyzing prover log for module Chap06::LabUnDirGraphMtEph::LabUnDirGraphMtEph ...

Error parsing line 385923 (SubpatNoBlame([t5670])): "[new-match] 0x5fb17d263f90 #10948 #4614 #24392 #6376 #6395 ; #26480 #26483 (#6395 #6395) (#6376 #6376) (#24392 #24392) #23681 (#6395 #6395) (#6376 #6376) (#24392 #24392) (#25506 #26524)"
Error parsing line 508258 (SubpatNoBlame([t5670])): "[new-match] 0x5fb17d2091d8 #10948 #4614 #33291 #6376 #6395 ; #34824 #34661 (#6395 #6395) (#6376 #6376) (#33291 #33291) #35251 (#6395 #6395) (#6376 #6376) (#6160 #33291) (#35252 #33873)"
note: Analyzing prover log for module Chap06::LabUnDirGraphStEph::LabUnDirGraphStEph ...

Z3 4.12.5
Z3 4.12.5
note: Analyzing prover log for module Chap06::UnDirGraphMtEph::UnDirGraphMtEph ...

note: Log analysis complete for module Chap06::LabUnDirGraphMtEph::LabUnDirGraphMtEph

note: Log analysis complete for module Chap06::LabUnDirGraphStEph::LabUnDirGraphStEph

note: Log analysis complete for module Chap06::UnDirGraphMtEph::UnDirGraphMtEph

Z3 4.12.5
note: Analyzing prover log for module Chap06::UnDirGraphStEph::UnDirGraphStEph ...

Z3 4.12.5
note: Analyzing prover log for module Chap06::WeightedDirGraphStEphF64::WeightedDirGraphStEphF64 ...

note: Log analysis complete for module Chap06::UnDirGraphStEph::UnDirGraphStEph

note: Log analysis complete for module Chap06::WeightedDirGraphStEphF64::WeightedDirGraphStEphF64

Z3 4.12.5
note: Analyzing prover log for module Chap06::WeightedDirGraphStEphI128::WeightedDirGraphStEphI128 ...

Z3 4.12.5
note: Analyzing prover log for module Chap06::WeightedDirGraphStEphI16::WeightedDirGraphStEphI16 ...

note: Log analysis complete for module Chap06::WeightedDirGraphStEphI128::WeightedDirGraphStEphI128

note: Log analysis complete for module Chap06::WeightedDirGraphStEphI16::WeightedDirGraphStEphI16

note: Analyzing prover log for module Chap06::WeightedDirGraphStEphI32::WeightedDirGraphStEphI32 ...

Z3 4.12.5
Z3 4.12.5
note: Analyzing prover log for module Chap06::WeightedDirGraphStEphI8::WeightedDirGraphStEphI8 ...

note: Analyzing prover log for module Chap06::WeightedDirGraphStEphIsize::WeightedDirGraphStEphIsize ...

Z3 4.12.5
note: Log analysis complete for module Chap06::WeightedDirGraphStEphI32::WeightedDirGraphStEphI32

Z3 4.12.5
note: Analyzing prover log for module Chap06::WeightedDirGraphStEphI64::WeightedDirGraphStEphI64 ...

Z3 4.12.5
note: Analyzing prover log for module Chap06::WeightedDirGraphStEphU128::WeightedDirGraphStEphU128 ...

note: Log analysis complete for module Chap06::WeightedDirGraphStEphI8::WeightedDirGraphStEphI8

note: Log analysis complete for module Chap06::WeightedDirGraphStEphIsize::WeightedDirGraphStEphIsize

note: Log analysis complete for module Chap06::WeightedDirGraphStEphI64::WeightedDirGraphStEphI64

Z3 4.12.5
note: Analyzing prover log for module Chap06::WeightedDirGraphStEphU16::WeightedDirGraphStEphU16 ...

note: Log analysis complete for module Chap06::WeightedDirGraphStEphU128::WeightedDirGraphStEphU128

note: Log analysis complete for module Chap06::WeightedDirGraphStEphU16::WeightedDirGraphStEphU16

note: Analyzing prover log for module Chap06::WeightedDirGraphStEphU32::WeightedDirGraphStEphU32 ...

Z3 4.12.5
Z3 4.12.5
note: Analyzing prover log for module Chap06::WeightedDirGraphStEphU64::WeightedDirGraphStEphU64 ...

note: Log analysis complete for module Chap06::WeightedDirGraphStEphU32::WeightedDirGraphStEphU32

note: Log analysis complete for module Chap06::WeightedDirGraphStEphU64::WeightedDirGraphStEphU64

Z3 4.12.5
note: Analyzing prover log for module Chap06::WeightedDirGraphStEphU8::WeightedDirGraphStEphU8 ...

note: Analyzing prover log for module Chap19::ArraySeqMtEphSlice::ArraySeqMtEphSlice ...

Z3 4.12.5
note: Log analysis complete for module Chap19::ArraySeqMtEphSlice::ArraySeqMtEphSlice

note: Analyzing prover log for module Chap06::WeightedDirGraphStEphUsize::WeightedDirGraphStEphUsize ...

Z3 4.12.5
note: Log analysis complete for module Chap06::WeightedDirGraphStEphU8::WeightedDirGraphStEphU8

error: postcondition not satisfied
   --> src/Chap19/ArraySeqStEph.rs:201:21
    |
201 |             ensures len as int == self.spec_len();
    |                     ^^^^^^^^^^^^^^^^^^^^^^^^^^^^^ failed this postcondition
...
480 |             self.seq.len()
    |             -------------- at the end of the function body

note: diagnostics via expansion

note: 

%return == old(self).spec_len() 

Z3 4.12.5
note: Analyzing prover log for module Chap56::AllPairsResultStEphF64::AllPairsResultStEphF64 ...

note: Log analysis complete for module Chap06::WeightedDirGraphStEphUsize::WeightedDirGraphStEphUsize

error: postcondition not satisfied
   --> src/Chap19/ArraySeqStEph.rs:208:21
    |
208 |             ensures *nth_elem == self.spec_index(index as int);
    |                     ^^^^^^^^^^^^^^^^^^^^^^^^^^^^^^^^^^^^^^^^^^ failed this postcondition
...
484 |             &self.seq[index]
    |              --------------- at the end of the function body

error: precondition not satisfied
   --> src/Chap19/ArraySeqStEph.rs:484:14
    |
484 |             &self.seq[index]
    |              ^^^^^^^^^^^^^^^
    |
   --> vstd/std_specs/vec.rs:53:8
    |
    = note: failed precondition

note: 

%return == old(self).spec_index(old(index)) 

note: Log analysis complete for module Chap56::AllPairsResultStEphF64::AllPairsResultStEphF64

note: recommendation not met
   --> src/Chap19/ArraySeqStEph.rs:208:34
    |
171 |             recommends i < self.spec_len();
    |                        ------------------- recommendation not met
...
208 |             ensures *nth_elem == self.spec_index(index as int);
    |                                  ^^^^^^^^^^^^^^^^^^^^^^^^^^^^^

Z3 4.12.5
note: Analyzing prover log for module Chap19::ArraySeqMtEph::ArraySeqMtEph ...

Error parsing line 626786 (SubpatNoBlame([t163977])): "[new-match] 0x62aa220b08d8 #29043 #29044 #21957 #24369 #14698 ; #24820 (#23352 #29156) (#25965 #25965) (#23352 #29156) #19312 (#29156 #29551) (#21764 #24120) (#22968 #25649) #17689 (#23352 #29551) (#14698 #14698) (#19246 #19246)"
note: Log analysis complete for module Chap19::ArraySeqMtEph::ArraySeqMtEph

Z3 4.12.5
note: Analyzing prover log for module Chap19::ArraySeqStPer::ArraySeqStPer ...

Z3 4.12.5
note: Analyzing prover log for module Chap56::AllPairsResultStEphI64::AllPairsResultStEphI64 ...

note: Log analysis complete for module Chap56::AllPairsResultStEphI64::AllPairsResultStEphI64

note: Log analysis complete for module Chap19::ArraySeqStPer::ArraySeqStPer

note: Analyzing prover log for module Chap19::ArraySeqStEph::ArraySeqStEph ...

Z3 4.12.5
Z3 4.12.5
note: Analyzing prover log for module Chap56::AllPairsResultStPerF64::AllPairsResultStPerF64 ...

note: Log analysis complete for module Chap56::AllPairsResultStPerF64::AllPairsResultStPerF64

note: Log analysis complete for module Chap19::ArraySeqStEph::ArraySeqStEph

Z3 4.12.5
note: Analyzing prover log for module Chap56::AllPairsResultStPerI64::AllPairsResultStPerI64 ...

note: Log analysis complete for module Chap56::AllPairsResultStPerI64::AllPairsResultStPerI64

note: Analyzing prover log for module Chap56::PathWeightUtilsStEph::PathWeightUtilsStEph ...

Z3 4.12.5
note: Log analysis complete for module Chap56::PathWeightUtilsStEph::PathWeightUtilsStEph

note: Analyzing prover log for module Chap56::PathWeightUtilsStPer::PathWeightUtilsStPer ...

Z3 4.12.5
note: Log analysis complete for module Chap56::PathWeightUtilsStPer::PathWeightUtilsStPer

note: Analyzing prover log for module Chap56::SSSPResultStEphF64::SSSPResultStEphF64 ...

Z3 4.12.5
note: Log analysis complete for module Chap56::SSSPResultStEphF64::SSSPResultStEphF64

note: Analyzing prover log for module Chap56::SSSPResultStEphI64::SSSPResultStEphI64 ...

Z3 4.12.5
note: Log analysis complete for module Chap56::SSSPResultStEphI64::SSSPResultStEphI64

Z3 4.12.5
note: Analyzing prover log for module Chap56::SSSPResultStPerF64::SSSPResultStPerF64 ...

note: Analyzing prover log for module Chap56::SSSPResultStPerI64::SSSPResultStPerI64 ...

Z3 4.12.5
note: Log analysis complete for module Chap56::SSSPResultStPerI64::SSSPResultStPerI64

note: Log analysis complete for module Chap56::SSSPResultStPerF64::SSSPResultStPerF64

Z3 4.12.5
note: Analyzing prover log for module ParaPairs::ParaPairs ...

note: Log analysis complete for module ParaPairs::ParaPairs

note: Analyzing prover log for module Types::Types ...

Z3 4.12.5
note: Analyzing prover log for module Chap58::BellmanFordStEphF64::BellmanFordStEphF64 ...

Z3 4.12.5
note: Log analysis complete for module Types::Types

note: Analyzing prover log for module Chap58::BellmanFordStEphI64::BellmanFordStEphI64 ...

Z3 4.12.5
Z3 4.12.5
note: Analyzing prover log for module vstdplus::accept ...

note: Log analysis complete for module vstdplus::accept

Z3 4.12.5
note: Analyzing prover log for module vstdplus::VecQueue::VecQueue ...

note: Log analysis complete for module vstdplus::VecQueue::VecQueue

note: Analyzing prover log for module vstdplus::arithmetic::power2_plus::power2_plus ...

Z3 4.12.5
note: Log analysis complete for module vstdplus::arithmetic::power2_plus::power2_plus

note: Log analysis complete for module Chap58::BellmanFordStEphF64::BellmanFordStEphF64

note: Log analysis complete for module Chap58::BellmanFordStEphI64::BellmanFordStEphI64

Z3 4.12.5
note: Analyzing prover log for module vstdplus::clone_view::clone_view ...

note: Log analysis complete for module vstdplus::clone_view::clone_view

note: Analyzing prover log for module vstdplus::feq::feq ...

Z3 4.12.5
note: Log analysis complete for module vstdplus::feq::feq

note: Analyzing prover log for module vstdplus::float::float ...

Z3 4.12.5
note: Log analysis complete for module vstdplus::float::float

note: Analyzing prover log for module vstdplus::hash_map_with_view_plus::hash_map_with_view_plus ...

Z3 4.12.5
note: Log analysis complete for module vstdplus::hash_map_with_view_plus::hash_map_with_view_plus

note: Analyzing prover log for module vstdplus::hash_set_with_view_plus::hash_set_with_view_plus ...

Z3 4.12.5
note: Log analysis complete for module vstdplus::hash_set_with_view_plus::hash_set_with_view_plus

note: Analyzing prover log for module vstdplus::hashed_checked_u32::hash_checked_u32 ...

Z3 4.12.5
note: Log analysis complete for module vstdplus::hashed_checked_u32::hash_checked_u32

note: Analyzing prover log for module vstdplus::multiset::multiset ...

Z3 4.12.5
note: Analyzing prover log for module vstdplus::partial_order::partial_order ...

Z3 4.12.5
note: Log analysis complete for module vstdplus::multiset::multiset

note: Analyzing prover log for module vstdplus::checked_nat::checked_nat ...

Z3 4.12.5
note: Log analysis complete for module vstdplus::partial_order::partial_order

note: Analyzing prover log for module vstdplus::smart_ptrs::smart_ptrs ...

Z3 4.12.5
note: Log analysis complete for module vstdplus::smart_ptrs::smart_ptrs

Z3 4.12.5
note: Analyzing prover log for lib::vstdplus::seq::seq::lemma_flatten_uniform_len ...

note: Log analysis complete for lib::vstdplus::seq::seq::lemma_flatten_uniform_len

note: Log analysis complete for module vstdplus::checked_nat::checked_nat

Z3 4.12.5
note: Analyzing prover log for module vstdplus::checked_int::checked_int ...

Z3 4.12.5
note: Analyzing prover log for module vstdplus::seq::seq ...

Z3 4.12.5
note: Log analysis complete for module vstdplus::seq::seq

note: Log analysis complete for module vstdplus::checked_int::checked_int

note: Analyzing prover log for module vstdplus::total_order::total_order ...

Z3 4.12.5
note: Log analysis complete for module vstdplus::total_order::total_order

Z3 4.12.5
note: Analyzing prover log for module vstdplus::seq_set ...

note: Log analysis complete for module vstdplus::seq_set

verification results:: 1359 verified, 2 errors
error: aborting due to 3 previous errors

