Z3 4.12.5
note: Analyzing prover log for module Chap12::Exercise12_2::Exercise12_2 ...

note: Log analysis complete for module Chap12::Exercise12_2::Exercise12_2

note: Analyzing prover log for module Chap12::Exercise12_5::Exercise12_5 ...

note: Analyzing prover log for module Chap12::Exercise12_1::Exercise12_1 ...

Z3 4.12.5
Z3 4.12.5
note: Log analysis complete for module Chap12::Exercise12_1::Exercise12_1

note: Log analysis complete for module Chap12::Exercise12_5::Exercise12_5

note: Analyzing prover log for module ParaPairs::ParaPairs ...

Z3 4.12.5
note: Log analysis complete for module ParaPairs::ParaPairs

note: Analyzing prover log for module vstdplus::accept ...

Z3 4.12.5
note: Log analysis complete for module vstdplus::accept

Z3 4.12.5
note: Analyzing prover log for module Chap02::FibonacciHFScheduler::FibonacciHFScheduler ...

note: Analyzing prover log for module vstdplus::VecQueue::VecQueue ...

Z3 4.12.5
note: Log analysis complete for module Chap02::FibonacciHFScheduler::FibonacciHFScheduler

note: Log analysis complete for module vstdplus::VecQueue::VecQueue

note: Analyzing prover log for module vstdplus::arithmetic::power2_plus::power2_plus ...

Z3 4.12.5
note: Log analysis complete for module vstdplus::arithmetic::power2_plus::power2_plus

note: Analyzing prover log for module Types::Types ...

Z3 4.12.5
note: Log analysis complete for module Types::Types

Z3 4.12.5
note: Analyzing prover log for module vstdplus::clone_view::clone_view ...

note: Log analysis complete for module vstdplus::clone_view::clone_view

Z3 4.12.5
note: Analyzing prover log for module vstdplus::hashed_checked_u32::hash_checked_u32 ...

note: Analyzing prover log for module vstdplus::feq::feq ...

Z3 4.12.5
note: Log analysis complete for module vstdplus::hashed_checked_u32::hash_checked_u32

note: Analyzing prover log for module vstdplus::float::float ...

Z3 4.12.5
note: Analyzing prover log for module vstdplus::hash_map_with_view_plus::hash_map_with_view_plus ...

Z3 4.12.5
note: Log analysis complete for module vstdplus::float::float

note: Log analysis complete for module vstdplus::feq::feq

note: Analyzing prover log for module vstdplus::hash_set_with_view_plus::hash_set_with_view_plus ...

Z3 4.12.5
note: Log analysis complete for module vstdplus::hash_map_with_view_plus::hash_map_with_view_plus

note: Log analysis complete for module vstdplus::hash_set_with_view_plus::hash_set_with_view_plus

Z3 4.12.5
note: Analyzing prover log for module vstdplus::multiset::multiset ...

note: Log analysis complete for module vstdplus::multiset::multiset

Z3 4.12.5
note: Analyzing prover log for module vstdplus::partial_order::partial_order ...

note: Analyzing prover log for module vstdplus::smart_ptrs::smart_ptrs ...

Z3 4.12.5
note: Log analysis complete for module vstdplus::smart_ptrs::smart_ptrs

note: Log analysis complete for module vstdplus::partial_order::partial_order

Z3 4.12.5
note: Analyzing prover log for lib::vstdplus::seq::seq::lemma_flatten_uniform_len ...

note: Log analysis complete for lib::vstdplus::seq::seq::lemma_flatten_uniform_len

Z3 4.12.5
Z3 4.12.5
note: Analyzing prover log for module vstdplus::seq::seq ...

note: Analyzing prover log for module vstdplus::checked_nat::checked_nat ...

Z3 4.12.5
note: Log analysis complete for module vstdplus::seq::seq

Z3 4.12.5
note: Analyzing prover log for module vstdplus::total_order::total_order ...

note: Log analysis complete for module vstdplus::checked_nat::checked_nat

note: Log analysis complete for module vstdplus::total_order::total_order

Z3 4.12.5
note: Analyzing prover log for module vstdplus::checked_int::checked_int ...

note: Log analysis complete for module vstdplus::checked_int::checked_int

Z3 4.12.5
note: Analyzing prover log for module vstdplus::seq_set ...

note: Log analysis complete for module vstdplus::seq_set

verification results:: 664 verified, 0 errors
