Z3 4.12.5
note: Analyzing prover log for module ParaPairs::ParaPairs ...

note: Log analysis complete for module ParaPairs::ParaPairs

Z3 4.12.5
note: Analyzing prover log for module Chap02::FibonacciHFScheduler::FibonacciHFScheduler ...

note: Log analysis complete for module Chap02::FibonacciHFScheduler::FibonacciHFScheduler

Z3 4.12.5
note: Analyzing prover log for module Types::Types ...

note: Analyzing prover log for module vstdplus::VecQueue::VecQueue ...

Z3 4.12.5
note: Log analysis complete for module Types::Types

note: Log analysis complete for module vstdplus::VecQueue::VecQueue

Z3 4.12.5
note: Analyzing prover log for module vstdplus::accept ...

note: Log analysis complete for module vstdplus::accept

Z3 4.12.5
note: Analyzing prover log for module Chap19::ArraySeqMtEphSlice::ArraySeqMtEphSlice ...

note: Analyzing prover log for module vstdplus::arithmetic::power2_plus::power2_plus ...

Z3 4.12.5
note: Log analysis complete for module vstdplus::arithmetic::power2_plus::power2_plus

note: Log analysis complete for module Chap19::ArraySeqMtEphSlice::ArraySeqMtEphSlice

note: Analyzing prover log for module vstdplus::clone_view::clone_view ...

Z3 4.12.5
note: Log analysis complete for module vstdplus::clone_view::clone_view

note: Analyzing prover log for module vstdplus::feq::feq ...

Z3 4.12.5
note: Log analysis complete for module vstdplus::feq::feq

Z3 4.12.5
note: Analyzing prover log for module vstdplus::float::float ...

note: Log analysis complete for module vstdplus::float::float

note: Analyzing prover log for module vstdplus::hash_map_with_view_plus::hash_map_with_view_plus ...

Z3 4.12.5
note: Analyzing prover log for module vstdplus::hashed_checked_u32::hash_checked_u32 ...

Z3 4.12.5
note: Log analysis complete for module vstdplus::hashed_checked_u32::hash_checked_u32

note: Log analysis complete for module vstdplus::hash_map_with_view_plus::hash_map_with_view_plus

note: Analyzing prover log for module vstdplus::hash_set_with_view_plus::hash_set_with_view_plus ...

Z3 4.12.5
note: Log analysis complete for module vstdplus::hash_set_with_view_plus::hash_set_with_view_plus

Z3 4.12.5
note: Analyzing prover log for module vstdplus::multiset::multiset ...

note: Log analysis complete for module vstdplus::multiset::multiset

Z3 4.12.5
note: Analyzing prover log for module vstdplus::partial_order::partial_order ...

note: Log analysis complete for module vstdplus::partial_order::partial_order

Z3 4.12.5
note: Analyzing prover log for module vstdplus::checked_nat::checked_nat ...

Z3 4.12.5
note: Analyzing prover log for module Chap19::ArraySeqStPer::ArraySeqStPer ...

Z3 4.12.5
note: Analyzing prover log for module Chap19::ArraySeqStEph::ArraySeqStEph ...

note: Log analysis complete for module vstdplus::checked_nat::checked_nat

Z3 4.12.5
note: Analyzing prover log for lib::vstdplus::seq::seq::lemma_flatten_uniform_len ...

note: Log analysis complete for lib::vstdplus::seq::seq::lemma_flatten_uniform_len

note: Analyzing prover log for module vstdplus::smart_ptrs::smart_ptrs ...

Z3 4.12.5
note: Analyzing prover log for module vstdplus::checked_int::checked_int ...

Z3 4.12.5
note: Log analysis complete for module vstdplus::smart_ptrs::smart_ptrs

Z3 4.12.5
Z3 4.12.5
note: Analyzing prover log for module vstdplus::seq::seq ...

note: Log analysis complete for module Chap19::ArraySeqStPer::ArraySeqStPer

note: Log analysis complete for module vstdplus::seq::seq

note: Log analysis complete for module vstdplus::checked_int::checked_int

note: Log analysis complete for module Chap19::ArraySeqStEph::ArraySeqStEph

note: Analyzing prover log for module Chap19::ArraySeqMtEph::ArraySeqMtEph ...

Z3 4.12.5
Error parsing line 609290 (SubpatNoBlame([t160145])): "[new-match] 0x5ab12e1d8668 #28914 #28927 #17850 #16402 #14711 ; #24977 (#24809 #28858) (#24420 #24420) (#24809 #28858) #25323 (#28858 #29417) (#26026 #24213) (#19163 #25878) #23649 (#24809 #29417) (#14711 #14711) (#16953 #16953)"
Error parsing line 667834 (SubpatNoBlame([t7076])): "[new-match] 0x5ab12e5b3de8 #8981 #5517 #25539 #27671 #10351 #7641 #4291 ; #28738 (#19481 #19481) (#16554 #30582) (#4291 #4291) (#4291 #4291) (#7641 #7641) (#7641 #7641) (#15178 #27601) (#27601 #27601) (#15178 #26687) (#4291 #4291) (#4291 #4291) (#7641 #7641) (#7641 #7641)"
Error parsing line 667887 (UnknownFingerprint(Fingerprint(99717033442792))): "[instance] 0x5ab12e5b3de8 ; 3"
Error parsing line 667895 (UnmatchedEndOfInstance): "[end-of-instance]"
note: Log analysis complete for module Chap19::ArraySeqMtEph::ArraySeqMtEph

note: Analyzing prover log for module vstdplus::total_order::total_order ...

Z3 4.12.5
note: Log analysis complete for module vstdplus::total_order::total_order

Z3 4.12.5
note: Analyzing prover log for module vstdplus::seq_set ...

note: Log analysis complete for module vstdplus::seq_set

verification results:: 817 verified, 0 errors
