Z3 4.12.5
note: Analyzing prover log for module Chap02::FibonacciHFScheduler::FibonacciHFScheduler ...

note: Log analysis complete for module Chap02::FibonacciHFScheduler::FibonacciHFScheduler

Z3 4.12.5
note: Analyzing prover log for module Chap19::ArraySeqMtEphSlice::ArraySeqMtEphSlice ...

note: Log analysis complete for module Chap19::ArraySeqMtEphSlice::ArraySeqMtEphSlice

Z3 4.12.5
note: Analyzing prover log for module ParaPairs::ParaPairs ...

note: Log analysis complete for module ParaPairs::ParaPairs

Z3 4.12.5
note: Analyzing prover log for module Types::Types ...

note: Log analysis complete for module Types::Types

Z3 4.12.5
note: Analyzing prover log for module vstdplus::VecQueue::VecQueue ...

note: Log analysis complete for module vstdplus::VecQueue::VecQueue

error: invariant not satisfied at end of loop body
   --> src/Chap36/QuickSortMtEph.rs:425:21
    |
425 | /                     forall|j: int| 0 <= j < right@.len() ==>
426 | |                         (#[trigger] T::le(pivot, right@[j])) && right@[j] != pivot,
    | |__________________________________________________________________________________^

note: recommendation not met
   --> src/Chap36/QuickSortMtEph.rs:468:32
    |
468 |                 ensures r@ =~= left_view.sort_by(spec_leq::<T>()), r@.len() == left_view.len()
    |                                ^^^^^^^^^^^^^^^^^^^^^^^^^^^^^^^^^^
    |
   --> vstd/seq_lib.rs:95:12
    |
    = note: recommendation not met

note: recommendation not met
   --> src/Chap36/QuickSortMtEph.rs:475:32
    |
475 |                 ensures r@ =~= right_view.sort_by(spec_leq::<T>()), r@.len() == right_view.len()
    |                                ^^^^^^^^^^^^^^^^^^^^^^^^^^^^^^^^^^^
    |
   --> vstd/seq_lib.rs:95:12
    |
    = note: recommendation not met

Z3 4.12.5
note: Analyzing prover log for module vstdplus::accept ...

note: Log analysis complete for module vstdplus::accept

Z3 4.12.5
note: Analyzing prover log for module Chap36::QuickSortStEph::QuickSortStEph ...

Z3 4.12.5
note: Analyzing prover log for module vstdplus::arithmetic::power2_plus::power2_plus ...

note: Log analysis complete for module vstdplus::arithmetic::power2_plus::power2_plus

note: Log analysis complete for module Chap36::QuickSortStEph::QuickSortStEph

Z3 4.12.5
note: Analyzing prover log for module Chap36::QuickSortMtEph::QuickSortMtEph ...

note: Analyzing prover log for module Chap36::QuickSortMtEphSlice::QuickSortMtEphSlice ...

Z3 4.12.5
note: Log analysis complete for module Chap36::QuickSortMtEph::QuickSortMtEph

Z3 4.12.5
note: Analyzing prover log for module Chap19::ArraySeqStEph::ArraySeqStEph ...

Z3 4.12.5
note: Analyzing prover log for module Chap19::ArraySeqStPer::ArraySeqStPer ...

note: Log analysis complete for module Chap36::QuickSortMtEphSlice::QuickSortMtEphSlice

note: Log analysis complete for module Chap19::ArraySeqStEph::ArraySeqStEph

note: Log analysis complete for module Chap19::ArraySeqStPer::ArraySeqStPer

note: Analyzing prover log for module vstdplus::clone_view::clone_view ...

Z3 4.12.5
note: Log analysis complete for module vstdplus::clone_view::clone_view

note: Analyzing prover log for module vstdplus::checked_nat::checked_nat ...

Z3 4.12.5
note: Analyzing prover log for module Chap19::ArraySeqMtEph::ArraySeqMtEph ...

Z3 4.12.5
Z3 4.12.5
note: Analyzing prover log for module vstdplus::checked_int::checked_int ...

note: Analyzing prover log for module vstdplus::feq::feq ...

Z3 4.12.5
note: Log analysis complete for module vstdplus::checked_nat::checked_nat

note: Log analysis complete for module vstdplus::feq::feq

note: Analyzing prover log for module vstdplus::float::float ...

Z3 4.12.5
note: Log analysis complete for module vstdplus::float::float

Error parsing line 702798 (SubpatNoBlame([t189506])): "[new-match] 0x62e90ecb8170 #29946 #29963 #26867 #27221 #12097 ; #26872 (#27192 #29996) (#27236 #27236) (#27192 #29996) #27965 (#29996 #30287) (#27962 #27222) (#27964 #26868) #27241 (#27192 #30287) (#12097 #12097) (#27384 #27384)"
Error parsing line 702827 (UnknownFingerprint(Fingerprint(108753115119984))): "[instance] 0x62e90ecb8170 ; 4"
Error parsing line 702834 (UnmatchedEndOfInstance): "[end-of-instance]"
Error parsing line 703046 (SubpatNoBlame([t189506])): "[new-match] 0x62e90ec14c48 #29946 #29963 #26867 #27221 #12097 ; #26872 (#27192 #29996) (#27236 #27236) (#27192 #29996) #27965 (#29996 #30287) (#27962 #27222) (#27964 #26868) #27241 (#27192 #30287) (#12097 #12097) (#27384 #27384)"
note: Log analysis complete for module vstdplus::checked_int::checked_int

note: Analyzing prover log for module vstdplus::hash_map_with_view_plus::hash_map_with_view_plus ...

Z3 4.12.5
note: Log analysis complete for module vstdplus::hash_map_with_view_plus::hash_map_with_view_plus

Z3 4.12.5
note: Analyzing prover log for module vstdplus::hash_set_with_view_plus::hash_set_with_view_plus ...

note: Log analysis complete for module Chap19::ArraySeqMtEph::ArraySeqMtEph

note: Log analysis complete for module vstdplus::hash_set_with_view_plus::hash_set_with_view_plus

Z3 4.12.5
note: Analyzing prover log for module vstdplus::hashed_checked_u32::hash_checked_u32 ...

note: Log analysis complete for module vstdplus::hashed_checked_u32::hash_checked_u32

Z3 4.12.5
note: Analyzing prover log for module vstdplus::multiset::multiset ...

note: Analyzing prover log for module vstdplus::partial_order::partial_order ...

Z3 4.12.5
note: Log analysis complete for module vstdplus::partial_order::partial_order

note: Log analysis complete for module vstdplus::multiset::multiset

Z3 4.12.5
note: Analyzing prover log for lib::vstdplus::seq::seq::lemma_flatten_uniform_len ...

note: Log analysis complete for lib::vstdplus::seq::seq::lemma_flatten_uniform_len

Z3 4.12.5
note: Analyzing prover log for module vstdplus::smart_ptrs::smart_ptrs ...

note: Log analysis complete for module vstdplus::smart_ptrs::smart_ptrs

Z3 4.12.5
Z3 4.12.5
note: Analyzing prover log for module vstdplus::seq::seq ...

note: Log analysis complete for module vstdplus::seq::seq

Z3 4.12.5
note: Analyzing prover log for module vstdplus::total_order::total_order ...

note: Log analysis complete for module vstdplus::total_order::total_order

Z3 4.12.5
note: Analyzing prover log for module vstdplus::seq_set ...

note: Log analysis complete for module vstdplus::seq_set

verification results:: 859 verified, 1 errors
error: aborting due to 1 previous error

