verification results:: 4413 verified, 0 errors
    Finished `release` profile [optimized] target(s) in 0.03s
────────────
 Nextest run ID cb477d69-528e-48de-9bcf-1df113a4967e with nextest profile: default
    Starting 145 tests across 34 binaries
        PASS [   1.638s] rust_verify_test::HashMapWithViewPlus hash_map_wvp_loop_loop
        PASS [   1.647s] rust_verify_test::HashMapWithViewPlus hash_map_wvp_for_iter
        PASS [   1.701s] rust_verify_test::HashSetWithViewPlus hash_set_wvp_loop_loop
        PASS [   1.748s] rust_verify_test::MappingStEph mapping_st_eph_loop_loop
        PASS [   1.784s] rust_verify_test::HashSetWithViewPlus hash_set_wvp_for_iter
        PASS [   1.884s] rust_verify_test::MappingStEph mapping_st_eph_for_iter
        PASS [   1.408s] rust_verify_test::ProveArraySeq arrayseq_filter
        PASS [   1.468s] rust_verify_test::ProveArraySeq arrayseq_iterate
        PASS [   1.657s] rust_verify_test::ProveAVLTreeSetMtEph avltreesetmteph_loop_borrow_iter
        PASS [   1.617s] rust_verify_test::ProveArraySeq arrayseq_for_iter
        PASS [   1.783s] rust_verify_test::ProveAVLTreeSetMtEph avltreesetmteph_for_borrow_into
        PASS [   1.775s] rust_verify_test::ProveAVLTreeSetMtEph avltreesetmteph_for_borrow_iter
        PASS [   1.508s] rust_verify_test::ProveArraySeq arrayseq_iterate_prefixes
        PASS [   1.531s] rust_verify_test::ProveArraySeq arrayseq_loop_loop
        PASS [   1.617s] rust_verify_test::ProveArraySeq arrayseq_map
        PASS [   1.718s] rust_verify_test::ProveArraySeq arrayseq_scan_inclusive
        PASS [   1.770s] rust_verify_test::ProveArraySeq arrayseq_reduce
        PASS [   1.762s] rust_verify_test::ProveArraySeq arrayseq_scan
        PASS [   1.357s] rust_verify_test::ProveArraySeq arrayseq_tabulate
        PASS [   1.625s] rust_verify_test::ProveArraySeqMtEph arrayseqmteph_for_iter
        PASS [   1.732s] rust_verify_test::ProveArraySeqMtEph arrayseqmteph_loop_loop
        PASS [   1.586s] rust_verify_test::ProveArraySeqMtPer arrayseqmtper_for_iter
        PASS [   1.548s] rust_verify_test::ProveArraySeqStEph arrayseqsteph_for_borrow_into
        PASS [   1.573s] rust_verify_test::ProveArraySeqMtPer arrayseqmtper_loop_loop
        PASS [   1.509s] rust_verify_test::ProveArraySeqStEph arrayseqsteph_for_borrow_iter
        PASS [   1.514s] rust_verify_test::ProveArraySeqStEph arrayseqsteph_for_consume
        PASS [   1.484s] rust_verify_test::ProveArraySeqStPer arrayseqstper_for_iter
        PASS [   1.523s] rust_verify_test::ProveArraySeqStEph arrayseqsteph_loop_consume
        PASS [   1.599s] rust_verify_test::ProveArraySeqStEph arrayseqsteph_loop_borrow_iter
        PASS [   1.653s] rust_verify_test::ProveArraySeqStEph arrayseqsteph_loop_borrow_into
        PASS [   1.542s] rust_verify_test::ProveArraySeqStPer arrayseqstper_loop_loop
        PASS [   1.437s] rust_verify_test::ProveBFSMtEph chap54_bfsmteph_bottom_up_loop
        PASS [   1.465s] rust_verify_test::ProveBFSStEph chap54_bfssteph_bottom_up_loop
        PASS [   1.409s] rust_verify_test::ProveBFSStEph chap54_bfssteph_top_down_loop
        PASS [   1.510s] rust_verify_test::ProveBFSMtEph chap54_bfsmteph_top_down_loop
        PASS [   1.690s] rust_verify_test::ProveBalBinTreeStEph balbintree_for_inorder
        PASS [   1.532s] rust_verify_test::ProveBalBinTreeStEph balbintree_for_postorder
        PASS [   1.602s] rust_verify_test::ProveBalBinTreeStEph balbintree_for_preorder
        PASS [   1.470s] rust_verify_test::ProveBalBinTreeStEph balbintree_inorder_spec_match
        PASS [   1.454s] rust_verify_test::ProveBalBinTreeStEph balbintree_leaf_traversals_empty
        PASS [   1.511s] rust_verify_test::ProveBalBinTreeStEph balbintree_leaf_iter_exhausted
        PASS [   1.833s] rust_verify_test::ProveBalBinTreeStEph balbintree_loop_inorder
        PASS [   1.429s] rust_verify_test::ProveBalBinTreeStEph balbintree_loop_postorder
        PASS [   1.457s] rust_verify_test::ProveBalBinTreeStEph balbintree_loop_preorder
        PASS [   1.433s] rust_verify_test::ProveBalBinTreeStEph balbintree_postorder_spec_match
        PASS [   1.573s] rust_verify_test::ProveChap19ArraySeqMtEph chap19_arrayseqmteph_for_borrow_into
        PASS [   1.638s] rust_verify_test::ProveBalBinTreeStEph balbintree_preorder_spec_match
        PASS [   1.584s] rust_verify_test::ProveChap19ArraySeqMtEph chap19_arrayseqmteph_for_borrow_iter
        PASS [   1.641s] rust_verify_test::ProveChap19ArraySeqMtEph chap19_arrayseqmteph_for_consume
        PASS [   1.585s] rust_verify_test::ProveChap19ArraySeqMtEph chap19_arrayseqmteph_loop_borrow_into
        PASS [   1.613s] rust_verify_test::ProveChap19ArraySeqMtEph chap19_arrayseqmteph_loop_borrow_iter
        PASS [   1.567s] rust_verify_test::ProveChap19ArraySeqMtEph chap19_arrayseqmteph_loop_consume
        PASS [   1.746s] rust_verify_test::ProveChap19ArraySeqMtEphSlice slice_for_borrow_into
        PASS [   1.562s] rust_verify_test::ProveChap19ArraySeqMtEphSlice slice_for_borrow_iter
        PASS [   1.487s] rust_verify_test::ProveChap19ArraySeqMtEphSlice slice_iter_over_subslice
        PASS [   1.450s] rust_verify_test::ProveChap19ArraySeqMtEphSlice slice_loop_borrow_iter
        PASS [   1.421s] rust_verify_test::ProveChap19ArraySeqMtEphSlice slice_operations
        PASS [   1.417s] rust_verify_test::ProveChap19ArraySeqStEph chap19_arrayseqsteph_for_borrow_into
        PASS [   1.555s] rust_verify_test::ProveChap19ArraySeqStEph chap19_arrayseqsteph_for_borrow_iter
        PASS [   1.439s] rust_verify_test::ProveChap19ArraySeqStEph chap19_arrayseqsteph_for_consume
        PASS [   1.361s] rust_verify_test::ProveChap19ArraySeqStEph chap19_arrayseqsteph_loop_borrow_into
        PASS [   1.523s] rust_verify_test::ProveChap19ArraySeqStEph chap19_arrayseqsteph_loop_borrow_iter
        PASS [   1.483s] rust_verify_test::ProveChap19ArraySeqStEph chap19_arrayseqsteph_loop_consume
        PASS [   1.522s] rust_verify_test::ProveChap19ArraySeqStPer chap19_arrayseqstper_for_borrow_into
        PASS [   1.603s] rust_verify_test::ProveChap19ArraySeqStPer chap19_arrayseqstper_for_borrow_iter
        PASS [   1.484s] rust_verify_test::ProveChap19ArraySeqStPer chap19_arrayseqstper_for_consume
        PASS [   1.462s] rust_verify_test::ProveChap19ArraySeqStPer chap19_arrayseqstper_loop_borrow_into
        PASS [   1.464s] rust_verify_test::ProveChap19ArraySeqStPer chap19_arrayseqstper_loop_borrow_iter
        PASS [   1.387s] rust_verify_test::ProveKleeneStPer kleene_alphabet
        PASS [   1.670s] rust_verify_test::ProveChap19ArraySeqStPer chap19_arrayseqstper_loop_consume
        PASS [   1.596s] rust_verify_test::ProveKleeneStPer kleene_mem_plus
        PASS [   1.441s] rust_verify_test::ProveKleeneStPer kleene_mem_star
        PASS [   1.552s] rust_verify_test::ProveLinkedListStEph linkedliststeph_for_iter
        PASS [   1.450s] rust_verify_test::ProveLinkedListStPer linkedliststper_loop_loop
        PASS [   1.767s] rust_verify_test::ProveLinkedListStEph linkedliststeph_loop_loop
        PASS [   1.615s] rust_verify_test::ProveLinkedListStPer linkedliststper_for_iter
        PASS [   1.508s] rust_verify_test::ProveMathSeq mathseq_for_borrow_into
        PASS [   1.661s] rust_verify_test::ProveMathSeq mathseq_for_borrow_iter
        PASS [   1.688s] rust_verify_test::ProveMathSeq mathseq_for_consume
        PASS [   1.524s] rust_verify_test::ProveMathSeq mathseq_loop_borrow_iter
        PASS [   1.553s] rust_verify_test::ProveMathSeq mathseq_loop_consume
        PASS [   1.697s] rust_verify_test::ProveMathSeq mathseq_loop_borrow_into
        PASS [   1.569s] rust_verify_test::ProveOrderedTableStPer chap43_orderedtablestper_loop_borrow_into
        PASS [   1.668s] rust_verify_test::ProveOrderedTableStPer chap43_orderedtablestper_loop_borrow_iter
        PASS [   1.847s] rust_verify_test::ProvePrimTreeSeqStPer primtreeseq_for_borrow_into
        PASS [   1.536s] rust_verify_test::ProvePrimTreeSeqStPer primtreeseq_for_borrow_iter
        PASS [   1.460s] rust_verify_test::ProvePrimTreeSeqStPer primtreeseq_loop_borrow_into
        PASS [   1.542s] rust_verify_test::ProvePrimTreeSeqStPer primtreeseq_for_consume
        PASS [   1.453s] rust_verify_test::ProvePrimTreeSeqStPer primtreeseq_loop_borrow_iter
        PASS [   1.530s] rust_verify_test::ProvePrimTreeSeqStPer primtreeseq_loop_consume
        PASS [   1.604s] rust_verify_test::ProveSetMtEph set_mt_eph_for_borrow_into
        PASS [   1.544s] rust_verify_test::ProveSetMtEph set_mt_eph_loop_borrow_iter
        PASS [   1.780s] rust_verify_test::Provedeep_view_standard deep_view_standard_for_borrow_into
        PASS [   1.872s] rust_verify_test::ProveSetMtEph set_mt_eph_for_borrow_iter
        PASS [   1.605s] rust_verify_test::Provedeep_view_standard deep_view_standard_for_borrow_iter
        PASS [   1.613s] rust_verify_test::Provedeep_view_standard deep_view_standard_for_consume
        PASS [   1.593s] rust_verify_test::Provedeep_view_standard deep_view_standard_loop_borrow_into
        PASS [   1.403s] rust_verify_test::Provedeep_view_standard deep_view_standard_loop_borrow_iter
        PASS [   1.430s] rust_verify_test::Provedeep_view_standard deep_view_standard_simple
        PASS [   1.554s] rust_verify_test::Provedeep_view_standard deep_view_standard_loop_consume
        PASS [   1.435s] rust_verify_test::Proveiterators_standard iterators_standard_for_borrow_into
        PASS [   1.440s] rust_verify_test::Proveiterators_standard iterators_standard_for_borrow_iter
        PASS [   1.389s] rust_verify_test::Proveiterators_standard iterators_standard_for_consume
        PASS [   1.369s] rust_verify_test::Proveiterators_standard iterators_standard_loop_borrow_into
        PASS [   1.446s] rust_verify_test::Proveiterators_standard iterators_standard_loop_borrow_iter
        PASS [   1.412s] rust_verify_test::Proveiterators_standard iterators_standard_loop_consume
        PASS [   1.519s] rust_verify_test::Provemod_standard mod_standard_for_borrow_into
        PASS [   1.534s] rust_verify_test::Provemod_standard mod_standard_for_borrow_iter
        PASS [   1.446s] rust_verify_test::Provemod_standard mod_standard_for_consume
        PASS [   1.441s] rust_verify_test::Provemod_standard mod_standard_loop_borrow_into
        PASS [   1.474s] rust_verify_test::Provemod_standard mod_standard_loop_borrow_iter
        PASS [   1.720s] rust_verify_test::Provemod_standard mod_standard_loop_consume
        PASS [   1.478s] rust_verify_test::Provetable_of_contents_standard toc_standard_for_borrow_into
        PASS [   1.438s] rust_verify_test::Provetable_of_contents_standard toc_standard_loop_borrow_into
        PASS [   1.847s] rust_verify_test::Provetable_of_contents_standard toc_standard_for_borrow_iter
        PASS [   1.591s] rust_verify_test::Provetable_of_contents_standard toc_standard_for_consume
        PASS [   1.507s] rust_verify_test::Provetable_of_contents_standard toc_standard_loop_borrow_iter
        PASS [   1.462s] rust_verify_test::Proveusing_closures_standard closures_ghost_spec_fn
        PASS [   1.754s] rust_verify_test::Provetable_of_contents_standard toc_standard_loop_consume
        PASS [   1.449s] rust_verify_test::Proveusing_closures_standard closures_inline_requires_ensures
        PASS [   1.425s] rust_verify_test::Proveusing_closures_standard closures_map_apply
        PASS [   1.487s] rust_verify_test::Proveusing_closures_standard closures_let_bind_ensures
        PASS [   1.433s] rust_verify_test::Proveview_standard view_standard_collection
        PASS [   1.487s] rust_verify_test::Proveview_standard view_standard_for_borrow_into
        PASS [   1.428s] rust_verify_test::Proveview_standard view_standard_for_borrow_iter
        PASS [   1.400s] rust_verify_test::Proveview_standard view_standard_for_consume
        PASS [   1.464s] rust_verify_test::Proveview_standard view_standard_loop_borrow_into
        PASS [   1.890s] rust_verify_test::Proveview_standard view_standard_loop_borrow_iter
        PASS [   1.666s] rust_verify_test::Proveview_standard view_standard_loop_consume
        PASS [   1.819s] rust_verify_test::Proveview_standard view_standard_simple
        PASS [   2.389s] rust_verify_test::Provewrapping_iterators_standard wrapping_for_borrow_into
        PASS [   2.334s] rust_verify_test::Provewrapping_iterators_standard wrapping_for_borrow_iter
        PASS [   2.345s] rust_verify_test::Provewrapping_iterators_standard wrapping_loop_borrow_into
        PASS [   2.586s] rust_verify_test::Provewrapping_iterators_standard wrapping_loop_borrow_iter
        PASS [   3.016s] rust_verify_test::RelationStEph relation_st_eph_for_iter
        PASS [   2.963s] rust_verify_test::RelationStEph relation_st_eph_loop_loop
        PASS [   3.181s] rust_verify_test::SetMtEph set_mt_eph_for_iter
        PASS [   2.894s] rust_verify_test::SetMtEph set_mt_eph_from_vec
        PASS [   3.005s] rust_verify_test::SetMtEph set_mt_eph_loop_loop
        PASS [   3.210s] rust_verify_test::SetStEph set_st_eph_for_iter
        PASS [   3.099s] rust_verify_test::SetStEph set_st_eph_from_vec
        PASS [   2.881s] rust_verify_test::SetStEph set_st_eph_loop_loop
        PASS [   2.609s] rust_verify_test::prove_MathSeq_iters mathseq_iter_nested
        PASS [   2.720s] rust_verify_test::prove_MathSeq_iters mathseq_iter_consuming
        PASS [   2.711s] rust_verify_test::prove_MathSeq_iters mathseq_iter_range
────────────
     Summary [  41.649s] 145 tests run: 145 passed, 0 skipped
Elapsed: 148s
