verification results:: 4392 verified, 0 errors
    Finished `release` profile [optimized] target(s) in 0.06s
────────────
 Nextest run ID 330bce3e-e318-48c2-90c1-a7207243b6d8 with nextest profile: default
    Starting 147 tests across 34 binaries
        PASS [   1.644s] rust_verify_test::HashSetWithViewPlus hash_set_wvp_loop_loop
        PASS [   1.792s] rust_verify_test::HashSetWithViewPlus hash_set_wvp_for_iter
        PASS [   1.792s] rust_verify_test::HashMapWithViewPlus hash_map_wvp_loop_loop
        PASS [   2.012s] rust_verify_test::HashMapWithViewPlus hash_map_wvp_for_iter
        PASS [   2.063s] rust_verify_test::MappingStEph mapping_st_eph_for_iter
        PASS [   2.108s] rust_verify_test::MappingStEph mapping_st_eph_loop_loop
        PASS [   1.633s] rust_verify_test::ProveAVLTreeSetMtEph avltreesetmteph_loop_borrow_iter
        PASS [   1.951s] rust_verify_test::ProveAVLTreeSetMtEph avltreesetmteph_for_borrow_into
        PASS [   1.812s] rust_verify_test::ProveAVLTreeSetMtEph avltreesetmteph_for_borrow_iter
        PASS [   1.792s] rust_verify_test::ProveArraySeq arrayseq_filter
        PASS [   1.758s] rust_verify_test::ProveArraySeq arrayseq_iterate
        PASS [   1.917s] rust_verify_test::ProveArraySeq arrayseq_for_iter
        PASS [   1.735s] rust_verify_test::ProveArraySeq arrayseq_iterate_prefixes
        PASS [   1.595s] rust_verify_test::ProveArraySeq arrayseq_map
        PASS [   1.929s] rust_verify_test::ProveArraySeq arrayseq_loop_loop
        PASS [   1.827s] rust_verify_test::ProveArraySeq arrayseq_reduce
        PASS [   1.957s] rust_verify_test::ProveArraySeq arrayseq_scan
        PASS [   2.035s] rust_verify_test::ProveArraySeq arrayseq_scan_inclusive
        PASS [   1.818s] rust_verify_test::ProveArraySeq arrayseq_tabulate
        PASS [   1.831s] rust_verify_test::ProveArraySeqMtEph arrayseqmteph_for_iter
        PASS [   1.650s] rust_verify_test::ProveArraySeqMtEph arrayseqmteph_loop_loop
        PASS [   1.827s] rust_verify_test::ProveArraySeqMtPer arrayseqmtper_for_iter
        PASS [   1.650s] rust_verify_test::ProveArraySeqStEph arrayseqsteph_for_borrow_into
        PASS [   1.944s] rust_verify_test::ProveArraySeqMtPer arrayseqmtper_loop_loop
        PASS [   1.723s] rust_verify_test::ProveArraySeqStEph arrayseqsteph_for_borrow_iter
        PASS [   1.567s] rust_verify_test::ProveArraySeqStEph arrayseqsteph_loop_borrow_into
        PASS [   2.033s] rust_verify_test::ProveArraySeqStEph arrayseqsteph_for_consume
        PASS [   1.943s] rust_verify_test::ProveArraySeqStEph arrayseqsteph_loop_borrow_iter
        PASS [   1.898s] rust_verify_test::ProveArraySeqStEph arrayseqsteph_loop_consume
        PASS [   1.932s] rust_verify_test::ProveArraySeqStPer arrayseqstper_for_iter
        PASS [   1.858s] rust_verify_test::ProveArraySeqStPer arrayseqstper_loop_loop
        PASS [   1.917s] rust_verify_test::ProveBFSMtEph chap54_bfsmteph_bottom_up_loop
        PASS [   1.757s] rust_verify_test::ProveBFSMtEph chap54_bfsmteph_top_down_loop
        PASS [   1.707s] rust_verify_test::ProveBFSStEph chap54_bfssteph_top_down_loop
        PASS [   1.891s] rust_verify_test::ProveBFSStEph chap54_bfssteph_bottom_up_loop
        PASS [   2.028s] rust_verify_test::ProveBalBinTreeStEph balbintree_for_inorder
        PASS [   1.757s] rust_verify_test::ProveBalBinTreeStEph balbintree_for_postorder
        PASS [   1.701s] rust_verify_test::ProveBalBinTreeStEph balbintree_for_preorder
        PASS [   1.714s] rust_verify_test::ProveBalBinTreeStEph balbintree_inorder_spec_match
        PASS [   1.908s] rust_verify_test::ProveBalBinTreeStEph balbintree_leaf_traversals_empty
        PASS [   1.944s] rust_verify_test::ProveBalBinTreeStEph balbintree_leaf_iter_exhausted
        PASS [   1.810s] rust_verify_test::ProveBalBinTreeStEph balbintree_loop_inorder
        PASS [   1.705s] rust_verify_test::ProveBalBinTreeStEph balbintree_loop_preorder
        PASS [   1.795s] rust_verify_test::ProveBalBinTreeStEph balbintree_loop_postorder
        PASS [   1.826s] rust_verify_test::ProveBalBinTreeStEph balbintree_postorder_spec_match
        PASS [   1.814s] rust_verify_test::ProveBalBinTreeStEph balbintree_preorder_spec_match
        PASS [   1.899s] rust_verify_test::ProveChap19ArraySeqMtEph chap19_arrayseqmteph_for_borrow_into
        PASS [   1.851s] rust_verify_test::ProveChap19ArraySeqMtEph chap19_arrayseqmteph_for_borrow_iter
        PASS [   1.750s] rust_verify_test::ProveChap19ArraySeqMtEph chap19_arrayseqmteph_for_consume
        PASS [   1.791s] rust_verify_test::ProveChap19ArraySeqMtEph chap19_arrayseqmteph_loop_borrow_into
        PASS [   1.809s] rust_verify_test::ProveChap19ArraySeqMtEph chap19_arrayseqmteph_loop_borrow_iter
        PASS [   1.769s] rust_verify_test::ProveChap19ArraySeqMtEph chap19_arrayseqmteph_loop_consume
        PASS [   1.826s] rust_verify_test::ProveChap19ArraySeqMtEphSlice slice_for_borrow_into
        PASS [   1.896s] rust_verify_test::ProveChap19ArraySeqMtEphSlice slice_for_borrow_iter
        PASS [   1.774s] rust_verify_test::ProveChap19ArraySeqMtEphSlice slice_iter_over_subslice
        PASS [   1.881s] rust_verify_test::ProveChap19ArraySeqMtEphSlice slice_loop_borrow_iter
        PASS [   1.927s] rust_verify_test::ProveChap19ArraySeqMtEphSlice slice_operations
        PASS [   2.006s] rust_verify_test::ProveChap19ArraySeqStEph chap19_arrayseqsteph_for_borrow_into
        PASS [   1.863s] rust_verify_test::ProveChap19ArraySeqStEph chap19_arrayseqsteph_for_borrow_iter
        PASS [   1.919s] rust_verify_test::ProveChap19ArraySeqStEph chap19_arrayseqsteph_for_consume
        PASS [   1.782s] rust_verify_test::ProveChap19ArraySeqStEph chap19_arrayseqsteph_loop_borrow_into
        PASS [   1.769s] rust_verify_test::ProveChap19ArraySeqStEph chap19_arrayseqsteph_loop_borrow_iter
        PASS [   1.792s] rust_verify_test::ProveChap19ArraySeqStEph chap19_arrayseqsteph_loop_consume
        PASS [   1.832s] rust_verify_test::ProveChap19ArraySeqStPer chap19_arrayseqstper_for_borrow_into
        PASS [   1.982s] rust_verify_test::ProveChap19ArraySeqStPer chap19_arrayseqstper_for_borrow_iter
        PASS [   1.767s] rust_verify_test::ProveChap19ArraySeqStPer chap19_arrayseqstper_for_consume
        PASS [   1.647s] rust_verify_test::ProveChap19ArraySeqStPer chap19_arrayseqstper_loop_borrow_iter
        PASS [   1.833s] rust_verify_test::ProveChap19ArraySeqStPer chap19_arrayseqstper_loop_borrow_into
        PASS [   1.663s] rust_verify_test::ProveChap19ArraySeqStPer chap19_arrayseqstper_loop_consume
        PASS [   1.580s] rust_verify_test::ProveKleeneStPer kleene_alphabet
        PASS [   1.688s] rust_verify_test::ProveKleeneStPer kleene_mem_plus
        PASS [   1.845s] rust_verify_test::ProveKleeneStPer kleene_mem_star
        PASS [   1.817s] rust_verify_test::ProveLinkedListStEph linkedliststeph_loop_loop
        PASS [   1.936s] rust_verify_test::ProveLinkedListStEph linkedliststeph_for_iter
        PASS [   1.935s] rust_verify_test::ProveLinkedListStPer linkedliststper_for_iter
        PASS [   1.921s] rust_verify_test::ProveLinkedListStPer linkedliststper_loop_loop
        PASS [   1.974s] rust_verify_test::ProveMathSeq mathseq_for_borrow_into
        PASS [   1.866s] rust_verify_test::ProveMathSeq mathseq_for_borrow_iter
        PASS [   1.920s] rust_verify_test::ProveMathSeq mathseq_loop_borrow_into
        PASS [   2.075s] rust_verify_test::ProveMathSeq mathseq_for_consume
        PASS [   1.765s] rust_verify_test::ProveMathSeq mathseq_loop_borrow_iter
        PASS [   2.010s] rust_verify_test::ProveMathSeq mathseq_loop_consume
        PASS [   2.188s] rust_verify_test::ProveOrderedTableStPer chap43_orderedtablestper_for_borrow_into
        PASS [   2.025s] rust_verify_test::ProveOrderedTableStPer chap43_orderedtablestper_for_borrow_iter
        PASS [   1.929s] rust_verify_test::ProvePrimTreeSeqStPer primtreeseq_for_borrow_into
        PASS [   2.333s] rust_verify_test::ProveOrderedTableStPer chap43_orderedtablestper_loop_borrow_into
        PASS [   2.378s] rust_verify_test::ProveOrderedTableStPer chap43_orderedtablestper_loop_borrow_iter
        PASS [   1.678s] rust_verify_test::ProvePrimTreeSeqStPer primtreeseq_for_borrow_iter
        PASS [   1.514s] rust_verify_test::ProvePrimTreeSeqStPer primtreeseq_loop_borrow_into
        PASS [   1.798s] rust_verify_test::ProvePrimTreeSeqStPer primtreeseq_for_consume
        PASS [   1.430s] rust_verify_test::ProvePrimTreeSeqStPer primtreeseq_loop_borrow_iter
        PASS [   1.357s] rust_verify_test::ProvePrimTreeSeqStPer primtreeseq_loop_consume
        PASS [   1.507s] rust_verify_test::ProveSetMtEph set_mt_eph_for_borrow_into
        PASS [   1.487s] rust_verify_test::ProveSetMtEph set_mt_eph_for_borrow_iter
        PASS [   1.386s] rust_verify_test::ProveSetMtEph set_mt_eph_loop_borrow_iter
        PASS [   1.514s] rust_verify_test::Provedeep_view_standard deep_view_standard_for_borrow_into
        PASS [   1.378s] rust_verify_test::Provedeep_view_standard deep_view_standard_for_borrow_iter
        PASS [   1.423s] rust_verify_test::Provedeep_view_standard deep_view_standard_for_consume
        PASS [   1.322s] rust_verify_test::Provedeep_view_standard deep_view_standard_loop_borrow_into
        PASS [   1.297s] rust_verify_test::Provedeep_view_standard deep_view_standard_loop_borrow_iter
        PASS [   1.340s] rust_verify_test::Provedeep_view_standard deep_view_standard_loop_consume
        PASS [   1.257s] rust_verify_test::Provedeep_view_standard deep_view_standard_simple
        PASS [   1.393s] rust_verify_test::Proveiterators_standard iterators_standard_for_borrow_iter
        PASS [   1.602s] rust_verify_test::Proveiterators_standard iterators_standard_for_borrow_into
        PASS [   1.311s] rust_verify_test::Proveiterators_standard iterators_standard_for_consume
        PASS [   1.299s] rust_verify_test::Proveiterators_standard iterators_standard_loop_borrow_into
        PASS [   1.223s] rust_verify_test::Proveiterators_standard iterators_standard_loop_borrow_iter
        PASS [   1.332s] rust_verify_test::Proveiterators_standard iterators_standard_loop_consume
        PASS [   1.269s] rust_verify_test::Provemod_standard mod_standard_for_borrow_into
        PASS [   1.280s] rust_verify_test::Provemod_standard mod_standard_for_consume
        PASS [   1.359s] rust_verify_test::Provemod_standard mod_standard_for_borrow_iter
        PASS [   1.228s] rust_verify_test::Provemod_standard mod_standard_loop_borrow_into
        PASS [   1.188s] rust_verify_test::Provemod_standard mod_standard_loop_borrow_iter
        PASS [   1.448s] rust_verify_test::Provemod_standard mod_standard_loop_consume
        PASS [   1.238s] rust_verify_test::Provetable_of_contents_standard toc_standard_for_borrow_into
        PASS [   1.216s] rust_verify_test::Provetable_of_contents_standard toc_standard_for_borrow_iter
        PASS [   1.251s] rust_verify_test::Provetable_of_contents_standard toc_standard_for_consume
        PASS [   1.267s] rust_verify_test::Provetable_of_contents_standard toc_standard_loop_borrow_into
        PASS [   1.251s] rust_verify_test::Provetable_of_contents_standard toc_standard_loop_borrow_iter
        PASS [   1.196s] rust_verify_test::Proveusing_closures_standard closures_ghost_spec_fn
        PASS [   1.181s] rust_verify_test::Proveusing_closures_standard closures_inline_requires_ensures
        PASS [   1.324s] rust_verify_test::Provetable_of_contents_standard toc_standard_loop_consume
        PASS [   1.200s] rust_verify_test::Proveusing_closures_standard closures_let_bind_ensures
        PASS [   1.235s] rust_verify_test::Proveusing_closures_standard closures_map_apply
        PASS [   1.223s] rust_verify_test::Proveview_standard view_standard_collection
        PASS [   1.348s] rust_verify_test::Proveview_standard view_standard_for_borrow_iter
        PASS [   1.358s] rust_verify_test::Proveview_standard view_standard_for_consume
        PASS [   1.320s] rust_verify_test::Proveview_standard view_standard_loop_borrow_into
        PASS [   1.542s] rust_verify_test::Proveview_standard view_standard_for_borrow_into
        PASS [   1.377s] rust_verify_test::Proveview_standard view_standard_loop_borrow_iter
        PASS [   1.348s] rust_verify_test::Proveview_standard view_standard_loop_consume
        PASS [   1.313s] rust_verify_test::Proveview_standard view_standard_simple
        PASS [   1.302s] rust_verify_test::Provewrapping_iterators_standard wrapping_for_borrow_into
        PASS [   1.357s] rust_verify_test::Provewrapping_iterators_standard wrapping_for_borrow_iter
        PASS [   1.220s] rust_verify_test::Provewrapping_iterators_standard wrapping_loop_borrow_iter
        PASS [   1.428s] rust_verify_test::Provewrapping_iterators_standard wrapping_loop_borrow_into
        PASS [   1.440s] rust_verify_test::RelationStEph relation_st_eph_for_iter
        PASS [   1.342s] rust_verify_test::RelationStEph relation_st_eph_loop_loop
        PASS [   1.356s] rust_verify_test::SetMtEph set_mt_eph_for_iter
        PASS [   1.349s] rust_verify_test::SetMtEph set_mt_eph_from_vec
        PASS [   1.383s] rust_verify_test::SetMtEph set_mt_eph_loop_loop
        PASS [   1.414s] rust_verify_test::SetStEph set_st_eph_for_iter
        PASS [   1.249s] rust_verify_test::SetStEph set_st_eph_from_vec
        PASS [   1.123s] rust_verify_test::prove_MathSeq_iters mathseq_iter_consuming
        PASS [   1.256s] rust_verify_test::SetStEph set_st_eph_loop_loop
        PASS [   1.139s] rust_verify_test::prove_MathSeq_iters mathseq_iter_nested
        PASS [   1.088s] rust_verify_test::prove_MathSeq_iters mathseq_iter_range
────────────
     Summary [  40.693s] 147 tests run: 147 passed, 0 skipped
Elapsed: 101s
