verification results:: 4445 verified, 0 errors
   Compiling rust_verify_test v0.1.0 (/home/milnes/projects/APAS-VERUS/rust_verify_test)
    Finished `release` profile [optimized] target(s) in 0.87s
────────────
 Nextest run ID 76085400-b706-44d1-badc-18b91699a1c6 with nextest profile: default
    Starting 147 tests across 34 binaries
        PASS [   1.287s] rust_verify_test::HashSetWithViewPlus hash_set_wvp_loop_loop
        PASS [   1.310s] rust_verify_test::HashMapWithViewPlus hash_map_wvp_loop_loop
        PASS [   1.320s] rust_verify_test::HashMapWithViewPlus hash_map_wvp_for_iter
        PASS [   1.343s] rust_verify_test::HashSetWithViewPlus hash_set_wvp_for_iter
        PASS [   1.393s] rust_verify_test::MappingStEph mapping_st_eph_loop_loop
        PASS [   1.477s] rust_verify_test::MappingStEph mapping_st_eph_for_iter
        PASS [   1.280s] rust_verify_test::ProveAVLTreeSetMtEph avltreesetmteph_for_borrow_iter
        PASS [   1.306s] rust_verify_test::ProveAVLTreeSetMtEph avltreesetmteph_loop_borrow_iter
        PASS [   1.370s] rust_verify_test::ProveAVLTreeSetMtEph avltreesetmteph_for_borrow_into
        PASS [   1.209s] rust_verify_test::ProveArraySeq arrayseq_iterate
        PASS [   1.347s] rust_verify_test::ProveArraySeq arrayseq_filter
        PASS [   1.338s] rust_verify_test::ProveArraySeq arrayseq_for_iter
        PASS [   1.161s] rust_verify_test::ProveArraySeq arrayseq_map
        PASS [   1.293s] rust_verify_test::ProveArraySeq arrayseq_iterate_prefixes
        PASS [   1.264s] rust_verify_test::ProveArraySeq arrayseq_loop_loop
        PASS [   1.356s] rust_verify_test::ProveArraySeq arrayseq_reduce
        PASS [   1.459s] rust_verify_test::ProveArraySeq arrayseq_scan
        PASS [   1.476s] rust_verify_test::ProveArraySeq arrayseq_scan_inclusive
        PASS [   1.160s] rust_verify_test::ProveArraySeq arrayseq_tabulate
        PASS [   1.282s] rust_verify_test::ProveArraySeqMtEph arrayseqmteph_loop_loop
        PASS [   1.337s] rust_verify_test::ProveArraySeqMtEph arrayseqmteph_for_iter
        PASS [   1.319s] rust_verify_test::ProveArraySeqMtPer arrayseqmtper_for_iter
        PASS [   1.278s] rust_verify_test::ProveArraySeqStEph arrayseqsteph_for_borrow_into
        PASS [   1.337s] rust_verify_test::ProveArraySeqMtPer arrayseqmtper_loop_loop
        PASS [   1.301s] rust_verify_test::ProveArraySeqStEph arrayseqsteph_for_borrow_iter
        PASS [   1.279s] rust_verify_test::ProveArraySeqStEph arrayseqsteph_loop_borrow_into
        PASS [   1.333s] rust_verify_test::ProveArraySeqStEph arrayseqsteph_for_consume
        PASS [   1.319s] rust_verify_test::ProveArraySeqStEph arrayseqsteph_loop_borrow_iter
        PASS [   1.259s] rust_verify_test::ProveArraySeqStEph arrayseqsteph_loop_consume
        PASS [   1.382s] rust_verify_test::ProveArraySeqStPer arrayseqstper_for_iter
        PASS [   1.255s] rust_verify_test::ProveArraySeqStPer arrayseqstper_loop_loop
        PASS [   1.239s] rust_verify_test::ProveBFSMtEph chap54_bfsmteph_bottom_up_loop
        PASS [   1.242s] rust_verify_test::ProveBFSMtEph chap54_bfsmteph_top_down_loop
        PASS [   1.214s] rust_verify_test::ProveBFSStEph chap54_bfssteph_top_down_loop
        PASS [   1.299s] rust_verify_test::ProveBFSStEph chap54_bfssteph_bottom_up_loop
        PASS [   1.348s] rust_verify_test::ProveBalBinTreeStEph balbintree_for_inorder
        PASS [   1.325s] rust_verify_test::ProveBalBinTreeStEph balbintree_for_postorder
        PASS [   1.299s] rust_verify_test::ProveBalBinTreeStEph balbintree_inorder_spec_match
        PASS [   1.317s] rust_verify_test::ProveBalBinTreeStEph balbintree_for_preorder
        PASS [   1.257s] rust_verify_test::ProveBalBinTreeStEph balbintree_leaf_iter_exhausted
        PASS [   1.236s] rust_verify_test::ProveBalBinTreeStEph balbintree_leaf_traversals_empty
        PASS [   1.286s] rust_verify_test::ProveBalBinTreeStEph balbintree_loop_inorder
        PASS [   1.278s] rust_verify_test::ProveBalBinTreeStEph balbintree_loop_postorder
        PASS [   1.261s] rust_verify_test::ProveBalBinTreeStEph balbintree_postorder_spec_match
        PASS [   1.291s] rust_verify_test::ProveBalBinTreeStEph balbintree_loop_preorder
        PASS [   1.285s] rust_verify_test::ProveBalBinTreeStEph balbintree_preorder_spec_match
        PASS [   1.312s] rust_verify_test::ProveChap19ArraySeqMtEph chap19_arrayseqmteph_for_borrow_into
        PASS [   1.303s] rust_verify_test::ProveChap19ArraySeqMtEph chap19_arrayseqmteph_for_borrow_iter
        PASS [   1.341s] rust_verify_test::ProveChap19ArraySeqMtEph chap19_arrayseqmteph_for_consume
        PASS [   1.240s] rust_verify_test::ProveChap19ArraySeqMtEph chap19_arrayseqmteph_loop_borrow_iter
        PASS [   1.316s] rust_verify_test::ProveChap19ArraySeqMtEph chap19_arrayseqmteph_loop_borrow_into
        PASS [   1.287s] rust_verify_test::ProveChap19ArraySeqMtEph chap19_arrayseqmteph_loop_consume
        PASS [   1.342s] rust_verify_test::ProveChap19ArraySeqMtEphSlice slice_for_borrow_into
        PASS [   1.301s] rust_verify_test::ProveChap19ArraySeqMtEphSlice slice_for_borrow_iter
        PASS [   1.272s] rust_verify_test::ProveChap19ArraySeqMtEphSlice slice_iter_over_subslice
        PASS [   1.345s] rust_verify_test::ProveChap19ArraySeqMtEphSlice slice_loop_borrow_iter
        PASS [   1.297s] rust_verify_test::ProveChap19ArraySeqMtEphSlice slice_operations
        PASS [   1.344s] rust_verify_test::ProveChap19ArraySeqStEph chap19_arrayseqsteph_for_borrow_into
        PASS [   1.341s] rust_verify_test::ProveChap19ArraySeqStEph chap19_arrayseqsteph_for_borrow_iter
        PASS [   1.222s] rust_verify_test::ProveChap19ArraySeqStEph chap19_arrayseqsteph_for_consume
        PASS [   1.228s] rust_verify_test::ProveChap19ArraySeqStEph chap19_arrayseqsteph_loop_borrow_into
        PASS [   1.259s] rust_verify_test::ProveChap19ArraySeqStEph chap19_arrayseqsteph_loop_borrow_iter
        PASS [   1.332s] rust_verify_test::ProveChap19ArraySeqStEph chap19_arrayseqsteph_loop_consume
        PASS [   1.303s] rust_verify_test::ProveChap19ArraySeqStPer chap19_arrayseqstper_for_borrow_into
        PASS [   1.284s] rust_verify_test::ProveChap19ArraySeqStPer chap19_arrayseqstper_for_borrow_iter
        PASS [   1.303s] rust_verify_test::ProveChap19ArraySeqStPer chap19_arrayseqstper_for_consume
        PASS [   1.268s] rust_verify_test::ProveChap19ArraySeqStPer chap19_arrayseqstper_loop_borrow_into
        PASS [   1.321s] rust_verify_test::ProveChap19ArraySeqStPer chap19_arrayseqstper_loop_borrow_iter
        PASS [   1.282s] rust_verify_test::ProveChap19ArraySeqStPer chap19_arrayseqstper_loop_consume
        PASS [   1.224s] rust_verify_test::ProveKleeneStPer kleene_alphabet
        PASS [   1.339s] rust_verify_test::ProveKleeneStPer kleene_mem_plus
        PASS [   1.312s] rust_verify_test::ProveKleeneStPer kleene_mem_star
        PASS [   1.352s] rust_verify_test::ProveLinkedListStEph linkedliststeph_for_iter
        PASS [   1.302s] rust_verify_test::ProveLinkedListStPer linkedliststper_for_iter
        PASS [   1.342s] rust_verify_test::ProveLinkedListStEph linkedliststeph_loop_loop
        PASS [   1.288s] rust_verify_test::ProveLinkedListStPer linkedliststper_loop_loop
        PASS [   1.303s] rust_verify_test::ProveMathSeq mathseq_for_borrow_into
        PASS [   1.342s] rust_verify_test::ProveMathSeq mathseq_for_borrow_iter
        PASS [   1.282s] rust_verify_test::ProveMathSeq mathseq_for_consume
        PASS [   1.308s] rust_verify_test::ProveMathSeq mathseq_loop_borrow_into
        PASS [   1.310s] rust_verify_test::ProveMathSeq mathseq_loop_borrow_iter
        PASS [   1.274s] rust_verify_test::ProveMathSeq mathseq_loop_consume
        PASS [   1.459s] rust_verify_test::ProveOrderedTableStPer chap43_orderedtablestper_for_borrow_into
        PASS [   1.377s] rust_verify_test::ProveOrderedTableStPer chap43_orderedtablestper_for_borrow_iter
        PASS [   1.388s] rust_verify_test::ProveOrderedTableStPer chap43_orderedtablestper_loop_borrow_into
        PASS [   1.267s] rust_verify_test::ProvePrimTreeSeqStPer primtreeseq_for_borrow_iter
        PASS [   1.338s] rust_verify_test::ProvePrimTreeSeqStPer primtreeseq_for_borrow_into
        PASS [   1.346s] rust_verify_test::ProveOrderedTableStPer chap43_orderedtablestper_loop_borrow_iter
        PASS [   1.219s] rust_verify_test::ProvePrimTreeSeqStPer primtreeseq_for_consume
        PASS [   1.248s] rust_verify_test::ProvePrimTreeSeqStPer primtreeseq_loop_borrow_into
        PASS [   1.214s] rust_verify_test::ProvePrimTreeSeqStPer primtreeseq_loop_borrow_iter
        PASS [   1.268s] rust_verify_test::ProvePrimTreeSeqStPer primtreeseq_loop_consume
        PASS [   1.344s] rust_verify_test::ProveSetMtEph set_mt_eph_for_borrow_into
        PASS [   1.376s] rust_verify_test::ProveSetMtEph set_mt_eph_for_borrow_iter
        PASS [   1.321s] rust_verify_test::ProveSetMtEph set_mt_eph_loop_borrow_iter
        PASS [   1.237s] rust_verify_test::Provedeep_view_standard deep_view_standard_for_borrow_into
        PASS [   1.279s] rust_verify_test::Provedeep_view_standard deep_view_standard_for_borrow_iter
        PASS [   1.243s] rust_verify_test::Provedeep_view_standard deep_view_standard_for_consume
        PASS [   1.322s] rust_verify_test::Provedeep_view_standard deep_view_standard_loop_borrow_into
        PASS [   1.367s] rust_verify_test::Provedeep_view_standard deep_view_standard_loop_borrow_iter
        PASS [   1.204s] rust_verify_test::Provedeep_view_standard deep_view_standard_simple
        PASS [   1.257s] rust_verify_test::Provedeep_view_standard deep_view_standard_loop_consume
        PASS [   1.242s] rust_verify_test::Proveiterators_standard iterators_standard_for_borrow_into
        PASS [   1.328s] rust_verify_test::Proveiterators_standard iterators_standard_for_borrow_iter
        PASS [   1.197s] rust_verify_test::Proveiterators_standard iterators_standard_loop_borrow_into
        PASS [   1.325s] rust_verify_test::Proveiterators_standard iterators_standard_for_consume
        PASS [   1.227s] rust_verify_test::Proveiterators_standard iterators_standard_loop_borrow_iter
        PASS [   1.279s] rust_verify_test::Proveiterators_standard iterators_standard_loop_consume
        PASS [   1.229s] rust_verify_test::Provemod_standard mod_standard_for_borrow_into
        PASS [   1.319s] rust_verify_test::Provemod_standard mod_standard_for_borrow_iter
        PASS [   1.231s] rust_verify_test::Provemod_standard mod_standard_loop_borrow_into
        PASS [   1.298s] rust_verify_test::Provemod_standard mod_standard_for_consume
        PASS [   1.286s] rust_verify_test::Provemod_standard mod_standard_loop_borrow_iter
        PASS [   1.302s] rust_verify_test::Provemod_standard mod_standard_loop_consume
        PASS [   1.232s] rust_verify_test::Provetable_of_contents_standard toc_standard_for_borrow_into
        PASS [   1.272s] rust_verify_test::Provetable_of_contents_standard toc_standard_for_borrow_iter
        PASS [   1.244s] rust_verify_test::Provetable_of_contents_standard toc_standard_for_consume
        PASS [   1.243s] rust_verify_test::Provetable_of_contents_standard toc_standard_loop_borrow_into
        PASS [   1.337s] rust_verify_test::Provetable_of_contents_standard toc_standard_loop_borrow_iter
        PASS [   1.237s] rust_verify_test::Provetable_of_contents_standard toc_standard_loop_consume
        PASS [   1.197s] rust_verify_test::Proveusing_closures_standard closures_ghost_spec_fn
        PASS [   1.260s] rust_verify_test::Proveusing_closures_standard closures_let_bind_ensures
        PASS [   1.253s] rust_verify_test::Proveusing_closures_standard closures_map_apply
        PASS [   1.375s] rust_verify_test::Proveusing_closures_standard closures_inline_requires_ensures
        PASS [   1.249s] rust_verify_test::Proveview_standard view_standard_collection
        PASS [   1.330s] rust_verify_test::Proveview_standard view_standard_for_borrow_into
        PASS [   1.308s] rust_verify_test::Proveview_standard view_standard_for_borrow_iter
        PASS [   1.243s] rust_verify_test::Proveview_standard view_standard_loop_borrow_iter
        PASS [   1.302s] rust_verify_test::Proveview_standard view_standard_loop_borrow_into
        PASS [   1.375s] rust_verify_test::Proveview_standard view_standard_for_consume
        PASS [   1.259s] rust_verify_test::Proveview_standard view_standard_loop_consume
        PASS [   1.186s] rust_verify_test::Proveview_standard view_standard_simple
        PASS [   1.247s] rust_verify_test::Provewrapping_iterators_standard wrapping_for_borrow_into
        PASS [   1.224s] rust_verify_test::Provewrapping_iterators_standard wrapping_loop_borrow_into
        PASS [   1.270s] rust_verify_test::Provewrapping_iterators_standard wrapping_for_borrow_iter
        PASS [   1.215s] rust_verify_test::Provewrapping_iterators_standard wrapping_loop_borrow_iter
        PASS [   1.346s] rust_verify_test::RelationStEph relation_st_eph_loop_loop
        PASS [   1.428s] rust_verify_test::RelationStEph relation_st_eph_for_iter
        PASS [   1.318s] rust_verify_test::SetMtEph set_mt_eph_for_iter
        PASS [   1.274s] rust_verify_test::SetMtEph set_mt_eph_from_vec
        PASS [   1.276s] rust_verify_test::SetMtEph set_mt_eph_loop_loop
        PASS [   1.349s] rust_verify_test::SetStEph set_st_eph_for_iter
        PASS [   1.276s] rust_verify_test::SetStEph set_st_eph_from_vec
        PASS [   1.369s] rust_verify_test::SetStEph set_st_eph_loop_loop
        PASS [   1.171s] rust_verify_test::prove_MathSeq_iters mathseq_iter_consuming
        PASS [   1.105s] rust_verify_test::prove_MathSeq_iters mathseq_iter_range
        PASS [   1.157s] rust_verify_test::prove_MathSeq_iters mathseq_iter_nested
────────────
     Summary [  32.192s] 147 tests run: 147 passed, 0 skipped
Elapsed: 92s
