warning: Verus does not (yet) support autoderive Clone impl when the clone is not a copy; continuing, but without adding a specification for the derived Clone impl
  --> src/Chap52/AdjTableGraphStPer.rs:55:14
   |
55 |     #[derive(Clone)]
   |              ^^^^^

warning: Verus does not (yet) support autoderive Clone impl when the clone is not a copy; continuing, but without adding a specification for the derived Clone impl
  --> src/Chap52/AdjTableGraphMtPer.rs:48:14
   |
48 |     #[derive(Clone)]
   |              ^^^^^

note: automatically chose triggers for this expression:
   --> src/Chap52/AdjTableGraphStPer.rs:327:37
    |
327 |   ...                   let j = choose|j: int| 0 <= j < i
    |  _______________________________^
328 | | ...                       && self.adj.entries@[j].0 == v;
    | |________________________________________________________^

note:   trigger 1 of 1:
   --> src/Chap52/AdjTableGraphStPer.rs:328:36
    |
328 | ...                   && self.adj.entries@[j].0 == v;
    |                          ^^^^^^^^^^^^^^^^^^^^

note: automatically chose triggers for this expression:
   --> src/Chap52/AdjTableGraphStPer.rs:323:33
    |
323 |                           implies exists|j: int| 0 <= j < i + 1
    |  _________________________________^
324 | |                             && self.adj.entries@[j].0 == v
    | |__________________________________________________________^

note:   trigger 1 of 1:
   --> src/Chap52/AdjTableGraphStPer.rs:324:32
    |
324 | ...                   && self.adj.entries@[j].0 == v
    |                          ^^^^^^^^^^^^^^^^^^^^

note: automatically chose triggers for this expression:
   --> src/Chap52/AdjTableGraphStPer.rs:301:29
    |
301 |                           ==> exists|j: int| 0 <= j < i
    |  _____________________________^
302 | |                             && self.adj.entries@[j].0 == v,
    | |__________________________________________________________^

note:   trigger 1 of 1:
   --> src/Chap52/AdjTableGraphStPer.rs:302:32
    |
302 | ...                   && self.adj.entries@[j].0 == v,
    |                          ^^^^^^^^^^^^^^^^^^^^

note: automatically chose triggers for this expression:
   --> src/Chap52/AdjTableGraphStPer.rs:344:33
    |
344 |                           let j = choose|j: int| 0 <= j < len as int
    |  _________________________________^
345 | |                             && self.adj.entries@[j].0 == v;
    | |__________________________________________________________^

note:   trigger 1 of 1:
   --> src/Chap52/AdjTableGraphStPer.rs:345:32
    |
345 | ...                   && self.adj.entries@[j].0 == v;
    |                          ^^^^^^^^^^^^^^^^^^^^

note: Verus printed one or more automatically chosen quantifier triggers
      because it had low confidence in the chosen triggers.
      To suppress these messages, do one of the following:
        (1) manually annotate a single desired trigger using #[trigger]
            (example: forall|i: int, j: int| f(i) && #[trigger] g(i) && #[trigger] h(j)),
        (2) manually annotate multiple desired triggers using #![trigger ...]
            (example: forall|i: int| #![trigger f(i)] #![trigger g(i)] f(i) && g(i)),
        (3) accept the automatically chosen trigger using #![auto]
            (example: forall|i: int, j: int| #![auto] f(i) && g(i) && h(j))
        (4) use the --triggers-mode silent command-line option to suppress all printing of triggers.
      (Note: triggers are used by the underlying SMT theorem prover to instantiate quantifiers;
      the theorem prover instantiates a quantifier whenever some expression matches the
      pattern specified by one of the quantifier's triggers.)
   --> src/Chap52/AdjTableGraphStPer.rs:344:33
    |
344 |                           let j = choose|j: int| 0 <= j < len as int
    |  _________________________________^
345 | |                             && self.adj.entries@[j].0 == v;
    | |__________________________________________________________^

verification results:: 5388 verified, 0 errors
warning: 2 warnings emitted

    Finished `release` profile [optimized] target(s) in 0.04s
────────────
 Nextest run ID 0ed464bd-521f-495c-bd20-9fd81780acb7 with nextest profile: default
    Starting 157 tests across 37 binaries
        PASS [   1.305s] rust_verify_test::HashMapWithViewPlus hash_map_wvp_loop_loop
        PASS [   1.318s] rust_verify_test::HashMapWithViewPlus hash_map_wvp_for_iter
        PASS [   1.340s] rust_verify_test::HashSetWithViewPlus hash_set_wvp_loop_loop
        PASS [   1.387s] rust_verify_test::HashSetWithViewPlus hash_set_wvp_for_iter
        PASS [   1.480s] rust_verify_test::MappingStEph mapping_st_eph_loop_loop
        PASS [   1.480s] rust_verify_test::MappingStEph mapping_st_eph_for_iter
        PASS [   1.325s] rust_verify_test::ProveAVLTreeSetMtEph avltreesetmteph_for_borrow_into
        PASS [   1.372s] rust_verify_test::ProveAVLTreeSeq avltreeseq_for_borrow_iter
        PASS [   1.368s] rust_verify_test::ProveAVLTreeSeq avltreeseq_loop_borrow_iter
        PASS [   1.272s] rust_verify_test::ProveAVLTreeSetMtEph avltreesetmteph_loop_borrow_iter
        PASS [   1.420s] rust_verify_test::ProveAVLTreeSetMtEph avltreesetmteph_for_borrow_iter
        PASS [   1.367s] rust_verify_test::ProveArraySeq arrayseq_filter
        PASS [   1.280s] rust_verify_test::ProveArraySeq arrayseq_iterate_prefixes
        PASS [   1.317s] rust_verify_test::ProveArraySeq arrayseq_iterate
        PASS [   1.361s] rust_verify_test::ProveArraySeq arrayseq_for_iter
        PASS [   1.314s] rust_verify_test::ProveArraySeq arrayseq_loop_loop
        PASS [   1.302s] rust_verify_test::ProveArraySeq arrayseq_map
        PASS [   1.382s] rust_verify_test::ProveArraySeq arrayseq_reduce
        PASS [   1.288s] rust_verify_test::ProveArraySeq arrayseq_tabulate
        PASS [   1.323s] rust_verify_test::ProveArraySeqMtEph arrayseqmteph_loop_loop
        PASS [   1.449s] rust_verify_test::ProveArraySeq arrayseq_scan_inclusive
        PASS [   1.409s] rust_verify_test::ProveArraySeqMtEph arrayseqmteph_for_iter
        PASS [   1.548s] rust_verify_test::ProveArraySeq arrayseq_scan
        PASS [   1.332s] rust_verify_test::ProveArraySeqMtPer arrayseqmtper_for_iter
        PASS [   1.331s] rust_verify_test::ProveArraySeqMtPer arrayseqmtper_loop_loop
        PASS [   1.345s] rust_verify_test::ProveArraySeqStEph arrayseqsteph_for_borrow_iter
        PASS [   1.335s] rust_verify_test::ProveArraySeqStEph arrayseqsteph_for_consume
        PASS [   1.314s] rust_verify_test::ProveArraySeqStEph arrayseqsteph_loop_borrow_into
        PASS [   1.419s] rust_verify_test::ProveArraySeqStEph arrayseqsteph_for_borrow_into
        PASS [   1.342s] rust_verify_test::ProveArraySeqStEph arrayseqsteph_loop_borrow_iter
        PASS [   1.313s] rust_verify_test::ProveArraySeqStEph arrayseqsteph_loop_consume
        PASS [   1.282s] rust_verify_test::ProveBFSMtEph chap54_bfsmteph_top_down_loop
        PASS [   1.339s] rust_verify_test::ProveArraySeqStPer arrayseqstper_loop_loop
        PASS [   1.384s] rust_verify_test::ProveArraySeqStPer arrayseqstper_for_iter
        PASS [   1.359s] rust_verify_test::ProveBFSMtEph chap54_bfsmteph_bottom_up_loop
        PASS [   1.300s] rust_verify_test::ProveBFSStEph chap54_bfssteph_bottom_up_loop
        PASS [   1.283s] rust_verify_test::ProveBFSStEph chap54_bfssteph_top_down_loop
        PASS [   1.353s] rust_verify_test::ProveBalBinTreeStEph balbintree_inorder_spec_match
        PASS [   1.364s] rust_verify_test::ProveBalBinTreeStEph balbintree_leaf_iter_exhausted
        PASS [   1.447s] rust_verify_test::ProveBalBinTreeStEph balbintree_for_inorder
        PASS [   1.412s] rust_verify_test::ProveBalBinTreeStEph balbintree_for_preorder
        PASS [   1.448s] rust_verify_test::ProveBalBinTreeStEph balbintree_for_postorder
        PASS [   1.287s] rust_verify_test::ProveBalBinTreeStEph balbintree_leaf_traversals_empty
        PASS [   1.298s] rust_verify_test::ProveBalBinTreeStEph balbintree_postorder_spec_match
        PASS [   1.356s] rust_verify_test::ProveBalBinTreeStEph balbintree_loop_inorder
        PASS [   1.323s] rust_verify_test::ProveBalBinTreeStEph balbintree_loop_preorder
        PASS [   1.355s] rust_verify_test::ProveBalBinTreeStEph balbintree_loop_postorder
        PASS [   1.338s] rust_verify_test::ProveBalBinTreeStEph balbintree_preorder_spec_match
        PASS [   1.389s] rust_verify_test::ProveChap19ArraySeqMtEph chap19_arrayseqmteph_for_borrow_into
        PASS [   1.344s] rust_verify_test::ProveChap19ArraySeqMtEph chap19_arrayseqmteph_for_borrow_iter
        PASS [   1.337s] rust_verify_test::ProveChap19ArraySeqMtEph chap19_arrayseqmteph_loop_borrow_into
        PASS [   1.344s] rust_verify_test::ProveChap19ArraySeqMtEph chap19_arrayseqmteph_loop_borrow_iter
        PASS [   1.343s] rust_verify_test::ProveChap19ArraySeqMtEph chap19_arrayseqmteph_loop_consume
        PASS [   1.411s] rust_verify_test::ProveChap19ArraySeqMtEph chap19_arrayseqmteph_for_consume
        PASS [   1.322s] rust_verify_test::ProveChap19ArraySeqMtEphSlice slice_for_borrow_into
        PASS [   1.338s] rust_verify_test::ProveChap19ArraySeqMtEphSlice slice_for_borrow_iter
        PASS [   1.363s] rust_verify_test::ProveChap19ArraySeqMtEphSlice slice_operations
        PASS [   1.379s] rust_verify_test::ProveChap19ArraySeqMtEphSlice slice_loop_borrow_iter
        PASS [   1.425s] rust_verify_test::ProveChap19ArraySeqMtEphSlice slice_iter_over_subslice
        PASS [   1.419s] rust_verify_test::ProveChap19ArraySeqStEph chap19_arrayseqsteph_for_borrow_into
        PASS [   1.340s] rust_verify_test::ProveChap19ArraySeqStEph chap19_arrayseqsteph_for_borrow_iter
        PASS [   1.337s] rust_verify_test::ProveChap19ArraySeqStEph chap19_arrayseqsteph_for_consume
        PASS [   1.331s] rust_verify_test::ProveChap19ArraySeqStEph chap19_arrayseqsteph_loop_borrow_into
        PASS [   1.336s] rust_verify_test::ProveChap19ArraySeqStEph chap19_arrayseqsteph_loop_consume
        PASS [   1.362s] rust_verify_test::ProveChap19ArraySeqStEph chap19_arrayseqsteph_loop_borrow_iter
        PASS [   1.407s] rust_verify_test::ProveChap19ArraySeqStPer chap19_arrayseqstper_for_borrow_into
        PASS [   1.318s] rust_verify_test::ProveChap19ArraySeqStPer chap19_arrayseqstper_for_borrow_iter
        PASS [   1.354s] rust_verify_test::ProveChap19ArraySeqStPer chap19_arrayseqstper_for_consume
        PASS [   1.315s] rust_verify_test::ProveChap19ArraySeqStPer chap19_arrayseqstper_loop_borrow_into
        PASS [   1.292s] rust_verify_test::ProveChap19ArraySeqStPer chap19_arrayseqstper_loop_borrow_iter
        PASS [   1.306s] rust_verify_test::ProveChap19ArraySeqStPer chap19_arrayseqstper_loop_consume
        PASS [   1.262s] rust_verify_test::ProveKleeneStPer kleene_alphabet
        PASS [   1.312s] rust_verify_test::ProveKleeneStPer kleene_mem_plus
        PASS [   1.352s] rust_verify_test::ProveKleeneStPer kleene_mem_star
        PASS [   1.357s] rust_verify_test::ProveLinkedListStEph linkedliststeph_loop_loop
        PASS [   1.416s] rust_verify_test::ProveLinkedListStPer linkedliststper_for_iter
        PASS [   1.351s] rust_verify_test::ProveLinkedListStPer linkedliststper_loop_loop
        PASS [   1.481s] rust_verify_test::ProveLinkedListStEph linkedliststeph_for_iter
        PASS [   1.398s] rust_verify_test::ProveMathSeq mathseq_for_borrow_into
        PASS [   1.385s] rust_verify_test::ProveMathSeq mathseq_for_borrow_iter
        PASS [   1.416s] rust_verify_test::ProveMathSeq mathseq_for_consume
        PASS [   1.341s] rust_verify_test::ProveMathSeq mathseq_loop_consume
        PASS [   1.393s] rust_verify_test::ProveMathSeq mathseq_loop_borrow_into
        PASS [   1.391s] rust_verify_test::ProveMathSeq mathseq_loop_borrow_iter
        PASS [   1.386s] rust_verify_test::ProveOrderedSetStEph chap43_orderedsetsteph_for_borrow_into
        PASS [   1.347s] rust_verify_test::ProveOrderedSetStEph chap43_orderedsetsteph_loop_borrow_into
        PASS [   1.463s] rust_verify_test::ProveOrderedSetStEph chap43_orderedsetsteph_for_borrow_iter
        PASS [   1.435s] rust_verify_test::ProveOrderedTableStEph chap43_orderedtablesteph_for_borrow_into
        PASS [   1.447s] rust_verify_test::ProveOrderedSetStEph chap43_orderedsetsteph_loop_borrow_iter
        PASS [   1.494s] rust_verify_test::ProveOrderedTableStEph chap43_orderedtablesteph_for_borrow_iter
        PASS [   1.400s] rust_verify_test::ProveOrderedTableStEph chap43_orderedtablesteph_loop_borrow_into
        PASS [   1.483s] rust_verify_test::ProveOrderedTableStEph chap43_orderedtablesteph_loop_borrow_iter
        PASS [   1.454s] rust_verify_test::ProveOrderedTableStPer chap43_orderedtablestper_for_borrow_into
        PASS [   1.393s] rust_verify_test::ProveOrderedTableStPer chap43_orderedtablestper_loop_borrow_into
        PASS [   1.459s] rust_verify_test::ProveOrderedTableStPer chap43_orderedtablestper_for_borrow_iter
        PASS [   1.407s] rust_verify_test::ProveOrderedTableStPer chap43_orderedtablestper_loop_borrow_iter
        PASS [   1.365s] rust_verify_test::ProvePrimTreeSeqStPer primtreeseq_for_borrow_into
        PASS [   1.330s] rust_verify_test::ProvePrimTreeSeqStPer primtreeseq_for_consume
        PASS [   1.304s] rust_verify_test::ProvePrimTreeSeqStPer primtreeseq_loop_borrow_into
        PASS [   1.272s] rust_verify_test::ProvePrimTreeSeqStPer primtreeseq_loop_consume
        PASS [   1.421s] rust_verify_test::ProvePrimTreeSeqStPer primtreeseq_for_borrow_iter
        PASS [   1.366s] rust_verify_test::ProvePrimTreeSeqStPer primtreeseq_loop_borrow_iter
        PASS [   1.401s] rust_verify_test::ProveSetMtEph set_mt_eph_for_borrow_into
        PASS [   1.406s] rust_verify_test::ProveSetMtEph set_mt_eph_loop_borrow_iter
        PASS [   1.476s] rust_verify_test::ProveSetMtEph set_mt_eph_for_borrow_iter
        PASS [   1.399s] rust_verify_test::Provedeep_view_standard deep_view_standard_for_borrow_iter
        PASS [   1.424s] rust_verify_test::Provedeep_view_standard deep_view_standard_for_borrow_into
        PASS [   1.381s] rust_verify_test::Provedeep_view_standard deep_view_standard_for_consume
        PASS [   1.274s] rust_verify_test::Provedeep_view_standard deep_view_standard_loop_borrow_into
        PASS [   1.304s] rust_verify_test::Provedeep_view_standard deep_view_standard_loop_borrow_iter
        PASS [   1.251s] rust_verify_test::Provedeep_view_standard deep_view_standard_simple
        PASS [   1.332s] rust_verify_test::Provedeep_view_standard deep_view_standard_loop_consume
        PASS [   1.317s] rust_verify_test::Proveiterators_standard iterators_standard_for_borrow_iter
        PASS [   1.377s] rust_verify_test::Proveiterators_standard iterators_standard_for_borrow_into
        PASS [   1.344s] rust_verify_test::Proveiterators_standard iterators_standard_for_consume
        PASS [   1.323s] rust_verify_test::Proveiterators_standard iterators_standard_loop_borrow_into
        PASS [   1.338s] rust_verify_test::Proveiterators_standard iterators_standard_loop_borrow_iter
        PASS [   1.328s] rust_verify_test::Proveiterators_standard iterators_standard_loop_consume
        PASS [   1.379s] rust_verify_test::Provemod_standard mod_standard_for_borrow_into
        PASS [   1.400s] rust_verify_test::Provemod_standard mod_standard_for_borrow_iter
        PASS [   1.295s] rust_verify_test::Provemod_standard mod_standard_for_consume
        PASS [   1.278s] rust_verify_test::Provemod_standard mod_standard_loop_borrow_iter
        PASS [   1.355s] rust_verify_test::Provemod_standard mod_standard_loop_borrow_into
        PASS [   1.345s] rust_verify_test::Provemod_standard mod_standard_loop_consume
        PASS [   1.359s] rust_verify_test::Provetable_of_contents_standard toc_standard_for_borrow_into
        PASS [   1.378s] rust_verify_test::Provetable_of_contents_standard toc_standard_for_borrow_iter
        PASS [   1.300s] rust_verify_test::Provetable_of_contents_standard toc_standard_for_consume
        PASS [   1.288s] rust_verify_test::Provetable_of_contents_standard toc_standard_loop_borrow_into
        PASS [   1.364s] rust_verify_test::Provetable_of_contents_standard toc_standard_loop_borrow_iter
        PASS [   1.376s] rust_verify_test::Provetable_of_contents_standard toc_standard_loop_consume
        PASS [   1.305s] rust_verify_test::Proveusing_closures_standard closures_ghost_spec_fn
        PASS [   1.288s] rust_verify_test::Proveusing_closures_standard closures_inline_requires_ensures
        PASS [   1.344s] rust_verify_test::Proveusing_closures_standard closures_let_bind_ensures
        PASS [   1.319s] rust_verify_test::Proveusing_closures_standard closures_map_apply
        PASS [   1.310s] rust_verify_test::Proveview_standard view_standard_collection
        PASS [   1.335s] rust_verify_test::Proveview_standard view_standard_for_borrow_into
        PASS [   1.381s] rust_verify_test::Proveview_standard view_standard_for_borrow_iter
        PASS [   1.349s] rust_verify_test::Proveview_standard view_standard_for_consume
        PASS [   1.356s] rust_verify_test::Proveview_standard view_standard_loop_borrow_into
        PASS [   1.281s] rust_verify_test::Proveview_standard view_standard_loop_borrow_iter
        PASS [   1.308s] rust_verify_test::Proveview_standard view_standard_loop_consume
        PASS [   1.223s] rust_verify_test::Proveview_standard view_standard_simple
        PASS [   1.341s] rust_verify_test::Provewrapping_iterators_standard wrapping_for_borrow_into
        PASS [   1.386s] rust_verify_test::Provewrapping_iterators_standard wrapping_for_borrow_iter
        PASS [   1.318s] rust_verify_test::Provewrapping_iterators_standard wrapping_loop_borrow_into
        PASS [   1.267s] rust_verify_test::Provewrapping_iterators_standard wrapping_loop_borrow_iter
        PASS [   1.454s] rust_verify_test::RelationStEph relation_st_eph_for_iter
        PASS [   1.428s] rust_verify_test::RelationStEph relation_st_eph_loop_loop
        PASS [   1.403s] rust_verify_test::SetMtEph set_mt_eph_for_iter
        PASS [   1.377s] rust_verify_test::SetMtEph set_mt_eph_from_vec
        PASS [   1.447s] rust_verify_test::SetMtEph set_mt_eph_loop_loop
        PASS [   1.391s] rust_verify_test::SetStEph set_st_eph_for_iter
        PASS [   1.377s] rust_verify_test::SetStEph set_st_eph_loop_loop
        PASS [   1.391s] rust_verify_test::SetStEph set_st_eph_from_vec
        PASS [   1.288s] rust_verify_test::prove_MathSeq_iters mathseq_iter_consuming
        PASS [   1.267s] rust_verify_test::prove_MathSeq_iters mathseq_iter_nested
        PASS [   1.132s] rust_verify_test::prove_MathSeq_iters mathseq_iter_range
────────────
     Summary [  35.973s] 157 tests run: 157 passed, 0 skipped
Elapsed: 178s
