verification results:: 4496 verified, 0 errors
   Compiling rust_verify_test v0.1.0 (/home/milnes/projects/APAS-VERUS-agent1/rust_verify_test)
    Finished `release` profile [optimized] target(s) in 1.03s
────────────
 Nextest run ID b6160316-28f1-45cf-b368-0e90fab90665 with nextest profile: default
    Starting 147 tests across 34 binaries
        PASS [   1.266s] rust_verify_test::HashSetWithViewPlus hash_set_wvp_for_iter
        PASS [   1.344s] rust_verify_test::HashMapWithViewPlus hash_map_wvp_loop_loop
        PASS [   1.356s] rust_verify_test::HashMapWithViewPlus hash_map_wvp_for_iter
        PASS [   1.384s] rust_verify_test::HashSetWithViewPlus hash_set_wvp_loop_loop
        PASS [   1.514s] rust_verify_test::MappingStEph mapping_st_eph_for_iter
        PASS [   1.735s] rust_verify_test::MappingStEph mapping_st_eph_loop_loop
        PASS [   1.215s] rust_verify_test::ProveAVLTreeSetMtEph avltreesetmteph_loop_borrow_iter
        PASS [   1.257s] rust_verify_test::ProveArraySeq arrayseq_filter
        PASS [   1.366s] rust_verify_test::ProveArraySeq arrayseq_for_iter
        PASS [   1.550s] rust_verify_test::ProveAVLTreeSetMtEph avltreesetmteph_for_borrow_iter
        PASS [   1.669s] rust_verify_test::ProveAVLTreeSetMtEph avltreesetmteph_for_borrow_into
        PASS [   1.448s] rust_verify_test::ProveArraySeq arrayseq_iterate
        PASS [   1.197s] rust_verify_test::ProveArraySeq arrayseq_iterate_prefixes
        PASS [   1.121s] rust_verify_test::ProveArraySeq arrayseq_map
        PASS [   1.364s] rust_verify_test::ProveArraySeq arrayseq_loop_loop
        PASS [   1.429s] rust_verify_test::ProveArraySeq arrayseq_reduce
        PASS [   1.443s] rust_verify_test::ProveArraySeq arrayseq_scan
        PASS [   1.425s] rust_verify_test::ProveArraySeq arrayseq_scan_inclusive
        PASS [   1.264s] rust_verify_test::ProveArraySeq arrayseq_tabulate
        PASS [   1.397s] rust_verify_test::ProveArraySeqMtEph arrayseqmteph_loop_loop
        PASS [   1.526s] rust_verify_test::ProveArraySeqMtEph arrayseqmteph_for_iter
        PASS [   1.367s] rust_verify_test::ProveArraySeqMtPer arrayseqmtper_loop_loop
        PASS [   1.456s] rust_verify_test::ProveArraySeqMtPer arrayseqmtper_for_iter
        PASS [   1.523s] rust_verify_test::ProveArraySeqStEph arrayseqsteph_for_borrow_into
        PASS [   1.906s] rust_verify_test::ProveArraySeqStEph arrayseqsteph_for_borrow_iter
        PASS [   1.731s] rust_verify_test::ProveArraySeqStEph arrayseqsteph_for_consume
        PASS [   1.943s] rust_verify_test::ProveArraySeqStEph arrayseqsteph_loop_borrow_into
        PASS [   1.791s] rust_verify_test::ProveArraySeqStEph arrayseqsteph_loop_borrow_iter
        PASS [   1.828s] rust_verify_test::ProveArraySeqStEph arrayseqsteph_loop_consume
        PASS [   1.885s] rust_verify_test::ProveArraySeqStPer arrayseqstper_for_iter
        PASS [   1.677s] rust_verify_test::ProveArraySeqStPer arrayseqstper_loop_loop
        PASS [   1.914s] rust_verify_test::ProveBFSMtEph chap54_bfsmteph_bottom_up_loop
        PASS [   1.827s] rust_verify_test::ProveBFSMtEph chap54_bfsmteph_top_down_loop
        PASS [   1.703s] rust_verify_test::ProveBFSStEph chap54_bfssteph_top_down_loop
        PASS [   1.783s] rust_verify_test::ProveBFSStEph chap54_bfssteph_bottom_up_loop
        PASS [   2.060s] rust_verify_test::ProveBalBinTreeStEph balbintree_for_inorder
        PASS [   1.934s] rust_verify_test::ProveBalBinTreeStEph balbintree_for_postorder
        PASS [   1.855s] rust_verify_test::ProveBalBinTreeStEph balbintree_for_preorder
        PASS [   1.670s] rust_verify_test::ProveBalBinTreeStEph balbintree_leaf_traversals_empty
        PASS [   1.780s] rust_verify_test::ProveBalBinTreeStEph balbintree_leaf_iter_exhausted
        PASS [   1.909s] rust_verify_test::ProveBalBinTreeStEph balbintree_inorder_spec_match
        PASS [   1.871s] rust_verify_test::ProveBalBinTreeStEph balbintree_loop_inorder
        PASS [   1.840s] rust_verify_test::ProveBalBinTreeStEph balbintree_loop_postorder
        PASS [   1.758s] rust_verify_test::ProveBalBinTreeStEph balbintree_postorder_spec_match
        PASS [   1.886s] rust_verify_test::ProveBalBinTreeStEph balbintree_loop_preorder
        PASS [   1.893s] rust_verify_test::ProveBalBinTreeStEph balbintree_preorder_spec_match
        PASS [   1.957s] rust_verify_test::ProveChap19ArraySeqMtEph chap19_arrayseqmteph_for_borrow_into
        PASS [   1.816s] rust_verify_test::ProveChap19ArraySeqMtEph chap19_arrayseqmteph_for_borrow_iter
        PASS [   2.002s] rust_verify_test::ProveChap19ArraySeqMtEph chap19_arrayseqmteph_for_consume
        PASS [   1.775s] rust_verify_test::ProveChap19ArraySeqMtEph chap19_arrayseqmteph_loop_borrow_iter
        PASS [   1.847s] rust_verify_test::ProveChap19ArraySeqMtEph chap19_arrayseqmteph_loop_borrow_into
        PASS [   1.838s] rust_verify_test::ProveChap19ArraySeqMtEph chap19_arrayseqmteph_loop_consume
        PASS [   1.871s] rust_verify_test::ProveChap19ArraySeqMtEphSlice slice_for_borrow_into
        PASS [   1.849s] rust_verify_test::ProveChap19ArraySeqMtEphSlice slice_for_borrow_iter
        PASS [   1.732s] rust_verify_test::ProveChap19ArraySeqMtEphSlice slice_iter_over_subslice
        PASS [   1.873s] rust_verify_test::ProveChap19ArraySeqMtEphSlice slice_operations
        PASS [   1.951s] rust_verify_test::ProveChap19ArraySeqMtEphSlice slice_loop_borrow_iter
        PASS [   1.924s] rust_verify_test::ProveChap19ArraySeqStEph chap19_arrayseqsteph_for_borrow_into
        PASS [   1.781s] rust_verify_test::ProveChap19ArraySeqStEph chap19_arrayseqsteph_for_borrow_iter
        PASS [   1.751s] rust_verify_test::ProveChap19ArraySeqStEph chap19_arrayseqsteph_for_consume
        PASS [   1.795s] rust_verify_test::ProveChap19ArraySeqStEph chap19_arrayseqsteph_loop_borrow_into
        PASS [   1.811s] rust_verify_test::ProveChap19ArraySeqStEph chap19_arrayseqsteph_loop_consume
        PASS [   1.907s] rust_verify_test::ProveChap19ArraySeqStEph chap19_arrayseqsteph_loop_borrow_iter
        PASS [   1.832s] rust_verify_test::ProveChap19ArraySeqStPer chap19_arrayseqstper_for_borrow_iter
        PASS [   1.979s] rust_verify_test::ProveChap19ArraySeqStPer chap19_arrayseqstper_for_borrow_into
        PASS [   1.773s] rust_verify_test::ProveChap19ArraySeqStPer chap19_arrayseqstper_for_consume
        PASS [   1.864s] rust_verify_test::ProveChap19ArraySeqStPer chap19_arrayseqstper_loop_borrow_into
        PASS [   1.835s] rust_verify_test::ProveChap19ArraySeqStPer chap19_arrayseqstper_loop_borrow_iter
        PASS [   1.796s] rust_verify_test::ProveChap19ArraySeqStPer chap19_arrayseqstper_loop_consume
        PASS [   1.651s] rust_verify_test::ProveKleeneStPer kleene_mem_plus
        PASS [   1.830s] rust_verify_test::ProveKleeneStPer kleene_alphabet
        PASS [   1.798s] rust_verify_test::ProveKleeneStPer kleene_mem_star
        PASS [   1.665s] rust_verify_test::ProveLinkedListStEph linkedliststeph_for_iter
        PASS [   1.690s] rust_verify_test::ProveLinkedListStPer linkedliststper_for_iter
        PASS [   1.932s] rust_verify_test::ProveLinkedListStEph linkedliststeph_loop_loop
        PASS [   1.950s] rust_verify_test::ProveLinkedListStPer linkedliststper_loop_loop
        PASS [   1.984s] rust_verify_test::ProveMathSeq mathseq_for_borrow_into
        PASS [   1.712s] rust_verify_test::ProveMathSeq mathseq_for_borrow_iter
        PASS [   1.866s] rust_verify_test::ProveMathSeq mathseq_for_consume
        PASS [   1.875s] rust_verify_test::ProveMathSeq mathseq_loop_borrow_into
        PASS [   1.772s] rust_verify_test::ProveMathSeq mathseq_loop_borrow_iter
        PASS [   1.651s] rust_verify_test::ProveMathSeq mathseq_loop_consume
        PASS [   2.001s] rust_verify_test::ProveOrderedTableStPer chap43_orderedtablestper_for_borrow_into
        PASS [   2.023s] rust_verify_test::ProveOrderedTableStPer chap43_orderedtablestper_for_borrow_iter
        PASS [   1.868s] rust_verify_test::ProveOrderedTableStPer chap43_orderedtablestper_loop_borrow_into
        PASS [   1.601s] rust_verify_test::ProvePrimTreeSeqStPer primtreeseq_for_borrow_iter
        PASS [   1.798s] rust_verify_test::ProvePrimTreeSeqStPer primtreeseq_for_borrow_into
        PASS [   2.112s] rust_verify_test::ProveOrderedTableStPer chap43_orderedtablestper_loop_borrow_iter
        PASS [   1.697s] rust_verify_test::ProvePrimTreeSeqStPer primtreeseq_for_consume
        PASS [   1.784s] rust_verify_test::ProvePrimTreeSeqStPer primtreeseq_loop_borrow_into
        PASS [   1.594s] rust_verify_test::ProvePrimTreeSeqStPer primtreeseq_loop_borrow_iter
        PASS [   1.784s] rust_verify_test::ProvePrimTreeSeqStPer primtreeseq_loop_consume
        PASS [   1.762s] rust_verify_test::ProveSetMtEph set_mt_eph_for_borrow_into
        PASS [   1.949s] rust_verify_test::ProveSetMtEph set_mt_eph_for_borrow_iter
        PASS [   1.886s] rust_verify_test::ProveSetMtEph set_mt_eph_loop_borrow_iter
        PASS [   1.716s] rust_verify_test::Provedeep_view_standard deep_view_standard_for_borrow_into
        PASS [   1.607s] rust_verify_test::Provedeep_view_standard deep_view_standard_for_borrow_iter
        PASS [   1.678s] rust_verify_test::Provedeep_view_standard deep_view_standard_loop_borrow_into
        PASS [   1.879s] rust_verify_test::Provedeep_view_standard deep_view_standard_for_consume
        PASS [   1.703s] rust_verify_test::Provedeep_view_standard deep_view_standard_loop_borrow_iter
        PASS [   1.831s] rust_verify_test::Provedeep_view_standard deep_view_standard_loop_consume
        PASS [   1.561s] rust_verify_test::Proveiterators_standard iterators_standard_for_borrow_into
        PASS [   1.841s] rust_verify_test::Provedeep_view_standard deep_view_standard_simple
        PASS [   1.553s] rust_verify_test::Proveiterators_standard iterators_standard_for_borrow_iter
        PASS [   1.568s] rust_verify_test::Proveiterators_standard iterators_standard_loop_borrow_into
        PASS [   1.907s] rust_verify_test::Proveiterators_standard iterators_standard_for_consume
        PASS [   1.714s] rust_verify_test::Proveiterators_standard iterators_standard_loop_borrow_iter
        PASS [   1.772s] rust_verify_test::Proveiterators_standard iterators_standard_loop_consume
        PASS [   1.832s] rust_verify_test::Provemod_standard mod_standard_for_borrow_into
        PASS [   1.795s] rust_verify_test::Provemod_standard mod_standard_for_borrow_iter
        PASS [   1.813s] rust_verify_test::Provemod_standard mod_standard_for_consume
        PASS [   1.744s] rust_verify_test::Provemod_standard mod_standard_loop_borrow_into
        PASS [   1.567s] rust_verify_test::Provemod_standard mod_standard_loop_borrow_iter
        PASS [   1.644s] rust_verify_test::Provemod_standard mod_standard_loop_consume
        PASS [   1.922s] rust_verify_test::Provetable_of_contents_standard toc_standard_for_borrow_into
        PASS [   1.652s] rust_verify_test::Provetable_of_contents_standard toc_standard_for_borrow_iter
        PASS [   1.784s] rust_verify_test::Provetable_of_contents_standard toc_standard_for_consume
        PASS [   1.901s] rust_verify_test::Provetable_of_contents_standard toc_standard_loop_borrow_into
        PASS [   1.671s] rust_verify_test::Provetable_of_contents_standard toc_standard_loop_borrow_iter
        PASS [   1.678s] rust_verify_test::Provetable_of_contents_standard toc_standard_loop_consume
        PASS [   1.774s] rust_verify_test::Proveusing_closures_standard closures_ghost_spec_fn
        PASS [   1.561s] rust_verify_test::Proveusing_closures_standard closures_inline_requires_ensures
        PASS [   1.641s] rust_verify_test::Proveusing_closures_standard closures_let_bind_ensures
        PASS [   1.577s] rust_verify_test::Proveview_standard view_standard_collection
        PASS [   1.846s] rust_verify_test::Proveusing_closures_standard closures_map_apply
        PASS [   1.746s] rust_verify_test::Proveview_standard view_standard_for_borrow_into
        PASS [   1.609s] rust_verify_test::Proveview_standard view_standard_for_consume
        PASS [   1.737s] rust_verify_test::Proveview_standard view_standard_for_borrow_iter
        PASS [   1.690s] rust_verify_test::Proveview_standard view_standard_loop_borrow_into
        PASS [   1.820s] rust_verify_test::Proveview_standard view_standard_loop_borrow_iter
        PASS [   1.611s] rust_verify_test::Proveview_standard view_standard_simple
        PASS [   1.788s] rust_verify_test::Proveview_standard view_standard_loop_consume
        PASS [   1.531s] rust_verify_test::Provewrapping_iterators_standard wrapping_for_borrow_into
        PASS [   1.631s] rust_verify_test::Provewrapping_iterators_standard wrapping_for_borrow_iter
        PASS [   1.273s] rust_verify_test::Provewrapping_iterators_standard wrapping_loop_borrow_iter
        PASS [   1.288s] rust_verify_test::RelationStEph relation_st_eph_loop_loop
        PASS [   1.715s] rust_verify_test::Provewrapping_iterators_standard wrapping_loop_borrow_into
        PASS [   1.442s] rust_verify_test::RelationStEph relation_st_eph_for_iter
        PASS [   1.373s] rust_verify_test::SetMtEph set_mt_eph_for_iter
        PASS [   1.386s] rust_verify_test::SetMtEph set_mt_eph_from_vec
        PASS [   1.406s] rust_verify_test::SetMtEph set_mt_eph_loop_loop
        PASS [   1.234s] rust_verify_test::SetStEph set_st_eph_from_vec
        PASS [   1.347s] rust_verify_test::SetStEph set_st_eph_for_iter
        PASS [   1.189s] rust_verify_test::prove_MathSeq_iters mathseq_iter_consuming
        PASS [   1.578s] rust_verify_test::SetStEph set_st_eph_loop_loop
        PASS [   1.187s] rust_verify_test::prove_MathSeq_iters mathseq_iter_nested
        PASS [   1.106s] rust_verify_test::prove_MathSeq_iters mathseq_iter_range
────────────
     Summary [  42.013s] 147 tests run: 147 passed, 0 skipped
Elapsed: 121s
