verification results:: 5598 verified, 0 errors
    Finished `release` profile [optimized] target(s) in 0.02s
────────────
 Nextest run ID 5ae8ee9d-e74a-476f-9016-f17662afa728 with nextest profile: default
    Starting 221 tests across 48 binaries
        PASS [   1.517s] rust_verify_test::HashSetWithViewPlus hash_set_wvp_loop_loop
        PASS [   1.557s] rust_verify_test::HashMapWithViewPlus hash_map_wvp_loop_loop
        PASS [   1.568s] rust_verify_test::HashSetWithViewPlus hash_set_wvp_for_iter
        PASS [   1.623s] rust_verify_test::HashMapWithViewPlus hash_map_wvp_for_iter
        PASS [   1.650s] rust_verify_test::MappingStEph mapping_st_eph_loop_loop
        PASS [   1.752s] rust_verify_test::MappingStEph mapping_st_eph_for_iter
        PASS [   1.625s] rust_verify_test::ProveAVLTreeSeq avltreeseq_for_borrow_iter
        PASS [   1.645s] rust_verify_test::ProveAVLTreeSeq avltreeseq_loop_borrow_into
        PASS [   1.722s] rust_verify_test::ProveAVLTreeSeq avltreeseq_for_borrow_into
        PASS [   1.685s] rust_verify_test::ProveAVLTreeSeq avltreeseq_loop_borrow_iter
        PASS [   1.591s] rust_verify_test::ProveAVLTreeSeqMtPer avltreeseqmtper_for_borrow_iter
        PASS [   1.706s] rust_verify_test::ProveAVLTreeSeqMtPer avltreeseqmtper_for_borrow_into
        PASS [   1.642s] rust_verify_test::ProveAVLTreeSeqMtPer avltreeseqmtper_loop_borrow_into
        PASS [   1.668s] rust_verify_test::ProveAVLTreeSeqStEph avltreeseqsteph_for_borrow_into
        PASS [   1.734s] rust_verify_test::ProveAVLTreeSeqMtPer avltreeseqmtper_loop_borrow_iter
        PASS [   1.612s] rust_verify_test::ProveAVLTreeSeqStEph avltreeseqsteph_loop_borrow_iter
        PASS [   1.638s] rust_verify_test::ProveAVLTreeSeqStEph avltreeseqsteph_loop_borrow_into
        PASS [   1.675s] rust_verify_test::ProveAVLTreeSeqStEph avltreeseqsteph_for_borrow_iter
        PASS [   1.643s] rust_verify_test::ProveAVLTreeSeqStPer avltreeseqstper_for_borrow_into
        PASS [   1.633s] rust_verify_test::ProveAVLTreeSeqStPer avltreeseqstper_for_borrow_iter
        PASS [   1.623s] rust_verify_test::ProveAVLTreeSeqStPer avltreeseqstper_loop_borrow_into
        PASS [   1.613s] rust_verify_test::ProveAVLTreeSeqStPer avltreeseqstper_loop_borrow_iter
        PASS [   1.683s] rust_verify_test::ProveAVLTreeSetMtEph avltreesetmteph_for_borrow_into
        PASS [   1.699s] rust_verify_test::ProveAVLTreeSetMtEph avltreesetmteph_for_borrow_iter
        PASS [   1.686s] rust_verify_test::ProveAVLTreeSetMtEph avltreesetmteph_loop_borrow_into
        PASS [   1.625s] rust_verify_test::ProveAVLTreeSetMtEph avltreesetmteph_loop_borrow_iter
        PASS [   1.631s] rust_verify_test::ProveArraySeq arrayseq_filter
        PASS [   1.539s] rust_verify_test::ProveArraySeq arrayseq_iterate
        PASS [   1.657s] rust_verify_test::ProveArraySeq arrayseq_for_iter
        PASS [   1.574s] rust_verify_test::ProveArraySeq arrayseq_iterate_prefixes
        PASS [   1.523s] rust_verify_test::ProveArraySeq arrayseq_map
        PASS [   1.487s] rust_verify_test::ProveArraySeq arrayseq_tabulate
        PASS [   1.660s] rust_verify_test::ProveArraySeq arrayseq_loop_loop
        PASS [   1.696s] rust_verify_test::ProveArraySeq arrayseq_reduce
        PASS [   1.712s] rust_verify_test::ProveArraySeq arrayseq_scan
        PASS [   1.766s] rust_verify_test::ProveArraySeq arrayseq_scan_inclusive
        PASS [   1.670s] rust_verify_test::ProveArraySeqMtEph arrayseqmteph_for_borrow_into
        PASS [   1.620s] rust_verify_test::ProveArraySeqMtEph arrayseqmteph_for_consume
        PASS [   1.617s] rust_verify_test::ProveArraySeqMtEph arrayseqmteph_loop_borrow_into
        PASS [   1.727s] rust_verify_test::ProveArraySeqMtEph arrayseqmteph_for_iter
        PASS [   1.657s] rust_verify_test::ProveArraySeqMtEph arrayseqmteph_loop_consume
        PASS [   1.610s] rust_verify_test::ProveArraySeqMtEph arrayseqmteph_loop_loop
        PASS [   1.586s] rust_verify_test::ProveArraySeqMtPer arrayseqmtper_for_borrow_into
        PASS [   1.594s] rust_verify_test::ProveArraySeqMtPer arrayseqmtper_for_consume
        PASS [   1.599s] rust_verify_test::ProveArraySeqMtPer arrayseqmtper_for_iter
        PASS [   1.593s] rust_verify_test::ProveArraySeqMtPer arrayseqmtper_loop_consume
        PASS [   1.649s] rust_verify_test::ProveArraySeqMtPer arrayseqmtper_loop_borrow_into
        PASS [   1.651s] rust_verify_test::ProveArraySeqMtPer arrayseqmtper_loop_loop
        PASS [   1.608s] rust_verify_test::ProveArraySeqStEph arrayseqsteph_for_borrow_into
        PASS [   1.701s] rust_verify_test::ProveArraySeqStEph arrayseqsteph_for_borrow_iter
        PASS [   1.559s] rust_verify_test::ProveArraySeqStEph arrayseqsteph_loop_borrow_iter
        PASS [   1.650s] rust_verify_test::ProveArraySeqStEph arrayseqsteph_for_consume
        PASS [   1.565s] rust_verify_test::ProveArraySeqStEph arrayseqsteph_loop_consume
        PASS [   1.689s] rust_verify_test::ProveArraySeqStEph arrayseqsteph_loop_borrow_into
        PASS [   1.642s] rust_verify_test::ProveArraySeqStPer arrayseqstper_for_iter
        PASS [   1.579s] rust_verify_test::ProveArraySeqStPer arrayseqstper_loop_loop
        PASS [   1.545s] rust_verify_test::ProveBFSMtEph chap54_bfsmteph_bottom_up_loop
        PASS [   1.643s] rust_verify_test::ProveBFSMtEph chap54_bfsmteph_bottom_up_for
        PASS [   1.565s] rust_verify_test::ProveBFSMtEph chap54_bfsmteph_top_down_loop
        PASS [   1.614s] rust_verify_test::ProveBFSMtEph chap54_bfsmteph_top_down_for
        PASS [   1.562s] rust_verify_test::ProveBFSStEph chap54_bfssteph_bottom_up_loop
        PASS [   1.605s] rust_verify_test::ProveBFSStEph chap54_bfssteph_bottom_up_for
        PASS [   1.623s] rust_verify_test::ProveBFSStEph chap54_bfssteph_top_down_for
        PASS [   1.581s] rust_verify_test::ProveBFSStEph chap54_bfssteph_top_down_loop
        PASS [   1.621s] rust_verify_test::ProveBSTSetAVLMtEph bstsetavlmteph_for_borrow_into
        PASS [   1.699s] rust_verify_test::ProveBSTSetAVLMtEph bstsetavlmteph_for_borrow_iter
        PASS [   1.646s] rust_verify_test::ProveBSTSetAVLMtEph bstsetavlmteph_loop_borrow_into
        PASS [   1.682s] rust_verify_test::ProveBSTSetAVLMtEph bstsetavlmteph_for_consume
        PASS [   1.641s] rust_verify_test::ProveBSTSetAVLMtEph bstsetavlmteph_loop_consume
        PASS [   1.721s] rust_verify_test::ProveBSTSetAVLMtEph bstsetavlmteph_loop_borrow_iter
        PASS [   1.735s] rust_verify_test::ProveBSTSetBBAlphaMtEph bstsetbbalphamteph_for_borrow_into
        PASS [   1.647s] rust_verify_test::ProveBSTSetBBAlphaMtEph bstsetbbalphamteph_for_borrow_iter
        PASS [   1.601s] rust_verify_test::ProveBSTSetBBAlphaMtEph bstsetbbalphamteph_loop_borrow_into
        PASS [   1.662s] rust_verify_test::ProveBSTSetBBAlphaMtEph bstsetbbalphamteph_loop_borrow_iter
        PASS [   1.651s] rust_verify_test::ProveBSTSetPlainMtEph bstsetplainmteph_for_borrow_iter
        PASS [   1.701s] rust_verify_test::ProveBSTSetPlainMtEph bstsetplainmteph_for_borrow_into
        PASS [   1.615s] rust_verify_test::ProveBSTSetPlainMtEph bstsetplainmteph_loop_borrow_iter
        PASS [   1.666s] rust_verify_test::ProveBSTSetPlainMtEph bstsetplainmteph_loop_borrow_into
        PASS [   1.598s] rust_verify_test::ProveBSTSetRBMtEph bstsetrbmteph_for_borrow_into
        PASS [   1.701s] rust_verify_test::ProveBSTSetRBMtEph bstsetrbmteph_for_borrow_iter
        PASS [   1.632s] rust_verify_test::ProveBSTSetRBMtEph bstsetrbmteph_loop_borrow_into
        PASS [   1.654s] rust_verify_test::ProveBSTSetRBMtEph bstsetrbmteph_for_consume
        PASS [   1.678s] rust_verify_test::ProveBSTSetRBMtEph bstsetrbmteph_loop_borrow_iter
        PASS [   1.647s] rust_verify_test::ProveBSTSetRBMtEph bstsetrbmteph_loop_consume
        PASS [   1.600s] rust_verify_test::ProveBSTSetSplayMtEph bstsetsplaymteph_for_borrow_into
        PASS [   1.682s] rust_verify_test::ProveBSTSetSplayMtEph bstsetsplaymteph_for_borrow_iter
        PASS [   1.643s] rust_verify_test::ProveBSTSetSplayMtEph bstsetsplaymteph_for_consume
        PASS [   1.637s] rust_verify_test::ProveBSTSetSplayMtEph bstsetsplaymteph_loop_borrow_into
        PASS [   1.565s] rust_verify_test::ProveBSTSetSplayMtEph bstsetsplaymteph_loop_consume
        PASS [   1.649s] rust_verify_test::ProveBSTSetSplayMtEph bstsetsplaymteph_loop_borrow_iter
        PASS [   1.620s] rust_verify_test::ProveBalBinTreeStEph balbintree_for_inorder
        PASS [   1.560s] rust_verify_test::ProveBalBinTreeStEph balbintree_inorder_spec_match
        PASS [   1.647s] rust_verify_test::ProveBalBinTreeStEph balbintree_for_postorder
        PASS [   1.608s] rust_verify_test::ProveBalBinTreeStEph balbintree_leaf_iter_exhausted
        PASS [   1.683s] rust_verify_test::ProveBalBinTreeStEph balbintree_for_preorder
        PASS [   1.564s] rust_verify_test::ProveBalBinTreeStEph balbintree_leaf_traversals_empty
        PASS [   1.613s] rust_verify_test::ProveBalBinTreeStEph balbintree_loop_inorder
        PASS [   1.654s] rust_verify_test::ProveBalBinTreeStEph balbintree_loop_postorder
        PASS [   1.585s] rust_verify_test::ProveBalBinTreeStEph balbintree_postorder_spec_match
        PASS [   1.715s] rust_verify_test::ProveBalBinTreeStEph balbintree_loop_preorder
        PASS [   1.646s] rust_verify_test::ProveBalBinTreeStEph balbintree_preorder_spec_match
        PASS [   1.705s] rust_verify_test::ProveChap19ArraySeqMtEph chap19_arrayseqmteph_for_borrow_into
        PASS [   1.559s] rust_verify_test::ProveChap19ArraySeqMtEph chap19_arrayseqmteph_for_borrow_iter
        PASS [   1.585s] rust_verify_test::ProveChap19ArraySeqMtEph chap19_arrayseqmteph_loop_borrow_into
        PASS [   1.559s] rust_verify_test::ProveChap19ArraySeqMtEph chap19_arrayseqmteph_loop_consume
        PASS [   1.670s] rust_verify_test::ProveChap19ArraySeqMtEph chap19_arrayseqmteph_for_consume
        PASS [   1.645s] rust_verify_test::ProveChap19ArraySeqMtEph chap19_arrayseqmteph_loop_borrow_iter
        PASS [   1.579s] rust_verify_test::ProveChap19ArraySeqMtEphSlice slice_for_borrow_into
        PASS [   1.666s] rust_verify_test::ProveChap19ArraySeqMtEphSlice slice_for_borrow_iter
        PASS [   1.604s] rust_verify_test::ProveChap19ArraySeqMtEphSlice slice_loop_borrow_iter
        PASS [   1.651s] rust_verify_test::ProveChap19ArraySeqMtEphSlice slice_operations
        PASS [   1.735s] rust_verify_test::ProveChap19ArraySeqMtEphSlice slice_iter_over_subslice
        PASS [   1.621s] rust_verify_test::ProveChap19ArraySeqStEph chap19_arrayseqsteph_for_borrow_iter
        PASS [   1.666s] rust_verify_test::ProveChap19ArraySeqStEph chap19_arrayseqsteph_for_borrow_into
        PASS [   1.615s] rust_verify_test::ProveChap19ArraySeqStEph chap19_arrayseqsteph_for_consume
        PASS [   1.671s] rust_verify_test::ProveChap19ArraySeqStEph chap19_arrayseqsteph_loop_borrow_into
        PASS [   1.635s] rust_verify_test::ProveChap19ArraySeqStEph chap19_arrayseqsteph_loop_borrow_iter
        PASS [   1.616s] rust_verify_test::ProveChap19ArraySeqStEph chap19_arrayseqsteph_loop_consume
        PASS [   1.623s] rust_verify_test::ProveChap19ArraySeqStPer chap19_arrayseqstper_for_borrow_into
        PASS [   1.669s] rust_verify_test::ProveChap19ArraySeqStPer chap19_arrayseqstper_for_borrow_iter
        PASS [   1.618s] rust_verify_test::ProveChap19ArraySeqStPer chap19_arrayseqstper_for_consume
        PASS [   1.546s] rust_verify_test::ProveChap19ArraySeqStPer chap19_arrayseqstper_loop_borrow_into
        PASS [   1.561s] rust_verify_test::ProveChap19ArraySeqStPer chap19_arrayseqstper_loop_borrow_iter
        PASS [   1.540s] rust_verify_test::ProveKleeneStPer kleene_alphabet
        PASS [   1.597s] rust_verify_test::ProveChap19ArraySeqStPer chap19_arrayseqstper_loop_consume
        PASS [   1.585s] rust_verify_test::ProveKleeneStPer kleene_mem_plus
        PASS [   1.550s] rust_verify_test::ProveKleeneStPer kleene_mem_star
        PASS [   1.629s] rust_verify_test::ProveLinkedListStEph linkedliststeph_loop_loop
        PASS [   1.706s] rust_verify_test::ProveLinkedListStEph linkedliststeph_for_iter
        PASS [   1.624s] rust_verify_test::ProveLinkedListStPer linkedliststper_loop_loop
        PASS [   1.579s] rust_verify_test::ProveMathSeq mathseq_for_borrow_into
        PASS [   1.735s] rust_verify_test::ProveLinkedListStPer linkedliststper_for_iter
        PASS [   1.657s] rust_verify_test::ProveMathSeq mathseq_for_borrow_iter
        PASS [   1.583s] rust_verify_test::ProveMathSeq mathseq_for_consume
        PASS [   1.594s] rust_verify_test::ProveMathSeq mathseq_loop_borrow_into
        PASS [   1.600s] rust_verify_test::ProveMathSeq mathseq_loop_borrow_iter
        PASS [   1.673s] rust_verify_test::ProveMathSeq mathseq_loop_consume
        PASS [   1.654s] rust_verify_test::ProveOrderedSetStEph chap43_orderedsetsteph_for_borrow_into
        PASS [   1.644s] rust_verify_test::ProveOrderedSetStEph chap43_orderedsetsteph_for_borrow_iter
        PASS [   1.615s] rust_verify_test::ProveOrderedSetStEph chap43_orderedsetsteph_loop_borrow_iter
        PASS [   1.739s] rust_verify_test::ProveOrderedSetStEph chap43_orderedsetsteph_loop_borrow_into
        PASS [   1.701s] rust_verify_test::ProveOrderedSetStPer chap43_orderedsetstper_for_borrow_iter
        PASS [   1.624s] rust_verify_test::ProveOrderedSetStPer chap43_orderedsetstper_loop_borrow_iter
        PASS [   1.830s] rust_verify_test::ProveOrderedTableMtEph chap43_orderedtablemteph_for_borrow_into
        PASS [   1.764s] rust_verify_test::ProveOrderedTableMtEph chap43_orderedtablemteph_for_borrow_iter
        PASS [   1.636s] rust_verify_test::ProveOrderedTableMtEph chap43_orderedtablemteph_loop_borrow_iter
        PASS [   1.724s] rust_verify_test::ProveOrderedTableMtEph chap43_orderedtablemteph_loop_borrow_into
        PASS [   1.783s] rust_verify_test::ProveOrderedTableStEph chap43_orderedtablesteph_for_borrow_into
        PASS [   1.859s] rust_verify_test::ProveOrderedTableStEph chap43_orderedtablesteph_for_borrow_iter
        PASS [   1.682s] rust_verify_test::ProveOrderedTableStEph chap43_orderedtablesteph_loop_borrow_into
        PASS [   1.646s] rust_verify_test::ProveOrderedTableStEph chap43_orderedtablesteph_loop_borrow_iter
        PASS [   1.740s] rust_verify_test::ProveOrderedTableStPer chap43_orderedtablestper_for_borrow_iter
        PASS [   1.800s] rust_verify_test::ProveOrderedTableStPer chap43_orderedtablestper_for_borrow_into
        PASS [   1.698s] rust_verify_test::ProveOrderedTableStPer chap43_orderedtablestper_loop_borrow_into
        PASS [   1.714s] rust_verify_test::ProvePrimTreeSeqStPer primtreeseq_for_borrow_into
        PASS [   1.821s] rust_verify_test::ProveOrderedTableStPer chap43_orderedtablestper_loop_borrow_iter
        PASS [   1.616s] rust_verify_test::ProvePrimTreeSeqStPer primtreeseq_for_borrow_iter
        PASS [   1.536s] rust_verify_test::ProvePrimTreeSeqStPer primtreeseq_loop_borrow_into
        PASS [   1.666s] rust_verify_test::ProvePrimTreeSeqStPer primtreeseq_for_consume
        PASS [   1.596s] rust_verify_test::ProvePrimTreeSeqStPer primtreeseq_loop_borrow_iter
        PASS [   1.565s] rust_verify_test::ProvePrimTreeSeqStPer primtreeseq_loop_consume
        PASS [   1.644s] rust_verify_test::ProveSetMtEph set_mt_eph_for_borrow_into
        PASS [   1.566s] rust_verify_test::ProveSetMtEph set_mt_eph_for_borrow_iter
        PASS [   1.659s] rust_verify_test::ProveSetMtEph set_mt_eph_loop_borrow_into
        PASS [   1.635s] rust_verify_test::ProveSetMtEph set_mt_eph_loop_borrow_iter
        PASS [   1.705s] rust_verify_test::ProveSetStEph setsteph_for_borrow_into
        PASS [   1.646s] rust_verify_test::ProveSetStEph setsteph_for_borrow_iter
        PASS [   1.631s] rust_verify_test::ProveSetStEph setsteph_loop_borrow_into
        PASS [   1.624s] rust_verify_test::ProveSetStEph setsteph_loop_borrow_iter
        PASS [   1.639s] rust_verify_test::Provedeep_view_standard deep_view_standard_for_borrow_into
        PASS [   1.648s] rust_verify_test::Provedeep_view_standard deep_view_standard_for_borrow_iter
        PASS [   1.619s] rust_verify_test::Provedeep_view_standard deep_view_standard_for_consume
        PASS [   1.565s] rust_verify_test::Provedeep_view_standard deep_view_standard_loop_borrow_into
        PASS [   1.589s] rust_verify_test::Provedeep_view_standard deep_view_standard_loop_borrow_iter
        PASS [   1.469s] rust_verify_test::Provedeep_view_standard deep_view_standard_loop_consume
        PASS [   1.486s] rust_verify_test::Provedeep_view_standard deep_view_standard_simple
        PASS [   1.591s] rust_verify_test::Proveiterators_standard iterators_standard_for_borrow_into
        PASS [   1.619s] rust_verify_test::Proveiterators_standard iterators_standard_for_borrow_iter
        PASS [   1.601s] rust_verify_test::Proveiterators_standard iterators_standard_for_consume
        PASS [   1.539s] rust_verify_test::Proveiterators_standard iterators_standard_loop_borrow_into
        PASS [   1.560s] rust_verify_test::Proveiterators_standard iterators_standard_loop_borrow_iter
        PASS [   1.563s] rust_verify_test::Proveiterators_standard iterators_standard_loop_consume
        PASS [   1.597s] rust_verify_test::Provemod_standard mod_standard_for_borrow_into
        PASS [   1.536s] rust_verify_test::Provemod_standard mod_standard_loop_borrow_into
        PASS [   1.629s] rust_verify_test::Provemod_standard mod_standard_for_consume
        PASS [   1.721s] rust_verify_test::Provemod_standard mod_standard_for_borrow_iter
        PASS [   1.548s] rust_verify_test::Provemod_standard mod_standard_loop_borrow_iter
        PASS [   1.520s] rust_verify_test::Provemod_standard mod_standard_loop_consume
        PASS [   1.648s] rust_verify_test::Provetable_of_contents_standard toc_standard_for_borrow_into
        PASS [   1.613s] rust_verify_test::Provetable_of_contents_standard toc_standard_for_consume
        PASS [   1.701s] rust_verify_test::Provetable_of_contents_standard toc_standard_for_borrow_iter
        PASS [   1.612s] rust_verify_test::Provetable_of_contents_standard toc_standard_loop_borrow_into
        PASS [   1.528s] rust_verify_test::Provetable_of_contents_standard toc_standard_loop_borrow_iter
        PASS [   1.563s] rust_verify_test::Provetable_of_contents_standard toc_standard_loop_consume
        PASS [   1.512s] rust_verify_test::Proveusing_closures_standard closures_ghost_spec_fn
        PASS [   1.561s] rust_verify_test::Proveusing_closures_standard closures_inline_requires_ensures
        PASS [   1.540s] rust_verify_test::Proveusing_closures_standard closures_let_bind_ensures
        PASS [   1.572s] rust_verify_test::Proveusing_closures_standard closures_map_apply
        PASS [   1.466s] rust_verify_test::Proveview_standard view_standard_collection
        PASS [   1.538s] rust_verify_test::Proveview_standard view_standard_for_borrow_into
        PASS [   1.543s] rust_verify_test::Proveview_standard view_standard_for_borrow_iter
        PASS [   1.518s] rust_verify_test::Proveview_standard view_standard_loop_borrow_into
        PASS [   1.596s] rust_verify_test::Proveview_standard view_standard_loop_borrow_iter
        PASS [   1.676s] rust_verify_test::Proveview_standard view_standard_for_consume
        PASS [   1.489s] rust_verify_test::Proveview_standard view_standard_loop_consume
        PASS [   1.389s] rust_verify_test::Proveview_standard view_standard_simple
        PASS [   1.510s] rust_verify_test::Provewrapping_iterators_standard wrapping_for_borrow_into
        PASS [   1.506s] rust_verify_test::Provewrapping_iterators_standard wrapping_loop_borrow_iter
        PASS [   1.519s] rust_verify_test::Provewrapping_iterators_standard wrapping_loop_borrow_into
        PASS [   1.639s] rust_verify_test::Provewrapping_iterators_standard wrapping_for_borrow_iter
        PASS [   1.654s] rust_verify_test::RelationStEph relation_st_eph_for_iter
        PASS [   1.683s] rust_verify_test::RelationStEph relation_st_eph_loop_loop
        PASS [   1.668s] rust_verify_test::SetMtEph set_mt_eph_for_iter
        PASS [   1.637s] rust_verify_test::SetStEph set_st_eph_for_iter
        PASS [   1.660s] rust_verify_test::SetMtEph set_mt_eph_from_vec
        PASS [   1.702s] rust_verify_test::SetMtEph set_mt_eph_loop_loop
        PASS [   1.565s] rust_verify_test::SetStEph set_st_eph_from_vec
        PASS [   1.610s] rust_verify_test::SetStEph set_st_eph_loop_loop
        PASS [   1.453s] rust_verify_test::prove_MathSeq_iters mathseq_iter_consuming
        PASS [   1.396s] rust_verify_test::prove_MathSeq_iters mathseq_iter_range
        PASS [   1.413s] rust_verify_test::prove_MathSeq_iters mathseq_iter_nested
────────────
     Summary [  60.400s] 221 tests run: 221 passed, 0 skipped
Elapsed: 146s
