verification results:: 4437 verified, 0 errors
    Finished `release` profile [optimized] target(s) in 0.02s
────────────
 Nextest run ID 276a2851-94d9-46a2-a0ae-d1acf57f59c9 with nextest profile: default
    Starting 145 tests across 34 binaries
        PASS [   1.352s] rust_verify_test::HashMapWithViewPlus hash_map_wvp_loop_loop
        PASS [   1.376s] rust_verify_test::HashSetWithViewPlus hash_set_wvp_for_iter
        PASS [   1.456s] rust_verify_test::HashSetWithViewPlus hash_set_wvp_loop_loop
        PASS [   1.474s] rust_verify_test::HashMapWithViewPlus hash_map_wvp_for_iter
        PASS [   1.615s] rust_verify_test::MappingStEph mapping_st_eph_loop_loop
        PASS [   1.619s] rust_verify_test::MappingStEph mapping_st_eph_for_iter
        PASS [   1.335s] rust_verify_test::ProveAVLTreeSetMtEph avltreesetmteph_for_borrow_iter
        PASS [   1.522s] rust_verify_test::ProveAVLTreeSetMtEph avltreesetmteph_for_borrow_into
        PASS [   1.406s] rust_verify_test::ProveArraySeq arrayseq_filter
        PASS [   1.430s] rust_verify_test::ProveAVLTreeSetMtEph avltreesetmteph_loop_borrow_iter
        PASS [   1.294s] rust_verify_test::ProveArraySeq arrayseq_iterate
        PASS [   1.479s] rust_verify_test::ProveArraySeq arrayseq_for_iter
        PASS [   1.387s] rust_verify_test::ProveArraySeq arrayseq_iterate_prefixes
        PASS [   1.342s] rust_verify_test::ProveArraySeq arrayseq_map
        PASS [   1.402s] rust_verify_test::ProveArraySeq arrayseq_loop_loop
        PASS [   1.471s] rust_verify_test::ProveArraySeq arrayseq_reduce
        PASS [   1.541s] rust_verify_test::ProveArraySeq arrayseq_scan
        PASS [   1.488s] rust_verify_test::ProveArraySeq arrayseq_scan_inclusive
        PASS [   1.224s] rust_verify_test::ProveArraySeq arrayseq_tabulate
        PASS [   1.292s] rust_verify_test::ProveArraySeqMtEph arrayseqmteph_loop_loop
        PASS [   1.386s] rust_verify_test::ProveArraySeqMtEph arrayseqmteph_for_iter
        PASS [   1.287s] rust_verify_test::ProveArraySeqMtPer arrayseqmtper_loop_loop
        PASS [   1.392s] rust_verify_test::ProveArraySeqMtPer arrayseqmtper_for_iter
        PASS [   1.377s] rust_verify_test::ProveArraySeqStEph arrayseqsteph_for_borrow_into
        PASS [   1.338s] rust_verify_test::ProveArraySeqStEph arrayseqsteph_for_borrow_iter
        PASS [   1.412s] rust_verify_test::ProveArraySeqStEph arrayseqsteph_for_consume
        PASS [   1.381s] rust_verify_test::ProveArraySeqStEph arrayseqsteph_loop_borrow_into
        PASS [   1.360s] rust_verify_test::ProveArraySeqStEph arrayseqsteph_loop_borrow_iter
        PASS [   1.380s] rust_verify_test::ProveArraySeqStEph arrayseqsteph_loop_consume
        PASS [   1.381s] rust_verify_test::ProveArraySeqStPer arrayseqstper_for_iter
        PASS [   1.295s] rust_verify_test::ProveArraySeqStPer arrayseqstper_loop_loop
        PASS [   1.329s] rust_verify_test::ProveBFSMtEph chap54_bfsmteph_top_down_loop
        PASS [   1.282s] rust_verify_test::ProveBFSStEph chap54_bfssteph_bottom_up_loop
        PASS [   1.426s] rust_verify_test::ProveBFSMtEph chap54_bfsmteph_bottom_up_loop
        PASS [   1.335s] rust_verify_test::ProveBFSStEph chap54_bfssteph_top_down_loop
        PASS [   1.381s] rust_verify_test::ProveBalBinTreeStEph balbintree_for_inorder
        PASS [   1.377s] rust_verify_test::ProveBalBinTreeStEph balbintree_for_postorder
        PASS [   1.377s] rust_verify_test::ProveBalBinTreeStEph balbintree_for_preorder
        PASS [   1.393s] rust_verify_test::ProveBalBinTreeStEph balbintree_inorder_spec_match
        PASS [   1.412s] rust_verify_test::ProveBalBinTreeStEph balbintree_leaf_iter_exhausted
        PASS [   1.403s] rust_verify_test::ProveBalBinTreeStEph balbintree_leaf_traversals_empty
        PASS [   1.314s] rust_verify_test::ProveBalBinTreeStEph balbintree_loop_inorder
        PASS [   1.328s] rust_verify_test::ProveBalBinTreeStEph balbintree_loop_postorder
        PASS [   1.366s] rust_verify_test::ProveBalBinTreeStEph balbintree_loop_preorder
        PASS [   1.389s] rust_verify_test::ProveBalBinTreeStEph balbintree_postorder_spec_match
        PASS [   1.491s] rust_verify_test::ProveBalBinTreeStEph balbintree_preorder_spec_match
        PASS [   1.516s] rust_verify_test::ProveChap19ArraySeqMtEph chap19_arrayseqmteph_for_borrow_into
        PASS [   1.438s] rust_verify_test::ProveChap19ArraySeqMtEph chap19_arrayseqmteph_for_borrow_iter
        PASS [   1.422s] rust_verify_test::ProveChap19ArraySeqMtEph chap19_arrayseqmteph_for_consume
        PASS [   1.332s] rust_verify_test::ProveChap19ArraySeqMtEph chap19_arrayseqmteph_loop_borrow_into
        PASS [   1.367s] rust_verify_test::ProveChap19ArraySeqMtEph chap19_arrayseqmteph_loop_consume
        PASS [   1.617s] rust_verify_test::ProveChap19ArraySeqMtEph chap19_arrayseqmteph_loop_borrow_iter
        PASS [   1.517s] rust_verify_test::ProveChap19ArraySeqMtEphSlice slice_for_borrow_into
        PASS [   1.485s] rust_verify_test::ProveChap19ArraySeqMtEphSlice slice_for_borrow_iter
        PASS [   1.379s] rust_verify_test::ProveChap19ArraySeqMtEphSlice slice_iter_over_subslice
        PASS [   1.462s] rust_verify_test::ProveChap19ArraySeqMtEphSlice slice_loop_borrow_iter
        PASS [   1.501s] rust_verify_test::ProveChap19ArraySeqMtEphSlice slice_operations
        PASS [   1.541s] rust_verify_test::ProveChap19ArraySeqStEph chap19_arrayseqsteph_for_borrow_into
        PASS [   1.522s] rust_verify_test::ProveChap19ArraySeqStEph chap19_arrayseqsteph_for_borrow_iter
        PASS [   1.506s] rust_verify_test::ProveChap19ArraySeqStEph chap19_arrayseqsteph_for_consume
        PASS [   1.395s] rust_verify_test::ProveChap19ArraySeqStEph chap19_arrayseqsteph_loop_borrow_into
        PASS [   1.393s] rust_verify_test::ProveChap19ArraySeqStEph chap19_arrayseqsteph_loop_borrow_iter
        PASS [   1.430s] rust_verify_test::ProveChap19ArraySeqStEph chap19_arrayseqsteph_loop_consume
        PASS [   1.570s] rust_verify_test::ProveChap19ArraySeqStPer chap19_arrayseqstper_for_borrow_into
        PASS [   1.430s] rust_verify_test::ProveChap19ArraySeqStPer chap19_arrayseqstper_for_consume
        PASS [   1.552s] rust_verify_test::ProveChap19ArraySeqStPer chap19_arrayseqstper_for_borrow_iter
        PASS [   1.449s] rust_verify_test::ProveChap19ArraySeqStPer chap19_arrayseqstper_loop_borrow_into
        PASS [   1.315s] rust_verify_test::ProveChap19ArraySeqStPer chap19_arrayseqstper_loop_borrow_iter
        PASS [   1.338s] rust_verify_test::ProveChap19ArraySeqStPer chap19_arrayseqstper_loop_consume
        PASS [   1.362s] rust_verify_test::ProveKleeneStPer kleene_mem_plus
        PASS [   1.353s] rust_verify_test::ProveKleeneStPer kleene_mem_star
        PASS [   1.466s] rust_verify_test::ProveKleeneStPer kleene_alphabet
        PASS [   1.371s] rust_verify_test::ProveLinkedListStEph linkedliststeph_for_iter
        PASS [   1.440s] rust_verify_test::ProveLinkedListStEph linkedliststeph_loop_loop
        PASS [   1.337s] rust_verify_test::ProveLinkedListStPer linkedliststper_for_iter
        PASS [   1.411s] rust_verify_test::ProveLinkedListStPer linkedliststper_loop_loop
        PASS [   1.403s] rust_verify_test::ProveMathSeq mathseq_for_borrow_into
        PASS [   1.447s] rust_verify_test::ProveMathSeq mathseq_for_borrow_iter
        PASS [   1.328s] rust_verify_test::ProveMathSeq mathseq_for_consume
        PASS [   1.343s] rust_verify_test::ProveMathSeq mathseq_loop_borrow_into
        PASS [   1.386s] rust_verify_test::ProveMathSeq mathseq_loop_borrow_iter
        PASS [   1.302s] rust_verify_test::ProveMathSeq mathseq_loop_consume
        PASS [   1.461s] rust_verify_test::ProveOrderedTableStPer chap43_orderedtablestper_loop_borrow_into
        PASS [   1.422s] rust_verify_test::ProveOrderedTableStPer chap43_orderedtablestper_loop_borrow_iter
        PASS [   1.280s] rust_verify_test::ProvePrimTreeSeqStPer primtreeseq_for_borrow_into
        PASS [   1.345s] rust_verify_test::ProvePrimTreeSeqStPer primtreeseq_for_borrow_iter
        PASS [   1.305s] rust_verify_test::ProvePrimTreeSeqStPer primtreeseq_for_consume
        PASS [   1.346s] rust_verify_test::ProvePrimTreeSeqStPer primtreeseq_loop_borrow_into
        PASS [   1.278s] rust_verify_test::ProvePrimTreeSeqStPer primtreeseq_loop_borrow_iter
        PASS [   1.265s] rust_verify_test::ProvePrimTreeSeqStPer primtreeseq_loop_consume
        PASS [   1.436s] rust_verify_test::ProveSetMtEph set_mt_eph_for_borrow_into
        PASS [   1.483s] rust_verify_test::ProveSetMtEph set_mt_eph_for_borrow_iter
        PASS [   1.442s] rust_verify_test::ProveSetMtEph set_mt_eph_loop_borrow_iter
        PASS [   1.382s] rust_verify_test::Provedeep_view_standard deep_view_standard_for_borrow_into
        PASS [   1.333s] rust_verify_test::Provedeep_view_standard deep_view_standard_for_borrow_iter
        PASS [   1.312s] rust_verify_test::Provedeep_view_standard deep_view_standard_for_consume
        PASS [   1.264s] rust_verify_test::Provedeep_view_standard deep_view_standard_loop_borrow_into
        PASS [   1.299s] rust_verify_test::Provedeep_view_standard deep_view_standard_loop_borrow_iter
        PASS [   1.398s] rust_verify_test::Provedeep_view_standard deep_view_standard_loop_consume
        PASS [   1.329s] rust_verify_test::Provedeep_view_standard deep_view_standard_simple
        PASS [   1.370s] rust_verify_test::Proveiterators_standard iterators_standard_for_borrow_iter
        PASS [   1.396s] rust_verify_test::Proveiterators_standard iterators_standard_for_borrow_into
        PASS [   1.373s] rust_verify_test::Proveiterators_standard iterators_standard_for_consume
        PASS [   1.347s] rust_verify_test::Proveiterators_standard iterators_standard_loop_borrow_into
        PASS [   1.336s] rust_verify_test::Proveiterators_standard iterators_standard_loop_borrow_iter
        PASS [   1.424s] rust_verify_test::Proveiterators_standard iterators_standard_loop_consume
        PASS [   1.364s] rust_verify_test::Provemod_standard mod_standard_for_borrow_into
        PASS [   1.375s] rust_verify_test::Provemod_standard mod_standard_for_borrow_iter
        PASS [   1.403s] rust_verify_test::Provemod_standard mod_standard_for_consume
        PASS [   1.388s] rust_verify_test::Provemod_standard mod_standard_loop_borrow_into
        PASS [   1.349s] rust_verify_test::Provemod_standard mod_standard_loop_borrow_iter
        PASS [   1.376s] rust_verify_test::Provemod_standard mod_standard_loop_consume
        PASS [   1.303s] rust_verify_test::Provetable_of_contents_standard toc_standard_for_borrow_into
        PASS [   1.324s] rust_verify_test::Provetable_of_contents_standard toc_standard_for_borrow_iter
        PASS [   1.412s] rust_verify_test::Provetable_of_contents_standard toc_standard_for_consume
        PASS [   1.356s] rust_verify_test::Provetable_of_contents_standard toc_standard_loop_borrow_into
        PASS [   1.237s] rust_verify_test::Provetable_of_contents_standard toc_standard_loop_borrow_iter
        PASS [   1.192s] rust_verify_test::Proveusing_closures_standard closures_inline_requires_ensures
        PASS [   1.266s] rust_verify_test::Provetable_of_contents_standard toc_standard_loop_consume
        PASS [   1.339s] rust_verify_test::Proveusing_closures_standard closures_ghost_spec_fn
        PASS [   1.272s] rust_verify_test::Proveusing_closures_standard closures_let_bind_ensures
        PASS [   1.205s] rust_verify_test::Proveusing_closures_standard closures_map_apply
        PASS [   1.277s] rust_verify_test::Proveview_standard view_standard_collection
        PASS [   1.321s] rust_verify_test::Proveview_standard view_standard_for_borrow_iter
        PASS [   1.397s] rust_verify_test::Proveview_standard view_standard_for_borrow_into
        PASS [   1.451s] rust_verify_test::Proveview_standard view_standard_for_consume
        PASS [   1.513s] rust_verify_test::Proveview_standard view_standard_loop_borrow_into
        PASS [   1.363s] rust_verify_test::Proveview_standard view_standard_loop_borrow_iter
        PASS [   1.338s] rust_verify_test::Proveview_standard view_standard_loop_consume
        PASS [   1.223s] rust_verify_test::Proveview_standard view_standard_simple
        PASS [   1.398s] rust_verify_test::Provewrapping_iterators_standard wrapping_for_borrow_into
        PASS [   1.315s] rust_verify_test::Provewrapping_iterators_standard wrapping_for_borrow_iter
        PASS [   1.283s] rust_verify_test::Provewrapping_iterators_standard wrapping_loop_borrow_into
        PASS [   1.293s] rust_verify_test::Provewrapping_iterators_standard wrapping_loop_borrow_iter
        PASS [   1.485s] rust_verify_test::RelationStEph relation_st_eph_for_iter
        PASS [   1.425s] rust_verify_test::RelationStEph relation_st_eph_loop_loop
        PASS [   1.413s] rust_verify_test::SetMtEph set_mt_eph_from_vec
        PASS [   1.510s] rust_verify_test::SetMtEph set_mt_eph_for_iter
        PASS [   1.411s] rust_verify_test::SetMtEph set_mt_eph_loop_loop
        PASS [   1.583s] rust_verify_test::SetStEph set_st_eph_for_iter
        PASS [   1.363s] rust_verify_test::SetStEph set_st_eph_from_vec
        PASS [   1.392s] rust_verify_test::SetStEph set_st_eph_loop_loop
        PASS [   1.207s] rust_verify_test::prove_MathSeq_iters mathseq_iter_consuming
        PASS [   1.242s] rust_verify_test::prove_MathSeq_iters mathseq_iter_nested
        PASS [   1.193s] rust_verify_test::prove_MathSeq_iters mathseq_iter_range
────────────
     Summary [  33.847s] 145 tests run: 145 passed, 0 skipped
Elapsed: 116s
