verification results:: 5728 verified, 0 errors
   Compiling rust_verify_test v0.1.0 (/home/milnes/projects/APAS-VERUS/rust_verify_test)
    Finished `release` profile [optimized] target(s) in 1.03s
────────────
 Nextest run ID 3682da6c-a019-45e9-98ed-964e22ec8853 with nextest profile: default
    Starting 237 tests across 53 binaries
        PASS [   1.490s] rust_verify_test::HashSetWithViewPlus hash_set_wvp_loop_loop
        PASS [   1.491s] rust_verify_test::HashMapWithViewPlus hash_map_wvp_for_iter
        PASS [   1.545s] rust_verify_test::HashMapWithViewPlus hash_map_wvp_loop_loop
        PASS [   1.565s] rust_verify_test::HashSetWithViewPlus hash_set_wvp_for_iter
        PASS [   1.633s] rust_verify_test::MappingStEph mapping_st_eph_loop_loop
        PASS [   1.653s] rust_verify_test::MappingStEph mapping_st_eph_for_iter
        PASS [   1.552s] rust_verify_test::ProveAVLTreeSeq avltreeseq_for_borrow_into
        PASS [   1.559s] rust_verify_test::ProveAVLTreeSeq avltreeseq_for_borrow_iter
        PASS [   1.543s] rust_verify_test::ProveAVLTreeSeq avltreeseq_loop_borrow_into
        PASS [   1.554s] rust_verify_test::ProveAVLTreeSeq avltreeseq_loop_borrow_iter
        PASS [   1.535s] rust_verify_test::ProveAVLTreeSeqMtPer avltreeseqmtper_for_borrow_iter
        PASS [   1.562s] rust_verify_test::ProveAVLTreeSeqMtPer avltreeseqmtper_for_borrow_into
        PASS [   1.544s] rust_verify_test::ProveAVLTreeSeqMtPer avltreeseqmtper_loop_borrow_into
        PASS [   1.599s] rust_verify_test::ProveAVLTreeSeqMtPer avltreeseqmtper_loop_borrow_iter
        PASS [   1.574s] rust_verify_test::ProveAVLTreeSeqStEph avltreeseqsteph_for_borrow_into
        PASS [   1.601s] rust_verify_test::ProveAVLTreeSeqStEph avltreeseqsteph_for_borrow_iter
        PASS [   1.543s] rust_verify_test::ProveAVLTreeSeqStEph avltreeseqsteph_loop_borrow_iter
        PASS [   1.584s] rust_verify_test::ProveAVLTreeSeqStEph avltreeseqsteph_loop_borrow_into
        PASS [   1.620s] rust_verify_test::ProveAVLTreeSeqStPer avltreeseqstper_for_borrow_into
        PASS [   1.562s] rust_verify_test::ProveAVLTreeSeqStPer avltreeseqstper_loop_borrow_into
        PASS [   1.588s] rust_verify_test::ProveAVLTreeSeqStPer avltreeseqstper_for_borrow_iter
        PASS [   1.602s] rust_verify_test::ProveAVLTreeSeqStPer avltreeseqstper_loop_borrow_iter
        PASS [   1.615s] rust_verify_test::ProveAVLTreeSetMtEph avltreesetmteph_for_borrow_into
        PASS [   1.616s] rust_verify_test::ProveAVLTreeSetMtEph avltreesetmteph_for_borrow_iter
        PASS [   1.519s] rust_verify_test::ProveAVLTreeSetMtEph avltreesetmteph_loop_borrow_iter
        PASS [   1.549s] rust_verify_test::ProveAVLTreeSetMtEph avltreesetmteph_loop_borrow_into
        PASS [   1.596s] rust_verify_test::ProveAVLTreeSetStEph avltreesetsteph_for_borrow_into
        PASS [   1.571s] rust_verify_test::ProveAVLTreeSetStEph avltreesetsteph_for_borrow_iter
        PASS [   1.522s] rust_verify_test::ProveAVLTreeSetStEph avltreesetsteph_loop_borrow_iter
        PASS [   1.566s] rust_verify_test::ProveAVLTreeSetStEph avltreesetsteph_loop_borrow_into
        PASS [   1.505s] rust_verify_test::ProveAVLTreeSetStPer avltreesetstper_loop_borrow_into
        PASS [   1.554s] rust_verify_test::ProveAVLTreeSetStPer avltreesetstper_for_borrow_into
        PASS [   1.437s] rust_verify_test::ProveArraySeq arrayseq_iterate
        PASS [   1.551s] rust_verify_test::ProveArraySeq arrayseq_filter
        PASS [   1.467s] rust_verify_test::ProveArraySeq arrayseq_iterate_prefixes
        PASS [   1.583s] rust_verify_test::ProveArraySeq arrayseq_for_iter
        PASS [   1.535s] rust_verify_test::ProveArraySeq arrayseq_loop_loop
        PASS [   1.511s] rust_verify_test::ProveArraySeq arrayseq_map
        PASS [   1.399s] rust_verify_test::ProveArraySeq arrayseq_tabulate
        PASS [   1.573s] rust_verify_test::ProveArraySeq arrayseq_reduce
        PASS [   1.631s] rust_verify_test::ProveArraySeq arrayseq_scan
        PASS [   1.658s] rust_verify_test::ProveArraySeq arrayseq_scan_inclusive
        PASS [   1.530s] rust_verify_test::ProveArraySeqMtEph arrayseqmteph_for_consume
        PASS [   1.518s] rust_verify_test::ProveArraySeqMtEph arrayseqmteph_for_iter
        PASS [   1.629s] rust_verify_test::ProveArraySeqMtEph arrayseqmteph_for_borrow_into
        PASS [   1.565s] rust_verify_test::ProveArraySeqMtEph arrayseqmteph_loop_borrow_into
        PASS [   1.491s] rust_verify_test::ProveArraySeqMtEph arrayseqmteph_loop_consume
        PASS [   1.555s] rust_verify_test::ProveArraySeqMtEph arrayseqmteph_loop_loop
        PASS [   1.535s] rust_verify_test::ProveArraySeqMtPer arrayseqmtper_for_borrow_into
        PASS [   1.496s] rust_verify_test::ProveArraySeqMtPer arrayseqmtper_for_consume
        PASS [   1.513s] rust_verify_test::ProveArraySeqMtPer arrayseqmtper_loop_consume
        PASS [   1.596s] rust_verify_test::ProveArraySeqMtPer arrayseqmtper_for_iter
        PASS [   1.565s] rust_verify_test::ProveArraySeqMtPer arrayseqmtper_loop_borrow_into
        PASS [   1.496s] rust_verify_test::ProveArraySeqMtPer arrayseqmtper_loop_loop
        PASS [   1.542s] rust_verify_test::ProveArraySeqStEph arrayseqsteph_for_borrow_into
        PASS [   1.552s] rust_verify_test::ProveArraySeqStEph arrayseqsteph_for_borrow_iter
        PASS [   1.534s] rust_verify_test::ProveArraySeqStEph arrayseqsteph_for_consume
        PASS [   1.506s] rust_verify_test::ProveArraySeqStEph arrayseqsteph_loop_borrow_iter
        PASS [   1.559s] rust_verify_test::ProveArraySeqStEph arrayseqsteph_loop_borrow_into
        PASS [   1.574s] rust_verify_test::ProveArraySeqStEph arrayseqsteph_loop_consume
        PASS [   1.498s] rust_verify_test::ProveArraySeqStPer arrayseqstper_loop_loop
        PASS [   1.546s] rust_verify_test::ProveArraySeqStPer arrayseqstper_for_iter
        PASS [   1.521s] rust_verify_test::ProveBFSMtEph chap54_bfsmteph_bottom_up_loop
        PASS [   1.577s] rust_verify_test::ProveBFSMtEph chap54_bfsmteph_bottom_up_for
        PASS [   1.576s] rust_verify_test::ProveBFSMtEph chap54_bfsmteph_top_down_for
        PASS [   1.513s] rust_verify_test::ProveBFSMtEph chap54_bfsmteph_top_down_loop
        PASS [   1.537s] rust_verify_test::ProveBFSStEph chap54_bfssteph_bottom_up_for
        PASS [   1.525s] rust_verify_test::ProveBFSStEph chap54_bfssteph_bottom_up_loop
        PASS [   1.499s] rust_verify_test::ProveBFSStEph chap54_bfssteph_top_down_for
        PASS [   1.527s] rust_verify_test::ProveBFSStEph chap54_bfssteph_top_down_loop
        PASS [   1.571s] rust_verify_test::ProveBSTSetAVLMtEph bstsetavlmteph_for_borrow_into
        PASS [   1.585s] rust_verify_test::ProveBSTSetAVLMtEph bstsetavlmteph_for_borrow_iter
        PASS [   1.633s] rust_verify_test::ProveBSTSetAVLMtEph bstsetavlmteph_for_consume
        PASS [   1.596s] rust_verify_test::ProveBSTSetAVLMtEph bstsetavlmteph_loop_borrow_iter
        PASS [   1.706s] rust_verify_test::ProveBSTSetAVLMtEph bstsetavlmteph_loop_borrow_into
        PASS [   1.584s] rust_verify_test::ProveBSTSetBBAlphaMtEph bstsetbbalphamteph_for_borrow_into
        PASS [   1.683s] rust_verify_test::ProveBSTSetAVLMtEph bstsetavlmteph_loop_consume
        PASS [   1.646s] rust_verify_test::ProveBSTSetBBAlphaMtEph bstsetbbalphamteph_for_borrow_iter
        PASS [   1.534s] rust_verify_test::ProveBSTSetBBAlphaMtEph bstsetbbalphamteph_loop_borrow_into
        PASS [   1.634s] rust_verify_test::ProveBSTSetBBAlphaMtEph bstsetbbalphamteph_loop_borrow_iter
        PASS [   1.632s] rust_verify_test::ProveBSTSetPlainMtEph bstsetplainmteph_for_borrow_into
        PASS [   1.593s] rust_verify_test::ProveBSTSetPlainMtEph bstsetplainmteph_loop_borrow_into
        PASS [   1.727s] rust_verify_test::ProveBSTSetPlainMtEph bstsetplainmteph_for_borrow_iter
        PASS [   1.656s] rust_verify_test::ProveBSTSetPlainMtEph bstsetplainmteph_loop_borrow_iter
        PASS [   1.677s] rust_verify_test::ProveBSTSetRBMtEph bstsetrbmteph_for_borrow_into
        PASS [   1.616s] rust_verify_test::ProveBSTSetRBMtEph bstsetrbmteph_for_borrow_iter
        PASS [   1.617s] rust_verify_test::ProveBSTSetRBMtEph bstsetrbmteph_for_consume
        PASS [   1.626s] rust_verify_test::ProveBSTSetRBMtEph bstsetrbmteph_loop_borrow_into
        PASS [   1.600s] rust_verify_test::ProveBSTSetRBMtEph bstsetrbmteph_loop_consume
        PASS [   1.654s] rust_verify_test::ProveBSTSetRBMtEph bstsetrbmteph_loop_borrow_iter
        PASS [   1.693s] rust_verify_test::ProveBSTSetSplayMtEph bstsetsplaymteph_for_borrow_into
        PASS [   1.601s] rust_verify_test::ProveBSTSetSplayMtEph bstsetsplaymteph_for_borrow_iter
        PASS [   1.619s] rust_verify_test::ProveBSTSetSplayMtEph bstsetsplaymteph_for_consume
        PASS [   1.626s] rust_verify_test::ProveBSTSetSplayMtEph bstsetsplaymteph_loop_borrow_into
        PASS [   1.599s] rust_verify_test::ProveBSTSetSplayMtEph bstsetsplaymteph_loop_consume
        PASS [   1.636s] rust_verify_test::ProveBSTSetSplayMtEph bstsetsplaymteph_loop_borrow_iter
        PASS [   1.608s] rust_verify_test::ProveBSTTreapMtEph bsttreapmteph_loop_borrow_into
        PASS [   1.605s] rust_verify_test::ProveBalBinTreeStEph balbintree_for_inorder
        PASS [   1.682s] rust_verify_test::ProveBSTTreapMtEph bsttreapmteph_for_borrow_into
        PASS [   1.502s] rust_verify_test::ProveBalBinTreeStEph balbintree_inorder_spec_match
        PASS [   1.631s] rust_verify_test::ProveBalBinTreeStEph balbintree_for_postorder
        PASS [   1.607s] rust_verify_test::ProveBalBinTreeStEph balbintree_for_preorder
        PASS [   1.513s] rust_verify_test::ProveBalBinTreeStEph balbintree_leaf_iter_exhausted
        PASS [   1.491s] rust_verify_test::ProveBalBinTreeStEph balbintree_leaf_traversals_empty
        PASS [   1.541s] rust_verify_test::ProveBalBinTreeStEph balbintree_loop_inorder
        PASS [   1.547s] rust_verify_test::ProveBalBinTreeStEph balbintree_loop_preorder
        PASS [   1.570s] rust_verify_test::ProveBalBinTreeStEph balbintree_loop_postorder
        PASS [   1.616s] rust_verify_test::ProveBalBinTreeStEph balbintree_postorder_spec_match
        PASS [   1.564s] rust_verify_test::ProveBalBinTreeStEph balbintree_preorder_spec_match
        PASS [   1.740s] rust_verify_test::ProveChap18ArraySeqMtEphSlice chap18_arrayseqmtephslice_for_borrow_into
        PASS [   1.720s] rust_verify_test::ProveChap18ArraySeqMtEphSlice chap18_arrayseqmtephslice_for_borrow_iter
        PASS [   1.594s] rust_verify_test::ProveChap18ArraySeqMtEphSlice chap18_arrayseqmtephslice_loop_borrow_iter
        PASS [   1.621s] rust_verify_test::ProveChap18ArraySeqMtEphSlice chap18_arrayseqmtephslice_loop_borrow_into
        PASS [   1.655s] rust_verify_test::ProveChap19ArraySeqMtEph chap19_arrayseqmteph_for_borrow_into
        PASS [   1.646s] rust_verify_test::ProveChap19ArraySeqMtEph chap19_arrayseqmteph_for_borrow_iter
        PASS [   1.565s] rust_verify_test::ProveChap19ArraySeqMtEph chap19_arrayseqmteph_for_consume
        PASS [   1.572s] rust_verify_test::ProveChap19ArraySeqMtEph chap19_arrayseqmteph_loop_borrow_iter
        PASS [   1.627s] rust_verify_test::ProveChap19ArraySeqMtEph chap19_arrayseqmteph_loop_consume
        PASS [   1.742s] rust_verify_test::ProveChap19ArraySeqMtEph chap19_arrayseqmteph_loop_borrow_into
        PASS [   1.669s] rust_verify_test::ProveChap19ArraySeqMtEphSlice slice_for_borrow_into
        PASS [   1.732s] rust_verify_test::ProveChap19ArraySeqMtEphSlice slice_for_borrow_iter
        PASS [   1.646s] rust_verify_test::ProveChap19ArraySeqMtEphSlice slice_iter_over_subslice
        PASS [   1.597s] rust_verify_test::ProveChap19ArraySeqMtEphSlice slice_loop_borrow_iter
        PASS [   1.610s] rust_verify_test::ProveChap19ArraySeqStEph chap19_arrayseqsteph_for_borrow_into
        PASS [   1.699s] rust_verify_test::ProveChap19ArraySeqMtEphSlice slice_operations
        PASS [   1.657s] rust_verify_test::ProveChap19ArraySeqStEph chap19_arrayseqsteph_for_borrow_iter
        PASS [   1.633s] rust_verify_test::ProveChap19ArraySeqStEph chap19_arrayseqsteph_for_consume
        PASS [   1.644s] rust_verify_test::ProveChap19ArraySeqStEph chap19_arrayseqsteph_loop_borrow_into
        PASS [   1.700s] rust_verify_test::ProveChap19ArraySeqStEph chap19_arrayseqsteph_loop_borrow_iter
        PASS [   1.607s] rust_verify_test::ProveChap19ArraySeqStPer chap19_arrayseqstper_for_borrow_into
        PASS [   1.716s] rust_verify_test::ProveChap19ArraySeqStEph chap19_arrayseqsteph_loop_consume
        PASS [   1.647s] rust_verify_test::ProveChap19ArraySeqStPer chap19_arrayseqstper_for_borrow_iter
        PASS [   1.612s] rust_verify_test::ProveChap19ArraySeqStPer chap19_arrayseqstper_for_consume
        PASS [   1.647s] rust_verify_test::ProveChap19ArraySeqStPer chap19_arrayseqstper_loop_borrow_into
        PASS [   1.618s] rust_verify_test::ProveChap19ArraySeqStPer chap19_arrayseqstper_loop_borrow_iter
        PASS [   1.585s] rust_verify_test::ProveKleeneStPer kleene_alphabet
        PASS [   1.700s] rust_verify_test::ProveChap19ArraySeqStPer chap19_arrayseqstper_loop_consume
        PASS [   1.645s] rust_verify_test::ProveKleeneStPer kleene_mem_plus
        PASS [   1.652s] rust_verify_test::ProveKleeneStPer kleene_mem_star
        PASS [   1.645s] rust_verify_test::ProveLinkedListStEph linkedliststeph_for_iter
        PASS [   1.654s] rust_verify_test::ProveLinkedListStEph linkedliststeph_loop_loop
        PASS [   1.617s] rust_verify_test::ProveLinkedListStPer linkedliststper_loop_loop
        PASS [   1.651s] rust_verify_test::ProveLinkedListStPer linkedliststper_for_iter
        PASS [   1.669s] rust_verify_test::ProveMathSeq mathseq_for_borrow_into
        PASS [   1.633s] rust_verify_test::ProveMathSeq mathseq_for_borrow_iter
        PASS [   1.670s] rust_verify_test::ProveMathSeq mathseq_for_consume
        PASS [   1.605s] rust_verify_test::ProveMathSeq mathseq_loop_borrow_into
        PASS [   1.642s] rust_verify_test::ProveMathSeq mathseq_loop_consume
        PASS [   1.672s] rust_verify_test::ProveMathSeq mathseq_loop_borrow_iter
        PASS [   1.706s] rust_verify_test::ProveOrderedSetStEph chap43_orderedsetsteph_for_borrow_into
        PASS [   1.733s] rust_verify_test::ProveOrderedSetStEph chap43_orderedsetsteph_for_borrow_iter
        PASS [   1.634s] rust_verify_test::ProveOrderedSetStEph chap43_orderedsetsteph_loop_borrow_into
        PASS [   1.644s] rust_verify_test::ProveOrderedSetStEph chap43_orderedsetsteph_loop_borrow_iter
        PASS [   1.611s] rust_verify_test::ProveOrderedSetStPer chap43_orderedsetstper_loop_borrow_iter
        PASS [   1.673s] rust_verify_test::ProveOrderedSetStPer chap43_orderedsetstper_for_borrow_iter
        PASS [   1.749s] rust_verify_test::ProveOrderedTableMtEph chap43_orderedtablemteph_for_borrow_into
        PASS [   1.654s] rust_verify_test::ProveOrderedTableMtEph chap43_orderedtablemteph_loop_borrow_into
        PASS [   1.711s] rust_verify_test::ProveOrderedTableMtEph chap43_orderedtablemteph_for_borrow_iter
        PASS [   1.723s] rust_verify_test::ProveOrderedTableMtEph chap43_orderedtablemteph_loop_borrow_iter
        PASS [   1.711s] rust_verify_test::ProveOrderedTableStEph chap43_orderedtablesteph_for_borrow_into
        PASS [   1.768s] rust_verify_test::ProveOrderedTableStEph chap43_orderedtablesteph_for_borrow_iter
        PASS [   1.627s] rust_verify_test::ProveOrderedTableStEph chap43_orderedtablesteph_loop_borrow_into
        PASS [   1.667s] rust_verify_test::ProveOrderedTableStEph chap43_orderedtablesteph_loop_borrow_iter
        PASS [   1.822s] rust_verify_test::ProveOrderedTableStPer chap43_orderedtablestper_for_borrow_into
        PASS [   1.808s] rust_verify_test::ProveOrderedTableStPer chap43_orderedtablestper_for_borrow_iter
        PASS [   1.678s] rust_verify_test::ProveOrderedTableStPer chap43_orderedtablestper_loop_borrow_into
        PASS [   1.653s] rust_verify_test::ProveOrderedTableStPer chap43_orderedtablestper_loop_borrow_iter
        PASS [   1.618s] rust_verify_test::ProveParamBSTStEph parambststeph_for_borrow_into
        PASS [   1.625s] rust_verify_test::ProveParamBSTStEph parambststeph_for_borrow_iter
        PASS [   1.631s] rust_verify_test::ProveParamBSTStEph parambststeph_loop_borrow_iter
        PASS [   1.705s] rust_verify_test::ProvePrimTreeSeqStPer primtreeseq_for_borrow_into
        PASS [   1.613s] rust_verify_test::ProvePrimTreeSeqStPer primtreeseq_for_borrow_iter
        PASS [   1.745s] rust_verify_test::ProveParamBSTStEph parambststeph_loop_borrow_into
        PASS [   1.609s] rust_verify_test::ProvePrimTreeSeqStPer primtreeseq_for_consume
        PASS [   1.705s] rust_verify_test::ProvePrimTreeSeqStPer primtreeseq_loop_borrow_into
        PASS [   1.635s] rust_verify_test::ProvePrimTreeSeqStPer primtreeseq_loop_borrow_iter
        PASS [   1.563s] rust_verify_test::ProvePrimTreeSeqStPer primtreeseq_loop_consume
        PASS [   1.705s] rust_verify_test::ProveSetMtEph set_mt_eph_for_borrow_into
        PASS [   1.730s] rust_verify_test::ProveSetMtEph set_mt_eph_for_borrow_iter
        PASS [   1.818s] rust_verify_test::ProveSetMtEph set_mt_eph_loop_borrow_into
        PASS [   1.590s] rust_verify_test::ProveSetMtEph set_mt_eph_loop_borrow_iter
        PASS [   1.618s] rust_verify_test::ProveSetStEph setsteph_for_borrow_into
        PASS [   1.650s] rust_verify_test::ProveSetStEph setsteph_for_borrow_iter
        PASS [   1.625s] rust_verify_test::ProveSetStEph setsteph_loop_borrow_into
        PASS [   1.634s] rust_verify_test::ProveSetStEph setsteph_loop_borrow_iter
        PASS [   1.523s] rust_verify_test::Provedeep_view_standard deep_view_standard_for_borrow_into
        PASS [   1.591s] rust_verify_test::Provedeep_view_standard deep_view_standard_for_borrow_iter
        PASS [   1.543s] rust_verify_test::Provedeep_view_standard deep_view_standard_for_consume
        PASS [   1.500s] rust_verify_test::Provedeep_view_standard deep_view_standard_loop_borrow_into
        PASS [   1.544s] rust_verify_test::Provedeep_view_standard deep_view_standard_loop_consume
        PASS [   1.627s] rust_verify_test::Provedeep_view_standard deep_view_standard_loop_borrow_iter
        PASS [   1.506s] rust_verify_test::Provedeep_view_standard deep_view_standard_simple
        PASS [   1.660s] rust_verify_test::Proveiterators_standard iterators_standard_for_borrow_into
        PASS [   1.578s] rust_verify_test::Proveiterators_standard iterators_standard_for_borrow_iter
        PASS [   1.612s] rust_verify_test::Proveiterators_standard iterators_standard_for_consume
        PASS [   1.533s] rust_verify_test::Proveiterators_standard iterators_standard_loop_borrow_into
        PASS [   1.539s] rust_verify_test::Proveiterators_standard iterators_standard_loop_borrow_iter
        PASS [   1.621s] rust_verify_test::Proveiterators_standard iterators_standard_loop_consume
        PASS [   1.654s] rust_verify_test::Provemod_standard mod_standard_for_borrow_into
        PASS [   1.574s] rust_verify_test::Provemod_standard mod_standard_for_consume
        PASS [   1.624s] rust_verify_test::Provemod_standard mod_standard_for_borrow_iter
        PASS [   1.557s] rust_verify_test::Provemod_standard mod_standard_loop_borrow_iter
        PASS [   1.633s] rust_verify_test::Provemod_standard mod_standard_loop_borrow_into
        PASS [   1.614s] rust_verify_test::Provemod_standard mod_standard_loop_consume
        PASS [   1.619s] rust_verify_test::Provetable_of_contents_standard toc_standard_for_borrow_into
        PASS [   1.670s] rust_verify_test::Provetable_of_contents_standard toc_standard_for_consume
        PASS [   1.724s] rust_verify_test::Provetable_of_contents_standard toc_standard_for_borrow_iter
        PASS [   1.633s] rust_verify_test::Provetable_of_contents_standard toc_standard_loop_borrow_into
        PASS [   1.738s] rust_verify_test::Provetable_of_contents_standard toc_standard_loop_borrow_iter
        PASS [   1.592s] rust_verify_test::Provetable_of_contents_standard toc_standard_loop_consume
        PASS [   1.565s] rust_verify_test::Proveusing_closures_standard closures_inline_requires_ensures
        PASS [   1.688s] rust_verify_test::Proveusing_closures_standard closures_ghost_spec_fn
        PASS [   1.691s] rust_verify_test::Proveusing_closures_standard closures_let_bind_ensures
        PASS [   1.707s] rust_verify_test::Proveusing_closures_standard closures_map_apply
        PASS [   1.680s] rust_verify_test::Proveview_standard view_standard_for_borrow_into
        PASS [   1.736s] rust_verify_test::Proveview_standard view_standard_collection
        PASS [   1.568s] rust_verify_test::Proveview_standard view_standard_for_borrow_iter
        PASS [   1.521s] rust_verify_test::Proveview_standard view_standard_for_consume
        PASS [   1.526s] rust_verify_test::Proveview_standard view_standard_loop_borrow_into
        PASS [   1.588s] rust_verify_test::Proveview_standard view_standard_loop_borrow_iter
        PASS [   1.510s] rust_verify_test::Proveview_standard view_standard_loop_consume
        PASS [   1.514s] rust_verify_test::Proveview_standard view_standard_simple
        PASS [   1.585s] rust_verify_test::Provewrapping_iterators_standard wrapping_for_borrow_iter
        PASS [   1.630s] rust_verify_test::Provewrapping_iterators_standard wrapping_for_borrow_into
        PASS [   1.572s] rust_verify_test::Provewrapping_iterators_standard wrapping_loop_borrow_into
        PASS [   1.564s] rust_verify_test::Provewrapping_iterators_standard wrapping_loop_borrow_iter
        PASS [   1.627s] rust_verify_test::RelationStEph relation_st_eph_loop_loop
        PASS [   1.683s] rust_verify_test::RelationStEph relation_st_eph_for_iter
        PASS [   1.600s] rust_verify_test::SetMtEph set_mt_eph_from_vec
        PASS [   1.646s] rust_verify_test::SetMtEph set_mt_eph_for_iter
        PASS [   1.604s] rust_verify_test::SetMtEph set_mt_eph_loop_loop
        PASS [   1.609s] rust_verify_test::SetStEph set_st_eph_for_iter
        PASS [   1.545s] rust_verify_test::SetStEph set_st_eph_from_vec
        PASS [   1.586s] rust_verify_test::SetStEph set_st_eph_loop_loop
        PASS [   1.333s] rust_verify_test::prove_MathSeq_iters mathseq_iter_consuming
        PASS [   1.334s] rust_verify_test::prove_MathSeq_iters mathseq_iter_nested
        PASS [   1.330s] rust_verify_test::prove_MathSeq_iters mathseq_iter_range
────────────
     Summary [  63.958s] 237 tests run: 237 passed, 0 skipped
Elapsed: 302s
