warning: verus-related attribute has no effect because item is already marked external
   --> src/Chap37/BSTRBMtEph.rs:182:17
    |
182 |                 reveal_with_fuel(spec_is_bst_link, 3);
    |                 ^^^^^^^^^^^^^^^^

warning: verus-related attribute has no effect because item is already marked external
   --> src/Chap37/BSTRBMtEph.rs:183:17
    |
183 |                 reveal_with_fuel(link_contains, 3);
    |                 ^^^^^^^^^^^^^^^^

warning: verus-related attribute has no effect because item is already marked external
   --> src/Chap37/BSTRBMtEph.rs:194:21
    |
194 |                     reveal_with_fuel(spec_is_bst_link, 2);
    |                     ^^^^^^^^^^^^^^^^

warning: verus-related attribute has no effect because item is already marked external
   --> src/Chap37/BSTRBMtEph.rs:195:21
    |
195 |                     reveal_with_fuel(link_contains, 2);
    |                     ^^^^^^^^^^^^^^^^

warning: verus-related attribute has no effect because item is already marked external
   --> src/Chap37/BSTRBMtEph.rs:218:21
    |
218 |                     reveal_with_fuel(spec_is_bst_link, 3);
    |                     ^^^^^^^^^^^^^^^^

warning: verus-related attribute has no effect because item is already marked external
   --> src/Chap37/BSTRBMtEph.rs:219:21
    |
219 |                     reveal_with_fuel(link_contains, 4);
    |                     ^^^^^^^^^^^^^^^^

warning: verus-related attribute has no effect because item is already marked external
   --> src/Chap37/BSTRBMtEph.rs:228:25
    |
228 |                         reveal_with_fuel(link_contains, 2);
    |                         ^^^^^^^^^^^^^^^^

warning: verus-related attribute has no effect because item is already marked external
   --> src/Chap37/BSTRBMtEph.rs:238:25
    |
238 |                         reveal_with_fuel(spec_is_bst_link, 2);
    |                         ^^^^^^^^^^^^^^^^

warning: verus-related attribute has no effect because item is already marked external
   --> src/Chap37/BSTRBMtEph.rs:241:25
    |
241 |                         reveal_with_fuel(spec_is_bst_link, 2);
    |                         ^^^^^^^^^^^^^^^^

warning: verus-related attribute has no effect because item is already marked external
   --> src/Chap37/BSTRBMtEph.rs:244:25
    |
244 |                         reveal_with_fuel(link_contains, 4);
    |                         ^^^^^^^^^^^^^^^^

warning: verus-related attribute has no effect because item is already marked external
   --> src/Chap37/BSTRBMtEph.rs:266:17
    |
266 |                 reveal_with_fuel(spec_is_bst_link, 3);
    |                 ^^^^^^^^^^^^^^^^

warning: verus-related attribute has no effect because item is already marked external
   --> src/Chap37/BSTRBMtEph.rs:267:17
    |
267 |                 reveal_with_fuel(link_contains, 3);
    |                 ^^^^^^^^^^^^^^^^

warning: verus-related attribute has no effect because item is already marked external
   --> src/Chap37/BSTRBMtEph.rs:278:21
    |
278 |                     reveal_with_fuel(spec_is_bst_link, 2);
    |                     ^^^^^^^^^^^^^^^^

warning: verus-related attribute has no effect because item is already marked external
   --> src/Chap37/BSTRBMtEph.rs:279:21
    |
279 |                     reveal_with_fuel(link_contains, 2);
    |                     ^^^^^^^^^^^^^^^^

warning: verus-related attribute has no effect because item is already marked external
   --> src/Chap37/BSTRBMtEph.rs:302:21
    |
302 |                     reveal_with_fuel(spec_is_bst_link, 3);
    |                     ^^^^^^^^^^^^^^^^

warning: verus-related attribute has no effect because item is already marked external
   --> src/Chap37/BSTRBMtEph.rs:303:21
    |
303 |                     reveal_with_fuel(link_contains, 4);
    |                     ^^^^^^^^^^^^^^^^

warning: verus-related attribute has no effect because item is already marked external
   --> src/Chap37/BSTRBMtEph.rs:312:25
    |
312 |                         reveal_with_fuel(link_contains, 2);
    |                         ^^^^^^^^^^^^^^^^

warning: verus-related attribute has no effect because item is already marked external
   --> src/Chap37/BSTRBMtEph.rs:322:25
    |
322 |                         reveal_with_fuel(spec_is_bst_link, 2);
    |                         ^^^^^^^^^^^^^^^^

warning: verus-related attribute has no effect because item is already marked external
   --> src/Chap37/BSTRBMtEph.rs:325:25
    |
325 |                         reveal_with_fuel(spec_is_bst_link, 2);
    |                         ^^^^^^^^^^^^^^^^

warning: verus-related attribute has no effect because item is already marked external
   --> src/Chap37/BSTRBMtEph.rs:328:25
    |
328 |                         reveal_with_fuel(link_contains, 4);
    |                         ^^^^^^^^^^^^^^^^

warning: verus-related attribute has no effect because item is already marked external
   --> src/Chap37/BSTRBMtEph.rs:421:21
    |
421 |                     reveal_with_fuel(spec_is_bst_link, 2);
    |                     ^^^^^^^^^^^^^^^^

warning: verus-related attribute has no effect because item is already marked external
   --> src/Chap37/BSTRBMtEph.rs:422:21
    |
422 |                     reveal_with_fuel(link_contains, 2);
    |                     ^^^^^^^^^^^^^^^^

warning: verus-related attribute has no effect because item is already marked external
   --> src/Chap37/BSTRBMtEph.rs:436:29
    |
436 | ...                   reveal_with_fuel(spec_is_bst_link, 2);
    |                       ^^^^^^^^^^^^^^^^

warning: verus-related attribute has no effect because item is already marked external
   --> src/Chap37/BSTRBMtEph.rs:437:29
    |
437 | ...                   reveal_with_fuel(link_contains, 2);
    |                       ^^^^^^^^^^^^^^^^

warning: verus-related attribute has no effect because item is already marked external
   --> src/Chap37/BSTRBMtEph.rs:449:33
    |
449 | ...                   reveal_with_fuel(link_contains, 2);
    |                       ^^^^^^^^^^^^^^^^

warning: verus-related attribute has no effect because item is already marked external
   --> src/Chap37/BSTRBMtEph.rs:454:33
    |
454 | ...                   reveal_with_fuel(link_contains, 2);
    |                       ^^^^^^^^^^^^^^^^

warning: verus-related attribute has no effect because item is already marked external
   --> src/Chap37/BSTRBMtEph.rs:463:33
    |
463 | ...                   reveal_with_fuel(link_contains, 2);
    |                       ^^^^^^^^^^^^^^^^

warning: verus-related attribute has no effect because item is already marked external
   --> src/Chap37/BSTRBMtEph.rs:478:29
    |
478 | ...                   reveal_with_fuel(spec_is_bst_link, 2);
    |                       ^^^^^^^^^^^^^^^^

warning: verus-related attribute has no effect because item is already marked external
   --> src/Chap37/BSTRBMtEph.rs:479:29
    |
479 | ...                   reveal_with_fuel(link_contains, 2);
    |                       ^^^^^^^^^^^^^^^^

warning: verus-related attribute has no effect because item is already marked external
   --> src/Chap37/BSTRBMtEph.rs:491:33
    |
491 | ...                   reveal_with_fuel(link_contains, 2);
    |                       ^^^^^^^^^^^^^^^^

warning: verus-related attribute has no effect because item is already marked external
   --> src/Chap37/BSTRBMtEph.rs:496:33
    |
496 | ...                   reveal_with_fuel(link_contains, 2);
    |                       ^^^^^^^^^^^^^^^^

warning: verus-related attribute has no effect because item is already marked external
   --> src/Chap37/BSTRBMtEph.rs:505:33
    |
505 | ...                   reveal_with_fuel(link_contains, 2);
    |                       ^^^^^^^^^^^^^^^^

warning: verus-related attribute has no effect because item is already marked external
   --> src/Chap37/BSTRBMtEph.rs:518:29
    |
518 | ...                   reveal_with_fuel(spec_is_bst_link, 2);
    |                       ^^^^^^^^^^^^^^^^

warning: verus-related attribute has no effect because item is already marked external
   --> src/Chap37/BSTRBMtEph.rs:519:29
    |
519 | ...                   reveal_with_fuel(link_contains, 2);
    |                       ^^^^^^^^^^^^^^^^

warning: verus-related attribute has no effect because item is already marked external
   --> src/Chap37/BSTSplayMtEph.rs:160:13
    |
160 |             reveal_with_fuel(spec_is_bst_link, 4);
    |             ^^^^^^^^^^^^^^^^

warning: verus-related attribute has no effect because item is already marked external
   --> src/Chap37/BSTSplayMtEph.rs:161:13
    |
161 |             reveal_with_fuel(link_contains, 4);
    |             ^^^^^^^^^^^^^^^^

warning: verus-related attribute has no effect because item is already marked external
   --> src/Chap37/BSTSplayMtEph.rs:165:25
    |
165 |                 proof { reveal_with_fuel(link_contains, 2); }
    |                         ^^^^^^^^^^^^^^^^

warning: verus-related attribute has no effect because item is already marked external
   --> src/Chap37/BSTSplayMtEph.rs:216:29
    |
216 | ...                   reveal_with_fuel(spec_is_bst_link, 3);
    |                       ^^^^^^^^^^^^^^^^

warning: verus-related attribute has no effect because item is already marked external
   --> src/Chap37/BSTSplayMtEph.rs:217:29
    |
217 | ...                   reveal_with_fuel(link_contains, 4);
    |                       ^^^^^^^^^^^^^^^^

warning: verus-related attribute has no effect because item is already marked external
   --> src/Chap37/BSTSplayMtEph.rs:223:33
    |
223 | ...                   reveal_with_fuel(link_contains, 3);
    |                       ^^^^^^^^^^^^^^^^

warning: verus-related attribute has no effect because item is already marked external
   --> src/Chap37/BSTSplayMtEph.rs:235:33
    |
235 | ...                   reveal_with_fuel(link_contains, 3);
    |                       ^^^^^^^^^^^^^^^^

warning: verus-related attribute has no effect because item is already marked external
   --> src/Chap37/BSTSplayMtEph.rs:239:37
    |
239 | ...                   reveal_with_fuel(link_contains, 2);
    |                       ^^^^^^^^^^^^^^^^

warning: verus-related attribute has no effect because item is already marked external
   --> src/Chap37/BSTSplayMtEph.rs:251:33
    |
251 | ...                   reveal_with_fuel(link_contains, 3);
    |                       ^^^^^^^^^^^^^^^^

warning: verus-related attribute has no effect because item is already marked external
   --> src/Chap37/BSTSplayMtEph.rs:259:37
    |
259 | ...                   reveal_with_fuel(link_contains, 2);
    |                       ^^^^^^^^^^^^^^^^

warning: verus-related attribute has no effect because item is already marked external
   --> src/Chap37/BSTSplayMtEph.rs:298:33
    |
298 | ...                   reveal_with_fuel(spec_is_bst_link, 4);
    |                       ^^^^^^^^^^^^^^^^

warning: verus-related attribute has no effect because item is already marked external
   --> src/Chap37/BSTSplayMtEph.rs:299:33
    |
299 | ...                   reveal_with_fuel(link_contains, 5);
    |                       ^^^^^^^^^^^^^^^^

warning: verus-related attribute has no effect because item is already marked external
   --> src/Chap37/BSTSplayMtEph.rs:308:37
    |
308 | ...                   reveal_with_fuel(link_contains, 4);
    |                       ^^^^^^^^^^^^^^^^

warning: verus-related attribute has no effect because item is already marked external
   --> src/Chap37/BSTSplayMtEph.rs:312:41
    |
312 | ...                   reveal_with_fuel(link_contains, 3);
    |                       ^^^^^^^^^^^^^^^^

warning: verus-related attribute has no effect because item is already marked external
   --> src/Chap37/BSTSplayMtEph.rs:336:37
    |
336 | ...                   reveal_with_fuel(link_contains, 3);
    |                       ^^^^^^^^^^^^^^^^

warning: verus-related attribute has no effect because item is already marked external
   --> src/Chap37/BSTSplayMtEph.rs:348:37
    |
348 | ...                   reveal_with_fuel(link_contains, 5);
    |                       ^^^^^^^^^^^^^^^^

warning: verus-related attribute has no effect because item is already marked external
   --> src/Chap37/BSTSplayMtEph.rs:352:41
    |
352 | ...                   reveal_with_fuel(link_contains, 2);
    |                       ^^^^^^^^^^^^^^^^

warning: verus-related attribute has no effect because item is already marked external
   --> src/Chap37/BSTSplayMtEph.rs:363:37
    |
363 | ...                   reveal_with_fuel(link_contains, 5);
    |                       ^^^^^^^^^^^^^^^^

warning: verus-related attribute has no effect because item is already marked external
   --> src/Chap37/BSTSplayMtEph.rs:372:41
    |
372 | ...                   reveal_with_fuel(link_contains, 3);
    |                       ^^^^^^^^^^^^^^^^

warning: verus-related attribute has no effect because item is already marked external
   --> src/Chap37/BSTSplayMtEph.rs:379:45
    |
379 | ...                   reveal_with_fuel(link_contains, 2);
    |                       ^^^^^^^^^^^^^^^^

warning: verus-related attribute has no effect because item is already marked external
   --> src/Chap37/BSTSplayMtEph.rs:390:37
    |
390 | ...                   reveal_with_fuel(spec_is_bst_link, 4);
    |                       ^^^^^^^^^^^^^^^^

warning: verus-related attribute has no effect because item is already marked external
   --> src/Chap37/BSTSplayMtEph.rs:397:33
    |
397 | ...                   reveal_with_fuel(spec_is_bst_link, 3);
    |                       ^^^^^^^^^^^^^^^^

warning: verus-related attribute has no effect because item is already marked external
   --> src/Chap37/BSTSplayMtEph.rs:398:33
    |
398 | ...                   reveal_with_fuel(link_contains, 4);
    |                       ^^^^^^^^^^^^^^^^

warning: verus-related attribute has no effect because item is already marked external
   --> src/Chap37/BSTSplayMtEph.rs:403:37
    |
403 | ...                   reveal_with_fuel(link_contains, 3);
    |                       ^^^^^^^^^^^^^^^^

warning: verus-related attribute has no effect because item is already marked external
   --> src/Chap37/BSTSplayMtEph.rs:414:37
    |
414 | ...                   reveal_with_fuel(link_contains, 3);
    |                       ^^^^^^^^^^^^^^^^

warning: verus-related attribute has no effect because item is already marked external
   --> src/Chap37/BSTSplayMtEph.rs:418:41
    |
418 | ...                   reveal_with_fuel(link_contains, 2);
    |                       ^^^^^^^^^^^^^^^^

warning: verus-related attribute has no effect because item is already marked external
   --> src/Chap37/BSTSplayMtEph.rs:424:37
    |
424 | ...                   reveal_with_fuel(link_contains, 3);
    |                       ^^^^^^^^^^^^^^^^

warning: verus-related attribute has no effect because item is already marked external
   --> src/Chap37/BSTSplayMtEph.rs:428:41
    |
428 | ...                   reveal_with_fuel(link_contains, 2);
    |                       ^^^^^^^^^^^^^^^^

warning: verus-related attribute has no effect because item is already marked external
   --> src/Chap37/BSTSplayMtEph.rs:438:37
    |
438 | ...                   reveal_with_fuel(spec_is_bst_link, 4);
    |                       ^^^^^^^^^^^^^^^^

warning: verus-related attribute has no effect because item is already marked external
   --> src/Chap37/BSTSplayMtEph.rs:483:33
    |
483 | ...                   reveal_with_fuel(spec_is_bst_link, 4);
    |                       ^^^^^^^^^^^^^^^^

warning: verus-related attribute has no effect because item is already marked external
   --> src/Chap37/BSTSplayMtEph.rs:484:33
    |
484 | ...                   reveal_with_fuel(link_contains, 5);
    |                       ^^^^^^^^^^^^^^^^

warning: verus-related attribute has no effect because item is already marked external
   --> src/Chap37/BSTSplayMtEph.rs:490:37
    |
490 | ...                   reveal_with_fuel(link_contains, 3);
    |                       ^^^^^^^^^^^^^^^^

warning: verus-related attribute has no effect because item is already marked external
   --> src/Chap37/BSTSplayMtEph.rs:503:37
    |
503 | ...                   reveal_with_fuel(link_contains, 3);
    |                       ^^^^^^^^^^^^^^^^

warning: verus-related attribute has no effect because item is already marked external
   --> src/Chap37/BSTSplayMtEph.rs:530:37
    |
530 | ...                   reveal_with_fuel(link_contains, 5);
    |                       ^^^^^^^^^^^^^^^^

warning: verus-related attribute has no effect because item is already marked external
   --> src/Chap37/BSTSplayMtEph.rs:534:41
    |
534 | ...                   reveal_with_fuel(link_contains, 2);
    |                       ^^^^^^^^^^^^^^^^

warning: verus-related attribute has no effect because item is already marked external
   --> src/Chap37/BSTSplayMtEph.rs:545:37
    |
545 | ...                   reveal_with_fuel(link_contains, 5);
    |                       ^^^^^^^^^^^^^^^^

warning: verus-related attribute has no effect because item is already marked external
   --> src/Chap37/BSTSplayMtEph.rs:549:41
    |
549 | ...                   reveal_with_fuel(link_contains, 3);
    |                       ^^^^^^^^^^^^^^^^

warning: verus-related attribute has no effect because item is already marked external
   --> src/Chap37/BSTSplayMtEph.rs:559:41
    |
559 | ...                   reveal_with_fuel(link_contains, 3);
    |                       ^^^^^^^^^^^^^^^^

warning: verus-related attribute has no effect because item is already marked external
   --> src/Chap37/BSTSplayMtEph.rs:575:37
    |
575 | ...                   reveal_with_fuel(spec_is_bst_link, 2);
    |                       ^^^^^^^^^^^^^^^^

warning: verus-related attribute has no effect because item is already marked external
   --> src/Chap37/BSTSplayMtEph.rs:578:37
    |
578 | ...                   reveal_with_fuel(spec_is_bst_link, 2);
    |                       ^^^^^^^^^^^^^^^^

warning: verus-related attribute has no effect because item is already marked external
   --> src/Chap37/BSTSplayMtEph.rs:581:37
    |
581 | ...                   reveal_with_fuel(spec_is_bst_link, 2);
    |                       ^^^^^^^^^^^^^^^^

warning: verus-related attribute has no effect because item is already marked external
   --> src/Chap37/BSTSplayMtEph.rs:596:33
    |
596 | ...                   reveal_with_fuel(spec_is_bst_link, 3);
    |                       ^^^^^^^^^^^^^^^^

warning: verus-related attribute has no effect because item is already marked external
   --> src/Chap37/BSTSplayMtEph.rs:597:33
    |
597 | ...                   reveal_with_fuel(link_contains, 4);
    |                       ^^^^^^^^^^^^^^^^

warning: verus-related attribute has no effect because item is already marked external
   --> src/Chap37/BSTSplayMtEph.rs:602:37
    |
602 | ...                   reveal_with_fuel(link_contains, 3);
    |                       ^^^^^^^^^^^^^^^^

warning: verus-related attribute has no effect because item is already marked external
   --> src/Chap37/BSTSplayMtEph.rs:612:37
    |
612 | ...                   reveal_with_fuel(link_contains, 3);
    |                       ^^^^^^^^^^^^^^^^

warning: verus-related attribute has no effect because item is already marked external
   --> src/Chap37/BSTSplayMtEph.rs:616:41
    |
616 | ...                   reveal_with_fuel(link_contains, 2);
    |                       ^^^^^^^^^^^^^^^^

warning: verus-related attribute has no effect because item is already marked external
   --> src/Chap37/BSTSplayMtEph.rs:622:37
    |
622 | ...                   reveal_with_fuel(link_contains, 3);
    |                       ^^^^^^^^^^^^^^^^

warning: verus-related attribute has no effect because item is already marked external
   --> src/Chap37/BSTSplayMtEph.rs:629:41
    |
629 | ...                   reveal_with_fuel(link_contains, 2);
    |                       ^^^^^^^^^^^^^^^^

warning: verus-related attribute has no effect because item is already marked external
   --> src/Chap37/BSTSplayMtEph.rs:637:37
    |
637 | ...                   reveal_with_fuel(spec_is_bst_link, 4);
    |                       ^^^^^^^^^^^^^^^^

warning: verus-related attribute has no effect because item is already marked external
   --> src/Chap37/BSTSplayMtEph.rs:693:29
    |
693 | ...                   reveal_with_fuel(spec_is_bst_link, 3);
    |                       ^^^^^^^^^^^^^^^^

warning: verus-related attribute has no effect because item is already marked external
   --> src/Chap37/BSTSplayMtEph.rs:694:29
    |
694 | ...                   reveal_with_fuel(link_contains, 4);
    |                       ^^^^^^^^^^^^^^^^

warning: verus-related attribute has no effect because item is already marked external
   --> src/Chap37/BSTSplayMtEph.rs:700:33
    |
700 | ...                   reveal_with_fuel(link_contains, 3);
    |                       ^^^^^^^^^^^^^^^^

warning: verus-related attribute has no effect because item is already marked external
   --> src/Chap37/BSTSplayMtEph.rs:713:33
    |
713 | ...                   reveal_with_fuel(link_contains, 3);
    |                       ^^^^^^^^^^^^^^^^

warning: verus-related attribute has no effect because item is already marked external
   --> src/Chap37/BSTSplayMtEph.rs:717:37
    |
717 | ...                   reveal_with_fuel(link_contains, 2);
    |                       ^^^^^^^^^^^^^^^^

warning: verus-related attribute has no effect because item is already marked external
   --> src/Chap37/BSTSplayMtEph.rs:729:33
    |
729 | ...                   reveal_with_fuel(link_contains, 3);
    |                       ^^^^^^^^^^^^^^^^

warning: verus-related attribute has no effect because item is already marked external
   --> src/Chap37/BSTSplayMtEph.rs:738:37
    |
738 | ...                   reveal_with_fuel(link_contains, 2);
    |                       ^^^^^^^^^^^^^^^^

warning: verus-related attribute has no effect because item is already marked external
   --> src/Chap37/BSTSplayMtEph.rs:777:33
    |
777 | ...                   reveal_with_fuel(spec_is_bst_link, 4);
    |                       ^^^^^^^^^^^^^^^^

warning: verus-related attribute has no effect because item is already marked external
   --> src/Chap37/BSTSplayMtEph.rs:778:33
    |
778 | ...                   reveal_with_fuel(link_contains, 5);
    |                       ^^^^^^^^^^^^^^^^

warning: verus-related attribute has no effect because item is already marked external
   --> src/Chap37/BSTSplayMtEph.rs:787:37
    |
787 | ...                   reveal_with_fuel(link_contains, 4);
    |                       ^^^^^^^^^^^^^^^^

warning: verus-related attribute has no effect because item is already marked external
   --> src/Chap37/BSTSplayMtEph.rs:791:41
    |
791 | ...                   reveal_with_fuel(link_contains, 3);
    |                       ^^^^^^^^^^^^^^^^

warning: verus-related attribute has no effect because item is already marked external
   --> src/Chap37/BSTSplayMtEph.rs:815:37
    |
815 | ...                   reveal_with_fuel(link_contains, 3);
    |                       ^^^^^^^^^^^^^^^^

warning: verus-related attribute has no effect because item is already marked external
   --> src/Chap37/BSTSplayMtEph.rs:827:37
    |
827 | ...                   reveal_with_fuel(link_contains, 5);
    |                       ^^^^^^^^^^^^^^^^

warning: verus-related attribute has no effect because item is already marked external
   --> src/Chap37/BSTSplayMtEph.rs:831:41
    |
831 | ...                   reveal_with_fuel(link_contains, 2);
    |                       ^^^^^^^^^^^^^^^^

warning: verus-related attribute has no effect because item is already marked external
   --> src/Chap37/BSTSplayMtEph.rs:842:37
    |
842 | ...                   reveal_with_fuel(link_contains, 5);
    |                       ^^^^^^^^^^^^^^^^

warning: verus-related attribute has no effect because item is already marked external
   --> src/Chap37/BSTSplayMtEph.rs:851:41
    |
851 | ...                   reveal_with_fuel(link_contains, 3);
    |                       ^^^^^^^^^^^^^^^^

warning: verus-related attribute has no effect because item is already marked external
   --> src/Chap37/BSTSplayMtEph.rs:858:45
    |
858 | ...                   reveal_with_fuel(link_contains, 2);
    |                       ^^^^^^^^^^^^^^^^

warning: verus-related attribute has no effect because item is already marked external
   --> src/Chap37/BSTSplayMtEph.rs:874:37
    |
874 | ...                   reveal_with_fuel(spec_is_bst_link, 2);
    |                       ^^^^^^^^^^^^^^^^

warning: verus-related attribute has no effect because item is already marked external
   --> src/Chap37/BSTSplayMtEph.rs:877:37
    |
877 | ...                   reveal_with_fuel(spec_is_bst_link, 2);
    |                       ^^^^^^^^^^^^^^^^

warning: verus-related attribute has no effect because item is already marked external
   --> src/Chap37/BSTSplayMtEph.rs:880:37
    |
880 | ...                   reveal_with_fuel(spec_is_bst_link, 2);
    |                       ^^^^^^^^^^^^^^^^

warning: verus-related attribute has no effect because item is already marked external
   --> src/Chap37/BSTSplayMtEph.rs:887:33
    |
887 | ...                   reveal_with_fuel(spec_is_bst_link, 3);
    |                       ^^^^^^^^^^^^^^^^

warning: verus-related attribute has no effect because item is already marked external
   --> src/Chap37/BSTSplayMtEph.rs:888:33
    |
888 | ...                   reveal_with_fuel(link_contains, 4);
    |                       ^^^^^^^^^^^^^^^^

warning: verus-related attribute has no effect because item is already marked external
   --> src/Chap37/BSTSplayMtEph.rs:893:37
    |
893 | ...                   reveal_with_fuel(link_contains, 3);
    |                       ^^^^^^^^^^^^^^^^

warning: verus-related attribute has no effect because item is already marked external
   --> src/Chap37/BSTSplayMtEph.rs:904:37
    |
904 | ...                   reveal_with_fuel(link_contains, 3);
    |                       ^^^^^^^^^^^^^^^^

warning: verus-related attribute has no effect because item is already marked external
   --> src/Chap37/BSTSplayMtEph.rs:908:41
    |
908 | ...                   reveal_with_fuel(link_contains, 2);
    |                       ^^^^^^^^^^^^^^^^

warning: verus-related attribute has no effect because item is already marked external
   --> src/Chap37/BSTSplayMtEph.rs:914:37
    |
914 | ...                   reveal_with_fuel(link_contains, 3);
    |                       ^^^^^^^^^^^^^^^^

warning: verus-related attribute has no effect because item is already marked external
   --> src/Chap37/BSTSplayMtEph.rs:918:41
    |
918 | ...                   reveal_with_fuel(link_contains, 2);
    |                       ^^^^^^^^^^^^^^^^

warning: verus-related attribute has no effect because item is already marked external
   --> src/Chap37/BSTSplayMtEph.rs:928:37
    |
928 | ...                   reveal_with_fuel(spec_is_bst_link, 4);
    |                       ^^^^^^^^^^^^^^^^

warning: verus-related attribute has no effect because item is already marked external
   --> src/Chap37/BSTSplayMtEph.rs:973:33
    |
973 | ...                   reveal_with_fuel(spec_is_bst_link, 4);
    |                       ^^^^^^^^^^^^^^^^

warning: verus-related attribute has no effect because item is already marked external
   --> src/Chap37/BSTSplayMtEph.rs:974:33
    |
974 | ...                   reveal_with_fuel(link_contains, 5);
    |                       ^^^^^^^^^^^^^^^^

warning: verus-related attribute has no effect because item is already marked external
   --> src/Chap37/BSTSplayMtEph.rs:980:37
    |
980 | ...                   reveal_with_fuel(link_contains, 3);
    |                       ^^^^^^^^^^^^^^^^

warning: verus-related attribute has no effect because item is already marked external
   --> src/Chap37/BSTSplayMtEph.rs:993:37
    |
993 | ...                   reveal_with_fuel(link_contains, 3);
    |                       ^^^^^^^^^^^^^^^^

warning: verus-related attribute has no effect because item is already marked external
    --> src/Chap37/BSTSplayMtEph.rs:1020:37
     |
1020 | ...                   reveal_with_fuel(link_contains, 5);
     |                       ^^^^^^^^^^^^^^^^

warning: verus-related attribute has no effect because item is already marked external
    --> src/Chap37/BSTSplayMtEph.rs:1024:41
     |
1024 | ...                   reveal_with_fuel(link_contains, 2);
     |                       ^^^^^^^^^^^^^^^^

warning: verus-related attribute has no effect because item is already marked external
    --> src/Chap37/BSTSplayMtEph.rs:1035:37
     |
1035 | ...                   reveal_with_fuel(link_contains, 5);
     |                       ^^^^^^^^^^^^^^^^

warning: verus-related attribute has no effect because item is already marked external
    --> src/Chap37/BSTSplayMtEph.rs:1039:41
     |
1039 | ...                   reveal_with_fuel(link_contains, 3);
     |                       ^^^^^^^^^^^^^^^^

warning: verus-related attribute has no effect because item is already marked external
    --> src/Chap37/BSTSplayMtEph.rs:1049:41
     |
1049 | ...                   reveal_with_fuel(link_contains, 3);
     |                       ^^^^^^^^^^^^^^^^

warning: verus-related attribute has no effect because item is already marked external
    --> src/Chap37/BSTSplayMtEph.rs:1060:37
     |
1060 | ...                   reveal_with_fuel(spec_is_bst_link, 4);
     |                       ^^^^^^^^^^^^^^^^

warning: verus-related attribute has no effect because item is already marked external
    --> src/Chap37/BSTSplayMtEph.rs:1075:33
     |
1075 | ...                   reveal_with_fuel(spec_is_bst_link, 3);
     |                       ^^^^^^^^^^^^^^^^

warning: verus-related attribute has no effect because item is already marked external
    --> src/Chap37/BSTSplayMtEph.rs:1076:33
     |
1076 | ...                   reveal_with_fuel(link_contains, 4);
     |                       ^^^^^^^^^^^^^^^^

warning: verus-related attribute has no effect because item is already marked external
    --> src/Chap37/BSTSplayMtEph.rs:1081:37
     |
1081 | ...                   reveal_with_fuel(link_contains, 3);
     |                       ^^^^^^^^^^^^^^^^

warning: verus-related attribute has no effect because item is already marked external
    --> src/Chap37/BSTSplayMtEph.rs:1091:37
     |
1091 | ...                   reveal_with_fuel(link_contains, 3);
     |                       ^^^^^^^^^^^^^^^^

warning: verus-related attribute has no effect because item is already marked external
    --> src/Chap37/BSTSplayMtEph.rs:1095:41
     |
1095 | ...                   reveal_with_fuel(link_contains, 2);
     |                       ^^^^^^^^^^^^^^^^

warning: verus-related attribute has no effect because item is already marked external
    --> src/Chap37/BSTSplayMtEph.rs:1101:37
     |
1101 | ...                   reveal_with_fuel(link_contains, 3);
     |                       ^^^^^^^^^^^^^^^^

warning: verus-related attribute has no effect because item is already marked external
    --> src/Chap37/BSTSplayMtEph.rs:1108:41
     |
1108 | ...                   reveal_with_fuel(link_contains, 2);
     |                       ^^^^^^^^^^^^^^^^

warning: verus-related attribute has no effect because item is already marked external
    --> src/Chap37/BSTSplayMtEph.rs:1116:37
     |
1116 | ...                   reveal_with_fuel(spec_is_bst_link, 4);
     |                       ^^^^^^^^^^^^^^^^

warning: Verus does not (yet) support autoderive Clone impl when the clone is not a copy; continuing, but without adding a specification for the derived Clone impl
  --> src/Chap65/PrimStEph.rs:37:14
   |
37 |     #[derive(Clone, PartialEq, Eq)]
   |              ^^^^^

note: automatically chose triggers for this expression:
   --> src/Chap37/BSTRBMtEph.rs:571:31
    |
571 |             min.is_some() ==> forall|x: T| link_contains(*link, x) ==> TotalOrder::le(*min.unwrap(), x),
    |                               ^^^^^^^^^^^^^^^^^^^^^^^^^^^^^^^^^^^^^^^^^^^^^^^^^^^^^^^^^^^^^^^^^^^^^^^^^

note:   trigger 1 of 1:
   --> src/Chap37/BSTRBMtEph.rs:571:44
    |
571 |             min.is_some() ==> forall|x: T| link_contains(*link, x) ==> TotalOrder::le(*min.unwrap(), x),
    |                                            ^^^^^^^^^^^^^^^^^^^^^^^

note: automatically chose triggers for this expression:
   --> src/Chap37/BSTRBMtEph.rs:579:25
    |
579 |                         assert forall|x: T| link_contains(*link, x) implies TotalOrder::le(node.key, x) by {
    |                         ^^^^^^

note:   trigger 1 of 1:
   --> src/Chap37/BSTRBMtEph.rs:579:45
    |
579 |                         assert forall|x: T| link_contains(*link, x) implies TotalOrder::le(node.key, x) by {
    |                                             ^^^^^^^^^^^^^^^^^^^^^^^

note: automatically chose triggers for this expression:
   --> src/Chap37/BSTRBMtEph.rs:597:25
    |
597 |                         assert forall|x: T| link_contains(*link, x) implies TotalOrder::le(*min.unwrap(), x) by {
    |                         ^^^^^^

note:   trigger 1 of 1:
   --> src/Chap37/BSTRBMtEph.rs:597:45
    |
597 |                         assert forall|x: T| link_contains(*link, x) implies TotalOrder::le(*min.unwrap(), x) by {
    |                                             ^^^^^^^^^^^^^^^^^^^^^^^

note: automatically chose triggers for this expression:
   --> src/Chap37/BSTRBMtEph.rs:619:31
    |
619 |             max.is_some() ==> forall|x: T| link_contains(*link, x) ==> TotalOrder::le(x, *max.unwrap()),
    |                               ^^^^^^^^^^^^^^^^^^^^^^^^^^^^^^^^^^^^^^^^^^^^^^^^^^^^^^^^^^^^^^^^^^^^^^^^^

note:   trigger 1 of 1:
   --> src/Chap37/BSTRBMtEph.rs:619:44
    |
619 |             max.is_some() ==> forall|x: T| link_contains(*link, x) ==> TotalOrder::le(x, *max.unwrap()),
    |                                            ^^^^^^^^^^^^^^^^^^^^^^^

note: automatically chose triggers for this expression:
   --> src/Chap37/BSTRBMtEph.rs:627:25
    |
627 |                         assert forall|x: T| link_contains(*link, x) implies TotalOrder::le(x, node.key) by {
    |                         ^^^^^^

note:   trigger 1 of 1:
   --> src/Chap37/BSTRBMtEph.rs:627:45
    |
627 |                         assert forall|x: T| link_contains(*link, x) implies TotalOrder::le(x, node.key) by {
    |                                             ^^^^^^^^^^^^^^^^^^^^^^^

note: automatically chose triggers for this expression:
   --> src/Chap37/BSTRBMtEph.rs:645:25
    |
645 |                         assert forall|x: T| link_contains(*link, x) implies TotalOrder::le(x, *max.unwrap()) by {
    |                         ^^^^^^

note:   trigger 1 of 1:
   --> src/Chap37/BSTRBMtEph.rs:645:45
    |
645 |                         assert forall|x: T| link_contains(*link, x) implies TotalOrder::le(x, *max.unwrap()) by {
    |                                             ^^^^^^^^^^^^^^^^^^^^^^^

note: automatically chose triggers for this expression:
   --> src/Chap37/BSTAVLMtEph.rs:257:29
    |
257 | ...                   assert forall|x: T| new_left.tree_contains(x) implies
    |                       ^^^^^^

note:   trigger 1 of 1:
   --> src/Chap37/BSTAVLMtEph.rs:258:33
    |
258 | ...                   T::le(x, node_val) && x != node_val
    |                       ^^^^^^^^^^^^^^^^^^

note: automatically chose triggers for this expression:
   --> src/Chap37/BSTAVLMtEph.rs:260:29
    |
260 | ...                   assert forall|x: T| old_right.tree_contains(x) implies
    |                       ^^^^^^

note:   trigger 1 of 1:
   --> src/Chap37/BSTAVLMtEph.rs:261:33
    |
261 | ...                   T::le(node_val, x) && x != node_val by {};
    |                       ^^^^^^^^^^^^^^^^^^

note: automatically chose triggers for this expression:
   --> src/Chap37/BSTAVLMtEph.rs:281:29
    |
281 | ...                   assert forall|x: T| old_left.tree_contains(x) implies
    |                       ^^^^^^

note:   trigger 1 of 1:
   --> src/Chap37/BSTAVLMtEph.rs:282:33
    |
282 | ...                   T::le(x, node_val) && x != node_val by {};
    |                       ^^^^^^^^^^^^^^^^^^

note: automatically chose triggers for this expression:
   --> src/Chap37/BSTAVLMtEph.rs:283:29
    |
283 | ...                   assert forall|x: T| new_right.tree_contains(x) implies
    |                       ^^^^^^

note:   trigger 1 of 1:
   --> src/Chap37/BSTAVLMtEph.rs:284:33
    |
284 | ...                   T::le(node_val, x) && x != node_val
    |                       ^^^^^^^^^^^^^^^^^^

note: automatically chose triggers for this expression:
   --> src/Chap37/BSTAVLMtEph.rs:119:29
    |
119 | ...                   assert forall|z: T| old_lr.tree_contains(z) implies
    |                       ^^^^^^

note:   trigger 1 of 1:
   --> src/Chap37/BSTAVLMtEph.rs:120:33
    |
120 | ...                   T::le(z, y_val) && z != y_val
    |                       ^^^^^^^^^^^^^^^

note: automatically chose triggers for this expression:
   --> src/Chap37/BSTAVLMtEph.rs:125:29
    |
125 | ...                   assert forall|z: T| right_sub.tree_contains(z) implies
    |                       ^^^^^^

note:   trigger 1 of 1:
   --> src/Chap37/BSTAVLMtEph.rs:126:33
    |
126 | ...                   T::le(x_val, z) && z != x_val
    |                       ^^^^^^^^^^^^^^^

note: automatically chose triggers for this expression:
   --> src/Chap37/BSTAVLMtEph.rs:185:29
    |
185 | ...                   assert forall|z: T| old_rl.tree_contains(z) implies
    |                       ^^^^^^

note:   trigger 1 of 1:
   --> src/Chap37/BSTAVLMtEph.rs:186:33
    |
186 | ...                   T::le(x_val, z) && z != x_val
    |                       ^^^^^^^^^^^^^^^

note: automatically chose triggers for this expression:
   --> src/Chap37/BSTAVLMtEph.rs:191:29
    |
191 | ...                   assert forall|z: T| left_sub.tree_contains(z) implies
    |                       ^^^^^^

note:   trigger 1 of 1:
   --> src/Chap37/BSTAVLMtEph.rs:192:33
    |
192 | ...                   T::le(z, y_val) && z != y_val
    |                       ^^^^^^^^^^^^^^^

note: Verus printed one or more automatically chosen quantifier triggers
      because it had low confidence in the chosen triggers.
      To suppress these messages, do one of the following:
        (1) manually annotate a single desired trigger using #[trigger]
            (example: forall|i: int, j: int| f(i) && #[trigger] g(i) && #[trigger] h(j)),
        (2) manually annotate multiple desired triggers using #![trigger ...]
            (example: forall|i: int| #![trigger f(i)] #![trigger g(i)] f(i) && g(i)),
        (3) accept the automatically chosen trigger using #![auto]
            (example: forall|i: int, j: int| #![auto] f(i) && g(i) && h(j))
        (4) use the --triggers-mode silent command-line option to suppress all printing of triggers.
      (Note: triggers are used by the underlying SMT theorem prover to instantiate quantifiers;
      the theorem prover instantiates a quantifier whenever some expression matches the
      pattern specified by one of the quantifier's triggers.)
   --> src/Chap37/BSTAVLMtEph.rs:191:29
    |
191 | ...                   assert forall|z: T| left_sub.tree_contains(z) implies
    |                       ^^^^^^

verification results:: 4736 verified, 0 errors
warning: 130 warnings emitted

    Finished `release` profile [optimized] target(s) in 0.02s
────────────
 Nextest run ID 3f315256-7da7-4d87-bc8d-d31d22d8fad7 with nextest profile: default
    Starting 157 tests across 37 binaries
        PASS [   1.266s] rust_verify_test::HashSetWithViewPlus hash_set_wvp_loop_loop
        PASS [   1.270s] rust_verify_test::HashMapWithViewPlus hash_map_wvp_loop_loop
        PASS [   1.350s] rust_verify_test::HashSetWithViewPlus hash_set_wvp_for_iter
        PASS [   1.350s] rust_verify_test::HashMapWithViewPlus hash_map_wvp_for_iter
        PASS [   1.429s] rust_verify_test::MappingStEph mapping_st_eph_loop_loop
        PASS [   1.461s] rust_verify_test::MappingStEph mapping_st_eph_for_iter
        PASS [   1.343s] rust_verify_test::ProveAVLTreeSeq avltreeseq_loop_borrow_iter
        PASS [   1.396s] rust_verify_test::ProveAVLTreeSeq avltreeseq_for_borrow_iter
        PASS [   1.318s] rust_verify_test::ProveAVLTreeSetMtEph avltreesetmteph_for_borrow_into
        PASS [   1.374s] rust_verify_test::ProveAVLTreeSetMtEph avltreesetmteph_for_borrow_iter
        PASS [   1.301s] rust_verify_test::ProveAVLTreeSetMtEph avltreesetmteph_loop_borrow_iter
        PASS [   1.274s] rust_verify_test::ProveArraySeq arrayseq_filter
        PASS [   1.228s] rust_verify_test::ProveArraySeq arrayseq_iterate
        PASS [   1.344s] rust_verify_test::ProveArraySeq arrayseq_for_iter
        PASS [   1.267s] rust_verify_test::ProveArraySeq arrayseq_map
        PASS [   1.329s] rust_verify_test::ProveArraySeq arrayseq_iterate_prefixes
        PASS [   1.296s] rust_verify_test::ProveArraySeq arrayseq_loop_loop
        PASS [   1.380s] rust_verify_test::ProveArraySeq arrayseq_reduce
        PASS [   1.296s] rust_verify_test::ProveArraySeq arrayseq_tabulate
        PASS [   1.313s] rust_verify_test::ProveArraySeqMtEph arrayseqmteph_for_iter
        PASS [   1.491s] rust_verify_test::ProveArraySeq arrayseq_scan
        PASS [   1.450s] rust_verify_test::ProveArraySeq arrayseq_scan_inclusive
        PASS [   1.293s] rust_verify_test::ProveArraySeqMtPer arrayseqmtper_for_iter
        PASS [   1.394s] rust_verify_test::ProveArraySeqMtEph arrayseqmteph_loop_loop
        PASS [   1.299s] rust_verify_test::ProveArraySeqMtPer arrayseqmtper_loop_loop
        PASS [   1.338s] rust_verify_test::ProveArraySeqStEph arrayseqsteph_for_borrow_into
        PASS [   1.306s] rust_verify_test::ProveArraySeqStEph arrayseqsteph_for_borrow_iter
        PASS [   1.310s] rust_verify_test::ProveArraySeqStEph arrayseqsteph_loop_borrow_iter
        PASS [   1.339s] rust_verify_test::ProveArraySeqStEph arrayseqsteph_loop_borrow_into
        PASS [   1.365s] rust_verify_test::ProveArraySeqStEph arrayseqsteph_for_consume
        PASS [   1.374s] rust_verify_test::ProveArraySeqStEph arrayseqsteph_loop_consume
        PASS [   1.387s] rust_verify_test::ProveArraySeqStPer arrayseqstper_for_iter
        PASS [   1.273s] rust_verify_test::ProveBFSStEph chap54_bfssteph_bottom_up_loop
        PASS [   1.380s] rust_verify_test::ProveArraySeqStPer arrayseqstper_loop_loop
        PASS [   1.330s] rust_verify_test::ProveBFSMtEph chap54_bfsmteph_top_down_loop
        PASS [   1.379s] rust_verify_test::ProveBFSMtEph chap54_bfsmteph_bottom_up_loop
        PASS [   1.323s] rust_verify_test::ProveBFSStEph chap54_bfssteph_top_down_loop
        PASS [   1.356s] rust_verify_test::ProveBalBinTreeStEph balbintree_for_inorder
        PASS [   1.335s] rust_verify_test::ProveBalBinTreeStEph balbintree_inorder_spec_match
        PASS [   1.309s] rust_verify_test::ProveBalBinTreeStEph balbintree_leaf_iter_exhausted
        PASS [   1.363s] rust_verify_test::ProveBalBinTreeStEph balbintree_for_preorder
        PASS [   1.394s] rust_verify_test::ProveBalBinTreeStEph balbintree_for_postorder
        PASS [   1.264s] rust_verify_test::ProveBalBinTreeStEph balbintree_leaf_traversals_empty
        PASS [   1.300s] rust_verify_test::ProveBalBinTreeStEph balbintree_preorder_spec_match
        PASS [   1.334s] rust_verify_test::ProveBalBinTreeStEph balbintree_postorder_spec_match
        PASS [   1.384s] rust_verify_test::ProveBalBinTreeStEph balbintree_loop_inorder
        PASS [   1.376s] rust_verify_test::ProveBalBinTreeStEph balbintree_loop_preorder
        PASS [   1.399s] rust_verify_test::ProveBalBinTreeStEph balbintree_loop_postorder
        PASS [   1.302s] rust_verify_test::ProveChap19ArraySeqMtEph chap19_arrayseqmteph_for_borrow_into
        PASS [   1.314s] rust_verify_test::ProveChap19ArraySeqMtEph chap19_arrayseqmteph_for_borrow_iter
        PASS [   1.343s] rust_verify_test::ProveChap19ArraySeqMtEph chap19_arrayseqmteph_loop_borrow_iter
        PASS [   1.377s] rust_verify_test::ProveChap19ArraySeqMtEph chap19_arrayseqmteph_for_consume
        PASS [   1.395s] rust_verify_test::ProveChap19ArraySeqMtEph chap19_arrayseqmteph_loop_borrow_into
        PASS [   1.361s] rust_verify_test::ProveChap19ArraySeqMtEph chap19_arrayseqmteph_loop_consume
        PASS [   1.301s] rust_verify_test::ProveChap19ArraySeqMtEphSlice slice_for_borrow_into
        PASS [   1.334s] rust_verify_test::ProveChap19ArraySeqMtEphSlice slice_for_borrow_iter
        PASS [   1.273s] rust_verify_test::ProveChap19ArraySeqMtEphSlice slice_loop_borrow_iter
        PASS [   1.381s] rust_verify_test::ProveChap19ArraySeqMtEphSlice slice_iter_over_subslice
        PASS [   1.381s] rust_verify_test::ProveChap19ArraySeqStEph chap19_arrayseqsteph_for_borrow_into
        PASS [   1.384s] rust_verify_test::ProveChap19ArraySeqMtEphSlice slice_operations
        PASS [   1.331s] rust_verify_test::ProveChap19ArraySeqStEph chap19_arrayseqsteph_for_borrow_iter
        PASS [   1.385s] rust_verify_test::ProveChap19ArraySeqStEph chap19_arrayseqsteph_loop_borrow_into
        PASS [   1.427s] rust_verify_test::ProveChap19ArraySeqStEph chap19_arrayseqsteph_for_consume
        PASS [   1.323s] rust_verify_test::ProveChap19ArraySeqStEph chap19_arrayseqsteph_loop_borrow_iter
        PASS [   1.323s] rust_verify_test::ProveChap19ArraySeqStEph chap19_arrayseqsteph_loop_consume
        PASS [   1.368s] rust_verify_test::ProveChap19ArraySeqStPer chap19_arrayseqstper_for_borrow_into
        PASS [   1.322s] rust_verify_test::ProveChap19ArraySeqStPer chap19_arrayseqstper_for_borrow_iter
        PASS [   1.278s] rust_verify_test::ProveChap19ArraySeqStPer chap19_arrayseqstper_for_consume
        PASS [   1.315s] rust_verify_test::ProveChap19ArraySeqStPer chap19_arrayseqstper_loop_borrow_into
        PASS [   1.266s] rust_verify_test::ProveChap19ArraySeqStPer chap19_arrayseqstper_loop_consume
        PASS [   1.251s] rust_verify_test::ProveKleeneStPer kleene_alphabet
        PASS [   1.351s] rust_verify_test::ProveChap19ArraySeqStPer chap19_arrayseqstper_loop_borrow_iter
        PASS [   1.281s] rust_verify_test::ProveKleeneStPer kleene_mem_plus
        PASS [   1.332s] rust_verify_test::ProveKleeneStPer kleene_mem_star
        PASS [   1.286s] rust_verify_test::ProveLinkedListStPer linkedliststper_loop_loop
        PASS [   1.371s] rust_verify_test::ProveLinkedListStEph linkedliststeph_for_iter
        PASS [   1.377s] rust_verify_test::ProveLinkedListStEph linkedliststeph_loop_loop
        PASS [   1.363s] rust_verify_test::ProveLinkedListStPer linkedliststper_for_iter
        PASS [   1.366s] rust_verify_test::ProveMathSeq mathseq_for_borrow_into
        PASS [   1.350s] rust_verify_test::ProveMathSeq mathseq_for_borrow_iter
        PASS [   1.287s] rust_verify_test::ProveMathSeq mathseq_loop_borrow_iter
        PASS [   1.300s] rust_verify_test::ProveMathSeq mathseq_loop_consume
        PASS [   1.336s] rust_verify_test::ProveMathSeq mathseq_loop_borrow_into
        PASS [   1.384s] rust_verify_test::ProveMathSeq mathseq_for_consume
        PASS [   1.303s] rust_verify_test::ProveOrderedSetStEph chap43_orderedsetsteph_for_borrow_into
        PASS [   1.388s] rust_verify_test::ProveOrderedSetStEph chap43_orderedsetsteph_for_borrow_iter
        PASS [   1.378s] rust_verify_test::ProveOrderedSetStEph chap43_orderedsetsteph_loop_borrow_into
        PASS [   1.416s] rust_verify_test::ProveOrderedSetStEph chap43_orderedsetsteph_loop_borrow_iter
        PASS [   1.444s] rust_verify_test::ProveOrderedTableStEph chap43_orderedtablesteph_for_borrow_into
        PASS [   1.425s] rust_verify_test::ProveOrderedTableStEph chap43_orderedtablesteph_for_borrow_iter
        PASS [   1.343s] rust_verify_test::ProveOrderedTableStEph chap43_orderedtablesteph_loop_borrow_into
        PASS [   1.349s] rust_verify_test::ProveOrderedTableStEph chap43_orderedtablesteph_loop_borrow_iter
        PASS [   1.382s] rust_verify_test::ProveOrderedTableStPer chap43_orderedtablestper_for_borrow_into
        PASS [   1.407s] rust_verify_test::ProveOrderedTableStPer chap43_orderedtablestper_for_borrow_iter
        PASS [   1.390s] rust_verify_test::ProveOrderedTableStPer chap43_orderedtablestper_loop_borrow_into
        PASS [   1.427s] rust_verify_test::ProveOrderedTableStPer chap43_orderedtablestper_loop_borrow_iter
        PASS [   1.211s] rust_verify_test::ProvePrimTreeSeqStPer primtreeseq_for_borrow_into
        PASS [   1.290s] rust_verify_test::ProvePrimTreeSeqStPer primtreeseq_for_borrow_iter
        PASS [   1.215s] rust_verify_test::ProvePrimTreeSeqStPer primtreeseq_loop_borrow_into
        PASS [   1.320s] rust_verify_test::ProvePrimTreeSeqStPer primtreeseq_for_consume
        PASS [   1.219s] rust_verify_test::ProvePrimTreeSeqStPer primtreeseq_loop_borrow_iter
        PASS [   1.260s] rust_verify_test::ProvePrimTreeSeqStPer primtreeseq_loop_consume
        PASS [   1.341s] rust_verify_test::ProveSetMtEph set_mt_eph_for_borrow_into
        PASS [   1.423s] rust_verify_test::ProveSetMtEph set_mt_eph_for_borrow_iter
        PASS [   1.345s] rust_verify_test::Provedeep_view_standard deep_view_standard_for_borrow_iter
        PASS [   1.360s] rust_verify_test::ProveSetMtEph set_mt_eph_loop_borrow_iter
        PASS [   1.377s] rust_verify_test::Provedeep_view_standard deep_view_standard_for_borrow_into
        PASS [   1.370s] rust_verify_test::Provedeep_view_standard deep_view_standard_for_consume
        PASS [   1.202s] rust_verify_test::Provedeep_view_standard deep_view_standard_loop_borrow_into
        PASS [   1.230s] rust_verify_test::Provedeep_view_standard deep_view_standard_simple
        PASS [   1.290s] rust_verify_test::Provedeep_view_standard deep_view_standard_loop_consume
        PASS [   1.322s] rust_verify_test::Provedeep_view_standard deep_view_standard_loop_borrow_iter
        PASS [   1.284s] rust_verify_test::Proveiterators_standard iterators_standard_for_borrow_into
        PASS [   1.342s] rust_verify_test::Proveiterators_standard iterators_standard_for_borrow_iter
        PASS [   1.216s] rust_verify_test::Proveiterators_standard iterators_standard_for_consume
        PASS [   1.253s] rust_verify_test::Proveiterators_standard iterators_standard_loop_borrow_into
        PASS [   1.301s] rust_verify_test::Proveiterators_standard iterators_standard_loop_borrow_iter
        PASS [   1.304s] rust_verify_test::Proveiterators_standard iterators_standard_loop_consume
        PASS [   1.358s] rust_verify_test::Provemod_standard mod_standard_for_borrow_into
        PASS [   1.397s] rust_verify_test::Provemod_standard mod_standard_for_borrow_iter
        PASS [   1.275s] rust_verify_test::Provemod_standard mod_standard_for_consume
        PASS [   1.233s] rust_verify_test::Provemod_standard mod_standard_loop_borrow_into
        PASS [   1.234s] rust_verify_test::Provemod_standard mod_standard_loop_borrow_iter
        PASS [   1.308s] rust_verify_test::Provemod_standard mod_standard_loop_consume
        PASS [   1.312s] rust_verify_test::Provetable_of_contents_standard toc_standard_for_borrow_into
        PASS [   1.332s] rust_verify_test::Provetable_of_contents_standard toc_standard_for_borrow_iter
        PASS [   1.236s] rust_verify_test::Provetable_of_contents_standard toc_standard_for_consume
        PASS [   1.305s] rust_verify_test::Provetable_of_contents_standard toc_standard_loop_borrow_into
        PASS [   1.277s] rust_verify_test::Provetable_of_contents_standard toc_standard_loop_borrow_iter
        PASS [   1.296s] rust_verify_test::Provetable_of_contents_standard toc_standard_loop_consume
        PASS [   1.256s] rust_verify_test::Proveusing_closures_standard closures_ghost_spec_fn
        PASS [   1.288s] rust_verify_test::Proveusing_closures_standard closures_inline_requires_ensures
        PASS [   1.225s] rust_verify_test::Proveusing_closures_standard closures_let_bind_ensures
        PASS [   1.231s] rust_verify_test::Proveview_standard view_standard_collection
        PASS [   1.313s] rust_verify_test::Proveusing_closures_standard closures_map_apply
        PASS [   1.273s] rust_verify_test::Proveview_standard view_standard_for_borrow_iter
        PASS [   1.361s] rust_verify_test::Proveview_standard view_standard_for_borrow_into
        PASS [   1.286s] rust_verify_test::Proveview_standard view_standard_for_consume
        PASS [   1.302s] rust_verify_test::Proveview_standard view_standard_loop_borrow_into
        PASS [   1.311s] rust_verify_test::Proveview_standard view_standard_loop_borrow_iter
        PASS [   1.347s] rust_verify_test::Proveview_standard view_standard_loop_consume
        PASS [   1.242s] rust_verify_test::Proveview_standard view_standard_simple
        PASS [   1.345s] rust_verify_test::Provewrapping_iterators_standard wrapping_for_borrow_into
        PASS [   1.338s] rust_verify_test::Provewrapping_iterators_standard wrapping_for_borrow_iter
        PASS [   1.298s] rust_verify_test::Provewrapping_iterators_standard wrapping_loop_borrow_into
        PASS [   1.267s] rust_verify_test::Provewrapping_iterators_standard wrapping_loop_borrow_iter
        PASS [   1.351s] rust_verify_test::RelationStEph relation_st_eph_loop_loop
        PASS [   1.451s] rust_verify_test::RelationStEph relation_st_eph_for_iter
        PASS [   1.334s] rust_verify_test::SetMtEph set_mt_eph_for_iter
        PASS [   1.331s] rust_verify_test::SetMtEph set_mt_eph_from_vec
        PASS [   1.396s] rust_verify_test::SetMtEph set_mt_eph_loop_loop
        PASS [   1.407s] rust_verify_test::SetStEph set_st_eph_for_iter
        PASS [   1.359s] rust_verify_test::SetStEph set_st_eph_from_vec
        PASS [   1.333s] rust_verify_test::SetStEph set_st_eph_loop_loop
        PASS [   1.251s] rust_verify_test::prove_MathSeq_iters mathseq_iter_consuming
        PASS [   1.255s] rust_verify_test::prove_MathSeq_iters mathseq_iter_nested
        PASS [   1.180s] rust_verify_test::prove_MathSeq_iters mathseq_iter_range
────────────
     Summary [  34.986s] 157 tests run: 157 passed, 0 skipped
Elapsed: 96s
