verification results:: 4492 verified, 0 errors
    Finished `release` profile [optimized] target(s) in 0.04s
────────────
 Nextest run ID a4315de7-89c5-482d-af14-a13b9a502c7b with nextest profile: default
    Starting 147 tests across 34 binaries
        PASS [   1.603s] rust_verify_test::HashSetWithViewPlus hash_set_wvp_loop_loop
        PASS [   1.722s] rust_verify_test::HashMapWithViewPlus hash_map_wvp_loop_loop
        PASS [   1.722s] rust_verify_test::HashMapWithViewPlus hash_map_wvp_for_iter
        PASS [   1.752s] rust_verify_test::HashSetWithViewPlus hash_set_wvp_for_iter
        PASS [   1.780s] rust_verify_test::MappingStEph mapping_st_eph_loop_loop
        PASS [   1.950s] rust_verify_test::MappingStEph mapping_st_eph_for_iter
        PASS [   1.709s] rust_verify_test::ProveAVLTreeSetMtEph avltreesetmteph_for_borrow_into
        PASS [   1.592s] rust_verify_test::ProveArraySeq arrayseq_filter
        PASS [   1.657s] rust_verify_test::ProveAVLTreeSetMtEph avltreesetmteph_loop_borrow_iter
        PASS [   1.695s] rust_verify_test::ProveAVLTreeSetMtEph avltreesetmteph_for_borrow_iter
        PASS [   1.659s] rust_verify_test::ProveArraySeq arrayseq_for_iter
        PASS [   1.527s] rust_verify_test::ProveArraySeq arrayseq_iterate
        PASS [   1.430s] rust_verify_test::ProveArraySeq arrayseq_map
        PASS [   1.515s] rust_verify_test::ProveArraySeq arrayseq_iterate_prefixes
        PASS [   1.593s] rust_verify_test::ProveArraySeq arrayseq_loop_loop
        PASS [   1.601s] rust_verify_test::ProveArraySeq arrayseq_reduce
        PASS [   1.685s] rust_verify_test::ProveArraySeq arrayseq_scan
        PASS [   1.721s] rust_verify_test::ProveArraySeq arrayseq_scan_inclusive
        PASS [   1.559s] rust_verify_test::ProveArraySeq arrayseq_tabulate
        PASS [   1.728s] rust_verify_test::ProveArraySeqMtEph arrayseqmteph_for_iter
        PASS [   1.814s] rust_verify_test::ProveArraySeqMtEph arrayseqmteph_loop_loop
        PASS [   1.783s] rust_verify_test::ProveArraySeqMtPer arrayseqmtper_for_iter
        PASS [   1.835s] rust_verify_test::ProveArraySeqMtPer arrayseqmtper_loop_loop
        PASS [   1.809s] rust_verify_test::ProveArraySeqStEph arrayseqsteph_for_borrow_into
        PASS [   1.646s] rust_verify_test::ProveArraySeqStEph arrayseqsteph_for_borrow_iter
        PASS [   1.713s] rust_verify_test::ProveArraySeqStEph arrayseqsteph_for_consume
        PASS [   1.627s] rust_verify_test::ProveArraySeqStEph arrayseqsteph_loop_borrow_into
        PASS [   1.697s] rust_verify_test::ProveArraySeqStEph arrayseqsteph_loop_borrow_iter
        PASS [   1.570s] rust_verify_test::ProveArraySeqStEph arrayseqsteph_loop_consume
        PASS [   1.584s] rust_verify_test::ProveArraySeqStPer arrayseqstper_for_iter
        PASS [   1.669s] rust_verify_test::ProveArraySeqStPer arrayseqstper_loop_loop
        PASS [   1.621s] rust_verify_test::ProveBFSMtEph chap54_bfsmteph_bottom_up_loop
        PASS [   1.587s] rust_verify_test::ProveBFSMtEph chap54_bfsmteph_top_down_loop
        PASS [   1.571s] rust_verify_test::ProveBFSStEph chap54_bfssteph_bottom_up_loop
        PASS [   1.636s] rust_verify_test::ProveBFSStEph chap54_bfssteph_top_down_loop
        PASS [   1.651s] rust_verify_test::ProveBalBinTreeStEph balbintree_for_inorder
        PASS [   1.634s] rust_verify_test::ProveBalBinTreeStEph balbintree_for_postorder
        PASS [   1.466s] rust_verify_test::ProveBalBinTreeStEph balbintree_inorder_spec_match
        PASS [   1.588s] rust_verify_test::ProveBalBinTreeStEph balbintree_for_preorder
        PASS [   1.510s] rust_verify_test::ProveBalBinTreeStEph balbintree_leaf_iter_exhausted
        PASS [   1.506s] rust_verify_test::ProveBalBinTreeStEph balbintree_leaf_traversals_empty
        PASS [   1.565s] rust_verify_test::ProveBalBinTreeStEph balbintree_loop_inorder
        PASS [   1.587s] rust_verify_test::ProveBalBinTreeStEph balbintree_loop_postorder
        PASS [   1.546s] rust_verify_test::ProveBalBinTreeStEph balbintree_loop_preorder
        PASS [   1.607s] rust_verify_test::ProveBalBinTreeStEph balbintree_postorder_spec_match
        PASS [   1.516s] rust_verify_test::ProveBalBinTreeStEph balbintree_preorder_spec_match
        PASS [   1.616s] rust_verify_test::ProveChap19ArraySeqMtEph chap19_arrayseqmteph_for_borrow_into
        PASS [   1.576s] rust_verify_test::ProveChap19ArraySeqMtEph chap19_arrayseqmteph_for_borrow_iter
        PASS [   1.541s] rust_verify_test::ProveChap19ArraySeqMtEph chap19_arrayseqmteph_for_consume
        PASS [   1.573s] rust_verify_test::ProveChap19ArraySeqMtEph chap19_arrayseqmteph_loop_borrow_into
        PASS [   1.547s] rust_verify_test::ProveChap19ArraySeqMtEph chap19_arrayseqmteph_loop_consume
        PASS [   1.614s] rust_verify_test::ProveChap19ArraySeqMtEph chap19_arrayseqmteph_loop_borrow_iter
        PASS [   1.650s] rust_verify_test::ProveChap19ArraySeqMtEphSlice slice_for_borrow_into
        PASS [   1.561s] rust_verify_test::ProveChap19ArraySeqMtEphSlice slice_for_borrow_iter
        PASS [   1.542s] rust_verify_test::ProveChap19ArraySeqMtEphSlice slice_iter_over_subslice
        PASS [   1.516s] rust_verify_test::ProveChap19ArraySeqMtEphSlice slice_loop_borrow_iter
        PASS [   1.521s] rust_verify_test::ProveChap19ArraySeqMtEphSlice slice_operations
        PASS [   1.533s] rust_verify_test::ProveChap19ArraySeqStEph chap19_arrayseqsteph_for_borrow_into
        PASS [   1.531s] rust_verify_test::ProveChap19ArraySeqStEph chap19_arrayseqsteph_for_consume
        PASS [   1.614s] rust_verify_test::ProveChap19ArraySeqStEph chap19_arrayseqsteph_for_borrow_iter
        PASS [   1.454s] rust_verify_test::ProveChap19ArraySeqStEph chap19_arrayseqsteph_loop_borrow_into
        PASS [   1.498s] rust_verify_test::ProveChap19ArraySeqStEph chap19_arrayseqsteph_loop_borrow_iter
        PASS [   1.547s] rust_verify_test::ProveChap19ArraySeqStEph chap19_arrayseqsteph_loop_consume
        PASS [   1.596s] rust_verify_test::ProveChap19ArraySeqStPer chap19_arrayseqstper_for_borrow_into
        PASS [   1.542s] rust_verify_test::ProveChap19ArraySeqStPer chap19_arrayseqstper_for_borrow_iter
        PASS [   1.489s] rust_verify_test::ProveChap19ArraySeqStPer chap19_arrayseqstper_for_consume
        PASS [   1.776s] rust_verify_test::ProveChap19ArraySeqStPer chap19_arrayseqstper_loop_borrow_into
        PASS [   1.863s] rust_verify_test::ProveChap19ArraySeqStPer chap19_arrayseqstper_loop_borrow_iter
        PASS [   1.938s] rust_verify_test::ProveChap19ArraySeqStPer chap19_arrayseqstper_loop_consume
        PASS [   1.906s] rust_verify_test::ProveKleeneStPer kleene_alphabet
        PASS [   1.973s] rust_verify_test::ProveKleeneStPer kleene_mem_star
        PASS [   2.065s] rust_verify_test::ProveKleeneStPer kleene_mem_plus
        PASS [   1.928s] rust_verify_test::ProveLinkedListStEph linkedliststeph_for_iter
        PASS [   1.899s] rust_verify_test::ProveLinkedListStEph linkedliststeph_loop_loop
        PASS [   1.944s] rust_verify_test::ProveLinkedListStPer linkedliststper_loop_loop
        PASS [   2.088s] rust_verify_test::ProveLinkedListStPer linkedliststper_for_iter
        PASS [   2.027s] rust_verify_test::ProveMathSeq mathseq_for_borrow_into
        PASS [   2.108s] rust_verify_test::ProveMathSeq mathseq_for_borrow_iter
        PASS [   2.061s] rust_verify_test::ProveMathSeq mathseq_for_consume
        PASS [   1.943s] rust_verify_test::ProveMathSeq mathseq_loop_borrow_into
        PASS [   2.055s] rust_verify_test::ProveMathSeq mathseq_loop_borrow_iter
        PASS [   2.048s] rust_verify_test::ProveMathSeq mathseq_loop_consume
        PASS [   2.165s] rust_verify_test::ProveOrderedTableStPer chap43_orderedtablestper_for_borrow_into
        PASS [   2.152s] rust_verify_test::ProveOrderedTableStPer chap43_orderedtablestper_for_borrow_iter
        PASS [   2.389s] rust_verify_test::ProveOrderedTableStPer chap43_orderedtablestper_loop_borrow_into
        PASS [   2.485s] rust_verify_test::ProveOrderedTableStPer chap43_orderedtablestper_loop_borrow_iter
        PASS [   2.121s] rust_verify_test::ProvePrimTreeSeqStPer primtreeseq_for_borrow_into
        PASS [   2.073s] rust_verify_test::ProvePrimTreeSeqStPer primtreeseq_for_borrow_iter
        PASS [   2.019s] rust_verify_test::ProvePrimTreeSeqStPer primtreeseq_for_consume
        PASS [   1.979s] rust_verify_test::ProvePrimTreeSeqStPer primtreeseq_loop_borrow_into
        PASS [   1.965s] rust_verify_test::ProvePrimTreeSeqStPer primtreeseq_loop_borrow_iter
        PASS [   1.912s] rust_verify_test::ProvePrimTreeSeqStPer primtreeseq_loop_consume
        PASS [   2.195s] rust_verify_test::ProveSetMtEph set_mt_eph_for_borrow_into
        PASS [   2.251s] rust_verify_test::ProveSetMtEph set_mt_eph_for_borrow_iter
        PASS [   1.867s] rust_verify_test::Provedeep_view_standard deep_view_standard_for_borrow_into
        PASS [   2.199s] rust_verify_test::ProveSetMtEph set_mt_eph_loop_borrow_iter
        PASS [   1.877s] rust_verify_test::Provedeep_view_standard deep_view_standard_for_borrow_iter
        PASS [   1.900s] rust_verify_test::Provedeep_view_standard deep_view_standard_for_consume
        PASS [   1.923s] rust_verify_test::Provedeep_view_standard deep_view_standard_loop_borrow_into
        PASS [   1.895s] rust_verify_test::Provedeep_view_standard deep_view_standard_loop_borrow_iter
        PASS [   1.934s] rust_verify_test::Provedeep_view_standard deep_view_standard_loop_consume
        PASS [   1.842s] rust_verify_test::Provedeep_view_standard deep_view_standard_simple
        PASS [   1.812s] rust_verify_test::Proveiterators_standard iterators_standard_for_borrow_into
        PASS [   1.866s] rust_verify_test::Proveiterators_standard iterators_standard_for_borrow_iter
        PASS [   1.896s] rust_verify_test::Proveiterators_standard iterators_standard_loop_borrow_into
        PASS [   1.945s] rust_verify_test::Proveiterators_standard iterators_standard_for_consume
        PASS [   1.852s] rust_verify_test::Proveiterators_standard iterators_standard_loop_borrow_iter
        PASS [   1.838s] rust_verify_test::Proveiterators_standard iterators_standard_loop_consume
        PASS [   1.782s] rust_verify_test::Provemod_standard mod_standard_for_borrow_into
        PASS [   1.895s] rust_verify_test::Provemod_standard mod_standard_for_borrow_iter
        PASS [   1.769s] rust_verify_test::Provemod_standard mod_standard_for_consume
        PASS [   1.800s] rust_verify_test::Provemod_standard mod_standard_loop_borrow_into
        PASS [   1.857s] rust_verify_test::Provemod_standard mod_standard_loop_borrow_iter
        PASS [   1.751s] rust_verify_test::Provemod_standard mod_standard_loop_consume
        PASS [   1.737s] rust_verify_test::Provetable_of_contents_standard toc_standard_for_borrow_into
        PASS [   1.985s] rust_verify_test::Provetable_of_contents_standard toc_standard_for_borrow_iter
        PASS [   1.860s] rust_verify_test::Provetable_of_contents_standard toc_standard_for_consume
        PASS [   1.854s] rust_verify_test::Provetable_of_contents_standard toc_standard_loop_borrow_into
        PASS [   1.864s] rust_verify_test::Provetable_of_contents_standard toc_standard_loop_borrow_iter
        PASS [   1.954s] rust_verify_test::Provetable_of_contents_standard toc_standard_loop_consume
        PASS [   1.652s] rust_verify_test::Proveusing_closures_standard closures_ghost_spec_fn
        PASS [   1.851s] rust_verify_test::Proveusing_closures_standard closures_inline_requires_ensures
        PASS [   1.968s] rust_verify_test::Proveusing_closures_standard closures_map_apply
        PASS [   2.031s] rust_verify_test::Proveusing_closures_standard closures_let_bind_ensures
        PASS [   2.037s] rust_verify_test::Proveview_standard view_standard_collection
        PASS [   2.189s] rust_verify_test::Proveview_standard view_standard_for_borrow_into
        PASS [   2.156s] rust_verify_test::Proveview_standard view_standard_for_borrow_iter
        PASS [   2.091s] rust_verify_test::Proveview_standard view_standard_for_consume
        PASS [   1.878s] rust_verify_test::Proveview_standard view_standard_loop_borrow_iter
        PASS [   1.948s] rust_verify_test::Proveview_standard view_standard_loop_borrow_into
        PASS [   1.930s] rust_verify_test::Proveview_standard view_standard_loop_consume
        PASS [   1.857s] rust_verify_test::Proveview_standard view_standard_simple
        PASS [   2.040s] rust_verify_test::Provewrapping_iterators_standard wrapping_for_borrow_into
        PASS [   2.057s] rust_verify_test::Provewrapping_iterators_standard wrapping_for_borrow_iter
        PASS [   1.993s] rust_verify_test::Provewrapping_iterators_standard wrapping_loop_borrow_into
        PASS [   2.018s] rust_verify_test::Provewrapping_iterators_standard wrapping_loop_borrow_iter
        PASS [   2.237s] rust_verify_test::RelationStEph relation_st_eph_for_iter
        PASS [   2.142s] rust_verify_test::RelationStEph relation_st_eph_loop_loop
        PASS [   2.290s] rust_verify_test::SetMtEph set_mt_eph_for_iter
        PASS [   2.163s] rust_verify_test::SetMtEph set_mt_eph_loop_loop
        PASS [   2.327s] rust_verify_test::SetMtEph set_mt_eph_from_vec
        PASS [   2.403s] rust_verify_test::SetStEph set_st_eph_for_iter
        PASS [   2.166s] rust_verify_test::SetStEph set_st_eph_from_vec
        PASS [   2.360s] rust_verify_test::SetStEph set_st_eph_loop_loop
        PASS [   1.795s] rust_verify_test::prove_MathSeq_iters mathseq_iter_consuming
        PASS [   1.693s] rust_verify_test::prove_MathSeq_iters mathseq_iter_nested
        PASS [   1.697s] rust_verify_test::prove_MathSeq_iters mathseq_iter_range
────────────
     Summary [  45.339s] 147 tests run: 147 passed, 0 skipped
