verification results:: 5690 verified, 0 errors
   Compiling rust_verify_test v0.1.0 (/home/milnes/projects/APAS-VERUS/rust_verify_test)
    Finished `release` profile [optimized] target(s) in 0.75s
────────────
 Nextest run ID 8b74bf1f-958e-45d5-be4c-0d3cd888b08f with nextest profile: default
    Starting 225 tests across 49 binaries
        PASS [   1.276s] rust_verify_test::HashMapWithViewPlus hash_map_wvp_for_iter
        PASS [   1.276s] rust_verify_test::HashSetWithViewPlus hash_set_wvp_loop_loop
        PASS [   1.313s] rust_verify_test::HashSetWithViewPlus hash_set_wvp_for_iter
        PASS [   1.325s] rust_verify_test::HashMapWithViewPlus hash_map_wvp_loop_loop
        PASS [   1.371s] rust_verify_test::MappingStEph mapping_st_eph_loop_loop
        PASS [   1.468s] rust_verify_test::MappingStEph mapping_st_eph_for_iter
        PASS [   1.387s] rust_verify_test::ProveAVLTreeSeq avltreeseq_for_borrow_iter
        PASS [   1.390s] rust_verify_test::ProveAVLTreeSeq avltreeseq_for_borrow_into
        PASS [   1.402s] rust_verify_test::ProveAVLTreeSeq avltreeseq_loop_borrow_iter
        PASS [   1.395s] rust_verify_test::ProveAVLTreeSeqMtPer avltreeseqmtper_for_borrow_into
        PASS [   1.513s] rust_verify_test::ProveAVLTreeSeq avltreeseq_loop_borrow_into
        PASS [   1.420s] rust_verify_test::ProveAVLTreeSeqMtPer avltreeseqmtper_for_borrow_iter
        PASS [   1.345s] rust_verify_test::ProveAVLTreeSeqMtPer avltreeseqmtper_loop_borrow_iter
        PASS [   1.332s] rust_verify_test::ProveAVLTreeSeqStEph avltreeseqsteph_for_borrow_into
        PASS [   1.424s] rust_verify_test::ProveAVLTreeSeqMtPer avltreeseqmtper_loop_borrow_into
        PASS [   1.494s] rust_verify_test::ProveAVLTreeSeqStEph avltreeseqsteph_loop_borrow_into
        PASS [   1.458s] rust_verify_test::ProveAVLTreeSeqStEph avltreeseqsteph_loop_borrow_iter
        PASS [   1.613s] rust_verify_test::ProveAVLTreeSeqStEph avltreeseqsteph_for_borrow_iter
        PASS [   1.371s] rust_verify_test::ProveAVLTreeSeqStPer avltreeseqstper_for_borrow_into
        PASS [   1.299s] rust_verify_test::ProveAVLTreeSeqStPer avltreeseqstper_loop_borrow_into
        PASS [   1.352s] rust_verify_test::ProveAVLTreeSeqStPer avltreeseqstper_for_borrow_iter
        PASS [   1.301s] rust_verify_test::ProveAVLTreeSetMtEph avltreesetmteph_for_borrow_into
        PASS [   1.356s] rust_verify_test::ProveAVLTreeSeqStPer avltreeseqstper_loop_borrow_iter
        PASS [   1.527s] rust_verify_test::ProveAVLTreeSetMtEph avltreesetmteph_for_borrow_iter
        PASS [   1.272s] rust_verify_test::ProveAVLTreeSetMtEph avltreesetmteph_loop_borrow_iter
        PASS [   1.297s] rust_verify_test::ProveAVLTreeSetMtEph avltreesetmteph_loop_borrow_into
        PASS [   1.313s] rust_verify_test::ProveArraySeq arrayseq_filter
        PASS [   1.196s] rust_verify_test::ProveArraySeq arrayseq_iterate
        PASS [   1.309s] rust_verify_test::ProveArraySeq arrayseq_for_iter
        PASS [   1.391s] rust_verify_test::ProveArraySeq arrayseq_iterate_prefixes
        PASS [   1.281s] rust_verify_test::ProveArraySeq arrayseq_loop_loop
        PASS [   1.388s] rust_verify_test::ProveArraySeq arrayseq_map
        PASS [   1.445s] rust_verify_test::ProveArraySeq arrayseq_reduce
        PASS [   1.503s] rust_verify_test::ProveArraySeq arrayseq_scan
        PASS [   1.452s] rust_verify_test::ProveArraySeq arrayseq_scan_inclusive
        PASS [   1.168s] rust_verify_test::ProveArraySeq arrayseq_tabulate
        PASS [   1.309s] rust_verify_test::ProveArraySeqMtEph arrayseqmteph_for_consume
        PASS [   1.288s] rust_verify_test::ProveArraySeqMtEph arrayseqmteph_for_iter
        PASS [   1.517s] rust_verify_test::ProveArraySeqMtEph arrayseqmteph_for_borrow_into
        PASS [   1.259s] rust_verify_test::ProveArraySeqMtEph arrayseqmteph_loop_borrow_into
        PASS [   1.257s] rust_verify_test::ProveArraySeqMtEph arrayseqmteph_loop_loop
        PASS [   1.366s] rust_verify_test::ProveArraySeqMtEph arrayseqmteph_loop_consume
        PASS [   1.290s] rust_verify_test::ProveArraySeqMtPer arrayseqmtper_for_consume
        PASS [   1.406s] rust_verify_test::ProveArraySeqMtPer arrayseqmtper_for_borrow_into
        PASS [   1.339s] rust_verify_test::ProveArraySeqMtPer arrayseqmtper_loop_borrow_into
        PASS [   1.626s] rust_verify_test::ProveArraySeqMtPer arrayseqmtper_for_iter
        PASS [   1.360s] rust_verify_test::ProveArraySeqMtPer arrayseqmtper_loop_consume
        PASS [   1.352s] rust_verify_test::ProveArraySeqMtPer arrayseqmtper_loop_loop
        PASS [   1.291s] rust_verify_test::ProveArraySeqStEph arrayseqsteph_for_borrow_into
        PASS [   1.339s] rust_verify_test::ProveArraySeqStEph arrayseqsteph_for_borrow_iter
        PASS [   1.257s] rust_verify_test::ProveArraySeqStEph arrayseqsteph_loop_borrow_iter
        PASS [   1.381s] rust_verify_test::ProveArraySeqStEph arrayseqsteph_for_consume
        PASS [   1.320s] rust_verify_test::ProveArraySeqStEph arrayseqsteph_loop_borrow_into
        PASS [   1.305s] rust_verify_test::ProveArraySeqStEph arrayseqsteph_loop_consume
        PASS [   1.375s] rust_verify_test::ProveArraySeqStPer arrayseqstper_for_iter
        PASS [   1.322s] rust_verify_test::ProveArraySeqStPer arrayseqstper_loop_loop
        PASS [   1.256s] rust_verify_test::ProveBFSMtEph chap54_bfsmteph_bottom_up_loop
        PASS [   1.283s] rust_verify_test::ProveBFSMtEph chap54_bfsmteph_top_down_loop
        PASS [   1.330s] rust_verify_test::ProveBFSMtEph chap54_bfsmteph_top_down_for
        PASS [   1.505s] rust_verify_test::ProveBFSMtEph chap54_bfsmteph_bottom_up_for
        PASS [   1.246s] rust_verify_test::ProveBFSStEph chap54_bfssteph_bottom_up_loop
        PASS [   1.315s] rust_verify_test::ProveBFSStEph chap54_bfssteph_bottom_up_for
        PASS [   1.243s] rust_verify_test::ProveBFSStEph chap54_bfssteph_top_down_loop
        PASS [   1.324s] rust_verify_test::ProveBSTSetAVLMtEph bstsetavlmteph_for_borrow_into
        PASS [   1.529s] rust_verify_test::ProveBFSStEph chap54_bfssteph_top_down_for
        PASS [   1.375s] rust_verify_test::ProveBSTSetAVLMtEph bstsetavlmteph_for_borrow_iter
        PASS [   1.344s] rust_verify_test::ProveBSTSetAVLMtEph bstsetavlmteph_loop_borrow_into
        PASS [   1.546s] rust_verify_test::ProveBSTSetAVLMtEph bstsetavlmteph_for_consume
        PASS [   1.292s] rust_verify_test::ProveBSTSetAVLMtEph bstsetavlmteph_loop_borrow_iter
        PASS [   1.383s] rust_verify_test::ProveBSTSetAVLMtEph bstsetavlmteph_loop_consume
        PASS [   1.335s] rust_verify_test::ProveBSTSetBBAlphaMtEph bstsetbbalphamteph_for_borrow_iter
        PASS [   1.627s] rust_verify_test::ProveBSTSetBBAlphaMtEph bstsetbbalphamteph_for_borrow_into
        PASS [   1.311s] rust_verify_test::ProveBSTSetBBAlphaMtEph bstsetbbalphamteph_loop_borrow_into
        PASS [   1.313s] rust_verify_test::ProveBSTSetBBAlphaMtEph bstsetbbalphamteph_loop_borrow_iter
        PASS [   1.450s] rust_verify_test::ProveBSTSetPlainMtEph bstsetplainmteph_for_borrow_into
        PASS [   1.414s] rust_verify_test::ProveBSTSetPlainMtEph bstsetplainmteph_for_borrow_iter
        PASS [   1.387s] rust_verify_test::ProveBSTSetPlainMtEph bstsetplainmteph_loop_borrow_into
        PASS [   1.400s] rust_verify_test::ProveBSTSetPlainMtEph bstsetplainmteph_loop_borrow_iter
        PASS [   1.615s] rust_verify_test::ProveBSTSetRBMtEph bstsetrbmteph_for_borrow_into
        PASS [   1.450s] rust_verify_test::ProveBSTSetRBMtEph bstsetrbmteph_for_borrow_iter
        PASS [   1.639s] rust_verify_test::ProveBSTSetRBMtEph bstsetrbmteph_for_consume
        PASS [   1.529s] rust_verify_test::ProveBSTSetRBMtEph bstsetrbmteph_loop_borrow_into
        PASS [   1.601s] rust_verify_test::ProveBSTSetRBMtEph bstsetrbmteph_loop_borrow_iter
        PASS [   1.420s] rust_verify_test::ProveBSTSetRBMtEph bstsetrbmteph_loop_consume
        PASS [   1.449s] rust_verify_test::ProveBSTSetSplayMtEph bstsetsplaymteph_for_borrow_iter
        PASS [   1.611s] rust_verify_test::ProveBSTSetSplayMtEph bstsetsplaymteph_for_borrow_into
        PASS [   1.462s] rust_verify_test::ProveBSTSetSplayMtEph bstsetsplaymteph_loop_borrow_into
        PASS [   1.520s] rust_verify_test::ProveBSTSetSplayMtEph bstsetsplaymteph_for_consume
        PASS [   1.453s] rust_verify_test::ProveBSTSetSplayMtEph bstsetsplaymteph_loop_borrow_iter
        PASS [   1.459s] rust_verify_test::ProveBSTSetSplayMtEph bstsetsplaymteph_loop_consume
        PASS [   1.658s] rust_verify_test::ProveBalBinTreeStEph balbintree_for_inorder
        PASS [   1.763s] rust_verify_test::ProveBalBinTreeStEph balbintree_for_postorder
        PASS [   1.588s] rust_verify_test::ProveBalBinTreeStEph balbintree_inorder_spec_match
        PASS [   1.757s] rust_verify_test::ProveBalBinTreeStEph balbintree_for_preorder
        PASS [   1.602s] rust_verify_test::ProveBalBinTreeStEph balbintree_leaf_traversals_empty
        PASS [   1.994s] rust_verify_test::ProveBalBinTreeStEph balbintree_leaf_iter_exhausted
        PASS [   1.684s] rust_verify_test::ProveBalBinTreeStEph balbintree_loop_inorder
        PASS [   1.608s] rust_verify_test::ProveBalBinTreeStEph balbintree_loop_preorder
        PASS [   1.597s] rust_verify_test::ProveBalBinTreeStEph balbintree_postorder_spec_match
        PASS [   1.608s] rust_verify_test::ProveBalBinTreeStEph balbintree_preorder_spec_match
        PASS [   2.081s] rust_verify_test::ProveBalBinTreeStEph balbintree_loop_postorder
        PASS [   1.676s] rust_verify_test::ProveChap18ArraySeqMtEphSlice chap18_arrayseqmtephslice_for_borrow_into
        PASS [   1.602s] rust_verify_test::ProveChap18ArraySeqMtEphSlice chap18_arrayseqmtephslice_for_borrow_iter
        PASS [   1.556s] rust_verify_test::ProveChap18ArraySeqMtEphSlice chap18_arrayseqmtephslice_loop_borrow_into
        PASS [   1.550s] rust_verify_test::ProveChap18ArraySeqMtEphSlice chap18_arrayseqmtephslice_loop_borrow_iter
        PASS [   1.621s] rust_verify_test::ProveChap19ArraySeqMtEph chap19_arrayseqmteph_for_borrow_into
        PASS [   1.611s] rust_verify_test::ProveChap19ArraySeqMtEph chap19_arrayseqmteph_for_borrow_iter
        PASS [   1.593s] rust_verify_test::ProveChap19ArraySeqMtEph chap19_arrayseqmteph_for_consume
        PASS [   1.495s] rust_verify_test::ProveChap19ArraySeqMtEph chap19_arrayseqmteph_loop_borrow_into
        PASS [   1.642s] rust_verify_test::ProveChap19ArraySeqMtEph chap19_arrayseqmteph_loop_borrow_iter
        PASS [   1.533s] rust_verify_test::ProveChap19ArraySeqMtEph chap19_arrayseqmteph_loop_consume
        PASS [   1.566s] rust_verify_test::ProveChap19ArraySeqMtEphSlice slice_for_borrow_into
        PASS [   1.695s] rust_verify_test::ProveChap19ArraySeqMtEphSlice slice_for_borrow_iter
        PASS [   1.612s] rust_verify_test::ProveChap19ArraySeqMtEphSlice slice_iter_over_subslice
        PASS [   1.435s] rust_verify_test::ProveChap19ArraySeqMtEphSlice slice_loop_borrow_iter
        PASS [   1.429s] rust_verify_test::ProveChap19ArraySeqMtEphSlice slice_operations
        PASS [   1.491s] rust_verify_test::ProveChap19ArraySeqStEph chap19_arrayseqsteph_for_borrow_into
        PASS [   1.746s] rust_verify_test::ProveChap19ArraySeqStEph chap19_arrayseqsteph_for_borrow_iter
        PASS [   1.474s] rust_verify_test::ProveChap19ArraySeqStEph chap19_arrayseqsteph_for_consume
        PASS [   1.408s] rust_verify_test::ProveChap19ArraySeqStEph chap19_arrayseqsteph_loop_borrow_into
        PASS [   1.500s] rust_verify_test::ProveChap19ArraySeqStEph chap19_arrayseqsteph_loop_borrow_iter
        PASS [   1.472s] rust_verify_test::ProveChap19ArraySeqStEph chap19_arrayseqsteph_loop_consume
        PASS [   1.491s] rust_verify_test::ProveChap19ArraySeqStPer chap19_arrayseqstper_for_borrow_into
        PASS [   1.505s] rust_verify_test::ProveChap19ArraySeqStPer chap19_arrayseqstper_loop_borrow_into
        PASS [   1.618s] rust_verify_test::ProveChap19ArraySeqStPer chap19_arrayseqstper_for_borrow_iter
        PASS [   1.604s] rust_verify_test::ProveChap19ArraySeqStPer chap19_arrayseqstper_for_consume
        PASS [   1.501s] rust_verify_test::ProveChap19ArraySeqStPer chap19_arrayseqstper_loop_borrow_iter
        PASS [   1.465s] rust_verify_test::ProveChap19ArraySeqStPer chap19_arrayseqstper_loop_consume
        PASS [   1.615s] rust_verify_test::ProveKleeneStPer kleene_alphabet
        PASS [   1.489s] rust_verify_test::ProveKleeneStPer kleene_mem_star
        PASS [   1.484s] rust_verify_test::ProveLinkedListStEph linkedliststeph_for_iter
        PASS [   1.646s] rust_verify_test::ProveKleeneStPer kleene_mem_plus
        PASS [   1.412s] rust_verify_test::ProveLinkedListStEph linkedliststeph_loop_loop
        PASS [   1.390s] rust_verify_test::ProveLinkedListStPer linkedliststper_for_iter
        PASS [   1.440s] rust_verify_test::ProveLinkedListStPer linkedliststper_loop_loop
        PASS [   1.516s] rust_verify_test::ProveMathSeq mathseq_for_borrow_into
        PASS [   1.519s] rust_verify_test::ProveMathSeq mathseq_for_borrow_iter
        PASS [   1.436s] rust_verify_test::ProveMathSeq mathseq_for_consume
        PASS [   1.487s] rust_verify_test::ProveMathSeq mathseq_loop_borrow_into
        PASS [   1.404s] rust_verify_test::ProveMathSeq mathseq_loop_borrow_iter
        PASS [   1.428s] rust_verify_test::ProveMathSeq mathseq_loop_consume
        PASS [   1.506s] rust_verify_test::ProveOrderedSetStEph chap43_orderedsetsteph_for_borrow_iter
        PASS [   1.590s] rust_verify_test::ProveOrderedSetStEph chap43_orderedsetsteph_for_borrow_into
        PASS [   1.555s] rust_verify_test::ProveOrderedSetStEph chap43_orderedsetsteph_loop_borrow_into
        PASS [   1.589s] rust_verify_test::ProveOrderedSetStEph chap43_orderedsetsteph_loop_borrow_iter
        PASS [   1.560s] rust_verify_test::ProveOrderedSetStPer chap43_orderedsetstper_for_borrow_iter
        PASS [   1.524s] rust_verify_test::ProveOrderedSetStPer chap43_orderedsetstper_loop_borrow_iter
        PASS [   1.538s] rust_verify_test::ProveOrderedTableMtEph chap43_orderedtablemteph_loop_borrow_into
        PASS [   1.558s] rust_verify_test::ProveOrderedTableMtEph chap43_orderedtablemteph_for_borrow_iter
        PASS [   1.662s] rust_verify_test::ProveOrderedTableMtEph chap43_orderedtablemteph_for_borrow_into
        PASS [   1.519s] rust_verify_test::ProveOrderedTableMtEph chap43_orderedtablemteph_loop_borrow_iter
        PASS [   1.596s] rust_verify_test::ProveOrderedTableStEph chap43_orderedtablesteph_for_borrow_into
        PASS [   1.552s] rust_verify_test::ProveOrderedTableStEph chap43_orderedtablesteph_for_borrow_iter
        PASS [   1.477s] rust_verify_test::ProveOrderedTableStEph chap43_orderedtablesteph_loop_borrow_into
        PASS [   1.509s] rust_verify_test::ProveOrderedTableStEph chap43_orderedtablesteph_loop_borrow_iter
        PASS [   1.544s] rust_verify_test::ProveOrderedTableStPer chap43_orderedtablestper_for_borrow_into
        PASS [   1.532s] rust_verify_test::ProveOrderedTableStPer chap43_orderedtablestper_for_borrow_iter
        PASS [   1.450s] rust_verify_test::ProveOrderedTableStPer chap43_orderedtablestper_loop_borrow_into
        PASS [   1.496s] rust_verify_test::ProveOrderedTableStPer chap43_orderedtablestper_loop_borrow_iter
        PASS [   1.353s] rust_verify_test::ProvePrimTreeSeqStPer primtreeseq_for_borrow_into
        PASS [   1.467s] rust_verify_test::ProvePrimTreeSeqStPer primtreeseq_for_borrow_iter
        PASS [   1.468s] rust_verify_test::ProvePrimTreeSeqStPer primtreeseq_for_consume
        PASS [   1.459s] rust_verify_test::ProvePrimTreeSeqStPer primtreeseq_loop_borrow_into
        PASS [   1.406s] rust_verify_test::ProvePrimTreeSeqStPer primtreeseq_loop_borrow_iter
        PASS [   1.390s] rust_verify_test::ProvePrimTreeSeqStPer primtreeseq_loop_consume
        PASS [   1.596s] rust_verify_test::ProveSetMtEph set_mt_eph_for_borrow_into
        PASS [   1.506s] rust_verify_test::ProveSetMtEph set_mt_eph_for_borrow_iter
        PASS [   1.500s] rust_verify_test::ProveSetMtEph set_mt_eph_loop_borrow_into
        PASS [   1.597s] rust_verify_test::ProveSetMtEph set_mt_eph_loop_borrow_iter
        PASS [   1.536s] rust_verify_test::ProveSetStEph setsteph_for_borrow_into
        PASS [   1.520s] rust_verify_test::ProveSetStEph setsteph_for_borrow_iter
        PASS [   1.592s] rust_verify_test::ProveSetStEph setsteph_loop_borrow_into
        PASS [   1.559s] rust_verify_test::ProveSetStEph setsteph_loop_borrow_iter
        PASS [   1.549s] rust_verify_test::Provedeep_view_standard deep_view_standard_for_borrow_into
        PASS [   1.404s] rust_verify_test::Provedeep_view_standard deep_view_standard_for_consume
        PASS [   1.462s] rust_verify_test::Provedeep_view_standard deep_view_standard_for_borrow_iter
        PASS [   1.417s] rust_verify_test::Provedeep_view_standard deep_view_standard_loop_borrow_into
        PASS [   1.441s] rust_verify_test::Provedeep_view_standard deep_view_standard_loop_borrow_iter
        PASS [   1.475s] rust_verify_test::Provedeep_view_standard deep_view_standard_loop_consume
        PASS [   1.407s] rust_verify_test::Provedeep_view_standard deep_view_standard_simple
        PASS [   1.411s] rust_verify_test::Proveiterators_standard iterators_standard_for_borrow_into
        PASS [   1.399s] rust_verify_test::Proveiterators_standard iterators_standard_for_borrow_iter
        PASS [   1.396s] rust_verify_test::Proveiterators_standard iterators_standard_for_consume
        PASS [   1.471s] rust_verify_test::Proveiterators_standard iterators_standard_loop_borrow_iter
        PASS [   1.543s] rust_verify_test::Proveiterators_standard iterators_standard_loop_borrow_into
        PASS [   1.538s] rust_verify_test::Proveiterators_standard iterators_standard_loop_consume
        PASS [   1.520s] rust_verify_test::Provemod_standard mod_standard_for_borrow_iter
        PASS [   1.560s] rust_verify_test::Provemod_standard mod_standard_for_borrow_into
        PASS [   1.476s] rust_verify_test::Provemod_standard mod_standard_for_consume
        PASS [   1.635s] rust_verify_test::Provemod_standard mod_standard_loop_borrow_into
        PASS [   1.658s] rust_verify_test::Provemod_standard mod_standard_loop_borrow_iter
        PASS [   1.609s] rust_verify_test::Provemod_standard mod_standard_loop_consume
        PASS [   1.768s] rust_verify_test::Provetable_of_contents_standard toc_standard_for_borrow_into
        PASS [   1.577s] rust_verify_test::Provetable_of_contents_standard toc_standard_for_consume
        PASS [   1.971s] rust_verify_test::Provetable_of_contents_standard toc_standard_for_borrow_iter
        PASS [   1.549s] rust_verify_test::Provetable_of_contents_standard toc_standard_loop_borrow_into
        PASS [   1.515s] rust_verify_test::Provetable_of_contents_standard toc_standard_loop_borrow_iter
        PASS [   1.724s] rust_verify_test::Provetable_of_contents_standard toc_standard_loop_consume
        PASS [   1.466s] rust_verify_test::Proveusing_closures_standard closures_ghost_spec_fn
        PASS [   1.473s] rust_verify_test::Proveusing_closures_standard closures_inline_requires_ensures
        PASS [   1.437s] rust_verify_test::Proveusing_closures_standard closures_let_bind_ensures
        PASS [   1.370s] rust_verify_test::Proveview_standard view_standard_collection
        PASS [   1.434s] rust_verify_test::Proveusing_closures_standard closures_map_apply
        PASS [   1.502s] rust_verify_test::Proveview_standard view_standard_for_borrow_into
        PASS [   1.524s] rust_verify_test::Proveview_standard view_standard_for_consume
        PASS [   1.625s] rust_verify_test::Proveview_standard view_standard_for_borrow_iter
        PASS [   1.529s] rust_verify_test::Proveview_standard view_standard_loop_borrow_into
        PASS [   1.518s] rust_verify_test::Proveview_standard view_standard_loop_borrow_iter
        PASS [   1.601s] rust_verify_test::Proveview_standard view_standard_loop_consume
        PASS [   1.670s] rust_verify_test::Proveview_standard view_standard_simple
        PASS [   1.642s] rust_verify_test::Provewrapping_iterators_standard wrapping_for_borrow_into
        PASS [   1.721s] rust_verify_test::Provewrapping_iterators_standard wrapping_for_borrow_iter
        PASS [   1.736s] rust_verify_test::Provewrapping_iterators_standard wrapping_loop_borrow_into
        PASS [   1.609s] rust_verify_test::Provewrapping_iterators_standard wrapping_loop_borrow_iter
        PASS [   1.707s] rust_verify_test::RelationStEph relation_st_eph_for_iter
        PASS [   1.609s] rust_verify_test::RelationStEph relation_st_eph_loop_loop
        PASS [   1.535s] rust_verify_test::SetMtEph set_mt_eph_for_iter
        PASS [   1.438s] rust_verify_test::SetMtEph set_mt_eph_from_vec
        PASS [   1.445s] rust_verify_test::SetMtEph set_mt_eph_loop_loop
        PASS [   1.492s] rust_verify_test::SetStEph set_st_eph_for_iter
        PASS [   1.454s] rust_verify_test::SetStEph set_st_eph_from_vec
        PASS [   1.390s] rust_verify_test::SetStEph set_st_eph_loop_loop
        PASS [   1.312s] rust_verify_test::prove_MathSeq_iters mathseq_iter_consuming
        PASS [   1.325s] rust_verify_test::prove_MathSeq_iters mathseq_iter_nested
        PASS [   1.251s] rust_verify_test::prove_MathSeq_iters mathseq_iter_range
────────────
     Summary [  55.705s] 225 tests run: 225 passed, 0 skipped
Elapsed: 275s
