warning: verus-related attribute has no effect because item is already marked external
    --> src/Chap65/UnionFindStEph.rs:1439:9
     |
1439 |         reveal(spec_rank_lt_elements);
     |         ^^^^^^

note: automatically chose triggers for this expression:
  --> src/UnionFind/UnionFindArrayStEph.rs:43:16
   |
43 |             && (forall|i: int| 0 <= i < n as int && parent[i] != i ==> rank[i] < rank[parent[i] as int])
   |                ^^^^^^^^^^^^^^^^^^^^^^^^^^^^^^^^^^^^^^^^^^^^^^^^^^^^^^^^^^^^^^^^^^^^^^^^^^^^^^^^^^^^^^^^^

note:   trigger 1 of 1:
  --> src/UnionFind/UnionFindArrayStEph.rs:43:53
   |
43 |             && (forall|i: int| 0 <= i < n as int && parent[i] != i ==> rank[i] < rank[parent[i] as int])
   |                                                     ^^^^^^^^^

note: automatically chose triggers for this expression:
   --> src/UnionFind/UnionFindArrayStEph.rs:204:13
    |
204 |             forall|i: int| 0 <= i < n as int && parent[i] != i ==> rank[i] < rank[parent[i] as int],
    |             ^^^^^^^^^^^^^^^^^^^^^^^^^^^^^^^^^^^^^^^^^^^^^^^^^^^^^^^^^^^^^^^^^^^^^^^^^^^^^^^^^^^^^^^

note:   trigger 1 of 1:
   --> src/UnionFind/UnionFindArrayStEph.rs:204:49
    |
204 |             forall|i: int| 0 <= i < n as int && parent[i] != i ==> rank[i] < rank[parent[i] as int],
    |                                                 ^^^^^^^^^

note: automatically chose triggers for this expression:
   --> src/UnionFind/UnionFindArrayStEph.rs:137:13
    |
137 |             forall|i: int| 0 <= i < n as int && parent[i] != i ==> rank[i] < rank[parent[i] as int],
    |             ^^^^^^^^^^^^^^^^^^^^^^^^^^^^^^^^^^^^^^^^^^^^^^^^^^^^^^^^^^^^^^^^^^^^^^^^^^^^^^^^^^^^^^^

note:   trigger 1 of 1:
   --> src/UnionFind/UnionFindArrayStEph.rs:137:49
    |
137 |             forall|i: int| 0 <= i < n as int && parent[i] != i ==> rank[i] < rank[parent[i] as int],
    |                                                 ^^^^^^^^^

note: automatically chose triggers for this expression:
   --> src/UnionFind/UnionFindArrayStEph.rs:157:13
    |
157 |             forall|i: int| 0 <= i < n as int && po[i] != i ==> ro[i] < ro[po[i] as int],
    |             ^^^^^^^^^^^^^^^^^^^^^^^^^^^^^^^^^^^^^^^^^^^^^^^^^^^^^^^^^^^^^^^^^^^^^^^^^^^

note:   trigger 1 of 1:
   --> src/UnionFind/UnionFindArrayStEph.rs:157:49
    |
157 |             forall|i: int| 0 <= i < n as int && po[i] != i ==> ro[i] < ro[po[i] as int],
    |                                                 ^^^^^

note: automatically chose triggers for this expression:
   --> src/UnionFind/UnionFindArrayStEph.rs:161:13
    |
161 |             forall|i: int| 0 <= i < n as int && pn[i] != i ==> rn[i] < rn[pn[i] as int],
    |             ^^^^^^^^^^^^^^^^^^^^^^^^^^^^^^^^^^^^^^^^^^^^^^^^^^^^^^^^^^^^^^^^^^^^^^^^^^^

note:   trigger 1 of 1:
   --> src/UnionFind/UnionFindArrayStEph.rs:161:49
    |
161 |             forall|i: int| 0 <= i < n as int && pn[i] != i ==> rn[i] < rn[pn[i] as int],
    |                                                 ^^^^^

note: automatically chose triggers for this expression:
   --> src/UnionFind/UnionFindArrayStEph.rs:234:13
    |
234 |             forall|i: int| 0 <= i < n as int && po[i] != i ==> ro[i] < ro[po[i] as int],
    |             ^^^^^^^^^^^^^^^^^^^^^^^^^^^^^^^^^^^^^^^^^^^^^^^^^^^^^^^^^^^^^^^^^^^^^^^^^^^

note:   trigger 1 of 1:
   --> src/UnionFind/UnionFindArrayStEph.rs:234:49
    |
234 |             forall|i: int| 0 <= i < n as int && po[i] != i ==> ro[i] < ro[po[i] as int],
    |                                                 ^^^^^

note: automatically chose triggers for this expression:
   --> src/UnionFind/UnionFindArrayStEph.rs:238:13
    |
238 |             forall|i: int| 0 <= i < n as int && pn[i] != i ==> rn[i] < rn[pn[i] as int],
    |             ^^^^^^^^^^^^^^^^^^^^^^^^^^^^^^^^^^^^^^^^^^^^^^^^^^^^^^^^^^^^^^^^^^^^^^^^^^^

note:   trigger 1 of 1:
   --> src/UnionFind/UnionFindArrayStEph.rs:238:49
    |
238 |             forall|i: int| 0 <= i < n as int && pn[i] != i ==> rn[i] < rn[pn[i] as int],
    |                                                 ^^^^^

note: automatically chose triggers for this expression:
   --> src/UnionFind/UnionFindArrayStEph.rs:262:13
    |
262 |             forall|i: int| 0 <= i < n as int && po[i] != i ==> ro[i] < ro[po[i] as int],
    |             ^^^^^^^^^^^^^^^^^^^^^^^^^^^^^^^^^^^^^^^^^^^^^^^^^^^^^^^^^^^^^^^^^^^^^^^^^^^

note:   trigger 1 of 1:
   --> src/UnionFind/UnionFindArrayStEph.rs:262:49
    |
262 |             forall|i: int| 0 <= i < n as int && po[i] != i ==> ro[i] < ro[po[i] as int],
    |                                                 ^^^^^

note: automatically chose triggers for this expression:
   --> src/UnionFind/UnionFindArrayStEph.rs:266:13
    |
266 |             forall|i: int| 0 <= i < n as int && pn[i] != i ==> rn[i] < rn[pn[i] as int],
    |             ^^^^^^^^^^^^^^^^^^^^^^^^^^^^^^^^^^^^^^^^^^^^^^^^^^^^^^^^^^^^^^^^^^^^^^^^^^^

note:   trigger 1 of 1:
   --> src/UnionFind/UnionFindArrayStEph.rs:266:49
    |
266 |             forall|i: int| 0 <= i < n as int && pn[i] != i ==> rn[i] < rn[pn[i] as int],
    |                                                 ^^^^^

note: automatically chose triggers for this expression:
   --> src/UnionFind/UnionFindArrayStEph.rs:289:13
    |
289 |             forall|i: int| 0 <= i < n as int && parent[i] != i ==> rank[i] < rank[parent[i] as int],
    |             ^^^^^^^^^^^^^^^^^^^^^^^^^^^^^^^^^^^^^^^^^^^^^^^^^^^^^^^^^^^^^^^^^^^^^^^^^^^^^^^^^^^^^^^

note:   trigger 1 of 1:
   --> src/UnionFind/UnionFindArrayStEph.rs:289:49
    |
289 |             forall|i: int| 0 <= i < n as int && parent[i] != i ==> rank[i] < rank[parent[i] as int],
    |                                                 ^^^^^^^^^

note: Verus printed one or more automatically chosen quantifier triggers
      because it had low confidence in the chosen triggers.
      To suppress these messages, do one of the following:
        (1) manually annotate a single desired trigger using #[trigger]
            (example: forall|i: int, j: int| f(i) && #[trigger] g(i) && #[trigger] h(j)),
        (2) manually annotate multiple desired triggers using #![trigger ...]
            (example: forall|i: int| #![trigger f(i)] #![trigger g(i)] f(i) && g(i)),
        (3) accept the automatically chosen trigger using #![auto]
            (example: forall|i: int, j: int| #![auto] f(i) && g(i) && h(j))
        (4) use the --triggers-mode silent command-line option to suppress all printing of triggers.
      (Note: triggers are used by the underlying SMT theorem prover to instantiate quantifiers;
      the theorem prover instantiates a quantifier whenever some expression matches the
      pattern specified by one of the quantifier's triggers.)
   --> src/UnionFind/UnionFindArrayStEph.rs:289:13
    |
289 |             forall|i: int| 0 <= i < n as int && parent[i] != i ==> rank[i] < rank[parent[i] as int],
    |             ^^^^^^^^^^^^^^^^^^^^^^^^^^^^^^^^^^^^^^^^^^^^^^^^^^^^^^^^^^^^^^^^^^^^^^^^^^^^^^^^^^^^^^^

verification results:: 5689 verified, 0 errors
warning: 1 warning emitted

    Finished `release` profile [optimized] target(s) in 0.03s
────────────
 Nextest run ID 58d4d343-a6e0-4381-aad5-da64435aa809 with nextest profile: default
    Starting 221 tests across 48 binaries
        PASS [   1.469s] rust_verify_test::HashMapWithViewPlus hash_map_wvp_loop_loop
        PASS [   1.482s] rust_verify_test::HashSetWithViewPlus hash_set_wvp_for_iter
        PASS [   1.524s] rust_verify_test::HashMapWithViewPlus hash_map_wvp_for_iter
        PASS [   1.528s] rust_verify_test::HashSetWithViewPlus hash_set_wvp_loop_loop
        PASS [   1.623s] rust_verify_test::MappingStEph mapping_st_eph_loop_loop
        PASS [   1.716s] rust_verify_test::MappingStEph mapping_st_eph_for_iter
        PASS [   1.614s] rust_verify_test::ProveAVLTreeSeq avltreeseq_for_borrow_into
        PASS [   1.565s] rust_verify_test::ProveAVLTreeSeq avltreeseq_loop_borrow_into
        PASS [   1.563s] rust_verify_test::ProveAVLTreeSeq avltreeseq_loop_borrow_iter
        PASS [   1.634s] rust_verify_test::ProveAVLTreeSeq avltreeseq_for_borrow_iter
        PASS [   1.596s] rust_verify_test::ProveAVLTreeSeqMtPer avltreeseqmtper_for_borrow_into
        PASS [   1.575s] rust_verify_test::ProveAVLTreeSeqMtPer avltreeseqmtper_for_borrow_iter
        PASS [   1.564s] rust_verify_test::ProveAVLTreeSeqMtPer avltreeseqmtper_loop_borrow_into
        PASS [   1.558s] rust_verify_test::ProveAVLTreeSeqMtPer avltreeseqmtper_loop_borrow_iter
        PASS [   1.584s] rust_verify_test::ProveAVLTreeSeqStEph avltreeseqsteph_for_borrow_into
        PASS [   1.560s] rust_verify_test::ProveAVLTreeSeqStEph avltreeseqsteph_for_borrow_iter
        PASS [   1.554s] rust_verify_test::ProveAVLTreeSeqStEph avltreeseqsteph_loop_borrow_into
        PASS [   1.544s] rust_verify_test::ProveAVLTreeSeqStEph avltreeseqsteph_loop_borrow_iter
        PASS [   1.531s] rust_verify_test::ProveAVLTreeSeqStPer avltreeseqstper_for_borrow_into
        PASS [   1.519s] rust_verify_test::ProveAVLTreeSeqStPer avltreeseqstper_loop_borrow_into
        PASS [   1.551s] rust_verify_test::ProveAVLTreeSeqStPer avltreeseqstper_for_borrow_iter
        PASS [   1.573s] rust_verify_test::ProveAVLTreeSeqStPer avltreeseqstper_loop_borrow_iter
        PASS [   1.534s] rust_verify_test::ProveAVLTreeSetMtEph avltreesetmteph_for_borrow_into
        PASS [   1.524s] rust_verify_test::ProveAVLTreeSetMtEph avltreesetmteph_for_borrow_iter
        PASS [   1.388s] rust_verify_test::ProveArraySeq arrayseq_filter
        PASS [   1.485s] rust_verify_test::ProveAVLTreeSetMtEph avltreesetmteph_loop_borrow_into
        PASS [   1.477s] rust_verify_test::ProveAVLTreeSetMtEph avltreesetmteph_loop_borrow_iter
        PASS [   1.370s] rust_verify_test::ProveArraySeq arrayseq_iterate
        PASS [   1.446s] rust_verify_test::ProveArraySeq arrayseq_for_iter
        PASS [   1.507s] rust_verify_test::ProveArraySeq arrayseq_iterate_prefixes
        PASS [   1.627s] rust_verify_test::ProveArraySeq arrayseq_loop_loop
        PASS [   1.555s] rust_verify_test::ProveArraySeq arrayseq_map
        PASS [   1.589s] rust_verify_test::ProveArraySeq arrayseq_reduce
        PASS [   1.406s] rust_verify_test::ProveArraySeq arrayseq_tabulate
        PASS [   1.666s] rust_verify_test::ProveArraySeq arrayseq_scan
        PASS [   1.689s] rust_verify_test::ProveArraySeq arrayseq_scan_inclusive
        PASS [   1.621s] rust_verify_test::ProveArraySeqMtEph arrayseqmteph_for_borrow_into
        PASS [   1.650s] rust_verify_test::ProveArraySeqMtEph arrayseqmteph_for_consume
        PASS [   1.648s] rust_verify_test::ProveArraySeqMtEph arrayseqmteph_loop_borrow_into
        PASS [   1.611s] rust_verify_test::ProveArraySeqMtEph arrayseqmteph_loop_consume
        PASS [   1.586s] rust_verify_test::ProveArraySeqMtEph arrayseqmteph_loop_loop
        PASS [   1.709s] rust_verify_test::ProveArraySeqMtEph arrayseqmteph_for_iter
        PASS [   1.588s] rust_verify_test::ProveArraySeqMtPer arrayseqmtper_for_iter
        PASS [   1.681s] rust_verify_test::ProveArraySeqMtPer arrayseqmtper_for_borrow_into
        PASS [   1.648s] rust_verify_test::ProveArraySeqMtPer arrayseqmtper_for_consume
        PASS [   1.623s] rust_verify_test::ProveArraySeqMtPer arrayseqmtper_loop_consume
        PASS [   1.640s] rust_verify_test::ProveArraySeqMtPer arrayseqmtper_loop_borrow_into
        PASS [   1.624s] rust_verify_test::ProveArraySeqMtPer arrayseqmtper_loop_loop
        PASS [   1.467s] rust_verify_test::ProveArraySeqStEph arrayseqsteph_for_borrow_iter
        PASS [   1.513s] rust_verify_test::ProveArraySeqStEph arrayseqsteph_for_consume
        PASS [   1.570s] rust_verify_test::ProveArraySeqStEph arrayseqsteph_for_borrow_into
        PASS [   1.493s] rust_verify_test::ProveArraySeqStEph arrayseqsteph_loop_borrow_iter
        PASS [   1.509s] rust_verify_test::ProveArraySeqStEph arrayseqsteph_loop_borrow_into
        PASS [   1.544s] rust_verify_test::ProveArraySeqStEph arrayseqsteph_loop_consume
        PASS [   1.466s] rust_verify_test::ProveArraySeqStPer arrayseqstper_for_iter
        PASS [   1.453s] rust_verify_test::ProveArraySeqStPer arrayseqstper_loop_loop
        PASS [   1.463s] rust_verify_test::ProveBFSMtEph chap54_bfsmteph_bottom_up_loop
        PASS [   1.501s] rust_verify_test::ProveBFSMtEph chap54_bfsmteph_bottom_up_for
        PASS [   1.466s] rust_verify_test::ProveBFSMtEph chap54_bfsmteph_top_down_loop
        PASS [   1.503s] rust_verify_test::ProveBFSMtEph chap54_bfsmteph_top_down_for
        PASS [   1.408s] rust_verify_test::ProveBFSStEph chap54_bfssteph_bottom_up_loop
        PASS [   1.427s] rust_verify_test::ProveBFSStEph chap54_bfssteph_top_down_loop
        PASS [   1.561s] rust_verify_test::ProveBFSStEph chap54_bfssteph_bottom_up_for
        PASS [   1.543s] rust_verify_test::ProveBFSStEph chap54_bfssteph_top_down_for
        PASS [   1.547s] rust_verify_test::ProveBSTSetAVLMtEph bstsetavlmteph_for_borrow_iter
        PASS [   1.610s] rust_verify_test::ProveBSTSetAVLMtEph bstsetavlmteph_for_borrow_into
        PASS [   1.563s] rust_verify_test::ProveBSTSetAVLMtEph bstsetavlmteph_loop_borrow_iter
        PASS [   1.697s] rust_verify_test::ProveBSTSetAVLMtEph bstsetavlmteph_for_consume
        PASS [   1.588s] rust_verify_test::ProveBSTSetAVLMtEph bstsetavlmteph_loop_borrow_into
        PASS [   1.561s] rust_verify_test::ProveBSTSetAVLMtEph bstsetavlmteph_loop_consume
        PASS [   1.554s] rust_verify_test::ProveBSTSetBBAlphaMtEph bstsetbbalphamteph_for_borrow_iter
        PASS [   1.628s] rust_verify_test::ProveBSTSetBBAlphaMtEph bstsetbbalphamteph_for_borrow_into
        PASS [   1.570s] rust_verify_test::ProveBSTSetBBAlphaMtEph bstsetbbalphamteph_loop_borrow_iter
        PASS [   1.642s] rust_verify_test::ProveBSTSetPlainMtEph bstsetplainmteph_for_borrow_into
        PASS [   1.601s] rust_verify_test::ProveBSTSetPlainMtEph bstsetplainmteph_for_borrow_iter
        PASS [   1.703s] rust_verify_test::ProveBSTSetBBAlphaMtEph bstsetbbalphamteph_loop_borrow_into
        PASS [   1.583s] rust_verify_test::ProveBSTSetPlainMtEph bstsetplainmteph_loop_borrow_into
        PASS [   1.655s] rust_verify_test::ProveBSTSetPlainMtEph bstsetplainmteph_loop_borrow_iter
        PASS [   1.599s] rust_verify_test::ProveBSTSetRBMtEph bstsetrbmteph_for_consume
        PASS [   1.624s] rust_verify_test::ProveBSTSetRBMtEph bstsetrbmteph_loop_borrow_into
        PASS [   1.744s] rust_verify_test::ProveBSTSetRBMtEph bstsetrbmteph_for_borrow_into
        PASS [   1.578s] rust_verify_test::ProveBSTSetRBMtEph bstsetrbmteph_loop_borrow_iter
        PASS [   1.704s] rust_verify_test::ProveBSTSetRBMtEph bstsetrbmteph_for_borrow_iter
        PASS [   1.617s] rust_verify_test::ProveBSTSetRBMtEph bstsetrbmteph_loop_consume
        PASS [   1.664s] rust_verify_test::ProveBSTSetSplayMtEph bstsetsplaymteph_for_borrow_into
        PASS [   1.582s] rust_verify_test::ProveBSTSetSplayMtEph bstsetsplaymteph_loop_borrow_iter
        PASS [   1.632s] rust_verify_test::ProveBSTSetSplayMtEph bstsetsplaymteph_for_consume
        PASS [   1.616s] rust_verify_test::ProveBSTSetSplayMtEph bstsetsplaymteph_loop_borrow_into
        PASS [   1.694s] rust_verify_test::ProveBSTSetSplayMtEph bstsetsplaymteph_for_borrow_iter
        PASS [   1.623s] rust_verify_test::ProveBSTSetSplayMtEph bstsetsplaymteph_loop_consume
        PASS [   1.397s] rust_verify_test::ProveBalBinTreeStEph balbintree_inorder_spec_match
        PASS [   1.480s] rust_verify_test::ProveBalBinTreeStEph balbintree_for_postorder
        PASS [   1.439s] rust_verify_test::ProveBalBinTreeStEph balbintree_leaf_iter_exhausted
        PASS [   1.528s] rust_verify_test::ProveBalBinTreeStEph balbintree_for_preorder
        PASS [   1.565s] rust_verify_test::ProveBalBinTreeStEph balbintree_for_inorder
        PASS [   1.416s] rust_verify_test::ProveBalBinTreeStEph balbintree_leaf_traversals_empty
        PASS [   1.496s] rust_verify_test::ProveBalBinTreeStEph balbintree_loop_inorder
        PASS [   1.405s] rust_verify_test::ProveBalBinTreeStEph balbintree_postorder_spec_match
        PASS [   1.469s] rust_verify_test::ProveBalBinTreeStEph balbintree_loop_postorder
        PASS [   1.485s] rust_verify_test::ProveBalBinTreeStEph balbintree_loop_preorder
        PASS [   1.449s] rust_verify_test::ProveBalBinTreeStEph balbintree_preorder_spec_match
        PASS [   1.557s] rust_verify_test::ProveChap19ArraySeqMtEph chap19_arrayseqmteph_for_borrow_into
        PASS [   1.468s] rust_verify_test::ProveChap19ArraySeqMtEph chap19_arrayseqmteph_for_borrow_iter
        PASS [   1.449s] rust_verify_test::ProveChap19ArraySeqMtEph chap19_arrayseqmteph_loop_borrow_into
        PASS [   1.478s] rust_verify_test::ProveChap19ArraySeqMtEph chap19_arrayseqmteph_for_consume
        PASS [   1.464s] rust_verify_test::ProveChap19ArraySeqMtEph chap19_arrayseqmteph_loop_consume
        PASS [   1.490s] rust_verify_test::ProveChap19ArraySeqMtEph chap19_arrayseqmteph_loop_borrow_iter
        PASS [   1.496s] rust_verify_test::ProveChap19ArraySeqMtEphSlice slice_for_borrow_into
        PASS [   1.529s] rust_verify_test::ProveChap19ArraySeqMtEphSlice slice_loop_borrow_iter
        PASS [   1.573s] rust_verify_test::ProveChap19ArraySeqMtEphSlice slice_for_borrow_iter
        PASS [   1.544s] rust_verify_test::ProveChap19ArraySeqMtEphSlice slice_operations
        PASS [   1.659s] rust_verify_test::ProveChap19ArraySeqMtEphSlice slice_iter_over_subslice
        PASS [   1.615s] rust_verify_test::ProveChap19ArraySeqStEph chap19_arrayseqsteph_for_borrow_into
        PASS [   1.566s] rust_verify_test::ProveChap19ArraySeqStEph chap19_arrayseqsteph_for_borrow_iter
        PASS [   1.484s] rust_verify_test::ProveChap19ArraySeqStEph chap19_arrayseqsteph_for_consume
        PASS [   1.540s] rust_verify_test::ProveChap19ArraySeqStEph chap19_arrayseqsteph_loop_borrow_into
        PASS [   1.508s] rust_verify_test::ProveChap19ArraySeqStEph chap19_arrayseqsteph_loop_borrow_iter
        PASS [   1.534s] rust_verify_test::ProveChap19ArraySeqStEph chap19_arrayseqsteph_loop_consume
        PASS [   1.473s] rust_verify_test::ProveChap19ArraySeqStPer chap19_arrayseqstper_for_borrow_iter
        PASS [   1.564s] rust_verify_test::ProveChap19ArraySeqStPer chap19_arrayseqstper_for_borrow_into
        PASS [   1.469s] rust_verify_test::ProveChap19ArraySeqStPer chap19_arrayseqstper_loop_borrow_into
        PASS [   1.548s] rust_verify_test::ProveChap19ArraySeqStPer chap19_arrayseqstper_for_consume
        PASS [   1.556s] rust_verify_test::ProveChap19ArraySeqStPer chap19_arrayseqstper_loop_borrow_iter
        PASS [   1.445s] rust_verify_test::ProveKleeneStPer kleene_alphabet
        PASS [   1.459s] rust_verify_test::ProveKleeneStPer kleene_mem_plus
        PASS [   1.533s] rust_verify_test::ProveChap19ArraySeqStPer chap19_arrayseqstper_loop_consume
        PASS [   1.618s] rust_verify_test::ProveLinkedListStEph linkedliststeph_for_iter
        PASS [   1.674s] rust_verify_test::ProveKleeneStPer kleene_mem_star
        PASS [   1.615s] rust_verify_test::ProveLinkedListStPer linkedliststper_loop_loop
        PASS [   1.657s] rust_verify_test::ProveLinkedListStEph linkedliststeph_loop_loop
        PASS [   1.657s] rust_verify_test::ProveMathSeq mathseq_for_borrow_into
        PASS [   1.679s] rust_verify_test::ProveLinkedListStPer linkedliststper_for_iter
        PASS [   1.660s] rust_verify_test::ProveMathSeq mathseq_for_borrow_iter
        PASS [   1.668s] rust_verify_test::ProveMathSeq mathseq_for_consume
        PASS [   1.578s] rust_verify_test::ProveMathSeq mathseq_loop_borrow_into
        PASS [   1.616s] rust_verify_test::ProveMathSeq mathseq_loop_borrow_iter
        PASS [   1.612s] rust_verify_test::ProveMathSeq mathseq_loop_consume
        PASS [   1.656s] rust_verify_test::ProveOrderedSetStEph chap43_orderedsetsteph_for_borrow_into
        PASS [   1.502s] rust_verify_test::ProveOrderedSetStEph chap43_orderedsetsteph_for_borrow_iter
        PASS [   1.482s] rust_verify_test::ProveOrderedSetStEph chap43_orderedsetsteph_loop_borrow_into
        PASS [   1.500s] rust_verify_test::ProveOrderedSetStEph chap43_orderedsetsteph_loop_borrow_iter
        PASS [   1.523s] rust_verify_test::ProveOrderedSetStPer chap43_orderedsetstper_loop_borrow_iter
        PASS [   1.613s] rust_verify_test::ProveOrderedSetStPer chap43_orderedsetstper_for_borrow_iter
        PASS [   1.549s] rust_verify_test::ProveOrderedTableMtEph chap43_orderedtablemteph_for_borrow_into
        PASS [   1.552s] rust_verify_test::ProveOrderedTableMtEph chap43_orderedtablemteph_loop_borrow_into
        PASS [   1.598s] rust_verify_test::ProveOrderedTableMtEph chap43_orderedtablemteph_loop_borrow_iter
        PASS [   1.678s] rust_verify_test::ProveOrderedTableMtEph chap43_orderedtablemteph_for_borrow_iter
        PASS [   1.600s] rust_verify_test::ProveOrderedTableStEph chap43_orderedtablesteph_for_borrow_into
        PASS [   1.599s] rust_verify_test::ProveOrderedTableStEph chap43_orderedtablesteph_loop_borrow_into
        PASS [   1.726s] rust_verify_test::ProveOrderedTableStEph chap43_orderedtablesteph_for_borrow_iter
        PASS [   1.846s] rust_verify_test::ProveOrderedTableStEph chap43_orderedtablesteph_loop_borrow_iter
        PASS [   1.920s] rust_verify_test::ProveOrderedTableStPer chap43_orderedtablestper_for_borrow_into
        PASS [   1.833s] rust_verify_test::ProveOrderedTableStPer chap43_orderedtablestper_loop_borrow_into
        PASS [   1.953s] rust_verify_test::ProveOrderedTableStPer chap43_orderedtablestper_for_borrow_iter
        PASS [   1.813s] rust_verify_test::ProveOrderedTableStPer chap43_orderedtablestper_loop_borrow_iter
        PASS [   1.739s] rust_verify_test::ProvePrimTreeSeqStPer primtreeseq_for_borrow_into
        PASS [   1.730s] rust_verify_test::ProvePrimTreeSeqStPer primtreeseq_for_borrow_iter
        PASS [   1.672s] rust_verify_test::ProvePrimTreeSeqStPer primtreeseq_for_consume
        PASS [   1.646s] rust_verify_test::ProvePrimTreeSeqStPer primtreeseq_loop_borrow_iter
        PASS [   1.740s] rust_verify_test::ProvePrimTreeSeqStPer primtreeseq_loop_consume
        PASS [   1.761s] rust_verify_test::ProveSetMtEph set_mt_eph_for_borrow_into
        PASS [   1.845s] rust_verify_test::ProvePrimTreeSeqStPer primtreeseq_loop_borrow_into
        PASS [   1.547s] rust_verify_test::ProveSetMtEph set_mt_eph_for_borrow_iter
        PASS [   1.598s] rust_verify_test::ProveSetMtEph set_mt_eph_loop_borrow_into
        PASS [   1.583s] rust_verify_test::ProveSetMtEph set_mt_eph_loop_borrow_iter
        PASS [   1.509s] rust_verify_test::ProveSetStEph setsteph_for_borrow_into
        PASS [   1.486s] rust_verify_test::ProveSetStEph setsteph_for_borrow_iter
        PASS [   1.505s] rust_verify_test::ProveSetStEph setsteph_loop_borrow_into
        PASS [   1.526s] rust_verify_test::ProveSetStEph setsteph_loop_borrow_iter
        PASS [   1.439s] rust_verify_test::Provedeep_view_standard deep_view_standard_for_borrow_into
        PASS [   1.452s] rust_verify_test::Provedeep_view_standard deep_view_standard_for_borrow_iter
        PASS [   1.409s] rust_verify_test::Provedeep_view_standard deep_view_standard_loop_borrow_into
        PASS [   1.405s] rust_verify_test::Provedeep_view_standard deep_view_standard_loop_borrow_iter
        PASS [   1.454s] rust_verify_test::Provedeep_view_standard deep_view_standard_for_consume
        PASS [   1.491s] rust_verify_test::Provedeep_view_standard deep_view_standard_simple
        PASS [   1.586s] rust_verify_test::Provedeep_view_standard deep_view_standard_loop_consume
        PASS [   1.573s] rust_verify_test::Proveiterators_standard iterators_standard_for_borrow_into
        PASS [   1.580s] rust_verify_test::Proveiterators_standard iterators_standard_loop_borrow_into
        PASS [   1.610s] rust_verify_test::Proveiterators_standard iterators_standard_for_consume
        PASS [   1.662s] rust_verify_test::Proveiterators_standard iterators_standard_for_borrow_iter
        PASS [   1.623s] rust_verify_test::Proveiterators_standard iterators_standard_loop_borrow_iter
        PASS [   1.592s] rust_verify_test::Proveiterators_standard iterators_standard_loop_consume
        PASS [   1.570s] rust_verify_test::Provemod_standard mod_standard_for_borrow_iter
        PASS [   1.626s] rust_verify_test::Provemod_standard mod_standard_for_borrow_into
        PASS [   1.571s] rust_verify_test::Provemod_standard mod_standard_loop_borrow_into
        PASS [   1.628s] rust_verify_test::Provemod_standard mod_standard_for_consume
        PASS [   1.363s] rust_verify_test::Provemod_standard mod_standard_loop_borrow_iter
        PASS [   1.414s] rust_verify_test::Provemod_standard mod_standard_loop_consume
        PASS [   1.412s] rust_verify_test::Provetable_of_contents_standard toc_standard_for_borrow_into
        PASS [   1.378s] rust_verify_test::Provetable_of_contents_standard toc_standard_loop_borrow_into
        PASS [   1.459s] rust_verify_test::Provetable_of_contents_standard toc_standard_for_borrow_iter
        PASS [   1.452s] rust_verify_test::Provetable_of_contents_standard toc_standard_for_consume
        PASS [   1.407s] rust_verify_test::Provetable_of_contents_standard toc_standard_loop_borrow_iter
        PASS [   1.441s] rust_verify_test::Provetable_of_contents_standard toc_standard_loop_consume
        PASS [   1.372s] rust_verify_test::Proveusing_closures_standard closures_ghost_spec_fn
        PASS [   1.399s] rust_verify_test::Proveusing_closures_standard closures_inline_requires_ensures
        PASS [   1.374s] rust_verify_test::Proveusing_closures_standard closures_map_apply
        PASS [   1.418s] rust_verify_test::Proveusing_closures_standard closures_let_bind_ensures
        PASS [   1.397s] rust_verify_test::Proveview_standard view_standard_collection
        PASS [   1.443s] rust_verify_test::Proveview_standard view_standard_for_borrow_iter
        PASS [   1.494s] rust_verify_test::Proveview_standard view_standard_for_borrow_into
        PASS [   1.385s] rust_verify_test::Proveview_standard view_standard_loop_borrow_iter
        PASS [   1.432s] rust_verify_test::Proveview_standard view_standard_for_consume
        PASS [   1.434s] rust_verify_test::Proveview_standard view_standard_loop_borrow_into
        PASS [   1.332s] rust_verify_test::Proveview_standard view_standard_loop_consume
        PASS [   1.313s] rust_verify_test::Proveview_standard view_standard_simple
        PASS [   1.429s] rust_verify_test::Provewrapping_iterators_standard wrapping_for_borrow_into
        PASS [   1.429s] rust_verify_test::Provewrapping_iterators_standard wrapping_loop_borrow_into
        PASS [   1.452s] rust_verify_test::Provewrapping_iterators_standard wrapping_for_borrow_iter
        PASS [   1.436s] rust_verify_test::Provewrapping_iterators_standard wrapping_loop_borrow_iter
        PASS [   1.611s] rust_verify_test::RelationStEph relation_st_eph_for_iter
        PASS [   1.613s] rust_verify_test::RelationStEph relation_st_eph_loop_loop
        PASS [   1.445s] rust_verify_test::SetMtEph set_mt_eph_from_vec
        PASS [   1.463s] rust_verify_test::SetMtEph set_mt_eph_loop_loop
        PASS [   1.531s] rust_verify_test::SetMtEph set_mt_eph_for_iter
        PASS [   1.512s] rust_verify_test::SetStEph set_st_eph_for_iter
        PASS [   1.464s] rust_verify_test::SetStEph set_st_eph_from_vec
        PASS [   1.337s] rust_verify_test::prove_MathSeq_iters mathseq_iter_consuming
        PASS [   1.399s] rust_verify_test::prove_MathSeq_iters mathseq_iter_nested
        PASS [   1.451s] rust_verify_test::SetStEph set_st_eph_loop_loop
        PASS [   1.422s] rust_verify_test::prove_MathSeq_iters mathseq_iter_range
────────────
     Summary [  57.427s] 221 tests run: 221 passed, 0 skipped
Elapsed: 138s
