verification results:: 4395 verified, 0 errors
    Finished `release` profile [optimized] target(s) in 0.04s
────────────
 Nextest run ID d33820d6-1397-43b7-8cd9-4e511e10338a with nextest profile: default
    Starting 147 tests across 34 binaries
        PASS [   1.578s] rust_verify_test::HashSetWithViewPlus hash_set_wvp_loop_loop
        PASS [   1.706s] rust_verify_test::HashMapWithViewPlus hash_map_wvp_for_iter
        PASS [   1.711s] rust_verify_test::MappingStEph mapping_st_eph_for_iter
        PASS [   1.779s] rust_verify_test::HashMapWithViewPlus hash_map_wvp_loop_loop
        PASS [   1.828s] rust_verify_test::HashSetWithViewPlus hash_set_wvp_for_iter
        PASS [   1.868s] rust_verify_test::MappingStEph mapping_st_eph_loop_loop
        PASS [   1.454s] rust_verify_test::ProveAVLTreeSetMtEph avltreesetmteph_for_borrow_iter
        PASS [   1.407s] rust_verify_test::ProveArraySeq arrayseq_filter
        PASS [   1.730s] rust_verify_test::ProveAVLTreeSetMtEph avltreesetmteph_for_borrow_into
        PASS [   1.451s] rust_verify_test::ProveArraySeq arrayseq_iterate
        PASS [   1.746s] rust_verify_test::ProveAVLTreeSetMtEph avltreesetmteph_loop_borrow_iter
        PASS [   1.777s] rust_verify_test::ProveArraySeq arrayseq_for_iter
        PASS [   1.445s] rust_verify_test::ProveArraySeq arrayseq_iterate_prefixes
        PASS [   1.346s] rust_verify_test::ProveArraySeq arrayseq_map
        PASS [   1.774s] rust_verify_test::ProveArraySeq arrayseq_reduce
        PASS [   1.987s] rust_verify_test::ProveArraySeq arrayseq_loop_loop
        PASS [   1.776s] rust_verify_test::ProveArraySeq arrayseq_scan
        PASS [   1.839s] rust_verify_test::ProveArraySeq arrayseq_scan_inclusive
        PASS [   1.711s] rust_verify_test::ProveArraySeq arrayseq_tabulate
        PASS [   2.102s] rust_verify_test::ProveArraySeqMtEph arrayseqmteph_for_iter
        PASS [   2.098s] rust_verify_test::ProveArraySeqMtEph arrayseqmteph_loop_loop
        PASS [   2.150s] rust_verify_test::ProveArraySeqMtPer arrayseqmtper_for_iter
        PASS [   2.146s] rust_verify_test::ProveArraySeqMtPer arrayseqmtper_loop_loop
        PASS [   2.094s] rust_verify_test::ProveArraySeqStEph arrayseqsteph_for_borrow_into
        PASS [   2.207s] rust_verify_test::ProveArraySeqStEph arrayseqsteph_for_borrow_iter
        PASS [   2.269s] rust_verify_test::ProveArraySeqStEph arrayseqsteph_for_consume
        PASS [   2.259s] rust_verify_test::ProveArraySeqStEph arrayseqsteph_loop_borrow_into
        PASS [   2.277s] rust_verify_test::ProveArraySeqStEph arrayseqsteph_loop_consume
        PASS [   2.351s] rust_verify_test::ProveArraySeqStEph arrayseqsteph_loop_borrow_iter
        PASS [   2.288s] rust_verify_test::ProveArraySeqStPer arrayseqstper_for_iter
        PASS [   2.349s] rust_verify_test::ProveArraySeqStPer arrayseqstper_loop_loop
        PASS [   2.233s] rust_verify_test::ProveBFSMtEph chap54_bfsmteph_bottom_up_loop
        PASS [   2.124s] rust_verify_test::ProveBFSMtEph chap54_bfsmteph_top_down_loop
        PASS [   2.070s] rust_verify_test::ProveBFSStEph chap54_bfssteph_top_down_loop
        PASS [   2.114s] rust_verify_test::ProveBFSStEph chap54_bfssteph_bottom_up_loop
        PASS [   2.259s] rust_verify_test::ProveBalBinTreeStEph balbintree_for_inorder
        PASS [   2.214s] rust_verify_test::ProveBalBinTreeStEph balbintree_for_postorder
        PASS [   2.189s] rust_verify_test::ProveBalBinTreeStEph balbintree_for_preorder
        PASS [   2.067s] rust_verify_test::ProveBalBinTreeStEph balbintree_inorder_spec_match
        PASS [   2.087s] rust_verify_test::ProveBalBinTreeStEph balbintree_leaf_iter_exhausted
        PASS [   2.079s] rust_verify_test::ProveBalBinTreeStEph balbintree_leaf_traversals_empty
        PASS [   2.007s] rust_verify_test::ProveBalBinTreeStEph balbintree_loop_inorder
        PASS [   2.265s] rust_verify_test::ProveBalBinTreeStEph balbintree_loop_postorder
        PASS [   2.143s] rust_verify_test::ProveBalBinTreeStEph balbintree_loop_preorder
        PASS [   2.002s] rust_verify_test::ProveBalBinTreeStEph balbintree_preorder_spec_match
        PASS [   2.211s] rust_verify_test::ProveBalBinTreeStEph balbintree_postorder_spec_match
        PASS [   2.094s] rust_verify_test::ProveChap19ArraySeqMtEph chap19_arrayseqmteph_for_borrow_into
        PASS [   2.119s] rust_verify_test::ProveChap19ArraySeqMtEph chap19_arrayseqmteph_for_borrow_iter
        PASS [   2.252s] rust_verify_test::ProveChap19ArraySeqMtEph chap19_arrayseqmteph_for_consume
        PASS [   2.200s] rust_verify_test::ProveChap19ArraySeqMtEph chap19_arrayseqmteph_loop_borrow_into
        PASS [   2.146s] rust_verify_test::ProveChap19ArraySeqMtEph chap19_arrayseqmteph_loop_borrow_iter
        PASS [   2.255s] rust_verify_test::ProveChap19ArraySeqMtEph chap19_arrayseqmteph_loop_consume
        PASS [   2.327s] rust_verify_test::ProveChap19ArraySeqMtEphSlice slice_for_borrow_into
        PASS [   2.138s] rust_verify_test::ProveChap19ArraySeqMtEphSlice slice_for_borrow_iter
        PASS [   2.247s] rust_verify_test::ProveChap19ArraySeqMtEphSlice slice_iter_over_subslice
        PASS [   2.282s] rust_verify_test::ProveChap19ArraySeqMtEphSlice slice_loop_borrow_iter
        PASS [   2.318s] rust_verify_test::ProveChap19ArraySeqMtEphSlice slice_operations
        PASS [   2.410s] rust_verify_test::ProveChap19ArraySeqStEph chap19_arrayseqsteph_for_borrow_into
        PASS [   2.200s] rust_verify_test::ProveChap19ArraySeqStEph chap19_arrayseqsteph_for_consume
        PASS [   2.360s] rust_verify_test::ProveChap19ArraySeqStEph chap19_arrayseqsteph_for_borrow_iter
        PASS [   2.241s] rust_verify_test::ProveChap19ArraySeqStEph chap19_arrayseqsteph_loop_borrow_into
        PASS [   2.149s] rust_verify_test::ProveChap19ArraySeqStEph chap19_arrayseqsteph_loop_borrow_iter
        PASS [   2.111s] rust_verify_test::ProveChap19ArraySeqStEph chap19_arrayseqsteph_loop_consume
        PASS [   2.091s] rust_verify_test::ProveChap19ArraySeqStPer chap19_arrayseqstper_for_borrow_iter
        PASS [   2.306s] rust_verify_test::ProveChap19ArraySeqStPer chap19_arrayseqstper_for_borrow_into
        PASS [   2.266s] rust_verify_test::ProveChap19ArraySeqStPer chap19_arrayseqstper_for_consume
        PASS [   2.125s] rust_verify_test::ProveChap19ArraySeqStPer chap19_arrayseqstper_loop_borrow_into
        PASS [   2.245s] rust_verify_test::ProveChap19ArraySeqStPer chap19_arrayseqstper_loop_borrow_iter
        PASS [   2.253s] rust_verify_test::ProveChap19ArraySeqStPer chap19_arrayseqstper_loop_consume
        PASS [   2.155s] rust_verify_test::ProveKleeneStPer kleene_alphabet
        PASS [   2.212s] rust_verify_test::ProveKleeneStPer kleene_mem_plus
        PASS [   2.241s] rust_verify_test::ProveKleeneStPer kleene_mem_star
        PASS [   2.193s] rust_verify_test::ProveLinkedListStEph linkedliststeph_for_iter
        PASS [   2.074s] rust_verify_test::ProveLinkedListStEph linkedliststeph_loop_loop
        PASS [   2.072s] rust_verify_test::ProveLinkedListStPer linkedliststper_for_iter
        PASS [   2.089s] rust_verify_test::ProveLinkedListStPer linkedliststper_loop_loop
        PASS [   2.137s] rust_verify_test::ProveMathSeq mathseq_for_borrow_iter
        PASS [   2.281s] rust_verify_test::ProveMathSeq mathseq_for_borrow_into
        PASS [   2.125s] rust_verify_test::ProveMathSeq mathseq_for_consume
        PASS [   2.048s] rust_verify_test::ProveMathSeq mathseq_loop_borrow_into
        PASS [   2.163s] rust_verify_test::ProveMathSeq mathseq_loop_borrow_iter
        PASS [   2.170s] rust_verify_test::ProveMathSeq mathseq_loop_consume
        PASS [   2.271s] rust_verify_test::ProveOrderedTableStPer chap43_orderedtablestper_for_borrow_into
        PASS [   2.397s] rust_verify_test::ProveOrderedTableStPer chap43_orderedtablestper_for_borrow_iter
        PASS [   2.146s] rust_verify_test::ProvePrimTreeSeqStPer primtreeseq_for_borrow_into
        PASS [   2.230s] rust_verify_test::ProvePrimTreeSeqStPer primtreeseq_for_borrow_iter
        PASS [   2.802s] rust_verify_test::ProveOrderedTableStPer chap43_orderedtablestper_loop_borrow_into
        PASS [   2.784s] rust_verify_test::ProveOrderedTableStPer chap43_orderedtablestper_loop_borrow_iter
        PASS [   2.090s] rust_verify_test::ProvePrimTreeSeqStPer primtreeseq_for_consume
        PASS [   2.264s] rust_verify_test::ProvePrimTreeSeqStPer primtreeseq_loop_borrow_into
        PASS [   2.085s] rust_verify_test::ProvePrimTreeSeqStPer primtreeseq_loop_borrow_iter
        PASS [   2.106s] rust_verify_test::ProvePrimTreeSeqStPer primtreeseq_loop_consume
        PASS [   2.244s] rust_verify_test::ProveSetMtEph set_mt_eph_for_borrow_iter
        PASS [   2.351s] rust_verify_test::ProveSetMtEph set_mt_eph_for_borrow_into
        PASS [   2.135s] rust_verify_test::ProveSetMtEph set_mt_eph_loop_borrow_iter
        PASS [   2.103s] rust_verify_test::Provedeep_view_standard deep_view_standard_for_borrow_into
        PASS [   2.142s] rust_verify_test::Provedeep_view_standard deep_view_standard_for_borrow_iter
        PASS [   2.045s] rust_verify_test::Provedeep_view_standard deep_view_standard_for_consume
        PASS [   2.045s] rust_verify_test::Provedeep_view_standard deep_view_standard_loop_borrow_iter
        PASS [   2.134s] rust_verify_test::Provedeep_view_standard deep_view_standard_loop_borrow_into
        PASS [   2.030s] rust_verify_test::Provedeep_view_standard deep_view_standard_loop_consume
        PASS [   1.937s] rust_verify_test::Provedeep_view_standard deep_view_standard_simple
        PASS [   2.302s] rust_verify_test::Proveiterators_standard iterators_standard_for_borrow_into
        PASS [   2.166s] rust_verify_test::Proveiterators_standard iterators_standard_for_borrow_iter
        PASS [   2.181s] rust_verify_test::Proveiterators_standard iterators_standard_loop_borrow_into
        PASS [   2.248s] rust_verify_test::Proveiterators_standard iterators_standard_for_consume
        PASS [   2.197s] rust_verify_test::Proveiterators_standard iterators_standard_loop_borrow_iter
        PASS [   2.029s] rust_verify_test::Proveiterators_standard iterators_standard_loop_consume
        PASS [   1.996s] rust_verify_test::Provemod_standard mod_standard_for_borrow_iter
        PASS [   2.150s] rust_verify_test::Provemod_standard mod_standard_for_borrow_into
        PASS [   2.045s] rust_verify_test::Provemod_standard mod_standard_loop_borrow_iter
        PASS [   2.081s] rust_verify_test::Provemod_standard mod_standard_loop_borrow_into
        PASS [   2.180s] rust_verify_test::Provemod_standard mod_standard_for_consume
        PASS [   2.132s] rust_verify_test::Provemod_standard mod_standard_loop_consume
        PASS [   2.110s] rust_verify_test::Provetable_of_contents_standard toc_standard_for_borrow_into
        PASS [   2.241s] rust_verify_test::Provetable_of_contents_standard toc_standard_for_borrow_iter
        PASS [   2.050s] rust_verify_test::Provetable_of_contents_standard toc_standard_loop_borrow_iter
        PASS [   2.234s] rust_verify_test::Provetable_of_contents_standard toc_standard_for_consume
        PASS [   2.225s] rust_verify_test::Provetable_of_contents_standard toc_standard_loop_borrow_into
        PASS [   2.153s] rust_verify_test::Provetable_of_contents_standard toc_standard_loop_consume
        PASS [   2.023s] rust_verify_test::Proveusing_closures_standard closures_ghost_spec_fn
        PASS [   2.110s] rust_verify_test::Proveusing_closures_standard closures_inline_requires_ensures
        PASS [   2.026s] rust_verify_test::Proveusing_closures_standard closures_let_bind_ensures
        PASS [   1.985s] rust_verify_test::Proveview_standard view_standard_collection
        PASS [   2.035s] rust_verify_test::Proveusing_closures_standard closures_map_apply
        PASS [   2.023s] rust_verify_test::Proveview_standard view_standard_for_borrow_into
        PASS [   1.685s] rust_verify_test::Proveview_standard view_standard_for_borrow_iter
        PASS [   1.492s] rust_verify_test::Proveview_standard view_standard_for_consume
        PASS [   1.419s] rust_verify_test::Proveview_standard view_standard_simple
        PASS [   1.669s] rust_verify_test::Proveview_standard view_standard_loop_borrow_into
        PASS [   1.613s] rust_verify_test::Proveview_standard view_standard_loop_consume
        PASS [   1.700s] rust_verify_test::Proveview_standard view_standard_loop_borrow_iter
        PASS [   1.517s] rust_verify_test::Provewrapping_iterators_standard wrapping_for_borrow_into
        PASS [   1.637s] rust_verify_test::Provewrapping_iterators_standard wrapping_for_borrow_iter
        PASS [   1.502s] rust_verify_test::Provewrapping_iterators_standard wrapping_loop_borrow_into
        PASS [   1.715s] rust_verify_test::RelationStEph relation_st_eph_for_iter
        PASS [   1.824s] rust_verify_test::RelationStEph relation_st_eph_loop_loop
        PASS [   1.961s] rust_verify_test::Provewrapping_iterators_standard wrapping_loop_borrow_iter
        PASS [   1.778s] rust_verify_test::SetMtEph set_mt_eph_for_iter
        PASS [   1.588s] rust_verify_test::SetMtEph set_mt_eph_from_vec
        PASS [   1.668s] rust_verify_test::SetMtEph set_mt_eph_loop_loop
        PASS [   1.638s] rust_verify_test::SetStEph set_st_eph_loop_loop
        PASS [   1.683s] rust_verify_test::SetStEph set_st_eph_from_vec
        PASS [   1.859s] rust_verify_test::SetStEph set_st_eph_for_iter
        PASS [   1.450s] rust_verify_test::prove_MathSeq_iters mathseq_iter_nested
        PASS [   1.538s] rust_verify_test::prove_MathSeq_iters mathseq_iter_consuming
        PASS [   1.340s] rust_verify_test::prove_MathSeq_iters mathseq_iter_range
────────────
     Summary [  50.286s] 147 tests run: 147 passed, 0 skipped
Elapsed: 148s
