verification results:: 5582 verified, 0 errors
    Finished `release` profile [optimized] target(s) in 0.07s
────────────
 Nextest run ID ead97979-3788-414d-a849-ede0f5869963 with nextest profile: default
    Starting 221 tests across 48 binaries
        PASS [   2.393s] rust_verify_test::HashSetWithViewPlus hash_set_wvp_for_iter
        PASS [   2.450s] rust_verify_test::HashSetWithViewPlus hash_set_wvp_loop_loop
        PASS [   2.486s] rust_verify_test::MappingStEph mapping_st_eph_loop_loop
        PASS [   2.497s] rust_verify_test::HashMapWithViewPlus hash_map_wvp_for_iter
        PASS [   2.563s] rust_verify_test::HashMapWithViewPlus hash_map_wvp_loop_loop
        PASS [   2.654s] rust_verify_test::MappingStEph mapping_st_eph_for_iter
        PASS [   2.214s] rust_verify_test::ProveAVLTreeSeq avltreeseq_for_borrow_iter
        PASS [   2.433s] rust_verify_test::ProveAVLTreeSeq avltreeseq_for_borrow_into
        PASS [   2.381s] rust_verify_test::ProveAVLTreeSeq avltreeseq_loop_borrow_iter
        PASS [   2.419s] rust_verify_test::ProveAVLTreeSeq avltreeseq_loop_borrow_into
        PASS [   2.345s] rust_verify_test::ProveAVLTreeSeqMtPer avltreeseqmtper_for_borrow_iter
        PASS [   2.593s] rust_verify_test::ProveAVLTreeSeqMtPer avltreeseqmtper_for_borrow_into
        PASS [   2.422s] rust_verify_test::ProveAVLTreeSeqMtPer avltreeseqmtper_loop_borrow_into
        PASS [   2.284s] rust_verify_test::ProveAVLTreeSeqMtPer avltreeseqmtper_loop_borrow_iter
        PASS [   2.371s] rust_verify_test::ProveAVLTreeSeqStEph avltreeseqsteph_loop_borrow_into
        PASS [   2.551s] rust_verify_test::ProveAVLTreeSeqStEph avltreeseqsteph_for_borrow_iter
        PASS [   2.581s] rust_verify_test::ProveAVLTreeSeqStEph avltreeseqsteph_for_borrow_into
        PASS [   2.546s] rust_verify_test::ProveAVLTreeSeqStEph avltreeseqsteph_loop_borrow_iter
        PASS [   2.395s] rust_verify_test::ProveAVLTreeSeqStPer avltreeseqstper_for_borrow_iter
        PASS [   2.232s] rust_verify_test::ProveAVLTreeSeqStPer avltreeseqstper_loop_borrow_into
        PASS [   2.592s] rust_verify_test::ProveAVLTreeSeqStPer avltreeseqstper_for_borrow_into
        PASS [   2.313s] rust_verify_test::ProveAVLTreeSeqStPer avltreeseqstper_loop_borrow_iter
        PASS [   2.667s] rust_verify_test::ProveAVLTreeSetMtEph avltreesetmteph_for_borrow_into
        PASS [   2.580s] rust_verify_test::ProveAVLTreeSetMtEph avltreesetmteph_for_borrow_iter
        PASS [   2.014s] rust_verify_test::ProveArraySeq arrayseq_filter
        PASS [   2.399s] rust_verify_test::ProveAVLTreeSetMtEph avltreesetmteph_loop_borrow_into
        PASS [   2.285s] rust_verify_test::ProveArraySeq arrayseq_for_iter
        PASS [   2.470s] rust_verify_test::ProveAVLTreeSetMtEph avltreesetmteph_loop_borrow_iter
        PASS [   2.144s] rust_verify_test::ProveArraySeq arrayseq_iterate
        PASS [   2.367s] rust_verify_test::ProveArraySeq arrayseq_iterate_prefixes
        PASS [   2.299s] rust_verify_test::ProveArraySeq arrayseq_map
        PASS [   2.679s] rust_verify_test::ProveArraySeq arrayseq_loop_loop
        PASS [   2.440s] rust_verify_test::ProveArraySeq arrayseq_scan
        PASS [   2.518s] rust_verify_test::ProveArraySeq arrayseq_reduce
        PASS [   2.018s] rust_verify_test::ProveArraySeq arrayseq_tabulate
        PASS [   2.761s] rust_verify_test::ProveArraySeq arrayseq_scan_inclusive
        PASS [   2.545s] rust_verify_test::ProveArraySeqMtEph arrayseqmteph_for_borrow_into
        PASS [   2.298s] rust_verify_test::ProveArraySeqMtEph arrayseqmteph_for_iter
        PASS [   2.465s] rust_verify_test::ProveArraySeqMtEph arrayseqmteph_for_consume
        PASS [   2.371s] rust_verify_test::ProveArraySeqMtEph arrayseqmteph_loop_borrow_into
        PASS [   2.548s] rust_verify_test::ProveArraySeqMtEph arrayseqmteph_loop_consume
        PASS [   2.335s] rust_verify_test::ProveArraySeqMtEph arrayseqmteph_loop_loop
        PASS [   2.495s] rust_verify_test::ProveArraySeqMtPer arrayseqmtper_for_consume
        PASS [   2.559s] rust_verify_test::ProveArraySeqMtPer arrayseqmtper_for_borrow_into
        PASS [   2.496s] rust_verify_test::ProveArraySeqMtPer arrayseqmtper_for_iter
        PASS [   2.497s] rust_verify_test::ProveArraySeqMtPer arrayseqmtper_loop_borrow_into
        PASS [   2.240s] rust_verify_test::ProveArraySeqMtPer arrayseqmtper_loop_loop
        PASS [   2.450s] rust_verify_test::ProveArraySeqMtPer arrayseqmtper_loop_consume
        PASS [   2.200s] rust_verify_test::ProveArraySeqStEph arrayseqsteph_for_borrow_into
        PASS [   2.400s] rust_verify_test::ProveArraySeqStEph arrayseqsteph_for_consume
        PASS [   2.365s] rust_verify_test::ProveArraySeqStEph arrayseqsteph_loop_borrow_iter
        PASS [   2.683s] rust_verify_test::ProveArraySeqStEph arrayseqsteph_for_borrow_iter
        PASS [   2.598s] rust_verify_test::ProveArraySeqStEph arrayseqsteph_loop_borrow_into
        PASS [   2.430s] rust_verify_test::ProveArraySeqStEph arrayseqsteph_loop_consume
        PASS [   2.322s] rust_verify_test::ProveArraySeqStPer arrayseqstper_loop_loop
        PASS [   2.605s] rust_verify_test::ProveArraySeqStPer arrayseqstper_for_iter
        PASS [   2.136s] rust_verify_test::ProveBFSMtEph chap54_bfsmteph_bottom_up_loop
        PASS [   2.362s] rust_verify_test::ProveBFSMtEph chap54_bfsmteph_bottom_up_for
        PASS [   2.406s] rust_verify_test::ProveBFSMtEph chap54_bfsmteph_top_down_loop
        PASS [   2.568s] rust_verify_test::ProveBFSMtEph chap54_bfsmteph_top_down_for
        PASS [   2.178s] rust_verify_test::ProveBFSStEph chap54_bfssteph_bottom_up_for
        PASS [   2.207s] rust_verify_test::ProveBFSStEph chap54_bfssteph_bottom_up_loop
        PASS [   2.228s] rust_verify_test::ProveBFSStEph chap54_bfssteph_top_down_loop
        PASS [   2.490s] rust_verify_test::ProveBFSStEph chap54_bfssteph_top_down_for
        PASS [   2.609s] rust_verify_test::ProveBSTSetAVLMtEph bstsetavlmteph_for_borrow_into
        PASS [   2.574s] rust_verify_test::ProveBSTSetAVLMtEph bstsetavlmteph_for_borrow_iter
        PASS [   2.535s] rust_verify_test::ProveBSTSetAVLMtEph bstsetavlmteph_for_consume
        PASS [   2.642s] rust_verify_test::ProveBSTSetAVLMtEph bstsetavlmteph_loop_borrow_into
        PASS [   2.477s] rust_verify_test::ProveBSTSetAVLMtEph bstsetavlmteph_loop_borrow_iter
        PASS [   2.716s] rust_verify_test::ProveBSTSetAVLMtEph bstsetavlmteph_loop_consume
        PASS [   2.442s] rust_verify_test::ProveBSTSetBBAlphaMtEph bstsetbbalphamteph_for_borrow_into
        PASS [   2.476s] rust_verify_test::ProveBSTSetBBAlphaMtEph bstsetbbalphamteph_for_borrow_iter
        PASS [   2.366s] rust_verify_test::ProveBSTSetBBAlphaMtEph bstsetbbalphamteph_loop_borrow_into
        PASS [   2.273s] rust_verify_test::ProveBSTSetPlainMtEph bstsetplainmteph_for_borrow_into
        PASS [   2.474s] rust_verify_test::ProveBSTSetBBAlphaMtEph bstsetbbalphamteph_loop_borrow_iter
        PASS [   2.704s] rust_verify_test::ProveBSTSetPlainMtEph bstsetplainmteph_for_borrow_iter
        PASS [   2.435s] rust_verify_test::ProveBSTSetPlainMtEph bstsetplainmteph_loop_borrow_iter
        PASS [   2.580s] rust_verify_test::ProveBSTSetPlainMtEph bstsetplainmteph_loop_borrow_into
        PASS [   2.296s] rust_verify_test::ProveBSTSetRBMtEph bstsetrbmteph_for_borrow_iter
        PASS [   2.507s] rust_verify_test::ProveBSTSetRBMtEph bstsetrbmteph_for_borrow_into
        PASS [   2.422s] rust_verify_test::ProveBSTSetRBMtEph bstsetrbmteph_for_consume
        PASS [   2.454s] rust_verify_test::ProveBSTSetRBMtEph bstsetrbmteph_loop_borrow_iter
        PASS [   2.438s] rust_verify_test::ProveBSTSetRBMtEph bstsetrbmteph_loop_consume
        PASS [   2.602s] rust_verify_test::ProveBSTSetRBMtEph bstsetrbmteph_loop_borrow_into
        PASS [   2.194s] rust_verify_test::ProveBSTSetSplayMtEph bstsetsplaymteph_for_consume
        PASS [   2.490s] rust_verify_test::ProveBSTSetSplayMtEph bstsetsplaymteph_for_borrow_into
        PASS [   2.465s] rust_verify_test::ProveBSTSetSplayMtEph bstsetsplaymteph_for_borrow_iter
        PASS [   2.365s] rust_verify_test::ProveBSTSetSplayMtEph bstsetsplaymteph_loop_borrow_into
        PASS [   2.308s] rust_verify_test::ProveBSTSetSplayMtEph bstsetsplaymteph_loop_consume
        PASS [   2.384s] rust_verify_test::ProveBSTSetSplayMtEph bstsetsplaymteph_loop_borrow_iter
        PASS [   2.365s] rust_verify_test::ProveBalBinTreeStEph balbintree_for_preorder
        PASS [   2.512s] rust_verify_test::ProveBalBinTreeStEph balbintree_for_inorder
        PASS [   2.553s] rust_verify_test::ProveBalBinTreeStEph balbintree_for_postorder
        PASS [   2.377s] rust_verify_test::ProveBalBinTreeStEph balbintree_inorder_spec_match
        PASS [   2.356s] rust_verify_test::ProveBalBinTreeStEph balbintree_leaf_iter_exhausted
        PASS [   2.524s] rust_verify_test::ProveBalBinTreeStEph balbintree_leaf_traversals_empty
        PASS [   2.507s] rust_verify_test::ProveBalBinTreeStEph balbintree_loop_inorder
        PASS [   2.407s] rust_verify_test::ProveBalBinTreeStEph balbintree_loop_preorder
        PASS [   2.532s] rust_verify_test::ProveBalBinTreeStEph balbintree_loop_postorder
        PASS [   2.284s] rust_verify_test::ProveBalBinTreeStEph balbintree_preorder_spec_match
        PASS [   2.332s] rust_verify_test::ProveBalBinTreeStEph balbintree_postorder_spec_match
        PASS [   2.443s] rust_verify_test::ProveChap19ArraySeqMtEph chap19_arrayseqmteph_for_borrow_into
        PASS [   2.234s] rust_verify_test::ProveChap19ArraySeqMtEph chap19_arrayseqmteph_for_consume
        PASS [   2.431s] rust_verify_test::ProveChap19ArraySeqMtEph chap19_arrayseqmteph_for_borrow_iter
        PASS [   2.616s] rust_verify_test::ProveChap19ArraySeqMtEph chap19_arrayseqmteph_loop_borrow_into
        PASS [   2.244s] rust_verify_test::ProveChap19ArraySeqMtEph chap19_arrayseqmteph_loop_borrow_iter
        PASS [   2.581s] rust_verify_test::ProveChap19ArraySeqMtEph chap19_arrayseqmteph_loop_consume
        PASS [   2.294s] rust_verify_test::ProveChap19ArraySeqMtEphSlice slice_for_borrow_into
        PASS [   2.312s] rust_verify_test::ProveChap19ArraySeqMtEphSlice slice_for_borrow_iter
        PASS [   2.415s] rust_verify_test::ProveChap19ArraySeqMtEphSlice slice_iter_over_subslice
        PASS [   2.370s] rust_verify_test::ProveChap19ArraySeqMtEphSlice slice_operations
        PASS [   2.596s] rust_verify_test::ProveChap19ArraySeqMtEphSlice slice_loop_borrow_iter
        PASS [   2.344s] rust_verify_test::ProveChap19ArraySeqStEph chap19_arrayseqsteph_for_borrow_into
        PASS [   2.380s] rust_verify_test::ProveChap19ArraySeqStEph chap19_arrayseqsteph_for_borrow_iter
        PASS [   2.192s] rust_verify_test::ProveChap19ArraySeqStEph chap19_arrayseqsteph_for_consume
        PASS [   2.512s] rust_verify_test::ProveChap19ArraySeqStEph chap19_arrayseqsteph_loop_borrow_into
        PASS [   2.492s] rust_verify_test::ProveChap19ArraySeqStEph chap19_arrayseqsteph_loop_borrow_iter
        PASS [   2.417s] rust_verify_test::ProveChap19ArraySeqStEph chap19_arrayseqsteph_loop_consume
        PASS [   2.350s] rust_verify_test::ProveChap19ArraySeqStPer chap19_arrayseqstper_for_borrow_into
        PASS [   2.384s] rust_verify_test::ProveChap19ArraySeqStPer chap19_arrayseqstper_for_borrow_iter
        PASS [   2.345s] rust_verify_test::ProveChap19ArraySeqStPer chap19_arrayseqstper_for_consume
        PASS [   2.300s] rust_verify_test::ProveChap19ArraySeqStPer chap19_arrayseqstper_loop_borrow_into
        PASS [   2.289s] rust_verify_test::ProveKleeneStPer kleene_alphabet
        PASS [   2.498s] rust_verify_test::ProveChap19ArraySeqStPer chap19_arrayseqstper_loop_consume
        PASS [   2.542s] rust_verify_test::ProveChap19ArraySeqStPer chap19_arrayseqstper_loop_borrow_iter
        PASS [   2.381s] rust_verify_test::ProveKleeneStPer kleene_mem_plus
        PASS [   2.281s] rust_verify_test::ProveKleeneStPer kleene_mem_star
        PASS [   2.153s] rust_verify_test::ProveLinkedListStEph linkedliststeph_for_iter
        PASS [   1.740s] rust_verify_test::ProveLinkedListStPer linkedliststper_loop_loop
        PASS [   1.761s] rust_verify_test::ProveLinkedListStPer linkedliststper_for_iter
        PASS [   1.927s] rust_verify_test::ProveLinkedListStEph linkedliststeph_loop_loop
        PASS [   1.809s] rust_verify_test::ProveMathSeq mathseq_for_borrow_into
        PASS [   2.090s] rust_verify_test::ProveMathSeq mathseq_for_borrow_iter
        PASS [   1.743s] rust_verify_test::ProveMathSeq mathseq_for_consume
        PASS [   1.709s] rust_verify_test::ProveMathSeq mathseq_loop_borrow_into
        PASS [   1.798s] rust_verify_test::ProveMathSeq mathseq_loop_borrow_iter
        PASS [   1.797s] rust_verify_test::ProveMathSeq mathseq_loop_consume
        PASS [   1.758s] rust_verify_test::ProveOrderedSetStEph chap43_orderedsetsteph_for_borrow_into
        PASS [   1.699s] rust_verify_test::ProveOrderedSetStEph chap43_orderedsetsteph_loop_borrow_into
        PASS [   1.907s] rust_verify_test::ProveOrderedSetStEph chap43_orderedsetsteph_for_borrow_iter
        PASS [   1.846s] rust_verify_test::ProveOrderedSetStEph chap43_orderedsetsteph_loop_borrow_iter
        PASS [   1.807s] rust_verify_test::ProveOrderedSetStPer chap43_orderedsetstper_for_borrow_iter
        PASS [   1.814s] rust_verify_test::ProveOrderedSetStPer chap43_orderedsetstper_loop_borrow_iter
        PASS [   2.090s] rust_verify_test::ProveOrderedTableMtEph chap43_orderedtablemteph_for_borrow_into
        PASS [   1.719s] rust_verify_test::ProveOrderedTableMtEph chap43_orderedtablemteph_loop_borrow_into
        PASS [   1.977s] rust_verify_test::ProveOrderedTableMtEph chap43_orderedtablemteph_for_borrow_iter
        PASS [   1.797s] rust_verify_test::ProveOrderedTableMtEph chap43_orderedtablemteph_loop_borrow_iter
        PASS [   1.888s] rust_verify_test::ProveOrderedTableStEph chap43_orderedtablesteph_for_borrow_into
        PASS [   1.894s] rust_verify_test::ProveOrderedTableStEph chap43_orderedtablesteph_for_borrow_iter
        PASS [   1.818s] rust_verify_test::ProveOrderedTableStEph chap43_orderedtablesteph_loop_borrow_into
        PASS [   1.726s] rust_verify_test::ProveOrderedTableStEph chap43_orderedtablesteph_loop_borrow_iter
        PASS [   1.861s] rust_verify_test::ProveOrderedTableStPer chap43_orderedtablestper_for_borrow_into
        PASS [   1.748s] rust_verify_test::ProveOrderedTableStPer chap43_orderedtablestper_for_borrow_iter
        PASS [   1.818s] rust_verify_test::ProveOrderedTableStPer chap43_orderedtablestper_loop_borrow_into
        PASS [   1.768s] rust_verify_test::ProveOrderedTableStPer chap43_orderedtablestper_loop_borrow_iter
        PASS [   1.612s] rust_verify_test::ProvePrimTreeSeqStPer primtreeseq_for_borrow_into
        PASS [   1.690s] rust_verify_test::ProvePrimTreeSeqStPer primtreeseq_for_borrow_iter
        PASS [   1.576s] rust_verify_test::ProvePrimTreeSeqStPer primtreeseq_loop_borrow_into
        PASS [   1.574s] rust_verify_test::ProvePrimTreeSeqStPer primtreeseq_loop_borrow_iter
        PASS [   1.947s] rust_verify_test::ProvePrimTreeSeqStPer primtreeseq_for_consume
        PASS [   1.746s] rust_verify_test::ProvePrimTreeSeqStPer primtreeseq_loop_consume
        PASS [   1.813s] rust_verify_test::ProveSetMtEph set_mt_eph_for_borrow_into
        PASS [   1.689s] rust_verify_test::ProveSetMtEph set_mt_eph_for_borrow_iter
        PASS [   1.760s] rust_verify_test::ProveSetMtEph set_mt_eph_loop_borrow_into
        PASS [   1.692s] rust_verify_test::ProveSetStEph setsteph_for_borrow_into
        PASS [   1.860s] rust_verify_test::ProveSetMtEph set_mt_eph_loop_borrow_iter
        PASS [   1.863s] rust_verify_test::ProveSetStEph setsteph_for_borrow_iter
        PASS [   1.801s] rust_verify_test::ProveSetStEph setsteph_loop_borrow_into
        PASS [   1.686s] rust_verify_test::ProveSetStEph setsteph_loop_borrow_iter
        PASS [   1.780s] rust_verify_test::Provedeep_view_standard deep_view_standard_for_borrow_into
        PASS [   1.652s] rust_verify_test::Provedeep_view_standard deep_view_standard_for_borrow_iter
        PASS [   1.562s] rust_verify_test::Provedeep_view_standard deep_view_standard_loop_borrow_iter
        PASS [   1.662s] rust_verify_test::Provedeep_view_standard deep_view_standard_loop_borrow_into
        PASS [   1.964s] rust_verify_test::Provedeep_view_standard deep_view_standard_for_consume
        PASS [   1.643s] rust_verify_test::Provedeep_view_standard deep_view_standard_loop_consume
        PASS [   1.654s] rust_verify_test::Provedeep_view_standard deep_view_standard_simple
        PASS [   1.627s] rust_verify_test::Proveiterators_standard iterators_standard_for_borrow_into
        PASS [   1.584s] rust_verify_test::Proveiterators_standard iterators_standard_for_consume
        PASS [   1.706s] rust_verify_test::Proveiterators_standard iterators_standard_loop_borrow_into
        PASS [   1.796s] rust_verify_test::Proveiterators_standard iterators_standard_for_borrow_iter
        PASS [   1.724s] rust_verify_test::Proveiterators_standard iterators_standard_loop_borrow_iter
        PASS [   1.704s] rust_verify_test::Proveiterators_standard iterators_standard_loop_consume
        PASS [   1.661s] rust_verify_test::Provemod_standard mod_standard_for_borrow_into
        PASS [   1.798s] rust_verify_test::Provemod_standard mod_standard_for_borrow_iter
        PASS [   1.655s] rust_verify_test::Provemod_standard mod_standard_loop_borrow_into
        PASS [   1.732s] rust_verify_test::Provemod_standard mod_standard_for_consume
        PASS [   1.694s] rust_verify_test::Provemod_standard mod_standard_loop_borrow_iter
        PASS [   1.705s] rust_verify_test::Provemod_standard mod_standard_loop_consume
        PASS [   1.722s] rust_verify_test::Provetable_of_contents_standard toc_standard_for_borrow_into
        PASS [   1.682s] rust_verify_test::Provetable_of_contents_standard toc_standard_for_borrow_iter
        PASS [   1.695s] rust_verify_test::Provetable_of_contents_standard toc_standard_loop_borrow_into
        PASS [   1.841s] rust_verify_test::Provetable_of_contents_standard toc_standard_for_consume
        PASS [   1.727s] rust_verify_test::Provetable_of_contents_standard toc_standard_loop_borrow_iter
        PASS [   1.604s] rust_verify_test::Provetable_of_contents_standard toc_standard_loop_consume
        PASS [   1.586s] rust_verify_test::Proveusing_closures_standard closures_ghost_spec_fn
        PASS [   1.623s] rust_verify_test::Proveusing_closures_standard closures_inline_requires_ensures
        PASS [   1.542s] rust_verify_test::Proveusing_closures_standard closures_let_bind_ensures
        PASS [   1.663s] rust_verify_test::Proveusing_closures_standard closures_map_apply
        PASS [   1.662s] rust_verify_test::Proveview_standard view_standard_collection
        PASS [   1.719s] rust_verify_test::Proveview_standard view_standard_for_borrow_into
        PASS [   1.622s] rust_verify_test::Proveview_standard view_standard_for_borrow_iter
        PASS [   1.579s] rust_verify_test::Proveview_standard view_standard_loop_borrow_into
        PASS [   1.625s] rust_verify_test::Proveview_standard view_standard_loop_borrow_iter
        PASS [   1.931s] rust_verify_test::Proveview_standard view_standard_for_consume
        PASS [   1.705s] rust_verify_test::Proveview_standard view_standard_loop_consume
        PASS [   1.523s] rust_verify_test::Proveview_standard view_standard_simple
        PASS [   1.757s] rust_verify_test::Provewrapping_iterators_standard wrapping_for_borrow_into
        PASS [   1.690s] rust_verify_test::Provewrapping_iterators_standard wrapping_for_borrow_iter
        PASS [   1.557s] rust_verify_test::Provewrapping_iterators_standard wrapping_loop_borrow_iter
        PASS [   1.881s] rust_verify_test::Provewrapping_iterators_standard wrapping_loop_borrow_into
        PASS [   1.702s] rust_verify_test::RelationStEph relation_st_eph_loop_loop
        PASS [   1.848s] rust_verify_test::RelationStEph relation_st_eph_for_iter
        PASS [   1.667s] rust_verify_test::SetMtEph set_mt_eph_for_iter
        PASS [   1.819s] rust_verify_test::SetMtEph set_mt_eph_from_vec
        PASS [   1.703s] rust_verify_test::SetMtEph set_mt_eph_loop_loop
        PASS [   1.941s] rust_verify_test::SetStEph set_st_eph_for_iter
        PASS [   1.695s] rust_verify_test::SetStEph set_st_eph_from_vec
        PASS [   1.622s] rust_verify_test::SetStEph set_st_eph_loop_loop
        PASS [   1.641s] rust_verify_test::prove_MathSeq_iters mathseq_iter_consuming
        PASS [   1.487s] rust_verify_test::prove_MathSeq_iters mathseq_iter_nested
        PASS [   1.529s] rust_verify_test::prove_MathSeq_iters mathseq_iter_range
────────────
     Summary [  79.064s] 221 tests run: 221 passed, 0 skipped
Elapsed: 186s
