verification results:: 4437 verified, 0 errors
    Finished `release` profile [optimized] target(s) in 0.04s
────────────
 Nextest run ID fce9e3ca-c4f7-430c-948c-c309a536596e with nextest profile: default
    Starting 145 tests across 34 binaries
        PASS [   1.481s] rust_verify_test::HashSetWithViewPlus hash_set_wvp_for_iter
        PASS [   1.572s] rust_verify_test::HashMapWithViewPlus hash_map_wvp_for_iter
        PASS [   1.675s] rust_verify_test::MappingStEph mapping_st_eph_loop_loop
        PASS [   1.676s] rust_verify_test::HashMapWithViewPlus hash_map_wvp_loop_loop
        PASS [   1.756s] rust_verify_test::HashSetWithViewPlus hash_set_wvp_loop_loop
        PASS [   1.887s] rust_verify_test::MappingStEph mapping_st_eph_for_iter
        PASS [   1.485s] rust_verify_test::ProveAVLTreeSetMtEph avltreesetmteph_for_borrow_into
        PASS [   1.408s] rust_verify_test::ProveArraySeq arrayseq_filter
        PASS [   1.539s] rust_verify_test::ProveAVLTreeSetMtEph avltreesetmteph_for_borrow_iter
        PASS [   1.489s] rust_verify_test::ProveAVLTreeSetMtEph avltreesetmteph_loop_borrow_iter
        PASS [   1.497s] rust_verify_test::ProveArraySeq arrayseq_iterate
        PASS [   1.673s] rust_verify_test::ProveArraySeq arrayseq_for_iter
        PASS [   1.467s] rust_verify_test::ProveArraySeq arrayseq_loop_loop
        PASS [   1.508s] rust_verify_test::ProveArraySeq arrayseq_map
        PASS [   1.480s] rust_verify_test::ProveArraySeq arrayseq_reduce
        PASS [   1.724s] rust_verify_test::ProveArraySeq arrayseq_iterate_prefixes
        PASS [   1.692s] rust_verify_test::ProveArraySeq arrayseq_scan_inclusive
        PASS [   1.737s] rust_verify_test::ProveArraySeq arrayseq_scan
        PASS [   1.380s] rust_verify_test::ProveArraySeq arrayseq_tabulate
        PASS [   1.492s] rust_verify_test::ProveArraySeqMtEph arrayseqmteph_loop_loop
        PASS [   1.572s] rust_verify_test::ProveArraySeqMtEph arrayseqmteph_for_iter
        PASS [   1.619s] rust_verify_test::ProveArraySeqMtPer arrayseqmtper_for_iter
        PASS [   1.411s] rust_verify_test::ProveArraySeqMtPer arrayseqmtper_loop_loop
        PASS [   1.681s] rust_verify_test::ProveArraySeqStEph arrayseqsteph_for_borrow_into
        PASS [   1.549s] rust_verify_test::ProveArraySeqStEph arrayseqsteph_for_borrow_iter
        PASS [   1.565s] rust_verify_test::ProveArraySeqStEph arrayseqsteph_for_consume
        PASS [   1.572s] rust_verify_test::ProveArraySeqStEph arrayseqsteph_loop_borrow_into
        PASS [   1.462s] rust_verify_test::ProveArraySeqStEph arrayseqsteph_loop_borrow_iter
        PASS [   1.454s] rust_verify_test::ProveArraySeqStEph arrayseqsteph_loop_consume
        PASS [   1.678s] rust_verify_test::ProveArraySeqStPer arrayseqstper_for_iter
        PASS [   1.474s] rust_verify_test::ProveArraySeqStPer arrayseqstper_loop_loop
        PASS [   1.362s] rust_verify_test::ProveBFSStEph chap54_bfssteph_bottom_up_loop
        PASS [   1.599s] rust_verify_test::ProveBFSMtEph chap54_bfsmteph_bottom_up_loop
        PASS [   1.775s] rust_verify_test::ProveBFSMtEph chap54_bfsmteph_top_down_loop
        PASS [   1.586s] rust_verify_test::ProveBFSStEph chap54_bfssteph_top_down_loop
        PASS [   1.594s] rust_verify_test::ProveBalBinTreeStEph balbintree_for_inorder
        PASS [   1.662s] rust_verify_test::ProveBalBinTreeStEph balbintree_for_postorder
        PASS [   1.416s] rust_verify_test::ProveBalBinTreeStEph balbintree_inorder_spec_match
        PASS [   1.729s] rust_verify_test::ProveBalBinTreeStEph balbintree_for_preorder
        PASS [   1.427s] rust_verify_test::ProveBalBinTreeStEph balbintree_leaf_traversals_empty
        PASS [   1.522s] rust_verify_test::ProveBalBinTreeStEph balbintree_leaf_iter_exhausted
        PASS [   1.587s] rust_verify_test::ProveBalBinTreeStEph balbintree_loop_inorder
        PASS [   1.569s] rust_verify_test::ProveBalBinTreeStEph balbintree_loop_postorder
        PASS [   1.485s] rust_verify_test::ProveBalBinTreeStEph balbintree_loop_preorder
        PASS [   1.568s] rust_verify_test::ProveBalBinTreeStEph balbintree_postorder_spec_match
        PASS [   1.463s] rust_verify_test::ProveBalBinTreeStEph balbintree_preorder_spec_match
        PASS [   1.526s] rust_verify_test::ProveChap19ArraySeqMtEph chap19_arrayseqmteph_for_borrow_into
        PASS [   1.463s] rust_verify_test::ProveChap19ArraySeqMtEph chap19_arrayseqmteph_for_borrow_iter
        PASS [   1.550s] rust_verify_test::ProveChap19ArraySeqMtEph chap19_arrayseqmteph_for_consume
        PASS [   1.550s] rust_verify_test::ProveChap19ArraySeqMtEph chap19_arrayseqmteph_loop_borrow_into
        PASS [   1.461s] rust_verify_test::ProveChap19ArraySeqMtEph chap19_arrayseqmteph_loop_consume
        PASS [   1.563s] rust_verify_test::ProveChap19ArraySeqMtEphSlice slice_for_borrow_into
        PASS [   1.933s] rust_verify_test::ProveChap19ArraySeqMtEph chap19_arrayseqmteph_loop_borrow_iter
        PASS [   1.454s] rust_verify_test::ProveChap19ArraySeqMtEphSlice slice_for_borrow_iter
        FAIL [   1.054s] rust_verify_test::ProveChap19ArraySeqMtEphSlice slice_iter_over_subslice
  stdout ───

    running 1 test
    test slice_iter_over_subslice ... FAILED

    failures:

    failures:
        slice_iter_over_subslice

    test result: FAILED. 0 passed; 1 failed; 0 ignored; 0 measured; 4 filtered out; finished in 1.05s

  stderr ───
    error: invariant not satisfied before loop
      --> /home/milnes/projects/APAS-VERUS-agent2/rust_verify_test/target/release/test_inputs/ProveChap19ArraySeqMtEphSlice-4bf3b79803f21f3b-slice_iter_over_subslice/test.rs:34:13
       |
    34 | /             forall|j: int| #![trigger iter_seq[j]]
    35 | |                 0 <= j < iter_seq.len() ==> iter_seq[j] == 55u64,
       | |________________________________________________________________^


    error: aborting due to 1 previous error


    the input directory is /home/milnes/projects/APAS-VERUS-agent2/rust_verify_test/target/release/test_inputs/ProveChap19ArraySeqMtEphSlice-4bf3b79803f21f3b-slice_iter_over_subslice
    rerun this test with:
    verus --crate-type=lib  /home/milnes/projects/APAS-VERUS-agent2/rust_verify_test/target/release/test_inputs/ProveChap19ArraySeqMtEphSlice-4bf3b79803f21f3b-slice_iter_over_subslice/test.rs


    thread 'slice_iter_over_subslice' (1451039) panicked at tests/Chap19/ProveArraySeqMtEphSlice.rs:200:1:
    Err(_) does not match $result
    note: run with `RUST_BACKTRACE=1` environment variable to display a backtrace

        PASS [   1.459s] rust_verify_test::ProveChap19ArraySeqMtEphSlice slice_operations
        PASS [   1.654s] rust_verify_test::ProveChap19ArraySeqMtEphSlice slice_loop_borrow_iter
        PASS [   1.495s] rust_verify_test::ProveChap19ArraySeqStEph chap19_arrayseqsteph_for_borrow_into
        PASS [   1.539s] rust_verify_test::ProveChap19ArraySeqStEph chap19_arrayseqsteph_for_consume
        PASS [   1.847s] rust_verify_test::ProveChap19ArraySeqStEph chap19_arrayseqsteph_for_borrow_iter
        PASS [   1.460s] rust_verify_test::ProveChap19ArraySeqStEph chap19_arrayseqsteph_loop_borrow_into
        PASS [   1.502s] rust_verify_test::ProveChap19ArraySeqStEph chap19_arrayseqsteph_loop_consume
        PASS [   1.565s] rust_verify_test::ProveChap19ArraySeqStEph chap19_arrayseqsteph_loop_borrow_iter
        PASS [   1.506s] rust_verify_test::ProveChap19ArraySeqStPer chap19_arrayseqstper_for_borrow_into
        PASS [   1.507s] rust_verify_test::ProveChap19ArraySeqStPer chap19_arrayseqstper_for_borrow_iter
        PASS [   1.457s] rust_verify_test::ProveChap19ArraySeqStPer chap19_arrayseqstper_for_consume
        PASS [   1.483s] rust_verify_test::ProveChap19ArraySeqStPer chap19_arrayseqstper_loop_borrow_into
        PASS [   1.471s] rust_verify_test::ProveChap19ArraySeqStPer chap19_arrayseqstper_loop_consume
        PASS [   1.543s] rust_verify_test::ProveChap19ArraySeqStPer chap19_arrayseqstper_loop_borrow_iter
        PASS [   1.329s] rust_verify_test::ProveKleeneStPer kleene_alphabet
        PASS [   1.465s] rust_verify_test::ProveKleeneStPer kleene_mem_plus
        PASS [   1.423s] rust_verify_test::ProveLinkedListStEph linkedliststeph_for_iter
        PASS [   1.569s] rust_verify_test::ProveKleeneStPer kleene_mem_star
        PASS [   1.518s] rust_verify_test::ProveLinkedListStPer linkedliststper_for_iter
        PASS [   1.580s] rust_verify_test::ProveLinkedListStEph linkedliststeph_loop_loop
        PASS [   1.542s] rust_verify_test::ProveLinkedListStPer linkedliststper_loop_loop
        PASS [   1.553s] rust_verify_test::ProveMathSeq mathseq_for_borrow_into
        PASS [   1.529s] rust_verify_test::ProveMathSeq mathseq_for_consume
        PASS [   1.613s] rust_verify_test::ProveMathSeq mathseq_for_borrow_iter
        PASS [   1.405s] rust_verify_test::ProveMathSeq mathseq_loop_borrow_into
        PASS [   1.550s] rust_verify_test::ProveMathSeq mathseq_loop_borrow_iter
        PASS [   1.553s] rust_verify_test::ProveMathSeq mathseq_loop_consume
        PASS [   1.568s] rust_verify_test::ProveOrderedTableStPer chap43_orderedtablestper_loop_borrow_into
        PASS [   1.550s] rust_verify_test::ProveOrderedTableStPer chap43_orderedtablestper_loop_borrow_iter
        PASS [   1.580s] rust_verify_test::ProvePrimTreeSeqStPer primtreeseq_for_borrow_into
        PASS [   1.541s] rust_verify_test::ProvePrimTreeSeqStPer primtreeseq_for_borrow_iter
        PASS [   1.421s] rust_verify_test::ProvePrimTreeSeqStPer primtreeseq_loop_borrow_into
        PASS [   1.611s] rust_verify_test::ProvePrimTreeSeqStPer primtreeseq_for_consume
        PASS [   1.474s] rust_verify_test::ProvePrimTreeSeqStPer primtreeseq_loop_consume
        PASS [   1.646s] rust_verify_test::ProvePrimTreeSeqStPer primtreeseq_loop_borrow_iter
        PASS [   1.593s] rust_verify_test::ProveSetMtEph set_mt_eph_for_borrow_into
        PASS [   1.668s] rust_verify_test::ProveSetMtEph set_mt_eph_loop_borrow_iter
        PASS [   1.852s] rust_verify_test::ProveSetMtEph set_mt_eph_for_borrow_iter
        PASS [   1.838s] rust_verify_test::Provedeep_view_standard deep_view_standard_for_borrow_into
        PASS [   1.885s] rust_verify_test::Provedeep_view_standard deep_view_standard_for_borrow_iter
        PASS [   1.971s] rust_verify_test::Provedeep_view_standard deep_view_standard_for_consume
        PASS [   1.910s] rust_verify_test::Provedeep_view_standard deep_view_standard_loop_borrow_into
        PASS [   1.821s] rust_verify_test::Provedeep_view_standard deep_view_standard_loop_consume
        PASS [   1.980s] rust_verify_test::Provedeep_view_standard deep_view_standard_loop_borrow_iter
        PASS [   1.802s] rust_verify_test::Provedeep_view_standard deep_view_standard_simple
        PASS [   1.940s] rust_verify_test::Proveiterators_standard iterators_standard_for_borrow_into
        PASS [   1.946s] rust_verify_test::Proveiterators_standard iterators_standard_for_consume
        PASS [   2.098s] rust_verify_test::Proveiterators_standard iterators_standard_for_borrow_iter
        PASS [   1.965s] rust_verify_test::Proveiterators_standard iterators_standard_loop_borrow_into
        PASS [   2.015s] rust_verify_test::Proveiterators_standard iterators_standard_loop_borrow_iter
        PASS [   1.887s] rust_verify_test::Proveiterators_standard iterators_standard_loop_consume
        PASS [   1.968s] rust_verify_test::Provemod_standard mod_standard_for_borrow_into
        PASS [   1.899s] rust_verify_test::Provemod_standard mod_standard_for_consume
        PASS [   2.120s] rust_verify_test::Provemod_standard mod_standard_for_borrow_iter
        PASS [   1.952s] rust_verify_test::Provemod_standard mod_standard_loop_consume
        PASS [   2.133s] rust_verify_test::Provemod_standard mod_standard_loop_borrow_into
        PASS [   2.158s] rust_verify_test::Provemod_standard mod_standard_loop_borrow_iter
        PASS [   2.092s] rust_verify_test::Provetable_of_contents_standard toc_standard_for_borrow_into
        PASS [   1.912s] rust_verify_test::Provetable_of_contents_standard toc_standard_for_consume
        PASS [   2.107s] rust_verify_test::Provetable_of_contents_standard toc_standard_for_borrow_iter
        PASS [   1.954s] rust_verify_test::Provetable_of_contents_standard toc_standard_loop_borrow_into
        PASS [   1.997s] rust_verify_test::Provetable_of_contents_standard toc_standard_loop_borrow_iter
        PASS [   1.994s] rust_verify_test::Provetable_of_contents_standard toc_standard_loop_consume
        PASS [   2.178s] rust_verify_test::Proveusing_closures_standard closures_ghost_spec_fn
        PASS [   1.986s] rust_verify_test::Proveusing_closures_standard closures_let_bind_ensures
        PASS [   2.168s] rust_verify_test::Proveusing_closures_standard closures_inline_requires_ensures
        PASS [   1.966s] rust_verify_test::Proveusing_closures_standard closures_map_apply
        PASS [   2.032s] rust_verify_test::Proveview_standard view_standard_collection
        PASS [   2.245s] rust_verify_test::Proveview_standard view_standard_for_borrow_into
        PASS [   2.030s] rust_verify_test::Proveview_standard view_standard_for_borrow_iter
        PASS [   2.189s] rust_verify_test::Proveview_standard view_standard_for_consume
        PASS [   2.137s] rust_verify_test::Proveview_standard view_standard_loop_borrow_into
        PASS [   2.105s] rust_verify_test::Proveview_standard view_standard_loop_borrow_iter
        PASS [   1.976s] rust_verify_test::Proveview_standard view_standard_loop_consume
        PASS [   1.801s] rust_verify_test::Proveview_standard view_standard_simple
        PASS [   1.977s] rust_verify_test::Provewrapping_iterators_standard wrapping_loop_borrow_into
        PASS [   2.256s] rust_verify_test::Provewrapping_iterators_standard wrapping_for_borrow_into
        PASS [   2.121s] rust_verify_test::Provewrapping_iterators_standard wrapping_for_borrow_iter
        PASS [   2.187s] rust_verify_test::Provewrapping_iterators_standard wrapping_loop_borrow_iter
        PASS [   2.355s] rust_verify_test::RelationStEph relation_st_eph_for_iter
        PASS [   2.200s] rust_verify_test::RelationStEph relation_st_eph_loop_loop
        PASS [   2.110s] rust_verify_test::SetMtEph set_mt_eph_from_vec
        PASS [   2.254s] rust_verify_test::SetMtEph set_mt_eph_for_iter
        PASS [   2.161s] rust_verify_test::SetMtEph set_mt_eph_loop_loop
        PASS [   2.078s] rust_verify_test::SetStEph set_st_eph_for_iter
        PASS [   2.077s] rust_verify_test::SetStEph set_st_eph_from_vec
        PASS [   2.151s] rust_verify_test::SetStEph set_st_eph_loop_loop
        PASS [   1.933s] rust_verify_test::prove_MathSeq_iters mathseq_iter_consuming
        PASS [   1.805s] rust_verify_test::prove_MathSeq_iters mathseq_iter_range
        PASS [   1.948s] rust_verify_test::prove_MathSeq_iters mathseq_iter_nested
────────────
     Summary [  42.323s] 145 tests run: 144 passed, 1 failed, 0 skipped
        FAIL [   1.054s] rust_verify_test::ProveChap19ArraySeqMtEphSlice slice_iter_over_subslice
error: test run failed
Elapsed: 133s
