warning: Verus does not (yet) support autoderive Clone impl when the clone is not a copy; continuing, but without adding a specification for the derived Clone impl
  --> src/Chap52/AdjTableGraphStPer.rs:55:14
   |
55 |     #[derive(Clone)]
   |              ^^^^^

warning: Verus does not (yet) support autoderive Clone impl when the clone is not a copy; continuing, but without adding a specification for the derived Clone impl
  --> src/Chap52/AdjTableGraphMtPer.rs:50:14
   |
50 |     #[derive(Clone)]
   |              ^^^^^

note: automatically chose triggers for this expression:
   --> src/Chap52/AdjTableGraphStPer.rs:327:37
    |
327 |   ...                   let j = choose|j: int| 0 <= j < i
    |  _______________________________^
328 | | ...                       && self.adj.entries@[j].0 == v;
    | |________________________________________________________^

note:   trigger 1 of 1:
   --> src/Chap52/AdjTableGraphStPer.rs:328:36
    |
328 | ...                   && self.adj.entries@[j].0 == v;
    |                          ^^^^^^^^^^^^^^^^^^^^

note: automatically chose triggers for this expression:
   --> src/Chap52/AdjTableGraphStPer.rs:323:33
    |
323 |                           implies exists|j: int| 0 <= j < i + 1
    |  _________________________________^
324 | |                             && self.adj.entries@[j].0 == v
    | |__________________________________________________________^

note:   trigger 1 of 1:
   --> src/Chap52/AdjTableGraphStPer.rs:324:32
    |
324 | ...                   && self.adj.entries@[j].0 == v
    |                          ^^^^^^^^^^^^^^^^^^^^

note: automatically chose triggers for this expression:
   --> src/Chap52/AdjTableGraphStPer.rs:301:29
    |
301 |                           ==> exists|j: int| 0 <= j < i
    |  _____________________________^
302 | |                             && self.adj.entries@[j].0 == v,
    | |__________________________________________________________^

note:   trigger 1 of 1:
   --> src/Chap52/AdjTableGraphStPer.rs:302:32
    |
302 | ...                   && self.adj.entries@[j].0 == v,
    |                          ^^^^^^^^^^^^^^^^^^^^

note: automatically chose triggers for this expression:
   --> src/Chap52/AdjTableGraphStPer.rs:344:33
    |
344 |                           let j = choose|j: int| 0 <= j < len as int
    |  _________________________________^
345 | |                             && self.adj.entries@[j].0 == v;
    | |__________________________________________________________^

note:   trigger 1 of 1:
   --> src/Chap52/AdjTableGraphStPer.rs:345:32
    |
345 | ...                   && self.adj.entries@[j].0 == v;
    |                          ^^^^^^^^^^^^^^^^^^^^

note: Verus printed one or more automatically chosen quantifier triggers
      because it had low confidence in the chosen triggers.
      To suppress these messages, do one of the following:
        (1) manually annotate a single desired trigger using #[trigger]
            (example: forall|i: int, j: int| f(i) && #[trigger] g(i) && #[trigger] h(j)),
        (2) manually annotate multiple desired triggers using #![trigger ...]
            (example: forall|i: int| #![trigger f(i)] #![trigger g(i)] f(i) && g(i)),
        (3) accept the automatically chosen trigger using #![auto]
            (example: forall|i: int, j: int| #![auto] f(i) && g(i) && h(j))
        (4) use the --triggers-mode silent command-line option to suppress all printing of triggers.
      (Note: triggers are used by the underlying SMT theorem prover to instantiate quantifiers;
      the theorem prover instantiates a quantifier whenever some expression matches the
      pattern specified by one of the quantifier's triggers.)
   --> src/Chap52/AdjTableGraphStPer.rs:344:33
    |
344 |                           let j = choose|j: int| 0 <= j < len as int
    |  _________________________________^
345 | |                             && self.adj.entries@[j].0 == v;
    | |__________________________________________________________^

verification results:: 5393 verified, 0 errors
warning: 2 warnings emitted

    Finished `release` profile [optimized] target(s) in 0.05s
────────────
 Nextest run ID e7b363cc-11f2-4709-ba5f-9c8a6c2c94db with nextest profile: default
    Starting 157 tests across 37 binaries
        PASS [   1.479s] rust_verify_test::HashMapWithViewPlus hash_map_wvp_loop_loop
        PASS [   1.498s] rust_verify_test::HashSetWithViewPlus hash_set_wvp_for_iter
        PASS [   1.588s] rust_verify_test::HashMapWithViewPlus hash_map_wvp_for_iter
        PASS [   1.617s] rust_verify_test::HashSetWithViewPlus hash_set_wvp_loop_loop
        PASS [   1.623s] rust_verify_test::MappingStEph mapping_st_eph_loop_loop
        PASS [   2.001s] rust_verify_test::MappingStEph mapping_st_eph_for_iter
        PASS [   1.694s] rust_verify_test::ProveAVLTreeSeq avltreeseq_loop_borrow_iter
        PASS [   1.695s] rust_verify_test::ProveAVLTreeSetMtEph avltreesetmteph_for_borrow_into
        PASS [   1.750s] rust_verify_test::ProveAVLTreeSetMtEph avltreesetmteph_loop_borrow_iter
        PASS [   1.940s] rust_verify_test::ProveAVLTreeSeq avltreeseq_for_borrow_iter
        PASS [   1.990s] rust_verify_test::ProveAVLTreeSetMtEph avltreesetmteph_for_borrow_iter
        PASS [   2.065s] rust_verify_test::ProveArraySeq arrayseq_filter
        PASS [   1.974s] rust_verify_test::ProveArraySeq arrayseq_iterate_prefixes
        PASS [   2.190s] rust_verify_test::ProveArraySeq arrayseq_iterate
        PASS [   1.879s] rust_verify_test::ProveArraySeq arrayseq_map
        PASS [   2.317s] rust_verify_test::ProveArraySeq arrayseq_for_iter
        PASS [   2.304s] rust_verify_test::ProveArraySeq arrayseq_loop_loop
        PASS [   2.285s] rust_verify_test::ProveArraySeq arrayseq_reduce
        PASS [   2.101s] rust_verify_test::ProveArraySeq arrayseq_tabulate
        PASS [   2.314s] rust_verify_test::ProveArraySeq arrayseq_scan
        PASS [   2.196s] rust_verify_test::ProveArraySeq arrayseq_scan_inclusive
        PASS [   2.161s] rust_verify_test::ProveArraySeqMtEph arrayseqmteph_for_iter
        PASS [   2.172s] rust_verify_test::ProveArraySeqMtEph arrayseqmteph_loop_loop
        PASS [   2.235s] rust_verify_test::ProveArraySeqMtPer arrayseqmtper_for_iter
        PASS [   2.012s] rust_verify_test::ProveArraySeqStEph arrayseqsteph_for_borrow_iter
        PASS [   2.098s] rust_verify_test::ProveArraySeqStEph arrayseqsteph_for_borrow_into
        PASS [   1.971s] rust_verify_test::ProveArraySeqStEph arrayseqsteph_loop_borrow_into
        PASS [   2.308s] rust_verify_test::ProveArraySeqMtPer arrayseqmtper_loop_loop
        PASS [   2.317s] rust_verify_test::ProveArraySeqStEph arrayseqsteph_for_consume
        PASS [   1.945s] rust_verify_test::ProveArraySeqStEph arrayseqsteph_loop_borrow_iter
        PASS [   2.002s] rust_verify_test::ProveArraySeqStPer arrayseqstper_loop_loop
        PASS [   2.237s] rust_verify_test::ProveArraySeqStEph arrayseqsteph_loop_consume
        PASS [   2.286s] rust_verify_test::ProveArraySeqStPer arrayseqstper_for_iter
        PASS [   2.111s] rust_verify_test::ProveBFSMtEph chap54_bfsmteph_top_down_loop
        PASS [   2.312s] rust_verify_test::ProveBFSMtEph chap54_bfsmteph_bottom_up_loop
        PASS [   1.894s] rust_verify_test::ProveBFSStEph chap54_bfssteph_bottom_up_loop
        PASS [   2.225s] rust_verify_test::ProveBFSStEph chap54_bfssteph_top_down_loop
        PASS [   2.193s] rust_verify_test::ProveBalBinTreeStEph balbintree_for_inorder
        PASS [   2.230s] rust_verify_test::ProveBalBinTreeStEph balbintree_for_postorder
        PASS [   2.048s] rust_verify_test::ProveBalBinTreeStEph balbintree_leaf_iter_exhausted
        PASS [   2.396s] rust_verify_test::ProveBalBinTreeStEph balbintree_for_preorder
        PASS [   2.308s] rust_verify_test::ProveBalBinTreeStEph balbintree_inorder_spec_match
        PASS [   1.849s] rust_verify_test::ProveBalBinTreeStEph balbintree_leaf_traversals_empty
        PASS [   1.881s] rust_verify_test::ProveBalBinTreeStEph balbintree_loop_inorder
        PASS [   1.625s] rust_verify_test::ProveBalBinTreeStEph balbintree_preorder_spec_match
        PASS [   1.808s] rust_verify_test::ProveBalBinTreeStEph balbintree_loop_preorder
        PASS [   2.127s] rust_verify_test::ProveBalBinTreeStEph balbintree_loop_postorder
        PASS [   2.028s] rust_verify_test::ProveBalBinTreeStEph balbintree_postorder_spec_match
        PASS [   1.541s] rust_verify_test::ProveChap19ArraySeqMtEph chap19_arrayseqmteph_for_borrow_into
        PASS [   1.658s] rust_verify_test::ProveChap19ArraySeqMtEph chap19_arrayseqmteph_for_borrow_iter
        PASS [   1.530s] rust_verify_test::ProveChap19ArraySeqMtEph chap19_arrayseqmteph_for_consume
        PASS [   1.597s] rust_verify_test::ProveChap19ArraySeqMtEph chap19_arrayseqmteph_loop_borrow_into
        PASS [   1.679s] rust_verify_test::ProveChap19ArraySeqMtEph chap19_arrayseqmteph_loop_borrow_iter
        PASS [   1.561s] rust_verify_test::ProveChap19ArraySeqMtEph chap19_arrayseqmteph_loop_consume
        PASS [   1.426s] rust_verify_test::ProveChap19ArraySeqMtEphSlice slice_for_borrow_into
        PASS [   1.572s] rust_verify_test::ProveChap19ArraySeqMtEphSlice slice_for_borrow_iter
        PASS [   1.581s] rust_verify_test::ProveChap19ArraySeqMtEphSlice slice_iter_over_subslice
        PASS [   1.431s] rust_verify_test::ProveChap19ArraySeqMtEphSlice slice_loop_borrow_iter
        PASS [   1.492s] rust_verify_test::ProveChap19ArraySeqMtEphSlice slice_operations
        PASS [   1.806s] rust_verify_test::ProveChap19ArraySeqStEph chap19_arrayseqsteph_for_borrow_into
        PASS [   1.596s] rust_verify_test::ProveChap19ArraySeqStEph chap19_arrayseqsteph_for_borrow_iter
        PASS [   1.564s] rust_verify_test::ProveChap19ArraySeqStEph chap19_arrayseqsteph_for_consume
        PASS [   1.491s] rust_verify_test::ProveChap19ArraySeqStEph chap19_arrayseqsteph_loop_borrow_iter
        PASS [   1.585s] rust_verify_test::ProveChap19ArraySeqStEph chap19_arrayseqsteph_loop_borrow_into
        PASS [   1.502s] rust_verify_test::ProveChap19ArraySeqStEph chap19_arrayseqsteph_loop_consume
        PASS [   1.465s] rust_verify_test::ProveChap19ArraySeqStPer chap19_arrayseqstper_for_borrow_into
        PASS [   1.543s] rust_verify_test::ProveChap19ArraySeqStPer chap19_arrayseqstper_for_borrow_iter
        PASS [   1.494s] rust_verify_test::ProveChap19ArraySeqStPer chap19_arrayseqstper_loop_borrow_into
        PASS [   1.518s] rust_verify_test::ProveChap19ArraySeqStPer chap19_arrayseqstper_for_consume
        PASS [   1.555s] rust_verify_test::ProveChap19ArraySeqStPer chap19_arrayseqstper_loop_borrow_iter
        PASS [   1.497s] rust_verify_test::ProveChap19ArraySeqStPer chap19_arrayseqstper_loop_consume
        PASS [   1.491s] rust_verify_test::ProveKleeneStPer kleene_alphabet
        PASS [   1.491s] rust_verify_test::ProveKleeneStPer kleene_mem_plus
        PASS [   1.500s] rust_verify_test::ProveLinkedListStEph linkedliststeph_for_iter
        PASS [   1.605s] rust_verify_test::ProveKleeneStPer kleene_mem_star
        PASS [   1.508s] rust_verify_test::ProveLinkedListStEph linkedliststeph_loop_loop
        PASS [   1.462s] rust_verify_test::ProveLinkedListStPer linkedliststper_for_iter
        PASS [   1.485s] rust_verify_test::ProveLinkedListStPer linkedliststper_loop_loop
        PASS [   1.570s] rust_verify_test::ProveMathSeq mathseq_for_borrow_into
        PASS [   1.493s] rust_verify_test::ProveMathSeq mathseq_for_borrow_iter
        PASS [   1.468s] rust_verify_test::ProveMathSeq mathseq_for_consume
        PASS [   1.468s] rust_verify_test::ProveMathSeq mathseq_loop_borrow_iter
        PASS [   1.723s] rust_verify_test::ProveMathSeq mathseq_loop_borrow_into
        PASS [   1.660s] rust_verify_test::ProveMathSeq mathseq_loop_consume
        PASS [   1.512s] rust_verify_test::ProveOrderedSetStEph chap43_orderedsetsteph_for_borrow_into
        PASS [   1.495s] rust_verify_test::ProveOrderedSetStEph chap43_orderedsetsteph_loop_borrow_into
        PASS [   1.514s] rust_verify_test::ProveOrderedSetStEph chap43_orderedsetsteph_loop_borrow_iter
        PASS [   1.746s] rust_verify_test::ProveOrderedSetStEph chap43_orderedsetsteph_for_borrow_iter
        PASS [   1.733s] rust_verify_test::ProveOrderedTableStEph chap43_orderedtablesteph_for_borrow_into
        PASS [   1.588s] rust_verify_test::ProveOrderedTableStEph chap43_orderedtablesteph_for_borrow_iter
        PASS [   1.624s] rust_verify_test::ProveOrderedTableStEph chap43_orderedtablesteph_loop_borrow_iter
        PASS [   1.890s] rust_verify_test::ProveOrderedTableStEph chap43_orderedtablesteph_loop_borrow_into
        PASS [   1.600s] rust_verify_test::ProveOrderedTableStPer chap43_orderedtablestper_for_borrow_iter
        PASS [   1.646s] rust_verify_test::ProveOrderedTableStPer chap43_orderedtablestper_for_borrow_into
        PASS [   1.661s] rust_verify_test::ProveOrderedTableStPer chap43_orderedtablestper_loop_borrow_into
        PASS [   1.677s] rust_verify_test::ProveOrderedTableStPer chap43_orderedtablestper_loop_borrow_iter
        PASS [   1.459s] rust_verify_test::ProvePrimTreeSeqStPer primtreeseq_for_borrow_iter
        PASS [   1.400s] rust_verify_test::ProvePrimTreeSeqStPer primtreeseq_loop_borrow_into
        PASS [   1.581s] rust_verify_test::ProvePrimTreeSeqStPer primtreeseq_for_borrow_into
        PASS [   1.516s] rust_verify_test::ProvePrimTreeSeqStPer primtreeseq_for_consume
        PASS [   1.395s] rust_verify_test::ProvePrimTreeSeqStPer primtreeseq_loop_borrow_iter
        PASS [   1.395s] rust_verify_test::ProvePrimTreeSeqStPer primtreeseq_loop_consume
        PASS [   1.589s] rust_verify_test::ProveSetMtEph set_mt_eph_for_borrow_into
        PASS [   1.543s] rust_verify_test::ProveSetMtEph set_mt_eph_loop_borrow_iter
        PASS [   1.474s] rust_verify_test::Provedeep_view_standard deep_view_standard_for_borrow_into
        PASS [   1.624s] rust_verify_test::ProveSetMtEph set_mt_eph_for_borrow_iter
        PASS [   1.515s] rust_verify_test::Provedeep_view_standard deep_view_standard_for_borrow_iter
        PASS [   1.504s] rust_verify_test::Provedeep_view_standard deep_view_standard_for_consume
        PASS [   1.504s] rust_verify_test::Provedeep_view_standard deep_view_standard_loop_borrow_into
        PASS [   1.403s] rust_verify_test::Provedeep_view_standard deep_view_standard_simple
        PASS [   1.483s] rust_verify_test::Provedeep_view_standard deep_view_standard_loop_borrow_iter
        PASS [   1.571s] rust_verify_test::Provedeep_view_standard deep_view_standard_loop_consume
        PASS [   1.457s] rust_verify_test::Proveiterators_standard iterators_standard_for_borrow_into
        PASS [   1.417s] rust_verify_test::Proveiterators_standard iterators_standard_for_borrow_iter
        PASS [   1.334s] rust_verify_test::Proveiterators_standard iterators_standard_loop_borrow_iter
        PASS [   1.383s] rust_verify_test::Proveiterators_standard iterators_standard_for_consume
        PASS [   1.497s] rust_verify_test::Proveiterators_standard iterators_standard_loop_borrow_into
        PASS [   1.392s] rust_verify_test::Proveiterators_standard iterators_standard_loop_consume
        PASS [   1.467s] rust_verify_test::Provemod_standard mod_standard_for_borrow_into
        PASS [   1.390s] rust_verify_test::Provemod_standard mod_standard_for_borrow_iter
        PASS [   1.388s] rust_verify_test::Provemod_standard mod_standard_loop_borrow_into
        PASS [   1.484s] rust_verify_test::Provemod_standard mod_standard_for_consume
        PASS [   1.383s] rust_verify_test::Provemod_standard mod_standard_loop_consume
        PASS [   1.409s] rust_verify_test::Provemod_standard mod_standard_loop_borrow_iter
        PASS [   1.460s] rust_verify_test::Provetable_of_contents_standard toc_standard_for_borrow_into
        PASS [   1.438s] rust_verify_test::Provetable_of_contents_standard toc_standard_for_borrow_iter
        PASS [   1.512s] rust_verify_test::Provetable_of_contents_standard toc_standard_for_consume
        PASS [   1.473s] rust_verify_test::Provetable_of_contents_standard toc_standard_loop_borrow_into
        PASS [   1.433s] rust_verify_test::Provetable_of_contents_standard toc_standard_loop_consume
        PASS [   1.531s] rust_verify_test::Provetable_of_contents_standard toc_standard_loop_borrow_iter
        PASS [   1.493s] rust_verify_test::Proveusing_closures_standard closures_ghost_spec_fn
        PASS [   1.416s] rust_verify_test::Proveusing_closures_standard closures_inline_requires_ensures
        PASS [   1.409s] rust_verify_test::Proveview_standard view_standard_collection
        PASS [   1.495s] rust_verify_test::Proveusing_closures_standard closures_map_apply
        PASS [   1.533s] rust_verify_test::Proveusing_closures_standard closures_let_bind_ensures
        PASS [   1.439s] rust_verify_test::Proveview_standard view_standard_for_borrow_into
        PASS [   1.501s] rust_verify_test::Proveview_standard view_standard_for_borrow_iter
        PASS [   1.526s] rust_verify_test::Proveview_standard view_standard_for_consume
        PASS [   1.461s] rust_verify_test::Proveview_standard view_standard_loop_borrow_into
        PASS [   1.482s] rust_verify_test::Proveview_standard view_standard_loop_consume
        PASS [   1.417s] rust_verify_test::Proveview_standard view_standard_simple
        PASS [   1.512s] rust_verify_test::Proveview_standard view_standard_loop_borrow_iter
        PASS [   1.452s] rust_verify_test::Provewrapping_iterators_standard wrapping_for_borrow_iter
        PASS [   1.524s] rust_verify_test::Provewrapping_iterators_standard wrapping_for_borrow_into
        PASS [   1.425s] rust_verify_test::Provewrapping_iterators_standard wrapping_loop_borrow_into
        PASS [   1.548s] rust_verify_test::Provewrapping_iterators_standard wrapping_loop_borrow_iter
        PASS [   1.612s] rust_verify_test::RelationStEph relation_st_eph_loop_loop
        PASS [   1.681s] rust_verify_test::RelationStEph relation_st_eph_for_iter
        PASS [   1.568s] rust_verify_test::SetMtEph set_mt_eph_for_iter
        PASS [   1.549s] rust_verify_test::SetMtEph set_mt_eph_from_vec
        PASS [   1.547s] rust_verify_test::SetMtEph set_mt_eph_loop_loop
        PASS [   1.581s] rust_verify_test::SetStEph set_st_eph_for_iter
        PASS [   1.644s] rust_verify_test::SetStEph set_st_eph_from_vec
        PASS [   1.615s] rust_verify_test::SetStEph set_st_eph_loop_loop
        PASS [   1.497s] rust_verify_test::prove_MathSeq_iters mathseq_iter_nested
        PASS [   1.519s] rust_verify_test::prove_MathSeq_iters mathseq_iter_consuming
        PASS [   1.234s] rust_verify_test::prove_MathSeq_iters mathseq_iter_range
────────────
     Summary [  44.507s] 157 tests run: 157 passed, 0 skipped
Elapsed: 192s
