verification results:: 4437 verified, 0 errors
    Finished `release` profile [optimized] target(s) in 0.04s
────────────
 Nextest run ID 93755c51-fb1c-4fd0-83e3-9501c93d50c8 with nextest profile: default
    Starting 145 tests across 34 binaries
        PASS [   1.895s] rust_verify_test::HashMapWithViewPlus hash_map_wvp_loop_loop
        PASS [   1.987s] rust_verify_test::MappingStEph mapping_st_eph_loop_loop
        PASS [   2.064s] rust_verify_test::HashSetWithViewPlus hash_set_wvp_for_iter
        PASS [   2.159s] rust_verify_test::MappingStEph mapping_st_eph_for_iter
        PASS [   2.162s] rust_verify_test::HashSetWithViewPlus hash_set_wvp_loop_loop
        PASS [   2.201s] rust_verify_test::HashMapWithViewPlus hash_map_wvp_for_iter
        PASS [   1.687s] rust_verify_test::ProveArraySeq arrayseq_iterate
        PASS [   2.059s] rust_verify_test::ProveAVLTreeSetMtEph avltreesetmteph_for_borrow_into
        PASS [   1.797s] rust_verify_test::ProveArraySeq arrayseq_filter
        PASS [   1.941s] rust_verify_test::ProveAVLTreeSetMtEph avltreesetmteph_loop_borrow_iter
        PASS [   2.066s] rust_verify_test::ProveAVLTreeSetMtEph avltreesetmteph_for_borrow_iter
        PASS [   1.911s] rust_verify_test::ProveArraySeq arrayseq_for_iter
        PASS [   1.792s] rust_verify_test::ProveArraySeq arrayseq_iterate_prefixes
        PASS [   1.772s] rust_verify_test::ProveArraySeq arrayseq_map
        PASS [   1.986s] rust_verify_test::ProveArraySeq arrayseq_scan
        PASS [   2.089s] rust_verify_test::ProveArraySeq arrayseq_loop_loop
        PASS [   2.260s] rust_verify_test::ProveArraySeq arrayseq_reduce
        PASS [   2.226s] rust_verify_test::ProveArraySeq arrayseq_scan_inclusive
        PASS [   1.847s] rust_verify_test::ProveArraySeq arrayseq_tabulate
        PASS [   1.859s] rust_verify_test::ProveArraySeqMtEph arrayseqmteph_for_iter
        PASS [   1.799s] rust_verify_test::ProveArraySeqMtEph arrayseqmteph_loop_loop
        PASS [   2.140s] rust_verify_test::ProveArraySeqMtPer arrayseqmtper_for_iter
        PASS [   1.917s] rust_verify_test::ProveArraySeqStEph arrayseqsteph_for_borrow_into
        PASS [   2.050s] rust_verify_test::ProveArraySeqMtPer arrayseqmtper_loop_loop
        PASS [   2.088s] rust_verify_test::ProveArraySeqStEph arrayseqsteph_for_borrow_iter
        PASS [   2.169s] rust_verify_test::ProveArraySeqStEph arrayseqsteph_for_consume
        PASS [   2.010s] rust_verify_test::ProveArraySeqStEph arrayseqsteph_loop_borrow_into
        PASS [   1.871s] rust_verify_test::ProveArraySeqStEph arrayseqsteph_loop_borrow_iter
        PASS [   1.865s] rust_verify_test::ProveArraySeqStEph arrayseqsteph_loop_consume
        PASS [   1.922s] rust_verify_test::ProveArraySeqStPer arrayseqstper_for_iter
        PASS [   1.928s] rust_verify_test::ProveArraySeqStPer arrayseqstper_loop_loop
        PASS [   1.922s] rust_verify_test::ProveBFSMtEph chap54_bfsmteph_top_down_loop
        PASS [   2.187s] rust_verify_test::ProveBFSMtEph chap54_bfsmteph_bottom_up_loop
        PASS [   1.977s] rust_verify_test::ProveBFSStEph chap54_bfssteph_top_down_loop
        PASS [   2.058s] rust_verify_test::ProveBFSStEph chap54_bfssteph_bottom_up_loop
        PASS [   2.145s] rust_verify_test::ProveBalBinTreeStEph balbintree_for_inorder
        PASS [   1.753s] rust_verify_test::ProveBalBinTreeStEph balbintree_for_postorder
        PASS [   1.754s] rust_verify_test::ProveBalBinTreeStEph balbintree_leaf_iter_exhausted
        PASS [   2.106s] rust_verify_test::ProveBalBinTreeStEph balbintree_for_preorder
        PASS [   2.040s] rust_verify_test::ProveBalBinTreeStEph balbintree_inorder_spec_match
        PASS [   2.089s] rust_verify_test::ProveBalBinTreeStEph balbintree_leaf_traversals_empty
        PASS [   2.037s] rust_verify_test::ProveBalBinTreeStEph balbintree_loop_inorder
        PASS [   1.997s] rust_verify_test::ProveBalBinTreeStEph balbintree_loop_postorder
        PASS [   1.661s] rust_verify_test::ProveBalBinTreeStEph balbintree_postorder_spec_match
        PASS [   1.769s] rust_verify_test::ProveBalBinTreeStEph balbintree_loop_preorder
        PASS [   1.893s] rust_verify_test::ProveBalBinTreeStEph balbintree_preorder_spec_match
        PASS [   2.177s] rust_verify_test::ProveChap19ArraySeqMtEph chap19_arrayseqmteph_for_borrow_into
        PASS [   2.069s] rust_verify_test::ProveChap19ArraySeqMtEph chap19_arrayseqmteph_for_borrow_iter
        PASS [   2.102s] rust_verify_test::ProveChap19ArraySeqMtEph chap19_arrayseqmteph_for_consume
        PASS [   1.940s] rust_verify_test::ProveChap19ArraySeqMtEph chap19_arrayseqmteph_loop_borrow_into
        PASS [   1.924s] rust_verify_test::ProveChap19ArraySeqMtEph chap19_arrayseqmteph_loop_borrow_iter
        PASS [   2.073s] rust_verify_test::ProveChap19ArraySeqMtEph chap19_arrayseqmteph_loop_consume
        PASS [   1.998s] rust_verify_test::ProveChap19ArraySeqMtEphSlice slice_for_borrow_into
        PASS [   2.103s] rust_verify_test::ProveChap19ArraySeqMtEphSlice slice_for_borrow_iter
        PASS [   1.857s] rust_verify_test::ProveChap19ArraySeqMtEphSlice slice_iter_over_subslice
        PASS [   1.892s] rust_verify_test::ProveChap19ArraySeqMtEphSlice slice_loop_borrow_iter
        PASS [   2.175s] rust_verify_test::ProveChap19ArraySeqMtEphSlice slice_operations
        PASS [   1.960s] rust_verify_test::ProveChap19ArraySeqStEph chap19_arrayseqsteph_for_borrow_into
        PASS [   2.239s] rust_verify_test::ProveChap19ArraySeqStEph chap19_arrayseqsteph_for_borrow_iter
        PASS [   2.193s] rust_verify_test::ProveChap19ArraySeqStEph chap19_arrayseqsteph_for_consume
        PASS [   1.828s] rust_verify_test::ProveChap19ArraySeqStEph chap19_arrayseqsteph_loop_borrow_into
        PASS [   1.944s] rust_verify_test::ProveChap19ArraySeqStEph chap19_arrayseqsteph_loop_borrow_iter
        PASS [   2.157s] rust_verify_test::ProveChap19ArraySeqStEph chap19_arrayseqsteph_loop_consume
        PASS [   2.252s] rust_verify_test::ProveChap19ArraySeqStPer chap19_arrayseqstper_for_borrow_into
        PASS [   2.101s] rust_verify_test::ProveChap19ArraySeqStPer chap19_arrayseqstper_for_borrow_iter
        PASS [   1.973s] rust_verify_test::ProveChap19ArraySeqStPer chap19_arrayseqstper_for_consume
        PASS [   2.084s] rust_verify_test::ProveChap19ArraySeqStPer chap19_arrayseqstper_loop_borrow_into
        PASS [   1.949s] rust_verify_test::ProveChap19ArraySeqStPer chap19_arrayseqstper_loop_borrow_iter
        PASS [   1.858s] rust_verify_test::ProveKleeneStPer kleene_alphabet
        PASS [   2.234s] rust_verify_test::ProveChap19ArraySeqStPer chap19_arrayseqstper_loop_consume
        PASS [   2.203s] rust_verify_test::ProveKleeneStPer kleene_mem_star
        PASS [   2.436s] rust_verify_test::ProveKleeneStPer kleene_mem_plus
        PASS [   2.251s] rust_verify_test::ProveLinkedListStEph linkedliststeph_loop_loop
        PASS [   2.398s] rust_verify_test::ProveLinkedListStEph linkedliststeph_for_iter
        PASS [   2.414s] rust_verify_test::ProveLinkedListStPer linkedliststper_loop_loop
        PASS [   2.606s] rust_verify_test::ProveLinkedListStPer linkedliststper_for_iter
        PASS [   2.882s] rust_verify_test::ProveMathSeq mathseq_for_borrow_into
        PASS [   2.950s] rust_verify_test::ProveMathSeq mathseq_for_borrow_iter
        PASS [   2.749s] rust_verify_test::ProveMathSeq mathseq_loop_borrow_into
        PASS [   3.310s] rust_verify_test::ProveMathSeq mathseq_for_consume
        PASS [   3.385s] rust_verify_test::ProveMathSeq mathseq_loop_borrow_iter
        PASS [   4.081s] rust_verify_test::ProveMathSeq mathseq_loop_consume
        PASS [   2.698s] rust_verify_test::ProvePrimTreeSeqStPer primtreeseq_for_borrow_iter
        PASS [   5.252s] rust_verify_test::ProveOrderedTableStPer chap43_orderedtablestper_loop_borrow_into
        PASS [   5.025s] rust_verify_test::ProveOrderedTableStPer chap43_orderedtablestper_loop_borrow_iter
        PASS [   4.975s] rust_verify_test::ProvePrimTreeSeqStPer primtreeseq_for_borrow_into
        PASS [   5.273s] rust_verify_test::ProvePrimTreeSeqStPer primtreeseq_for_consume
        PASS [   4.934s] rust_verify_test::ProvePrimTreeSeqStPer primtreeseq_loop_borrow_into
        PASS [   5.225s] rust_verify_test::ProvePrimTreeSeqStPer primtreeseq_loop_borrow_iter
        PASS [   3.898s] rust_verify_test::ProveSetMtEph set_mt_eph_for_borrow_iter
        PASS [   4.708s] rust_verify_test::ProveSetMtEph set_mt_eph_for_borrow_into
        PASS [   5.157s] rust_verify_test::ProvePrimTreeSeqStPer primtreeseq_loop_consume
        PASS [   4.979s] rust_verify_test::ProveSetMtEph set_mt_eph_loop_borrow_iter
        PASS [   4.653s] rust_verify_test::Provedeep_view_standard deep_view_standard_for_borrow_into
        PASS [   4.947s] rust_verify_test::Provedeep_view_standard deep_view_standard_for_borrow_iter
        PASS [   5.585s] rust_verify_test::Provedeep_view_standard deep_view_standard_for_consume
        PASS [   5.056s] rust_verify_test::Provedeep_view_standard deep_view_standard_loop_borrow_into
        PASS [   4.791s] rust_verify_test::Provedeep_view_standard deep_view_standard_loop_borrow_iter
        PASS [   4.211s] rust_verify_test::Provedeep_view_standard deep_view_standard_simple
        PASS [   4.489s] rust_verify_test::Provedeep_view_standard deep_view_standard_loop_consume
        PASS [   3.912s] rust_verify_test::Proveiterators_standard iterators_standard_for_borrow_into
        PASS [   4.631s] rust_verify_test::Proveiterators_standard iterators_standard_for_borrow_iter
        PASS [   5.038s] rust_verify_test::Proveiterators_standard iterators_standard_loop_borrow_into
        PASS [   3.542s] rust_verify_test::Proveiterators_standard iterators_standard_loop_consume
        PASS [   5.991s] rust_verify_test::Proveiterators_standard iterators_standard_for_consume
        PASS [   5.460s] rust_verify_test::Proveiterators_standard iterators_standard_loop_borrow_iter
        PASS [   5.263s] rust_verify_test::Provemod_standard mod_standard_for_borrow_into
        PASS [   4.228s] rust_verify_test::Provemod_standard mod_standard_for_borrow_iter
        PASS [   4.070s] rust_verify_test::Provemod_standard mod_standard_loop_borrow_into
        PASS [   5.421s] rust_verify_test::Provemod_standard mod_standard_for_consume
        PASS [   5.182s] rust_verify_test::Provemod_standard mod_standard_loop_borrow_iter
        PASS [   5.495s] rust_verify_test::Provemod_standard mod_standard_loop_consume
        PASS [   4.813s] rust_verify_test::Provetable_of_contents_standard toc_standard_for_borrow_into
        PASS [   5.613s] rust_verify_test::Provetable_of_contents_standard toc_standard_for_borrow_iter
        PASS [   5.489s] rust_verify_test::Provetable_of_contents_standard toc_standard_for_consume
        PASS [   5.619s] rust_verify_test::Provetable_of_contents_standard toc_standard_loop_borrow_into
        PASS [   5.340s] rust_verify_test::Provetable_of_contents_standard toc_standard_loop_borrow_iter
        PASS [   4.321s] rust_verify_test::Provetable_of_contents_standard toc_standard_loop_consume
        PASS [   4.308s] rust_verify_test::Proveusing_closures_standard closures_ghost_spec_fn
        PASS [   3.831s] rust_verify_test::Proveusing_closures_standard closures_let_bind_ensures
        PASS [   4.982s] rust_verify_test::Proveusing_closures_standard closures_inline_requires_ensures
        PASS [   3.081s] rust_verify_test::Proveview_standard view_standard_collection
        PASS [   3.788s] rust_verify_test::Proveusing_closures_standard closures_map_apply
        PASS [   4.262s] rust_verify_test::Proveview_standard view_standard_for_borrow_into
        PASS [   4.867s] rust_verify_test::Proveview_standard view_standard_for_borrow_iter
        PASS [   3.781s] rust_verify_test::Proveview_standard view_standard_for_consume
        PASS [   3.670s] rust_verify_test::Proveview_standard view_standard_loop_borrow_iter
        PASS [   3.261s] rust_verify_test::Proveview_standard view_standard_loop_consume
        PASS [   4.528s] rust_verify_test::Proveview_standard view_standard_loop_borrow_into
        PASS [   3.317s] rust_verify_test::Provewrapping_iterators_standard wrapping_for_borrow_into
        PASS [   4.471s] rust_verify_test::Proveview_standard view_standard_simple
        PASS [   3.889s] rust_verify_test::Provewrapping_iterators_standard wrapping_for_borrow_iter
        PASS [   3.669s] rust_verify_test::Provewrapping_iterators_standard wrapping_loop_borrow_iter
        PASS [   4.213s] rust_verify_test::Provewrapping_iterators_standard wrapping_loop_borrow_into
        PASS [   3.704s] rust_verify_test::RelationStEph relation_st_eph_for_iter
        PASS [   3.160s] rust_verify_test::RelationStEph relation_st_eph_loop_loop
        PASS [   2.871s] rust_verify_test::SetMtEph set_mt_eph_for_iter
        PASS [   2.668s] rust_verify_test::SetMtEph set_mt_eph_from_vec
        PASS [   2.531s] rust_verify_test::SetMtEph set_mt_eph_loop_loop
        PASS [   2.345s] rust_verify_test::SetStEph set_st_eph_from_vec
        PASS [   2.460s] rust_verify_test::SetStEph set_st_eph_for_iter
        PASS [   2.186s] rust_verify_test::prove_MathSeq_iters mathseq_iter_consuming
        PASS [   2.278s] rust_verify_test::SetStEph set_st_eph_loop_loop
        PASS [   2.126s] rust_verify_test::prove_MathSeq_iters mathseq_iter_nested
        PASS [   2.163s] rust_verify_test::prove_MathSeq_iters mathseq_iter_range
────────────
     Summary [  74.537s] 145 tests run: 145 passed, 0 skipped
Elapsed: 168s
