verification results:: 4446 verified, 0 errors
    Finished `release` profile [optimized] target(s) in 0.04s
────────────
 Nextest run ID ec2560d1-5919-4abd-a02a-c19f9a07779a with nextest profile: default
    Starting 145 tests across 34 binaries
        PASS [   1.535s] rust_verify_test::HashSetWithViewPlus hash_set_wvp_loop_loop
        PASS [   1.616s] rust_verify_test::HashMapWithViewPlus hash_map_wvp_for_iter
        PASS [   1.691s] rust_verify_test::HashSetWithViewPlus hash_set_wvp_for_iter
        PASS [   1.842s] rust_verify_test::MappingStEph mapping_st_eph_loop_loop
        PASS [   1.979s] rust_verify_test::HashMapWithViewPlus hash_map_wvp_loop_loop
        PASS [   1.983s] rust_verify_test::MappingStEph mapping_st_eph_for_iter
        PASS [   1.546s] rust_verify_test::ProveAVLTreeSetMtEph avltreesetmteph_for_borrow_into
        PASS [   1.505s] rust_verify_test::ProveArraySeq arrayseq_filter
        PASS [   1.752s] rust_verify_test::ProveAVLTreeSetMtEph avltreesetmteph_for_borrow_iter
        PASS [   1.713s] rust_verify_test::ProveAVLTreeSetMtEph avltreesetmteph_loop_borrow_iter
        PASS [   1.440s] rust_verify_test::ProveArraySeq arrayseq_iterate
        PASS [   1.905s] rust_verify_test::ProveArraySeq arrayseq_for_iter
        PASS [   1.762s] rust_verify_test::ProveArraySeq arrayseq_iterate_prefixes
        PASS [   1.673s] rust_verify_test::ProveArraySeq arrayseq_map
        PASS [   1.868s] rust_verify_test::ProveArraySeq arrayseq_loop_loop
        PASS [   1.817s] rust_verify_test::ProveArraySeq arrayseq_reduce
        PASS [   1.852s] rust_verify_test::ProveArraySeq arrayseq_scan
        PASS [   1.690s] rust_verify_test::ProveArraySeq arrayseq_scan_inclusive
        PASS [   1.580s] rust_verify_test::ProveArraySeq arrayseq_tabulate
        PASS [   1.765s] rust_verify_test::ProveArraySeqMtEph arrayseqmteph_for_iter
        PASS [   1.662s] rust_verify_test::ProveArraySeqMtPer arrayseqmtper_for_iter
        PASS [   1.829s] rust_verify_test::ProveArraySeqMtEph arrayseqmteph_loop_loop
        PASS [   1.799s] rust_verify_test::ProveArraySeqMtPer arrayseqmtper_loop_loop
        PASS [   1.904s] rust_verify_test::ProveArraySeqStEph arrayseqsteph_for_borrow_into
        PASS [   1.624s] rust_verify_test::ProveArraySeqStEph arrayseqsteph_for_borrow_iter
        PASS [   1.740s] rust_verify_test::ProveArraySeqStEph arrayseqsteph_for_consume
        PASS [   1.724s] rust_verify_test::ProveArraySeqStEph arrayseqsteph_loop_borrow_into
        PASS [   1.688s] rust_verify_test::ProveArraySeqStEph arrayseqsteph_loop_borrow_iter
        PASS [   1.672s] rust_verify_test::ProveArraySeqStEph arrayseqsteph_loop_consume
        PASS [   1.667s] rust_verify_test::ProveArraySeqStPer arrayseqstper_for_iter
        PASS [   1.641s] rust_verify_test::ProveArraySeqStPer arrayseqstper_loop_loop
        PASS [   1.456s] rust_verify_test::ProveBFSMtEph chap54_bfsmteph_bottom_up_loop
        PASS [   1.534s] rust_verify_test::ProveBFSMtEph chap54_bfsmteph_top_down_loop
        PASS [   1.572s] rust_verify_test::ProveBFSStEph chap54_bfssteph_bottom_up_loop
        PASS [   1.558s] rust_verify_test::ProveBFSStEph chap54_bfssteph_top_down_loop
        PASS [   1.560s] rust_verify_test::ProveBalBinTreeStEph balbintree_for_inorder
        PASS [   1.728s] rust_verify_test::ProveBalBinTreeStEph balbintree_for_postorder
        PASS [   1.587s] rust_verify_test::ProveBalBinTreeStEph balbintree_inorder_spec_match
        PASS [   1.527s] rust_verify_test::ProveBalBinTreeStEph balbintree_leaf_traversals_empty
        PASS [   1.542s] rust_verify_test::ProveBalBinTreeStEph balbintree_leaf_iter_exhausted
        PASS [   1.864s] rust_verify_test::ProveBalBinTreeStEph balbintree_for_preorder
        PASS [   1.704s] rust_verify_test::ProveBalBinTreeStEph balbintree_loop_inorder
        PASS [   1.591s] rust_verify_test::ProveBalBinTreeStEph balbintree_loop_postorder
        PASS [   1.560s] rust_verify_test::ProveBalBinTreeStEph balbintree_loop_preorder
        PASS [   1.510s] rust_verify_test::ProveBalBinTreeStEph balbintree_preorder_spec_match
        PASS [   1.536s] rust_verify_test::ProveBalBinTreeStEph balbintree_postorder_spec_match
        PASS [   1.572s] rust_verify_test::ProveChap19ArraySeqMtEph chap19_arrayseqmteph_for_borrow_into
        PASS [   1.711s] rust_verify_test::ProveChap19ArraySeqMtEph chap19_arrayseqmteph_for_borrow_iter
        PASS [   1.736s] rust_verify_test::ProveChap19ArraySeqMtEph chap19_arrayseqmteph_for_consume
        PASS [   1.524s] rust_verify_test::ProveChap19ArraySeqMtEph chap19_arrayseqmteph_loop_borrow_iter
        PASS [   1.644s] rust_verify_test::ProveChap19ArraySeqMtEph chap19_arrayseqmteph_loop_consume
        PASS [   1.779s] rust_verify_test::ProveChap19ArraySeqMtEphSlice slice_for_borrow_into
        PASS [   1.938s] rust_verify_test::ProveChap19ArraySeqMtEph chap19_arrayseqmteph_loop_borrow_into
        PASS [   1.719s] rust_verify_test::ProveChap19ArraySeqMtEphSlice slice_for_borrow_iter
        PASS [   1.632s] rust_verify_test::ProveChap19ArraySeqMtEphSlice slice_operations
        PASS [   1.772s] rust_verify_test::ProveChap19ArraySeqMtEphSlice slice_loop_borrow_iter
        PASS [   1.945s] rust_verify_test::ProveChap19ArraySeqMtEphSlice slice_iter_over_subslice
        PASS [   1.812s] rust_verify_test::ProveChap19ArraySeqStEph chap19_arrayseqsteph_for_borrow_into
        PASS [   1.858s] rust_verify_test::ProveChap19ArraySeqStEph chap19_arrayseqsteph_for_borrow_iter
        PASS [   1.816s] rust_verify_test::ProveChap19ArraySeqStEph chap19_arrayseqsteph_for_consume
        PASS [   1.685s] rust_verify_test::ProveChap19ArraySeqStEph chap19_arrayseqsteph_loop_consume
        PASS [   1.756s] rust_verify_test::ProveChap19ArraySeqStEph chap19_arrayseqsteph_loop_borrow_into
        PASS [   2.024s] rust_verify_test::ProveChap19ArraySeqStEph chap19_arrayseqsteph_loop_borrow_iter
        PASS [   1.780s] rust_verify_test::ProveChap19ArraySeqStPer chap19_arrayseqstper_for_borrow_into
        PASS [   1.725s] rust_verify_test::ProveChap19ArraySeqStPer chap19_arrayseqstper_for_borrow_iter
        PASS [   1.729s] rust_verify_test::ProveChap19ArraySeqStPer chap19_arrayseqstper_for_consume
        PASS [   1.684s] rust_verify_test::ProveChap19ArraySeqStPer chap19_arrayseqstper_loop_borrow_into
        PASS [   1.701s] rust_verify_test::ProveChap19ArraySeqStPer chap19_arrayseqstper_loop_borrow_iter
        PASS [   1.539s] rust_verify_test::ProveChap19ArraySeqStPer chap19_arrayseqstper_loop_consume
        PASS [   1.627s] rust_verify_test::ProveKleeneStPer kleene_mem_plus
        PASS [   1.952s] rust_verify_test::ProveKleeneStPer kleene_alphabet
        PASS [   1.648s] rust_verify_test::ProveKleeneStPer kleene_mem_star
        PASS [   1.815s] rust_verify_test::ProveLinkedListStEph linkedliststeph_for_iter
        PASS [   1.834s] rust_verify_test::ProveLinkedListStEph linkedliststeph_loop_loop
        PASS [   1.818s] rust_verify_test::ProveLinkedListStPer linkedliststper_for_iter
        PASS [   1.698s] rust_verify_test::ProveLinkedListStPer linkedliststper_loop_loop
        PASS [   1.749s] rust_verify_test::ProveMathSeq mathseq_for_borrow_into
        PASS [   1.654s] rust_verify_test::ProveMathSeq mathseq_for_borrow_iter
        PASS [   1.709s] rust_verify_test::ProveMathSeq mathseq_loop_borrow_into
        PASS [   1.804s] rust_verify_test::ProveMathSeq mathseq_for_consume
        PASS [   1.672s] rust_verify_test::ProveMathSeq mathseq_loop_borrow_iter
        PASS [   1.588s] rust_verify_test::ProveMathSeq mathseq_loop_consume
        PASS [   1.716s] rust_verify_test::ProveOrderedTableStPer chap43_orderedtablestper_loop_borrow_into
        PASS [   1.956s] rust_verify_test::ProveOrderedTableStPer chap43_orderedtablestper_loop_borrow_iter
        PASS [   1.563s] rust_verify_test::ProvePrimTreeSeqStPer primtreeseq_for_borrow_iter
        PASS [   1.693s] rust_verify_test::ProvePrimTreeSeqStPer primtreeseq_loop_borrow_into
        PASS [   1.754s] rust_verify_test::ProvePrimTreeSeqStPer primtreeseq_for_consume
        PASS [   1.852s] rust_verify_test::ProvePrimTreeSeqStPer primtreeseq_for_borrow_into
        PASS [   1.621s] rust_verify_test::ProvePrimTreeSeqStPer primtreeseq_loop_borrow_iter
        PASS [   1.633s] rust_verify_test::ProvePrimTreeSeqStPer primtreeseq_loop_consume
        PASS [   1.682s] rust_verify_test::ProveSetMtEph set_mt_eph_for_borrow_into
        PASS [   1.648s] rust_verify_test::ProveSetMtEph set_mt_eph_for_borrow_iter
        PASS [   1.707s] rust_verify_test::ProveSetMtEph set_mt_eph_loop_borrow_iter
        PASS [   1.703s] rust_verify_test::Provedeep_view_standard deep_view_standard_for_borrow_into
        PASS [   1.661s] rust_verify_test::Provedeep_view_standard deep_view_standard_for_borrow_iter
        PASS [   2.037s] rust_verify_test::Provedeep_view_standard deep_view_standard_for_consume
        PASS [   2.365s] rust_verify_test::Provedeep_view_standard deep_view_standard_simple
        PASS [   2.668s] rust_verify_test::Provedeep_view_standard deep_view_standard_loop_consume
        PASS [   2.769s] rust_verify_test::Provedeep_view_standard deep_view_standard_loop_borrow_iter
        PASS [   2.929s] rust_verify_test::Provedeep_view_standard deep_view_standard_loop_borrow_into
        PASS [   2.946s] rust_verify_test::Proveiterators_standard iterators_standard_for_borrow_into
        PASS [   3.004s] rust_verify_test::Proveiterators_standard iterators_standard_for_borrow_iter
        PASS [   2.497s] rust_verify_test::Proveiterators_standard iterators_standard_for_consume
        PASS [   2.301s] rust_verify_test::Proveiterators_standard iterators_standard_loop_borrow_into
        PASS [   2.417s] rust_verify_test::Proveiterators_standard iterators_standard_loop_borrow_iter
        PASS [   2.498s] rust_verify_test::Proveiterators_standard iterators_standard_loop_consume
        PASS [   2.131s] rust_verify_test::Provemod_standard mod_standard_for_borrow_into
        PASS [   1.946s] rust_verify_test::Provemod_standard mod_standard_for_borrow_iter
        PASS [   1.489s] rust_verify_test::Provemod_standard mod_standard_loop_borrow_into
        PASS [   1.464s] rust_verify_test::Provemod_standard mod_standard_loop_borrow_iter
        PASS [   1.743s] rust_verify_test::Provemod_standard mod_standard_for_consume
        PASS [   1.619s] rust_verify_test::Provemod_standard mod_standard_loop_consume
        PASS [   1.700s] rust_verify_test::Provetable_of_contents_standard toc_standard_for_borrow_into
        PASS [   2.010s] rust_verify_test::Provetable_of_contents_standard toc_standard_for_borrow_iter
        PASS [   1.933s] rust_verify_test::Provetable_of_contents_standard toc_standard_for_consume
        PASS [   1.872s] rust_verify_test::Provetable_of_contents_standard toc_standard_loop_borrow_iter
        PASS [   2.158s] rust_verify_test::Provetable_of_contents_standard toc_standard_loop_borrow_into
        PASS [   1.992s] rust_verify_test::Provetable_of_contents_standard toc_standard_loop_consume
        PASS [   2.085s] rust_verify_test::Proveusing_closures_standard closures_ghost_spec_fn
        PASS [   2.079s] rust_verify_test::Proveusing_closures_standard closures_inline_requires_ensures
        PASS [   2.170s] rust_verify_test::Proveusing_closures_standard closures_let_bind_ensures
        PASS [   2.062s] rust_verify_test::Proveusing_closures_standard closures_map_apply
        PASS [   1.980s] rust_verify_test::Proveview_standard view_standard_collection
        PASS [   2.067s] rust_verify_test::Proveview_standard view_standard_for_borrow_into
        PASS [   2.006s] rust_verify_test::Proveview_standard view_standard_for_borrow_iter
        PASS [   1.643s] rust_verify_test::Proveview_standard view_standard_for_consume
        PASS [   1.483s] rust_verify_test::Proveview_standard view_standard_loop_consume
        PASS [   1.636s] rust_verify_test::Proveview_standard view_standard_loop_borrow_iter
        PASS [   1.753s] rust_verify_test::Proveview_standard view_standard_loop_borrow_into
        PASS [   1.485s] rust_verify_test::Proveview_standard view_standard_simple
        PASS [   1.554s] rust_verify_test::Provewrapping_iterators_standard wrapping_for_borrow_into
        PASS [   1.532s] rust_verify_test::Provewrapping_iterators_standard wrapping_for_borrow_iter
        PASS [   1.456s] rust_verify_test::Provewrapping_iterators_standard wrapping_loop_borrow_iter
        PASS [   1.541s] rust_verify_test::Provewrapping_iterators_standard wrapping_loop_borrow_into
        PASS [   1.677s] rust_verify_test::RelationStEph relation_st_eph_for_iter
        PASS [   1.693s] rust_verify_test::RelationStEph relation_st_eph_loop_loop
        PASS [   1.638s] rust_verify_test::SetMtEph set_mt_eph_for_iter
        PASS [   1.521s] rust_verify_test::SetMtEph set_mt_eph_from_vec
        PASS [   1.627s] rust_verify_test::SetMtEph set_mt_eph_loop_loop
        PASS [   1.871s] rust_verify_test::SetStEph set_st_eph_for_iter
        PASS [   1.681s] rust_verify_test::SetStEph set_st_eph_from_vec
        PASS [   1.727s] rust_verify_test::SetStEph set_st_eph_loop_loop
        PASS [   1.457s] rust_verify_test::prove_MathSeq_iters mathseq_iter_consuming
        PASS [   1.489s] rust_verify_test::prove_MathSeq_iters mathseq_iter_nested
        PASS [   1.385s] rust_verify_test::prove_MathSeq_iters mathseq_iter_range
────────────
     Summary [  43.842s] 145 tests run: 145 passed, 0 skipped
Elapsed: 189s
