verification results:: 5473 verified, 0 errors
    Finished `release` profile [optimized] target(s) in 0.04s
────────────
 Nextest run ID 9712321f-a90f-4817-b7d1-1ae4cb9f25e6 with nextest profile: default
    Starting 221 tests across 48 binaries
        PASS [   1.483s] rust_verify_test::HashSetWithViewPlus hash_set_wvp_loop_loop
        PASS [   1.512s] rust_verify_test::HashMapWithViewPlus hash_map_wvp_loop_loop
        PASS [   1.640s] rust_verify_test::MappingStEph mapping_st_eph_loop_loop
        PASS [   1.648s] rust_verify_test::HashSetWithViewPlus hash_set_wvp_for_iter
        PASS [   1.679s] rust_verify_test::HashMapWithViewPlus hash_map_wvp_for_iter
        PASS [   1.842s] rust_verify_test::MappingStEph mapping_st_eph_for_iter
        PASS [   1.620s] rust_verify_test::ProveAVLTreeSeq avltreeseq_for_borrow_iter
        PASS [   1.684s] rust_verify_test::ProveAVLTreeSeq avltreeseq_for_borrow_into
        PASS [   1.620s] rust_verify_test::ProveAVLTreeSeqMtPer avltreeseqmtper_for_borrow_into
        PASS [   1.691s] rust_verify_test::ProveAVLTreeSeq avltreeseq_loop_borrow_into
        PASS [   1.790s] rust_verify_test::ProveAVLTreeSeq avltreeseq_loop_borrow_iter
        PASS [   1.609s] rust_verify_test::ProveAVLTreeSeqMtPer avltreeseqmtper_for_borrow_iter
        PASS [   1.489s] rust_verify_test::ProveAVLTreeSeqMtPer avltreeseqmtper_loop_borrow_iter
        PASS [   1.594s] rust_verify_test::ProveAVLTreeSeqMtPer avltreeseqmtper_loop_borrow_into
        PASS [   1.495s] rust_verify_test::ProveAVLTreeSeqStEph avltreeseqsteph_for_borrow_iter
        PASS [   1.537s] rust_verify_test::ProveAVLTreeSeqStEph avltreeseqsteph_for_borrow_into
        PASS [   1.473s] rust_verify_test::ProveAVLTreeSeqStEph avltreeseqsteph_loop_borrow_iter
        PASS [   1.489s] rust_verify_test::ProveAVLTreeSeqStEph avltreeseqsteph_loop_borrow_into
        PASS [   1.548s] rust_verify_test::ProveAVLTreeSeqStPer avltreeseqstper_for_borrow_into
        PASS [   1.496s] rust_verify_test::ProveAVLTreeSeqStPer avltreeseqstper_loop_borrow_into
        PASS [   1.499s] rust_verify_test::ProveAVLTreeSeqStPer avltreeseqstper_loop_borrow_iter
        PASS [   1.615s] rust_verify_test::ProveAVLTreeSeqStPer avltreeseqstper_for_borrow_iter
        PASS [   1.499s] rust_verify_test::ProveAVLTreeSetMtEph avltreesetmteph_for_borrow_into
        PASS [   1.511s] rust_verify_test::ProveAVLTreeSetMtEph avltreesetmteph_for_borrow_iter
        PASS [   1.442s] rust_verify_test::ProveArraySeq arrayseq_filter
        PASS [   1.597s] rust_verify_test::ProveAVLTreeSetMtEph avltreesetmteph_loop_borrow_into
        PASS [   1.487s] rust_verify_test::ProveAVLTreeSetMtEph avltreesetmteph_loop_borrow_iter
        PASS [   1.405s] rust_verify_test::ProveArraySeq arrayseq_iterate
        PASS [   1.448s] rust_verify_test::ProveArraySeq arrayseq_iterate_prefixes
        PASS [   1.621s] rust_verify_test::ProveArraySeq arrayseq_for_iter
        PASS [   1.358s] rust_verify_test::ProveArraySeq arrayseq_map
        PASS [   1.486s] rust_verify_test::ProveArraySeq arrayseq_loop_loop
        PASS [   1.363s] rust_verify_test::ProveArraySeq arrayseq_tabulate
        PASS [   1.615s] rust_verify_test::ProveArraySeq arrayseq_reduce
        PASS [   1.648s] rust_verify_test::ProveArraySeq arrayseq_scan
        PASS [   1.689s] rust_verify_test::ProveArraySeq arrayseq_scan_inclusive
        PASS [   1.472s] rust_verify_test::ProveArraySeqMtEph arrayseqmteph_for_borrow_into
        PASS [   1.477s] rust_verify_test::ProveArraySeqMtEph arrayseqmteph_for_consume
        PASS [   1.507s] rust_verify_test::ProveArraySeqMtEph arrayseqmteph_for_iter
        PASS [   1.443s] rust_verify_test::ProveArraySeqMtEph arrayseqmteph_loop_borrow_into
        PASS [   1.431s] rust_verify_test::ProveArraySeqMtEph arrayseqmteph_loop_consume
        PASS [   1.455s] rust_verify_test::ProveArraySeqMtEph arrayseqmteph_loop_loop
        PASS [   1.470s] rust_verify_test::ProveArraySeqMtPer arrayseqmtper_for_borrow_into
        PASS [   1.496s] rust_verify_test::ProveArraySeqMtPer arrayseqmtper_for_consume
        PASS [   1.443s] rust_verify_test::ProveArraySeqMtPer arrayseqmtper_loop_borrow_into
        PASS [   1.437s] rust_verify_test::ProveArraySeqMtPer arrayseqmtper_loop_consume
        PASS [   1.523s] rust_verify_test::ProveArraySeqMtPer arrayseqmtper_for_iter
        PASS [   1.460s] rust_verify_test::ProveArraySeqMtPer arrayseqmtper_loop_loop
        PASS [   1.528s] rust_verify_test::ProveArraySeqStEph arrayseqsteph_for_borrow_into
        PASS [   1.491s] rust_verify_test::ProveArraySeqStEph arrayseqsteph_loop_borrow_into
        PASS [   1.495s] rust_verify_test::ProveArraySeqStEph arrayseqsteph_loop_borrow_iter
        PASS [   1.619s] rust_verify_test::ProveArraySeqStEph arrayseqsteph_for_borrow_iter
        PASS [   1.577s] rust_verify_test::ProveArraySeqStEph arrayseqsteph_for_consume
        PASS [   1.518s] rust_verify_test::ProveArraySeqStEph arrayseqsteph_loop_consume
        PASS [   1.628s] rust_verify_test::ProveArraySeqStPer arrayseqstper_for_iter
        PASS [   1.490s] rust_verify_test::ProveBFSMtEph chap54_bfsmteph_bottom_up_for
        PASS [   1.517s] rust_verify_test::ProveArraySeqStPer arrayseqstper_loop_loop
        PASS [   1.613s] rust_verify_test::ProveBFSMtEph chap54_bfsmteph_bottom_up_loop
        PASS [   1.519s] rust_verify_test::ProveBFSMtEph chap54_bfsmteph_top_down_loop
        PASS [   1.691s] rust_verify_test::ProveBFSMtEph chap54_bfsmteph_top_down_for
        PASS [   1.503s] rust_verify_test::ProveBFSStEph chap54_bfssteph_top_down_for
        PASS [   1.628s] rust_verify_test::ProveBFSStEph chap54_bfssteph_bottom_up_for
        PASS [   1.452s] rust_verify_test::ProveBFSStEph chap54_bfssteph_top_down_loop
        PASS [   1.629s] rust_verify_test::ProveBFSStEph chap54_bfssteph_bottom_up_loop
        PASS [   1.725s] rust_verify_test::ProveBSTSetAVLMtEph bstsetavlmteph_for_borrow_iter
        PASS [   1.779s] rust_verify_test::ProveBSTSetAVLMtEph bstsetavlmteph_for_borrow_into
        PASS [   1.685s] rust_verify_test::ProveBSTSetAVLMtEph bstsetavlmteph_loop_borrow_iter
        PASS [   1.824s] rust_verify_test::ProveBSTSetAVLMtEph bstsetavlmteph_for_consume
        PASS [   1.727s] rust_verify_test::ProveBSTSetAVLMtEph bstsetavlmteph_loop_consume
        PASS [   1.915s] rust_verify_test::ProveBSTSetAVLMtEph bstsetavlmteph_loop_borrow_into
        PASS [   1.597s] rust_verify_test::ProveBSTSetBBAlphaMtEph bstsetbbalphamteph_for_borrow_iter
        PASS [   1.702s] rust_verify_test::ProveBSTSetBBAlphaMtEph bstsetbbalphamteph_for_borrow_into
        PASS [   1.640s] rust_verify_test::ProveBSTSetPlainMtEph bstsetplainmteph_for_borrow_into
        PASS [   1.734s] rust_verify_test::ProveBSTSetBBAlphaMtEph bstsetbbalphamteph_loop_borrow_into
        PASS [   1.726s] rust_verify_test::ProveBSTSetBBAlphaMtEph bstsetbbalphamteph_loop_borrow_iter
        PASS [   1.576s] rust_verify_test::ProveBSTSetPlainMtEph bstsetplainmteph_loop_borrow_into
        PASS [   1.708s] rust_verify_test::ProveBSTSetPlainMtEph bstsetplainmteph_for_borrow_iter
        PASS [   1.831s] rust_verify_test::ProveBSTSetPlainMtEph bstsetplainmteph_loop_borrow_iter
        PASS [   1.607s] rust_verify_test::ProveBSTSetRBMtEph bstsetrbmteph_for_borrow_into
        PASS [   1.609s] rust_verify_test::ProveBSTSetRBMtEph bstsetrbmteph_for_borrow_iter
        PASS [   1.666s] rust_verify_test::ProveBSTSetRBMtEph bstsetrbmteph_loop_borrow_into
        PASS [   1.857s] rust_verify_test::ProveBSTSetRBMtEph bstsetrbmteph_for_consume
        PASS [   1.756s] rust_verify_test::ProveBSTSetRBMtEph bstsetrbmteph_loop_borrow_iter
        PASS [   1.503s] rust_verify_test::ProveBSTSetRBMtEph bstsetrbmteph_loop_consume
        PASS [   1.643s] rust_verify_test::ProveBSTSetSplayMtEph bstsetsplaymteph_for_borrow_iter
        PASS [   1.833s] rust_verify_test::ProveBSTSetSplayMtEph bstsetsplaymteph_for_borrow_into
        PASS [   1.639s] rust_verify_test::ProveBSTSetSplayMtEph bstsetsplaymteph_loop_borrow_into
        PASS [   1.637s] rust_verify_test::ProveBSTSetSplayMtEph bstsetsplaymteph_loop_consume
        PASS [   1.716s] rust_verify_test::ProveBSTSetSplayMtEph bstsetsplaymteph_loop_borrow_iter
        PASS [   1.887s] rust_verify_test::ProveBSTSetSplayMtEph bstsetsplaymteph_for_consume
        PASS [   1.482s] rust_verify_test::ProveBalBinTreeStEph balbintree_leaf_iter_exhausted
        PASS [   1.458s] rust_verify_test::ProveBalBinTreeStEph balbintree_leaf_traversals_empty
        PASS [   1.915s] rust_verify_test::ProveBalBinTreeStEph balbintree_for_inorder
        PASS [   1.590s] rust_verify_test::ProveBalBinTreeStEph balbintree_inorder_spec_match
        PASS [   1.896s] rust_verify_test::ProveBalBinTreeStEph balbintree_for_postorder
        PASS [   1.874s] rust_verify_test::ProveBalBinTreeStEph balbintree_for_preorder
        PASS [   1.551s] rust_verify_test::ProveBalBinTreeStEph balbintree_loop_inorder
        PASS [   1.575s] rust_verify_test::ProveBalBinTreeStEph balbintree_postorder_spec_match
        PASS [   1.689s] rust_verify_test::ProveBalBinTreeStEph balbintree_loop_preorder
        PASS [   1.704s] rust_verify_test::ProveBalBinTreeStEph balbintree_preorder_spec_match
        PASS [   1.901s] rust_verify_test::ProveBalBinTreeStEph balbintree_loop_postorder
        PASS [   1.646s] rust_verify_test::ProveChap19ArraySeqMtEph chap19_arrayseqmteph_for_borrow_into
        PASS [   1.745s] rust_verify_test::ProveChap19ArraySeqMtEph chap19_arrayseqmteph_for_borrow_iter
        PASS [   1.591s] rust_verify_test::ProveChap19ArraySeqMtEph chap19_arrayseqmteph_loop_borrow_into
        PASS [   1.763s] rust_verify_test::ProveChap19ArraySeqMtEph chap19_arrayseqmteph_for_consume
        PASS [   1.531s] rust_verify_test::ProveChap19ArraySeqMtEph chap19_arrayseqmteph_loop_consume
        PASS [   1.599s] rust_verify_test::ProveChap19ArraySeqMtEph chap19_arrayseqmteph_loop_borrow_iter
        PASS [   1.882s] rust_verify_test::ProveChap19ArraySeqMtEphSlice slice_for_borrow_into
        PASS [   1.630s] rust_verify_test::ProveChap19ArraySeqMtEphSlice slice_loop_borrow_iter
        PASS [   1.771s] rust_verify_test::ProveChap19ArraySeqMtEphSlice slice_iter_over_subslice
        PASS [   1.736s] rust_verify_test::ProveChap19ArraySeqMtEphSlice slice_operations
        PASS [   1.710s] rust_verify_test::ProveChap19ArraySeqStEph chap19_arrayseqsteph_for_borrow_into
        PASS [   2.014s] rust_verify_test::ProveChap19ArraySeqMtEphSlice slice_for_borrow_iter
        PASS [   1.610s] rust_verify_test::ProveChap19ArraySeqStEph chap19_arrayseqsteph_for_borrow_iter
        PASS [   1.567s] rust_verify_test::ProveChap19ArraySeqStEph chap19_arrayseqsteph_for_consume
        PASS [   1.608s] rust_verify_test::ProveChap19ArraySeqStEph chap19_arrayseqsteph_loop_borrow_into
        PASS [   1.567s] rust_verify_test::ProveChap19ArraySeqStEph chap19_arrayseqsteph_loop_borrow_iter
        PASS [   1.546s] rust_verify_test::ProveChap19ArraySeqStEph chap19_arrayseqsteph_loop_consume
        PASS [   1.522s] rust_verify_test::ProveChap19ArraySeqStPer chap19_arrayseqstper_for_borrow_into
        PASS [   1.650s] rust_verify_test::ProveChap19ArraySeqStPer chap19_arrayseqstper_for_borrow_iter
        PASS [   2.020s] rust_verify_test::ProveChap19ArraySeqStPer chap19_arrayseqstper_loop_consume
        PASS [   2.404s] rust_verify_test::ProveChap19ArraySeqStPer chap19_arrayseqstper_for_consume
        PASS [   2.343s] rust_verify_test::ProveChap19ArraySeqStPer chap19_arrayseqstper_loop_borrow_into
        PASS [   2.308s] rust_verify_test::ProveChap19ArraySeqStPer chap19_arrayseqstper_loop_borrow_iter
        PASS [   2.350s] rust_verify_test::ProveKleeneStPer kleene_alphabet
        PASS [   2.673s] rust_verify_test::ProveKleeneStPer kleene_mem_plus
        PASS [   2.802s] rust_verify_test::ProveKleeneStPer kleene_mem_star
        PASS [   2.835s] rust_verify_test::ProveLinkedListStEph linkedliststeph_loop_loop
        PASS [   3.020s] rust_verify_test::ProveLinkedListStPer linkedliststper_for_iter
        PASS [   2.925s] rust_verify_test::ProveLinkedListStPer linkedliststper_loop_loop
        PASS [   3.079s] rust_verify_test::ProveLinkedListStEph linkedliststeph_for_iter
        PASS [   2.831s] rust_verify_test::ProveMathSeq mathseq_for_borrow_into
        PASS [   2.971s] rust_verify_test::ProveMathSeq mathseq_for_borrow_iter
        PASS [   2.937s] rust_verify_test::ProveMathSeq mathseq_for_consume
        PASS [   2.828s] rust_verify_test::ProveMathSeq mathseq_loop_consume
        PASS [   2.877s] rust_verify_test::ProveMathSeq mathseq_loop_borrow_iter
        PASS [   2.978s] rust_verify_test::ProveMathSeq mathseq_loop_borrow_into
        PASS [   3.062s] rust_verify_test::ProveOrderedSetStEph chap43_orderedsetsteph_for_borrow_into
        PASS [   3.230s] rust_verify_test::ProveOrderedSetStEph chap43_orderedsetsteph_loop_borrow_into
        PASS [   3.521s] rust_verify_test::ProveOrderedSetStEph chap43_orderedsetsteph_for_borrow_iter
        PASS [   3.160s] rust_verify_test::ProveOrderedSetStEph chap43_orderedsetsteph_loop_borrow_iter
        PASS [   3.078s] rust_verify_test::ProveOrderedSetStPer chap43_orderedsetstper_loop_borrow_iter
        PASS [   3.238s] rust_verify_test::ProveOrderedSetStPer chap43_orderedsetstper_for_borrow_iter
        PASS [   3.317s] rust_verify_test::ProveOrderedTableMtEph chap43_orderedtablemteph_for_borrow_into
        PASS [   3.196s] rust_verify_test::ProveOrderedTableMtEph chap43_orderedtablemteph_for_borrow_iter
        PASS [   3.293s] rust_verify_test::ProveOrderedTableMtEph chap43_orderedtablemteph_loop_borrow_into
        PASS [   3.267s] rust_verify_test::ProveOrderedTableMtEph chap43_orderedtablemteph_loop_borrow_iter
        PASS [   3.308s] rust_verify_test::ProveOrderedTableStEph chap43_orderedtablesteph_for_borrow_iter
        PASS [   3.713s] rust_verify_test::ProveOrderedTableStEph chap43_orderedtablesteph_for_borrow_into
        PASS [   3.366s] rust_verify_test::ProveOrderedTableStEph chap43_orderedtablesteph_loop_borrow_into
        PASS [   2.838s] rust_verify_test::ProveOrderedTableStEph chap43_orderedtablesteph_loop_borrow_iter
        PASS [   2.615s] rust_verify_test::ProveOrderedTableStPer chap43_orderedtablestper_loop_borrow_into
        PASS [   2.870s] rust_verify_test::ProveOrderedTableStPer chap43_orderedtablestper_for_borrow_into
        PASS [   2.873s] rust_verify_test::ProveOrderedTableStPer chap43_orderedtablestper_for_borrow_iter
        PASS [   2.668s] rust_verify_test::ProveOrderedTableStPer chap43_orderedtablestper_loop_borrow_iter
        PASS [   2.442s] rust_verify_test::ProvePrimTreeSeqStPer primtreeseq_for_borrow_into
        PASS [   1.830s] rust_verify_test::ProvePrimTreeSeqStPer primtreeseq_for_borrow_iter
        PASS [   1.989s] rust_verify_test::ProvePrimTreeSeqStPer primtreeseq_for_consume
        PASS [   1.998s] rust_verify_test::ProvePrimTreeSeqStPer primtreeseq_loop_borrow_into
        PASS [   2.012s] rust_verify_test::ProvePrimTreeSeqStPer primtreeseq_loop_borrow_iter
        PASS [   2.055s] rust_verify_test::ProvePrimTreeSeqStPer primtreeseq_loop_consume
        PASS [   2.045s] rust_verify_test::ProveSetMtEph set_mt_eph_for_borrow_into
        PASS [   2.171s] rust_verify_test::ProveSetMtEph set_mt_eph_for_borrow_iter
        PASS [   1.878s] rust_verify_test::ProveSetStEph setsteph_for_borrow_into
        PASS [   2.129s] rust_verify_test::ProveSetMtEph set_mt_eph_loop_borrow_into
        PASS [   2.059s] rust_verify_test::ProveSetMtEph set_mt_eph_loop_borrow_iter
        PASS [   2.098s] rust_verify_test::ProveSetStEph setsteph_for_borrow_iter
        PASS [   1.863s] rust_verify_test::ProveSetStEph setsteph_loop_borrow_into
        PASS [   1.578s] rust_verify_test::ProveSetStEph setsteph_loop_borrow_iter
        PASS [   1.724s] rust_verify_test::Provedeep_view_standard deep_view_standard_for_borrow_into
        PASS [   1.624s] rust_verify_test::Provedeep_view_standard deep_view_standard_for_borrow_iter
        PASS [   1.650s] rust_verify_test::Provedeep_view_standard deep_view_standard_for_consume
        PASS [   1.524s] rust_verify_test::Provedeep_view_standard deep_view_standard_loop_borrow_into
        PASS [   1.537s] rust_verify_test::Provedeep_view_standard deep_view_standard_loop_borrow_iter
        PASS [   1.435s] rust_verify_test::Provedeep_view_standard deep_view_standard_simple
        PASS [   1.842s] rust_verify_test::Provedeep_view_standard deep_view_standard_loop_consume
        PASS [   1.623s] rust_verify_test::Proveiterators_standard iterators_standard_for_borrow_iter
        PASS [   1.707s] rust_verify_test::Proveiterators_standard iterators_standard_for_borrow_into
        PASS [   1.546s] rust_verify_test::Proveiterators_standard iterators_standard_loop_borrow_into
        PASS [   1.596s] rust_verify_test::Proveiterators_standard iterators_standard_for_consume
        PASS [   1.485s] rust_verify_test::Proveiterators_standard iterators_standard_loop_borrow_iter
        PASS [   1.484s] rust_verify_test::Proveiterators_standard iterators_standard_loop_consume
        PASS [   1.495s] rust_verify_test::Provemod_standard mod_standard_for_borrow_iter
        PASS [   1.585s] rust_verify_test::Provemod_standard mod_standard_for_borrow_into
        PASS [   1.472s] rust_verify_test::Provemod_standard mod_standard_for_consume
        PASS [   1.490s] rust_verify_test::Provemod_standard mod_standard_loop_borrow_into
        PASS [   1.477s] rust_verify_test::Provemod_standard mod_standard_loop_consume
        PASS [   1.776s] rust_verify_test::Provemod_standard mod_standard_loop_borrow_iter
        PASS [   1.531s] rust_verify_test::Provetable_of_contents_standard toc_standard_for_borrow_into
        PASS [   1.545s] rust_verify_test::Provetable_of_contents_standard toc_standard_for_borrow_iter
        PASS [   1.531s] rust_verify_test::Provetable_of_contents_standard toc_standard_for_consume
        PASS [   1.570s] rust_verify_test::Provetable_of_contents_standard toc_standard_loop_borrow_into
        PASS [   1.622s] rust_verify_test::Provetable_of_contents_standard toc_standard_loop_borrow_iter
        PASS [   1.682s] rust_verify_test::Provetable_of_contents_standard toc_standard_loop_consume
        PASS [   1.739s] rust_verify_test::Proveusing_closures_standard closures_ghost_spec_fn
        PASS [   1.681s] rust_verify_test::Proveusing_closures_standard closures_let_bind_ensures
        PASS [   1.821s] rust_verify_test::Proveusing_closures_standard closures_inline_requires_ensures
        PASS [   1.943s] rust_verify_test::Proveusing_closures_standard closures_map_apply
        PASS [   1.861s] rust_verify_test::Proveview_standard view_standard_collection
        PASS [   2.035s] rust_verify_test::Proveview_standard view_standard_for_borrow_into
        PASS [   2.034s] rust_verify_test::Proveview_standard view_standard_for_borrow_iter
        PASS [   2.051s] rust_verify_test::Proveview_standard view_standard_loop_borrow_into
        PASS [   2.179s] rust_verify_test::Proveview_standard view_standard_for_consume
        PASS [   1.994s] rust_verify_test::Proveview_standard view_standard_loop_borrow_iter
        PASS [   2.102s] rust_verify_test::Proveview_standard view_standard_loop_consume
        PASS [   1.984s] rust_verify_test::Proveview_standard view_standard_simple
        PASS [   2.175s] rust_verify_test::Provewrapping_iterators_standard wrapping_for_borrow_into
        PASS [   2.148s] rust_verify_test::Provewrapping_iterators_standard wrapping_for_borrow_iter
        PASS [   2.181s] rust_verify_test::Provewrapping_iterators_standard wrapping_loop_borrow_into
        PASS [   2.202s] rust_verify_test::Provewrapping_iterators_standard wrapping_loop_borrow_iter
        PASS [   2.313s] rust_verify_test::RelationStEph relation_st_eph_for_iter
        PASS [   2.135s] rust_verify_test::RelationStEph relation_st_eph_loop_loop
        PASS [   2.344s] rust_verify_test::SetMtEph set_mt_eph_for_iter
        PASS [   2.110s] rust_verify_test::SetMtEph set_mt_eph_loop_loop
        PASS [   2.301s] rust_verify_test::SetMtEph set_mt_eph_from_vec
        PASS [   2.233s] rust_verify_test::SetStEph set_st_eph_for_iter
        PASS [   1.816s] rust_verify_test::SetStEph set_st_eph_from_vec
        PASS [   1.867s] rust_verify_test::SetStEph set_st_eph_loop_loop
        PASS [   1.576s] rust_verify_test::prove_MathSeq_iters mathseq_iter_nested
        PASS [   1.603s] rust_verify_test::prove_MathSeq_iters mathseq_iter_consuming
        PASS [   1.561s] rust_verify_test::prove_MathSeq_iters mathseq_iter_range
────────────
     Summary [  70.052s] 221 tests run: 221 passed, 0 skipped
Elapsed: 182s
