verification results:: 4489 verified, 0 errors
    Finished `release` profile [optimized] target(s) in 0.01s
────────────
 Nextest run ID 38bb0a73-d365-4080-b054-d8386c0f8b35 with nextest profile: default
    Starting 147 tests across 34 binaries
        PASS [   1.220s] rust_verify_test::HashSetWithViewPlus hash_set_wvp_loop_loop
        PASS [   1.241s] rust_verify_test::HashSetWithViewPlus hash_set_wvp_for_iter
        PASS [   1.307s] rust_verify_test::HashMapWithViewPlus hash_map_wvp_loop_loop
        PASS [   1.352s] rust_verify_test::HashMapWithViewPlus hash_map_wvp_for_iter
        PASS [   1.429s] rust_verify_test::MappingStEph mapping_st_eph_loop_loop
        PASS [   1.434s] rust_verify_test::MappingStEph mapping_st_eph_for_iter
        PASS [   1.267s] rust_verify_test::ProveAVLTreeSetMtEph avltreesetmteph_for_borrow_into
        PASS [   1.281s] rust_verify_test::ProveAVLTreeSetMtEph avltreesetmteph_for_borrow_iter
        PASS [   1.218s] rust_verify_test::ProveArraySeq arrayseq_filter
        PASS [   1.327s] rust_verify_test::ProveAVLTreeSetMtEph avltreesetmteph_loop_borrow_iter
        PASS [   1.221s] rust_verify_test::ProveArraySeq arrayseq_iterate
        PASS [   1.318s] rust_verify_test::ProveArraySeq arrayseq_for_iter
        PASS [   1.210s] rust_verify_test::ProveArraySeq arrayseq_iterate_prefixes
        PASS [   1.224s] rust_verify_test::ProveArraySeq arrayseq_loop_loop
        PASS [   1.271s] rust_verify_test::ProveArraySeq arrayseq_map
        PASS [   1.392s] rust_verify_test::ProveArraySeq arrayseq_scan
        PASS [   1.454s] rust_verify_test::ProveArraySeq arrayseq_reduce
        PASS [   1.461s] rust_verify_test::ProveArraySeq arrayseq_scan_inclusive
        PASS [   1.144s] rust_verify_test::ProveArraySeq arrayseq_tabulate
        PASS [   1.351s] rust_verify_test::ProveArraySeqMtEph arrayseqmteph_for_iter
        PASS [   1.297s] rust_verify_test::ProveArraySeqMtEph arrayseqmteph_loop_loop
        PASS [   1.330s] rust_verify_test::ProveArraySeqMtPer arrayseqmtper_for_iter
        PASS [   1.385s] rust_verify_test::ProveArraySeqMtPer arrayseqmtper_loop_loop
        PASS [   1.317s] rust_verify_test::ProveArraySeqStEph arrayseqsteph_for_borrow_into
        PASS [   1.353s] rust_verify_test::ProveArraySeqStEph arrayseqsteph_for_borrow_iter
        PASS [   1.316s] rust_verify_test::ProveArraySeqStEph arrayseqsteph_for_consume
        PASS [   1.280s] rust_verify_test::ProveArraySeqStEph arrayseqsteph_loop_borrow_into
        PASS [   1.366s] rust_verify_test::ProveArraySeqStEph arrayseqsteph_loop_borrow_iter
        PASS [   1.360s] rust_verify_test::ProveArraySeqStEph arrayseqsteph_loop_consume
        PASS [   1.309s] rust_verify_test::ProveArraySeqStPer arrayseqstper_for_iter
        PASS [   1.353s] rust_verify_test::ProveArraySeqStPer arrayseqstper_loop_loop
        PASS [   1.333s] rust_verify_test::ProveBFSMtEph chap54_bfsmteph_bottom_up_loop
        PASS [   1.368s] rust_verify_test::ProveBFSMtEph chap54_bfsmteph_top_down_loop
        PASS [   1.264s] rust_verify_test::ProveBFSStEph chap54_bfssteph_bottom_up_loop
        PASS [   1.352s] rust_verify_test::ProveBFSStEph chap54_bfssteph_top_down_loop
        PASS [   1.408s] rust_verify_test::ProveBalBinTreeStEph balbintree_for_inorder
        PASS [   1.357s] rust_verify_test::ProveBalBinTreeStEph balbintree_for_postorder
        PASS [   1.240s] rust_verify_test::ProveBalBinTreeStEph balbintree_inorder_spec_match
        PASS [   1.357s] rust_verify_test::ProveBalBinTreeStEph balbintree_for_preorder
        PASS [   1.263s] rust_verify_test::ProveBalBinTreeStEph balbintree_leaf_iter_exhausted
        PASS [   1.259s] rust_verify_test::ProveBalBinTreeStEph balbintree_leaf_traversals_empty
        PASS [   1.280s] rust_verify_test::ProveBalBinTreeStEph balbintree_loop_inorder
        PASS [   1.395s] rust_verify_test::ProveBalBinTreeStEph balbintree_loop_postorder
        PASS [   1.227s] rust_verify_test::ProveBalBinTreeStEph balbintree_postorder_spec_match
        PASS [   1.324s] rust_verify_test::ProveBalBinTreeStEph balbintree_loop_preorder
        PASS [   1.289s] rust_verify_test::ProveBalBinTreeStEph balbintree_preorder_spec_match
        PASS [   1.417s] rust_verify_test::ProveChap19ArraySeqMtEph chap19_arrayseqmteph_for_borrow_into
        PASS [   1.351s] rust_verify_test::ProveChap19ArraySeqMtEph chap19_arrayseqmteph_for_borrow_iter
        PASS [   1.288s] rust_verify_test::ProveChap19ArraySeqMtEph chap19_arrayseqmteph_for_consume
        PASS [   1.259s] rust_verify_test::ProveChap19ArraySeqMtEph chap19_arrayseqmteph_loop_borrow_into
        PASS [   1.255s] rust_verify_test::ProveChap19ArraySeqMtEph chap19_arrayseqmteph_loop_borrow_iter
        PASS [   1.245s] rust_verify_test::ProveChap19ArraySeqMtEph chap19_arrayseqmteph_loop_consume
        PASS [   1.269s] rust_verify_test::ProveChap19ArraySeqMtEphSlice slice_for_borrow_iter
        PASS [   1.293s] rust_verify_test::ProveChap19ArraySeqMtEphSlice slice_for_borrow_into
        PASS [   1.299s] rust_verify_test::ProveChap19ArraySeqMtEphSlice slice_iter_over_subslice
        PASS [   1.328s] rust_verify_test::ProveChap19ArraySeqMtEphSlice slice_loop_borrow_iter
        PASS [   1.406s] rust_verify_test::ProveChap19ArraySeqMtEphSlice slice_operations
        PASS [   1.312s] rust_verify_test::ProveChap19ArraySeqStEph chap19_arrayseqsteph_for_borrow_into
        PASS [   1.296s] rust_verify_test::ProveChap19ArraySeqStEph chap19_arrayseqsteph_for_borrow_iter
        PASS [   1.294s] rust_verify_test::ProveChap19ArraySeqStEph chap19_arrayseqsteph_for_consume
        PASS [   1.342s] rust_verify_test::ProveChap19ArraySeqStEph chap19_arrayseqsteph_loop_borrow_iter
        PASS [   1.282s] rust_verify_test::ProveChap19ArraySeqStEph chap19_arrayseqsteph_loop_consume
        PASS [   1.456s] rust_verify_test::ProveChap19ArraySeqStEph chap19_arrayseqsteph_loop_borrow_into
        PASS [   1.411s] rust_verify_test::ProveChap19ArraySeqStPer chap19_arrayseqstper_for_borrow_into
        PASS [   1.329s] rust_verify_test::ProveChap19ArraySeqStPer chap19_arrayseqstper_for_borrow_iter
        PASS [   1.335s] rust_verify_test::ProveChap19ArraySeqStPer chap19_arrayseqstper_for_consume
        PASS [   1.265s] rust_verify_test::ProveChap19ArraySeqStPer chap19_arrayseqstper_loop_consume
        PASS [   1.348s] rust_verify_test::ProveChap19ArraySeqStPer chap19_arrayseqstper_loop_borrow_iter
        PASS [   1.390s] rust_verify_test::ProveChap19ArraySeqStPer chap19_arrayseqstper_loop_borrow_into
        PASS [   1.337s] rust_verify_test::ProveKleeneStPer kleene_alphabet
        PASS [   1.328s] rust_verify_test::ProveKleeneStPer kleene_mem_plus
        PASS [   1.375s] rust_verify_test::ProveKleeneStPer kleene_mem_star
        PASS [   1.306s] rust_verify_test::ProveLinkedListStEph linkedliststeph_loop_loop
        PASS [   1.303s] rust_verify_test::ProveLinkedListStPer linkedliststper_for_iter
        PASS [   1.448s] rust_verify_test::ProveLinkedListStEph linkedliststeph_for_iter
        PASS [   1.360s] rust_verify_test::ProveLinkedListStPer linkedliststper_loop_loop
        PASS [   1.367s] rust_verify_test::ProveMathSeq mathseq_for_borrow_into
        PASS [   1.366s] rust_verify_test::ProveMathSeq mathseq_for_borrow_iter
        PASS [   1.400s] rust_verify_test::ProveMathSeq mathseq_loop_borrow_into
        PASS [   1.429s] rust_verify_test::ProveMathSeq mathseq_for_consume
        PASS [   1.421s] rust_verify_test::ProveMathSeq mathseq_loop_borrow_iter
        PASS [   1.304s] rust_verify_test::ProveMathSeq mathseq_loop_consume
        PASS [   1.602s] rust_verify_test::ProveOrderedTableStPer chap43_orderedtablestper_for_borrow_into
        PASS [   1.589s] rust_verify_test::ProveOrderedTableStPer chap43_orderedtablestper_for_borrow_iter
        PASS [   1.369s] rust_verify_test::ProvePrimTreeSeqStPer primtreeseq_for_borrow_iter
        PASS [   1.433s] rust_verify_test::ProvePrimTreeSeqStPer primtreeseq_for_borrow_into
        PASS [   1.621s] rust_verify_test::ProveOrderedTableStPer chap43_orderedtablestper_loop_borrow_into
        PASS [   1.661s] rust_verify_test::ProveOrderedTableStPer chap43_orderedtablestper_loop_borrow_iter
        PASS [   1.367s] rust_verify_test::ProvePrimTreeSeqStPer primtreeseq_loop_borrow_into
        PASS [   1.432s] rust_verify_test::ProvePrimTreeSeqStPer primtreeseq_for_consume
        PASS [   1.285s] rust_verify_test::ProvePrimTreeSeqStPer primtreeseq_loop_borrow_iter
        PASS [   1.294s] rust_verify_test::ProvePrimTreeSeqStPer primtreeseq_loop_consume
        PASS [   1.426s] rust_verify_test::ProveSetMtEph set_mt_eph_for_borrow_into
        PASS [   1.531s] rust_verify_test::ProveSetMtEph set_mt_eph_for_borrow_iter
        PASS [   1.405s] rust_verify_test::ProveSetMtEph set_mt_eph_loop_borrow_iter
        PASS [   1.424s] rust_verify_test::Provedeep_view_standard deep_view_standard_for_borrow_into
        PASS [   1.265s] rust_verify_test::Provedeep_view_standard deep_view_standard_for_consume
        PASS [   1.341s] rust_verify_test::Provedeep_view_standard deep_view_standard_for_borrow_iter
        PASS [   1.368s] rust_verify_test::Provedeep_view_standard deep_view_standard_loop_borrow_into
        PASS [   1.227s] rust_verify_test::Provedeep_view_standard deep_view_standard_loop_borrow_iter
        PASS [   1.196s] rust_verify_test::Provedeep_view_standard deep_view_standard_loop_consume
        PASS [   1.182s] rust_verify_test::Provedeep_view_standard deep_view_standard_simple
        PASS [   1.472s] rust_verify_test::Proveiterators_standard iterators_standard_for_borrow_into
        PASS [   1.610s] rust_verify_test::Proveiterators_standard iterators_standard_for_borrow_iter
        PASS [   1.515s] rust_verify_test::Proveiterators_standard iterators_standard_loop_borrow_into
        PASS [   1.616s] rust_verify_test::Proveiterators_standard iterators_standard_for_consume
        PASS [   1.488s] rust_verify_test::Proveiterators_standard iterators_standard_loop_consume
        PASS [   1.612s] rust_verify_test::Proveiterators_standard iterators_standard_loop_borrow_iter
        PASS [   1.464s] rust_verify_test::Provemod_standard mod_standard_for_borrow_into
        PASS [   1.762s] rust_verify_test::Provemod_standard mod_standard_for_borrow_iter
        PASS [   1.717s] rust_verify_test::Provemod_standard mod_standard_for_consume
        PASS [   1.663s] rust_verify_test::Provemod_standard mod_standard_loop_borrow_into
        PASS [   1.672s] rust_verify_test::Provemod_standard mod_standard_loop_borrow_iter
        PASS [   1.640s] rust_verify_test::Provemod_standard mod_standard_loop_consume
        PASS [   1.470s] rust_verify_test::Provetable_of_contents_standard toc_standard_for_borrow_into
        PASS [   1.410s] rust_verify_test::Provetable_of_contents_standard toc_standard_for_borrow_iter
        PASS [   1.296s] rust_verify_test::Provetable_of_contents_standard toc_standard_for_consume
        PASS [   1.291s] rust_verify_test::Provetable_of_contents_standard toc_standard_loop_borrow_into
        PASS [   1.332s] rust_verify_test::Provetable_of_contents_standard toc_standard_loop_borrow_iter
        PASS [   1.295s] rust_verify_test::Provetable_of_contents_standard toc_standard_loop_consume
        PASS [   1.230s] rust_verify_test::Proveusing_closures_standard closures_ghost_spec_fn
        PASS [   1.165s] rust_verify_test::Proveusing_closures_standard closures_inline_requires_ensures
        PASS [   1.221s] rust_verify_test::Proveusing_closures_standard closures_let_bind_ensures
        PASS [   1.234s] rust_verify_test::Proveusing_closures_standard closures_map_apply
        PASS [   1.189s] rust_verify_test::Proveview_standard view_standard_collection
        PASS [   1.287s] rust_verify_test::Proveview_standard view_standard_for_borrow_into
        PASS [   1.230s] rust_verify_test::Proveview_standard view_standard_for_borrow_iter
        PASS [   1.268s] rust_verify_test::Proveview_standard view_standard_for_consume
        PASS [   1.296s] rust_verify_test::Proveview_standard view_standard_loop_borrow_into
        PASS [   1.282s] rust_verify_test::Proveview_standard view_standard_loop_borrow_iter
        PASS [   1.248s] rust_verify_test::Proveview_standard view_standard_loop_consume
        PASS [   1.276s] rust_verify_test::Proveview_standard view_standard_simple
        PASS [   1.293s] rust_verify_test::Provewrapping_iterators_standard wrapping_for_borrow_into
        PASS [   1.311s] rust_verify_test::Provewrapping_iterators_standard wrapping_for_borrow_iter
        PASS [   1.293s] rust_verify_test::Provewrapping_iterators_standard wrapping_loop_borrow_into
        PASS [   1.328s] rust_verify_test::Provewrapping_iterators_standard wrapping_loop_borrow_iter
        PASS [   1.460s] rust_verify_test::RelationStEph relation_st_eph_for_iter
        PASS [   1.433s] rust_verify_test::RelationStEph relation_st_eph_loop_loop
        PASS [   1.525s] rust_verify_test::SetMtEph set_mt_eph_for_iter
        PASS [   1.306s] rust_verify_test::SetMtEph set_mt_eph_from_vec
        PASS [   1.345s] rust_verify_test::SetMtEph set_mt_eph_loop_loop
        PASS [   1.334s] rust_verify_test::SetStEph set_st_eph_for_iter
        PASS [   1.331s] rust_verify_test::SetStEph set_st_eph_from_vec
        PASS [   1.286s] rust_verify_test::SetStEph set_st_eph_loop_loop
        PASS [   1.146s] rust_verify_test::prove_MathSeq_iters mathseq_iter_consuming
        PASS [   1.131s] rust_verify_test::prove_MathSeq_iters mathseq_iter_nested
        PASS [   1.102s] rust_verify_test::prove_MathSeq_iters mathseq_iter_range
────────────
     Summary [  33.584s] 147 tests run: 147 passed, 0 skipped
Elapsed: 95s
