verification results:: 4435 verified, 0 errors
    Finished `release` profile [optimized] target(s) in 0.03s
────────────
 Nextest run ID 6c3a95c5-5e70-4aeb-9752-0a3853e7a947 with nextest profile: default
    Starting 145 tests across 34 binaries
        PASS [   1.169s] rust_verify_test::HashSetWithViewPlus hash_set_wvp_for_iter
        PASS [   1.173s] rust_verify_test::HashSetWithViewPlus hash_set_wvp_loop_loop
        PASS [   1.174s] rust_verify_test::HashMapWithViewPlus hash_map_wvp_for_iter
        PASS [   1.179s] rust_verify_test::HashMapWithViewPlus hash_map_wvp_loop_loop
        PASS [   1.293s] rust_verify_test::MappingStEph mapping_st_eph_loop_loop
        PASS [   1.379s] rust_verify_test::MappingStEph mapping_st_eph_for_iter
        PASS [   1.159s] rust_verify_test::ProveAVLTreeSetMtEph avltreesetmteph_loop_borrow_iter
        PASS [   1.204s] rust_verify_test::ProveAVLTreeSetMtEph avltreesetmteph_for_borrow_iter
        PASS [   1.214s] rust_verify_test::ProveArraySeq arrayseq_filter
        PASS [   1.228s] rust_verify_test::ProveAVLTreeSetMtEph avltreesetmteph_for_borrow_into
        PASS [   1.210s] rust_verify_test::ProveArraySeq arrayseq_for_iter
        PASS [   1.154s] rust_verify_test::ProveArraySeq arrayseq_iterate
        PASS [   1.172s] rust_verify_test::ProveArraySeq arrayseq_map
        PASS [   1.235s] rust_verify_test::ProveArraySeq arrayseq_iterate_prefixes
        PASS [   1.249s] rust_verify_test::ProveArraySeq arrayseq_loop_loop
        PASS [   1.332s] rust_verify_test::ProveArraySeq arrayseq_reduce
        PASS [   1.328s] rust_verify_test::ProveArraySeq arrayseq_scan
        PASS [   1.416s] rust_verify_test::ProveArraySeq arrayseq_scan_inclusive
        PASS [   1.139s] rust_verify_test::ProveArraySeq arrayseq_tabulate
        PASS [   1.317s] rust_verify_test::ProveArraySeqMtEph arrayseqmteph_for_iter
        PASS [   1.325s] rust_verify_test::ProveArraySeqMtEph arrayseqmteph_loop_loop
        PASS [   1.310s] rust_verify_test::ProveArraySeqMtPer arrayseqmtper_for_iter
        PASS [   1.252s] rust_verify_test::ProveArraySeqMtPer arrayseqmtper_loop_loop
        PASS [   1.266s] rust_verify_test::ProveArraySeqStEph arrayseqsteph_for_borrow_into
        PASS [   1.229s] rust_verify_test::ProveArraySeqStEph arrayseqsteph_for_borrow_iter
        PASS [   1.231s] rust_verify_test::ProveArraySeqStEph arrayseqsteph_for_consume
        PASS [   1.172s] rust_verify_test::ProveArraySeqStEph arrayseqsteph_loop_borrow_into
        PASS [   1.270s] rust_verify_test::ProveArraySeqStEph arrayseqsteph_loop_borrow_iter
        PASS [   1.246s] rust_verify_test::ProveArraySeqStEph arrayseqsteph_loop_consume
        PASS [   1.213s] rust_verify_test::ProveArraySeqStPer arrayseqstper_for_iter
        PASS [   1.293s] rust_verify_test::ProveArraySeqStPer arrayseqstper_loop_loop
        PASS [   1.255s] rust_verify_test::ProveBFSMtEph chap54_bfsmteph_top_down_loop
        PASS [   1.269s] rust_verify_test::ProveBFSMtEph chap54_bfsmteph_bottom_up_loop
        PASS [   1.146s] rust_verify_test::ProveBFSStEph chap54_bfssteph_top_down_loop
        PASS [   1.217s] rust_verify_test::ProveBFSStEph chap54_bfssteph_bottom_up_loop
        PASS [   1.285s] rust_verify_test::ProveBalBinTreeStEph balbintree_for_inorder
        PASS [   1.303s] rust_verify_test::ProveBalBinTreeStEph balbintree_for_postorder
        PASS [   1.212s] rust_verify_test::ProveBalBinTreeStEph balbintree_leaf_iter_exhausted
        PASS [   1.372s] rust_verify_test::ProveBalBinTreeStEph balbintree_for_preorder
        PASS [   1.248s] rust_verify_test::ProveBalBinTreeStEph balbintree_leaf_traversals_empty
        PASS [   1.443s] rust_verify_test::ProveBalBinTreeStEph balbintree_inorder_spec_match
        PASS [   1.241s] rust_verify_test::ProveBalBinTreeStEph balbintree_loop_inorder
        PASS [   1.324s] rust_verify_test::ProveBalBinTreeStEph balbintree_loop_postorder
        PASS [   1.264s] rust_verify_test::ProveBalBinTreeStEph balbintree_loop_preorder
        PASS [   1.353s] rust_verify_test::ProveBalBinTreeStEph balbintree_preorder_spec_match
        PASS [   1.378s] rust_verify_test::ProveBalBinTreeStEph balbintree_postorder_spec_match
        PASS [   1.324s] rust_verify_test::ProveChap19ArraySeqMtEph chap19_arrayseqmteph_for_borrow_into
        PASS [   1.280s] rust_verify_test::ProveChap19ArraySeqMtEph chap19_arrayseqmteph_for_borrow_iter
        PASS [   1.330s] rust_verify_test::ProveChap19ArraySeqMtEph chap19_arrayseqmteph_for_consume
        PASS [   1.267s] rust_verify_test::ProveChap19ArraySeqMtEph chap19_arrayseqmteph_loop_borrow_into
        PASS [   1.209s] rust_verify_test::ProveChap19ArraySeqMtEph chap19_arrayseqmteph_loop_borrow_iter
        PASS [   1.207s] rust_verify_test::ProveChap19ArraySeqMtEph chap19_arrayseqmteph_loop_consume
        PASS [   1.242s] rust_verify_test::ProveChap19ArraySeqMtEphSlice slice_for_borrow_into
        PASS [   1.206s] rust_verify_test::ProveChap19ArraySeqMtEphSlice slice_for_borrow_iter
        PASS [   1.178s] rust_verify_test::ProveChap19ArraySeqMtEphSlice slice_loop_borrow_iter
        PASS [   1.292s] rust_verify_test::ProveChap19ArraySeqMtEphSlice slice_iter_over_subslice
        PASS [   1.270s] rust_verify_test::ProveChap19ArraySeqMtEphSlice slice_operations
        PASS [   1.287s] rust_verify_test::ProveChap19ArraySeqStEph chap19_arrayseqsteph_for_borrow_into
        PASS [   1.227s] rust_verify_test::ProveChap19ArraySeqStEph chap19_arrayseqsteph_for_borrow_iter
        PASS [   1.223s] rust_verify_test::ProveChap19ArraySeqStEph chap19_arrayseqsteph_for_consume
        PASS [   1.220s] rust_verify_test::ProveChap19ArraySeqStEph chap19_arrayseqsteph_loop_borrow_into
        PASS [   1.224s] rust_verify_test::ProveChap19ArraySeqStEph chap19_arrayseqsteph_loop_borrow_iter
        PASS [   1.204s] rust_verify_test::ProveChap19ArraySeqStEph chap19_arrayseqsteph_loop_consume
        PASS [   1.251s] rust_verify_test::ProveChap19ArraySeqStPer chap19_arrayseqstper_for_borrow_into
        PASS [   1.254s] rust_verify_test::ProveChap19ArraySeqStPer chap19_arrayseqstper_for_borrow_iter
        PASS [   1.248s] rust_verify_test::ProveChap19ArraySeqStPer chap19_arrayseqstper_for_consume
        PASS [   1.218s] rust_verify_test::ProveChap19ArraySeqStPer chap19_arrayseqstper_loop_borrow_into
        PASS [   1.198s] rust_verify_test::ProveChap19ArraySeqStPer chap19_arrayseqstper_loop_borrow_iter
        PASS [   1.187s] rust_verify_test::ProveChap19ArraySeqStPer chap19_arrayseqstper_loop_consume
        PASS [   1.145s] rust_verify_test::ProveKleeneStPer kleene_alphabet
        PASS [   1.193s] rust_verify_test::ProveKleeneStPer kleene_mem_plus
        PASS [   1.193s] rust_verify_test::ProveKleeneStPer kleene_mem_star
        PASS [   1.217s] rust_verify_test::ProveLinkedListStEph linkedliststeph_for_iter
        PASS [   1.192s] rust_verify_test::ProveLinkedListStEph linkedliststeph_loop_loop
        PASS [   1.178s] rust_verify_test::ProveLinkedListStPer linkedliststper_loop_loop
        PASS [   1.216s] rust_verify_test::ProveLinkedListStPer linkedliststper_for_iter
        PASS [   1.217s] rust_verify_test::ProveMathSeq mathseq_for_borrow_iter
        PASS [   1.283s] rust_verify_test::ProveMathSeq mathseq_for_borrow_into
        PASS [   1.201s] rust_verify_test::ProveMathSeq mathseq_for_consume
        PASS [   1.168s] rust_verify_test::ProveMathSeq mathseq_loop_borrow_into
        PASS [   1.188s] rust_verify_test::ProveMathSeq mathseq_loop_borrow_iter
        PASS [   1.194s] rust_verify_test::ProveMathSeq mathseq_loop_consume
        PASS [   1.304s] rust_verify_test::ProveOrderedTableStPer chap43_orderedtablestper_loop_borrow_iter
        PASS [   1.346s] rust_verify_test::ProveOrderedTableStPer chap43_orderedtablestper_loop_borrow_into
        PASS [   1.196s] rust_verify_test::ProvePrimTreeSeqStPer primtreeseq_for_borrow_iter
        PASS [   1.242s] rust_verify_test::ProvePrimTreeSeqStPer primtreeseq_for_borrow_into
        PASS [   1.135s] rust_verify_test::ProvePrimTreeSeqStPer primtreeseq_loop_borrow_into
        PASS [   1.199s] rust_verify_test::ProvePrimTreeSeqStPer primtreeseq_for_consume
        PASS [   1.121s] rust_verify_test::ProvePrimTreeSeqStPer primtreeseq_loop_consume
        PASS [   1.161s] rust_verify_test::ProvePrimTreeSeqStPer primtreeseq_loop_borrow_iter
        PASS [   1.287s] rust_verify_test::ProveSetMtEph set_mt_eph_for_borrow_into
        PASS [   1.254s] rust_verify_test::ProveSetMtEph set_mt_eph_for_borrow_iter
        PASS [   1.212s] rust_verify_test::ProveSetMtEph set_mt_eph_loop_borrow_iter
        PASS [   1.247s] rust_verify_test::Provedeep_view_standard deep_view_standard_for_borrow_into
        PASS [   1.175s] rust_verify_test::Provedeep_view_standard deep_view_standard_for_borrow_iter
        PASS [   1.197s] rust_verify_test::Provedeep_view_standard deep_view_standard_for_consume
        PASS [   1.187s] rust_verify_test::Provedeep_view_standard deep_view_standard_loop_consume
        PASS [   1.123s] rust_verify_test::Provedeep_view_standard deep_view_standard_simple
        PASS [   1.213s] rust_verify_test::Provedeep_view_standard deep_view_standard_loop_borrow_into
        PASS [   1.214s] rust_verify_test::Provedeep_view_standard deep_view_standard_loop_borrow_iter
        PASS [   1.162s] rust_verify_test::Proveiterators_standard iterators_standard_for_borrow_into
        PASS [   1.172s] rust_verify_test::Proveiterators_standard iterators_standard_for_borrow_iter
        PASS [   1.144s] rust_verify_test::Proveiterators_standard iterators_standard_loop_borrow_iter
        PASS [   1.146s] rust_verify_test::Proveiterators_standard iterators_standard_loop_consume
        PASS [   1.198s] rust_verify_test::Proveiterators_standard iterators_standard_for_consume
        PASS [   1.217s] rust_verify_test::Proveiterators_standard iterators_standard_loop_borrow_into
        PASS [   1.202s] rust_verify_test::Provemod_standard mod_standard_for_borrow_iter
        PASS [   1.260s] rust_verify_test::Provemod_standard mod_standard_for_borrow_into
        PASS [   1.156s] rust_verify_test::Provemod_standard mod_standard_loop_borrow_into
        PASS [   1.151s] rust_verify_test::Provemod_standard mod_standard_loop_borrow_iter
        PASS [   1.201s] rust_verify_test::Provemod_standard mod_standard_loop_consume
        PASS [   1.313s] rust_verify_test::Provemod_standard mod_standard_for_consume
        PASS [   1.190s] rust_verify_test::Provetable_of_contents_standard toc_standard_for_borrow_into
        PASS [   1.274s] rust_verify_test::Provetable_of_contents_standard toc_standard_for_borrow_iter
        PASS [   1.185s] rust_verify_test::Provetable_of_contents_standard toc_standard_for_consume
        PASS [   1.244s] rust_verify_test::Provetable_of_contents_standard toc_standard_loop_borrow_iter
        PASS [   1.215s] rust_verify_test::Provetable_of_contents_standard toc_standard_loop_consume
        PASS [   1.152s] rust_verify_test::Proveusing_closures_standard closures_ghost_spec_fn
        PASS [   1.162s] rust_verify_test::Proveusing_closures_standard closures_inline_requires_ensures
        PASS [   1.584s] rust_verify_test::Provetable_of_contents_standard toc_standard_loop_borrow_into
        PASS [   1.218s] rust_verify_test::Proveusing_closures_standard closures_let_bind_ensures
        PASS [   1.197s] rust_verify_test::Proveusing_closures_standard closures_map_apply
        PASS [   1.231s] rust_verify_test::Proveview_standard view_standard_collection
        PASS [   1.252s] rust_verify_test::Proveview_standard view_standard_for_borrow_iter
        PASS [   1.288s] rust_verify_test::Proveview_standard view_standard_for_consume
        PASS [   1.481s] rust_verify_test::Proveview_standard view_standard_for_borrow_into
        PASS [   1.297s] rust_verify_test::Proveview_standard view_standard_loop_borrow_into
        PASS [   1.188s] rust_verify_test::Proveview_standard view_standard_loop_borrow_iter
        PASS [   1.159s] rust_verify_test::Proveview_standard view_standard_loop_consume
        PASS [   1.169s] rust_verify_test::Proveview_standard view_standard_simple
        PASS [   1.267s] rust_verify_test::Provewrapping_iterators_standard wrapping_for_borrow_into
        PASS [   1.264s] rust_verify_test::Provewrapping_iterators_standard wrapping_for_borrow_iter
        PASS [   1.265s] rust_verify_test::Provewrapping_iterators_standard wrapping_loop_borrow_into
        PASS [   1.292s] rust_verify_test::Provewrapping_iterators_standard wrapping_loop_borrow_iter
        PASS [   1.334s] rust_verify_test::RelationStEph relation_st_eph_for_iter
        PASS [   1.308s] rust_verify_test::RelationStEph relation_st_eph_loop_loop
        PASS [   1.219s] rust_verify_test::SetMtEph set_mt_eph_from_vec
        PASS [   1.331s] rust_verify_test::SetMtEph set_mt_eph_for_iter
        PASS [   1.297s] rust_verify_test::SetMtEph set_mt_eph_loop_loop
        PASS [   1.265s] rust_verify_test::SetStEph set_st_eph_from_vec
        PASS [   1.323s] rust_verify_test::SetStEph set_st_eph_for_iter
        PASS [   1.253s] rust_verify_test::SetStEph set_st_eph_loop_loop
        PASS [   1.138s] rust_verify_test::prove_MathSeq_iters mathseq_iter_consuming
        PASS [   1.153s] rust_verify_test::prove_MathSeq_iters mathseq_iter_nested
        PASS [   0.953s] rust_verify_test::prove_MathSeq_iters mathseq_iter_range
────────────
     Summary [  30.480s] 145 tests run: 145 passed, 0 skipped
Elapsed: 88s
