note: automatically chose triggers for this expression:
    --> src/Chap42/TableStEph.rs:1467:17
     |
1467 |                 assert forall|k: K::V|
     |                 ^^^^^^

note:   trigger 1 of 2:
    --> src/Chap42/TableStEph.rs:1469:29
     |
1469 |                     implies spec_entries_to_map(old_self_view).dom().contains(k)
     |                             ^^^^^^^^^^^^^^^^^^^^^^^^^^^^^^^^^^^^^^^^^^^^^^^^^^^^

note:   trigger 2 of 2:
    --> src/Chap42/TableStEph.rs:1470:29
     |
1470 |                         && !other@.dom().contains(k)
     |                             ^^^^^^^^^^^^^^^^^^^^^^^^

note: automatically chose triggers for this expression:
    --> src/Chap42/TableStEph.rs:1480:17
     |
1480 |                 assert forall|k: K::V|
     |                 ^^^^^^

note:   trigger 1 of 2:
    --> src/Chap42/TableStEph.rs:1481:21
     |
1481 |                     spec_entries_to_map(old_self_view).dom().contains(k)
     |                     ^^^^^^^^^^^^^^^^^^^^^^^^^^^^^^^^^^^^^^^^^^^^^^^^^^^^

note:   trigger 2 of 2:
    --> src/Chap42/TableStEph.rs:1482:25
     |
1482 |                     && !other@.dom().contains(k)
     |                         ^^^^^^^^^^^^^^^^^^^^^^^^

note: Verus printed one or more automatically chosen quantifier triggers
      because it had low confidence in the chosen triggers.
      To suppress these messages, do one of the following:
        (1) manually annotate a single desired trigger using #[trigger]
            (example: forall|i: int, j: int| f(i) && #[trigger] g(i) && #[trigger] h(j)),
        (2) manually annotate multiple desired triggers using #![trigger ...]
            (example: forall|i: int| #![trigger f(i)] #![trigger g(i)] f(i) && g(i)),
        (3) accept the automatically chosen trigger using #![auto]
            (example: forall|i: int, j: int| #![auto] f(i) && g(i) && h(j))
        (4) use the --triggers-mode silent command-line option to suppress all printing of triggers.
      (Note: triggers are used by the underlying SMT theorem prover to instantiate quantifiers;
      the theorem prover instantiates a quantifier whenever some expression matches the
      pattern specified by one of the quantifier's triggers.)
    --> src/Chap42/TableStEph.rs:1480:17
     |
1480 |                 assert forall|k: K::V|
     |                 ^^^^^^

verification results:: 5587 verified, 0 errors
    Finished `release` profile [optimized] target(s) in 0.02s
────────────
 Nextest run ID 3c688a01-710b-413c-88e0-425a4f647388 with nextest profile: default
    Starting 221 tests across 48 binaries
        PASS [   1.691s] rust_verify_test::HashSetWithViewPlus hash_set_wvp_loop_loop
        PASS [   1.701s] rust_verify_test::HashMapWithViewPlus hash_map_wvp_loop_loop
        PASS [   1.738s] rust_verify_test::HashSetWithViewPlus hash_set_wvp_for_iter
        PASS [   1.778s] rust_verify_test::HashMapWithViewPlus hash_map_wvp_for_iter
        PASS [   1.837s] rust_verify_test::MappingStEph mapping_st_eph_loop_loop
        PASS [   1.949s] rust_verify_test::MappingStEph mapping_st_eph_for_iter
        PASS [   1.853s] rust_verify_test::ProveAVLTreeSeq avltreeseq_loop_borrow_into
        PASS [   1.927s] rust_verify_test::ProveAVLTreeSeq avltreeseq_for_borrow_into
        PASS [   1.841s] rust_verify_test::ProveAVLTreeSeq avltreeseq_loop_borrow_iter
        PASS [   1.921s] rust_verify_test::ProveAVLTreeSeq avltreeseq_for_borrow_iter
        PASS [   1.821s] rust_verify_test::ProveAVLTreeSeqMtPer avltreeseqmtper_for_borrow_iter
        PASS [   2.040s] rust_verify_test::ProveAVLTreeSeqMtPer avltreeseqmtper_for_borrow_into
        PASS [   2.000s] rust_verify_test::ProveAVLTreeSeqStEph avltreeseqsteph_for_borrow_iter
        PASS [   2.035s] rust_verify_test::ProveAVLTreeSeqMtPer avltreeseqmtper_loop_borrow_into
        PASS [   1.916s] rust_verify_test::ProveAVLTreeSeqStEph avltreeseqsteph_loop_borrow_iter
        PASS [   2.097s] rust_verify_test::ProveAVLTreeSeqStEph avltreeseqsteph_loop_borrow_into
        PASS [   2.363s] rust_verify_test::ProveAVLTreeSeqStEph avltreeseqsteph_for_borrow_into
        PASS [   2.367s] rust_verify_test::ProveAVLTreeSeqMtPer avltreeseqmtper_loop_borrow_iter
        PASS [   1.940s] rust_verify_test::ProveAVLTreeSeqStPer avltreeseqstper_for_borrow_iter
        PASS [   2.111s] rust_verify_test::ProveAVLTreeSeqStPer avltreeseqstper_for_borrow_into
        PASS [   2.018s] rust_verify_test::ProveAVLTreeSeqStPer avltreeseqstper_loop_borrow_into
        PASS [   1.972s] rust_verify_test::ProveAVLTreeSeqStPer avltreeseqstper_loop_borrow_iter
        PASS [   2.089s] rust_verify_test::ProveAVLTreeSetMtEph avltreesetmteph_for_borrow_into
        PASS [   2.116s] rust_verify_test::ProveAVLTreeSetMtEph avltreesetmteph_for_borrow_iter
        PASS [   1.782s] rust_verify_test::ProveAVLTreeSetMtEph avltreesetmteph_loop_borrow_into
        PASS [   1.716s] rust_verify_test::ProveArraySeq arrayseq_filter
        PASS [   1.884s] rust_verify_test::ProveAVLTreeSetMtEph avltreesetmteph_loop_borrow_iter
        PASS [   1.661s] rust_verify_test::ProveArraySeq arrayseq_iterate
        PASS [   1.942s] rust_verify_test::ProveArraySeq arrayseq_for_iter
        PASS [   1.844s] rust_verify_test::ProveArraySeq arrayseq_iterate_prefixes
        PASS [   1.692s] rust_verify_test::ProveArraySeq arrayseq_loop_loop
        PASS [   1.645s] rust_verify_test::ProveArraySeq arrayseq_map
        PASS [   1.804s] rust_verify_test::ProveArraySeq arrayseq_reduce
        PASS [   1.653s] rust_verify_test::ProveArraySeq arrayseq_tabulate
        PASS [   1.968s] rust_verify_test::ProveArraySeq arrayseq_scan
        PASS [   1.985s] rust_verify_test::ProveArraySeq arrayseq_scan_inclusive
        PASS [   1.776s] rust_verify_test::ProveArraySeqMtEph arrayseqmteph_for_borrow_into
        PASS [   1.799s] rust_verify_test::ProveArraySeqMtEph arrayseqmteph_for_consume
        PASS [   1.816s] rust_verify_test::ProveArraySeqMtEph arrayseqmteph_for_iter
        PASS [   1.765s] rust_verify_test::ProveArraySeqMtEph arrayseqmteph_loop_borrow_into
        PASS [   1.801s] rust_verify_test::ProveArraySeqMtEph arrayseqmteph_loop_loop
        PASS [   1.875s] rust_verify_test::ProveArraySeqMtEph arrayseqmteph_loop_consume
        PASS [   1.807s] rust_verify_test::ProveArraySeqMtPer arrayseqmtper_for_borrow_into
        PASS [   1.712s] rust_verify_test::ProveArraySeqMtPer arrayseqmtper_for_consume
        PASS [   1.807s] rust_verify_test::ProveArraySeqMtPer arrayseqmtper_for_iter
        PASS [   1.882s] rust_verify_test::ProveArraySeqMtPer arrayseqmtper_loop_borrow_into
        PASS [   1.821s] rust_verify_test::ProveArraySeqMtPer arrayseqmtper_loop_loop
        PASS [   1.854s] rust_verify_test::ProveArraySeqMtPer arrayseqmtper_loop_consume
        PASS [   1.877s] rust_verify_test::ProveArraySeqStEph arrayseqsteph_for_borrow_into
        PASS [   1.823s] rust_verify_test::ProveArraySeqStEph arrayseqsteph_for_borrow_iter
        PASS [   1.707s] rust_verify_test::ProveArraySeqStEph arrayseqsteph_for_consume
        PASS [   1.680s] rust_verify_test::ProveArraySeqStEph arrayseqsteph_loop_borrow_into
        PASS [   1.691s] rust_verify_test::ProveArraySeqStEph arrayseqsteph_loop_borrow_iter
        PASS [   1.731s] rust_verify_test::ProveArraySeqStEph arrayseqsteph_loop_consume
        PASS [   1.758s] rust_verify_test::ProveArraySeqStPer arrayseqstper_loop_loop
        PASS [   1.857s] rust_verify_test::ProveArraySeqStPer arrayseqstper_for_iter
        PASS [   1.765s] rust_verify_test::ProveBFSMtEph chap54_bfsmteph_bottom_up_for
        PASS [   1.823s] rust_verify_test::ProveBFSMtEph chap54_bfsmteph_bottom_up_loop
        PASS [   1.832s] rust_verify_test::ProveBFSMtEph chap54_bfsmteph_top_down_for
        PASS [   1.920s] rust_verify_test::ProveBFSMtEph chap54_bfsmteph_top_down_loop
        PASS [   1.746s] rust_verify_test::ProveBFSStEph chap54_bfssteph_bottom_up_for
        PASS [   1.822s] rust_verify_test::ProveBFSStEph chap54_bfssteph_bottom_up_loop
        PASS [   1.796s] rust_verify_test::ProveBFSStEph chap54_bfssteph_top_down_for
        PASS [   1.840s] rust_verify_test::ProveBFSStEph chap54_bfssteph_top_down_loop
        PASS [   1.903s] rust_verify_test::ProveBSTSetAVLMtEph bstsetavlmteph_for_borrow_into
        PASS [   1.850s] rust_verify_test::ProveBSTSetAVLMtEph bstsetavlmteph_for_borrow_iter
        PASS [   1.873s] rust_verify_test::ProveBSTSetAVLMtEph bstsetavlmteph_for_consume
        PASS [   1.906s] rust_verify_test::ProveBSTSetAVLMtEph bstsetavlmteph_loop_borrow_into
        PASS [   2.102s] rust_verify_test::ProveBSTSetAVLMtEph bstsetavlmteph_loop_borrow_iter
        PASS [   1.969s] rust_verify_test::ProveBSTSetAVLMtEph bstsetavlmteph_loop_consume
        PASS [   1.978s] rust_verify_test::ProveBSTSetBBAlphaMtEph bstsetbbalphamteph_for_borrow_into
        PASS [   1.988s] rust_verify_test::ProveBSTSetBBAlphaMtEph bstsetbbalphamteph_for_borrow_iter
        PASS [   1.899s] rust_verify_test::ProveBSTSetBBAlphaMtEph bstsetbbalphamteph_loop_borrow_into
        PASS [   2.017s] rust_verify_test::ProveBSTSetBBAlphaMtEph bstsetbbalphamteph_loop_borrow_iter
        PASS [   1.913s] rust_verify_test::ProveBSTSetPlainMtEph bstsetplainmteph_for_borrow_into
        PASS [   1.875s] rust_verify_test::ProveBSTSetPlainMtEph bstsetplainmteph_for_borrow_iter
        PASS [   1.820s] rust_verify_test::ProveBSTSetPlainMtEph bstsetplainmteph_loop_borrow_into
        PASS [   1.993s] rust_verify_test::ProveBSTSetPlainMtEph bstsetplainmteph_loop_borrow_iter
        PASS [   1.847s] rust_verify_test::ProveBSTSetRBMtEph bstsetrbmteph_for_borrow_iter
        PASS [   2.208s] rust_verify_test::ProveBSTSetRBMtEph bstsetrbmteph_for_borrow_into
        PASS [   1.858s] rust_verify_test::ProveBSTSetRBMtEph bstsetrbmteph_for_consume
        PASS [   1.805s] rust_verify_test::ProveBSTSetRBMtEph bstsetrbmteph_loop_borrow_into
        PASS [   1.847s] rust_verify_test::ProveBSTSetRBMtEph bstsetrbmteph_loop_borrow_iter
        PASS [   2.003s] rust_verify_test::ProveBSTSetRBMtEph bstsetrbmteph_loop_consume
        PASS [   1.798s] rust_verify_test::ProveBSTSetSplayMtEph bstsetsplaymteph_for_borrow_iter
        PASS [   1.967s] rust_verify_test::ProveBSTSetSplayMtEph bstsetsplaymteph_for_borrow_into
        PASS [   1.885s] rust_verify_test::ProveBSTSetSplayMtEph bstsetsplaymteph_loop_borrow_into
        PASS [   1.990s] rust_verify_test::ProveBSTSetSplayMtEph bstsetsplaymteph_for_consume
        PASS [   1.955s] rust_verify_test::ProveBSTSetSplayMtEph bstsetsplaymteph_loop_borrow_iter
        PASS [   1.826s] rust_verify_test::ProveBSTSetSplayMtEph bstsetsplaymteph_loop_consume
        PASS [   1.819s] rust_verify_test::ProveBalBinTreeStEph balbintree_for_inorder
        PASS [   1.805s] rust_verify_test::ProveBalBinTreeStEph balbintree_inorder_spec_match
        PASS [   2.099s] rust_verify_test::ProveBalBinTreeStEph balbintree_for_postorder
        PASS [   1.957s] rust_verify_test::ProveBalBinTreeStEph balbintree_for_preorder
        PASS [   1.939s] rust_verify_test::ProveBalBinTreeStEph balbintree_leaf_iter_exhausted
        PASS [   1.826s] rust_verify_test::ProveBalBinTreeStEph balbintree_leaf_traversals_empty
        PASS [   1.770s] rust_verify_test::ProveBalBinTreeStEph balbintree_loop_inorder
        PASS [   1.714s] rust_verify_test::ProveBalBinTreeStEph balbintree_loop_preorder
        PASS [   1.849s] rust_verify_test::ProveBalBinTreeStEph balbintree_postorder_spec_match
        PASS [   2.004s] rust_verify_test::ProveBalBinTreeStEph balbintree_loop_postorder
        PASS [   1.696s] rust_verify_test::ProveBalBinTreeStEph balbintree_preorder_spec_match
        PASS [   1.849s] rust_verify_test::ProveChap19ArraySeqMtEph chap19_arrayseqmteph_for_borrow_into
        PASS [   1.868s] rust_verify_test::ProveChap19ArraySeqMtEph chap19_arrayseqmteph_for_borrow_iter
        PASS [   1.743s] rust_verify_test::ProveChap19ArraySeqMtEph chap19_arrayseqmteph_for_consume
        PASS [   1.816s] rust_verify_test::ProveChap19ArraySeqMtEph chap19_arrayseqmteph_loop_borrow_into
        PASS [   1.822s] rust_verify_test::ProveChap19ArraySeqMtEph chap19_arrayseqmteph_loop_borrow_iter
        PASS [   1.962s] rust_verify_test::ProveChap19ArraySeqMtEph chap19_arrayseqmteph_loop_consume
        PASS [   1.903s] rust_verify_test::ProveChap19ArraySeqMtEphSlice slice_for_borrow_into
        PASS [   2.041s] rust_verify_test::ProveChap19ArraySeqMtEphSlice slice_for_borrow_iter
        PASS [   1.825s] rust_verify_test::ProveChap19ArraySeqMtEphSlice slice_iter_over_subslice
        PASS [   1.719s] rust_verify_test::ProveChap19ArraySeqMtEphSlice slice_operations
        PASS [   1.901s] rust_verify_test::ProveChap19ArraySeqMtEphSlice slice_loop_borrow_iter
        PASS [   1.726s] rust_verify_test::ProveChap19ArraySeqStEph chap19_arrayseqsteph_for_borrow_into
        PASS [   1.908s] rust_verify_test::ProveChap19ArraySeqStEph chap19_arrayseqsteph_for_borrow_iter
        PASS [   1.829s] rust_verify_test::ProveChap19ArraySeqStEph chap19_arrayseqsteph_for_consume
        PASS [   1.881s] rust_verify_test::ProveChap19ArraySeqStEph chap19_arrayseqsteph_loop_borrow_into
        PASS [   1.840s] rust_verify_test::ProveChap19ArraySeqStEph chap19_arrayseqsteph_loop_borrow_iter
        PASS [   1.876s] rust_verify_test::ProveChap19ArraySeqStEph chap19_arrayseqsteph_loop_consume
        PASS [   2.123s] rust_verify_test::ProveChap19ArraySeqStPer chap19_arrayseqstper_for_borrow_into
        PASS [   1.862s] rust_verify_test::ProveChap19ArraySeqStPer chap19_arrayseqstper_for_borrow_iter
        PASS [   1.742s] rust_verify_test::ProveChap19ArraySeqStPer chap19_arrayseqstper_for_consume
        PASS [   1.748s] rust_verify_test::ProveChap19ArraySeqStPer chap19_arrayseqstper_loop_borrow_into
        PASS [   1.770s] rust_verify_test::ProveChap19ArraySeqStPer chap19_arrayseqstper_loop_borrow_iter
        PASS [   1.814s] rust_verify_test::ProveChap19ArraySeqStPer chap19_arrayseqstper_loop_consume
        PASS [   1.917s] rust_verify_test::ProveKleeneStPer kleene_alphabet
        PASS [   1.848s] rust_verify_test::ProveKleeneStPer kleene_mem_plus
        PASS [   1.923s] rust_verify_test::ProveKleeneStPer kleene_mem_star
        PASS [   1.878s] rust_verify_test::ProveLinkedListStEph linkedliststeph_for_iter
        PASS [   1.844s] rust_verify_test::ProveLinkedListStEph linkedliststeph_loop_loop
        PASS [   1.842s] rust_verify_test::ProveLinkedListStPer linkedliststper_for_iter
        PASS [   1.825s] rust_verify_test::ProveLinkedListStPer linkedliststper_loop_loop
        PASS [   1.750s] rust_verify_test::ProveMathSeq mathseq_for_borrow_into
        PASS [   1.751s] rust_verify_test::ProveMathSeq mathseq_for_consume
        PASS [   1.879s] rust_verify_test::ProveMathSeq mathseq_for_borrow_iter
        PASS [   1.790s] rust_verify_test::ProveMathSeq mathseq_loop_borrow_iter
        PASS [   2.031s] rust_verify_test::ProveMathSeq mathseq_loop_borrow_into
        PASS [   1.816s] rust_verify_test::ProveMathSeq mathseq_loop_consume
        PASS [   2.041s] rust_verify_test::ProveOrderedSetStEph chap43_orderedsetsteph_for_borrow_into
        PASS [   1.772s] rust_verify_test::ProveOrderedSetStEph chap43_orderedsetsteph_for_borrow_iter
        PASS [   1.850s] rust_verify_test::ProveOrderedSetStEph chap43_orderedsetsteph_loop_borrow_into
        PASS [   1.774s] rust_verify_test::ProveOrderedSetStEph chap43_orderedsetsteph_loop_borrow_iter
        PASS [   1.766s] rust_verify_test::ProveOrderedSetStPer chap43_orderedsetstper_for_borrow_iter
        PASS [   1.702s] rust_verify_test::ProveOrderedSetStPer chap43_orderedsetstper_loop_borrow_iter
        PASS [   1.912s] rust_verify_test::ProveOrderedTableMtEph chap43_orderedtablemteph_for_borrow_into
        PASS [   1.832s] rust_verify_test::ProveOrderedTableMtEph chap43_orderedtablemteph_for_borrow_iter
        PASS [   1.874s] rust_verify_test::ProveOrderedTableMtEph chap43_orderedtablemteph_loop_borrow_into
        PASS [   1.817s] rust_verify_test::ProveOrderedTableMtEph chap43_orderedtablemteph_loop_borrow_iter
        PASS [   1.822s] rust_verify_test::ProveOrderedTableStEph chap43_orderedtablesteph_for_borrow_into
        PASS [   1.858s] rust_verify_test::ProveOrderedTableStEph chap43_orderedtablesteph_for_borrow_iter
        PASS [   1.881s] rust_verify_test::ProveOrderedTableStEph chap43_orderedtablesteph_loop_borrow_into
        PASS [   1.783s] rust_verify_test::ProveOrderedTableStEph chap43_orderedtablesteph_loop_borrow_iter
        PASS [   1.740s] rust_verify_test::ProveOrderedTableStPer chap43_orderedtablestper_for_borrow_into
        PASS [   1.787s] rust_verify_test::ProveOrderedTableStPer chap43_orderedtablestper_for_borrow_iter
        PASS [   1.885s] rust_verify_test::ProveOrderedTableStPer chap43_orderedtablestper_loop_borrow_into
        PASS [   1.722s] rust_verify_test::ProveOrderedTableStPer chap43_orderedtablestper_loop_borrow_iter
        PASS [   1.673s] rust_verify_test::ProvePrimTreeSeqStPer primtreeseq_for_borrow_into
        PASS [   1.722s] rust_verify_test::ProvePrimTreeSeqStPer primtreeseq_for_borrow_iter
        PASS [   1.692s] rust_verify_test::ProvePrimTreeSeqStPer primtreeseq_for_consume
        PASS [   1.758s] rust_verify_test::ProvePrimTreeSeqStPer primtreeseq_loop_borrow_iter
        PASS [   1.898s] rust_verify_test::ProvePrimTreeSeqStPer primtreeseq_loop_borrow_into
        PASS [   1.808s] rust_verify_test::ProvePrimTreeSeqStPer primtreeseq_loop_consume
        PASS [   1.824s] rust_verify_test::ProveSetMtEph set_mt_eph_for_borrow_into
        PASS [   1.888s] rust_verify_test::ProveSetMtEph set_mt_eph_for_borrow_iter
        PASS [   1.875s] rust_verify_test::ProveSetMtEph set_mt_eph_loop_borrow_into
        PASS [   1.763s] rust_verify_test::ProveSetMtEph set_mt_eph_loop_borrow_iter
        PASS [   1.838s] rust_verify_test::ProveSetStEph setsteph_for_borrow_into
        PASS [   1.757s] rust_verify_test::ProveSetStEph setsteph_for_borrow_iter
        PASS [   1.754s] rust_verify_test::ProveSetStEph setsteph_loop_borrow_into
        PASS [   1.804s] rust_verify_test::ProveSetStEph setsteph_loop_borrow_iter
        PASS [   1.758s] rust_verify_test::Provedeep_view_standard deep_view_standard_for_borrow_into
        PASS [   1.660s] rust_verify_test::Provedeep_view_standard deep_view_standard_for_consume
        PASS [   1.770s] rust_verify_test::Provedeep_view_standard deep_view_standard_for_borrow_iter
        PASS [   1.746s] rust_verify_test::Provedeep_view_standard deep_view_standard_loop_borrow_into
        PASS [   1.646s] rust_verify_test::Provedeep_view_standard deep_view_standard_loop_borrow_iter
        PASS [   1.652s] rust_verify_test::Provedeep_view_standard deep_view_standard_simple
        PASS [   1.784s] rust_verify_test::Provedeep_view_standard deep_view_standard_loop_consume
        PASS [   1.764s] rust_verify_test::Proveiterators_standard iterators_standard_for_borrow_iter
        PASS [   1.832s] rust_verify_test::Proveiterators_standard iterators_standard_for_borrow_into
        PASS [   1.793s] rust_verify_test::Proveiterators_standard iterators_standard_for_consume
        PASS [   1.779s] rust_verify_test::Proveiterators_standard iterators_standard_loop_borrow_into
        PASS [   1.732s] rust_verify_test::Proveiterators_standard iterators_standard_loop_borrow_iter
        PASS [   1.916s] rust_verify_test::Proveiterators_standard iterators_standard_loop_consume
        PASS [   1.683s] rust_verify_test::Provemod_standard mod_standard_for_borrow_into
        PASS [   1.677s] rust_verify_test::Provemod_standard mod_standard_for_borrow_iter
        PASS [   1.751s] rust_verify_test::Provemod_standard mod_standard_for_consume
        PASS [   1.627s] rust_verify_test::Provemod_standard mod_standard_loop_borrow_into
        PASS [   1.657s] rust_verify_test::Provemod_standard mod_standard_loop_borrow_iter
        PASS [   1.801s] rust_verify_test::Provemod_standard mod_standard_loop_consume
        PASS [   1.683s] rust_verify_test::Provetable_of_contents_standard toc_standard_for_borrow_iter
        PASS [   1.819s] rust_verify_test::Provetable_of_contents_standard toc_standard_for_borrow_into
        PASS [   1.790s] rust_verify_test::Provetable_of_contents_standard toc_standard_for_consume
        PASS [   1.798s] rust_verify_test::Provetable_of_contents_standard toc_standard_loop_borrow_into
        PASS [   1.719s] rust_verify_test::Provetable_of_contents_standard toc_standard_loop_borrow_iter
        PASS [   1.584s] rust_verify_test::Proveusing_closures_standard closures_ghost_spec_fn
        PASS [   1.714s] rust_verify_test::Provetable_of_contents_standard toc_standard_loop_consume
        PASS [   1.773s] rust_verify_test::Proveusing_closures_standard closures_inline_requires_ensures
        PASS [   1.693s] rust_verify_test::Proveusing_closures_standard closures_let_bind_ensures
        PASS [   1.603s] rust_verify_test::Proveusing_closures_standard closures_map_apply
        PASS [   1.597s] rust_verify_test::Proveview_standard view_standard_collection
        PASS [   1.751s] rust_verify_test::Proveview_standard view_standard_for_borrow_into
        PASS [   1.711s] rust_verify_test::Proveview_standard view_standard_for_borrow_iter
        PASS [   1.697s] rust_verify_test::Proveview_standard view_standard_for_consume
        PASS [   1.980s] rust_verify_test::Proveview_standard view_standard_loop_borrow_into
        PASS [   1.893s] rust_verify_test::Proveview_standard view_standard_loop_borrow_iter
        PASS [   1.686s] rust_verify_test::Proveview_standard view_standard_loop_consume
        PASS [   1.703s] rust_verify_test::Proveview_standard view_standard_simple
        PASS [   1.880s] rust_verify_test::Provewrapping_iterators_standard wrapping_for_borrow_into
        PASS [   1.925s] rust_verify_test::Provewrapping_iterators_standard wrapping_for_borrow_iter
        PASS [   1.862s] rust_verify_test::Provewrapping_iterators_standard wrapping_loop_borrow_into
        PASS [   2.038s] rust_verify_test::Provewrapping_iterators_standard wrapping_loop_borrow_iter
        PASS [   2.266s] rust_verify_test::RelationStEph relation_st_eph_for_iter
        PASS [   1.897s] rust_verify_test::RelationStEph relation_st_eph_loop_loop
        PASS [   1.932s] rust_verify_test::SetMtEph set_mt_eph_for_iter
        PASS [   1.906s] rust_verify_test::SetMtEph set_mt_eph_from_vec
        PASS [   1.968s] rust_verify_test::SetMtEph set_mt_eph_loop_loop
        PASS [   1.929s] rust_verify_test::SetStEph set_st_eph_for_iter
        PASS [   1.774s] rust_verify_test::SetStEph set_st_eph_from_vec
        PASS [   1.614s] rust_verify_test::prove_MathSeq_iters mathseq_iter_consuming
        PASS [   1.841s] rust_verify_test::SetStEph set_st_eph_loop_loop
        PASS [   1.824s] rust_verify_test::prove_MathSeq_iters mathseq_iter_nested
        PASS [   1.656s] rust_verify_test::prove_MathSeq_iters mathseq_iter_range
────────────
     Summary [  68.515s] 221 tests run: 221 passed, 0 skipped
Elapsed: 206s
