warning: Verus does not (yet) support autoderive Clone impl when the clone is not a copy; continuing, but without adding a specification for the derived Clone impl
  --> src/Chap52/AdjTableGraphStPer.rs:55:14
   |
55 |     #[derive(Clone)]
   |              ^^^^^

warning: Verus does not (yet) support autoderive Clone impl when the clone is not a copy; continuing, but without adding a specification for the derived Clone impl
  --> src/Chap52/AdjTableGraphMtPer.rs:50:14
   |
50 |     #[derive(Clone)]
   |              ^^^^^

note: automatically chose triggers for this expression:
   --> src/Chap52/AdjTableGraphStPer.rs:327:37
    |
327 |   ...                   let j = choose|j: int| 0 <= j < i
    |  _______________________________^
328 | | ...                       && self.adj.entries@[j].0 == v;
    | |________________________________________________________^

note:   trigger 1 of 1:
   --> src/Chap52/AdjTableGraphStPer.rs:328:36
    |
328 | ...                   && self.adj.entries@[j].0 == v;
    |                          ^^^^^^^^^^^^^^^^^^^^

note: automatically chose triggers for this expression:
   --> src/Chap52/AdjTableGraphStPer.rs:323:33
    |
323 |                           implies exists|j: int| 0 <= j < i + 1
    |  _________________________________^
324 | |                             && self.adj.entries@[j].0 == v
    | |__________________________________________________________^

note:   trigger 1 of 1:
   --> src/Chap52/AdjTableGraphStPer.rs:324:32
    |
324 | ...                   && self.adj.entries@[j].0 == v
    |                          ^^^^^^^^^^^^^^^^^^^^

note: automatically chose triggers for this expression:
   --> src/Chap52/AdjTableGraphStPer.rs:301:29
    |
301 |                           ==> exists|j: int| 0 <= j < i
    |  _____________________________^
302 | |                             && self.adj.entries@[j].0 == v,
    | |__________________________________________________________^

note:   trigger 1 of 1:
   --> src/Chap52/AdjTableGraphStPer.rs:302:32
    |
302 | ...                   && self.adj.entries@[j].0 == v,
    |                          ^^^^^^^^^^^^^^^^^^^^

note: automatically chose triggers for this expression:
   --> src/Chap52/AdjTableGraphStPer.rs:344:33
    |
344 |                           let j = choose|j: int| 0 <= j < len as int
    |  _________________________________^
345 | |                             && self.adj.entries@[j].0 == v;
    | |__________________________________________________________^

note:   trigger 1 of 1:
   --> src/Chap52/AdjTableGraphStPer.rs:345:32
    |
345 | ...                   && self.adj.entries@[j].0 == v;
    |                          ^^^^^^^^^^^^^^^^^^^^

note: Verus printed one or more automatically chosen quantifier triggers
      because it had low confidence in the chosen triggers.
      To suppress these messages, do one of the following:
        (1) manually annotate a single desired trigger using #[trigger]
            (example: forall|i: int, j: int| f(i) && #[trigger] g(i) && #[trigger] h(j)),
        (2) manually annotate multiple desired triggers using #![trigger ...]
            (example: forall|i: int| #![trigger f(i)] #![trigger g(i)] f(i) && g(i)),
        (3) accept the automatically chosen trigger using #![auto]
            (example: forall|i: int, j: int| #![auto] f(i) && g(i) && h(j))
        (4) use the --triggers-mode silent command-line option to suppress all printing of triggers.
      (Note: triggers are used by the underlying SMT theorem prover to instantiate quantifiers;
      the theorem prover instantiates a quantifier whenever some expression matches the
      pattern specified by one of the quantifier's triggers.)
   --> src/Chap52/AdjTableGraphStPer.rs:344:33
    |
344 |                           let j = choose|j: int| 0 <= j < len as int
    |  _________________________________^
345 | |                             && self.adj.entries@[j].0 == v;
    | |__________________________________________________________^

verification results:: 5389 verified, 0 errors
warning: 2 warnings emitted

    Finished `release` profile [optimized] target(s) in 0.12s
────────────
 Nextest run ID 1b705d1d-87ce-4d77-bb4a-59a8a4f813b8 with nextest profile: default
    Starting 157 tests across 37 binaries
        PASS [   3.604s] rust_verify_test::HashSetWithViewPlus hash_set_wvp_loop_loop
        PASS [   3.643s] rust_verify_test::HashSetWithViewPlus hash_set_wvp_for_iter
        PASS [   3.983s] rust_verify_test::HashMapWithViewPlus hash_map_wvp_loop_loop
        PASS [   4.009s] rust_verify_test::HashMapWithViewPlus hash_map_wvp_for_iter
        PASS [   4.048s] rust_verify_test::MappingStEph mapping_st_eph_for_iter
        PASS [   4.186s] rust_verify_test::MappingStEph mapping_st_eph_loop_loop
        PASS [   3.456s] rust_verify_test::ProveAVLTreeSeq avltreeseq_for_borrow_iter
        PASS [   3.452s] rust_verify_test::ProveAVLTreeSeq avltreeseq_loop_borrow_iter
        PASS [   3.401s] rust_verify_test::ProveAVLTreeSetMtEph avltreesetmteph_for_borrow_into
        PASS [   3.212s] rust_verify_test::ProveArraySeq arrayseq_filter
        PASS [   3.480s] rust_verify_test::ProveAVLTreeSetMtEph avltreesetmteph_for_borrow_iter
        PASS [   3.499s] rust_verify_test::ProveAVLTreeSetMtEph avltreesetmteph_loop_borrow_iter
        PASS [   3.363s] rust_verify_test::ProveArraySeq arrayseq_iterate
        PASS [   3.471s] rust_verify_test::ProveArraySeq arrayseq_for_iter
        PASS [   3.156s] rust_verify_test::ProveArraySeq arrayseq_map
        PASS [   3.537s] rust_verify_test::ProveArraySeq arrayseq_iterate_prefixes
        PASS [   3.643s] rust_verify_test::ProveArraySeq arrayseq_loop_loop
        PASS [   3.802s] rust_verify_test::ProveArraySeq arrayseq_reduce
        PASS [   3.702s] rust_verify_test::ProveArraySeq arrayseq_scan_inclusive
        PASS [   3.659s] rust_verify_test::ProveArraySeq arrayseq_tabulate
        PASS [   3.438s] rust_verify_test::ProveArraySeqMtPer arrayseqmtper_for_iter
        PASS [   3.965s] rust_verify_test::ProveArraySeqMtEph arrayseqmteph_for_iter
        PASS [   4.861s] rust_verify_test::ProveArraySeq arrayseq_scan
        PASS [   4.645s] rust_verify_test::ProveArraySeqMtEph arrayseqmteph_loop_loop
        PASS [   5.768s] rust_verify_test::ProveArraySeqStEph arrayseqsteph_for_borrow_into
        PASS [   6.041s] rust_verify_test::ProveArraySeqStEph arrayseqsteph_for_consume
        PASS [   6.703s] rust_verify_test::ProveArraySeqMtPer arrayseqmtper_loop_loop
        PASS [   6.775s] rust_verify_test::ProveArraySeqStEph arrayseqsteph_for_borrow_iter
        PASS [   6.707s] rust_verify_test::ProveArraySeqStEph arrayseqsteph_loop_borrow_iter
        PASS [   7.359s] rust_verify_test::ProveArraySeqStEph arrayseqsteph_loop_borrow_into
        PASS [   5.278s] rust_verify_test::ProveArraySeqStEph arrayseqsteph_loop_consume
        PASS [   4.606s] rust_verify_test::ProveArraySeqStPer arrayseqstper_for_iter
        PASS [   4.771s] rust_verify_test::ProveArraySeqStPer arrayseqstper_loop_loop
        PASS [   4.895s] rust_verify_test::ProveBFSMtEph chap54_bfsmteph_bottom_up_loop
        PASS [   3.848s] rust_verify_test::ProveBFSStEph chap54_bfssteph_bottom_up_loop
        PASS [   4.186s] rust_verify_test::ProveBFSMtEph chap54_bfsmteph_top_down_loop
        PASS [   3.228s] rust_verify_test::ProveBFSStEph chap54_bfssteph_top_down_loop
        PASS [   3.584s] rust_verify_test::ProveBalBinTreeStEph balbintree_for_inorder
        PASS [   3.614s] rust_verify_test::ProveBalBinTreeStEph balbintree_for_postorder
        PASS [   3.190s] rust_verify_test::ProveBalBinTreeStEph balbintree_for_preorder
        PASS [   3.159s] rust_verify_test::ProveBalBinTreeStEph balbintree_leaf_iter_exhausted
        PASS [   3.246s] rust_verify_test::ProveBalBinTreeStEph balbintree_inorder_spec_match
        PASS [   2.476s] rust_verify_test::ProveBalBinTreeStEph balbintree_leaf_traversals_empty
        PASS [   1.981s] rust_verify_test::ProveBalBinTreeStEph balbintree_loop_inorder
        PASS [   1.869s] rust_verify_test::ProveBalBinTreeStEph balbintree_loop_postorder
        PASS [   1.571s] rust_verify_test::ProveBalBinTreeStEph balbintree_postorder_spec_match
        PASS [   1.694s] rust_verify_test::ProveBalBinTreeStEph balbintree_loop_preorder
        PASS [   1.797s] rust_verify_test::ProveBalBinTreeStEph balbintree_preorder_spec_match
        PASS [   1.635s] rust_verify_test::ProveChap19ArraySeqMtEph chap19_arrayseqmteph_for_borrow_into
        PASS [   1.636s] rust_verify_test::ProveChap19ArraySeqMtEph chap19_arrayseqmteph_loop_borrow_into
        PASS [   1.847s] rust_verify_test::ProveChap19ArraySeqMtEph chap19_arrayseqmteph_for_borrow_iter
        PASS [   1.987s] rust_verify_test::ProveChap19ArraySeqMtEph chap19_arrayseqmteph_for_consume
        PASS [   1.896s] rust_verify_test::ProveChap19ArraySeqMtEph chap19_arrayseqmteph_loop_borrow_iter
        PASS [   1.669s] rust_verify_test::ProveChap19ArraySeqMtEph chap19_arrayseqmteph_loop_consume
        PASS [   1.603s] rust_verify_test::ProveChap19ArraySeqMtEphSlice slice_for_borrow_into
        PASS [   1.788s] rust_verify_test::ProveChap19ArraySeqMtEphSlice slice_for_borrow_iter
        PASS [   1.564s] rust_verify_test::ProveChap19ArraySeqMtEphSlice slice_operations
        PASS [   1.713s] rust_verify_test::ProveChap19ArraySeqStEph chap19_arrayseqsteph_for_borrow_into
        PASS [   1.779s] rust_verify_test::ProveChap19ArraySeqMtEphSlice slice_loop_borrow_iter
        PASS [   2.095s] rust_verify_test::ProveChap19ArraySeqMtEphSlice slice_iter_over_subslice
        PASS [   1.640s] rust_verify_test::ProveChap19ArraySeqStEph chap19_arrayseqsteph_for_borrow_iter
        PASS [   1.622s] rust_verify_test::ProveChap19ArraySeqStEph chap19_arrayseqsteph_for_consume
        PASS [   1.611s] rust_verify_test::ProveChap19ArraySeqStEph chap19_arrayseqsteph_loop_consume
        PASS [   1.627s] rust_verify_test::ProveChap19ArraySeqStEph chap19_arrayseqsteph_loop_borrow_iter
        PASS [   1.918s] rust_verify_test::ProveChap19ArraySeqStEph chap19_arrayseqsteph_loop_borrow_into
        PASS [   1.835s] rust_verify_test::ProveChap19ArraySeqStPer chap19_arrayseqstper_for_borrow_into
        PASS [   1.692s] rust_verify_test::ProveChap19ArraySeqStPer chap19_arrayseqstper_for_consume
        PASS [   2.208s] rust_verify_test::ProveChap19ArraySeqStPer chap19_arrayseqstper_for_borrow_iter
        PASS [   1.663s] rust_verify_test::ProveChap19ArraySeqStPer chap19_arrayseqstper_loop_consume
        PASS [   1.854s] rust_verify_test::ProveChap19ArraySeqStPer chap19_arrayseqstper_loop_borrow_into
        PASS [   1.932s] rust_verify_test::ProveChap19ArraySeqStPer chap19_arrayseqstper_loop_borrow_iter
        PASS [   2.038s] rust_verify_test::ProveKleeneStPer kleene_alphabet
        PASS [   1.896s] rust_verify_test::ProveKleeneStPer kleene_mem_plus
        PASS [   1.740s] rust_verify_test::ProveLinkedListStEph linkedliststeph_loop_loop
        PASS [   2.083s] rust_verify_test::ProveKleeneStPer kleene_mem_star
        PASS [   1.954s] rust_verify_test::ProveLinkedListStEph linkedliststeph_for_iter
        PASS [   2.039s] rust_verify_test::ProveLinkedListStPer linkedliststper_for_iter
        PASS [   1.688s] rust_verify_test::ProveLinkedListStPer linkedliststper_loop_loop
        PASS [   1.732s] rust_verify_test::ProveMathSeq mathseq_for_consume
        PASS [   2.030s] rust_verify_test::ProveMathSeq mathseq_for_borrow_into
        PASS [   1.919s] rust_verify_test::ProveMathSeq mathseq_for_borrow_iter
        PASS [   1.835s] rust_verify_test::ProveMathSeq mathseq_loop_borrow_into
        PASS [   1.691s] rust_verify_test::ProveMathSeq mathseq_loop_consume
        PASS [   2.113s] rust_verify_test::ProveMathSeq mathseq_loop_borrow_iter
        PASS [   1.944s] rust_verify_test::ProveOrderedSetStEph chap43_orderedsetsteph_for_borrow_into
        PASS [   1.846s] rust_verify_test::ProveOrderedSetStEph chap43_orderedsetsteph_loop_borrow_into
        PASS [   1.987s] rust_verify_test::ProveOrderedSetStEph chap43_orderedsetsteph_for_borrow_iter
        PASS [   1.899s] rust_verify_test::ProveOrderedTableStEph chap43_orderedtablesteph_for_borrow_into
        PASS [   2.108s] rust_verify_test::ProveOrderedSetStEph chap43_orderedsetsteph_loop_borrow_iter
        PASS [   1.796s] rust_verify_test::ProveOrderedTableStEph chap43_orderedtablesteph_for_borrow_iter
        PASS [   2.021s] rust_verify_test::ProveOrderedTableStEph chap43_orderedtablesteph_loop_borrow_iter
        PASS [   2.076s] rust_verify_test::ProveOrderedTableStPer chap43_orderedtablestper_for_borrow_into
        PASS [   2.231s] rust_verify_test::ProveOrderedTableStEph chap43_orderedtablesteph_loop_borrow_into
        PASS [   1.881s] rust_verify_test::ProveOrderedTableStPer chap43_orderedtablestper_loop_borrow_into
        PASS [   2.115s] rust_verify_test::ProveOrderedTableStPer chap43_orderedtablestper_for_borrow_iter
        PASS [   1.922s] rust_verify_test::ProveOrderedTableStPer chap43_orderedtablestper_loop_borrow_iter
        PASS [   1.939s] rust_verify_test::ProvePrimTreeSeqStPer primtreeseq_for_borrow_into
        PASS [   1.878s] rust_verify_test::ProvePrimTreeSeqStPer primtreeseq_for_borrow_iter
        PASS [   1.780s] rust_verify_test::ProvePrimTreeSeqStPer primtreeseq_loop_borrow_into
        PASS [   1.938s] rust_verify_test::ProvePrimTreeSeqStPer primtreeseq_for_consume
        PASS [   1.715s] rust_verify_test::ProvePrimTreeSeqStPer primtreeseq_loop_consume
        PASS [   1.966s] rust_verify_test::ProvePrimTreeSeqStPer primtreeseq_loop_borrow_iter
        PASS [   1.781s] rust_verify_test::ProveSetMtEph set_mt_eph_loop_borrow_iter
        PASS [   1.738s] rust_verify_test::Provedeep_view_standard deep_view_standard_for_borrow_iter
        PASS [   1.933s] rust_verify_test::ProveSetMtEph set_mt_eph_for_borrow_iter
        PASS [   2.040s] rust_verify_test::Provedeep_view_standard deep_view_standard_for_borrow_into
        PASS [   2.275s] rust_verify_test::ProveSetMtEph set_mt_eph_for_borrow_into
        PASS [   1.914s] rust_verify_test::Provedeep_view_standard deep_view_standard_for_consume
        PASS [   1.822s] rust_verify_test::Provedeep_view_standard deep_view_standard_loop_borrow_into
        PASS [   1.753s] rust_verify_test::Provedeep_view_standard deep_view_standard_loop_consume
        PASS [   1.792s] rust_verify_test::Provedeep_view_standard deep_view_standard_loop_borrow_iter
        PASS [   1.699s] rust_verify_test::Proveiterators_standard iterators_standard_for_borrow_into
        PASS [   1.914s] rust_verify_test::Provedeep_view_standard deep_view_standard_simple
        PASS [   1.962s] rust_verify_test::Proveiterators_standard iterators_standard_for_borrow_iter
        PASS [   1.587s] rust_verify_test::Proveiterators_standard iterators_standard_for_consume
        PASS [   1.754s] rust_verify_test::Proveiterators_standard iterators_standard_loop_borrow_into
        PASS [   1.820s] rust_verify_test::Proveiterators_standard iterators_standard_loop_borrow_iter
        PASS [   1.628s] rust_verify_test::Proveiterators_standard iterators_standard_loop_consume
        PASS [   1.562s] rust_verify_test::Provemod_standard mod_standard_for_borrow_into
        PASS [   1.641s] rust_verify_test::Provemod_standard mod_standard_for_borrow_iter
        PASS [   1.557s] rust_verify_test::Provemod_standard mod_standard_for_consume
        PASS [   1.731s] rust_verify_test::Provemod_standard mod_standard_loop_borrow_into
        PASS [   1.711s] rust_verify_test::Provemod_standard mod_standard_loop_consume
        PASS [   1.676s] rust_verify_test::Provetable_of_contents_standard toc_standard_for_borrow_into
        PASS [   1.881s] rust_verify_test::Provemod_standard mod_standard_loop_borrow_iter
        PASS [   1.564s] rust_verify_test::Provetable_of_contents_standard toc_standard_for_borrow_iter
        PASS [   1.641s] rust_verify_test::Provetable_of_contents_standard toc_standard_for_consume
        PASS [   1.823s] rust_verify_test::Provetable_of_contents_standard toc_standard_loop_borrow_into
        PASS [   1.612s] rust_verify_test::Proveusing_closures_standard closures_inline_requires_ensures
        PASS [   1.672s] rust_verify_test::Proveusing_closures_standard closures_ghost_spec_fn
        PASS [   1.808s] rust_verify_test::Provetable_of_contents_standard toc_standard_loop_borrow_iter
        PASS [   1.761s] rust_verify_test::Provetable_of_contents_standard toc_standard_loop_consume
        PASS [   1.459s] rust_verify_test::Proveusing_closures_standard closures_let_bind_ensures
        PASS [   1.567s] rust_verify_test::Proveview_standard view_standard_collection
        PASS [   1.657s] rust_verify_test::Proveusing_closures_standard closures_map_apply
        PASS [   1.668s] rust_verify_test::Proveview_standard view_standard_for_consume
        PASS [   1.759s] rust_verify_test::Proveview_standard view_standard_for_borrow_iter
        PASS [   2.148s] rust_verify_test::Proveview_standard view_standard_for_borrow_into
        PASS [   1.748s] rust_verify_test::Proveview_standard view_standard_loop_borrow_into
        PASS [   1.692s] rust_verify_test::Proveview_standard view_standard_loop_borrow_iter
        PASS [   1.569s] rust_verify_test::Proveview_standard view_standard_simple
        PASS [   1.753s] rust_verify_test::Proveview_standard view_standard_loop_consume
        PASS [   1.656s] rust_verify_test::Provewrapping_iterators_standard wrapping_for_borrow_into
        PASS [   1.845s] rust_verify_test::Provewrapping_iterators_standard wrapping_for_borrow_iter
        PASS [   1.531s] rust_verify_test::Provewrapping_iterators_standard wrapping_loop_borrow_into
        PASS [   1.555s] rust_verify_test::Provewrapping_iterators_standard wrapping_loop_borrow_iter
        PASS [   1.771s] rust_verify_test::RelationStEph relation_st_eph_loop_loop
        PASS [   1.884s] rust_verify_test::RelationStEph relation_st_eph_for_iter
        PASS [   1.731s] rust_verify_test::SetMtEph set_mt_eph_for_iter
        PASS [   1.734s] rust_verify_test::SetMtEph set_mt_eph_loop_loop
        PASS [   1.819s] rust_verify_test::SetMtEph set_mt_eph_from_vec
        PASS [   1.496s] rust_verify_test::prove_MathSeq_iters mathseq_iter_consuming
        PASS [   1.908s] rust_verify_test::SetStEph set_st_eph_for_iter
        PASS [   1.607s] rust_verify_test::SetStEph set_st_eph_loop_loop
        PASS [   1.754s] rust_verify_test::SetStEph set_st_eph_from_vec
        PASS [   1.459s] rust_verify_test::prove_MathSeq_iters mathseq_iter_range
        PASS [   1.518s] rust_verify_test::prove_MathSeq_iters mathseq_iter_nested
────────────
     Summary [  64.321s] 157 tests run: 157 passed, 0 skipped
Elapsed: 228s
