verification results:: 4416 verified, 0 errors
    Finished `release` profile [optimized] target(s) in 0.02s
────────────
 Nextest run ID c44db1c8-a517-4967-8c26-eb787a97b7a0 with nextest profile: default
    Starting 147 tests across 34 binaries
        PASS [   1.296s] rust_verify_test::HashMapWithViewPlus hash_map_wvp_for_iter
        PASS [   1.296s] rust_verify_test::HashSetWithViewPlus hash_set_wvp_for_iter
        PASS [   1.327s] rust_verify_test::HashMapWithViewPlus hash_map_wvp_loop_loop
        PASS [   1.328s] rust_verify_test::HashSetWithViewPlus hash_set_wvp_loop_loop
        PASS [   1.412s] rust_verify_test::MappingStEph mapping_st_eph_loop_loop
        PASS [   1.452s] rust_verify_test::MappingStEph mapping_st_eph_for_iter
        PASS [   1.342s] rust_verify_test::ProveAVLTreeSetMtEph avltreesetmteph_for_borrow_into
        PASS [   1.345s] rust_verify_test::ProveArraySeq arrayseq_filter
        PASS [   1.350s] rust_verify_test::ProveAVLTreeSetMtEph avltreesetmteph_loop_borrow_iter
        PASS [   1.387s] rust_verify_test::ProveAVLTreeSetMtEph avltreesetmteph_for_borrow_iter
        PASS [   1.255s] rust_verify_test::ProveArraySeq arrayseq_iterate
        PASS [   1.391s] rust_verify_test::ProveArraySeq arrayseq_for_iter
        PASS [   1.221s] rust_verify_test::ProveArraySeq arrayseq_map
        PASS [   1.276s] rust_verify_test::ProveArraySeq arrayseq_iterate_prefixes
        PASS [   1.330s] rust_verify_test::ProveArraySeq arrayseq_loop_loop
        PASS [   1.362s] rust_verify_test::ProveArraySeq arrayseq_reduce
        PASS [   1.407s] rust_verify_test::ProveArraySeq arrayseq_scan
        PASS [   1.387s] rust_verify_test::ProveArraySeq arrayseq_scan_inclusive
        PASS [   1.134s] rust_verify_test::ProveArraySeq arrayseq_tabulate
        PASS [   1.328s] rust_verify_test::ProveArraySeqMtEph arrayseqmteph_for_iter
        PASS [   1.258s] rust_verify_test::ProveArraySeqMtEph arrayseqmteph_loop_loop
        PASS [   1.294s] rust_verify_test::ProveArraySeqMtPer arrayseqmtper_for_iter
        PASS [   1.268s] rust_verify_test::ProveArraySeqMtPer arrayseqmtper_loop_loop
        PASS [   1.284s] rust_verify_test::ProveArraySeqStEph arrayseqsteph_for_borrow_into
        PASS [   1.355s] rust_verify_test::ProveArraySeqStEph arrayseqsteph_for_borrow_iter
        PASS [   1.277s] rust_verify_test::ProveArraySeqStEph arrayseqsteph_for_consume
        PASS [   1.340s] rust_verify_test::ProveArraySeqStEph arrayseqsteph_loop_borrow_into
        PASS [   1.275s] rust_verify_test::ProveArraySeqStEph arrayseqsteph_loop_borrow_iter
        PASS [   1.316s] rust_verify_test::ProveArraySeqStEph arrayseqsteph_loop_consume
        PASS [   1.298s] rust_verify_test::ProveArraySeqStPer arrayseqstper_for_iter
        PASS [   1.334s] rust_verify_test::ProveArraySeqStPer arrayseqstper_loop_loop
        PASS [   1.255s] rust_verify_test::ProveBFSMtEph chap54_bfsmteph_bottom_up_loop
        PASS [   1.218s] rust_verify_test::ProveBFSMtEph chap54_bfsmteph_top_down_loop
        PASS [   1.215s] rust_verify_test::ProveBFSStEph chap54_bfssteph_bottom_up_loop
        PASS [   1.235s] rust_verify_test::ProveBFSStEph chap54_bfssteph_top_down_loop
        PASS [   1.290s] rust_verify_test::ProveBalBinTreeStEph balbintree_for_inorder
        PASS [   1.222s] rust_verify_test::ProveBalBinTreeStEph balbintree_inorder_spec_match
        PASS [   1.220s] rust_verify_test::ProveBalBinTreeStEph balbintree_leaf_iter_exhausted
        PASS [   1.335s] rust_verify_test::ProveBalBinTreeStEph balbintree_for_postorder
        PASS [   1.342s] rust_verify_test::ProveBalBinTreeStEph balbintree_for_preorder
        PASS [   1.194s] rust_verify_test::ProveBalBinTreeStEph balbintree_leaf_traversals_empty
        PASS [   1.333s] rust_verify_test::ProveBalBinTreeStEph balbintree_loop_inorder
        PASS [   1.202s] rust_verify_test::ProveBalBinTreeStEph balbintree_postorder_spec_match
        PASS [   1.275s] rust_verify_test::ProveBalBinTreeStEph balbintree_preorder_spec_match
        PASS [   1.350s] rust_verify_test::ProveBalBinTreeStEph balbintree_loop_preorder
        PASS [   1.381s] rust_verify_test::ProveBalBinTreeStEph balbintree_loop_postorder
        PASS [   1.297s] rust_verify_test::ProveChap19ArraySeqMtEph chap19_arrayseqmteph_for_borrow_into
        PASS [   1.289s] rust_verify_test::ProveChap19ArraySeqMtEph chap19_arrayseqmteph_for_borrow_iter
        PASS [   1.337s] rust_verify_test::ProveChap19ArraySeqMtEph chap19_arrayseqmteph_for_consume
        PASS [   1.268s] rust_verify_test::ProveChap19ArraySeqMtEph chap19_arrayseqmteph_loop_borrow_iter
        PASS [   1.284s] rust_verify_test::ProveChap19ArraySeqMtEph chap19_arrayseqmteph_loop_borrow_into
        PASS [   1.301s] rust_verify_test::ProveChap19ArraySeqMtEphSlice slice_for_borrow_into
        PASS [   1.322s] rust_verify_test::ProveChap19ArraySeqMtEph chap19_arrayseqmteph_loop_consume
        PASS [   1.274s] rust_verify_test::ProveChap19ArraySeqMtEphSlice slice_for_borrow_iter
        PASS [   1.335s] rust_verify_test::ProveChap19ArraySeqMtEphSlice slice_iter_over_subslice
        PASS [   1.286s] rust_verify_test::ProveChap19ArraySeqMtEphSlice slice_loop_borrow_iter
        PASS [   1.318s] rust_verify_test::ProveChap19ArraySeqMtEphSlice slice_operations
        PASS [   1.328s] rust_verify_test::ProveChap19ArraySeqStEph chap19_arrayseqsteph_for_borrow_into
        PASS [   1.333s] rust_verify_test::ProveChap19ArraySeqStEph chap19_arrayseqsteph_for_borrow_iter
        PASS [   1.325s] rust_verify_test::ProveChap19ArraySeqStEph chap19_arrayseqsteph_for_consume
        PASS [   1.283s] rust_verify_test::ProveChap19ArraySeqStEph chap19_arrayseqsteph_loop_borrow_into
        PASS [   1.281s] rust_verify_test::ProveChap19ArraySeqStEph chap19_arrayseqsteph_loop_consume
        PASS [   1.323s] rust_verify_test::ProveChap19ArraySeqStEph chap19_arrayseqsteph_loop_borrow_iter
        PASS [   1.353s] rust_verify_test::ProveChap19ArraySeqStPer chap19_arrayseqstper_for_borrow_into
        PASS [   1.375s] rust_verify_test::ProveChap19ArraySeqStPer chap19_arrayseqstper_for_borrow_iter
        PASS [   1.320s] rust_verify_test::ProveChap19ArraySeqStPer chap19_arrayseqstper_for_consume
        PASS [   1.323s] rust_verify_test::ProveChap19ArraySeqStPer chap19_arrayseqstper_loop_borrow_into
        PASS [   1.289s] rust_verify_test::ProveChap19ArraySeqStPer chap19_arrayseqstper_loop_borrow_iter
        PASS [   1.326s] rust_verify_test::ProveChap19ArraySeqStPer chap19_arrayseqstper_loop_consume
        PASS [   1.263s] rust_verify_test::ProveKleeneStPer kleene_alphabet
        PASS [   1.332s] rust_verify_test::ProveKleeneStPer kleene_mem_plus
        PASS [   1.277s] rust_verify_test::ProveKleeneStPer kleene_mem_star
        PASS [   1.275s] rust_verify_test::ProveLinkedListStEph linkedliststeph_loop_loop
        PASS [   1.370s] rust_verify_test::ProveLinkedListStEph linkedliststeph_for_iter
        PASS [   1.380s] rust_verify_test::ProveLinkedListStPer linkedliststper_for_iter
        PASS [   1.325s] rust_verify_test::ProveLinkedListStPer linkedliststper_loop_loop
        PASS [   1.289s] rust_verify_test::ProveMathSeq mathseq_for_borrow_into
        PASS [   1.331s] rust_verify_test::ProveMathSeq mathseq_for_borrow_iter
        PASS [   1.374s] rust_verify_test::ProveMathSeq mathseq_for_consume
        PASS [   1.291s] rust_verify_test::ProveMathSeq mathseq_loop_borrow_iter
        PASS [   1.368s] rust_verify_test::ProveMathSeq mathseq_loop_borrow_into
        PASS [   1.303s] rust_verify_test::ProveMathSeq mathseq_loop_consume
        PASS [   1.493s] rust_verify_test::ProveOrderedTableStPer chap43_orderedtablestper_for_borrow_into
        PASS [   1.407s] rust_verify_test::ProveOrderedTableStPer chap43_orderedtablestper_for_borrow_iter
        PASS [   1.263s] rust_verify_test::ProvePrimTreeSeqStPer primtreeseq_for_borrow_into
        PASS [   1.330s] rust_verify_test::ProvePrimTreeSeqStPer primtreeseq_for_borrow_iter
        PASS [   1.268s] rust_verify_test::ProvePrimTreeSeqStPer primtreeseq_for_consume
        PASS [   1.639s] rust_verify_test::ProveOrderedTableStPer chap43_orderedtablestper_loop_borrow_into
        PASS [   1.598s] rust_verify_test::ProveOrderedTableStPer chap43_orderedtablestper_loop_borrow_iter
        PASS [   1.281s] rust_verify_test::ProvePrimTreeSeqStPer primtreeseq_loop_borrow_into
        PASS [   1.201s] rust_verify_test::ProvePrimTreeSeqStPer primtreeseq_loop_borrow_iter
        PASS [   1.267s] rust_verify_test::ProvePrimTreeSeqStPer primtreeseq_loop_consume
        PASS [   1.290s] rust_verify_test::ProveSetMtEph set_mt_eph_loop_borrow_iter
        PASS [   1.266s] rust_verify_test::Provedeep_view_standard deep_view_standard_for_borrow_into
        PASS [   1.359s] rust_verify_test::ProveSetMtEph set_mt_eph_for_borrow_iter
        PASS [   1.381s] rust_verify_test::ProveSetMtEph set_mt_eph_for_borrow_into
        PASS [   1.185s] rust_verify_test::Provedeep_view_standard deep_view_standard_for_borrow_iter
        PASS [   1.202s] rust_verify_test::Provedeep_view_standard deep_view_standard_for_consume
        PASS [   1.220s] rust_verify_test::Provedeep_view_standard deep_view_standard_simple
        PASS [   1.296s] rust_verify_test::Provedeep_view_standard deep_view_standard_loop_borrow_iter
        PASS [   1.346s] rust_verify_test::Provedeep_view_standard deep_view_standard_loop_borrow_into
        PASS [   1.335s] rust_verify_test::Provedeep_view_standard deep_view_standard_loop_consume
        PASS [   1.342s] rust_verify_test::Proveiterators_standard iterators_standard_for_borrow_into
        PASS [   1.250s] rust_verify_test::Proveiterators_standard iterators_standard_for_borrow_iter
        PASS [   1.328s] rust_verify_test::Proveiterators_standard iterators_standard_for_consume
        PASS [   1.315s] rust_verify_test::Proveiterators_standard iterators_standard_loop_borrow_into
        PASS [   1.256s] rust_verify_test::Proveiterators_standard iterators_standard_loop_consume
        PASS [   1.333s] rust_verify_test::Proveiterators_standard iterators_standard_loop_borrow_iter
        PASS [   1.351s] rust_verify_test::Provemod_standard mod_standard_for_borrow_into
        PASS [   1.413s] rust_verify_test::Provemod_standard mod_standard_for_borrow_iter
        PASS [   1.303s] rust_verify_test::Provemod_standard mod_standard_for_consume
        PASS [   1.266s] rust_verify_test::Provemod_standard mod_standard_loop_borrow_iter
        PASS [   1.333s] rust_verify_test::Provemod_standard mod_standard_loop_borrow_into
        PASS [   1.280s] rust_verify_test::Provemod_standard mod_standard_loop_consume
        PASS [   1.361s] rust_verify_test::Provetable_of_contents_standard toc_standard_for_borrow_into
        PASS [   1.325s] rust_verify_test::Provetable_of_contents_standard toc_standard_for_borrow_iter
        PASS [   1.193s] rust_verify_test::Provetable_of_contents_standard toc_standard_loop_consume
        PASS [   1.233s] rust_verify_test::Provetable_of_contents_standard toc_standard_loop_borrow_iter
        PASS [   1.276s] rust_verify_test::Provetable_of_contents_standard toc_standard_loop_borrow_into
        PASS [   1.387s] rust_verify_test::Provetable_of_contents_standard toc_standard_for_consume
        PASS [   1.299s] rust_verify_test::Proveusing_closures_standard closures_ghost_spec_fn
        PASS [   1.274s] rust_verify_test::Proveusing_closures_standard closures_inline_requires_ensures
        PASS [   1.352s] rust_verify_test::Proveusing_closures_standard closures_let_bind_ensures
        PASS [   1.384s] rust_verify_test::Proveview_standard view_standard_collection
        PASS [   1.390s] rust_verify_test::Proveusing_closures_standard closures_map_apply
        PASS [   1.378s] rust_verify_test::Proveview_standard view_standard_for_borrow_into
        PASS [   1.310s] rust_verify_test::Proveview_standard view_standard_for_borrow_iter
        PASS [   1.364s] rust_verify_test::Proveview_standard view_standard_for_consume
        PASS [   1.275s] rust_verify_test::Proveview_standard view_standard_loop_borrow_into
        PASS [   1.316s] rust_verify_test::Proveview_standard view_standard_loop_consume
        PASS [   1.220s] rust_verify_test::Proveview_standard view_standard_simple
        PASS [   1.351s] rust_verify_test::Proveview_standard view_standard_loop_borrow_iter
        PASS [   1.276s] rust_verify_test::Provewrapping_iterators_standard wrapping_for_borrow_into
        PASS [   1.290s] rust_verify_test::Provewrapping_iterators_standard wrapping_for_borrow_iter
        PASS [   1.286s] rust_verify_test::Provewrapping_iterators_standard wrapping_loop_borrow_into
        PASS [   1.220s] rust_verify_test::Provewrapping_iterators_standard wrapping_loop_borrow_iter
        PASS [   1.357s] rust_verify_test::RelationStEph relation_st_eph_loop_loop
        PASS [   1.461s] rust_verify_test::RelationStEph relation_st_eph_for_iter
        PASS [   1.380s] rust_verify_test::SetMtEph set_mt_eph_for_iter
        PASS [   1.355s] rust_verify_test::SetMtEph set_mt_eph_from_vec
        PASS [   1.332s] rust_verify_test::SetMtEph set_mt_eph_loop_loop
        PASS [   1.407s] rust_verify_test::SetStEph set_st_eph_for_iter
        PASS [   1.283s] rust_verify_test::SetStEph set_st_eph_from_vec
        PASS [   1.313s] rust_verify_test::SetStEph set_st_eph_loop_loop
        PASS [   1.091s] rust_verify_test::prove_MathSeq_iters mathseq_iter_consuming
        PASS [   1.094s] rust_verify_test::prove_MathSeq_iters mathseq_iter_nested
        PASS [   1.066s] rust_verify_test::prove_MathSeq_iters mathseq_iter_range
────────────
     Summary [  32.626s] 147 tests run: 147 passed, 0 skipped
Elapsed: 92s
