verification results:: 4446 verified, 0 errors
    Finished `release` profile [optimized] target(s) in 0.03s
────────────
 Nextest run ID a7d5fe64-38fe-4719-a30d-a7a8049f6e4c with nextest profile: default
    Starting 145 tests across 34 binaries
        PASS [   1.455s] rust_verify_test::HashSetWithViewPlus hash_set_wvp_for_iter
        PASS [   1.521s] rust_verify_test::HashMapWithViewPlus hash_map_wvp_for_iter
        PASS [   1.581s] rust_verify_test::HashMapWithViewPlus hash_map_wvp_loop_loop
        PASS [   1.594s] rust_verify_test::HashSetWithViewPlus hash_set_wvp_loop_loop
        PASS [   1.652s] rust_verify_test::MappingStEph mapping_st_eph_loop_loop
        PASS [   1.680s] rust_verify_test::MappingStEph mapping_st_eph_for_iter
        PASS [   1.430s] rust_verify_test::ProveAVLTreeSetMtEph avltreesetmteph_for_borrow_into
        PASS [   1.391s] rust_verify_test::ProveArraySeq arrayseq_filter
        PASS [   1.479s] rust_verify_test::ProveAVLTreeSetMtEph avltreesetmteph_for_borrow_iter
        PASS [   1.435s] rust_verify_test::ProveAVLTreeSetMtEph avltreesetmteph_loop_borrow_iter
        PASS [   1.445s] rust_verify_test::ProveArraySeq arrayseq_iterate
        PASS [   1.630s] rust_verify_test::ProveArraySeq arrayseq_for_iter
        PASS [   1.379s] rust_verify_test::ProveArraySeq arrayseq_iterate_prefixes
        PASS [   1.462s] rust_verify_test::ProveArraySeq arrayseq_loop_loop
        PASS [   1.460s] rust_verify_test::ProveArraySeq arrayseq_map
        PASS [   1.562s] rust_verify_test::ProveArraySeq arrayseq_reduce
        PASS [   1.693s] rust_verify_test::ProveArraySeq arrayseq_scan
        PASS [   1.568s] rust_verify_test::ProveArraySeq arrayseq_scan_inclusive
        PASS [   1.339s] rust_verify_test::ProveArraySeq arrayseq_tabulate
        PASS [   1.403s] rust_verify_test::ProveArraySeqMtEph arrayseqmteph_for_iter
        PASS [   1.466s] rust_verify_test::ProveArraySeqMtEph arrayseqmteph_loop_loop
        PASS [   1.495s] rust_verify_test::ProveArraySeqMtPer arrayseqmtper_for_iter
        PASS [   1.406s] rust_verify_test::ProveArraySeqStEph arrayseqsteph_for_borrow_into
        PASS [   1.443s] rust_verify_test::ProveArraySeqMtPer arrayseqmtper_loop_loop
        PASS [   1.599s] rust_verify_test::ProveArraySeqStEph arrayseqsteph_for_borrow_iter
        PASS [   1.482s] rust_verify_test::ProveArraySeqStEph arrayseqsteph_loop_borrow_into
        PASS [   1.563s] rust_verify_test::ProveArraySeqStEph arrayseqsteph_for_consume
        PASS [   1.460s] rust_verify_test::ProveArraySeqStEph arrayseqsteph_loop_borrow_iter
        PASS [   1.403s] rust_verify_test::ProveArraySeqStEph arrayseqsteph_loop_consume
        PASS [   1.599s] rust_verify_test::ProveArraySeqStPer arrayseqstper_for_iter
        PASS [   1.551s] rust_verify_test::ProveArraySeqStPer arrayseqstper_loop_loop
        PASS [   1.405s] rust_verify_test::ProveBFSMtEph chap54_bfsmteph_bottom_up_loop
        PASS [   1.465s] rust_verify_test::ProveBFSMtEph chap54_bfsmteph_top_down_loop
        PASS [   1.362s] rust_verify_test::ProveBFSStEph chap54_bfssteph_bottom_up_loop
        PASS [   1.465s] rust_verify_test::ProveBFSStEph chap54_bfssteph_top_down_loop
        PASS [   1.514s] rust_verify_test::ProveBalBinTreeStEph balbintree_for_inorder
        PASS [   1.503s] rust_verify_test::ProveBalBinTreeStEph balbintree_for_postorder
        PASS [   1.467s] rust_verify_test::ProveBalBinTreeStEph balbintree_for_preorder
        PASS [   1.393s] rust_verify_test::ProveBalBinTreeStEph balbintree_leaf_iter_exhausted
        PASS [   1.417s] rust_verify_test::ProveBalBinTreeStEph balbintree_inorder_spec_match
        PASS [   1.395s] rust_verify_test::ProveBalBinTreeStEph balbintree_leaf_traversals_empty
        PASS [   1.441s] rust_verify_test::ProveBalBinTreeStEph balbintree_loop_inorder
        PASS [   1.381s] rust_verify_test::ProveBalBinTreeStEph balbintree_preorder_spec_match
        PASS [   1.404s] rust_verify_test::ProveBalBinTreeStEph balbintree_postorder_spec_match
        PASS [   1.441s] rust_verify_test::ProveBalBinTreeStEph balbintree_loop_preorder
        PASS [   1.536s] rust_verify_test::ProveBalBinTreeStEph balbintree_loop_postorder
        PASS [   1.427s] rust_verify_test::ProveChap19ArraySeqMtEph chap19_arrayseqmteph_for_borrow_into
        PASS [   1.537s] rust_verify_test::ProveChap19ArraySeqMtEph chap19_arrayseqmteph_for_borrow_iter
        PASS [   1.456s] rust_verify_test::ProveChap19ArraySeqMtEph chap19_arrayseqmteph_for_consume
        PASS [   1.459s] rust_verify_test::ProveChap19ArraySeqMtEph chap19_arrayseqmteph_loop_borrow_into
        PASS [   1.477s] rust_verify_test::ProveChap19ArraySeqMtEph chap19_arrayseqmteph_loop_borrow_iter
        PASS [   1.421s] rust_verify_test::ProveChap19ArraySeqMtEph chap19_arrayseqmteph_loop_consume
        PASS [   1.410s] rust_verify_test::ProveChap19ArraySeqMtEphSlice slice_for_borrow_into
        PASS [   1.423s] rust_verify_test::ProveChap19ArraySeqMtEphSlice slice_for_borrow_iter
        PASS [   1.470s] rust_verify_test::ProveChap19ArraySeqMtEphSlice slice_loop_borrow_iter
        PASS [   1.527s] rust_verify_test::ProveChap19ArraySeqMtEphSlice slice_iter_over_subslice
        PASS [   1.474s] rust_verify_test::ProveChap19ArraySeqMtEphSlice slice_operations
        PASS [   1.463s] rust_verify_test::ProveChap19ArraySeqStEph chap19_arrayseqsteph_for_borrow_into
        PASS [   1.445s] rust_verify_test::ProveChap19ArraySeqStEph chap19_arrayseqsteph_for_borrow_iter
        PASS [   1.411s] rust_verify_test::ProveChap19ArraySeqStEph chap19_arrayseqsteph_for_consume
        PASS [   1.442s] rust_verify_test::ProveChap19ArraySeqStEph chap19_arrayseqsteph_loop_borrow_into
        PASS [   1.427s] rust_verify_test::ProveChap19ArraySeqStEph chap19_arrayseqsteph_loop_consume
        PASS [   1.465s] rust_verify_test::ProveChap19ArraySeqStEph chap19_arrayseqsteph_loop_borrow_iter
        PASS [   1.573s] rust_verify_test::ProveChap19ArraySeqStPer chap19_arrayseqstper_for_borrow_into
        PASS [   1.531s] rust_verify_test::ProveChap19ArraySeqStPer chap19_arrayseqstper_for_borrow_iter
        PASS [   1.427s] rust_verify_test::ProveChap19ArraySeqStPer chap19_arrayseqstper_for_consume
        PASS [   1.474s] rust_verify_test::ProveChap19ArraySeqStPer chap19_arrayseqstper_loop_borrow_into
        PASS [   1.439s] rust_verify_test::ProveChap19ArraySeqStPer chap19_arrayseqstper_loop_consume
        PASS [   1.486s] rust_verify_test::ProveChap19ArraySeqStPer chap19_arrayseqstper_loop_borrow_iter
        PASS [   1.356s] rust_verify_test::ProveKleeneStPer kleene_alphabet
        PASS [   1.392s] rust_verify_test::ProveKleeneStPer kleene_mem_plus
        PASS [   1.407s] rust_verify_test::ProveKleeneStPer kleene_mem_star
        PASS [   1.416s] rust_verify_test::ProveLinkedListStEph linkedliststeph_for_iter
        PASS [   1.438s] rust_verify_test::ProveLinkedListStPer linkedliststper_for_iter
        PASS [   1.530s] rust_verify_test::ProveLinkedListStEph linkedliststeph_loop_loop
        PASS [   1.503s] rust_verify_test::ProveLinkedListStPer linkedliststper_loop_loop
        PASS [   1.479s] rust_verify_test::ProveMathSeq mathseq_for_borrow_into
        PASS [   1.495s] rust_verify_test::ProveMathSeq mathseq_for_borrow_iter
        PASS [   1.413s] rust_verify_test::ProveMathSeq mathseq_for_consume
        PASS [   1.397s] rust_verify_test::ProveMathSeq mathseq_loop_borrow_into
        PASS [   1.376s] rust_verify_test::ProveMathSeq mathseq_loop_borrow_iter
        PASS [   1.383s] rust_verify_test::ProveMathSeq mathseq_loop_consume
        PASS [   1.540s] rust_verify_test::ProveOrderedTableStPer chap43_orderedtablestper_loop_borrow_into
        PASS [   1.506s] rust_verify_test::ProveOrderedTableStPer chap43_orderedtablestper_loop_borrow_iter
        PASS [   1.432s] rust_verify_test::ProvePrimTreeSeqStPer primtreeseq_for_borrow_into
        PASS [   1.422s] rust_verify_test::ProvePrimTreeSeqStPer primtreeseq_for_borrow_iter
        PASS [   1.401s] rust_verify_test::ProvePrimTreeSeqStPer primtreeseq_loop_borrow_into
        PASS [   1.445s] rust_verify_test::ProvePrimTreeSeqStPer primtreeseq_for_consume
        PASS [   1.367s] rust_verify_test::ProvePrimTreeSeqStPer primtreeseq_loop_borrow_iter
        PASS [   1.333s] rust_verify_test::ProvePrimTreeSeqStPer primtreeseq_loop_consume
        PASS [   1.507s] rust_verify_test::ProveSetMtEph set_mt_eph_for_borrow_into
        PASS [   1.434s] rust_verify_test::ProveSetMtEph set_mt_eph_loop_borrow_iter
        PASS [   1.444s] rust_verify_test::Provedeep_view_standard deep_view_standard_for_borrow_into
        PASS [   1.633s] rust_verify_test::ProveSetMtEph set_mt_eph_for_borrow_iter
        PASS [   1.453s] rust_verify_test::Provedeep_view_standard deep_view_standard_for_borrow_iter
        PASS [   1.357s] rust_verify_test::Provedeep_view_standard deep_view_standard_for_consume
        PASS [   1.426s] rust_verify_test::Provedeep_view_standard deep_view_standard_loop_borrow_into
        PASS [   1.332s] rust_verify_test::Provedeep_view_standard deep_view_standard_simple
        PASS [   1.450s] rust_verify_test::Provedeep_view_standard deep_view_standard_loop_consume
        PASS [   1.494s] rust_verify_test::Provedeep_view_standard deep_view_standard_loop_borrow_iter
        PASS [   1.320s] rust_verify_test::Proveiterators_standard iterators_standard_for_borrow_into
        PASS [   1.466s] rust_verify_test::Proveiterators_standard iterators_standard_for_borrow_iter
        PASS [   1.395s] rust_verify_test::Proveiterators_standard iterators_standard_for_consume
        PASS [   1.369s] rust_verify_test::Proveiterators_standard iterators_standard_loop_borrow_iter
        PASS [   1.397s] rust_verify_test::Proveiterators_standard iterators_standard_loop_borrow_into
        PASS [   1.460s] rust_verify_test::Proveiterators_standard iterators_standard_loop_consume
        PASS [   1.442s] rust_verify_test::Provemod_standard mod_standard_for_borrow_into
        PASS [   1.376s] rust_verify_test::Provemod_standard mod_standard_for_borrow_iter
        PASS [   1.430s] rust_verify_test::Provemod_standard mod_standard_for_consume
        PASS [   1.357s] rust_verify_test::Provemod_standard mod_standard_loop_borrow_iter
        PASS [   1.384s] rust_verify_test::Provemod_standard mod_standard_loop_borrow_into
        PASS [   1.465s] rust_verify_test::Provemod_standard mod_standard_loop_consume
        PASS [   1.438s] rust_verify_test::Provetable_of_contents_standard toc_standard_for_borrow_into
        PASS [   1.393s] rust_verify_test::Provetable_of_contents_standard toc_standard_for_borrow_iter
        PASS [   1.330s] rust_verify_test::Provetable_of_contents_standard toc_standard_loop_borrow_into
        PASS [   1.390s] rust_verify_test::Provetable_of_contents_standard toc_standard_loop_borrow_iter
        PASS [   1.463s] rust_verify_test::Provetable_of_contents_standard toc_standard_for_consume
        PASS [   1.333s] rust_verify_test::Provetable_of_contents_standard toc_standard_loop_consume
        PASS [   1.356s] rust_verify_test::Proveusing_closures_standard closures_ghost_spec_fn
        PASS [   1.333s] rust_verify_test::Proveusing_closures_standard closures_inline_requires_ensures
        PASS [   1.354s] rust_verify_test::Proveusing_closures_standard closures_let_bind_ensures
        PASS [   1.392s] rust_verify_test::Proveusing_closures_standard closures_map_apply
        PASS [   1.338s] rust_verify_test::Proveview_standard view_standard_collection
        PASS [   1.378s] rust_verify_test::Proveview_standard view_standard_for_borrow_into
        PASS [   1.504s] rust_verify_test::Proveview_standard view_standard_for_borrow_iter
        PASS [   1.361s] rust_verify_test::Proveview_standard view_standard_for_consume
        PASS [   1.333s] rust_verify_test::Proveview_standard view_standard_loop_borrow_into
        PASS [   1.372s] rust_verify_test::Proveview_standard view_standard_loop_borrow_iter
        PASS [   1.373s] rust_verify_test::Proveview_standard view_standard_loop_consume
        PASS [   1.287s] rust_verify_test::Proveview_standard view_standard_simple
        PASS [   1.308s] rust_verify_test::Provewrapping_iterators_standard wrapping_for_borrow_into
        PASS [   1.329s] rust_verify_test::Provewrapping_iterators_standard wrapping_for_borrow_iter
        PASS [   1.444s] rust_verify_test::Provewrapping_iterators_standard wrapping_loop_borrow_into
        PASS [   1.398s] rust_verify_test::Provewrapping_iterators_standard wrapping_loop_borrow_iter
        PASS [   1.419s] rust_verify_test::RelationStEph relation_st_eph_loop_loop
        PASS [   1.489s] rust_verify_test::RelationStEph relation_st_eph_for_iter
        PASS [   1.484s] rust_verify_test::SetMtEph set_mt_eph_for_iter
        PASS [   1.457s] rust_verify_test::SetMtEph set_mt_eph_from_vec
        PASS [   1.396s] rust_verify_test::SetStEph set_st_eph_from_vec
        PASS [   1.564s] rust_verify_test::SetMtEph set_mt_eph_loop_loop
        PASS [   1.566s] rust_verify_test::SetStEph set_st_eph_for_iter
        PASS [   1.328s] rust_verify_test::prove_MathSeq_iters mathseq_iter_consuming
        PASS [   1.535s] rust_verify_test::SetStEph set_st_eph_loop_loop
        PASS [   1.336s] rust_verify_test::prove_MathSeq_iters mathseq_iter_nested
        PASS [   1.038s] rust_verify_test::prove_MathSeq_iters mathseq_iter_range
────────────
     Summary [  35.601s] 145 tests run: 145 passed, 0 skipped
Elapsed: 109s
