verification results:: 5592 verified, 0 errors
    Finished `release` profile [optimized] target(s) in 0.03s
────────────
 Nextest run ID 9cd2df09-d577-40d0-bd4b-40ff1f2dfe3e with nextest profile: default
    Starting 221 tests across 48 binaries
        PASS [   1.612s] rust_verify_test::HashSetWithViewPlus hash_set_wvp_for_iter
        PASS [   1.619s] rust_verify_test::HashMapWithViewPlus hash_map_wvp_for_iter
        PASS [   1.655s] rust_verify_test::HashSetWithViewPlus hash_set_wvp_loop_loop
        PASS [   1.705s] rust_verify_test::HashMapWithViewPlus hash_map_wvp_loop_loop
        PASS [   1.839s] rust_verify_test::MappingStEph mapping_st_eph_loop_loop
        PASS [   2.155s] rust_verify_test::MappingStEph mapping_st_eph_for_iter
        PASS [   1.692s] rust_verify_test::ProveAVLTreeSeq avltreeseq_for_borrow_into
        PASS [   1.705s] rust_verify_test::ProveAVLTreeSeq avltreeseq_for_borrow_iter
        PASS [   1.736s] rust_verify_test::ProveAVLTreeSeq avltreeseq_loop_borrow_into
        PASS [   1.741s] rust_verify_test::ProveAVLTreeSeqMtPer avltreeseqmtper_for_borrow_into
        PASS [   2.034s] rust_verify_test::ProveAVLTreeSeq avltreeseq_loop_borrow_iter
        PASS [   1.653s] rust_verify_test::ProveAVLTreeSeqMtPer avltreeseqmtper_for_borrow_iter
        PASS [   1.680s] rust_verify_test::ProveAVLTreeSeqMtPer avltreeseqmtper_loop_borrow_iter
        PASS [   1.719s] rust_verify_test::ProveAVLTreeSeqMtPer avltreeseqmtper_loop_borrow_into
        PASS [   1.650s] rust_verify_test::ProveAVLTreeSeqStEph avltreeseqsteph_for_borrow_into
        PASS [   1.685s] rust_verify_test::ProveAVLTreeSeqStEph avltreeseqsteph_loop_borrow_into
        PASS [   1.955s] rust_verify_test::ProveAVLTreeSeqStEph avltreeseqsteph_for_borrow_iter
        PASS [   1.773s] rust_verify_test::ProveAVLTreeSeqStEph avltreeseqsteph_loop_borrow_iter
        PASS [   1.691s] rust_verify_test::ProveAVLTreeSeqStPer avltreeseqstper_for_borrow_into
        PASS [   1.732s] rust_verify_test::ProveAVLTreeSeqStPer avltreeseqstper_loop_borrow_into
        PASS [   1.842s] rust_verify_test::ProveAVLTreeSeqStPer avltreeseqstper_for_borrow_iter
        PASS [   1.629s] rust_verify_test::ProveAVLTreeSeqStPer avltreeseqstper_loop_borrow_iter
        PASS [   1.608s] rust_verify_test::ProveAVLTreeSetMtEph avltreesetmteph_for_borrow_into
        PASS [   1.628s] rust_verify_test::ProveAVLTreeSetMtEph avltreesetmteph_for_borrow_iter
        PASS [   1.579s] rust_verify_test::ProveAVLTreeSetMtEph avltreesetmteph_loop_borrow_into
        PASS [   1.518s] rust_verify_test::ProveArraySeq arrayseq_filter
        PASS [   1.641s] rust_verify_test::ProveAVLTreeSetMtEph avltreesetmteph_loop_borrow_iter
        PASS [   1.546s] rust_verify_test::ProveArraySeq arrayseq_iterate
        PASS [   1.582s] rust_verify_test::ProveArraySeq arrayseq_iterate_prefixes
        PASS [   1.851s] rust_verify_test::ProveArraySeq arrayseq_for_iter
        PASS [   1.450s] rust_verify_test::ProveArraySeq arrayseq_map
        PASS [   1.587s] rust_verify_test::ProveArraySeq arrayseq_loop_loop
        PASS [   1.786s] rust_verify_test::ProveArraySeq arrayseq_reduce
        PASS [   1.798s] rust_verify_test::ProveArraySeq arrayseq_scan
        PASS [   1.720s] rust_verify_test::ProveArraySeq arrayseq_scan_inclusive
        PASS [   1.624s] rust_verify_test::ProveArraySeq arrayseq_tabulate
        PASS [   1.570s] rust_verify_test::ProveArraySeqMtEph arrayseqmteph_for_consume
        PASS [   1.707s] rust_verify_test::ProveArraySeqMtEph arrayseqmteph_for_borrow_into
        PASS [   1.717s] rust_verify_test::ProveArraySeqMtEph arrayseqmteph_for_iter
        PASS [   1.624s] rust_verify_test::ProveArraySeqMtEph arrayseqmteph_loop_borrow_into
        PASS [   1.626s] rust_verify_test::ProveArraySeqMtEph arrayseqmteph_loop_consume
        PASS [   1.675s] rust_verify_test::ProveArraySeqMtEph arrayseqmteph_loop_loop
        PASS [   1.639s] rust_verify_test::ProveArraySeqMtPer arrayseqmtper_for_consume
        PASS [   1.904s] rust_verify_test::ProveArraySeqMtPer arrayseqmtper_for_borrow_into
        PASS [   1.672s] rust_verify_test::ProveArraySeqMtPer arrayseqmtper_for_iter
        PASS [   1.612s] rust_verify_test::ProveArraySeqMtPer arrayseqmtper_loop_borrow_into
        PASS [   1.616s] rust_verify_test::ProveArraySeqMtPer arrayseqmtper_loop_loop
        PASS [   1.715s] rust_verify_test::ProveArraySeqMtPer arrayseqmtper_loop_consume
        PASS [   1.819s] rust_verify_test::ProveArraySeqStEph arrayseqsteph_for_borrow_into
        PASS [   1.675s] rust_verify_test::ProveArraySeqStEph arrayseqsteph_for_borrow_iter
        PASS [   1.550s] rust_verify_test::ProveArraySeqStEph arrayseqsteph_for_consume
        PASS [   1.567s] rust_verify_test::ProveArraySeqStEph arrayseqsteph_loop_consume
        PASS [   1.708s] rust_verify_test::ProveArraySeqStEph arrayseqsteph_loop_borrow_into
        PASS [   1.613s] rust_verify_test::ProveArraySeqStEph arrayseqsteph_loop_borrow_iter
        PASS [   1.760s] rust_verify_test::ProveArraySeqStPer arrayseqstper_loop_loop
        PASS [   1.897s] rust_verify_test::ProveArraySeqStPer arrayseqstper_for_iter
        PASS [   1.929s] rust_verify_test::ProveBFSMtEph chap54_bfsmteph_bottom_up_for
        PASS [   1.747s] rust_verify_test::ProveBFSMtEph chap54_bfsmteph_bottom_up_loop
        PASS [   1.755s] rust_verify_test::ProveBFSMtEph chap54_bfsmteph_top_down_for
        PASS [   1.832s] rust_verify_test::ProveBFSMtEph chap54_bfsmteph_top_down_loop
        PASS [   1.725s] rust_verify_test::ProveBFSStEph chap54_bfssteph_bottom_up_for
        PASS [   1.761s] rust_verify_test::ProveBFSStEph chap54_bfssteph_bottom_up_loop
        PASS [   1.765s] rust_verify_test::ProveBFSStEph chap54_bfssteph_top_down_for
        PASS [   1.747s] rust_verify_test::ProveBFSStEph chap54_bfssteph_top_down_loop
        PASS [   1.768s] rust_verify_test::ProveBSTSetAVLMtEph bstsetavlmteph_for_borrow_into
        PASS [   1.866s] rust_verify_test::ProveBSTSetAVLMtEph bstsetavlmteph_for_borrow_iter
        PASS [   1.878s] rust_verify_test::ProveBSTSetAVLMtEph bstsetavlmteph_for_consume
        PASS [   2.004s] rust_verify_test::ProveBSTSetAVLMtEph bstsetavlmteph_loop_borrow_iter
        PASS [   2.014s] rust_verify_test::ProveBSTSetAVLMtEph bstsetavlmteph_loop_consume
        PASS [   2.338s] rust_verify_test::ProveBSTSetAVLMtEph bstsetavlmteph_loop_borrow_into
        PASS [   2.198s] rust_verify_test::ProveBSTSetBBAlphaMtEph bstsetbbalphamteph_for_borrow_into
        PASS [   2.023s] rust_verify_test::ProveBSTSetBBAlphaMtEph bstsetbbalphamteph_for_borrow_iter
        PASS [   1.926s] rust_verify_test::ProveBSTSetBBAlphaMtEph bstsetbbalphamteph_loop_borrow_into
        PASS [   1.890s] rust_verify_test::ProveBSTSetBBAlphaMtEph bstsetbbalphamteph_loop_borrow_iter
        PASS [   1.942s] rust_verify_test::ProveBSTSetPlainMtEph bstsetplainmteph_for_borrow_iter
        PASS [   2.081s] rust_verify_test::ProveBSTSetPlainMtEph bstsetplainmteph_for_borrow_into
        PASS [   1.957s] rust_verify_test::ProveBSTSetPlainMtEph bstsetplainmteph_loop_borrow_iter
        PASS [   2.036s] rust_verify_test::ProveBSTSetPlainMtEph bstsetplainmteph_loop_borrow_into
        PASS [   2.055s] rust_verify_test::ProveBSTSetRBMtEph bstsetrbmteph_for_borrow_into
        PASS [   2.091s] rust_verify_test::ProveBSTSetRBMtEph bstsetrbmteph_for_consume
        PASS [   1.934s] rust_verify_test::ProveBSTSetRBMtEph bstsetrbmteph_loop_borrow_iter
        PASS [   2.076s] rust_verify_test::ProveBSTSetRBMtEph bstsetrbmteph_loop_borrow_into
        PASS [   2.372s] rust_verify_test::ProveBSTSetRBMtEph bstsetrbmteph_for_borrow_iter
        PASS [   1.991s] rust_verify_test::ProveBSTSetRBMtEph bstsetrbmteph_loop_consume
        PASS [   1.865s] rust_verify_test::ProveBSTSetSplayMtEph bstsetsplaymteph_for_borrow_into
        PASS [   1.642s] rust_verify_test::ProveBSTSetSplayMtEph bstsetsplaymteph_loop_borrow_into
        PASS [   1.764s] rust_verify_test::ProveBSTSetSplayMtEph bstsetsplaymteph_for_borrow_iter
        PASS [   1.757s] rust_verify_test::ProveBSTSetSplayMtEph bstsetsplaymteph_for_consume
        PASS [   1.747s] rust_verify_test::ProveBSTSetSplayMtEph bstsetsplaymteph_loop_borrow_iter
        PASS [   1.715s] rust_verify_test::ProveBSTSetSplayMtEph bstsetsplaymteph_loop_consume
        PASS [   1.616s] rust_verify_test::ProveBalBinTreeStEph balbintree_for_inorder
        PASS [   1.594s] rust_verify_test::ProveBalBinTreeStEph balbintree_inorder_spec_match
        PASS [   1.590s] rust_verify_test::ProveBalBinTreeStEph balbintree_leaf_iter_exhausted
        PASS [   1.658s] rust_verify_test::ProveBalBinTreeStEph balbintree_for_preorder
        PASS [   1.565s] rust_verify_test::ProveBalBinTreeStEph balbintree_leaf_traversals_empty
        PASS [   1.768s] rust_verify_test::ProveBalBinTreeStEph balbintree_for_postorder
        PASS [   1.583s] rust_verify_test::ProveBalBinTreeStEph balbintree_loop_inorder
        PASS [   1.621s] rust_verify_test::ProveBalBinTreeStEph balbintree_postorder_spec_match
        PASS [   1.640s] rust_verify_test::ProveBalBinTreeStEph balbintree_preorder_spec_match
        PASS [   1.841s] rust_verify_test::ProveBalBinTreeStEph balbintree_loop_postorder
        PASS [   1.804s] rust_verify_test::ProveBalBinTreeStEph balbintree_loop_preorder
        PASS [   1.778s] rust_verify_test::ProveChap19ArraySeqMtEph chap19_arrayseqmteph_for_borrow_into
        PASS [   1.758s] rust_verify_test::ProveChap19ArraySeqMtEph chap19_arrayseqmteph_for_borrow_iter
        PASS [   1.748s] rust_verify_test::ProveChap19ArraySeqMtEph chap19_arrayseqmteph_for_consume
        PASS [   1.834s] rust_verify_test::ProveChap19ArraySeqMtEph chap19_arrayseqmteph_loop_borrow_into
        PASS [   1.782s] rust_verify_test::ProveChap19ArraySeqMtEph chap19_arrayseqmteph_loop_consume
        PASS [   1.755s] rust_verify_test::ProveChap19ArraySeqMtEphSlice slice_for_borrow_into
        PASS [   1.811s] rust_verify_test::ProveChap19ArraySeqMtEph chap19_arrayseqmteph_loop_borrow_iter
        PASS [   1.679s] rust_verify_test::ProveChap19ArraySeqMtEphSlice slice_for_borrow_iter
        PASS [   1.606s] rust_verify_test::ProveChap19ArraySeqMtEphSlice slice_iter_over_subslice
        PASS [   1.708s] rust_verify_test::ProveChap19ArraySeqMtEphSlice slice_loop_borrow_iter
        PASS [   1.612s] rust_verify_test::ProveChap19ArraySeqStEph chap19_arrayseqsteph_for_borrow_into
        PASS [   1.612s] rust_verify_test::ProveChap19ArraySeqStEph chap19_arrayseqsteph_for_borrow_iter
        PASS [   1.653s] rust_verify_test::ProveChap19ArraySeqMtEphSlice slice_operations
        PASS [   1.533s] rust_verify_test::ProveChap19ArraySeqStEph chap19_arrayseqsteph_for_consume
        PASS [   1.702s] rust_verify_test::ProveChap19ArraySeqStEph chap19_arrayseqsteph_loop_borrow_into
        PASS [   1.597s] rust_verify_test::ProveChap19ArraySeqStEph chap19_arrayseqsteph_loop_borrow_iter
        PASS [   1.695s] rust_verify_test::ProveChap19ArraySeqStEph chap19_arrayseqsteph_loop_consume
        PASS [   1.688s] rust_verify_test::ProveChap19ArraySeqStPer chap19_arrayseqstper_for_borrow_into
        PASS [   1.696s] rust_verify_test::ProveChap19ArraySeqStPer chap19_arrayseqstper_for_borrow_iter
        PASS [   1.650s] rust_verify_test::ProveChap19ArraySeqStPer chap19_arrayseqstper_for_consume
        PASS [   1.564s] rust_verify_test::ProveChap19ArraySeqStPer chap19_arrayseqstper_loop_borrow_into
        PASS [   1.563s] rust_verify_test::ProveChap19ArraySeqStPer chap19_arrayseqstper_loop_borrow_iter
        PASS [   1.492s] rust_verify_test::ProveKleeneStPer kleene_alphabet
        PASS [   1.564s] rust_verify_test::ProveChap19ArraySeqStPer chap19_arrayseqstper_loop_consume
        PASS [   1.624s] rust_verify_test::ProveKleeneStPer kleene_mem_plus
        PASS [   1.488s] rust_verify_test::ProveKleeneStPer kleene_mem_star
        PASS [   1.610s] rust_verify_test::ProveLinkedListStEph linkedliststeph_for_iter
        PASS [   1.574s] rust_verify_test::ProveLinkedListStEph linkedliststeph_loop_loop
        PASS [   1.631s] rust_verify_test::ProveLinkedListStPer linkedliststper_for_iter
        PASS [   1.667s] rust_verify_test::ProveLinkedListStPer linkedliststper_loop_loop
        PASS [   1.640s] rust_verify_test::ProveMathSeq mathseq_for_borrow_into
        PASS [   1.641s] rust_verify_test::ProveMathSeq mathseq_for_borrow_iter
        PASS [   1.589s] rust_verify_test::ProveMathSeq mathseq_for_consume
        PASS [   1.539s] rust_verify_test::ProveMathSeq mathseq_loop_borrow_into
        PASS [   1.540s] rust_verify_test::ProveMathSeq mathseq_loop_borrow_iter
        PASS [   1.568s] rust_verify_test::ProveMathSeq mathseq_loop_consume
        PASS [   1.613s] rust_verify_test::ProveOrderedSetStEph chap43_orderedsetsteph_for_borrow_into
        PASS [   1.581s] rust_verify_test::ProveOrderedSetStEph chap43_orderedsetsteph_for_borrow_iter
        PASS [   1.637s] rust_verify_test::ProveOrderedSetStEph chap43_orderedsetsteph_loop_borrow_into
        PASS [   1.643s] rust_verify_test::ProveOrderedSetStEph chap43_orderedsetsteph_loop_borrow_iter
        PASS [   1.711s] rust_verify_test::ProveOrderedSetStPer chap43_orderedsetstper_for_borrow_iter
        PASS [   1.667s] rust_verify_test::ProveOrderedSetStPer chap43_orderedsetstper_loop_borrow_iter
        PASS [   1.759s] rust_verify_test::ProveOrderedTableMtEph chap43_orderedtablemteph_for_borrow_into
        PASS [   1.800s] rust_verify_test::ProveOrderedTableMtEph chap43_orderedtablemteph_for_borrow_iter
        PASS [   1.644s] rust_verify_test::ProveOrderedTableMtEph chap43_orderedtablemteph_loop_borrow_iter
        PASS [   1.714s] rust_verify_test::ProveOrderedTableMtEph chap43_orderedtablemteph_loop_borrow_into
        PASS [   1.728s] rust_verify_test::ProveOrderedTableStEph chap43_orderedtablesteph_for_borrow_into
        PASS [   1.670s] rust_verify_test::ProveOrderedTableStEph chap43_orderedtablesteph_for_borrow_iter
        PASS [   1.678s] rust_verify_test::ProveOrderedTableStEph chap43_orderedtablesteph_loop_borrow_into
        PASS [   1.728s] rust_verify_test::ProveOrderedTableStEph chap43_orderedtablesteph_loop_borrow_iter
        PASS [   1.913s] rust_verify_test::ProveOrderedTableStPer chap43_orderedtablestper_for_borrow_into
        PASS [   1.903s] rust_verify_test::ProveOrderedTableStPer chap43_orderedtablestper_for_borrow_iter
        PASS [   1.801s] rust_verify_test::ProveOrderedTableStPer chap43_orderedtablestper_loop_borrow_into
        PASS [   1.790s] rust_verify_test::ProveOrderedTableStPer chap43_orderedtablestper_loop_borrow_iter
        PASS [   1.632s] rust_verify_test::ProvePrimTreeSeqStPer primtreeseq_for_borrow_into
        PASS [   1.581s] rust_verify_test::ProvePrimTreeSeqStPer primtreeseq_for_borrow_iter
        PASS [   1.584s] rust_verify_test::ProvePrimTreeSeqStPer primtreeseq_loop_borrow_into
        PASS [   1.561s] rust_verify_test::ProvePrimTreeSeqStPer primtreeseq_loop_consume
        PASS [   1.728s] rust_verify_test::ProvePrimTreeSeqStPer primtreeseq_for_consume
        PASS [   1.594s] rust_verify_test::ProvePrimTreeSeqStPer primtreeseq_loop_borrow_iter
        PASS [   1.652s] rust_verify_test::ProveSetMtEph set_mt_eph_for_borrow_into
        PASS [   1.765s] rust_verify_test::ProveSetMtEph set_mt_eph_for_borrow_iter
        PASS [   1.957s] rust_verify_test::ProveSetMtEph set_mt_eph_loop_borrow_into
        PASS [   1.862s] rust_verify_test::ProveSetStEph setsteph_for_borrow_into
        PASS [   1.858s] rust_verify_test::ProveSetStEph setsteph_for_borrow_iter
        PASS [   1.891s] rust_verify_test::ProveSetMtEph set_mt_eph_loop_borrow_iter
        PASS [   1.809s] rust_verify_test::ProveSetStEph setsteph_loop_borrow_into
        PASS [   1.696s] rust_verify_test::ProveSetStEph setsteph_loop_borrow_iter
        PASS [   1.737s] rust_verify_test::Provedeep_view_standard deep_view_standard_for_borrow_into
        PASS [   1.724s] rust_verify_test::Provedeep_view_standard deep_view_standard_for_consume
        PASS [   1.754s] rust_verify_test::Provedeep_view_standard deep_view_standard_for_borrow_iter
        PASS [   1.772s] rust_verify_test::Provedeep_view_standard deep_view_standard_loop_borrow_into
        PASS [   1.710s] rust_verify_test::Provedeep_view_standard deep_view_standard_loop_borrow_iter
        PASS [   1.574s] rust_verify_test::Provedeep_view_standard deep_view_standard_loop_consume
        PASS [   1.616s] rust_verify_test::Provedeep_view_standard deep_view_standard_simple
        PASS [   1.664s] rust_verify_test::Proveiterators_standard iterators_standard_for_consume
        PASS [   1.736s] rust_verify_test::Proveiterators_standard iterators_standard_for_borrow_into
        PASS [   1.727s] rust_verify_test::Proveiterators_standard iterators_standard_for_borrow_iter
        PASS [   1.702s] rust_verify_test::Proveiterators_standard iterators_standard_loop_borrow_into
        PASS [   1.716s] rust_verify_test::Proveiterators_standard iterators_standard_loop_borrow_iter
        PASS [   1.665s] rust_verify_test::Proveiterators_standard iterators_standard_loop_consume
        PASS [   1.687s] rust_verify_test::Provemod_standard mod_standard_for_borrow_iter
        PASS [   1.673s] rust_verify_test::Provemod_standard mod_standard_loop_borrow_into
        PASS [   1.706s] rust_verify_test::Provemod_standard mod_standard_for_consume
        PASS [   1.753s] rust_verify_test::Provemod_standard mod_standard_for_borrow_into
        PASS [   1.546s] rust_verify_test::Provemod_standard mod_standard_loop_borrow_iter
        PASS [   1.634s] rust_verify_test::Provemod_standard mod_standard_loop_consume
        PASS [   1.557s] rust_verify_test::Provetable_of_contents_standard toc_standard_loop_borrow_into
        PASS [   1.586s] rust_verify_test::Provetable_of_contents_standard toc_standard_for_consume
        PASS [   1.637s] rust_verify_test::Provetable_of_contents_standard toc_standard_for_borrow_iter
        PASS [   1.658s] rust_verify_test::Provetable_of_contents_standard toc_standard_for_borrow_into
        PASS [   1.594s] rust_verify_test::Provetable_of_contents_standard toc_standard_loop_borrow_iter
        PASS [   1.571s] rust_verify_test::Provetable_of_contents_standard toc_standard_loop_consume
        PASS [   1.483s] rust_verify_test::Proveusing_closures_standard closures_ghost_spec_fn
        PASS [   1.480s] rust_verify_test::Proveusing_closures_standard closures_inline_requires_ensures
        PASS [   1.518s] rust_verify_test::Proveusing_closures_standard closures_map_apply
        PASS [   1.567s] rust_verify_test::Proveusing_closures_standard closures_let_bind_ensures
        PASS [   1.473s] rust_verify_test::Proveview_standard view_standard_collection
        PASS [   1.762s] rust_verify_test::Proveview_standard view_standard_for_borrow_into
        PASS [   1.779s] rust_verify_test::Proveview_standard view_standard_for_consume
        PASS [   1.724s] rust_verify_test::Proveview_standard view_standard_loop_borrow_into
        PASS [   1.742s] rust_verify_test::Proveview_standard view_standard_loop_borrow_iter
        PASS [   1.888s] rust_verify_test::Proveview_standard view_standard_for_borrow_iter
        PASS [   1.769s] rust_verify_test::Proveview_standard view_standard_loop_consume
        PASS [   1.678s] rust_verify_test::Proveview_standard view_standard_simple
        PASS [   1.736s] rust_verify_test::Provewrapping_iterators_standard wrapping_loop_borrow_into
        PASS [   1.853s] rust_verify_test::Provewrapping_iterators_standard wrapping_for_borrow_into
        PASS [   1.908s] rust_verify_test::Provewrapping_iterators_standard wrapping_for_borrow_iter
        PASS [   1.856s] rust_verify_test::Provewrapping_iterators_standard wrapping_loop_borrow_iter
        PASS [   2.030s] rust_verify_test::RelationStEph relation_st_eph_for_iter
        PASS [   1.661s] rust_verify_test::RelationStEph relation_st_eph_loop_loop
        PASS [   1.668s] rust_verify_test::SetMtEph set_mt_eph_from_vec
        PASS [   1.718s] rust_verify_test::SetMtEph set_mt_eph_for_iter
        PASS [   1.670s] rust_verify_test::SetMtEph set_mt_eph_loop_loop
        PASS [   1.691s] rust_verify_test::SetStEph set_st_eph_for_iter
        PASS [   1.599s] rust_verify_test::SetStEph set_st_eph_from_vec
        PASS [   1.538s] rust_verify_test::SetStEph set_st_eph_loop_loop
        PASS [   1.393s] rust_verify_test::prove_MathSeq_iters mathseq_iter_consuming
        PASS [   1.387s] rust_verify_test::prove_MathSeq_iters mathseq_iter_nested
        PASS [   1.431s] rust_verify_test::prove_MathSeq_iters mathseq_iter_range
────────────
     Summary [  63.764s] 221 tests run: 221 passed, 0 skipped
Elapsed: 168s
