verification results:: 4899 verified, 0 errors
    Finished `release` profile [optimized] target(s) in 0.08s
────────────
 Nextest run ID 663f79ab-a328-4f0f-ae99-066ac7530eba with nextest profile: default
    Starting 157 tests across 37 binaries
        PASS [   2.451s] rust_verify_test::HashSetWithViewPlus hash_set_wvp_for_iter
        PASS [   2.491s] rust_verify_test::HashSetWithViewPlus hash_set_wvp_loop_loop
        PASS [   2.493s] rust_verify_test::HashMapWithViewPlus hash_map_wvp_for_iter
        PASS [   2.520s] rust_verify_test::HashMapWithViewPlus hash_map_wvp_loop_loop
        PASS [   2.835s] rust_verify_test::MappingStEph mapping_st_eph_loop_loop
        PASS [   2.847s] rust_verify_test::MappingStEph mapping_st_eph_for_iter
        PASS [   2.407s] rust_verify_test::ProveAVLTreeSetMtEph avltreesetmteph_for_borrow_into
        PASS [   2.511s] rust_verify_test::ProveAVLTreeSeq avltreeseq_for_borrow_iter
        PASS [   2.472s] rust_verify_test::ProveAVLTreeSetMtEph avltreesetmteph_for_borrow_iter
        PASS [   2.560s] rust_verify_test::ProveAVLTreeSeq avltreeseq_loop_borrow_iter
        PASS [   2.420s] rust_verify_test::ProveArraySeq arrayseq_filter
        PASS [   2.506s] rust_verify_test::ProveAVLTreeSetMtEph avltreesetmteph_loop_borrow_iter
        PASS [   2.540s] rust_verify_test::ProveArraySeq arrayseq_iterate
        PASS [   2.609s] rust_verify_test::ProveArraySeq arrayseq_for_iter
        PASS [   2.526s] rust_verify_test::ProveArraySeq arrayseq_iterate_prefixes
        PASS [   2.478s] rust_verify_test::ProveArraySeq arrayseq_loop_loop
        PASS [   2.390s] rust_verify_test::ProveArraySeq arrayseq_map
        PASS [   2.512s] rust_verify_test::ProveArraySeq arrayseq_reduce
        PASS [   2.252s] rust_verify_test::ProveArraySeq arrayseq_tabulate
        PASS [   2.401s] rust_verify_test::ProveArraySeqMtEph arrayseqmteph_loop_loop
        PASS [   2.663s] rust_verify_test::ProveArraySeqMtEph arrayseqmteph_for_iter
        PASS [   2.711s] rust_verify_test::ProveArraySeq arrayseq_scan
        PASS [   2.797s] rust_verify_test::ProveArraySeq arrayseq_scan_inclusive
        PASS [   2.521s] rust_verify_test::ProveArraySeqMtPer arrayseqmtper_for_iter
        PASS [   2.449s] rust_verify_test::ProveArraySeqMtPer arrayseqmtper_loop_loop
        PASS [   2.547s] rust_verify_test::ProveArraySeqStEph arrayseqsteph_for_borrow_into
        PASS [   2.435s] rust_verify_test::ProveArraySeqStEph arrayseqsteph_for_borrow_iter
        PASS [   2.420s] rust_verify_test::ProveArraySeqStEph arrayseqsteph_for_consume
        PASS [   2.391s] rust_verify_test::ProveArraySeqStEph arrayseqsteph_loop_borrow_iter
        PASS [   2.561s] rust_verify_test::ProveArraySeqStEph arrayseqsteph_loop_borrow_into
        PASS [   2.389s] rust_verify_test::ProveArraySeqStEph arrayseqsteph_loop_consume
        PASS [   2.400s] rust_verify_test::ProveArraySeqStPer arrayseqstper_loop_loop
        PASS [   2.394s] rust_verify_test::ProveBFSMtEph chap54_bfsmteph_bottom_up_loop
        PASS [   2.455s] rust_verify_test::ProveArraySeqStPer arrayseqstper_for_iter
        PASS [   2.401s] rust_verify_test::ProveBFSMtEph chap54_bfsmteph_top_down_loop
        PASS [   2.495s] rust_verify_test::ProveBFSStEph chap54_bfssteph_bottom_up_loop
        PASS [   2.318s] rust_verify_test::ProveBFSStEph chap54_bfssteph_top_down_loop
        PASS [   2.591s] rust_verify_test::ProveBalBinTreeStEph balbintree_for_inorder
        PASS [   2.596s] rust_verify_test::ProveBalBinTreeStEph balbintree_for_preorder
        PASS [   2.490s] rust_verify_test::ProveBalBinTreeStEph balbintree_inorder_spec_match
        PASS [   2.635s] rust_verify_test::ProveBalBinTreeStEph balbintree_for_postorder
        PASS [   2.300s] rust_verify_test::ProveBalBinTreeStEph balbintree_leaf_iter_exhausted
        PASS [   2.322s] rust_verify_test::ProveBalBinTreeStEph balbintree_leaf_traversals_empty
        PASS [   2.139s] rust_verify_test::ProveBalBinTreeStEph balbintree_preorder_spec_match
        PASS [   2.166s] rust_verify_test::ProveBalBinTreeStEph balbintree_postorder_spec_match
        PASS [   2.273s] rust_verify_test::ProveBalBinTreeStEph balbintree_loop_preorder
        PASS [   2.336s] rust_verify_test::ProveBalBinTreeStEph balbintree_loop_postorder
        PASS [   2.467s] rust_verify_test::ProveBalBinTreeStEph balbintree_loop_inorder
        PASS [   1.907s] rust_verify_test::ProveChap19ArraySeqMtEph chap19_arrayseqmteph_for_borrow_into
        PASS [   1.544s] rust_verify_test::ProveChap19ArraySeqMtEph chap19_arrayseqmteph_for_borrow_iter
        PASS [   1.621s] rust_verify_test::ProveChap19ArraySeqMtEph chap19_arrayseqmteph_for_consume
        PASS [   1.528s] rust_verify_test::ProveChap19ArraySeqMtEph chap19_arrayseqmteph_loop_borrow_into
        PASS [   1.588s] rust_verify_test::ProveChap19ArraySeqMtEph chap19_arrayseqmteph_loop_borrow_iter
        PASS [   1.770s] rust_verify_test::ProveChap19ArraySeqMtEph chap19_arrayseqmteph_loop_consume
        PASS [   1.626s] rust_verify_test::ProveChap19ArraySeqMtEphSlice slice_for_borrow_into
        PASS [   1.562s] rust_verify_test::ProveChap19ArraySeqMtEphSlice slice_loop_borrow_iter
        PASS [   1.726s] rust_verify_test::ProveChap19ArraySeqMtEphSlice slice_for_borrow_iter
        PASS [   1.665s] rust_verify_test::ProveChap19ArraySeqMtEphSlice slice_iter_over_subslice
        PASS [   1.583s] rust_verify_test::ProveChap19ArraySeqMtEphSlice slice_operations
        PASS [   1.634s] rust_verify_test::ProveChap19ArraySeqStEph chap19_arrayseqsteph_for_borrow_into
        PASS [   1.780s] rust_verify_test::ProveChap19ArraySeqStEph chap19_arrayseqsteph_for_borrow_iter
        PASS [   1.551s] rust_verify_test::ProveChap19ArraySeqStEph chap19_arrayseqsteph_for_consume
        PASS [   1.659s] rust_verify_test::ProveChap19ArraySeqStEph chap19_arrayseqsteph_loop_borrow_into
        PASS [   1.636s] rust_verify_test::ProveChap19ArraySeqStEph chap19_arrayseqsteph_loop_borrow_iter
        PASS [   1.630s] rust_verify_test::ProveChap19ArraySeqStEph chap19_arrayseqsteph_loop_consume
        PASS [   1.540s] rust_verify_test::ProveChap19ArraySeqStPer chap19_arrayseqstper_for_borrow_into
        PASS [   1.529s] rust_verify_test::ProveChap19ArraySeqStPer chap19_arrayseqstper_for_borrow_iter
        PASS [   1.648s] rust_verify_test::ProveChap19ArraySeqStPer chap19_arrayseqstper_for_consume
        PASS [   1.493s] rust_verify_test::ProveChap19ArraySeqStPer chap19_arrayseqstper_loop_consume
        PASS [   1.596s] rust_verify_test::ProveChap19ArraySeqStPer chap19_arrayseqstper_loop_borrow_iter
        PASS [   1.782s] rust_verify_test::ProveChap19ArraySeqStPer chap19_arrayseqstper_loop_borrow_into
        PASS [   1.487s] rust_verify_test::ProveKleeneStPer kleene_alphabet
        PASS [   1.543s] rust_verify_test::ProveKleeneStPer kleene_mem_plus
        PASS [   1.545s] rust_verify_test::ProveKleeneStPer kleene_mem_star
        PASS [   1.550s] rust_verify_test::ProveLinkedListStEph linkedliststeph_loop_loop
        PASS [   1.634s] rust_verify_test::ProveLinkedListStEph linkedliststeph_for_iter
        PASS [   1.597s] rust_verify_test::ProveLinkedListStPer linkedliststper_loop_loop
        PASS [   1.773s] rust_verify_test::ProveLinkedListStPer linkedliststper_for_iter
        PASS [   1.572s] rust_verify_test::ProveMathSeq mathseq_for_borrow_into
        PASS [   1.524s] rust_verify_test::ProveMathSeq mathseq_for_borrow_iter
        PASS [   1.651s] rust_verify_test::ProveMathSeq mathseq_for_consume
        PASS [   1.453s] rust_verify_test::ProveMathSeq mathseq_loop_borrow_iter
        PASS [   1.692s] rust_verify_test::ProveMathSeq mathseq_loop_borrow_into
        PASS [   1.499s] rust_verify_test::ProveMathSeq mathseq_loop_consume
        PASS [   1.762s] rust_verify_test::ProveOrderedSetStEph chap43_orderedsetsteph_for_borrow_iter
        PASS [   1.906s] rust_verify_test::ProveOrderedSetStEph chap43_orderedsetsteph_for_borrow_into
        PASS [   1.635s] rust_verify_test::ProveOrderedSetStEph chap43_orderedsetsteph_loop_borrow_iter
        PASS [   1.677s] rust_verify_test::ProveOrderedSetStEph chap43_orderedsetsteph_loop_borrow_into
        PASS [   1.828s] rust_verify_test::ProveOrderedTableStEph chap43_orderedtablesteph_for_borrow_into
        PASS [   1.805s] rust_verify_test::ProveOrderedTableStEph chap43_orderedtablesteph_for_borrow_iter
        PASS [   1.744s] rust_verify_test::ProveOrderedTableStEph chap43_orderedtablesteph_loop_borrow_into
        PASS [   1.770s] rust_verify_test::ProveOrderedTableStEph chap43_orderedtablesteph_loop_borrow_iter
        PASS [   1.734s] rust_verify_test::ProveOrderedTableStPer chap43_orderedtablestper_for_borrow_into
        PASS [   1.800s] rust_verify_test::ProveOrderedTableStPer chap43_orderedtablestper_for_borrow_iter
        PASS [   1.637s] rust_verify_test::ProveOrderedTableStPer chap43_orderedtablestper_loop_borrow_into
        PASS [   1.591s] rust_verify_test::ProveOrderedTableStPer chap43_orderedtablestper_loop_borrow_iter
        PASS [   1.573s] rust_verify_test::ProvePrimTreeSeqStPer primtreeseq_for_borrow_into
        PASS [   1.509s] rust_verify_test::ProvePrimTreeSeqStPer primtreeseq_loop_borrow_iter
        PASS [   1.566s] rust_verify_test::ProvePrimTreeSeqStPer primtreeseq_loop_borrow_into
        PASS [   1.683s] rust_verify_test::ProvePrimTreeSeqStPer primtreeseq_for_consume
        PASS [   1.819s] rust_verify_test::ProvePrimTreeSeqStPer primtreeseq_for_borrow_iter
        PASS [   1.665s] rust_verify_test::ProvePrimTreeSeqStPer primtreeseq_loop_consume
        PASS [   1.571s] rust_verify_test::ProveSetMtEph set_mt_eph_for_borrow_into
        PASS [   1.597s] rust_verify_test::ProveSetMtEph set_mt_eph_loop_borrow_iter
        PASS [   1.625s] rust_verify_test::ProveSetMtEph set_mt_eph_for_borrow_iter
        PASS [   1.616s] rust_verify_test::Provedeep_view_standard deep_view_standard_for_borrow_into
        PASS [   1.597s] rust_verify_test::Provedeep_view_standard deep_view_standard_for_borrow_iter
        PASS [   1.598s] rust_verify_test::Provedeep_view_standard deep_view_standard_for_consume
        PASS [   1.438s] rust_verify_test::Provedeep_view_standard deep_view_standard_loop_borrow_into
        PASS [   1.602s] rust_verify_test::Provedeep_view_standard deep_view_standard_loop_borrow_iter
        PASS [   1.567s] rust_verify_test::Provedeep_view_standard deep_view_standard_simple
        PASS [   1.631s] rust_verify_test::Provedeep_view_standard deep_view_standard_loop_consume
        PASS [   1.563s] rust_verify_test::Proveiterators_standard iterators_standard_for_borrow_into
        PASS [   1.691s] rust_verify_test::Proveiterators_standard iterators_standard_for_borrow_iter
        PASS [   1.769s] rust_verify_test::Proveiterators_standard iterators_standard_for_consume
        PASS [   1.627s] rust_verify_test::Proveiterators_standard iterators_standard_loop_borrow_into
        PASS [   1.575s] rust_verify_test::Proveiterators_standard iterators_standard_loop_consume
        PASS [   1.632s] rust_verify_test::Provemod_standard mod_standard_for_borrow_into
        PASS [   1.732s] rust_verify_test::Proveiterators_standard iterators_standard_loop_borrow_iter
        PASS [   1.534s] rust_verify_test::Provemod_standard mod_standard_for_borrow_iter
        PASS [   1.667s] rust_verify_test::Provemod_standard mod_standard_for_consume
        PASS [   1.462s] rust_verify_test::Provemod_standard mod_standard_loop_borrow_iter
        PASS [   1.502s] rust_verify_test::Provemod_standard mod_standard_loop_borrow_into
        PASS [   1.701s] rust_verify_test::Provetable_of_contents_standard toc_standard_for_borrow_into
        PASS [   1.750s] rust_verify_test::Provemod_standard mod_standard_loop_consume
        PASS [   1.708s] rust_verify_test::Provetable_of_contents_standard toc_standard_for_borrow_iter
        PASS [   1.691s] rust_verify_test::Provetable_of_contents_standard toc_standard_for_consume
        PASS [   1.633s] rust_verify_test::Provetable_of_contents_standard toc_standard_loop_borrow_into
        PASS [   1.650s] rust_verify_test::Provetable_of_contents_standard toc_standard_loop_borrow_iter
        PASS [   1.524s] rust_verify_test::Provetable_of_contents_standard toc_standard_loop_consume
        PASS [   1.655s] rust_verify_test::Proveusing_closures_standard closures_ghost_spec_fn
        PASS [   1.565s] rust_verify_test::Proveusing_closures_standard closures_inline_requires_ensures
        PASS [   1.471s] rust_verify_test::Proveusing_closures_standard closures_let_bind_ensures
        PASS [   1.463s] rust_verify_test::Proveusing_closures_standard closures_map_apply
        PASS [   1.826s] rust_verify_test::Proveview_standard view_standard_collection
        PASS [   1.674s] rust_verify_test::Proveview_standard view_standard_for_borrow_into
        PASS [   1.548s] rust_verify_test::Proveview_standard view_standard_for_borrow_iter
        PASS [   1.512s] rust_verify_test::Proveview_standard view_standard_for_consume
        PASS [   1.519s] rust_verify_test::Proveview_standard view_standard_loop_borrow_iter
        PASS [   1.699s] rust_verify_test::Proveview_standard view_standard_loop_borrow_into
        PASS [   1.442s] rust_verify_test::Proveview_standard view_standard_simple
        PASS [   1.547s] rust_verify_test::Proveview_standard view_standard_loop_consume
        PASS [   1.631s] rust_verify_test::Provewrapping_iterators_standard wrapping_for_borrow_into
        PASS [   1.741s] rust_verify_test::Provewrapping_iterators_standard wrapping_for_borrow_iter
        PASS [   1.533s] rust_verify_test::Provewrapping_iterators_standard wrapping_loop_borrow_into
        PASS [   1.740s] rust_verify_test::Provewrapping_iterators_standard wrapping_loop_borrow_iter
        PASS [   1.662s] rust_verify_test::RelationStEph relation_st_eph_for_iter
        PASS [   1.779s] rust_verify_test::RelationStEph relation_st_eph_loop_loop
        PASS [   1.702s] rust_verify_test::SetMtEph set_mt_eph_for_iter
        PASS [   1.906s] rust_verify_test::SetMtEph set_mt_eph_from_vec
        PASS [   1.553s] rust_verify_test::SetMtEph set_mt_eph_loop_loop
        PASS [   1.616s] rust_verify_test::SetStEph set_st_eph_for_iter
        PASS [   1.705s] rust_verify_test::SetStEph set_st_eph_from_vec
        PASS [   1.574s] rust_verify_test::prove_MathSeq_iters mathseq_iter_consuming
        PASS [   1.722s] rust_verify_test::SetStEph set_st_eph_loop_loop
        PASS [   1.630s] rust_verify_test::prove_MathSeq_iters mathseq_iter_nested
        PASS [   1.403s] rust_verify_test::prove_MathSeq_iters mathseq_iter_range
────────────
     Summary [  49.986s] 157 tests run: 157 passed, 0 skipped
Elapsed: 188s
