verification results:: 4890 verified, 0 errors
    Finished `release` profile [optimized] target(s) in 0.04s
────────────
 Nextest run ID eda4a5c5-3c54-446d-9c2c-024636eaa9e3 with nextest profile: default
    Starting 157 tests across 37 binaries
        PASS [   1.466s] rust_verify_test::HashMapWithViewPlus hash_map_wvp_for_iter
        PASS [   1.564s] rust_verify_test::HashSetWithViewPlus hash_set_wvp_loop_loop
        PASS [   1.580s] rust_verify_test::MappingStEph mapping_st_eph_loop_loop
        PASS [   1.582s] rust_verify_test::HashMapWithViewPlus hash_map_wvp_loop_loop
        PASS [   1.658s] rust_verify_test::HashSetWithViewPlus hash_set_wvp_for_iter
        PASS [   1.902s] rust_verify_test::MappingStEph mapping_st_eph_for_iter
        PASS [   1.563s] rust_verify_test::ProveAVLTreeSeq avltreeseq_for_borrow_iter
        PASS [   1.458s] rust_verify_test::ProveAVLTreeSetMtEph avltreesetmteph_loop_borrow_iter
        PASS [   1.584s] rust_verify_test::ProveAVLTreeSeq avltreeseq_loop_borrow_iter
        PASS [   1.639s] rust_verify_test::ProveAVLTreeSetMtEph avltreesetmteph_for_borrow_iter
        PASS [   1.468s] rust_verify_test::ProveArraySeq arrayseq_filter
        PASS [   1.796s] rust_verify_test::ProveAVLTreeSetMtEph avltreesetmteph_for_borrow_into
        PASS [   1.346s] rust_verify_test::ProveArraySeq arrayseq_iterate
        PASS [   1.518s] rust_verify_test::ProveArraySeq arrayseq_for_iter
        PASS [   1.447s] rust_verify_test::ProveArraySeq arrayseq_iterate_prefixes
        PASS [   1.488s] rust_verify_test::ProveArraySeq arrayseq_loop_loop
        PASS [   1.422s] rust_verify_test::ProveArraySeq arrayseq_map
        PASS [   1.569s] rust_verify_test::ProveArraySeq arrayseq_reduce
        PASS [   1.431s] rust_verify_test::ProveArraySeq arrayseq_tabulate
        PASS [   1.714s] rust_verify_test::ProveArraySeq arrayseq_scan
        PASS [   1.652s] rust_verify_test::ProveArraySeq arrayseq_scan_inclusive
        PASS [   1.448s] rust_verify_test::ProveArraySeqMtEph arrayseqmteph_loop_loop
        PASS [   1.708s] rust_verify_test::ProveArraySeqMtEph arrayseqmteph_for_iter
        PASS [   1.654s] rust_verify_test::ProveArraySeqMtPer arrayseqmtper_for_iter
        PASS [   1.451s] rust_verify_test::ProveArraySeqMtPer arrayseqmtper_loop_loop
        PASS [   1.466s] rust_verify_test::ProveArraySeqStEph arrayseqsteph_for_borrow_iter
        PASS [   1.464s] rust_verify_test::ProveArraySeqStEph arrayseqsteph_for_consume
        PASS [   1.592s] rust_verify_test::ProveArraySeqStEph arrayseqsteph_for_borrow_into
        PASS [   1.462s] rust_verify_test::ProveArraySeqStEph arrayseqsteph_loop_borrow_into
        PASS [   1.543s] rust_verify_test::ProveArraySeqStEph arrayseqsteph_loop_borrow_iter
        PASS [   1.576s] rust_verify_test::ProveArraySeqStEph arrayseqsteph_loop_consume
        PASS [   1.470s] rust_verify_test::ProveArraySeqStPer arrayseqstper_loop_loop
        PASS [   1.517s] rust_verify_test::ProveArraySeqStPer arrayseqstper_for_iter
        PASS [   1.714s] rust_verify_test::ProveBFSMtEph chap54_bfsmteph_bottom_up_loop
        PASS [   1.606s] rust_verify_test::ProveBFSMtEph chap54_bfsmteph_top_down_loop
        PASS [   1.375s] rust_verify_test::ProveBFSStEph chap54_bfssteph_bottom_up_loop
        PASS [   1.469s] rust_verify_test::ProveBFSStEph chap54_bfssteph_top_down_loop
        PASS [   1.591s] rust_verify_test::ProveBalBinTreeStEph balbintree_for_postorder
        PASS [   1.599s] rust_verify_test::ProveBalBinTreeStEph balbintree_for_inorder
        PASS [   1.408s] rust_verify_test::ProveBalBinTreeStEph balbintree_leaf_iter_exhausted
        PASS [   1.502s] rust_verify_test::ProveBalBinTreeStEph balbintree_inorder_spec_match
        PASS [   1.956s] rust_verify_test::ProveBalBinTreeStEph balbintree_for_preorder
        PASS [   1.520s] rust_verify_test::ProveBalBinTreeStEph balbintree_leaf_traversals_empty
        PASS [   1.515s] rust_verify_test::ProveBalBinTreeStEph balbintree_loop_postorder
        PASS [   1.577s] rust_verify_test::ProveBalBinTreeStEph balbintree_loop_inorder
        PASS [   1.504s] rust_verify_test::ProveBalBinTreeStEph balbintree_loop_preorder
        PASS [   1.466s] rust_verify_test::ProveBalBinTreeStEph balbintree_postorder_spec_match
        PASS [   1.657s] rust_verify_test::ProveBalBinTreeStEph balbintree_preorder_spec_match
        PASS [   1.509s] rust_verify_test::ProveChap19ArraySeqMtEph chap19_arrayseqmteph_for_borrow_into
        PASS [   1.582s] rust_verify_test::ProveChap19ArraySeqMtEph chap19_arrayseqmteph_for_borrow_iter
        PASS [   1.472s] rust_verify_test::ProveChap19ArraySeqMtEph chap19_arrayseqmteph_loop_borrow_into
        PASS [   1.491s] rust_verify_test::ProveChap19ArraySeqMtEph chap19_arrayseqmteph_loop_borrow_iter
        PASS [   1.645s] rust_verify_test::ProveChap19ArraySeqMtEph chap19_arrayseqmteph_for_consume
        PASS [   1.513s] rust_verify_test::ProveChap19ArraySeqMtEph chap19_arrayseqmteph_loop_consume
        PASS [   1.514s] rust_verify_test::ProveChap19ArraySeqMtEphSlice slice_for_borrow_into
        PASS [   1.501s] rust_verify_test::ProveChap19ArraySeqMtEphSlice slice_iter_over_subslice
        PASS [   1.642s] rust_verify_test::ProveChap19ArraySeqMtEphSlice slice_for_borrow_iter
        PASS [   1.577s] rust_verify_test::ProveChap19ArraySeqMtEphSlice slice_loop_borrow_iter
        PASS [   1.633s] rust_verify_test::ProveChap19ArraySeqMtEphSlice slice_operations
        PASS [   1.544s] rust_verify_test::ProveChap19ArraySeqStEph chap19_arrayseqsteph_for_borrow_into
        PASS [   1.519s] rust_verify_test::ProveChap19ArraySeqStEph chap19_arrayseqsteph_for_borrow_iter
        PASS [   1.538s] rust_verify_test::ProveChap19ArraySeqStEph chap19_arrayseqsteph_for_consume
        PASS [   1.450s] rust_verify_test::ProveChap19ArraySeqStEph chap19_arrayseqsteph_loop_borrow_into
        PASS [   1.502s] rust_verify_test::ProveChap19ArraySeqStEph chap19_arrayseqsteph_loop_consume
        PASS [   1.654s] rust_verify_test::ProveChap19ArraySeqStEph chap19_arrayseqsteph_loop_borrow_iter
        PASS [   1.585s] rust_verify_test::ProveChap19ArraySeqStPer chap19_arrayseqstper_for_borrow_into
        PASS [   1.564s] rust_verify_test::ProveChap19ArraySeqStPer chap19_arrayseqstper_for_borrow_iter
        PASS [   1.489s] rust_verify_test::ProveChap19ArraySeqStPer chap19_arrayseqstper_loop_borrow_into
        PASS [   1.639s] rust_verify_test::ProveChap19ArraySeqStPer chap19_arrayseqstper_for_consume
        PASS [   1.613s] rust_verify_test::ProveChap19ArraySeqStPer chap19_arrayseqstper_loop_consume
        PASS [   1.834s] rust_verify_test::ProveChap19ArraySeqStPer chap19_arrayseqstper_loop_borrow_iter
        PASS [   1.383s] rust_verify_test::ProveKleeneStPer kleene_alphabet
        PASS [   1.533s] rust_verify_test::ProveKleeneStPer kleene_mem_plus
        PASS [   1.583s] rust_verify_test::ProveKleeneStPer kleene_mem_star
        PASS [   1.503s] rust_verify_test::ProveLinkedListStEph linkedliststeph_for_iter
        PASS [   1.469s] rust_verify_test::ProveLinkedListStEph linkedliststeph_loop_loop
        PASS [   1.591s] rust_verify_test::ProveLinkedListStPer linkedliststper_for_iter
        PASS [   1.603s] rust_verify_test::ProveLinkedListStPer linkedliststper_loop_loop
        PASS [   1.637s] rust_verify_test::ProveMathSeq mathseq_for_borrow_into
        PASS [   1.625s] rust_verify_test::ProveMathSeq mathseq_for_borrow_iter
        PASS [   1.629s] rust_verify_test::ProveMathSeq mathseq_for_consume
        PASS [   1.648s] rust_verify_test::ProveMathSeq mathseq_loop_borrow_into
        PASS [   1.498s] rust_verify_test::ProveMathSeq mathseq_loop_borrow_iter
        PASS [   1.591s] rust_verify_test::ProveMathSeq mathseq_loop_consume
        PASS [   1.700s] rust_verify_test::ProveOrderedSetStEph chap43_orderedsetsteph_for_borrow_into
        PASS [   1.536s] rust_verify_test::ProveOrderedSetStEph chap43_orderedsetsteph_for_borrow_iter
        PASS [   1.575s] rust_verify_test::ProveOrderedSetStEph chap43_orderedsetsteph_loop_borrow_into
        PASS [   1.663s] rust_verify_test::ProveOrderedSetStEph chap43_orderedsetsteph_loop_borrow_iter
        PASS [   1.695s] rust_verify_test::ProveOrderedTableStEph chap43_orderedtablesteph_for_borrow_into
        PASS [   1.621s] rust_verify_test::ProveOrderedTableStEph chap43_orderedtablesteph_for_borrow_iter
        PASS [   1.523s] rust_verify_test::ProveOrderedTableStEph chap43_orderedtablesteph_loop_borrow_into
        PASS [   1.724s] rust_verify_test::ProveOrderedTableStEph chap43_orderedtablesteph_loop_borrow_iter
        PASS [   1.637s] rust_verify_test::ProveOrderedTableStPer chap43_orderedtablestper_for_borrow_into
        PASS [   1.686s] rust_verify_test::ProveOrderedTableStPer chap43_orderedtablestper_for_borrow_iter
        PASS [   1.637s] rust_verify_test::ProveOrderedTableStPer chap43_orderedtablestper_loop_borrow_into
        PASS [   1.515s] rust_verify_test::ProveOrderedTableStPer chap43_orderedtablestper_loop_borrow_iter
        PASS [   1.478s] rust_verify_test::ProvePrimTreeSeqStPer primtreeseq_for_borrow_into
        PASS [   1.448s] rust_verify_test::ProvePrimTreeSeqStPer primtreeseq_for_consume
        PASS [   1.453s] rust_verify_test::ProvePrimTreeSeqStPer primtreeseq_for_borrow_iter
        PASS [   1.434s] rust_verify_test::ProvePrimTreeSeqStPer primtreeseq_loop_borrow_iter
        PASS [   1.680s] rust_verify_test::ProvePrimTreeSeqStPer primtreeseq_loop_borrow_into
        PASS [   1.569s] rust_verify_test::ProvePrimTreeSeqStPer primtreeseq_loop_consume
        PASS [   1.620s] rust_verify_test::ProveSetMtEph set_mt_eph_for_borrow_into
        PASS [   1.613s] rust_verify_test::ProveSetMtEph set_mt_eph_for_borrow_iter
        PASS [   1.726s] rust_verify_test::ProveSetMtEph set_mt_eph_loop_borrow_iter
        PASS [   1.454s] rust_verify_test::Provedeep_view_standard deep_view_standard_for_borrow_into
        PASS [   1.460s] rust_verify_test::Provedeep_view_standard deep_view_standard_for_consume
        PASS [   1.646s] rust_verify_test::Provedeep_view_standard deep_view_standard_for_borrow_iter
        PASS [   1.533s] rust_verify_test::Provedeep_view_standard deep_view_standard_loop_borrow_into
        PASS [   1.374s] rust_verify_test::Provedeep_view_standard deep_view_standard_loop_borrow_iter
        PASS [   1.478s] rust_verify_test::Provedeep_view_standard deep_view_standard_loop_consume
        PASS [   1.545s] rust_verify_test::Provedeep_view_standard deep_view_standard_simple
        PASS [   1.410s] rust_verify_test::Proveiterators_standard iterators_standard_for_borrow_into
        PASS [   1.511s] rust_verify_test::Proveiterators_standard iterators_standard_for_borrow_iter
        PASS [   1.569s] rust_verify_test::Proveiterators_standard iterators_standard_for_consume
        PASS [   1.640s] rust_verify_test::Proveiterators_standard iterators_standard_loop_borrow_into
        PASS [   1.429s] rust_verify_test::Proveiterators_standard iterators_standard_loop_borrow_iter
        PASS [   1.469s] rust_verify_test::Proveiterators_standard iterators_standard_loop_consume
        PASS [   1.519s] rust_verify_test::Provemod_standard mod_standard_for_borrow_into
        PASS [   1.388s] rust_verify_test::Provemod_standard mod_standard_for_borrow_iter
        PASS [   1.455s] rust_verify_test::Provemod_standard mod_standard_for_consume
        PASS [   1.367s] rust_verify_test::Provemod_standard mod_standard_loop_borrow_iter
        PASS [   1.457s] rust_verify_test::Provemod_standard mod_standard_loop_consume
        PASS [   1.800s] rust_verify_test::Provemod_standard mod_standard_loop_borrow_into
        PASS [   1.450s] rust_verify_test::Provetable_of_contents_standard toc_standard_for_borrow_into
        PASS [   1.588s] rust_verify_test::Provetable_of_contents_standard toc_standard_for_borrow_iter
        PASS [   1.543s] rust_verify_test::Provetable_of_contents_standard toc_standard_for_consume
        PASS [   1.476s] rust_verify_test::Provetable_of_contents_standard toc_standard_loop_borrow_into
        PASS [   1.406s] rust_verify_test::Proveusing_closures_standard closures_ghost_spec_fn
        PASS [   1.519s] rust_verify_test::Provetable_of_contents_standard toc_standard_loop_borrow_iter
        PASS [   1.465s] rust_verify_test::Provetable_of_contents_standard toc_standard_loop_consume
        PASS [   1.339s] rust_verify_test::Proveusing_closures_standard closures_inline_requires_ensures
        PASS [   1.446s] rust_verify_test::Proveusing_closures_standard closures_map_apply
        PASS [   1.659s] rust_verify_test::Proveusing_closures_standard closures_let_bind_ensures
        PASS [   1.339s] rust_verify_test::Proveview_standard view_standard_collection
        PASS [   1.421s] rust_verify_test::Proveview_standard view_standard_for_borrow_iter
        PASS [   1.504s] rust_verify_test::Proveview_standard view_standard_for_borrow_into
        PASS [   1.516s] rust_verify_test::Proveview_standard view_standard_for_consume
        PASS [   1.358s] rust_verify_test::Proveview_standard view_standard_loop_borrow_iter
        PASS [   1.517s] rust_verify_test::Proveview_standard view_standard_loop_borrow_into
        PASS [   1.401s] rust_verify_test::Proveview_standard view_standard_loop_consume
        PASS [   1.329s] rust_verify_test::Proveview_standard view_standard_simple
        PASS [   1.509s] rust_verify_test::Provewrapping_iterators_standard wrapping_for_borrow_iter
        PASS [   1.681s] rust_verify_test::Provewrapping_iterators_standard wrapping_for_borrow_into
        PASS [   1.433s] rust_verify_test::Provewrapping_iterators_standard wrapping_loop_borrow_into
        PASS [   1.520s] rust_verify_test::Provewrapping_iterators_standard wrapping_loop_borrow_iter
        PASS [   1.635s] rust_verify_test::RelationStEph relation_st_eph_loop_loop
        PASS [   1.754s] rust_verify_test::RelationStEph relation_st_eph_for_iter
        PASS [   1.446s] rust_verify_test::SetMtEph set_mt_eph_from_vec
        PASS [   1.516s] rust_verify_test::SetMtEph set_mt_eph_for_iter
        PASS [   1.497s] rust_verify_test::SetMtEph set_mt_eph_loop_loop
        PASS [   1.523s] rust_verify_test::SetStEph set_st_eph_for_iter
        PASS [   1.564s] rust_verify_test::SetStEph set_st_eph_from_vec
        PASS [   1.392s] rust_verify_test::prove_MathSeq_iters mathseq_iter_consuming
        PASS [   1.371s] rust_verify_test::prove_MathSeq_iters mathseq_iter_nested
        PASS [   1.564s] rust_verify_test::SetStEph set_st_eph_loop_loop
        PASS [   1.266s] rust_verify_test::prove_MathSeq_iters mathseq_iter_range
────────────
     Summary [  40.956s] 157 tests run: 157 passed, 0 skipped
Elapsed: 119s
