verification results:: 4504 verified, 0 errors
    Finished `release` profile [optimized] target(s) in 0.03s
────────────
 Nextest run ID d3f9047d-354e-4438-ba93-366fdd5afa12 with nextest profile: default
    Starting 147 tests across 34 binaries
        PASS [   1.235s] rust_verify_test::HashMapWithViewPlus hash_map_wvp_loop_loop
        PASS [   1.292s] rust_verify_test::HashSetWithViewPlus hash_set_wvp_loop_loop
        PASS [   1.324s] rust_verify_test::HashMapWithViewPlus hash_map_wvp_for_iter
        PASS [   1.347s] rust_verify_test::HashSetWithViewPlus hash_set_wvp_for_iter
        PASS [   1.495s] rust_verify_test::MappingStEph mapping_st_eph_loop_loop
        PASS [   1.503s] rust_verify_test::MappingStEph mapping_st_eph_for_iter
        PASS [   1.281s] rust_verify_test::ProveAVLTreeSetMtEph avltreesetmteph_for_borrow_into
        PASS [   1.286s] rust_verify_test::ProveAVLTreeSetMtEph avltreesetmteph_for_borrow_iter
        PASS [   1.314s] rust_verify_test::ProveAVLTreeSetMtEph avltreesetmteph_loop_borrow_iter
        PASS [   1.309s] rust_verify_test::ProveArraySeq arrayseq_filter
        PASS [   1.181s] rust_verify_test::ProveArraySeq arrayseq_iterate
        PASS [   1.299s] rust_verify_test::ProveArraySeq arrayseq_for_iter
        PASS [   1.291s] rust_verify_test::ProveArraySeq arrayseq_iterate_prefixes
        PASS [   1.173s] rust_verify_test::ProveArraySeq arrayseq_map
        PASS [   1.307s] rust_verify_test::ProveArraySeq arrayseq_reduce
        PASS [   1.435s] rust_verify_test::ProveArraySeq arrayseq_loop_loop
        PASS [   1.506s] rust_verify_test::ProveArraySeq arrayseq_scan
        PASS [   1.418s] rust_verify_test::ProveArraySeq arrayseq_scan_inclusive
        PASS [   1.209s] rust_verify_test::ProveArraySeq arrayseq_tabulate
        PASS [   1.273s] rust_verify_test::ProveArraySeqMtEph arrayseqmteph_for_iter
        PASS [   1.247s] rust_verify_test::ProveArraySeqMtEph arrayseqmteph_loop_loop
        PASS [   1.356s] rust_verify_test::ProveArraySeqMtPer arrayseqmtper_for_iter
        PASS [   1.242s] rust_verify_test::ProveArraySeqMtPer arrayseqmtper_loop_loop
        PASS [   1.341s] rust_verify_test::ProveArraySeqStEph arrayseqsteph_for_borrow_into
        PASS [   1.366s] rust_verify_test::ProveArraySeqStEph arrayseqsteph_for_borrow_iter
        PASS [   1.404s] rust_verify_test::ProveArraySeqStEph arrayseqsteph_for_consume
        PASS [   1.345s] rust_verify_test::ProveArraySeqStEph arrayseqsteph_loop_borrow_into
        PASS [   1.248s] rust_verify_test::ProveArraySeqStEph arrayseqsteph_loop_borrow_iter
        PASS [   1.257s] rust_verify_test::ProveArraySeqStEph arrayseqsteph_loop_consume
        PASS [   1.418s] rust_verify_test::ProveArraySeqStPer arrayseqstper_for_iter
        PASS [   1.237s] rust_verify_test::ProveArraySeqStPer arrayseqstper_loop_loop
        PASS [   1.246s] rust_verify_test::ProveBFSMtEph chap54_bfsmteph_bottom_up_loop
        PASS [   1.268s] rust_verify_test::ProveBFSMtEph chap54_bfsmteph_top_down_loop
        PASS [   1.285s] rust_verify_test::ProveBFSStEph chap54_bfssteph_bottom_up_loop
        PASS [   1.252s] rust_verify_test::ProveBFSStEph chap54_bfssteph_top_down_loop
        PASS [   1.337s] rust_verify_test::ProveBalBinTreeStEph balbintree_for_inorder
        PASS [   1.386s] rust_verify_test::ProveBalBinTreeStEph balbintree_for_postorder
        PASS [   1.306s] rust_verify_test::ProveBalBinTreeStEph balbintree_for_preorder
        PASS [   1.238s] rust_verify_test::ProveBalBinTreeStEph balbintree_inorder_spec_match
        PASS [   1.220s] rust_verify_test::ProveBalBinTreeStEph balbintree_leaf_iter_exhausted
        PASS [   1.296s] rust_verify_test::ProveBalBinTreeStEph balbintree_leaf_traversals_empty
        PASS [   1.293s] rust_verify_test::ProveBalBinTreeStEph balbintree_loop_inorder
        PASS [   1.268s] rust_verify_test::ProveBalBinTreeStEph balbintree_postorder_spec_match
        PASS [   1.243s] rust_verify_test::ProveBalBinTreeStEph balbintree_preorder_spec_match
        PASS [   1.372s] rust_verify_test::ProveBalBinTreeStEph balbintree_loop_postorder
        PASS [   1.415s] rust_verify_test::ProveBalBinTreeStEph balbintree_loop_preorder
        PASS [   1.324s] rust_verify_test::ProveChap19ArraySeqMtEph chap19_arrayseqmteph_for_borrow_into
        PASS [   1.373s] rust_verify_test::ProveChap19ArraySeqMtEph chap19_arrayseqmteph_for_borrow_iter
        PASS [   1.303s] rust_verify_test::ProveChap19ArraySeqMtEph chap19_arrayseqmteph_for_consume
        PASS [   1.350s] rust_verify_test::ProveChap19ArraySeqMtEph chap19_arrayseqmteph_loop_borrow_into
        PASS [   1.287s] rust_verify_test::ProveChap19ArraySeqMtEph chap19_arrayseqmteph_loop_consume
        PASS [   1.376s] rust_verify_test::ProveChap19ArraySeqMtEph chap19_arrayseqmteph_loop_borrow_iter
        PASS [   1.297s] rust_verify_test::ProveChap19ArraySeqMtEphSlice slice_for_borrow_into
        PASS [   1.294s] rust_verify_test::ProveChap19ArraySeqMtEphSlice slice_for_borrow_iter
        PASS [   1.295s] rust_verify_test::ProveChap19ArraySeqMtEphSlice slice_iter_over_subslice
        PASS [   1.272s] rust_verify_test::ProveChap19ArraySeqMtEphSlice slice_loop_borrow_iter
        PASS [   1.268s] rust_verify_test::ProveChap19ArraySeqStEph chap19_arrayseqsteph_for_borrow_into
        PASS [   1.344s] rust_verify_test::ProveChap19ArraySeqMtEphSlice slice_operations
        PASS [   1.441s] rust_verify_test::ProveChap19ArraySeqStEph chap19_arrayseqsteph_for_borrow_iter
        PASS [   1.331s] rust_verify_test::ProveChap19ArraySeqStEph chap19_arrayseqsteph_for_consume
        PASS [   1.256s] rust_verify_test::ProveChap19ArraySeqStEph chap19_arrayseqsteph_loop_borrow_iter
        PASS [   1.331s] rust_verify_test::ProveChap19ArraySeqStEph chap19_arrayseqsteph_loop_consume
        PASS [   1.475s] rust_verify_test::ProveChap19ArraySeqStEph chap19_arrayseqsteph_loop_borrow_into
        PASS [   1.364s] rust_verify_test::ProveChap19ArraySeqStPer chap19_arrayseqstper_for_borrow_into
        PASS [   1.307s] rust_verify_test::ProveChap19ArraySeqStPer chap19_arrayseqstper_for_borrow_iter
        PASS [   1.286s] rust_verify_test::ProveChap19ArraySeqStPer chap19_arrayseqstper_for_consume
        PASS [   1.333s] rust_verify_test::ProveChap19ArraySeqStPer chap19_arrayseqstper_loop_borrow_into
        PASS [   1.223s] rust_verify_test::ProveChap19ArraySeqStPer chap19_arrayseqstper_loop_borrow_iter
        PASS [   1.297s] rust_verify_test::ProveChap19ArraySeqStPer chap19_arrayseqstper_loop_consume
        PASS [   1.270s] rust_verify_test::ProveKleeneStPer kleene_alphabet
        PASS [   1.305s] rust_verify_test::ProveKleeneStPer kleene_mem_plus
        PASS [   1.279s] rust_verify_test::ProveKleeneStPer kleene_mem_star
        PASS [   1.318s] rust_verify_test::ProveLinkedListStEph linkedliststeph_for_iter
        PASS [   1.336s] rust_verify_test::ProveLinkedListStEph linkedliststeph_loop_loop
        PASS [   1.347s] rust_verify_test::ProveLinkedListStPer linkedliststper_for_iter
        PASS [   1.389s] rust_verify_test::ProveLinkedListStPer linkedliststper_loop_loop
        PASS [   1.380s] rust_verify_test::ProveMathSeq mathseq_for_borrow_into
        PASS [   1.344s] rust_verify_test::ProveMathSeq mathseq_for_borrow_iter
        PASS [   1.323s] rust_verify_test::ProveMathSeq mathseq_loop_borrow_into
        PASS [   1.355s] rust_verify_test::ProveMathSeq mathseq_for_consume
        PASS [   1.304s] rust_verify_test::ProveMathSeq mathseq_loop_borrow_iter
        PASS [   1.320s] rust_verify_test::ProveMathSeq mathseq_loop_consume
        PASS [   1.511s] rust_verify_test::ProveOrderedTableStPer chap43_orderedtablestper_for_borrow_into
        PASS [   1.536s] rust_verify_test::ProveOrderedTableStPer chap43_orderedtablestper_for_borrow_iter
        PASS [   1.240s] rust_verify_test::ProvePrimTreeSeqStPer primtreeseq_for_borrow_into
        PASS [   1.478s] rust_verify_test::ProveOrderedTableStPer chap43_orderedtablestper_loop_borrow_iter
        PASS [   1.599s] rust_verify_test::ProveOrderedTableStPer chap43_orderedtablestper_loop_borrow_into
        PASS [   1.412s] rust_verify_test::ProvePrimTreeSeqStPer primtreeseq_for_borrow_iter
        PASS [   1.279s] rust_verify_test::ProvePrimTreeSeqStPer primtreeseq_for_consume
        PASS [   1.266s] rust_verify_test::ProvePrimTreeSeqStPer primtreeseq_loop_borrow_into
        PASS [   1.275s] rust_verify_test::ProvePrimTreeSeqStPer primtreeseq_loop_borrow_iter
        PASS [   1.220s] rust_verify_test::ProvePrimTreeSeqStPer primtreeseq_loop_consume
        PASS [   1.366s] rust_verify_test::ProveSetMtEph set_mt_eph_for_borrow_into
        PASS [   1.466s] rust_verify_test::ProveSetMtEph set_mt_eph_for_borrow_iter
        PASS [   1.316s] rust_verify_test::ProveSetMtEph set_mt_eph_loop_borrow_iter
        PASS [   1.314s] rust_verify_test::Provedeep_view_standard deep_view_standard_for_borrow_into
        PASS [   1.280s] rust_verify_test::Provedeep_view_standard deep_view_standard_for_borrow_iter
        PASS [   1.444s] rust_verify_test::Provedeep_view_standard deep_view_standard_for_consume
        PASS [   1.292s] rust_verify_test::Provedeep_view_standard deep_view_standard_loop_borrow_into
        PASS [   1.329s] rust_verify_test::Provedeep_view_standard deep_view_standard_loop_borrow_iter
        PASS [   1.291s] rust_verify_test::Provedeep_view_standard deep_view_standard_loop_consume
        PASS [   1.179s] rust_verify_test::Provedeep_view_standard deep_view_standard_simple
        PASS [   1.413s] rust_verify_test::Proveiterators_standard iterators_standard_for_borrow_into
        PASS [   1.342s] rust_verify_test::Proveiterators_standard iterators_standard_for_borrow_iter
        PASS [   1.318s] rust_verify_test::Proveiterators_standard iterators_standard_for_consume
        PASS [   1.309s] rust_verify_test::Proveiterators_standard iterators_standard_loop_borrow_iter
        PASS [   1.288s] rust_verify_test::Proveiterators_standard iterators_standard_loop_consume
        PASS [   1.456s] rust_verify_test::Proveiterators_standard iterators_standard_loop_borrow_into
        PASS [   1.438s] rust_verify_test::Provemod_standard mod_standard_for_borrow_into
        PASS [   1.309s] rust_verify_test::Provemod_standard mod_standard_for_borrow_iter
        PASS [   1.365s] rust_verify_test::Provemod_standard mod_standard_for_consume
        PASS [   1.319s] rust_verify_test::Provemod_standard mod_standard_loop_borrow_into
        PASS [   1.261s] rust_verify_test::Provemod_standard mod_standard_loop_consume
        PASS [   1.349s] rust_verify_test::Provemod_standard mod_standard_loop_borrow_iter
        PASS [   1.312s] rust_verify_test::Provetable_of_contents_standard toc_standard_for_borrow_iter
        PASS [   1.363s] rust_verify_test::Provetable_of_contents_standard toc_standard_for_borrow_into
        PASS [   1.273s] rust_verify_test::Provetable_of_contents_standard toc_standard_for_consume
        PASS [   1.260s] rust_verify_test::Provetable_of_contents_standard toc_standard_loop_borrow_iter
        PASS [   1.239s] rust_verify_test::Provetable_of_contents_standard toc_standard_loop_consume
        PASS [   1.359s] rust_verify_test::Provetable_of_contents_standard toc_standard_loop_borrow_into
        PASS [   1.257s] rust_verify_test::Proveusing_closures_standard closures_ghost_spec_fn
        PASS [   1.301s] rust_verify_test::Proveusing_closures_standard closures_inline_requires_ensures
        PASS [   1.268s] rust_verify_test::Proveusing_closures_standard closures_let_bind_ensures
        PASS [   1.288s] rust_verify_test::Proveusing_closures_standard closures_map_apply
        PASS [   1.241s] rust_verify_test::Proveview_standard view_standard_collection
        PASS [   1.300s] rust_verify_test::Proveview_standard view_standard_for_borrow_into
        PASS [   1.280s] rust_verify_test::Proveview_standard view_standard_for_borrow_iter
        PASS [   1.266s] rust_verify_test::Proveview_standard view_standard_loop_borrow_into
        PASS [   1.410s] rust_verify_test::Proveview_standard view_standard_for_consume
        PASS [   1.250s] rust_verify_test::Proveview_standard view_standard_loop_consume
        PASS [   1.296s] rust_verify_test::Proveview_standard view_standard_simple
        PASS [   1.391s] rust_verify_test::Proveview_standard view_standard_loop_borrow_iter
        PASS [   1.392s] rust_verify_test::Provewrapping_iterators_standard wrapping_for_borrow_into
        PASS [   1.348s] rust_verify_test::Provewrapping_iterators_standard wrapping_for_borrow_iter
        PASS [   1.338s] rust_verify_test::Provewrapping_iterators_standard wrapping_loop_borrow_into
        PASS [   1.391s] rust_verify_test::Provewrapping_iterators_standard wrapping_loop_borrow_iter
        PASS [   1.419s] rust_verify_test::RelationStEph relation_st_eph_loop_loop
        PASS [   1.488s] rust_verify_test::RelationStEph relation_st_eph_for_iter
        PASS [   1.283s] rust_verify_test::SetMtEph set_mt_eph_from_vec
        PASS [   1.286s] rust_verify_test::SetMtEph set_mt_eph_loop_loop
        PASS [   1.477s] rust_verify_test::SetMtEph set_mt_eph_for_iter
        PASS [   1.380s] rust_verify_test::SetStEph set_st_eph_from_vec
        PASS [   1.534s] rust_verify_test::SetStEph set_st_eph_for_iter
        PASS [   1.338s] rust_verify_test::SetStEph set_st_eph_loop_loop
        PASS [   1.132s] rust_verify_test::prove_MathSeq_iters mathseq_iter_consuming
        PASS [   1.122s] rust_verify_test::prove_MathSeq_iters mathseq_iter_nested
        PASS [   1.127s] rust_verify_test::prove_MathSeq_iters mathseq_iter_range
────────────
     Summary [  32.888s] 147 tests run: 147 passed, 0 skipped
Elapsed: 97s
