verification results:: 4437 verified, 0 errors
   Compiling rust_verify_test v0.1.0 (/home/milnes/projects/APAS-VERUS-agent2/rust_verify_test)
    Finished `release` profile [optimized] target(s) in 1.42s
────────────
 Nextest run ID 567f5747-b75e-4614-b87f-7e8bcbb83655 with nextest profile: default
    Starting 157 tests across 37 binaries
        PASS [   1.586s] rust_verify_test::HashMapWithViewPlus hash_map_wvp_loop_loop
        PASS [   1.640s] rust_verify_test::HashSetWithViewPlus hash_set_wvp_for_iter
        PASS [   1.710s] rust_verify_test::HashSetWithViewPlus hash_set_wvp_loop_loop
        FAIL [   0.125s] rust_verify_test::ProveAVLTreeSeqMtPer avltreeseqmtper_for_borrow_into
  stdout ───

    running 1 test
    test avltreeseqmtper_for_borrow_into ... FAILED

    failures:

    failures:
        avltreeseqmtper_for_borrow_into

    test result: FAILED. 0 passed; 1 failed; 0 ignored; 0 measured; 3 filtered out; finished in 0.12s

  stderr ───
    error[E0433]: failed to resolve: could not find `AVLTreeSeqMtPer` in `Chap37`
      --> /home/milnes/projects/APAS-VERUS-agent2/rust_verify_test/target/release/test_inputs/ProveAVLTreeSeqMtPer-8ba2fd2263e44e57-avltreeseqmtper_for_borrow_into/test.rs:17:25
       |
    17 | use apas_verus::Chap37::AVLTreeSeqMtPer::AVLTreeSeqMtPer::*;
       |                         ^^^^^^^^^^^^^^^ could not find `AVLTreeSeqMtPer` in `Chap37`
       |
    note: found an item that was configured out
      --> src/lib.rs:466:10
       |
       = note: the item is gated behind the `all_chapters` feature


    error[E0433]: failed to resolve: use of undeclared type `AVLTreeSeqMtPerS`
      --> /home/milnes/projects/APAS-VERUS-agent2/rust_verify_test/target/release/test_inputs/ProveAVLTreeSeqMtPer-8ba2fd2263e44e57-avltreeseqmtper_for_borrow_into/test.rs:20:16
       |
    20 |     let tree = AVLTreeSeqMtPerS::<u64>::singleton(77);
       |                ^^^^^^^^^^^^^^^^ use of undeclared type `AVLTreeSeqMtPerS`


    error: aborting due to 2 previous errors


    For more information about this error, try `rustc --explain E0433`.

    the input directory is /home/milnes/projects/APAS-VERUS-agent2/rust_verify_test/target/release/test_inputs/ProveAVLTreeSeqMtPer-8ba2fd2263e44e57-avltreeseqmtper_for_borrow_into
    rerun this test with:
    verus --crate-type=lib  /home/milnes/projects/APAS-VERUS-agent2/rust_verify_test/target/release/test_inputs/ProveAVLTreeSeqMtPer-8ba2fd2263e44e57-avltreeseqmtper_for_borrow_into/test.rs


    thread 'avltreeseqmtper_for_borrow_into' (2021488) panicked at tests/Chap37/ProveAVLTreeSeqMtPer.rs:121:1:
    Err(_) does not match $result
    note: run with `RUST_BACKTRACE=1` environment variable to display a backtrace

        PASS [   1.755s] rust_verify_test::HashMapWithViewPlus hash_map_wvp_for_iter
        FAIL [   0.117s] rust_verify_test::ProveAVLTreeSeqMtPer avltreeseqmtper_for_borrow_iter
  stdout ───

    running 1 test
    test avltreeseqmtper_for_borrow_iter ... FAILED

    failures:

    failures:
        avltreeseqmtper_for_borrow_iter

    test result: FAILED. 0 passed; 1 failed; 0 ignored; 0 measured; 3 filtered out; finished in 0.11s

  stderr ───
    error[E0433]: failed to resolve: could not find `AVLTreeSeqMtPer` in `Chap37`
      --> /home/milnes/projects/APAS-VERUS-agent2/rust_verify_test/target/release/test_inputs/ProveAVLTreeSeqMtPer-8ba2fd2263e44e57-avltreeseqmtper_for_borrow_iter/test.rs:17:25
       |
    17 | use apas_verus::Chap37::AVLTreeSeqMtPer::AVLTreeSeqMtPer::*;
       |                         ^^^^^^^^^^^^^^^ could not find `AVLTreeSeqMtPer` in `Chap37`
       |
    note: found an item that was configured out
      --> src/lib.rs:466:10
       |
       = note: the item is gated behind the `all_chapters` feature


    error[E0433]: failed to resolve: use of undeclared type `AVLTreeSeqMtPerS`
      --> /home/milnes/projects/APAS-VERUS-agent2/rust_verify_test/target/release/test_inputs/ProveAVLTreeSeqMtPer-8ba2fd2263e44e57-avltreeseqmtper_for_borrow_iter/test.rs:20:16
       |
    20 |     let tree = AVLTreeSeqMtPerS::<u64>::singleton(99);
       |                ^^^^^^^^^^^^^^^^ use of undeclared type `AVLTreeSeqMtPerS`


    error: aborting due to 2 previous errors


    For more information about this error, try `rustc --explain E0433`.

    the input directory is /home/milnes/projects/APAS-VERUS-agent2/rust_verify_test/target/release/test_inputs/ProveAVLTreeSeqMtPer-8ba2fd2263e44e57-avltreeseqmtper_for_borrow_iter
    rerun this test with:
    verus --crate-type=lib  /home/milnes/projects/APAS-VERUS-agent2/rust_verify_test/target/release/test_inputs/ProveAVLTreeSeqMtPer-8ba2fd2263e44e57-avltreeseqmtper_for_borrow_iter/test.rs


    thread 'avltreeseqmtper_for_borrow_iter' (2021512) panicked at tests/Chap37/ProveAVLTreeSeqMtPer.rs:91:1:
    Err(_) does not match $result
    note: run with `RUST_BACKTRACE=1` environment variable to display a backtrace

        PASS [   1.795s] rust_verify_test::MappingStEph mapping_st_eph_loop_loop
        FAIL [   0.121s] rust_verify_test::ProveAVLTreeSeqMtPer avltreeseqmtper_loop_borrow_iter
  stdout ───

    running 1 test
    test avltreeseqmtper_loop_borrow_iter ... FAILED

    failures:

    failures:
        avltreeseqmtper_loop_borrow_iter

    test result: FAILED. 0 passed; 1 failed; 0 ignored; 0 measured; 3 filtered out; finished in 0.12s

  stderr ───
    error[E0433]: failed to resolve: could not find `AVLTreeSeqMtPer` in `Chap37`
      --> /home/milnes/projects/APAS-VERUS-agent2/rust_verify_test/target/release/test_inputs/ProveAVLTreeSeqMtPer-8ba2fd2263e44e57-avltreeseqmtper_loop_borrow_iter/test.rs:17:25
       |
    17 | use apas_verus::Chap37::AVLTreeSeqMtPer::AVLTreeSeqMtPer::*;
       |                         ^^^^^^^^^^^^^^^ could not find `AVLTreeSeqMtPer` in `Chap37`
       |
    note: found an item that was configured out
      --> src/lib.rs:466:10
       |
       = note: the item is gated behind the `all_chapters` feature


    error[E0425]: cannot find function `iter_invariant` in this scope
      --> /home/milnes/projects/APAS-VERUS-agent2/rust_verify_test/target/release/test_inputs/ProveAVLTreeSeqMtPer-8ba2fd2263e44e57-avltreeseqmtper_loop_borrow_iter/test.rs:30:13
       |
    30 |             iter_invariant(&it),
       |             ^^^^^^^^^^^^^^ not found in this scope
       |
    help: consider importing one of these functions
       |
    11 + use apas_verus::Chap05::SetMtEph::SetMtEph::iter_invariant;
       |
    11 + use apas_verus::Chap05::SetStEph::SetStEph::iter_invariant;
       |
    11 + use apas_verus::Chap17::MathSeq::MathSeq::iter_invariant;
       |
    11 + use apas_verus::Chap18::ArraySeq::ArraySeq::iter_invariant;
       |
       = and 22 other candidates


    error[E0433]: failed to resolve: use of undeclared type `AVLTreeSeqMtPerS`
      --> /home/milnes/projects/APAS-VERUS-agent2/rust_verify_test/target/release/test_inputs/ProveAVLTreeSeqMtPer-8ba2fd2263e44e57-avltreeseqmtper_loop_borrow_iter/test.rs:20:16
       |
    20 |     let tree = AVLTreeSeqMtPerS::<u64>::singleton(42);
       |                ^^^^^^^^^^^^^^^^ use of undeclared type `AVLTreeSeqMtPerS`


    error: aborting due to 3 previous errors


    Some errors have detailed explanations: E0425, E0433.

    For more information about an error, try `rustc --explain E0425`.

    the input directory is /home/milnes/projects/APAS-VERUS-agent2/rust_verify_test/target/release/test_inputs/ProveAVLTreeSeqMtPer-8ba2fd2263e44e57-avltreeseqmtper_loop_borrow_iter
    rerun this test with:
    verus --crate-type=lib  /home/milnes/projects/APAS-VERUS-agent2/rust_verify_test/target/release/test_inputs/ProveAVLTreeSeqMtPer-8ba2fd2263e44e57-avltreeseqmtper_loop_borrow_iter/test.rs


    thread 'avltreeseqmtper_loop_borrow_iter' (2021537) panicked at tests/Chap37/ProveAVLTreeSeqMtPer.rs:15:1:
    Err(_) does not match $result
    note: run with `RUST_BACKTRACE=1` environment variable to display a backtrace

        FAIL [   0.144s] rust_verify_test::ProveAVLTreeSeqMtPer avltreeseqmtper_loop_borrow_into
  stdout ───

    running 1 test
    test avltreeseqmtper_loop_borrow_into ... FAILED

    failures:

    failures:
        avltreeseqmtper_loop_borrow_into

    test result: FAILED. 0 passed; 1 failed; 0 ignored; 0 measured; 3 filtered out; finished in 0.14s

  stderr ───
    error[E0433]: failed to resolve: could not find `AVLTreeSeqMtPer` in `Chap37`
      --> /home/milnes/projects/APAS-VERUS-agent2/rust_verify_test/target/release/test_inputs/ProveAVLTreeSeqMtPer-8ba2fd2263e44e57-avltreeseqmtper_loop_borrow_into/test.rs:17:25
       |
    17 | use apas_verus::Chap37::AVLTreeSeqMtPer::AVLTreeSeqMtPer::*;
       |                         ^^^^^^^^^^^^^^^ could not find `AVLTreeSeqMtPer` in `Chap37`
       |
    note: found an item that was configured out
      --> src/lib.rs:466:10
       |
       = note: the item is gated behind the `all_chapters` feature


    error[E0425]: cannot find function `iter_invariant` in this scope
      --> /home/milnes/projects/APAS-VERUS-agent2/rust_verify_test/target/release/test_inputs/ProveAVLTreeSeqMtPer-8ba2fd2263e44e57-avltreeseqmtper_loop_borrow_into/test.rs:30:13
       |
    30 |             iter_invariant(&it),
       |             ^^^^^^^^^^^^^^ not found in this scope
       |
    help: consider importing one of these functions
       |
    11 + use apas_verus::Chap05::SetMtEph::SetMtEph::iter_invariant;
       |
    11 + use apas_verus::Chap05::SetStEph::SetStEph::iter_invariant;
       |
    11 + use apas_verus::Chap17::MathSeq::MathSeq::iter_invariant;
       |
    11 + use apas_verus::Chap18::ArraySeq::ArraySeq::iter_invariant;
       |
       = and 22 other candidates


    error[E0433]: failed to resolve: use of undeclared type `AVLTreeSeqMtPerS`
      --> /home/milnes/projects/APAS-VERUS-agent2/rust_verify_test/target/release/test_inputs/ProveAVLTreeSeqMtPer-8ba2fd2263e44e57-avltreeseqmtper_loop_borrow_into/test.rs:20:16
       |
    20 |     let tree = AVLTreeSeqMtPerS::<u64>::singleton(55);
       |                ^^^^^^^^^^^^^^^^ use of undeclared type `AVLTreeSeqMtPerS`


    error: aborting due to 3 previous errors


    Some errors have detailed explanations: E0425, E0433.

    For more information about an error, try `rustc --explain E0425`.

    the input directory is /home/milnes/projects/APAS-VERUS-agent2/rust_verify_test/target/release/test_inputs/ProveAVLTreeSeqMtPer-8ba2fd2263e44e57-avltreeseqmtper_loop_borrow_into
    rerun this test with:
    verus --crate-type=lib  /home/milnes/projects/APAS-VERUS-agent2/rust_verify_test/target/release/test_inputs/ProveAVLTreeSeqMtPer-8ba2fd2263e44e57-avltreeseqmtper_loop_borrow_into/test.rs


    thread 'avltreeseqmtper_loop_borrow_into' (2021535) panicked at tests/Chap37/ProveAVLTreeSeqMtPer.rs:53:1:
    Err(_) does not match $result
    note: run with `RUST_BACKTRACE=1` environment variable to display a backtrace

        PASS [   2.157s] rust_verify_test::MappingStEph mapping_st_eph_for_iter
        PASS [   1.432s] rust_verify_test::ProveAVLTreeSetMtEph avltreesetmteph_loop_borrow_iter
        PASS [   1.536s] rust_verify_test::ProveAVLTreeSetMtEph avltreesetmteph_for_borrow_iter
        PASS [   1.508s] rust_verify_test::ProveArraySeq arrayseq_filter
        PASS [   1.685s] rust_verify_test::ProveAVLTreeSetMtEph avltreesetmteph_for_borrow_into
        PASS [   1.628s] rust_verify_test::ProveArraySeq arrayseq_for_iter
        PASS [   1.464s] rust_verify_test::ProveArraySeq arrayseq_iterate
        PASS [   1.430s] rust_verify_test::ProveArraySeq arrayseq_map
        PASS [   1.587s] rust_verify_test::ProveArraySeq arrayseq_iterate_prefixes
        PASS [   1.703s] rust_verify_test::ProveArraySeq arrayseq_loop_loop
        PASS [   1.582s] rust_verify_test::ProveArraySeq arrayseq_reduce
        PASS [   1.760s] rust_verify_test::ProveArraySeq arrayseq_scan
        PASS [   1.627s] rust_verify_test::ProveArraySeq arrayseq_scan_inclusive
        PASS [   1.322s] rust_verify_test::ProveArraySeq arrayseq_tabulate
        PASS [   1.503s] rust_verify_test::ProveArraySeqMtEph arrayseqmteph_loop_loop
        PASS [   1.868s] rust_verify_test::ProveArraySeqMtEph arrayseqmteph_for_iter
        PASS [   1.714s] rust_verify_test::ProveArraySeqMtPer arrayseqmtper_for_iter
        PASS [   1.509s] rust_verify_test::ProveArraySeqMtPer arrayseqmtper_loop_loop
        PASS [   1.648s] rust_verify_test::ProveArraySeqStEph arrayseqsteph_for_borrow_into
        PASS [   1.537s] rust_verify_test::ProveArraySeqStEph arrayseqsteph_for_borrow_iter
        PASS [   1.537s] rust_verify_test::ProveArraySeqStEph arrayseqsteph_for_consume
        PASS [   1.443s] rust_verify_test::ProveArraySeqStEph arrayseqsteph_loop_borrow_into
        PASS [   1.555s] rust_verify_test::ProveArraySeqStEph arrayseqsteph_loop_borrow_iter
        PASS [   1.668s] rust_verify_test::ProveArraySeqStEph arrayseqsteph_loop_consume
        PASS [   1.638s] rust_verify_test::ProveArraySeqStPer arrayseqstper_for_iter
        FAIL [   0.110s] rust_verify_test::ProveBSTSetAVLMtEph bstsetavlmteph_for_borrow_into
  stdout ───

    running 1 test
    test bstsetavlmteph_for_borrow_into ... FAILED

    failures:

    failures:
        bstsetavlmteph_for_borrow_into

    test result: FAILED. 0 passed; 1 failed; 0 ignored; 0 measured; 3 filtered out; finished in 0.11s

  stderr ───
    error[E0433]: failed to resolve: could not find `BSTSetAVLMtEph` in `Chap37`
      --> /home/milnes/projects/APAS-VERUS-agent2/rust_verify_test/target/release/test_inputs/ProveBSTSetAVLMtEph-3cca45027c38be06-bstsetavlmteph_for_borrow_into/test.rs:17:25
       |
    17 | use apas_verus::Chap37::BSTSetAVLMtEph::BSTSetAVLMtEph::*;
       |                         ^^^^^^^^^^^^^^ could not find `BSTSetAVLMtEph` in `Chap37`
       |
    note: found an item that was configured out
      --> src/lib.rs:482:10
       |
       = note: the item is gated behind the `all_chapters` feature


    error[E0433]: failed to resolve: use of undeclared type `BSTSetAVLMtEph`
      --> /home/milnes/projects/APAS-VERUS-agent2/rust_verify_test/target/release/test_inputs/ProveBSTSetAVLMtEph-3cca45027c38be06-bstsetavlmteph_for_borrow_into/test.rs:20:15
       |
    20 |     let set = BSTSetAVLMtEph::<u64>::singleton(77);
       |               ^^^^^^^^^^^^^^ use of undeclared type `BSTSetAVLMtEph`


    error: aborting due to 2 previous errors


    For more information about this error, try `rustc --explain E0433`.

    the input directory is /home/milnes/projects/APAS-VERUS-agent2/rust_verify_test/target/release/test_inputs/ProveBSTSetAVLMtEph-3cca45027c38be06-bstsetavlmteph_for_borrow_into
    rerun this test with:
    verus --crate-type=lib  /home/milnes/projects/APAS-VERUS-agent2/rust_verify_test/target/release/test_inputs/ProveBSTSetAVLMtEph-3cca45027c38be06-bstsetavlmteph_for_borrow_into/test.rs


    thread 'bstsetavlmteph_for_borrow_into' (2022508) panicked at tests/Chap37/ProveBSTSetAVLMtEph.rs:121:1:
    Err(_) does not match $result
    note: run with `RUST_BACKTRACE=1` environment variable to display a backtrace

        FAIL [   0.130s] rust_verify_test::ProveBSTSetAVLMtEph bstsetavlmteph_for_borrow_iter
  stdout ───

    running 1 test
    test bstsetavlmteph_for_borrow_iter ... FAILED

    failures:

    failures:
        bstsetavlmteph_for_borrow_iter

    test result: FAILED. 0 passed; 1 failed; 0 ignored; 0 measured; 3 filtered out; finished in 0.13s

  stderr ───
    error[E0433]: failed to resolve: could not find `BSTSetAVLMtEph` in `Chap37`
      --> /home/milnes/projects/APAS-VERUS-agent2/rust_verify_test/target/release/test_inputs/ProveBSTSetAVLMtEph-3cca45027c38be06-bstsetavlmteph_for_borrow_iter/test.rs:17:25
       |
    17 | use apas_verus::Chap37::BSTSetAVLMtEph::BSTSetAVLMtEph::*;
       |                         ^^^^^^^^^^^^^^ could not find `BSTSetAVLMtEph` in `Chap37`
       |
    note: found an item that was configured out
      --> src/lib.rs:482:10
       |
       = note: the item is gated behind the `all_chapters` feature


    error[E0433]: failed to resolve: use of undeclared type `BSTSetAVLMtEph`
      --> /home/milnes/projects/APAS-VERUS-agent2/rust_verify_test/target/release/test_inputs/ProveBSTSetAVLMtEph-3cca45027c38be06-bstsetavlmteph_for_borrow_iter/test.rs:20:15
       |
    20 |     let set = BSTSetAVLMtEph::<u64>::singleton(99);
       |               ^^^^^^^^^^^^^^ use of undeclared type `BSTSetAVLMtEph`


    error: aborting due to 2 previous errors


    For more information about this error, try `rustc --explain E0433`.

    the input directory is /home/milnes/projects/APAS-VERUS-agent2/rust_verify_test/target/release/test_inputs/ProveBSTSetAVLMtEph-3cca45027c38be06-bstsetavlmteph_for_borrow_iter
    rerun this test with:
    verus --crate-type=lib  /home/milnes/projects/APAS-VERUS-agent2/rust_verify_test/target/release/test_inputs/ProveBSTSetAVLMtEph-3cca45027c38be06-bstsetavlmteph_for_borrow_iter/test.rs


    thread 'bstsetavlmteph_for_borrow_iter' (2022534) panicked at tests/Chap37/ProveBSTSetAVLMtEph.rs:91:1:
    Err(_) does not match $result
    note: run with `RUST_BACKTRACE=1` environment variable to display a backtrace

        FAIL [   0.120s] rust_verify_test::ProveBSTSetAVLMtEph bstsetavlmteph_loop_borrow_into
  stdout ───

    running 1 test
    test bstsetavlmteph_loop_borrow_into ... FAILED

    failures:

    failures:
        bstsetavlmteph_loop_borrow_into

    test result: FAILED. 0 passed; 1 failed; 0 ignored; 0 measured; 3 filtered out; finished in 0.12s

  stderr ───
    error[E0433]: failed to resolve: could not find `BSTSetAVLMtEph` in `Chap37`
      --> /home/milnes/projects/APAS-VERUS-agent2/rust_verify_test/target/release/test_inputs/ProveBSTSetAVLMtEph-3cca45027c38be06-bstsetavlmteph_loop_borrow_into/test.rs:17:25
       |
    17 | use apas_verus::Chap37::BSTSetAVLMtEph::BSTSetAVLMtEph::*;
       |                         ^^^^^^^^^^^^^^ could not find `BSTSetAVLMtEph` in `Chap37`
       |
    note: found an item that was configured out
      --> src/lib.rs:482:10
       |
       = note: the item is gated behind the `all_chapters` feature


    error[E0433]: failed to resolve: use of undeclared type `BSTSetAVLMtEph`
      --> /home/milnes/projects/APAS-VERUS-agent2/rust_verify_test/target/release/test_inputs/ProveBSTSetAVLMtEph-3cca45027c38be06-bstsetavlmteph_loop_borrow_into/test.rs:20:15
       |
    20 |     let set = BSTSetAVLMtEph::<u64>::singleton(55);
       |               ^^^^^^^^^^^^^^ use of undeclared type `BSTSetAVLMtEph`


    error[E0425]: cannot find function `bstsetavlmteph_iter_invariant` in this scope
      --> /home/milnes/projects/APAS-VERUS-agent2/rust_verify_test/target/release/test_inputs/ProveBSTSetAVLMtEph-3cca45027c38be06-bstsetavlmteph_loop_borrow_into/test.rs:30:13
       |
    30 |             bstsetavlmteph_iter_invariant(&it),
       |             ^^^^^^^^^^^^^^^^^^^^^^^^^^^^^ not found in this scope


    error: aborting due to 3 previous errors


    Some errors have detailed explanations: E0425, E0433.

    For more information about an error, try `rustc --explain E0425`.

    the input directory is /home/milnes/projects/APAS-VERUS-agent2/rust_verify_test/target/release/test_inputs/ProveBSTSetAVLMtEph-3cca45027c38be06-bstsetavlmteph_loop_borrow_into
    rerun this test with:
    verus --crate-type=lib  /home/milnes/projects/APAS-VERUS-agent2/rust_verify_test/target/release/test_inputs/ProveBSTSetAVLMtEph-3cca45027c38be06-bstsetavlmteph_loop_borrow_into/test.rs


    thread 'bstsetavlmteph_loop_borrow_into' (2022558) panicked at tests/Chap37/ProveBSTSetAVLMtEph.rs:53:1:
    Err(_) does not match $result
    note: run with `RUST_BACKTRACE=1` environment variable to display a backtrace

        FAIL [   0.143s] rust_verify_test::ProveBSTSetAVLMtEph bstsetavlmteph_loop_borrow_iter
  stdout ───

    running 1 test
    test bstsetavlmteph_loop_borrow_iter ... FAILED

    failures:

    failures:
        bstsetavlmteph_loop_borrow_iter

    test result: FAILED. 0 passed; 1 failed; 0 ignored; 0 measured; 3 filtered out; finished in 0.14s

  stderr ───
    error[E0433]: failed to resolve: could not find `BSTSetAVLMtEph` in `Chap37`
      --> /home/milnes/projects/APAS-VERUS-agent2/rust_verify_test/target/release/test_inputs/ProveBSTSetAVLMtEph-3cca45027c38be06-bstsetavlmteph_loop_borrow_iter/test.rs:17:25
       |
    17 | use apas_verus::Chap37::BSTSetAVLMtEph::BSTSetAVLMtEph::*;
       |                         ^^^^^^^^^^^^^^ could not find `BSTSetAVLMtEph` in `Chap37`
       |
    note: found an item that was configured out
      --> src/lib.rs:482:10
       |
       = note: the item is gated behind the `all_chapters` feature


    error[E0433]: failed to resolve: use of undeclared type `BSTSetAVLMtEph`
      --> /home/milnes/projects/APAS-VERUS-agent2/rust_verify_test/target/release/test_inputs/ProveBSTSetAVLMtEph-3cca45027c38be06-bstsetavlmteph_loop_borrow_iter/test.rs:20:15
       |
    20 |     let set = BSTSetAVLMtEph::<u64>::singleton(42);
       |               ^^^^^^^^^^^^^^ use of undeclared type `BSTSetAVLMtEph`


    error[E0425]: cannot find function `bstsetavlmteph_iter_invariant` in this scope
      --> /home/milnes/projects/APAS-VERUS-agent2/rust_verify_test/target/release/test_inputs/ProveBSTSetAVLMtEph-3cca45027c38be06-bstsetavlmteph_loop_borrow_iter/test.rs:30:13
       |
    30 |             bstsetavlmteph_iter_invariant(&it),
       |             ^^^^^^^^^^^^^^^^^^^^^^^^^^^^^ not found in this scope


    error: aborting due to 3 previous errors


    Some errors have detailed explanations: E0425, E0433.

    For more information about an error, try `rustc --explain E0425`.

    the input directory is /home/milnes/projects/APAS-VERUS-agent2/rust_verify_test/target/release/test_inputs/ProveBSTSetAVLMtEph-3cca45027c38be06-bstsetavlmteph_loop_borrow_iter
    rerun this test with:
    verus --crate-type=lib  /home/milnes/projects/APAS-VERUS-agent2/rust_verify_test/target/release/test_inputs/ProveBSTSetAVLMtEph-3cca45027c38be06-bstsetavlmteph_loop_borrow_iter/test.rs


    thread 'bstsetavlmteph_loop_borrow_iter' (2022580) panicked at tests/Chap37/ProveBSTSetAVLMtEph.rs:15:1:
    Err(_) does not match $result
    note: run with `RUST_BACKTRACE=1` environment variable to display a backtrace

        PASS [   1.471s] rust_verify_test::ProveArraySeqStPer arrayseqstper_loop_loop
        FAIL [   0.122s] rust_verify_test::ProveBSTSetBBAlphaMtEph bstsetbbalphamteph_for_borrow_into
  stdout ───

    running 1 test
    test bstsetbbalphamteph_for_borrow_into ... FAILED

    failures:

    failures:
        bstsetbbalphamteph_for_borrow_into

    test result: FAILED. 0 passed; 1 failed; 0 ignored; 0 measured; 3 filtered out; finished in 0.12s

  stderr ───
    error[E0433]: failed to resolve: could not find `BSTSetBBAlphaMtEph` in `Chap37`
      --> /home/milnes/projects/APAS-VERUS-agent2/rust_verify_test/target/release/test_inputs/ProveBSTSetBBAlphaMtEph-26897c67b33d9fd8-bstsetbbalphamteph_for_borrow_into/test.rs:17:25
       |
    17 | use apas_verus::Chap37::BSTSetBBAlphaMtEph::BSTSetBBAlphaMtEph::*;
       |                         ^^^^^^^^^^^^^^^^^^ could not find `BSTSetBBAlphaMtEph` in `Chap37`
       |
    note: found an item that was configured out
      --> src/lib.rs:488:10
       |
       = note: the item is gated behind the `all_chapters` feature


    error[E0433]: failed to resolve: use of undeclared type `BSTSetBBAlphaMtEph`
      --> /home/milnes/projects/APAS-VERUS-agent2/rust_verify_test/target/release/test_inputs/ProveBSTSetBBAlphaMtEph-26897c67b33d9fd8-bstsetbbalphamteph_for_borrow_into/test.rs:20:15
       |
    20 |     let set = BSTSetBBAlphaMtEph::<u64>::singleton(77);
       |               ^^^^^^^^^^^^^^^^^^ use of undeclared type `BSTSetBBAlphaMtEph`


    error: aborting due to 2 previous errors


    For more information about this error, try `rustc --explain E0433`.

    the input directory is /home/milnes/projects/APAS-VERUS-agent2/rust_verify_test/target/release/test_inputs/ProveBSTSetBBAlphaMtEph-26897c67b33d9fd8-bstsetbbalphamteph_for_borrow_into
    rerun this test with:
    verus --crate-type=lib  /home/milnes/projects/APAS-VERUS-agent2/rust_verify_test/target/release/test_inputs/ProveBSTSetBBAlphaMtEph-26897c67b33d9fd8-bstsetbbalphamteph_for_borrow_into/test.rs


    thread 'bstsetbbalphamteph_for_borrow_into' (2022602) panicked at tests/Chap37/ProveBSTSetBBAlphaMtEph.rs:121:1:
    Err(_) does not match $result
    note: run with `RUST_BACKTRACE=1` environment variable to display a backtrace

        FAIL [   0.118s] rust_verify_test::ProveBSTSetBBAlphaMtEph bstsetbbalphamteph_for_borrow_iter
  stdout ───

    running 1 test
    test bstsetbbalphamteph_for_borrow_iter ... FAILED

    failures:

    failures:
        bstsetbbalphamteph_for_borrow_iter

    test result: FAILED. 0 passed; 1 failed; 0 ignored; 0 measured; 3 filtered out; finished in 0.11s

  stderr ───
    error[E0433]: failed to resolve: could not find `BSTSetBBAlphaMtEph` in `Chap37`
      --> /home/milnes/projects/APAS-VERUS-agent2/rust_verify_test/target/release/test_inputs/ProveBSTSetBBAlphaMtEph-26897c67b33d9fd8-bstsetbbalphamteph_for_borrow_iter/test.rs:17:25
       |
    17 | use apas_verus::Chap37::BSTSetBBAlphaMtEph::BSTSetBBAlphaMtEph::*;
       |                         ^^^^^^^^^^^^^^^^^^ could not find `BSTSetBBAlphaMtEph` in `Chap37`
       |
    note: found an item that was configured out
      --> src/lib.rs:488:10
       |
       = note: the item is gated behind the `all_chapters` feature


    error[E0433]: failed to resolve: use of undeclared type `BSTSetBBAlphaMtEph`
      --> /home/milnes/projects/APAS-VERUS-agent2/rust_verify_test/target/release/test_inputs/ProveBSTSetBBAlphaMtEph-26897c67b33d9fd8-bstsetbbalphamteph_for_borrow_iter/test.rs:20:15
       |
    20 |     let set = BSTSetBBAlphaMtEph::<u64>::singleton(99);
       |               ^^^^^^^^^^^^^^^^^^ use of undeclared type `BSTSetBBAlphaMtEph`


    error: aborting due to 2 previous errors


    For more information about this error, try `rustc --explain E0433`.

    the input directory is /home/milnes/projects/APAS-VERUS-agent2/rust_verify_test/target/release/test_inputs/ProveBSTSetBBAlphaMtEph-26897c67b33d9fd8-bstsetbbalphamteph_for_borrow_iter
    rerun this test with:
    verus --crate-type=lib  /home/milnes/projects/APAS-VERUS-agent2/rust_verify_test/target/release/test_inputs/ProveBSTSetBBAlphaMtEph-26897c67b33d9fd8-bstsetbbalphamteph_for_borrow_iter/test.rs


    thread 'bstsetbbalphamteph_for_borrow_iter' (2022631) panicked at tests/Chap37/ProveBSTSetBBAlphaMtEph.rs:91:1:
    Err(_) does not match $result
    note: run with `RUST_BACKTRACE=1` environment variable to display a backtrace

        FAIL [   0.126s] rust_verify_test::ProveBSTSetBBAlphaMtEph bstsetbbalphamteph_loop_borrow_into
  stdout ───

    running 1 test
    test bstsetbbalphamteph_loop_borrow_into ... FAILED

    failures:

    failures:
        bstsetbbalphamteph_loop_borrow_into

    test result: FAILED. 0 passed; 1 failed; 0 ignored; 0 measured; 3 filtered out; finished in 0.12s

  stderr ───
    error[E0433]: failed to resolve: could not find `BSTSetBBAlphaMtEph` in `Chap37`
      --> /home/milnes/projects/APAS-VERUS-agent2/rust_verify_test/target/release/test_inputs/ProveBSTSetBBAlphaMtEph-26897c67b33d9fd8-bstsetbbalphamteph_loop_borrow_into/test.rs:17:25
       |
    17 | use apas_verus::Chap37::BSTSetBBAlphaMtEph::BSTSetBBAlphaMtEph::*;
       |                         ^^^^^^^^^^^^^^^^^^ could not find `BSTSetBBAlphaMtEph` in `Chap37`
       |
    note: found an item that was configured out
      --> src/lib.rs:488:10
       |
       = note: the item is gated behind the `all_chapters` feature


    error[E0433]: failed to resolve: use of undeclared type `BSTSetBBAlphaMtEph`
      --> /home/milnes/projects/APAS-VERUS-agent2/rust_verify_test/target/release/test_inputs/ProveBSTSetBBAlphaMtEph-26897c67b33d9fd8-bstsetbbalphamteph_loop_borrow_into/test.rs:20:15
       |
    20 |     let set = BSTSetBBAlphaMtEph::<u64>::singleton(55);
       |               ^^^^^^^^^^^^^^^^^^ use of undeclared type `BSTSetBBAlphaMtEph`


    error[E0425]: cannot find function `bstsetbbalphamteph_iter_invariant` in this scope
      --> /home/milnes/projects/APAS-VERUS-agent2/rust_verify_test/target/release/test_inputs/ProveBSTSetBBAlphaMtEph-26897c67b33d9fd8-bstsetbbalphamteph_loop_borrow_into/test.rs:30:13
       |
    30 |             bstsetbbalphamteph_iter_invariant(&it),
       |             ^^^^^^^^^^^^^^^^^^^^^^^^^^^^^^^^^ not found in this scope


    error: aborting due to 3 previous errors


    Some errors have detailed explanations: E0425, E0433.

    For more information about an error, try `rustc --explain E0425`.

    the input directory is /home/milnes/projects/APAS-VERUS-agent2/rust_verify_test/target/release/test_inputs/ProveBSTSetBBAlphaMtEph-26897c67b33d9fd8-bstsetbbalphamteph_loop_borrow_into
    rerun this test with:
    verus --crate-type=lib  /home/milnes/projects/APAS-VERUS-agent2/rust_verify_test/target/release/test_inputs/ProveBSTSetBBAlphaMtEph-26897c67b33d9fd8-bstsetbbalphamteph_loop_borrow_into/test.rs


    thread 'bstsetbbalphamteph_loop_borrow_into' (2022661) panicked at tests/Chap37/ProveBSTSetBBAlphaMtEph.rs:53:1:
    Err(_) does not match $result
    note: run with `RUST_BACKTRACE=1` environment variable to display a backtrace

        FAIL [   0.142s] rust_verify_test::ProveBSTSetBBAlphaMtEph bstsetbbalphamteph_loop_borrow_iter
  stdout ───

    running 1 test
    test bstsetbbalphamteph_loop_borrow_iter ... FAILED

    failures:

    failures:
        bstsetbbalphamteph_loop_borrow_iter

    test result: FAILED. 0 passed; 1 failed; 0 ignored; 0 measured; 3 filtered out; finished in 0.14s

  stderr ───
    error[E0433]: failed to resolve: could not find `BSTSetBBAlphaMtEph` in `Chap37`
      --> /home/milnes/projects/APAS-VERUS-agent2/rust_verify_test/target/release/test_inputs/ProveBSTSetBBAlphaMtEph-26897c67b33d9fd8-bstsetbbalphamteph_loop_borrow_iter/test.rs:17:25
       |
    17 | use apas_verus::Chap37::BSTSetBBAlphaMtEph::BSTSetBBAlphaMtEph::*;
       |                         ^^^^^^^^^^^^^^^^^^ could not find `BSTSetBBAlphaMtEph` in `Chap37`
       |
    note: found an item that was configured out
      --> src/lib.rs:488:10
       |
       = note: the item is gated behind the `all_chapters` feature


    error[E0433]: failed to resolve: use of undeclared type `BSTSetBBAlphaMtEph`
      --> /home/milnes/projects/APAS-VERUS-agent2/rust_verify_test/target/release/test_inputs/ProveBSTSetBBAlphaMtEph-26897c67b33d9fd8-bstsetbbalphamteph_loop_borrow_iter/test.rs:20:15
       |
    20 |     let set = BSTSetBBAlphaMtEph::<u64>::singleton(42);
       |               ^^^^^^^^^^^^^^^^^^ use of undeclared type `BSTSetBBAlphaMtEph`


    error[E0425]: cannot find function `bstsetbbalphamteph_iter_invariant` in this scope
      --> /home/milnes/projects/APAS-VERUS-agent2/rust_verify_test/target/release/test_inputs/ProveBSTSetBBAlphaMtEph-26897c67b33d9fd8-bstsetbbalphamteph_loop_borrow_iter/test.rs:30:13
       |
    30 |             bstsetbbalphamteph_iter_invariant(&it),
       |             ^^^^^^^^^^^^^^^^^^^^^^^^^^^^^^^^^ not found in this scope


    error: aborting due to 3 previous errors


    Some errors have detailed explanations: E0425, E0433.

    For more information about an error, try `rustc --explain E0425`.

    the input directory is /home/milnes/projects/APAS-VERUS-agent2/rust_verify_test/target/release/test_inputs/ProveBSTSetBBAlphaMtEph-26897c67b33d9fd8-bstsetbbalphamteph_loop_borrow_iter
    rerun this test with:
    verus --crate-type=lib  /home/milnes/projects/APAS-VERUS-agent2/rust_verify_test/target/release/test_inputs/ProveBSTSetBBAlphaMtEph-26897c67b33d9fd8-bstsetbbalphamteph_loop_borrow_iter/test.rs


    thread 'bstsetbbalphamteph_loop_borrow_iter' (2022691) panicked at tests/Chap37/ProveBSTSetBBAlphaMtEph.rs:15:1:
    Err(_) does not match $result
    note: run with `RUST_BACKTRACE=1` environment variable to display a backtrace

        PASS [   1.515s] rust_verify_test::ProveBFSMtEph chap54_bfsmteph_top_down_loop
        PASS [   1.365s] rust_verify_test::ProveBFSStEph chap54_bfssteph_bottom_up_loop
        PASS [   1.706s] rust_verify_test::ProveBFSMtEph chap54_bfsmteph_bottom_up_loop
        PASS [   1.411s] rust_verify_test::ProveBFSStEph chap54_bfssteph_top_down_loop
        PASS [   1.478s] rust_verify_test::ProveBalBinTreeStEph balbintree_for_inorder
        PASS [   1.689s] rust_verify_test::ProveBalBinTreeStEph balbintree_for_postorder
        PASS [   1.405s] rust_verify_test::ProveBalBinTreeStEph balbintree_inorder_spec_match
        PASS [   1.536s] rust_verify_test::ProveBalBinTreeStEph balbintree_for_preorder
        PASS [   1.583s] rust_verify_test::ProveBalBinTreeStEph balbintree_leaf_iter_exhausted
        PASS [   1.596s] rust_verify_test::ProveBalBinTreeStEph balbintree_leaf_traversals_empty
        PASS [   1.506s] rust_verify_test::ProveBalBinTreeStEph balbintree_loop_inorder
        PASS [   1.549s] rust_verify_test::ProveBalBinTreeStEph balbintree_loop_postorder
        PASS [   1.597s] rust_verify_test::ProveBalBinTreeStEph balbintree_loop_preorder
        PASS [   1.613s] rust_verify_test::ProveBalBinTreeStEph balbintree_postorder_spec_match
        PASS [   1.513s] rust_verify_test::ProveBalBinTreeStEph balbintree_preorder_spec_match
        PASS [   1.528s] rust_verify_test::ProveChap19ArraySeqMtEph chap19_arrayseqmteph_for_borrow_into
        PASS [   1.568s] rust_verify_test::ProveChap19ArraySeqMtEph chap19_arrayseqmteph_for_borrow_iter
        PASS [   1.545s] rust_verify_test::ProveChap19ArraySeqMtEph chap19_arrayseqmteph_for_consume
        PASS [   1.518s] rust_verify_test::ProveChap19ArraySeqMtEph chap19_arrayseqmteph_loop_borrow_into
        PASS [   1.470s] rust_verify_test::ProveChap19ArraySeqMtEph chap19_arrayseqmteph_loop_borrow_iter
        PASS [   1.495s] rust_verify_test::ProveChap19ArraySeqMtEphSlice slice_for_borrow_into
        PASS [   1.773s] rust_verify_test::ProveChap19ArraySeqMtEph chap19_arrayseqmteph_loop_consume
        PASS [   1.558s] rust_verify_test::ProveChap19ArraySeqMtEphSlice slice_for_borrow_iter
        PASS [   1.455s] rust_verify_test::ProveChap19ArraySeqMtEphSlice slice_loop_borrow_iter
        PASS [   1.638s] rust_verify_test::ProveChap19ArraySeqMtEphSlice slice_operations
        PASS [   1.472s] rust_verify_test::ProveChap19ArraySeqStEph chap19_arrayseqsteph_for_borrow_into
        PASS [   1.839s] rust_verify_test::ProveChap19ArraySeqMtEphSlice slice_iter_over_subslice
        PASS [   1.443s] rust_verify_test::ProveChap19ArraySeqStEph chap19_arrayseqsteph_for_borrow_iter
        PASS [   1.483s] rust_verify_test::ProveChap19ArraySeqStEph chap19_arrayseqsteph_for_consume
        PASS [   1.594s] rust_verify_test::ProveChap19ArraySeqStEph chap19_arrayseqsteph_loop_borrow_into
        PASS [   1.561s] rust_verify_test::ProveChap19ArraySeqStEph chap19_arrayseqsteph_loop_borrow_iter
        PASS [   1.473s] rust_verify_test::ProveChap19ArraySeqStPer chap19_arrayseqstper_for_borrow_into
        PASS [   1.631s] rust_verify_test::ProveChap19ArraySeqStEph chap19_arrayseqsteph_loop_consume
        PASS [   1.599s] rust_verify_test::ProveChap19ArraySeqStPer chap19_arrayseqstper_for_borrow_iter
        PASS [   1.472s] rust_verify_test::ProveChap19ArraySeqStPer chap19_arrayseqstper_for_consume
        PASS [   1.531s] rust_verify_test::ProveChap19ArraySeqStPer chap19_arrayseqstper_loop_borrow_into
        PASS [   1.452s] rust_verify_test::ProveChap19ArraySeqStPer chap19_arrayseqstper_loop_consume
        PASS [   1.471s] rust_verify_test::ProveChap19ArraySeqStPer chap19_arrayseqstper_loop_borrow_iter
        PASS [   1.474s] rust_verify_test::ProveKleeneStPer kleene_alphabet
        PASS [   1.894s] rust_verify_test::ProveKleeneStPer kleene_mem_plus
        PASS [   1.544s] rust_verify_test::ProveKleeneStPer kleene_mem_star
        PASS [   1.501s] rust_verify_test::ProveLinkedListStEph linkedliststeph_for_iter
        PASS [   1.543s] rust_verify_test::ProveLinkedListStEph linkedliststeph_loop_loop
        PASS [   1.675s] rust_verify_test::ProveLinkedListStPer linkedliststper_for_iter
        PASS [   1.718s] rust_verify_test::ProveLinkedListStPer linkedliststper_loop_loop
        PASS [   2.144s] rust_verify_test::ProveMathSeq mathseq_for_borrow_into
        PASS [   2.667s] rust_verify_test::ProveMathSeq mathseq_for_borrow_iter
        PASS [   2.715s] rust_verify_test::ProveMathSeq mathseq_for_consume
        PASS [   3.069s] rust_verify_test::ProveMathSeq mathseq_loop_borrow_into
        PASS [   3.170s] rust_verify_test::ProveMathSeq mathseq_loop_borrow_iter
        PASS [   3.057s] rust_verify_test::ProveMathSeq mathseq_loop_consume
        PASS [   3.499s] rust_verify_test::ProveOrderedTableStPer chap43_orderedtablestper_loop_borrow_into
        PASS [   3.195s] rust_verify_test::ProvePrimTreeSeqStPer primtreeseq_for_borrow_into
        PASS [   3.970s] rust_verify_test::ProveOrderedTableStPer chap43_orderedtablestper_loop_borrow_iter
        PASS [   3.286s] rust_verify_test::ProvePrimTreeSeqStPer primtreeseq_for_borrow_iter
        PASS [   3.298s] rust_verify_test::ProvePrimTreeSeqStPer primtreeseq_for_consume
        PASS [   3.401s] rust_verify_test::ProvePrimTreeSeqStPer primtreeseq_loop_borrow_into
        PASS [   3.121s] rust_verify_test::ProvePrimTreeSeqStPer primtreeseq_loop_borrow_iter
        PASS [   3.496s] rust_verify_test::ProvePrimTreeSeqStPer primtreeseq_loop_consume
        PASS [   3.600s] rust_verify_test::ProveSetMtEph set_mt_eph_for_borrow_into
        PASS [   2.987s] rust_verify_test::Provedeep_view_standard deep_view_standard_for_borrow_into
        PASS [   3.669s] rust_verify_test::ProveSetMtEph set_mt_eph_for_borrow_iter
        PASS [   3.668s] rust_verify_test::ProveSetMtEph set_mt_eph_loop_borrow_iter
        PASS [   3.738s] rust_verify_test::Provedeep_view_standard deep_view_standard_for_borrow_iter
        PASS [   3.152s] rust_verify_test::Provedeep_view_standard deep_view_standard_for_consume
        PASS [   3.367s] rust_verify_test::Provedeep_view_standard deep_view_standard_loop_borrow_iter
        PASS [   3.427s] rust_verify_test::Provedeep_view_standard deep_view_standard_loop_borrow_into
        PASS [   3.612s] rust_verify_test::Provedeep_view_standard deep_view_standard_loop_consume
        PASS [   3.447s] rust_verify_test::Provedeep_view_standard deep_view_standard_simple
        PASS [   3.667s] rust_verify_test::Proveiterators_standard iterators_standard_for_borrow_into
        PASS [   3.906s] rust_verify_test::Proveiterators_standard iterators_standard_for_borrow_iter
        PASS [   3.649s] rust_verify_test::Proveiterators_standard iterators_standard_loop_borrow_into
        PASS [   3.839s] rust_verify_test::Proveiterators_standard iterators_standard_for_consume
        PASS [   3.844s] rust_verify_test::Proveiterators_standard iterators_standard_loop_borrow_iter
        PASS [   3.885s] rust_verify_test::Proveiterators_standard iterators_standard_loop_consume
        PASS [   3.569s] rust_verify_test::Provemod_standard mod_standard_for_borrow_into
        PASS [   3.697s] rust_verify_test::Provemod_standard mod_standard_for_borrow_iter
        PASS [   3.451s] rust_verify_test::Provemod_standard mod_standard_loop_borrow_into
        PASS [   3.684s] rust_verify_test::Provemod_standard mod_standard_for_consume
        PASS [   3.324s] rust_verify_test::Provemod_standard mod_standard_loop_borrow_iter
        PASS [   3.369s] rust_verify_test::Provemod_standard mod_standard_loop_consume
        PASS [   3.931s] rust_verify_test::Provetable_of_contents_standard toc_standard_for_borrow_into
        PASS [   3.759s] rust_verify_test::Provetable_of_contents_standard toc_standard_for_borrow_iter
        PASS [   3.216s] rust_verify_test::Provetable_of_contents_standard toc_standard_loop_borrow_iter
        PASS [   4.006s] rust_verify_test::Provetable_of_contents_standard toc_standard_loop_borrow_into
        PASS [   4.122s] rust_verify_test::Provetable_of_contents_standard toc_standard_loop_consume
        PASS [   4.796s] rust_verify_test::Provetable_of_contents_standard toc_standard_for_consume
        PASS [   3.701s] rust_verify_test::Proveusing_closures_standard closures_ghost_spec_fn
        PASS [   3.662s] rust_verify_test::Proveusing_closures_standard closures_inline_requires_ensures
        PASS [   3.814s] rust_verify_test::Proveusing_closures_standard closures_let_bind_ensures
        PASS [   3.509s] rust_verify_test::Proveusing_closures_standard closures_map_apply
        PASS [   3.461s] rust_verify_test::Proveview_standard view_standard_collection
        PASS [   3.535s] rust_verify_test::Proveview_standard view_standard_for_borrow_into
        PASS [   3.046s] rust_verify_test::Proveview_standard view_standard_for_borrow_iter
        PASS [   2.664s] rust_verify_test::Proveview_standard view_standard_for_consume
        PASS [   2.400s] rust_verify_test::Proveview_standard view_standard_loop_borrow_into
        PASS [   2.400s] rust_verify_test::Proveview_standard view_standard_loop_borrow_iter
        PASS [   1.853s] rust_verify_test::Proveview_standard view_standard_simple
        PASS [   2.098s] rust_verify_test::Proveview_standard view_standard_loop_consume
        PASS [   1.720s] rust_verify_test::Provewrapping_iterators_standard wrapping_for_borrow_into
        PASS [   1.641s] rust_verify_test::Provewrapping_iterators_standard wrapping_loop_borrow_iter
        PASS [   2.014s] rust_verify_test::Provewrapping_iterators_standard wrapping_for_borrow_iter
        PASS [   1.892s] rust_verify_test::Provewrapping_iterators_standard wrapping_loop_borrow_into
        PASS [   1.906s] rust_verify_test::RelationStEph relation_st_eph_loop_loop
        PASS [   2.188s] rust_verify_test::RelationStEph relation_st_eph_for_iter
        PASS [   1.865s] rust_verify_test::SetMtEph set_mt_eph_for_iter
        PASS [   1.730s] rust_verify_test::SetMtEph set_mt_eph_from_vec
        PASS [   1.723s] rust_verify_test::SetMtEph set_mt_eph_loop_loop
        PASS [   1.907s] rust_verify_test::SetStEph set_st_eph_for_iter
        PASS [   1.967s] rust_verify_test::SetStEph set_st_eph_from_vec
        PASS [   1.978s] rust_verify_test::SetStEph set_st_eph_loop_loop
        PASS [   1.844s] rust_verify_test::prove_MathSeq_iters mathseq_iter_consuming
        PASS [   1.599s] rust_verify_test::prove_MathSeq_iters mathseq_iter_nested
        PASS [   1.670s] rust_verify_test::prove_MathSeq_iters mathseq_iter_range
────────────
     Summary [  55.913s] 157 tests run: 145 passed, 12 failed, 0 skipped
        FAIL [   0.125s] rust_verify_test::ProveAVLTreeSeqMtPer avltreeseqmtper_for_borrow_into
        FAIL [   0.117s] rust_verify_test::ProveAVLTreeSeqMtPer avltreeseqmtper_for_borrow_iter
        FAIL [   0.144s] rust_verify_test::ProveAVLTreeSeqMtPer avltreeseqmtper_loop_borrow_into
        FAIL [   0.121s] rust_verify_test::ProveAVLTreeSeqMtPer avltreeseqmtper_loop_borrow_iter
        FAIL [   0.110s] rust_verify_test::ProveBSTSetAVLMtEph bstsetavlmteph_for_borrow_into
        FAIL [   0.130s] rust_verify_test::ProveBSTSetAVLMtEph bstsetavlmteph_for_borrow_iter
        FAIL [   0.120s] rust_verify_test::ProveBSTSetAVLMtEph bstsetavlmteph_loop_borrow_into
        FAIL [   0.143s] rust_verify_test::ProveBSTSetAVLMtEph bstsetavlmteph_loop_borrow_iter
        FAIL [   0.122s] rust_verify_test::ProveBSTSetBBAlphaMtEph bstsetbbalphamteph_for_borrow_into
        FAIL [   0.118s] rust_verify_test::ProveBSTSetBBAlphaMtEph bstsetbbalphamteph_for_borrow_iter
        FAIL [   0.126s] rust_verify_test::ProveBSTSetBBAlphaMtEph bstsetbbalphamteph_loop_borrow_into
        FAIL [   0.142s] rust_verify_test::ProveBSTSetBBAlphaMtEph bstsetbbalphamteph_loop_borrow_iter
error: test run failed
Elapsed: 166s
