verification results:: 4340 verified, 0 errors
    Finished `release` profile [optimized] target(s) in 0.02s
────────────
 Nextest run ID 80ff6fc5-77ad-4fe0-8010-5b058eec2e6c with nextest profile: default
    Starting 147 tests across 34 binaries
        PASS [   1.238s] rust_verify_test::HashMapWithViewPlus hash_map_wvp_for_iter
        PASS [   1.269s] rust_verify_test::HashMapWithViewPlus hash_map_wvp_loop_loop
        PASS [   1.287s] rust_verify_test::HashSetWithViewPlus hash_set_wvp_loop_loop
        PASS [   1.355s] rust_verify_test::HashSetWithViewPlus hash_set_wvp_for_iter
        PASS [   1.516s] rust_verify_test::MappingStEph mapping_st_eph_loop_loop
        PASS [   1.558s] rust_verify_test::MappingStEph mapping_st_eph_for_iter
        PASS [   1.270s] rust_verify_test::ProveAVLTreeSetMtEph avltreesetmteph_loop_borrow_iter
        PASS [   1.311s] rust_verify_test::ProveAVLTreeSetMtEph avltreesetmteph_for_borrow_iter
        PASS [   1.263s] rust_verify_test::ProveArraySeq arrayseq_filter
        PASS [   1.215s] rust_verify_test::ProveArraySeq arrayseq_iterate
        PASS [   1.586s] rust_verify_test::ProveAVLTreeSetMtEph avltreesetmteph_for_borrow_into
        PASS [   1.414s] rust_verify_test::ProveArraySeq arrayseq_for_iter
        PASS [   1.201s] rust_verify_test::ProveArraySeq arrayseq_iterate_prefixes
        PASS [   1.214s] rust_verify_test::ProveArraySeq arrayseq_loop_loop
        PASS [   1.238s] rust_verify_test::ProveArraySeq arrayseq_map
        PASS [   1.331s] rust_verify_test::ProveArraySeq arrayseq_reduce
        PASS [   1.425s] rust_verify_test::ProveArraySeq arrayseq_scan
        PASS [   1.586s] rust_verify_test::ProveArraySeq arrayseq_scan_inclusive
        PASS [   1.175s] rust_verify_test::ProveArraySeq arrayseq_tabulate
        PASS [   1.334s] rust_verify_test::ProveArraySeqMtEph arrayseqmteph_for_iter
        PASS [   1.333s] rust_verify_test::ProveArraySeqMtEph arrayseqmteph_loop_loop
        PASS [   1.355s] rust_verify_test::ProveArraySeqMtPer arrayseqmtper_for_iter
        PASS [   1.274s] rust_verify_test::ProveArraySeqMtPer arrayseqmtper_loop_loop
        PASS [   1.336s] rust_verify_test::ProveArraySeqStEph arrayseqsteph_for_borrow_into
        PASS [   1.375s] rust_verify_test::ProveArraySeqStEph arrayseqsteph_for_borrow_iter
        PASS [   1.327s] rust_verify_test::ProveArraySeqStEph arrayseqsteph_for_consume
        PASS [   1.419s] rust_verify_test::ProveArraySeqStEph arrayseqsteph_loop_borrow_into
        PASS [   1.289s] rust_verify_test::ProveArraySeqStEph arrayseqsteph_loop_borrow_iter
        PASS [   1.422s] rust_verify_test::ProveArraySeqStEph arrayseqsteph_loop_consume
        PASS [   1.277s] rust_verify_test::ProveArraySeqStPer arrayseqstper_for_iter
        PASS [   1.304s] rust_verify_test::ProveArraySeqStPer arrayseqstper_loop_loop
        PASS [   1.234s] rust_verify_test::ProveBFSMtEph chap54_bfsmteph_bottom_up_loop
        PASS [   1.213s] rust_verify_test::ProveBFSMtEph chap54_bfsmteph_top_down_loop
        PASS [   1.204s] rust_verify_test::ProveBFSStEph chap54_bfssteph_bottom_up_loop
        PASS [   1.273s] rust_verify_test::ProveBFSStEph chap54_bfssteph_top_down_loop
        PASS [   1.347s] rust_verify_test::ProveBalBinTreeStEph balbintree_for_inorder
        PASS [   1.319s] rust_verify_test::ProveBalBinTreeStEph balbintree_for_postorder
        PASS [   1.269s] rust_verify_test::ProveBalBinTreeStEph balbintree_inorder_spec_match
        PASS [   1.520s] rust_verify_test::ProveBalBinTreeStEph balbintree_for_preorder
        PASS [   1.306s] rust_verify_test::ProveBalBinTreeStEph balbintree_leaf_iter_exhausted
        PASS [   1.238s] rust_verify_test::ProveBalBinTreeStEph balbintree_leaf_traversals_empty
        PASS [   1.260s] rust_verify_test::ProveBalBinTreeStEph balbintree_loop_inorder
        PASS [   1.405s] rust_verify_test::ProveBalBinTreeStEph balbintree_loop_postorder
        PASS [   1.254s] rust_verify_test::ProveBalBinTreeStEph balbintree_loop_preorder
        PASS [   1.290s] rust_verify_test::ProveBalBinTreeStEph balbintree_postorder_spec_match
        PASS [   1.310s] rust_verify_test::ProveBalBinTreeStEph balbintree_preorder_spec_match
        PASS [   1.349s] rust_verify_test::ProveChap19ArraySeqMtEph chap19_arrayseqmteph_for_borrow_into
        PASS [   1.360s] rust_verify_test::ProveChap19ArraySeqMtEph chap19_arrayseqmteph_for_borrow_iter
        PASS [   1.302s] rust_verify_test::ProveChap19ArraySeqMtEph chap19_arrayseqmteph_for_consume
        PASS [   1.316s] rust_verify_test::ProveChap19ArraySeqMtEph chap19_arrayseqmteph_loop_borrow_into
        PASS [   1.218s] rust_verify_test::ProveChap19ArraySeqMtEph chap19_arrayseqmteph_loop_consume
        PASS [   1.362s] rust_verify_test::ProveChap19ArraySeqMtEph chap19_arrayseqmteph_loop_borrow_iter
        PASS [   1.341s] rust_verify_test::ProveChap19ArraySeqMtEphSlice slice_for_borrow_into
        PASS [   1.314s] rust_verify_test::ProveChap19ArraySeqMtEphSlice slice_for_borrow_iter
        PASS [   1.280s] rust_verify_test::ProveChap19ArraySeqMtEphSlice slice_iter_over_subslice
        PASS [   1.259s] rust_verify_test::ProveChap19ArraySeqMtEphSlice slice_loop_borrow_iter
        PASS [   1.336s] rust_verify_test::ProveChap19ArraySeqMtEphSlice slice_operations
        PASS [   1.327s] rust_verify_test::ProveChap19ArraySeqStEph chap19_arrayseqsteph_for_borrow_into
        PASS [   1.529s] rust_verify_test::ProveChap19ArraySeqStEph chap19_arrayseqsteph_for_borrow_iter
        PASS [   1.291s] rust_verify_test::ProveChap19ArraySeqStEph chap19_arrayseqsteph_for_consume
        PASS [   1.220s] rust_verify_test::ProveChap19ArraySeqStEph chap19_arrayseqsteph_loop_borrow_iter
        PASS [   1.349s] rust_verify_test::ProveChap19ArraySeqStEph chap19_arrayseqsteph_loop_borrow_into
        PASS [   1.310s] rust_verify_test::ProveChap19ArraySeqStEph chap19_arrayseqsteph_loop_consume
        PASS [   1.319s] rust_verify_test::ProveChap19ArraySeqStPer chap19_arrayseqstper_for_borrow_into
        PASS [   1.228s] rust_verify_test::ProveChap19ArraySeqStPer chap19_arrayseqstper_for_borrow_iter
        PASS [   1.378s] rust_verify_test::ProveChap19ArraySeqStPer chap19_arrayseqstper_for_consume
        PASS [   1.221s] rust_verify_test::ProveChap19ArraySeqStPer chap19_arrayseqstper_loop_borrow_into
        PASS [   1.272s] rust_verify_test::ProveChap19ArraySeqStPer chap19_arrayseqstper_loop_borrow_iter
        PASS [   1.198s] rust_verify_test::ProveKleeneStPer kleene_alphabet
        PASS [   1.298s] rust_verify_test::ProveChap19ArraySeqStPer chap19_arrayseqstper_loop_consume
        PASS [   1.402s] rust_verify_test::ProveKleeneStPer kleene_mem_plus
        PASS [   1.373s] rust_verify_test::ProveKleeneStPer kleene_mem_star
        PASS [   1.262s] rust_verify_test::ProveLinkedListStEph linkedliststeph_for_iter
        PASS [   1.241s] rust_verify_test::ProveLinkedListStEph linkedliststeph_loop_loop
        PASS [   1.254s] rust_verify_test::ProveLinkedListStPer linkedliststper_for_iter
        PASS [   1.289s] rust_verify_test::ProveLinkedListStPer linkedliststper_loop_loop
        PASS [   1.229s] rust_verify_test::ProveMathSeq mathseq_for_borrow_into
        PASS [   1.277s] rust_verify_test::ProveMathSeq mathseq_for_borrow_iter
        PASS [   1.309s] rust_verify_test::ProveMathSeq mathseq_for_consume
        PASS [   1.356s] rust_verify_test::ProveMathSeq mathseq_loop_borrow_into
        PASS [   1.246s] rust_verify_test::ProveMathSeq mathseq_loop_consume
        PASS [   1.396s] rust_verify_test::ProveMathSeq mathseq_loop_borrow_iter
        PASS [   1.417s] rust_verify_test::ProveOrderedTableStPer chap43_orderedtablestper_for_borrow_into
        PASS [   1.512s] rust_verify_test::ProveOrderedTableStPer chap43_orderedtablestper_for_borrow_iter
        PASS [   1.444s] rust_verify_test::ProvePrimTreeSeqStPer primtreeseq_for_borrow_into
        PASS [   1.599s] rust_verify_test::ProveOrderedTableStPer chap43_orderedtablestper_loop_borrow_iter
        PASS [   1.471s] rust_verify_test::ProvePrimTreeSeqStPer primtreeseq_for_borrow_iter
        PASS [   1.908s] rust_verify_test::ProveOrderedTableStPer chap43_orderedtablestper_loop_borrow_into
        PASS [   1.604s] rust_verify_test::ProvePrimTreeSeqStPer primtreeseq_for_consume
        PASS [   1.763s] rust_verify_test::ProvePrimTreeSeqStPer primtreeseq_loop_borrow_into
        PASS [   1.477s] rust_verify_test::ProvePrimTreeSeqStPer primtreeseq_loop_borrow_iter
        PASS [   1.467s] rust_verify_test::ProvePrimTreeSeqStPer primtreeseq_loop_consume
        PASS [   1.931s] rust_verify_test::ProveSetMtEph set_mt_eph_for_borrow_into
        PASS [   1.993s] rust_verify_test::ProveSetMtEph set_mt_eph_for_borrow_iter
        PASS [   1.900s] rust_verify_test::ProveSetMtEph set_mt_eph_loop_borrow_iter
        PASS [   1.852s] rust_verify_test::Provedeep_view_standard deep_view_standard_for_borrow_into
        PASS [   1.683s] rust_verify_test::Provedeep_view_standard deep_view_standard_for_borrow_iter
        PASS [   1.830s] rust_verify_test::Provedeep_view_standard deep_view_standard_for_consume
        PASS [   1.564s] rust_verify_test::Provedeep_view_standard deep_view_standard_loop_borrow_iter
        PASS [   1.732s] rust_verify_test::Provedeep_view_standard deep_view_standard_loop_borrow_into
        PASS [   1.597s] rust_verify_test::Provedeep_view_standard deep_view_standard_loop_consume
        PASS [   1.660s] rust_verify_test::Provedeep_view_standard deep_view_standard_simple
        PASS [   1.755s] rust_verify_test::Proveiterators_standard iterators_standard_for_borrow_into
        PASS [   1.729s] rust_verify_test::Proveiterators_standard iterators_standard_for_borrow_iter
        PASS [   1.775s] rust_verify_test::Proveiterators_standard iterators_standard_for_consume
        PASS [   1.742s] rust_verify_test::Proveiterators_standard iterators_standard_loop_borrow_into
        PASS [   1.572s] rust_verify_test::Proveiterators_standard iterators_standard_loop_borrow_iter
        PASS [   1.623s] rust_verify_test::Proveiterators_standard iterators_standard_loop_consume
        PASS [   1.777s] rust_verify_test::Provemod_standard mod_standard_for_borrow_into
        PASS [   1.790s] rust_verify_test::Provemod_standard mod_standard_for_borrow_iter
        PASS [   1.698s] rust_verify_test::Provemod_standard mod_standard_for_consume
        PASS [   1.835s] rust_verify_test::Provemod_standard mod_standard_loop_borrow_into
        PASS [   1.732s] rust_verify_test::Provemod_standard mod_standard_loop_borrow_iter
        PASS [   1.515s] rust_verify_test::Provemod_standard mod_standard_loop_consume
        PASS [   1.509s] rust_verify_test::Provetable_of_contents_standard toc_standard_for_borrow_into
        PASS [   1.733s] rust_verify_test::Provetable_of_contents_standard toc_standard_for_borrow_iter
        PASS [   1.530s] rust_verify_test::Provetable_of_contents_standard toc_standard_for_consume
        PASS [   1.667s] rust_verify_test::Provetable_of_contents_standard toc_standard_loop_borrow_into
        PASS [   1.732s] rust_verify_test::Provetable_of_contents_standard toc_standard_loop_borrow_iter
        PASS [   1.644s] rust_verify_test::Provetable_of_contents_standard toc_standard_loop_consume
        PASS [   1.728s] rust_verify_test::Proveusing_closures_standard closures_ghost_spec_fn
        PASS [   1.321s] rust_verify_test::Proveusing_closures_standard closures_let_bind_ensures
        PASS [   1.554s] rust_verify_test::Proveusing_closures_standard closures_inline_requires_ensures
        PASS [   1.381s] rust_verify_test::Proveusing_closures_standard closures_map_apply
        PASS [   1.851s] rust_verify_test::Proveview_standard view_standard_collection
        PASS [   1.662s] rust_verify_test::Proveview_standard view_standard_for_borrow_into
        PASS [   1.544s] rust_verify_test::Proveview_standard view_standard_for_consume
        PASS [   1.597s] rust_verify_test::Proveview_standard view_standard_loop_borrow_into
        PASS [   1.868s] rust_verify_test::Proveview_standard view_standard_for_borrow_iter
        PASS [   1.592s] rust_verify_test::Proveview_standard view_standard_loop_borrow_iter
        PASS [   1.690s] rust_verify_test::Proveview_standard view_standard_simple
        PASS [   1.777s] rust_verify_test::Proveview_standard view_standard_loop_consume
        PASS [   1.634s] rust_verify_test::Provewrapping_iterators_standard wrapping_for_borrow_into
        PASS [   1.498s] rust_verify_test::Provewrapping_iterators_standard wrapping_loop_borrow_iter
        PASS [   1.708s] rust_verify_test::Provewrapping_iterators_standard wrapping_loop_borrow_into
        PASS [   1.850s] rust_verify_test::Provewrapping_iterators_standard wrapping_for_borrow_iter
        PASS [   1.838s] rust_verify_test::RelationStEph relation_st_eph_for_iter
        PASS [   1.806s] rust_verify_test::RelationStEph relation_st_eph_loop_loop
        PASS [   1.814s] rust_verify_test::SetMtEph set_mt_eph_for_iter
        PASS [   1.781s] rust_verify_test::SetMtEph set_mt_eph_loop_loop
        PASS [   1.798s] rust_verify_test::SetStEph set_st_eph_for_iter
        PASS [   1.911s] rust_verify_test::SetMtEph set_mt_eph_from_vec
        PASS [   1.698s] rust_verify_test::SetStEph set_st_eph_from_vec
        PASS [   1.790s] rust_verify_test::SetStEph set_st_eph_loop_loop
        PASS [   1.679s] rust_verify_test::prove_MathSeq_iters mathseq_iter_consuming
        PASS [   1.552s] rust_verify_test::prove_MathSeq_iters mathseq_iter_nested
        PASS [   1.515s] rust_verify_test::prove_MathSeq_iters mathseq_iter_range
────────────
     Summary [  36.603s] 147 tests run: 147 passed, 0 skipped
Elapsed: 99s
