verification results:: 4496 verified, 0 errors
    Finished `release` profile [optimized] target(s) in 0.04s
────────────
 Nextest run ID a838e4a1-ac71-4e9e-975f-e4e60fdc3d7d with nextest profile: default
    Starting 147 tests across 34 binaries
        PASS [   2.106s] rust_verify_test::HashMapWithViewPlus hash_map_wvp_loop_loop
        PASS [   2.140s] rust_verify_test::HashSetWithViewPlus hash_set_wvp_loop_loop
        PASS [   2.202s] rust_verify_test::HashMapWithViewPlus hash_map_wvp_for_iter
        PASS [   2.238s] rust_verify_test::HashSetWithViewPlus hash_set_wvp_for_iter
        PASS [   2.317s] rust_verify_test::MappingStEph mapping_st_eph_loop_loop
        PASS [   2.511s] rust_verify_test::MappingStEph mapping_st_eph_for_iter
        PASS [   1.872s] rust_verify_test::ProveAVLTreeSetMtEph avltreesetmteph_for_borrow_into
        PASS [   2.088s] rust_verify_test::ProveAVLTreeSetMtEph avltreesetmteph_for_borrow_iter
        PASS [   2.026s] rust_verify_test::ProveArraySeq arrayseq_filter
        PASS [   2.100s] rust_verify_test::ProveAVLTreeSetMtEph avltreesetmteph_loop_borrow_iter
        PASS [   2.074s] rust_verify_test::ProveArraySeq arrayseq_for_iter
        PASS [   2.050s] rust_verify_test::ProveArraySeq arrayseq_iterate
        PASS [   2.169s] rust_verify_test::ProveArraySeq arrayseq_iterate_prefixes
        PASS [   2.010s] rust_verify_test::ProveArraySeq arrayseq_map
        PASS [   2.315s] rust_verify_test::ProveArraySeq arrayseq_loop_loop
        PASS [   2.299s] rust_verify_test::ProveArraySeq arrayseq_reduce
        PASS [   2.598s] rust_verify_test::ProveArraySeq arrayseq_scan
        PASS [   2.441s] rust_verify_test::ProveArraySeq arrayseq_scan_inclusive
        PASS [   2.061s] rust_verify_test::ProveArraySeq arrayseq_tabulate
        PASS [   1.977s] rust_verify_test::ProveArraySeqMtEph arrayseqmteph_for_iter
        PASS [   2.047s] rust_verify_test::ProveArraySeqMtEph arrayseqmteph_loop_loop
        PASS [   2.261s] rust_verify_test::ProveArraySeqMtPer arrayseqmtper_for_iter
        PASS [   2.281s] rust_verify_test::ProveArraySeqStEph arrayseqsteph_for_borrow_into
        PASS [   2.309s] rust_verify_test::ProveArraySeqMtPer arrayseqmtper_loop_loop
        PASS [   2.233s] rust_verify_test::ProveArraySeqStEph arrayseqsteph_for_consume
        PASS [   2.299s] rust_verify_test::ProveArraySeqStEph arrayseqsteph_for_borrow_iter
        PASS [   2.150s] rust_verify_test::ProveArraySeqStEph arrayseqsteph_loop_borrow_into
        PASS [   2.391s] rust_verify_test::ProveArraySeqStEph arrayseqsteph_loop_borrow_iter
        PASS [   2.262s] rust_verify_test::ProveArraySeqStEph arrayseqsteph_loop_consume
        PASS [   2.372s] rust_verify_test::ProveArraySeqStPer arrayseqstper_for_iter
        PASS [   2.175s] rust_verify_test::ProveArraySeqStPer arrayseqstper_loop_loop
        PASS [   2.167s] rust_verify_test::ProveBFSMtEph chap54_bfsmteph_bottom_up_loop
        PASS [   2.008s] rust_verify_test::ProveBFSMtEph chap54_bfsmteph_top_down_loop
        PASS [   1.989s] rust_verify_test::ProveBFSStEph chap54_bfssteph_bottom_up_loop
        PASS [   2.074s] rust_verify_test::ProveBFSStEph chap54_bfssteph_top_down_loop
        PASS [   2.196s] rust_verify_test::ProveBalBinTreeStEph balbintree_for_inorder
        PASS [   1.859s] rust_verify_test::ProveBalBinTreeStEph balbintree_inorder_spec_match
        PASS [   2.097s] rust_verify_test::ProveBalBinTreeStEph balbintree_for_preorder
        PASS [   2.239s] rust_verify_test::ProveBalBinTreeStEph balbintree_for_postorder
        PASS [   2.059s] rust_verify_test::ProveBalBinTreeStEph balbintree_leaf_iter_exhausted
        PASS [   2.139s] rust_verify_test::ProveBalBinTreeStEph balbintree_leaf_traversals_empty
        PASS [   2.102s] rust_verify_test::ProveBalBinTreeStEph balbintree_loop_inorder
        PASS [   2.087s] rust_verify_test::ProveBalBinTreeStEph balbintree_loop_postorder
        PASS [   1.952s] rust_verify_test::ProveBalBinTreeStEph balbintree_postorder_spec_match
        PASS [   2.078s] rust_verify_test::ProveBalBinTreeStEph balbintree_loop_preorder
        PASS [   1.834s] rust_verify_test::ProveBalBinTreeStEph balbintree_preorder_spec_match
        PASS [   2.097s] rust_verify_test::ProveChap19ArraySeqMtEph chap19_arrayseqmteph_for_borrow_into
        PASS [   2.005s] rust_verify_test::ProveChap19ArraySeqMtEph chap19_arrayseqmteph_for_borrow_iter
        PASS [   2.039s] rust_verify_test::ProveChap19ArraySeqMtEph chap19_arrayseqmteph_for_consume
        PASS [   1.884s] rust_verify_test::ProveChap19ArraySeqMtEph chap19_arrayseqmteph_loop_borrow_iter
        PASS [   2.176s] rust_verify_test::ProveChap19ArraySeqMtEph chap19_arrayseqmteph_loop_borrow_into
        PASS [   2.010s] rust_verify_test::ProveChap19ArraySeqMtEph chap19_arrayseqmteph_loop_consume
        PASS [   2.120s] rust_verify_test::ProveChap19ArraySeqMtEphSlice slice_for_borrow_into
        PASS [   2.179s] rust_verify_test::ProveChap19ArraySeqMtEphSlice slice_for_borrow_iter
        PASS [   2.067s] rust_verify_test::ProveChap19ArraySeqMtEphSlice slice_loop_borrow_iter
        PASS [   2.152s] rust_verify_test::ProveChap19ArraySeqMtEphSlice slice_iter_over_subslice
        PASS [   2.105s] rust_verify_test::ProveChap19ArraySeqStEph chap19_arrayseqsteph_for_borrow_into
        PASS [   2.262s] rust_verify_test::ProveChap19ArraySeqMtEphSlice slice_operations
        PASS [   2.085s] rust_verify_test::ProveChap19ArraySeqStEph chap19_arrayseqsteph_for_borrow_iter
        PASS [   2.220s] rust_verify_test::ProveChap19ArraySeqStEph chap19_arrayseqsteph_for_consume
        PASS [   2.150s] rust_verify_test::ProveChap19ArraySeqStEph chap19_arrayseqsteph_loop_borrow_into
        PASS [   2.104s] rust_verify_test::ProveChap19ArraySeqStEph chap19_arrayseqsteph_loop_borrow_iter
        PASS [   1.985s] rust_verify_test::ProveChap19ArraySeqStEph chap19_arrayseqsteph_loop_consume
        PASS [   2.186s] rust_verify_test::ProveChap19ArraySeqStPer chap19_arrayseqstper_for_borrow_into
        PASS [   2.146s] rust_verify_test::ProveChap19ArraySeqStPer chap19_arrayseqstper_for_borrow_iter
        PASS [   2.037s] rust_verify_test::ProveChap19ArraySeqStPer chap19_arrayseqstper_for_consume
        PASS [   2.108s] rust_verify_test::ProveChap19ArraySeqStPer chap19_arrayseqstper_loop_borrow_iter
        PASS [   2.191s] rust_verify_test::ProveChap19ArraySeqStPer chap19_arrayseqstper_loop_borrow_into
        PASS [   2.061s] rust_verify_test::ProveChap19ArraySeqStPer chap19_arrayseqstper_loop_consume
        PASS [   2.006s] rust_verify_test::ProveKleeneStPer kleene_alphabet
        PASS [   2.108s] rust_verify_test::ProveKleeneStPer kleene_mem_plus
        PASS [   2.182s] rust_verify_test::ProveKleeneStPer kleene_mem_star
        PASS [   2.110s] rust_verify_test::ProveLinkedListStEph linkedliststeph_for_iter
        PASS [   2.209s] rust_verify_test::ProveLinkedListStEph linkedliststeph_loop_loop
        PASS [   2.157s] rust_verify_test::ProveLinkedListStPer linkedliststper_for_iter
        PASS [   2.010s] rust_verify_test::ProveLinkedListStPer linkedliststper_loop_loop
        PASS [   2.163s] rust_verify_test::ProveMathSeq mathseq_for_borrow_into
        PASS [   1.971s] rust_verify_test::ProveMathSeq mathseq_for_borrow_iter
        PASS [   2.177s] rust_verify_test::ProveMathSeq mathseq_for_consume
        PASS [   2.199s] rust_verify_test::ProveMathSeq mathseq_loop_borrow_into
        PASS [   2.083s] rust_verify_test::ProveMathSeq mathseq_loop_consume
        PASS [   2.191s] rust_verify_test::ProveMathSeq mathseq_loop_borrow_iter
        PASS [   2.185s] rust_verify_test::ProveOrderedTableStPer chap43_orderedtablestper_for_borrow_into
        PASS [   2.227s] rust_verify_test::ProveOrderedTableStPer chap43_orderedtablestper_for_borrow_iter
        PASS [   1.718s] rust_verify_test::ProvePrimTreeSeqStPer primtreeseq_for_borrow_into
        PASS [   1.990s] rust_verify_test::ProveOrderedTableStPer chap43_orderedtablestper_loop_borrow_into
        PASS [   1.793s] rust_verify_test::ProvePrimTreeSeqStPer primtreeseq_for_borrow_iter
        PASS [   2.264s] rust_verify_test::ProveOrderedTableStPer chap43_orderedtablestper_loop_borrow_iter
        PASS [   1.437s] rust_verify_test::ProvePrimTreeSeqStPer primtreeseq_for_consume
        PASS [   1.537s] rust_verify_test::ProvePrimTreeSeqStPer primtreeseq_loop_borrow_into
        PASS [   1.665s] rust_verify_test::ProvePrimTreeSeqStPer primtreeseq_loop_borrow_iter
        PASS [   1.658s] rust_verify_test::ProvePrimTreeSeqStPer primtreeseq_loop_consume
        PASS [   1.664s] rust_verify_test::ProveSetMtEph set_mt_eph_for_borrow_into
        PASS [   1.549s] rust_verify_test::ProveSetMtEph set_mt_eph_for_borrow_iter
        PASS [   1.400s] rust_verify_test::Provedeep_view_standard deep_view_standard_for_borrow_into
        PASS [   1.669s] rust_verify_test::ProveSetMtEph set_mt_eph_loop_borrow_iter
        PASS [   1.450s] rust_verify_test::Provedeep_view_standard deep_view_standard_for_consume
        PASS [   1.570s] rust_verify_test::Provedeep_view_standard deep_view_standard_for_borrow_iter
        PASS [   1.546s] rust_verify_test::Provedeep_view_standard deep_view_standard_loop_borrow_into
        PASS [   1.383s] rust_verify_test::Provedeep_view_standard deep_view_standard_loop_borrow_iter
        PASS [   1.502s] rust_verify_test::Provedeep_view_standard deep_view_standard_loop_consume
        PASS [   1.705s] rust_verify_test::Provedeep_view_standard deep_view_standard_simple
        PASS [   1.403s] rust_verify_test::Proveiterators_standard iterators_standard_for_borrow_into
        PASS [   1.470s] rust_verify_test::Proveiterators_standard iterators_standard_for_borrow_iter
        PASS [   1.448s] rust_verify_test::Proveiterators_standard iterators_standard_for_consume
        PASS [   1.528s] rust_verify_test::Proveiterators_standard iterators_standard_loop_borrow_into
        PASS [   1.354s] rust_verify_test::Proveiterators_standard iterators_standard_loop_borrow_iter
        PASS [   1.365s] rust_verify_test::Proveiterators_standard iterators_standard_loop_consume
        PASS [   1.363s] rust_verify_test::Provemod_standard mod_standard_for_borrow_iter
        PASS [   1.355s] rust_verify_test::Provemod_standard mod_standard_for_consume
        PASS [   1.592s] rust_verify_test::Provemod_standard mod_standard_for_borrow_into
        PASS [   1.370s] rust_verify_test::Provemod_standard mod_standard_loop_borrow_into
        PASS [   1.409s] rust_verify_test::Provemod_standard mod_standard_loop_borrow_iter
        PASS [   1.367s] rust_verify_test::Provemod_standard mod_standard_loop_consume
        PASS [   1.495s] rust_verify_test::Provetable_of_contents_standard toc_standard_for_borrow_into
        PASS [   1.441s] rust_verify_test::Provetable_of_contents_standard toc_standard_for_borrow_iter
        PASS [   1.305s] rust_verify_test::Provetable_of_contents_standard toc_standard_loop_borrow_into
        PASS [   1.473s] rust_verify_test::Provetable_of_contents_standard toc_standard_for_consume
        PASS [   1.426s] rust_verify_test::Provetable_of_contents_standard toc_standard_loop_borrow_iter
        PASS [   1.343s] rust_verify_test::Provetable_of_contents_standard toc_standard_loop_consume
        PASS [   1.278s] rust_verify_test::Proveusing_closures_standard closures_map_apply
        PASS [   1.461s] rust_verify_test::Proveusing_closures_standard closures_ghost_spec_fn
        PASS [   1.441s] rust_verify_test::Proveusing_closures_standard closures_inline_requires_ensures
        PASS [   1.413s] rust_verify_test::Proveusing_closures_standard closures_let_bind_ensures
        PASS [   1.430s] rust_verify_test::Proveview_standard view_standard_collection
        PASS [   1.335s] rust_verify_test::Proveview_standard view_standard_for_borrow_into
        PASS [   1.348s] rust_verify_test::Proveview_standard view_standard_loop_borrow_into
        PASS [   1.452s] rust_verify_test::Proveview_standard view_standard_for_borrow_iter
        PASS [   1.436s] rust_verify_test::Proveview_standard view_standard_for_consume
        PASS [   1.428s] rust_verify_test::Proveview_standard view_standard_loop_borrow_iter
        PASS [   1.258s] rust_verify_test::Proveview_standard view_standard_simple
        PASS [   1.344s] rust_verify_test::Proveview_standard view_standard_loop_consume
        PASS [   1.330s] rust_verify_test::Provewrapping_iterators_standard wrapping_for_borrow_into
        PASS [   1.370s] rust_verify_test::Provewrapping_iterators_standard wrapping_for_borrow_iter
        PASS [   1.379s] rust_verify_test::Provewrapping_iterators_standard wrapping_loop_borrow_into
        PASS [   1.425s] rust_verify_test::Provewrapping_iterators_standard wrapping_loop_borrow_iter
        PASS [   1.445s] rust_verify_test::RelationStEph relation_st_eph_loop_loop
        PASS [   1.620s] rust_verify_test::RelationStEph relation_st_eph_for_iter
        PASS [   1.420s] rust_verify_test::SetMtEph set_mt_eph_for_iter
        PASS [   1.448s] rust_verify_test::SetMtEph set_mt_eph_from_vec
        PASS [   1.405s] rust_verify_test::SetMtEph set_mt_eph_loop_loop
        PASS [   1.515s] rust_verify_test::SetStEph set_st_eph_for_iter
        PASS [   1.384s] rust_verify_test::SetStEph set_st_eph_from_vec
        PASS [   1.381s] rust_verify_test::SetStEph set_st_eph_loop_loop
        PASS [   1.208s] rust_verify_test::prove_MathSeq_iters mathseq_iter_consuming
        PASS [   1.231s] rust_verify_test::prove_MathSeq_iters mathseq_iter_nested
        PASS [   1.262s] rust_verify_test::prove_MathSeq_iters mathseq_iter_range
────────────
     Summary [  45.799s] 147 tests run: 147 passed, 0 skipped
Elapsed: 128s
