verification results:: 4898 verified, 0 errors
    Finished `release` profile [optimized] target(s) in 0.04s
────────────
 Nextest run ID aac1d4d6-576f-48be-b7fa-29f1c10291b4 with nextest profile: default
    Starting 157 tests across 37 binaries
        PASS [   1.246s] rust_verify_test::HashSetWithViewPlus hash_set_wvp_loop_loop
        PASS [   1.269s] rust_verify_test::HashMapWithViewPlus hash_map_wvp_loop_loop
        PASS [   1.270s] rust_verify_test::HashMapWithViewPlus hash_map_wvp_for_iter
        PASS [   1.289s] rust_verify_test::HashSetWithViewPlus hash_set_wvp_for_iter
        PASS [   1.402s] rust_verify_test::MappingStEph mapping_st_eph_loop_loop
        PASS [   1.421s] rust_verify_test::MappingStEph mapping_st_eph_for_iter
        PASS [   1.232s] rust_verify_test::ProveAVLTreeSetMtEph avltreesetmteph_for_borrow_into
        PASS [   1.320s] rust_verify_test::ProveAVLTreeSeq avltreeseq_for_borrow_iter
        PASS [   1.285s] rust_verify_test::ProveAVLTreeSetMtEph avltreesetmteph_for_borrow_iter
        PASS [   1.329s] rust_verify_test::ProveAVLTreeSeq avltreeseq_loop_borrow_iter
        PASS [   1.212s] rust_verify_test::ProveAVLTreeSetMtEph avltreesetmteph_loop_borrow_iter
        PASS [   1.234s] rust_verify_test::ProveArraySeq arrayseq_filter
        PASS [   1.155s] rust_verify_test::ProveArraySeq arrayseq_iterate
        PASS [   1.245s] rust_verify_test::ProveArraySeq arrayseq_iterate_prefixes
        PASS [   1.208s] rust_verify_test::ProveArraySeq arrayseq_map
        PASS [   1.341s] rust_verify_test::ProveArraySeq arrayseq_for_iter
        PASS [   1.261s] rust_verify_test::ProveArraySeq arrayseq_loop_loop
        PASS [   1.389s] rust_verify_test::ProveArraySeq arrayseq_reduce
        PASS [   1.215s] rust_verify_test::ProveArraySeq arrayseq_tabulate
        PASS [   1.351s] rust_verify_test::ProveArraySeq arrayseq_scan
        PASS [   1.326s] rust_verify_test::ProveArraySeqMtEph arrayseqmteph_for_iter
        PASS [   1.336s] rust_verify_test::ProveArraySeqMtEph arrayseqmteph_loop_loop
        PASS [   1.382s] rust_verify_test::ProveArraySeq arrayseq_scan_inclusive
        PASS [   1.310s] rust_verify_test::ProveArraySeqMtPer arrayseqmtper_for_iter
        PASS [   1.284s] rust_verify_test::ProveArraySeqMtPer arrayseqmtper_loop_loop
        PASS [   1.339s] rust_verify_test::ProveArraySeqStEph arrayseqsteph_for_borrow_into
        PASS [   1.266s] rust_verify_test::ProveArraySeqStEph arrayseqsteph_for_borrow_iter
        PASS [   1.235s] rust_verify_test::ProveArraySeqStEph arrayseqsteph_loop_borrow_into
        PASS [   1.326s] rust_verify_test::ProveArraySeqStEph arrayseqsteph_for_consume
        PASS [   1.258s] rust_verify_test::ProveArraySeqStEph arrayseqsteph_loop_borrow_iter
        PASS [   1.309s] rust_verify_test::ProveArraySeqStEph arrayseqsteph_loop_consume
        PASS [   1.322s] rust_verify_test::ProveBFSMtEph chap54_bfsmteph_bottom_up_loop
        PASS [   1.394s] rust_verify_test::ProveArraySeqStPer arrayseqstper_for_iter
        PASS [   1.373s] rust_verify_test::ProveArraySeqStPer arrayseqstper_loop_loop
        PASS [   1.311s] rust_verify_test::ProveBFSMtEph chap54_bfsmteph_top_down_loop
        PASS [   1.233s] rust_verify_test::ProveBFSStEph chap54_bfssteph_bottom_up_loop
        PASS [   1.255s] rust_verify_test::ProveBFSStEph chap54_bfssteph_top_down_loop
        PASS [   1.324s] rust_verify_test::ProveBalBinTreeStEph balbintree_leaf_iter_exhausted
        PASS [   1.339s] rust_verify_test::ProveBalBinTreeStEph balbintree_inorder_spec_match
        PASS [   1.419s] rust_verify_test::ProveBalBinTreeStEph balbintree_for_postorder
        PASS [   1.439s] rust_verify_test::ProveBalBinTreeStEph balbintree_for_preorder
        PASS [   1.493s] rust_verify_test::ProveBalBinTreeStEph balbintree_for_inorder
        PASS [   1.284s] rust_verify_test::ProveBalBinTreeStEph balbintree_leaf_traversals_empty
        PASS [   1.316s] rust_verify_test::ProveBalBinTreeStEph balbintree_loop_inorder
        PASS [   1.304s] rust_verify_test::ProveBalBinTreeStEph balbintree_loop_preorder
        PASS [   1.364s] rust_verify_test::ProveBalBinTreeStEph balbintree_loop_postorder
        PASS [   1.301s] rust_verify_test::ProveBalBinTreeStEph balbintree_postorder_spec_match
        PASS [   1.321s] rust_verify_test::ProveBalBinTreeStEph balbintree_preorder_spec_match
        PASS [   1.306s] rust_verify_test::ProveChap19ArraySeqMtEph chap19_arrayseqmteph_for_borrow_into
        PASS [   1.292s] rust_verify_test::ProveChap19ArraySeqMtEph chap19_arrayseqmteph_loop_borrow_iter
        PASS [   1.387s] rust_verify_test::ProveChap19ArraySeqMtEph chap19_arrayseqmteph_for_borrow_iter
        PASS [   1.358s] rust_verify_test::ProveChap19ArraySeqMtEph chap19_arrayseqmteph_for_consume
        PASS [   1.360s] rust_verify_test::ProveChap19ArraySeqMtEph chap19_arrayseqmteph_loop_borrow_into
        PASS [   1.330s] rust_verify_test::ProveChap19ArraySeqMtEph chap19_arrayseqmteph_loop_consume
        PASS [   1.315s] rust_verify_test::ProveChap19ArraySeqMtEphSlice slice_for_borrow_into
        PASS [   1.279s] rust_verify_test::ProveChap19ArraySeqMtEphSlice slice_for_borrow_iter
        PASS [   1.244s] rust_verify_test::ProveChap19ArraySeqMtEphSlice slice_loop_borrow_iter
        PASS [   1.287s] rust_verify_test::ProveChap19ArraySeqMtEphSlice slice_iter_over_subslice
        PASS [   1.358s] rust_verify_test::ProveChap19ArraySeqMtEphSlice slice_operations
        PASS [   1.359s] rust_verify_test::ProveChap19ArraySeqStEph chap19_arrayseqsteph_for_borrow_into
        PASS [   1.300s] rust_verify_test::ProveChap19ArraySeqStEph chap19_arrayseqsteph_for_borrow_iter
        PASS [   1.239s] rust_verify_test::ProveChap19ArraySeqStEph chap19_arrayseqsteph_loop_borrow_iter
        PASS [   1.324s] rust_verify_test::ProveChap19ArraySeqStEph chap19_arrayseqsteph_for_consume
        PASS [   1.339s] rust_verify_test::ProveChap19ArraySeqStEph chap19_arrayseqsteph_loop_borrow_into
        PASS [   1.269s] rust_verify_test::ProveChap19ArraySeqStEph chap19_arrayseqsteph_loop_consume
        PASS [   1.279s] rust_verify_test::ProveChap19ArraySeqStPer chap19_arrayseqstper_for_borrow_into
        PASS [   1.233s] rust_verify_test::ProveChap19ArraySeqStPer chap19_arrayseqstper_for_borrow_iter
        PASS [   1.279s] rust_verify_test::ProveChap19ArraySeqStPer chap19_arrayseqstper_for_consume
        PASS [   1.256s] rust_verify_test::ProveChap19ArraySeqStPer chap19_arrayseqstper_loop_borrow_into
        PASS [   1.192s] rust_verify_test::ProveKleeneStPer kleene_alphabet
        PASS [   1.308s] rust_verify_test::ProveChap19ArraySeqStPer chap19_arrayseqstper_loop_borrow_iter
        PASS [   1.284s] rust_verify_test::ProveChap19ArraySeqStPer chap19_arrayseqstper_loop_consume
        PASS [   1.505s] rust_verify_test::ProveKleeneStPer kleene_mem_plus
        PASS [   1.649s] rust_verify_test::ProveKleeneStPer kleene_mem_star
        PASS [   1.632s] rust_verify_test::ProveLinkedListStPer linkedliststper_for_iter
        PASS [   1.725s] rust_verify_test::ProveLinkedListStEph linkedliststeph_for_iter
        PASS [   1.743s] rust_verify_test::ProveLinkedListStEph linkedliststeph_loop_loop
        PASS [   1.746s] rust_verify_test::ProveLinkedListStPer linkedliststper_loop_loop
        PASS [   1.632s] rust_verify_test::ProveMathSeq mathseq_for_borrow_into
        PASS [   1.746s] rust_verify_test::ProveMathSeq mathseq_loop_borrow_into
        PASS [   1.731s] rust_verify_test::ProveMathSeq mathseq_loop_borrow_iter
        PASS [   1.841s] rust_verify_test::ProveMathSeq mathseq_for_consume
        PASS [   1.949s] rust_verify_test::ProveMathSeq mathseq_for_borrow_iter
        PASS [   1.883s] rust_verify_test::ProveMathSeq mathseq_loop_consume
        PASS [   1.872s] rust_verify_test::ProveOrderedSetStEph chap43_orderedsetsteph_for_borrow_into
        PASS [   1.789s] rust_verify_test::ProveOrderedSetStEph chap43_orderedsetsteph_loop_borrow_iter
        PASS [   1.884s] rust_verify_test::ProveOrderedSetStEph chap43_orderedsetsteph_for_borrow_iter
        PASS [   1.953s] rust_verify_test::ProveOrderedSetStEph chap43_orderedsetsteph_loop_borrow_into
        PASS [   2.012s] rust_verify_test::ProveOrderedTableStEph chap43_orderedtablesteph_for_borrow_into
        PASS [   1.958s] rust_verify_test::ProveOrderedTableStEph chap43_orderedtablesteph_for_borrow_iter
        PASS [   1.876s] rust_verify_test::ProveOrderedTableStEph chap43_orderedtablesteph_loop_borrow_into
        PASS [   1.671s] rust_verify_test::ProveOrderedTableStEph chap43_orderedtablesteph_loop_borrow_iter
        PASS [   1.859s] rust_verify_test::ProveOrderedTableStPer chap43_orderedtablestper_for_borrow_into
        PASS [   1.756s] rust_verify_test::ProveOrderedTableStPer chap43_orderedtablestper_for_borrow_iter
        PASS [   1.671s] rust_verify_test::ProveOrderedTableStPer chap43_orderedtablestper_loop_borrow_into
        PASS [   1.683s] rust_verify_test::ProveOrderedTableStPer chap43_orderedtablestper_loop_borrow_iter
        PASS [   1.404s] rust_verify_test::ProvePrimTreeSeqStPer primtreeseq_for_borrow_into
        PASS [   1.258s] rust_verify_test::ProvePrimTreeSeqStPer primtreeseq_for_borrow_iter
        PASS [   1.271s] rust_verify_test::ProvePrimTreeSeqStPer primtreeseq_for_consume
        PASS [   1.280s] rust_verify_test::ProvePrimTreeSeqStPer primtreeseq_loop_borrow_into
        PASS [   1.245s] rust_verify_test::ProvePrimTreeSeqStPer primtreeseq_loop_borrow_iter
        PASS [   1.283s] rust_verify_test::ProvePrimTreeSeqStPer primtreeseq_loop_consume
        PASS [   1.760s] rust_verify_test::ProveSetMtEph set_mt_eph_for_borrow_into
        PASS [   1.810s] rust_verify_test::ProveSetMtEph set_mt_eph_for_borrow_iter
        PASS [   1.702s] rust_verify_test::ProveSetMtEph set_mt_eph_loop_borrow_iter
        PASS [   1.709s] rust_verify_test::Provedeep_view_standard deep_view_standard_for_borrow_into
        PASS [   1.716s] rust_verify_test::Provedeep_view_standard deep_view_standard_for_borrow_iter
        PASS [   1.650s] rust_verify_test::Provedeep_view_standard deep_view_standard_for_consume
        PASS [   1.383s] rust_verify_test::Provedeep_view_standard deep_view_standard_loop_borrow_into
        PASS [   1.290s] rust_verify_test::Provedeep_view_standard deep_view_standard_loop_borrow_iter
        PASS [   1.449s] rust_verify_test::Provedeep_view_standard deep_view_standard_loop_consume
        PASS [   1.420s] rust_verify_test::Proveiterators_standard iterators_standard_for_borrow_into
        PASS [   1.450s] rust_verify_test::Provedeep_view_standard deep_view_standard_simple
        PASS [   1.360s] rust_verify_test::Proveiterators_standard iterators_standard_for_borrow_iter
        PASS [   1.500s] rust_verify_test::Proveiterators_standard iterators_standard_for_consume
        PASS [   1.432s] rust_verify_test::Proveiterators_standard iterators_standard_loop_borrow_into
        PASS [   1.429s] rust_verify_test::Proveiterators_standard iterators_standard_loop_borrow_iter
        PASS [   1.476s] rust_verify_test::Provemod_standard mod_standard_for_borrow_iter
        PASS [   1.502s] rust_verify_test::Provemod_standard mod_standard_for_borrow_into
        PASS [   1.519s] rust_verify_test::Proveiterators_standard iterators_standard_loop_consume
        PASS [   1.535s] rust_verify_test::Provemod_standard mod_standard_for_consume
        PASS [   1.412s] rust_verify_test::Provemod_standard mod_standard_loop_borrow_into
        PASS [   1.363s] rust_verify_test::Provemod_standard mod_standard_loop_borrow_iter
        PASS [   1.339s] rust_verify_test::Provetable_of_contents_standard toc_standard_for_borrow_into
        PASS [   1.414s] rust_verify_test::Provemod_standard mod_standard_loop_consume
        PASS [   1.460s] rust_verify_test::Provetable_of_contents_standard toc_standard_for_borrow_iter
        PASS [   1.248s] rust_verify_test::Provetable_of_contents_standard toc_standard_for_consume
        PASS [   1.229s] rust_verify_test::Provetable_of_contents_standard toc_standard_loop_borrow_into
        PASS [   1.231s] rust_verify_test::Provetable_of_contents_standard toc_standard_loop_borrow_iter
        PASS [   1.220s] rust_verify_test::Provetable_of_contents_standard toc_standard_loop_consume
        PASS [   1.198s] rust_verify_test::Proveusing_closures_standard closures_inline_requires_ensures
        PASS [   1.291s] rust_verify_test::Proveusing_closures_standard closures_ghost_spec_fn
        PASS [   1.210s] rust_verify_test::Proveusing_closures_standard closures_let_bind_ensures
        PASS [   1.265s] rust_verify_test::Proveusing_closures_standard closures_map_apply
        PASS [   1.249s] rust_verify_test::Proveview_standard view_standard_collection
        PASS [   1.289s] rust_verify_test::Proveview_standard view_standard_for_borrow_into
        PASS [   1.290s] rust_verify_test::Proveview_standard view_standard_for_borrow_iter
        PASS [   1.304s] rust_verify_test::Proveview_standard view_standard_for_consume
        PASS [   1.292s] rust_verify_test::Proveview_standard view_standard_loop_borrow_into
        PASS [   1.240s] rust_verify_test::Proveview_standard view_standard_loop_borrow_iter
        PASS [   1.214s] rust_verify_test::Proveview_standard view_standard_loop_consume
        PASS [   1.193s] rust_verify_test::Proveview_standard view_standard_simple
        PASS [   1.321s] rust_verify_test::Provewrapping_iterators_standard wrapping_for_borrow_iter
        PASS [   1.375s] rust_verify_test::Provewrapping_iterators_standard wrapping_for_borrow_into
        PASS [   1.335s] rust_verify_test::Provewrapping_iterators_standard wrapping_loop_borrow_into
        PASS [   1.372s] rust_verify_test::Provewrapping_iterators_standard wrapping_loop_borrow_iter
        PASS [   1.574s] rust_verify_test::RelationStEph relation_st_eph_for_iter
        PASS [   1.525s] rust_verify_test::RelationStEph relation_st_eph_loop_loop
        PASS [   1.476s] rust_verify_test::SetMtEph set_mt_eph_for_iter
        PASS [   1.468s] rust_verify_test::SetMtEph set_mt_eph_from_vec
        PASS [   1.420s] rust_verify_test::SetMtEph set_mt_eph_loop_loop
        PASS [   1.384s] rust_verify_test::SetStEph set_st_eph_for_iter
        PASS [   1.363s] rust_verify_test::SetStEph set_st_eph_loop_loop
        PASS [   1.411s] rust_verify_test::SetStEph set_st_eph_from_vec
        PASS [   1.300s] rust_verify_test::prove_MathSeq_iters mathseq_iter_nested
        PASS [   1.304s] rust_verify_test::prove_MathSeq_iters mathseq_iter_consuming
        PASS [   1.091s] rust_verify_test::prove_MathSeq_iters mathseq_iter_range
────────────
     Summary [  37.388s] 157 tests run: 157 passed, 0 skipped
Elapsed: 129s
