warning: Verus does not (yet) support autoderive Clone impl when the clone is not a copy; continuing, but without adding a specification for the derived Clone impl
  --> src/Chap52/AdjTableGraphStPer.rs:55:14
   |
55 |     #[derive(Clone)]
   |              ^^^^^

warning: Verus does not (yet) support autoderive Clone impl when the clone is not a copy; continuing, but without adding a specification for the derived Clone impl
  --> src/Chap52/AdjTableGraphMtPer.rs:48:14
   |
48 |     #[derive(Clone)]
   |              ^^^^^

note: automatically chose triggers for this expression:
   --> src/Chap52/AdjTableGraphStPer.rs:327:37
    |
327 |   ...                   let j = choose|j: int| 0 <= j < i
    |  _______________________________^
328 | | ...                       && self.adj.entries@[j].0 == v;
    | |________________________________________________________^

note:   trigger 1 of 1:
   --> src/Chap52/AdjTableGraphStPer.rs:328:36
    |
328 | ...                   && self.adj.entries@[j].0 == v;
    |                          ^^^^^^^^^^^^^^^^^^^^

note: automatically chose triggers for this expression:
   --> src/Chap52/AdjTableGraphStPer.rs:323:33
    |
323 |                           implies exists|j: int| 0 <= j < i + 1
    |  _________________________________^
324 | |                             && self.adj.entries@[j].0 == v
    | |__________________________________________________________^

note:   trigger 1 of 1:
   --> src/Chap52/AdjTableGraphStPer.rs:324:32
    |
324 | ...                   && self.adj.entries@[j].0 == v
    |                          ^^^^^^^^^^^^^^^^^^^^

note: automatically chose triggers for this expression:
   --> src/Chap52/AdjTableGraphStPer.rs:301:29
    |
301 |                           ==> exists|j: int| 0 <= j < i
    |  _____________________________^
302 | |                             && self.adj.entries@[j].0 == v,
    | |__________________________________________________________^

note:   trigger 1 of 1:
   --> src/Chap52/AdjTableGraphStPer.rs:302:32
    |
302 | ...                   && self.adj.entries@[j].0 == v,
    |                          ^^^^^^^^^^^^^^^^^^^^

note: automatically chose triggers for this expression:
   --> src/Chap52/AdjTableGraphStPer.rs:344:33
    |
344 |                           let j = choose|j: int| 0 <= j < len as int
    |  _________________________________^
345 | |                             && self.adj.entries@[j].0 == v;
    | |__________________________________________________________^

note:   trigger 1 of 1:
   --> src/Chap52/AdjTableGraphStPer.rs:345:32
    |
345 | ...                   && self.adj.entries@[j].0 == v;
    |                          ^^^^^^^^^^^^^^^^^^^^

note: Verus printed one or more automatically chosen quantifier triggers
      because it had low confidence in the chosen triggers.
      To suppress these messages, do one of the following:
        (1) manually annotate a single desired trigger using #[trigger]
            (example: forall|i: int, j: int| f(i) && #[trigger] g(i) && #[trigger] h(j)),
        (2) manually annotate multiple desired triggers using #![trigger ...]
            (example: forall|i: int| #![trigger f(i)] #![trigger g(i)] f(i) && g(i)),
        (3) accept the automatically chosen trigger using #![auto]
            (example: forall|i: int, j: int| #![auto] f(i) && g(i) && h(j))
        (4) use the --triggers-mode silent command-line option to suppress all printing of triggers.
      (Note: triggers are used by the underlying SMT theorem prover to instantiate quantifiers;
      the theorem prover instantiates a quantifier whenever some expression matches the
      pattern specified by one of the quantifier's triggers.)
   --> src/Chap52/AdjTableGraphStPer.rs:344:33
    |
344 |                           let j = choose|j: int| 0 <= j < len as int
    |  _________________________________^
345 | |                             && self.adj.entries@[j].0 == v;
    | |__________________________________________________________^

verification results:: 5383 verified, 0 errors
warning: 2 warnings emitted

    Finished `release` profile [optimized] target(s) in 0.04s
────────────
 Nextest run ID 05907219-c204-469e-b404-c5f20b9b8282 with nextest profile: default
    Starting 157 tests across 37 binaries
        PASS [   1.477s] rust_verify_test::HashMapWithViewPlus hash_map_wvp_loop_loop
        PASS [   1.480s] rust_verify_test::HashSetWithViewPlus hash_set_wvp_loop_loop
        PASS [   1.611s] rust_verify_test::HashMapWithViewPlus hash_map_wvp_for_iter
        PASS [   1.688s] rust_verify_test::MappingStEph mapping_st_eph_loop_loop
        PASS [   1.729s] rust_verify_test::MappingStEph mapping_st_eph_for_iter
        PASS [   1.874s] rust_verify_test::HashSetWithViewPlus hash_set_wvp_for_iter
        PASS [   1.553s] rust_verify_test::ProveAVLTreeSeq avltreeseq_for_borrow_iter
        PASS [   1.525s] rust_verify_test::ProveAVLTreeSetMtEph avltreesetmteph_for_borrow_iter
        PASS [   1.751s] rust_verify_test::ProveAVLTreeSeq avltreeseq_loop_borrow_iter
        PASS [   1.612s] rust_verify_test::ProveAVLTreeSetMtEph avltreesetmteph_loop_borrow_iter
        PASS [   1.814s] rust_verify_test::ProveAVLTreeSetMtEph avltreesetmteph_for_borrow_into
        PASS [   1.732s] rust_verify_test::ProveArraySeq arrayseq_filter
        PASS [   1.636s] rust_verify_test::ProveArraySeq arrayseq_for_iter
        PASS [   1.487s] rust_verify_test::ProveArraySeq arrayseq_iterate
        PASS [   1.485s] rust_verify_test::ProveArraySeq arrayseq_iterate_prefixes
        PASS [   1.484s] rust_verify_test::ProveArraySeq arrayseq_map
        PASS [   1.604s] rust_verify_test::ProveArraySeq arrayseq_loop_loop
        PASS [   1.909s] rust_verify_test::ProveArraySeq arrayseq_reduce
        PASS [   1.661s] rust_verify_test::ProveArraySeq arrayseq_scan_inclusive
        PASS [   1.699s] rust_verify_test::ProveArraySeq arrayseq_scan
        PASS [   1.498s] rust_verify_test::ProveArraySeqMtEph arrayseqmteph_for_iter
        PASS [   1.509s] rust_verify_test::ProveArraySeqMtEph arrayseqmteph_loop_loop
        PASS [   1.797s] rust_verify_test::ProveArraySeq arrayseq_tabulate
        PASS [   1.564s] rust_verify_test::ProveArraySeqMtPer arrayseqmtper_for_iter
        PASS [   1.497s] rust_verify_test::ProveArraySeqStEph arrayseqsteph_for_borrow_into
        PASS [   1.617s] rust_verify_test::ProveArraySeqMtPer arrayseqmtper_loop_loop
        PASS [   1.561s] rust_verify_test::ProveArraySeqStEph arrayseqsteph_for_consume
        PASS [   1.619s] rust_verify_test::ProveArraySeqStEph arrayseqsteph_for_borrow_iter
        PASS [   1.614s] rust_verify_test::ProveArraySeqStEph arrayseqsteph_loop_borrow_into
        PASS [   1.419s] rust_verify_test::ProveArraySeqStEph arrayseqsteph_loop_borrow_iter
        PASS [   1.455s] rust_verify_test::ProveBFSMtEph chap54_bfsmteph_bottom_up_loop
        PASS [   1.488s] rust_verify_test::ProveArraySeqStPer arrayseqstper_loop_loop
        PASS [   1.410s] rust_verify_test::ProveBFSMtEph chap54_bfsmteph_top_down_loop
        PASS [   1.693s] rust_verify_test::ProveArraySeqStEph arrayseqsteph_loop_consume
        PASS [   1.681s] rust_verify_test::ProveArraySeqStPer arrayseqstper_for_iter
        PASS [   1.432s] rust_verify_test::ProveBFSStEph chap54_bfssteph_bottom_up_loop
        PASS [   1.485s] rust_verify_test::ProveBFSStEph chap54_bfssteph_top_down_loop
        PASS [   1.542s] rust_verify_test::ProveBalBinTreeStEph balbintree_for_inorder
        PASS [   1.614s] rust_verify_test::ProveBalBinTreeStEph balbintree_for_preorder
        PASS [   1.523s] rust_verify_test::ProveBalBinTreeStEph balbintree_inorder_spec_match
        PASS [   1.652s] rust_verify_test::ProveBalBinTreeStEph balbintree_for_postorder
        PASS [   1.447s] rust_verify_test::ProveBalBinTreeStEph balbintree_leaf_iter_exhausted
        PASS [   1.552s] rust_verify_test::ProveBalBinTreeStEph balbintree_leaf_traversals_empty
        PASS [   1.727s] rust_verify_test::ProveBalBinTreeStEph balbintree_loop_inorder
        PASS [   1.616s] rust_verify_test::ProveBalBinTreeStEph balbintree_postorder_spec_match
        PASS [   1.704s] rust_verify_test::ProveBalBinTreeStEph balbintree_loop_preorder
        PASS [   1.988s] rust_verify_test::ProveBalBinTreeStEph balbintree_loop_postorder
        PASS [   1.855s] rust_verify_test::ProveBalBinTreeStEph balbintree_preorder_spec_match
        PASS [   1.981s] rust_verify_test::ProveChap19ArraySeqMtEph chap19_arrayseqmteph_for_borrow_into
        PASS [   2.113s] rust_verify_test::ProveChap19ArraySeqMtEph chap19_arrayseqmteph_for_consume
        PASS [   2.162s] rust_verify_test::ProveChap19ArraySeqMtEph chap19_arrayseqmteph_loop_borrow_into
        PASS [   2.348s] rust_verify_test::ProveChap19ArraySeqMtEph chap19_arrayseqmteph_for_borrow_iter
        PASS [   2.064s] rust_verify_test::ProveChap19ArraySeqMtEph chap19_arrayseqmteph_loop_borrow_iter
        PASS [   2.063s] rust_verify_test::ProveChap19ArraySeqMtEph chap19_arrayseqmteph_loop_consume
        PASS [   2.138s] rust_verify_test::ProveChap19ArraySeqMtEphSlice slice_for_borrow_into
        PASS [   2.100s] rust_verify_test::ProveChap19ArraySeqMtEphSlice slice_for_borrow_iter
        PASS [   2.080s] rust_verify_test::ProveChap19ArraySeqMtEphSlice slice_iter_over_subslice
        PASS [   2.012s] rust_verify_test::ProveChap19ArraySeqMtEphSlice slice_loop_borrow_iter
        PASS [   1.983s] rust_verify_test::ProveChap19ArraySeqStEph chap19_arrayseqsteph_for_borrow_into
        PASS [   2.344s] rust_verify_test::ProveChap19ArraySeqMtEphSlice slice_operations
        PASS [   1.865s] rust_verify_test::ProveChap19ArraySeqStEph chap19_arrayseqsteph_for_borrow_iter
        PASS [   1.923s] rust_verify_test::ProveChap19ArraySeqStEph chap19_arrayseqsteph_for_consume
        PASS [   2.253s] rust_verify_test::ProveChap19ArraySeqStEph chap19_arrayseqsteph_loop_borrow_into
        PASS [   2.321s] rust_verify_test::ProveChap19ArraySeqStEph chap19_arrayseqsteph_loop_borrow_iter
        PASS [   2.235s] rust_verify_test::ProveChap19ArraySeqStEph chap19_arrayseqsteph_loop_consume
        PASS [   2.345s] rust_verify_test::ProveChap19ArraySeqStPer chap19_arrayseqstper_for_borrow_into
        PASS [   1.748s] rust_verify_test::ProveChap19ArraySeqStPer chap19_arrayseqstper_for_consume
        PASS [   2.190s] rust_verify_test::ProveChap19ArraySeqStPer chap19_arrayseqstper_for_borrow_iter
        PASS [   1.920s] rust_verify_test::ProveChap19ArraySeqStPer chap19_arrayseqstper_loop_borrow_iter
        PASS [   2.154s] rust_verify_test::ProveChap19ArraySeqStPer chap19_arrayseqstper_loop_borrow_into
        PASS [   2.211s] rust_verify_test::ProveChap19ArraySeqStPer chap19_arrayseqstper_loop_consume
        PASS [   2.212s] rust_verify_test::ProveKleeneStPer kleene_alphabet
        PASS [   1.875s] rust_verify_test::ProveKleeneStPer kleene_mem_star
        PASS [   2.172s] rust_verify_test::ProveKleeneStPer kleene_mem_plus
        PASS [   1.948s] rust_verify_test::ProveLinkedListStEph linkedliststeph_loop_loop
        PASS [   2.313s] rust_verify_test::ProveLinkedListStEph linkedliststeph_for_iter
        PASS [   2.403s] rust_verify_test::ProveLinkedListStPer linkedliststper_for_iter
        PASS [   2.046s] rust_verify_test::ProveLinkedListStPer linkedliststper_loop_loop
        PASS [   1.929s] rust_verify_test::ProveMathSeq mathseq_for_borrow_iter
        PASS [   2.271s] rust_verify_test::ProveMathSeq mathseq_for_borrow_into
        PASS [   1.838s] rust_verify_test::ProveMathSeq mathseq_for_consume
        PASS [   1.916s] rust_verify_test::ProveMathSeq mathseq_loop_borrow_into
        PASS [   1.584s] rust_verify_test::ProveMathSeq mathseq_loop_borrow_iter
        PASS [   1.667s] rust_verify_test::ProveMathSeq mathseq_loop_consume
        PASS [   1.593s] rust_verify_test::ProveOrderedSetStEph chap43_orderedsetsteph_for_borrow_iter
        PASS [   1.907s] rust_verify_test::ProveOrderedSetStEph chap43_orderedsetsteph_for_borrow_into
        PASS [   1.627s] rust_verify_test::ProveOrderedSetStEph chap43_orderedsetsteph_loop_borrow_into
        PASS [   1.541s] rust_verify_test::ProveOrderedSetStEph chap43_orderedsetsteph_loop_borrow_iter
        PASS [   1.644s] rust_verify_test::ProveOrderedTableStEph chap43_orderedtablesteph_for_borrow_into
        PASS [   1.810s] rust_verify_test::ProveOrderedTableStEph chap43_orderedtablesteph_for_borrow_iter
        PASS [   1.726s] rust_verify_test::ProveOrderedTableStEph chap43_orderedtablesteph_loop_borrow_into
        PASS [   1.708s] rust_verify_test::ProveOrderedTableStEph chap43_orderedtablesteph_loop_borrow_iter
        PASS [   1.583s] rust_verify_test::ProveOrderedTableStPer chap43_orderedtablestper_for_borrow_into
        PASS [   1.659s] rust_verify_test::ProveOrderedTableStPer chap43_orderedtablestper_for_borrow_iter
        PASS [   1.551s] rust_verify_test::ProveOrderedTableStPer chap43_orderedtablestper_loop_borrow_into
        PASS [   1.688s] rust_verify_test::ProveOrderedTableStPer chap43_orderedtablestper_loop_borrow_iter
        PASS [   1.474s] rust_verify_test::ProvePrimTreeSeqStPer primtreeseq_for_borrow_into
        PASS [   1.423s] rust_verify_test::ProvePrimTreeSeqStPer primtreeseq_for_borrow_iter
        PASS [   1.483s] rust_verify_test::ProvePrimTreeSeqStPer primtreeseq_for_consume
        PASS [   1.414s] rust_verify_test::ProvePrimTreeSeqStPer primtreeseq_loop_borrow_into
        PASS [   1.445s] rust_verify_test::ProvePrimTreeSeqStPer primtreeseq_loop_borrow_iter
        PASS [   1.426s] rust_verify_test::ProvePrimTreeSeqStPer primtreeseq_loop_consume
        PASS [   1.644s] rust_verify_test::ProveSetMtEph set_mt_eph_for_borrow_into
        PASS [   1.486s] rust_verify_test::ProveSetMtEph set_mt_eph_loop_borrow_iter
        PASS [   1.508s] rust_verify_test::Provedeep_view_standard deep_view_standard_for_borrow_iter
        PASS [   2.032s] rust_verify_test::ProveSetMtEph set_mt_eph_for_borrow_iter
        PASS [   1.660s] rust_verify_test::Provedeep_view_standard deep_view_standard_for_borrow_into
        PASS [   1.668s] rust_verify_test::Provedeep_view_standard deep_view_standard_for_consume
        PASS [   1.550s] rust_verify_test::Provedeep_view_standard deep_view_standard_loop_borrow_into
        PASS [   1.409s] rust_verify_test::Provedeep_view_standard deep_view_standard_loop_borrow_iter
        PASS [   1.577s] rust_verify_test::Provedeep_view_standard deep_view_standard_simple
        PASS [   1.567s] rust_verify_test::Proveiterators_standard iterators_standard_for_borrow_into
        PASS [   1.593s] rust_verify_test::Provedeep_view_standard deep_view_standard_loop_consume
        PASS [   1.594s] rust_verify_test::Proveiterators_standard iterators_standard_for_borrow_iter
        PASS [   1.560s] rust_verify_test::Proveiterators_standard iterators_standard_for_consume
        PASS [   1.568s] rust_verify_test::Proveiterators_standard iterators_standard_loop_borrow_into
        PASS [   1.425s] rust_verify_test::Proveiterators_standard iterators_standard_loop_borrow_iter
        PASS [   1.498s] rust_verify_test::Proveiterators_standard iterators_standard_loop_consume
        PASS [   1.616s] rust_verify_test::Provemod_standard mod_standard_for_borrow_into
        PASS [   1.714s] rust_verify_test::Provemod_standard mod_standard_for_borrow_iter
        PASS [   1.669s] rust_verify_test::Provemod_standard mod_standard_loop_borrow_into
        PASS [   1.913s] rust_verify_test::Provemod_standard mod_standard_for_consume
        PASS [   1.620s] rust_verify_test::Provemod_standard mod_standard_loop_borrow_iter
        PASS [   1.598s] rust_verify_test::Provemod_standard mod_standard_loop_consume
        PASS [   1.527s] rust_verify_test::Provetable_of_contents_standard toc_standard_for_borrow_into
        PASS [   1.610s] rust_verify_test::Provetable_of_contents_standard toc_standard_for_borrow_iter
        PASS [   1.692s] rust_verify_test::Provetable_of_contents_standard toc_standard_for_consume
        PASS [   1.629s] rust_verify_test::Provetable_of_contents_standard toc_standard_loop_borrow_into
        PASS [   1.487s] rust_verify_test::Provetable_of_contents_standard toc_standard_loop_borrow_iter
        PASS [   1.509s] rust_verify_test::Provetable_of_contents_standard toc_standard_loop_consume
        PASS [   1.498s] rust_verify_test::Proveusing_closures_standard closures_ghost_spec_fn
        PASS [   1.439s] rust_verify_test::Proveusing_closures_standard closures_inline_requires_ensures
        PASS [   1.418s] rust_verify_test::Proveusing_closures_standard closures_let_bind_ensures
        PASS [   1.417s] rust_verify_test::Proveusing_closures_standard closures_map_apply
        PASS [   1.417s] rust_verify_test::Proveview_standard view_standard_collection
        PASS [   1.483s] rust_verify_test::Proveview_standard view_standard_for_borrow_into
        PASS [   1.533s] rust_verify_test::Proveview_standard view_standard_for_borrow_iter
        PASS [   1.433s] rust_verify_test::Proveview_standard view_standard_for_consume
        PASS [   1.484s] rust_verify_test::Proveview_standard view_standard_loop_borrow_into
        PASS [   1.440s] rust_verify_test::Proveview_standard view_standard_loop_borrow_iter
        PASS [   1.523s] rust_verify_test::Proveview_standard view_standard_loop_consume
        PASS [   1.487s] rust_verify_test::Proveview_standard view_standard_simple
        PASS [   1.483s] rust_verify_test::Provewrapping_iterators_standard wrapping_for_borrow_into
        PASS [   1.428s] rust_verify_test::Provewrapping_iterators_standard wrapping_for_borrow_iter
        PASS [   1.442s] rust_verify_test::Provewrapping_iterators_standard wrapping_loop_borrow_into
        PASS [   1.551s] rust_verify_test::Provewrapping_iterators_standard wrapping_loop_borrow_iter
        PASS [   1.620s] rust_verify_test::RelationStEph relation_st_eph_for_iter
        PASS [   1.534s] rust_verify_test::RelationStEph relation_st_eph_loop_loop
        PASS [   1.611s] rust_verify_test::SetMtEph set_mt_eph_for_iter
        PASS [   1.535s] rust_verify_test::SetMtEph set_mt_eph_from_vec
        PASS [   1.548s] rust_verify_test::SetMtEph set_mt_eph_loop_loop
        PASS [   1.685s] rust_verify_test::SetStEph set_st_eph_for_iter
        PASS [   1.592s] rust_verify_test::SetStEph set_st_eph_from_vec
        PASS [   1.576s] rust_verify_test::SetStEph set_st_eph_loop_loop
        PASS [   1.475s] rust_verify_test::prove_MathSeq_iters mathseq_iter_consuming
        PASS [   1.396s] rust_verify_test::prove_MathSeq_iters mathseq_iter_nested
        PASS [   1.251s] rust_verify_test::prove_MathSeq_iters mathseq_iter_range
────────────
     Summary [  44.984s] 157 tests run: 157 passed, 0 skipped
Elapsed: 213s
