verification results:: 4236 verified, 0 errors
    Finished `release` profile [optimized] target(s) in 0.02s
────────────
 Nextest run ID 87fdbcde-cbb2-4897-81aa-4dc95c190d41 with nextest profile: default
    Starting 147 tests across 34 binaries
        PASS [   1.102s] rust_verify_test::HashSetWithViewPlus hash_set_wvp_loop_loop
        PASS [   1.141s] rust_verify_test::HashMapWithViewPlus hash_map_wvp_loop_loop
        PASS [   1.222s] rust_verify_test::HashMapWithViewPlus hash_map_wvp_for_iter
        PASS [   1.243s] rust_verify_test::HashSetWithViewPlus hash_set_wvp_for_iter
        PASS [   1.290s] rust_verify_test::MappingStEph mapping_st_eph_loop_loop
        PASS [   1.335s] rust_verify_test::MappingStEph mapping_st_eph_for_iter
        PASS [   1.226s] rust_verify_test::ProveAVLTreeSetMtEph avltreesetmteph_for_borrow_into
        PASS [   1.153s] rust_verify_test::ProveArraySeq arrayseq_filter
        PASS [   1.190s] rust_verify_test::ProveAVLTreeSetMtEph avltreesetmteph_loop_borrow_iter
        PASS [   1.127s] rust_verify_test::ProveArraySeq arrayseq_iterate
        PASS [   1.368s] rust_verify_test::ProveAVLTreeSetMtEph avltreesetmteph_for_borrow_iter
        PASS [   1.244s] rust_verify_test::ProveArraySeq arrayseq_for_iter
        PASS [   1.147s] rust_verify_test::ProveArraySeq arrayseq_map
        PASS [   1.206s] rust_verify_test::ProveArraySeq arrayseq_loop_loop
        PASS [   1.323s] rust_verify_test::ProveArraySeq arrayseq_iterate_prefixes
        PASS [   1.301s] rust_verify_test::ProveArraySeq arrayseq_reduce
        PASS [   1.403s] rust_verify_test::ProveArraySeq arrayseq_scan
        PASS [   1.402s] rust_verify_test::ProveArraySeq arrayseq_scan_inclusive
        PASS [   1.082s] rust_verify_test::ProveArraySeq arrayseq_tabulate
        PASS [   1.241s] rust_verify_test::ProveArraySeqMtEph arrayseqmteph_loop_loop
        PASS [   1.329s] rust_verify_test::ProveArraySeqMtEph arrayseqmteph_for_iter
        PASS [   1.189s] rust_verify_test::ProveArraySeqMtPer arrayseqmtper_loop_loop
        PASS [   1.347s] rust_verify_test::ProveArraySeqMtPer arrayseqmtper_for_iter
        PASS [   1.243s] rust_verify_test::ProveArraySeqStEph arrayseqsteph_for_borrow_into
        PASS [   1.198s] rust_verify_test::ProveArraySeqStEph arrayseqsteph_for_borrow_iter
        PASS [   1.205s] rust_verify_test::ProveArraySeqStEph arrayseqsteph_for_consume
        PASS [   1.214s] rust_verify_test::ProveArraySeqStEph arrayseqsteph_loop_borrow_into
        PASS [   1.180s] rust_verify_test::ProveArraySeqStEph arrayseqsteph_loop_consume
        PASS [   1.202s] rust_verify_test::ProveArraySeqStEph arrayseqsteph_loop_borrow_iter
        PASS [   1.471s] rust_verify_test::ProveArraySeqStPer arrayseqstper_for_iter
        PASS [   1.162s] rust_verify_test::ProveArraySeqStPer arrayseqstper_loop_loop
        PASS [   1.120s] rust_verify_test::ProveBFSMtEph chap54_bfsmteph_bottom_up_loop
        PASS [   1.088s] rust_verify_test::ProveBFSMtEph chap54_bfsmteph_top_down_loop
        PASS [   1.120s] rust_verify_test::ProveBFSStEph chap54_bfssteph_top_down_loop
        PASS [   1.291s] rust_verify_test::ProveBFSStEph chap54_bfssteph_bottom_up_loop
        PASS [   1.216s] rust_verify_test::ProveBalBinTreeStEph balbintree_for_inorder
        PASS [   1.210s] rust_verify_test::ProveBalBinTreeStEph balbintree_for_postorder
        PASS [   1.125s] rust_verify_test::ProveBalBinTreeStEph balbintree_inorder_spec_match
        PASS [   1.258s] rust_verify_test::ProveBalBinTreeStEph balbintree_for_preorder
        PASS [   1.170s] rust_verify_test::ProveBalBinTreeStEph balbintree_leaf_iter_exhausted
        PASS [   1.198s] rust_verify_test::ProveBalBinTreeStEph balbintree_leaf_traversals_empty
        PASS [   1.212s] rust_verify_test::ProveBalBinTreeStEph balbintree_loop_inorder
        PASS [   1.213s] rust_verify_test::ProveBalBinTreeStEph balbintree_loop_postorder
        PASS [   1.122s] rust_verify_test::ProveBalBinTreeStEph balbintree_postorder_spec_match
        PASS [   1.238s] rust_verify_test::ProveBalBinTreeStEph balbintree_loop_preorder
        PASS [   1.146s] rust_verify_test::ProveBalBinTreeStEph balbintree_preorder_spec_match
        PASS [   1.223s] rust_verify_test::ProveChap19ArraySeqMtEph chap19_arrayseqmteph_for_borrow_into
        PASS [   1.153s] rust_verify_test::ProveChap19ArraySeqMtEph chap19_arrayseqmteph_for_borrow_iter
        PASS [   1.238s] rust_verify_test::ProveChap19ArraySeqMtEph chap19_arrayseqmteph_loop_borrow_iter
        PASS [   1.282s] rust_verify_test::ProveChap19ArraySeqMtEph chap19_arrayseqmteph_loop_borrow_into
        PASS [   1.459s] rust_verify_test::ProveChap19ArraySeqMtEph chap19_arrayseqmteph_for_consume
        PASS [   1.166s] rust_verify_test::ProveChap19ArraySeqMtEph chap19_arrayseqmteph_loop_consume
        PASS [   1.231s] rust_verify_test::ProveChap19ArraySeqMtEphSlice slice_for_borrow_into
        PASS [   1.183s] rust_verify_test::ProveChap19ArraySeqMtEphSlice slice_for_borrow_iter
        PASS [   1.218s] rust_verify_test::ProveChap19ArraySeqMtEphSlice slice_iter_over_subslice
        PASS [   1.184s] rust_verify_test::ProveChap19ArraySeqMtEphSlice slice_loop_borrow_iter
        PASS [   1.216s] rust_verify_test::ProveChap19ArraySeqMtEphSlice slice_operations
        PASS [   1.202s] rust_verify_test::ProveChap19ArraySeqStEph chap19_arrayseqsteph_for_borrow_into
        PASS [   1.344s] rust_verify_test::ProveChap19ArraySeqStEph chap19_arrayseqsteph_for_borrow_iter
        PASS [   1.187s] rust_verify_test::ProveChap19ArraySeqStEph chap19_arrayseqsteph_for_consume
        PASS [   1.147s] rust_verify_test::ProveChap19ArraySeqStEph chap19_arrayseqsteph_loop_borrow_into
        PASS [   1.157s] rust_verify_test::ProveChap19ArraySeqStEph chap19_arrayseqsteph_loop_borrow_iter
        PASS [   1.140s] rust_verify_test::ProveChap19ArraySeqStEph chap19_arrayseqsteph_loop_consume
        PASS [   1.197s] rust_verify_test::ProveChap19ArraySeqStPer chap19_arrayseqstper_for_borrow_into
        PASS [   1.200s] rust_verify_test::ProveChap19ArraySeqStPer chap19_arrayseqstper_for_borrow_iter
        PASS [   1.240s] rust_verify_test::ProveChap19ArraySeqStPer chap19_arrayseqstper_for_consume
        PASS [   1.159s] rust_verify_test::ProveChap19ArraySeqStPer chap19_arrayseqstper_loop_borrow_iter
        PASS [   1.198s] rust_verify_test::ProveChap19ArraySeqStPer chap19_arrayseqstper_loop_consume
        PASS [   1.254s] rust_verify_test::ProveChap19ArraySeqStPer chap19_arrayseqstper_loop_borrow_into
        PASS [   1.195s] rust_verify_test::ProveKleeneStPer kleene_alphabet
        PASS [   1.172s] rust_verify_test::ProveKleeneStPer kleene_mem_plus
        PASS [   1.216s] rust_verify_test::ProveKleeneStPer kleene_mem_star
        PASS [   1.233s] rust_verify_test::ProveLinkedListStEph linkedliststeph_for_iter
        PASS [   1.181s] rust_verify_test::ProveLinkedListStEph linkedliststeph_loop_loop
        PASS [   1.263s] rust_verify_test::ProveLinkedListStPer linkedliststper_loop_loop
        PASS [   1.315s] rust_verify_test::ProveLinkedListStPer linkedliststper_for_iter
        PASS [   1.229s] rust_verify_test::ProveMathSeq mathseq_for_borrow_into
        PASS [   1.231s] rust_verify_test::ProveMathSeq mathseq_for_borrow_iter
        FAIL [   0.112s] rust_verify_test::ProveOrderedTableStPer chap43_orderedtablestper_for_borrow_into
  stdout ───

    running 1 test
    test chap43_orderedtablestper_for_borrow_into ... FAILED

    failures:

    failures:
        chap43_orderedtablestper_for_borrow_into

    test result: FAILED. 0 passed; 1 failed; 0 ignored; 0 measured; 3 filtered out; finished in 0.11s

  stderr ───
    error[E0433]: failed to resolve: could not find `OrderedTableStPer` in `Chap43`
      --> /home/milnes/projects/APAS-VERUS-agent2/rust_verify_test/target/release/test_inputs/ProveOrderedTableStPer-c6e89d4435eaa5a8-chap43_orderedtablestper_for_borrow_into/test.rs:17:25
       |
    17 | use apas_verus::Chap43::OrderedTableStPer::OrderedTableStPer::*;
       |                         ^^^^^^^^^^^^^^^^^ could not find `OrderedTableStPer` in `Chap43`


    error[E0425]: cannot find type `OrderedTableStPerIter` in this scope
      --> /home/milnes/projects/APAS-VERUS-agent2/rust_verify_test/target/release/test_inputs/ProveOrderedTableStPer-c6e89d4435eaa5a8-chap43_orderedtablestper_for_borrow_into/test.rs:28:13
       |
    28 |     let it: OrderedTableStPerIter<u64, u64> = (&t).into_iter();
       |             ^^^^^^^^^^^^^^^^^^^^^ not found in this scope


    error[E0433]: failed to resolve: use of undeclared type `OrderedTableStPer`
      --> /home/milnes/projects/APAS-VERUS-agent2/rust_verify_test/target/release/test_inputs/ProveOrderedTableStPer-c6e89d4435eaa5a8-chap43_orderedtablestper_for_borrow_into/test.rs:24:13
       |
    24 |     let t = OrderedTableStPer::singleton(1u64, 10u64)
       |             ^^^^^^^^^^^^^^^^^ use of undeclared type `OrderedTableStPer`


    error: aborting due to 3 previous errors


    Some errors have detailed explanations: E0425, E0433.

    For more information about an error, try `rustc --explain E0425`.

    the input directory is /home/milnes/projects/APAS-VERUS-agent2/rust_verify_test/target/release/test_inputs/ProveOrderedTableStPer-c6e89d4435eaa5a8-chap43_orderedtablestper_for_borrow_into
    rerun this test with:
    verus --crate-type=lib  /home/milnes/projects/APAS-VERUS-agent2/rust_verify_test/target/release/test_inputs/ProveOrderedTableStPer-c6e89d4435eaa5a8-chap43_orderedtablestper_for_borrow_into/test.rs


    thread 'chap43_orderedtablestper_for_borrow_into' (1880340) panicked at tests/Chap43/ProveOrderedTableStPer.rs:133:1:
    Err(_) does not match $result
    note: run with `RUST_BACKTRACE=1` environment variable to display a backtrace

        FAIL [   0.102s] rust_verify_test::ProveOrderedTableStPer chap43_orderedtablestper_for_borrow_iter
  stdout ───

    running 1 test
    test chap43_orderedtablestper_for_borrow_iter ... FAILED

    failures:

    failures:
        chap43_orderedtablestper_for_borrow_iter

    test result: FAILED. 0 passed; 1 failed; 0 ignored; 0 measured; 3 filtered out; finished in 0.10s

  stderr ───
    error[E0433]: failed to resolve: could not find `OrderedTableStPer` in `Chap43`
      --> /home/milnes/projects/APAS-VERUS-agent2/rust_verify_test/target/release/test_inputs/ProveOrderedTableStPer-c6e89d4435eaa5a8-chap43_orderedtablestper_for_borrow_iter/test.rs:17:25
       |
    17 | use apas_verus::Chap43::OrderedTableStPer::OrderedTableStPer::*;
       |                         ^^^^^^^^^^^^^^^^^ could not find `OrderedTableStPer` in `Chap43`


    error[E0425]: cannot find type `OrderedTableStPerIter` in this scope
      --> /home/milnes/projects/APAS-VERUS-agent2/rust_verify_test/target/release/test_inputs/ProveOrderedTableStPer-c6e89d4435eaa5a8-chap43_orderedtablestper_for_borrow_iter/test.rs:28:13
       |
    28 |     let it: OrderedTableStPerIter<u64, u64> = t.iter();
       |             ^^^^^^^^^^^^^^^^^^^^^ not found in this scope


    error[E0433]: failed to resolve: use of undeclared type `OrderedTableStPer`
      --> /home/milnes/projects/APAS-VERUS-agent2/rust_verify_test/target/release/test_inputs/ProveOrderedTableStPer-c6e89d4435eaa5a8-chap43_orderedtablestper_for_borrow_iter/test.rs:24:13
       |
    24 |     let t = OrderedTableStPer::singleton(1u64, 10u64)
       |             ^^^^^^^^^^^^^^^^^ use of undeclared type `OrderedTableStPer`


    error: aborting due to 3 previous errors


    Some errors have detailed explanations: E0425, E0433.

    For more information about an error, try `rustc --explain E0425`.

    the input directory is /home/milnes/projects/APAS-VERUS-agent2/rust_verify_test/target/release/test_inputs/ProveOrderedTableStPer-c6e89d4435eaa5a8-chap43_orderedtablestper_for_borrow_iter
    rerun this test with:
    verus --crate-type=lib  /home/milnes/projects/APAS-VERUS-agent2/rust_verify_test/target/release/test_inputs/ProveOrderedTableStPer-c6e89d4435eaa5a8-chap43_orderedtablestper_for_borrow_iter/test.rs


    thread 'chap43_orderedtablestper_for_borrow_iter' (1880365) panicked at tests/Chap43/ProveOrderedTableStPer.rs:99:1:
    Err(_) does not match $result
    note: run with `RUST_BACKTRACE=1` environment variable to display a backtrace

        FAIL [   0.100s] rust_verify_test::ProveOrderedTableStPer chap43_orderedtablestper_loop_borrow_into
  stdout ───

    running 1 test
    test chap43_orderedtablestper_loop_borrow_into ... FAILED

    failures:

    failures:
        chap43_orderedtablestper_loop_borrow_into

    test result: FAILED. 0 passed; 1 failed; 0 ignored; 0 measured; 3 filtered out; finished in 0.10s

  stderr ───
    error[E0433]: failed to resolve: could not find `OrderedTableStPer` in `Chap43`
      --> /home/milnes/projects/APAS-VERUS-agent2/rust_verify_test/target/release/test_inputs/ProveOrderedTableStPer-c6e89d4435eaa5a8-chap43_orderedtablestper_loop_borrow_into/test.rs:17:25
       |
    17 | use apas_verus::Chap43::OrderedTableStPer::OrderedTableStPer::*;
       |                         ^^^^^^^^^^^^^^^^^ could not find `OrderedTableStPer` in `Chap43`


    error[E0425]: cannot find type `OrderedTableStPerIter` in this scope
      --> /home/milnes/projects/APAS-VERUS-agent2/rust_verify_test/target/release/test_inputs/ProveOrderedTableStPer-c6e89d4435eaa5a8-chap43_orderedtablestper_loop_borrow_into/test.rs:28:17
       |
    28 |     let mut it: OrderedTableStPerIter<u64, u64> = (&t).into_iter();
       |                 ^^^^^^^^^^^^^^^^^^^^^ not found in this scope


    error[E0425]: cannot find function `iter_invariant` in this scope
      --> /home/milnes/projects/APAS-VERUS-agent2/rust_verify_test/target/release/test_inputs/ProveOrderedTableStPer-c6e89d4435eaa5a8-chap43_orderedtablestper_loop_borrow_into/test.rs:36:13
       |
    36 |             iter_invariant(&it),
       |             ^^^^^^^^^^^^^^ not found in this scope
       |
    help: consider importing one of these functions
       |
    11 + use apas_verus::Chap05::SetMtEph::SetMtEph::iter_invariant;
       |
    11 + use apas_verus::Chap05::SetStEph::SetStEph::iter_invariant;
       |
    11 + use apas_verus::Chap17::MathSeq::MathSeq::iter_invariant;
       |
    11 + use apas_verus::Chap18::ArraySeq::ArraySeq::iter_invariant;
       |
       = and 19 other candidates


    error[E0433]: failed to resolve: use of undeclared type `OrderedTableStPer`
      --> /home/milnes/projects/APAS-VERUS-agent2/rust_verify_test/target/release/test_inputs/ProveOrderedTableStPer-c6e89d4435eaa5a8-chap43_orderedtablestper_loop_borrow_into/test.rs:24:13
       |
    24 |     let t = OrderedTableStPer::singleton(1u64, 10u64)
       |             ^^^^^^^^^^^^^^^^^ use of undeclared type `OrderedTableStPer`


    error: aborting due to 4 previous errors


    Some errors have detailed explanations: E0425, E0433.

    For more information about an error, try `rustc --explain E0425`.

    the input directory is /home/milnes/projects/APAS-VERUS-agent2/rust_verify_test/target/release/test_inputs/ProveOrderedTableStPer-c6e89d4435eaa5a8-chap43_orderedtablestper_loop_borrow_into
    rerun this test with:
    verus --crate-type=lib  /home/milnes/projects/APAS-VERUS-agent2/rust_verify_test/target/release/test_inputs/ProveOrderedTableStPer-c6e89d4435eaa5a8-chap43_orderedtablestper_loop_borrow_into/test.rs


    thread 'chap43_orderedtablestper_loop_borrow_into' (1880378) panicked at tests/Chap43/ProveOrderedTableStPer.rs:57:1:
    Err(_) does not match $result
    note: run with `RUST_BACKTRACE=1` environment variable to display a backtrace

        FAIL [   0.114s] rust_verify_test::ProveOrderedTableStPer chap43_orderedtablestper_loop_borrow_iter
  stdout ───

    running 1 test
    test chap43_orderedtablestper_loop_borrow_iter ... FAILED

    failures:

    failures:
        chap43_orderedtablestper_loop_borrow_iter

    test result: FAILED. 0 passed; 1 failed; 0 ignored; 0 measured; 3 filtered out; finished in 0.11s

  stderr ───
    error[E0433]: failed to resolve: could not find `OrderedTableStPer` in `Chap43`
      --> /home/milnes/projects/APAS-VERUS-agent2/rust_verify_test/target/release/test_inputs/ProveOrderedTableStPer-c6e89d4435eaa5a8-chap43_orderedtablestper_loop_borrow_iter/test.rs:17:25
       |
    17 | use apas_verus::Chap43::OrderedTableStPer::OrderedTableStPer::*;
       |                         ^^^^^^^^^^^^^^^^^ could not find `OrderedTableStPer` in `Chap43`


    error[E0425]: cannot find type `OrderedTableStPerIter` in this scope
      --> /home/milnes/projects/APAS-VERUS-agent2/rust_verify_test/target/release/test_inputs/ProveOrderedTableStPer-c6e89d4435eaa5a8-chap43_orderedtablestper_loop_borrow_iter/test.rs:28:17
       |
    28 |     let mut it: OrderedTableStPerIter<u64, u64> = t.iter();
       |                 ^^^^^^^^^^^^^^^^^^^^^ not found in this scope


    error[E0425]: cannot find function `iter_invariant` in this scope
      --> /home/milnes/projects/APAS-VERUS-agent2/rust_verify_test/target/release/test_inputs/ProveOrderedTableStPer-c6e89d4435eaa5a8-chap43_orderedtablestper_loop_borrow_iter/test.rs:36:13
       |
    36 |             iter_invariant(&it),
       |             ^^^^^^^^^^^^^^ not found in this scope
       |
    help: consider importing one of these functions
       |
    11 + use apas_verus::Chap05::SetMtEph::SetMtEph::iter_invariant;
       |
    11 + use apas_verus::Chap05::SetStEph::SetStEph::iter_invariant;
       |
    11 + use apas_verus::Chap17::MathSeq::MathSeq::iter_invariant;
       |
    11 + use apas_verus::Chap18::ArraySeq::ArraySeq::iter_invariant;
       |
       = and 19 other candidates


    error[E0433]: failed to resolve: use of undeclared type `OrderedTableStPer`
      --> /home/milnes/projects/APAS-VERUS-agent2/rust_verify_test/target/release/test_inputs/ProveOrderedTableStPer-c6e89d4435eaa5a8-chap43_orderedtablestper_loop_borrow_iter/test.rs:24:13
       |
    24 |     let t = OrderedTableStPer::singleton(1u64, 10u64)
       |             ^^^^^^^^^^^^^^^^^ use of undeclared type `OrderedTableStPer`


    error: aborting due to 4 previous errors


    Some errors have detailed explanations: E0425, E0433.

    For more information about an error, try `rustc --explain E0425`.

    the input directory is /home/milnes/projects/APAS-VERUS-agent2/rust_verify_test/target/release/test_inputs/ProveOrderedTableStPer-c6e89d4435eaa5a8-chap43_orderedtablestper_loop_borrow_iter
    rerun this test with:
    verus --crate-type=lib  /home/milnes/projects/APAS-VERUS-agent2/rust_verify_test/target/release/test_inputs/ProveOrderedTableStPer-c6e89d4435eaa5a8-chap43_orderedtablestper_loop_borrow_iter/test.rs


    thread 'chap43_orderedtablestper_loop_borrow_iter' (1880424) panicked at tests/Chap43/ProveOrderedTableStPer.rs:15:1:
    Err(_) does not match $result
    note: run with `RUST_BACKTRACE=1` environment variable to display a backtrace

        PASS [   1.175s] rust_verify_test::ProveMathSeq mathseq_loop_borrow_into
        PASS [   1.218s] rust_verify_test::ProveMathSeq mathseq_for_consume
        PASS [   1.165s] rust_verify_test::ProveMathSeq mathseq_loop_borrow_iter
        PASS [   1.220s] rust_verify_test::ProveMathSeq mathseq_loop_consume
        PASS [   1.206s] rust_verify_test::ProvePrimTreeSeqStPer primtreeseq_for_borrow_into
        PASS [   1.198s] rust_verify_test::ProvePrimTreeSeqStPer primtreeseq_for_borrow_iter
        PASS [   1.220s] rust_verify_test::ProvePrimTreeSeqStPer primtreeseq_for_consume
        PASS [   1.198s] rust_verify_test::ProvePrimTreeSeqStPer primtreeseq_loop_borrow_into
        PASS [   1.133s] rust_verify_test::ProvePrimTreeSeqStPer primtreeseq_loop_borrow_iter
        PASS [   1.242s] rust_verify_test::ProvePrimTreeSeqStPer primtreeseq_loop_consume
        PASS [   1.307s] rust_verify_test::ProveSetMtEph set_mt_eph_for_borrow_into
        PASS [   1.252s] rust_verify_test::ProveSetMtEph set_mt_eph_for_borrow_iter
        PASS [   1.173s] rust_verify_test::Provedeep_view_standard deep_view_standard_for_borrow_into
        PASS [   1.250s] rust_verify_test::ProveSetMtEph set_mt_eph_loop_borrow_iter
        PASS [   1.244s] rust_verify_test::Provedeep_view_standard deep_view_standard_for_borrow_iter
        PASS [   1.502s] rust_verify_test::Provedeep_view_standard deep_view_standard_for_consume
        PASS [   1.188s] rust_verify_test::Provedeep_view_standard deep_view_standard_loop_borrow_iter
        PASS [   1.360s] rust_verify_test::Provedeep_view_standard deep_view_standard_loop_borrow_into
        PASS [   1.138s] rust_verify_test::Provedeep_view_standard deep_view_standard_simple
        PASS [   1.222s] rust_verify_test::Provedeep_view_standard deep_view_standard_loop_consume
        PASS [   1.201s] rust_verify_test::Proveiterators_standard iterators_standard_for_borrow_into
        PASS [   1.197s] rust_verify_test::Proveiterators_standard iterators_standard_for_borrow_iter
        PASS [   1.209s] rust_verify_test::Proveiterators_standard iterators_standard_for_consume
        PASS [   1.193s] rust_verify_test::Proveiterators_standard iterators_standard_loop_borrow_into
        PASS [   1.243s] rust_verify_test::Proveiterators_standard iterators_standard_loop_borrow_iter
        PASS [   1.242s] rust_verify_test::Proveiterators_standard iterators_standard_loop_consume
        PASS [   1.282s] rust_verify_test::Provemod_standard mod_standard_for_borrow_into
        PASS [   1.198s] rust_verify_test::Provemod_standard mod_standard_for_borrow_iter
        PASS [   1.193s] rust_verify_test::Provemod_standard mod_standard_for_consume
        PASS [   1.155s] rust_verify_test::Provemod_standard mod_standard_loop_borrow_into
        PASS [   1.296s] rust_verify_test::Provemod_standard mod_standard_loop_borrow_iter
        PASS [   1.260s] rust_verify_test::Provetable_of_contents_standard toc_standard_for_borrow_into
        PASS [   1.388s] rust_verify_test::Provemod_standard mod_standard_loop_consume
        PASS [   1.188s] rust_verify_test::Provetable_of_contents_standard toc_standard_for_borrow_iter
        PASS [   1.100s] rust_verify_test::Provetable_of_contents_standard toc_standard_loop_borrow_into
        PASS [   1.201s] rust_verify_test::Provetable_of_contents_standard toc_standard_for_consume
        PASS [   1.129s] rust_verify_test::Provetable_of_contents_standard toc_standard_loop_borrow_iter
        PASS [   1.146s] rust_verify_test::Provetable_of_contents_standard toc_standard_loop_consume
        PASS [   1.145s] rust_verify_test::Proveusing_closures_standard closures_ghost_spec_fn
        PASS [   1.082s] rust_verify_test::Proveusing_closures_standard closures_inline_requires_ensures
        PASS [   1.092s] rust_verify_test::Proveusing_closures_standard closures_let_bind_ensures
        PASS [   1.140s] rust_verify_test::Proveusing_closures_standard closures_map_apply
        PASS [   1.106s] rust_verify_test::Proveview_standard view_standard_collection
        PASS [   1.116s] rust_verify_test::Proveview_standard view_standard_for_borrow_into
        PASS [   1.168s] rust_verify_test::Proveview_standard view_standard_for_borrow_iter
        PASS [   1.211s] rust_verify_test::Proveview_standard view_standard_for_consume
        PASS [   1.150s] rust_verify_test::Proveview_standard view_standard_loop_borrow_into
        PASS [   1.147s] rust_verify_test::Proveview_standard view_standard_loop_borrow_iter
        PASS [   1.089s] rust_verify_test::Proveview_standard view_standard_loop_consume
        PASS [   1.103s] rust_verify_test::Proveview_standard view_standard_simple
        PASS [   1.160s] rust_verify_test::Provewrapping_iterators_standard wrapping_for_borrow_into
        PASS [   1.138s] rust_verify_test::Provewrapping_iterators_standard wrapping_for_borrow_iter
        PASS [   1.144s] rust_verify_test::Provewrapping_iterators_standard wrapping_loop_borrow_into
        PASS [   1.137s] rust_verify_test::Provewrapping_iterators_standard wrapping_loop_borrow_iter
        PASS [   1.268s] rust_verify_test::RelationStEph relation_st_eph_for_iter
        PASS [   1.237s] rust_verify_test::SetMtEph set_mt_eph_for_iter
        PASS [   1.387s] rust_verify_test::RelationStEph relation_st_eph_loop_loop
        PASS [   1.318s] rust_verify_test::SetMtEph set_mt_eph_from_vec
        PASS [   1.177s] rust_verify_test::SetMtEph set_mt_eph_loop_loop
        PASS [   1.322s] rust_verify_test::SetStEph set_st_eph_for_iter
        PASS [   1.323s] rust_verify_test::SetStEph set_st_eph_from_vec
        PASS [   1.109s] rust_verify_test::prove_MathSeq_iters mathseq_iter_consuming
        PASS [   1.210s] rust_verify_test::SetStEph set_st_eph_loop_loop
        PASS [   1.097s] rust_verify_test::prove_MathSeq_iters mathseq_iter_nested
        PASS [   1.053s] rust_verify_test::prove_MathSeq_iters mathseq_iter_range
────────────
     Summary [  29.332s] 147 tests run: 143 passed, 4 failed, 0 skipped
        FAIL [   0.112s] rust_verify_test::ProveOrderedTableStPer chap43_orderedtablestper_for_borrow_into
        FAIL [   0.102s] rust_verify_test::ProveOrderedTableStPer chap43_orderedtablestper_for_borrow_iter
        FAIL [   0.100s] rust_verify_test::ProveOrderedTableStPer chap43_orderedtablestper_loop_borrow_into
        FAIL [   0.114s] rust_verify_test::ProveOrderedTableStPer chap43_orderedtablestper_loop_borrow_iter
error: test run failed
Elapsed: 84s
