    Finished `release` profile [optimized] target(s) in 0.06s
────────────
 Nextest run ID 4fdbdab8-ebd1-455f-80f3-107db607668e with nextest profile: default
    Starting 157 tests across 37 binaries
        PASS [   2.590s] rust_verify_test::HashMapWithViewPlus hash_map_wvp_loop_loop
        PASS [   2.626s] rust_verify_test::HashSetWithViewPlus hash_set_wvp_for_iter
        PASS [   2.677s] rust_verify_test::HashSetWithViewPlus hash_set_wvp_loop_loop
        PASS [   2.697s] rust_verify_test::HashMapWithViewPlus hash_map_wvp_for_iter
        PASS [   2.818s] rust_verify_test::MappingStEph mapping_st_eph_loop_loop
        PASS [   2.991s] rust_verify_test::MappingStEph mapping_st_eph_for_iter
        PASS [   2.169s] rust_verify_test::ProveAVLTreeSetMtEph avltreesetmteph_loop_borrow_iter
        PASS [   2.422s] rust_verify_test::ProveAVLTreeSetMtEph avltreesetmteph_for_borrow_into
        PASS [   2.511s] rust_verify_test::ProveAVLTreeSeq avltreeseq_for_borrow_iter
        PASS [   2.184s] rust_verify_test::ProveArraySeq arrayseq_filter
        PASS [   2.564s] rust_verify_test::ProveAVLTreeSeq avltreeseq_loop_borrow_iter
        PASS [   2.505s] rust_verify_test::ProveAVLTreeSetMtEph avltreesetmteph_for_borrow_iter
        PASS [   2.137s] rust_verify_test::ProveArraySeq arrayseq_map
        PASS [   2.231s] rust_verify_test::ProveArraySeq arrayseq_iterate_prefixes
        PASS [   2.277s] rust_verify_test::ProveArraySeq arrayseq_iterate
        PASS [   2.583s] rust_verify_test::ProveArraySeq arrayseq_for_iter
        PASS [   2.529s] rust_verify_test::ProveArraySeq arrayseq_loop_loop
        PASS [   2.610s] rust_verify_test::ProveArraySeq arrayseq_reduce
        PASS [   2.010s] rust_verify_test::ProveArraySeq arrayseq_tabulate
        PASS [   2.588s] rust_verify_test::ProveArraySeq arrayseq_scan
        PASS [   2.429s] rust_verify_test::ProveArraySeqMtEph arrayseqmteph_for_iter
        PASS [   2.708s] rust_verify_test::ProveArraySeq arrayseq_scan_inclusive
        PASS [   2.456s] rust_verify_test::ProveArraySeqMtEph arrayseqmteph_loop_loop
        PASS [   2.425s] rust_verify_test::ProveArraySeqMtPer arrayseqmtper_for_iter
        PASS [   2.331s] rust_verify_test::ProveArraySeqMtPer arrayseqmtper_loop_loop
        PASS [   2.493s] rust_verify_test::ProveArraySeqStEph arrayseqsteph_for_borrow_into
        PASS [   2.443s] rust_verify_test::ProveArraySeqStEph arrayseqsteph_for_consume
        PASS [   2.483s] rust_verify_test::ProveArraySeqStEph arrayseqsteph_for_borrow_iter
        PASS [   2.435s] rust_verify_test::ProveArraySeqStEph arrayseqsteph_loop_borrow_iter
        PASS [   2.557s] rust_verify_test::ProveArraySeqStEph arrayseqsteph_loop_borrow_into
        PASS [   2.726s] rust_verify_test::ProveArraySeqStEph arrayseqsteph_loop_consume
        PASS [   2.230s] rust_verify_test::ProveArraySeqStPer arrayseqstper_for_iter
        PASS [   2.418s] rust_verify_test::ProveArraySeqStPer arrayseqstper_loop_loop
        PASS [   2.344s] rust_verify_test::ProveBFSMtEph chap54_bfsmteph_top_down_loop
        PASS [   2.536s] rust_verify_test::ProveBFSMtEph chap54_bfsmteph_bottom_up_loop
        PASS [   2.322s] rust_verify_test::ProveBFSStEph chap54_bfssteph_bottom_up_loop
        PASS [   2.321s] rust_verify_test::ProveBFSStEph chap54_bfssteph_top_down_loop
        PASS [   2.246s] rust_verify_test::ProveBalBinTreeStEph balbintree_inorder_spec_match
        PASS [   2.707s] rust_verify_test::ProveBalBinTreeStEph balbintree_for_inorder
        PASS [   2.329s] rust_verify_test::ProveBalBinTreeStEph balbintree_leaf_iter_exhausted
        PASS [   2.498s] rust_verify_test::ProveBalBinTreeStEph balbintree_for_postorder
        PASS [   2.475s] rust_verify_test::ProveBalBinTreeStEph balbintree_for_preorder
        PASS [   2.439s] rust_verify_test::ProveBalBinTreeStEph balbintree_leaf_traversals_empty
        PASS [   2.403s] rust_verify_test::ProveBalBinTreeStEph balbintree_loop_inorder
        PASS [   2.305s] rust_verify_test::ProveBalBinTreeStEph balbintree_loop_preorder
        PASS [   2.319s] rust_verify_test::ProveBalBinTreeStEph balbintree_preorder_spec_match
        PASS [   2.486s] rust_verify_test::ProveBalBinTreeStEph balbintree_postorder_spec_match
        PASS [   2.575s] rust_verify_test::ProveBalBinTreeStEph balbintree_loop_postorder
        PASS [   2.535s] rust_verify_test::ProveChap19ArraySeqMtEph chap19_arrayseqmteph_for_borrow_into
        PASS [   2.167s] rust_verify_test::ProveChap19ArraySeqMtEph chap19_arrayseqmteph_loop_borrow_iter
        PASS [   2.554s] rust_verify_test::ProveChap19ArraySeqMtEph chap19_arrayseqmteph_for_borrow_iter
        PASS [   2.549s] rust_verify_test::ProveChap19ArraySeqMtEph chap19_arrayseqmteph_for_consume
        PASS [   2.440s] rust_verify_test::ProveChap19ArraySeqMtEph chap19_arrayseqmteph_loop_consume
        PASS [   2.613s] rust_verify_test::ProveChap19ArraySeqMtEph chap19_arrayseqmteph_loop_borrow_into
        PASS [   2.582s] rust_verify_test::ProveChap19ArraySeqMtEphSlice slice_for_borrow_into
        PASS [   2.486s] rust_verify_test::ProveChap19ArraySeqMtEphSlice slice_for_borrow_iter
        PASS [   2.282s] rust_verify_test::ProveChap19ArraySeqMtEphSlice slice_operations
        PASS [   2.469s] rust_verify_test::ProveChap19ArraySeqMtEphSlice slice_loop_borrow_iter
        PASS [   2.510s] rust_verify_test::ProveChap19ArraySeqMtEphSlice slice_iter_over_subslice
        PASS [   2.372s] rust_verify_test::ProveChap19ArraySeqStEph chap19_arrayseqsteph_for_borrow_into
        PASS [   2.350s] rust_verify_test::ProveChap19ArraySeqStEph chap19_arrayseqsteph_for_borrow_iter
        PASS [   2.251s] rust_verify_test::ProveChap19ArraySeqStEph chap19_arrayseqsteph_loop_borrow_into
        PASS [   2.403s] rust_verify_test::ProveChap19ArraySeqStEph chap19_arrayseqsteph_for_consume
        PASS [   2.429s] rust_verify_test::ProveChap19ArraySeqStEph chap19_arrayseqsteph_loop_consume
        PASS [   2.473s] rust_verify_test::ProveChap19ArraySeqStEph chap19_arrayseqsteph_loop_borrow_iter
        PASS [   2.434s] rust_verify_test::ProveChap19ArraySeqStPer chap19_arrayseqstper_for_borrow_into
        PASS [   2.396s] rust_verify_test::ProveChap19ArraySeqStPer chap19_arrayseqstper_for_borrow_iter
        PASS [   2.318s] rust_verify_test::ProveChap19ArraySeqStPer chap19_arrayseqstper_for_consume
        PASS [   2.182s] rust_verify_test::ProveChap19ArraySeqStPer chap19_arrayseqstper_loop_borrow_iter
        PASS [   2.533s] rust_verify_test::ProveChap19ArraySeqStPer chap19_arrayseqstper_loop_borrow_into
        PASS [   2.451s] rust_verify_test::ProveKleeneStPer kleene_alphabet
        PASS [   2.534s] rust_verify_test::ProveChap19ArraySeqStPer chap19_arrayseqstper_loop_consume
        PASS [   2.338s] rust_verify_test::ProveKleeneStPer kleene_mem_plus
        PASS [   2.265s] rust_verify_test::ProveKleeneStPer kleene_mem_star
        PASS [   2.400s] rust_verify_test::ProveLinkedListStEph linkedliststeph_for_iter
        PASS [   2.326s] rust_verify_test::ProveLinkedListStEph linkedliststeph_loop_loop
        PASS [   2.307s] rust_verify_test::ProveLinkedListStPer linkedliststper_for_iter
        PASS [   2.346s] rust_verify_test::ProveLinkedListStPer linkedliststper_loop_loop
        PASS [   1.817s] rust_verify_test::ProveMathSeq mathseq_for_borrow_iter
        PASS [   2.111s] rust_verify_test::ProveMathSeq mathseq_for_borrow_into
        PASS [   1.800s] rust_verify_test::ProveMathSeq mathseq_loop_borrow_into
        PASS [   1.665s] rust_verify_test::ProveMathSeq mathseq_loop_borrow_iter
        PASS [   1.651s] rust_verify_test::ProveMathSeq mathseq_loop_consume
        PASS [   2.217s] rust_verify_test::ProveMathSeq mathseq_for_consume
        PASS [   1.696s] rust_verify_test::ProveOrderedSetStEph chap43_orderedsetsteph_for_borrow_iter
        PASS [   1.807s] rust_verify_test::ProveOrderedSetStEph chap43_orderedsetsteph_loop_borrow_into
        PASS [   2.196s] rust_verify_test::ProveOrderedSetStEph chap43_orderedsetsteph_for_borrow_into
        PASS [   1.845s] rust_verify_test::ProveOrderedTableStEph chap43_orderedtablesteph_for_borrow_into
        PASS [   2.047s] rust_verify_test::ProveOrderedSetStEph chap43_orderedsetsteph_loop_borrow_iter
        PASS [   1.786s] rust_verify_test::ProveOrderedTableStEph chap43_orderedtablesteph_for_borrow_iter
        PASS [   1.722s] rust_verify_test::ProveOrderedTableStEph chap43_orderedtablesteph_loop_borrow_into
        PASS [   1.686s] rust_verify_test::ProveOrderedTableStPer chap43_orderedtablestper_for_borrow_into
        PASS [   1.725s] rust_verify_test::ProveOrderedTableStPer chap43_orderedtablestper_for_borrow_iter
        PASS [   1.877s] rust_verify_test::ProveOrderedTableStEph chap43_orderedtablesteph_loop_borrow_iter
        PASS [   1.879s] rust_verify_test::ProveOrderedTableStPer chap43_orderedtablestper_loop_borrow_into
        PASS [   1.915s] rust_verify_test::ProveOrderedTableStPer chap43_orderedtablestper_loop_borrow_iter
        PASS [   1.527s] rust_verify_test::ProvePrimTreeSeqStPer primtreeseq_for_borrow_iter
        PASS [   1.874s] rust_verify_test::ProvePrimTreeSeqStPer primtreeseq_for_borrow_into
        PASS [   1.706s] rust_verify_test::ProvePrimTreeSeqStPer primtreeseq_for_consume
        PASS [   1.711s] rust_verify_test::ProvePrimTreeSeqStPer primtreeseq_loop_borrow_into
        PASS [   1.701s] rust_verify_test::ProvePrimTreeSeqStPer primtreeseq_loop_borrow_iter
        PASS [   1.827s] rust_verify_test::ProvePrimTreeSeqStPer primtreeseq_loop_consume
        PASS [   1.646s] rust_verify_test::ProveSetMtEph set_mt_eph_loop_borrow_iter
        PASS [   1.989s] rust_verify_test::ProveSetMtEph set_mt_eph_for_borrow_into
        PASS [   1.947s] rust_verify_test::ProveSetMtEph set_mt_eph_for_borrow_iter
        PASS [   1.770s] rust_verify_test::Provedeep_view_standard deep_view_standard_for_borrow_into
        PASS [   1.673s] rust_verify_test::Provedeep_view_standard deep_view_standard_for_borrow_iter
        PASS [   1.718s] rust_verify_test::Provedeep_view_standard deep_view_standard_for_consume
        PASS [   1.558s] rust_verify_test::Provedeep_view_standard deep_view_standard_loop_borrow_into
        PASS [   1.566s] rust_verify_test::Provedeep_view_standard deep_view_standard_loop_borrow_iter
        PASS [   1.615s] rust_verify_test::Provedeep_view_standard deep_view_standard_loop_consume
        PASS [   1.851s] rust_verify_test::Provedeep_view_standard deep_view_standard_simple
        PASS [   1.760s] rust_verify_test::Proveiterators_standard iterators_standard_for_borrow_into
        PASS [   1.674s] rust_verify_test::Proveiterators_standard iterators_standard_for_borrow_iter
        PASS [   1.538s] rust_verify_test::Proveiterators_standard iterators_standard_for_consume
        PASS [   1.607s] rust_verify_test::Proveiterators_standard iterators_standard_loop_borrow_iter
        PASS [   1.811s] rust_verify_test::Proveiterators_standard iterators_standard_loop_borrow_into
        PASS [   1.805s] rust_verify_test::Proveiterators_standard iterators_standard_loop_consume
        PASS [   1.804s] rust_verify_test::Provemod_standard mod_standard_for_borrow_into
        PASS [   1.944s] rust_verify_test::Provemod_standard mod_standard_for_borrow_iter
        PASS [   1.583s] rust_verify_test::Provemod_standard mod_standard_for_consume
        PASS [   1.574s] rust_verify_test::Provemod_standard mod_standard_loop_borrow_iter
        PASS [   1.751s] rust_verify_test::Provemod_standard mod_standard_loop_borrow_into
        PASS [   1.787s] rust_verify_test::Provemod_standard mod_standard_loop_consume
        PASS [   1.903s] rust_verify_test::Provetable_of_contents_standard toc_standard_for_borrow_into
        PASS [   1.612s] rust_verify_test::Provetable_of_contents_standard toc_standard_for_borrow_iter
        PASS [   1.726s] rust_verify_test::Provetable_of_contents_standard toc_standard_for_consume
        PASS [   1.631s] rust_verify_test::Provetable_of_contents_standard toc_standard_loop_borrow_into
        PASS [   1.790s] rust_verify_test::Provetable_of_contents_standard toc_standard_loop_borrow_iter
        PASS [   1.447s] rust_verify_test::Provetable_of_contents_standard toc_standard_loop_consume
        PASS [   1.722s] rust_verify_test::Proveusing_closures_standard closures_inline_requires_ensures
        PASS [   1.786s] rust_verify_test::Proveusing_closures_standard closures_ghost_spec_fn
        PASS [   1.427s] rust_verify_test::Proveusing_closures_standard closures_let_bind_ensures
        PASS [   1.528s] rust_verify_test::Proveview_standard view_standard_collection
        PASS [   1.876s] rust_verify_test::Proveusing_closures_standard closures_map_apply
        PASS [   1.663s] rust_verify_test::Proveview_standard view_standard_for_borrow_into
        PASS [   1.666s] rust_verify_test::Proveview_standard view_standard_for_consume
        PASS [   1.650s] rust_verify_test::Proveview_standard view_standard_loop_borrow_into
        PASS [   2.099s] rust_verify_test::Proveview_standard view_standard_for_borrow_iter
        PASS [   1.834s] rust_verify_test::Proveview_standard view_standard_loop_borrow_iter
        PASS [   1.570s] rust_verify_test::Proveview_standard view_standard_simple
        PASS [   1.867s] rust_verify_test::Proveview_standard view_standard_loop_consume
        PASS [   1.578s] rust_verify_test::Provewrapping_iterators_standard wrapping_for_borrow_into
        PASS [   1.595s] rust_verify_test::Provewrapping_iterators_standard wrapping_for_borrow_iter
        PASS [   1.808s] rust_verify_test::Provewrapping_iterators_standard wrapping_loop_borrow_into
        PASS [   1.873s] rust_verify_test::RelationStEph relation_st_eph_for_iter
        PASS [   1.891s] rust_verify_test::Provewrapping_iterators_standard wrapping_loop_borrow_iter
        PASS [   1.962s] rust_verify_test::RelationStEph relation_st_eph_loop_loop
        PASS [   1.760s] rust_verify_test::SetMtEph set_mt_eph_for_iter
        PASS [   1.712s] rust_verify_test::SetMtEph set_mt_eph_from_vec
        PASS [   1.650s] rust_verify_test::SetMtEph set_mt_eph_loop_loop
        PASS [   1.617s] rust_verify_test::SetStEph set_st_eph_for_iter
        PASS [   1.759s] rust_verify_test::SetStEph set_st_eph_from_vec
        PASS [   1.838s] rust_verify_test::SetStEph set_st_eph_loop_loop
        PASS [   1.635s] rust_verify_test::prove_MathSeq_iters mathseq_iter_consuming
        PASS [   1.494s] rust_verify_test::prove_MathSeq_iters mathseq_iter_nested
        PASS [   1.412s] rust_verify_test::prove_MathSeq_iters mathseq_iter_range
────────────
     Summary [  55.133s] 157 tests run: 157 passed, 0 skipped
Elapsed: 158s
