verification results:: 5765 verified, 0 errors
   Compiling rust_verify_test_macros v0.1.0 (/home/milnes/projects/verus/source/rust_verify_test_macros)
   Compiling rust_verify_test v0.1.0 (/home/milnes/projects/APAS-VERUS/rust_verify_test)
    Finished `release` profile [optimized] target(s) in 32.93s
────────────
 Nextest run ID ccef45da-770d-4ca6-befe-1c94b44c59f5 with nextest profile: default
    Starting 289 tests across 70 binaries
        PASS [   1.646s] rust_verify_test::HashSetWithViewPlus hash_set_wvp_loop_loop
        PASS [   1.709s] rust_verify_test::HashSetWithViewPlus hash_set_wvp_for_iter
        PASS [   1.742s] rust_verify_test::HashMapWithViewPlus hash_map_wvp_loop_loop
        PASS [   1.756s] rust_verify_test::HashMapWithViewPlus hash_map_wvp_for_iter
        PASS [   1.776s] rust_verify_test::MappingStEph mapping_st_eph_loop_loop
        PASS [   1.839s] rust_verify_test::MappingStEph mapping_st_eph_for_iter
        PASS [   1.864s] rust_verify_test::ProveAVLTreeSeq avltreeseq_for_borrow_into
        PASS [   1.831s] rust_verify_test::ProveAVLTreeSeq avltreeseq_for_borrow_iter
        PASS [   1.803s] rust_verify_test::ProveAVLTreeSeq avltreeseq_loop_borrow_iter
        PASS [   1.845s] rust_verify_test::ProveAVLTreeSeq avltreeseq_loop_borrow_into
        PASS [   1.880s] rust_verify_test::ProveAVLTreeSeqMtPer avltreeseqmtper_for_borrow_into
        PASS [   1.824s] rust_verify_test::ProveAVLTreeSeqMtPer avltreeseqmtper_for_borrow_iter
        PASS [   1.716s] rust_verify_test::ProveAVLTreeSeqMtPer avltreeseqmtper_loop_borrow_iter
        PASS [   1.834s] rust_verify_test::ProveAVLTreeSeqMtPer avltreeseqmtper_loop_borrow_into
        PASS [   1.802s] rust_verify_test::ProveAVLTreeSeqStEph avltreeseqsteph_for_borrow_into
        PASS [   1.725s] rust_verify_test::ProveAVLTreeSeqStEph avltreeseqsteph_loop_borrow_iter
        PASS [   1.813s] rust_verify_test::ProveAVLTreeSeqStEph avltreeseqsteph_loop_borrow_into
        PASS [   1.884s] rust_verify_test::ProveAVLTreeSeqStEph avltreeseqsteph_for_borrow_iter
        PASS [   1.777s] rust_verify_test::ProveAVLTreeSeqStPer avltreeseqstper_for_borrow_into
        PASS [   1.745s] rust_verify_test::ProveAVLTreeSeqStPer avltreeseqstper_for_borrow_iter
        PASS [   1.721s] rust_verify_test::ProveAVLTreeSeqStPer avltreeseqstper_loop_borrow_iter
        PASS [   1.728s] rust_verify_test::ProveAVLTreeSetMtEph avltreesetmteph_for_borrow_into
        PASS [   1.845s] rust_verify_test::ProveAVLTreeSeqStPer avltreeseqstper_loop_borrow_into
        PASS [   1.750s] rust_verify_test::ProveAVLTreeSetMtEph avltreesetmteph_for_borrow_iter
        PASS [   1.746s] rust_verify_test::ProveAVLTreeSetMtEph avltreesetmteph_loop_borrow_into
        PASS [   1.708s] rust_verify_test::ProveAVLTreeSetMtPer avltreesetmtper_for_borrow_into
        PASS [   1.747s] rust_verify_test::ProveAVLTreeSetMtEph avltreesetmteph_loop_borrow_iter
        PASS [   1.676s] rust_verify_test::ProveAVLTreeSetMtPer avltreesetmtper_loop_borrow_into
        PASS [   1.748s] rust_verify_test::ProveAVLTreeSetStEph avltreesetsteph_for_borrow_into
        PASS [   1.806s] rust_verify_test::ProveAVLTreeSetStEph avltreesetsteph_for_borrow_iter
        PASS [   1.742s] rust_verify_test::ProveAVLTreeSetStEph avltreesetsteph_loop_borrow_into
        PASS [   1.752s] rust_verify_test::ProveAVLTreeSetStPer avltreesetstper_for_borrow_into
        PASS [   1.822s] rust_verify_test::ProveAVLTreeSetStPer avltreesetstper_loop_borrow_into
        PASS [   1.750s] rust_verify_test::ProveArraySeq arrayseq_filter
        PASS [   1.905s] rust_verify_test::ProveAVLTreeSetStEph avltreesetsteph_loop_borrow_iter
        PASS [   1.819s] rust_verify_test::ProveArraySeq arrayseq_for_iter
        PASS [   1.620s] rust_verify_test::ProveArraySeq arrayseq_iterate
        PASS [   1.597s] rust_verify_test::ProveArraySeq arrayseq_map
        PASS [   1.752s] rust_verify_test::ProveArraySeq arrayseq_iterate_prefixes
        PASS [   1.764s] rust_verify_test::ProveArraySeq arrayseq_loop_loop
        PASS [   1.847s] rust_verify_test::ProveArraySeq arrayseq_reduce
        PASS [   1.920s] rust_verify_test::ProveArraySeq arrayseq_scan
        PASS [   1.745s] rust_verify_test::ProveArraySeq arrayseq_tabulate
        PASS [   1.966s] rust_verify_test::ProveArraySeq arrayseq_scan_inclusive
        PASS [   1.783s] rust_verify_test::ProveArraySeqMtEph arrayseqmteph_for_consume
        PASS [   1.987s] rust_verify_test::ProveArraySeqMtEph arrayseqmteph_for_borrow_into
        PASS [   1.807s] rust_verify_test::ProveArraySeqMtEph arrayseqmteph_for_iter
        PASS [   1.770s] rust_verify_test::ProveArraySeqMtEph arrayseqmteph_loop_borrow_into
        PASS [   1.703s] rust_verify_test::ProveArraySeqMtEph arrayseqmteph_loop_consume
        PASS [   1.747s] rust_verify_test::ProveArraySeqMtEph arrayseqmteph_loop_loop
        PASS [   1.768s] rust_verify_test::ProveArraySeqMtPer arrayseqmtper_for_borrow_into
        PASS [   1.770s] rust_verify_test::ProveArraySeqMtPer arrayseqmtper_for_consume
        PASS [   1.787s] rust_verify_test::ProveArraySeqMtPer arrayseqmtper_for_iter
        PASS [   1.763s] rust_verify_test::ProveArraySeqMtPer arrayseqmtper_loop_borrow_into
        PASS [   1.822s] rust_verify_test::ProveArraySeqMtPer arrayseqmtper_loop_consume
        PASS [   1.801s] rust_verify_test::ProveArraySeqMtPer arrayseqmtper_loop_loop
        PASS [   1.875s] rust_verify_test::ProveArraySeqStEph arrayseqsteph_for_borrow_into
        PASS [   1.740s] rust_verify_test::ProveArraySeqStEph arrayseqsteph_for_consume
        PASS [   1.825s] rust_verify_test::ProveArraySeqStEph arrayseqsteph_for_borrow_iter
        PASS [   1.729s] rust_verify_test::ProveArraySeqStEph arrayseqsteph_loop_borrow_into
        PASS [   1.735s] rust_verify_test::ProveArraySeqStEph arrayseqsteph_loop_borrow_iter
        PASS [   1.776s] rust_verify_test::ProveArraySeqStEph arrayseqsteph_loop_consume
        PASS [   1.729s] rust_verify_test::ProveArraySeqStPer arrayseqstper_loop_loop
        PASS [   1.764s] rust_verify_test::ProveArraySeqStPer arrayseqstper_for_iter
        PASS [   1.794s] rust_verify_test::ProveArraySetStEph arraysetseph_for_borrow_into
        PASS [   1.889s] rust_verify_test::ProveArraySetStEph arraysetseph_for_borrow_iter
        PASS [   1.743s] rust_verify_test::ProveArraySetStEph arraysetseph_loop_borrow_into
        PASS [   1.788s] rust_verify_test::ProveArraySetStEph arraysetseph_loop_borrow_iter
        PASS [   1.691s] rust_verify_test::ProveBFSMtEph chap54_bfsmteph_bottom_up_for
        PASS [   1.674s] rust_verify_test::ProveBFSMtEph chap54_bfsmteph_bottom_up_loop
        PASS [   1.677s] rust_verify_test::ProveBFSMtEph chap54_bfsmteph_top_down_for
        PASS [   1.685s] rust_verify_test::ProveBFSMtEph chap54_bfsmteph_top_down_loop
        PASS [   1.658s] rust_verify_test::ProveBFSStEph chap54_bfssteph_bottom_up_for
        PASS [   1.722s] rust_verify_test::ProveBFSStEph chap54_bfssteph_bottom_up_loop
        PASS [   1.684s] rust_verify_test::ProveBFSStEph chap54_bfssteph_top_down_for
        PASS [   1.700s] rust_verify_test::ProveBFSStEph chap54_bfssteph_top_down_loop
        PASS [   1.797s] rust_verify_test::ProveBSTKeyValueStEph bstkeyvaluesteph_for_borrow_into
        PASS [   1.650s] rust_verify_test::ProveBSTKeyValueStEph bstkeyvaluesteph_loop_borrow_into
        PASS [   1.705s] rust_verify_test::ProveBSTParaTreapMtEph bstparatreapmteph_for_borrow_into
        PASS [   1.700s] rust_verify_test::ProveBSTParaTreapMtEph bstparatreapmteph_loop_borrow_into
        PASS [   1.782s] rust_verify_test::ProveBSTPlainMtEph bstplainmteph_for_borrow_into
        PASS [   1.823s] rust_verify_test::ProveBSTPlainMtEph bstplainmteph_for_borrow_iter
        PASS [   1.792s] rust_verify_test::ProveBSTPlainMtEph bstplainmteph_loop_borrow_into
        PASS [   1.798s] rust_verify_test::ProveBSTPlainMtEph bstplainmteph_loop_borrow_iter
        PASS [   1.960s] rust_verify_test::ProveBSTRBMtEph bstrbmteph_for_borrow_into
        PASS [   1.936s] rust_verify_test::ProveBSTRBMtEph bstrbmteph_for_borrow_iter
        PASS [   1.858s] rust_verify_test::ProveBSTRBMtEph bstrbmteph_loop_borrow_into
        PASS [   1.857s] rust_verify_test::ProveBSTRBMtEph bstrbmteph_loop_borrow_iter
        PASS [   1.898s] rust_verify_test::ProveBSTReducedStEph bstreducedsteph_for_borrow_into
        PASS [   2.101s] rust_verify_test::ProveBSTReducedStEph bstreducedsteph_loop_borrow_into
        PASS [   1.922s] rust_verify_test::ProveBSTSetAVLMtEph bstsetavlmteph_for_borrow_into
        PASS [   1.819s] rust_verify_test::ProveBSTSetAVLMtEph bstsetavlmteph_for_borrow_iter
        PASS [   1.974s] rust_verify_test::ProveBSTSetAVLMtEph bstsetavlmteph_loop_borrow_into
        PASS [   1.903s] rust_verify_test::ProveBSTSetAVLMtEph bstsetavlmteph_loop_borrow_iter
        PASS [   2.191s] rust_verify_test::ProveBSTSetAVLMtEph bstsetavlmteph_for_consume
        PASS [   1.826s] rust_verify_test::ProveBSTSetAVLMtEph bstsetavlmteph_loop_consume
        PASS [   2.031s] rust_verify_test::ProveBSTSetBBAlphaMtEph bstsetbbalphamteph_for_borrow_into
        PASS [   1.939s] rust_verify_test::ProveBSTSetBBAlphaMtEph bstsetbbalphamteph_for_borrow_iter
        PASS [   2.074s] rust_verify_test::ProveBSTSetBBAlphaMtEph bstsetbbalphamteph_loop_borrow_into
        PASS [   2.001s] rust_verify_test::ProveBSTSetBBAlphaMtEph bstsetbbalphamteph_loop_borrow_iter
        PASS [   1.896s] rust_verify_test::ProveBSTSetPlainMtEph bstsetplainmteph_for_borrow_iter
        PASS [   2.056s] rust_verify_test::ProveBSTSetPlainMtEph bstsetplainmteph_for_borrow_into
        PASS [   2.055s] rust_verify_test::ProveBSTSetPlainMtEph bstsetplainmteph_loop_borrow_iter
        PASS [   2.068s] rust_verify_test::ProveBSTSetPlainMtEph bstsetplainmteph_loop_borrow_into
        PASS [   1.907s] rust_verify_test::ProveBSTSetRBMtEph bstsetrbmteph_for_borrow_iter
        PASS [   1.914s] rust_verify_test::ProveBSTSetRBMtEph bstsetrbmteph_for_consume
        PASS [   2.009s] rust_verify_test::ProveBSTSetRBMtEph bstsetrbmteph_loop_borrow_into
        PASS [   2.252s] rust_verify_test::ProveBSTSetRBMtEph bstsetrbmteph_for_borrow_into
        PASS [   2.095s] rust_verify_test::ProveBSTSetRBMtEph bstsetrbmteph_loop_consume
        PASS [   2.196s] rust_verify_test::ProveBSTSetRBMtEph bstsetrbmteph_loop_borrow_iter
        PASS [   1.952s] rust_verify_test::ProveBSTSetSplayMtEph bstsetsplaymteph_for_borrow_into
        PASS [   2.002s] rust_verify_test::ProveBSTSetSplayMtEph bstsetsplaymteph_for_consume
        PASS [   2.197s] rust_verify_test::ProveBSTSetSplayMtEph bstsetsplaymteph_for_borrow_iter
        PASS [   2.050s] rust_verify_test::ProveBSTSetSplayMtEph bstsetsplaymteph_loop_borrow_into
        PASS [   1.935s] rust_verify_test::ProveBSTSetSplayMtEph bstsetsplaymteph_loop_consume
        PASS [   2.136s] rust_verify_test::ProveBSTSetSplayMtEph bstsetsplaymteph_loop_borrow_iter
        PASS [   2.007s] rust_verify_test::ProveBSTSetTreapMtEph bstsettreapmteph_for_borrow_into
        PASS [   1.881s] rust_verify_test::ProveBSTSetTreapMtEph bstsettreapmteph_loop_borrow_into
        PASS [   1.905s] rust_verify_test::ProveBSTSizeStEph bstsizesteph_for_borrow_into
        PASS [   2.004s] rust_verify_test::ProveBSTSizeStEph bstsizesteph_loop_borrow_into
        PASS [   1.941s] rust_verify_test::ProveBSTTreapMtEph bsttreapmteph_for_borrow_into
        PASS [   1.809s] rust_verify_test::ProveBSTTreapMtEph bsttreapmteph_loop_borrow_into
        PASS [   1.819s] rust_verify_test::ProveBSTTreapStEph bsttreapsteph_for_borrow_into
        PASS [   2.222s] rust_verify_test::ProveBSTSplayStEph bstsplaysteph_for_borrow_into
        PASS [   1.816s] rust_verify_test::ProveBSTTreapStEph bsttreapsteph_loop_borrow_into
        PASS [   2.400s] rust_verify_test::ProveBSTSplayStEph bstsplaysteph_loop_borrow_into
        PASS [   1.797s] rust_verify_test::ProveBalBinTreeStEph balbintree_inorder_spec_match
        PASS [   1.998s] rust_verify_test::ProveBalBinTreeStEph balbintree_for_postorder
        PASS [   2.059s] rust_verify_test::ProveBalBinTreeStEph balbintree_for_inorder
        PASS [   2.091s] rust_verify_test::ProveBalBinTreeStEph balbintree_for_preorder
        PASS [   1.956s] rust_verify_test::ProveBalBinTreeStEph balbintree_leaf_traversals_empty
        PASS [   2.277s] rust_verify_test::ProveBalBinTreeStEph balbintree_leaf_iter_exhausted
        PASS [   1.947s] rust_verify_test::ProveBalBinTreeStEph balbintree_loop_inorder
        PASS [   2.004s] rust_verify_test::ProveBalBinTreeStEph balbintree_loop_preorder
        PASS [   1.957s] rust_verify_test::ProveBalBinTreeStEph balbintree_postorder_spec_match
        PASS [   1.924s] rust_verify_test::ProveBalBinTreeStEph balbintree_preorder_spec_match
        PASS [   2.318s] rust_verify_test::ProveBalBinTreeStEph balbintree_loop_postorder
        PASS [   1.936s] rust_verify_test::ProveChap18ArraySeqMtEphSlice chap18_arrayseqmtephslice_for_borrow_into
        PASS [   2.037s] rust_verify_test::ProveChap18ArraySeqMtEphSlice chap18_arrayseqmtephslice_for_borrow_iter
        PASS [   2.043s] rust_verify_test::ProveChap18ArraySeqMtEphSlice chap18_arrayseqmtephslice_loop_borrow_into
        PASS [   1.934s] rust_verify_test::ProveChap19ArraySeqMtEph chap19_arrayseqmteph_for_borrow_into
        PASS [   2.197s] rust_verify_test::ProveChap18ArraySeqMtEphSlice chap18_arrayseqmtephslice_loop_borrow_iter
        PASS [   2.215s] rust_verify_test::ProveChap19ArraySeqMtEph chap19_arrayseqmteph_for_consume
        PASS [   2.440s] rust_verify_test::ProveChap19ArraySeqMtEph chap19_arrayseqmteph_for_borrow_iter
        PASS [   1.940s] rust_verify_test::ProveChap19ArraySeqMtEph chap19_arrayseqmteph_loop_borrow_into
        PASS [   2.005s] rust_verify_test::ProveChap19ArraySeqMtEph chap19_arrayseqmteph_loop_borrow_iter
        PASS [   2.058s] rust_verify_test::ProveChap19ArraySeqMtEph chap19_arrayseqmteph_loop_consume
        PASS [   1.905s] rust_verify_test::ProveChap19ArraySeqMtEphSlice slice_iter_over_subslice
        PASS [   2.373s] rust_verify_test::ProveChap19ArraySeqMtEphSlice slice_for_borrow_into
        PASS [   2.072s] rust_verify_test::ProveChap19ArraySeqMtEphSlice slice_for_borrow_iter
        PASS [   1.965s] rust_verify_test::ProveChap19ArraySeqMtEphSlice slice_loop_borrow_iter
        PASS [   1.904s] rust_verify_test::ProveChap19ArraySeqMtEphSlice slice_operations
        PASS [   1.946s] rust_verify_test::ProveChap19ArraySeqStEph chap19_arrayseqsteph_for_borrow_into
        PASS [   2.029s] rust_verify_test::ProveChap19ArraySeqStEph chap19_arrayseqsteph_for_borrow_iter
        PASS [   2.129s] rust_verify_test::ProveChap19ArraySeqStEph chap19_arrayseqsteph_for_consume
        PASS [   2.086s] rust_verify_test::ProveChap19ArraySeqStEph chap19_arrayseqsteph_loop_borrow_into
        PASS [   2.413s] rust_verify_test::ProveChap19ArraySeqStEph chap19_arrayseqsteph_loop_borrow_iter
        PASS [   2.096s] rust_verify_test::ProveChap19ArraySeqStPer chap19_arrayseqstper_for_borrow_into
        PASS [   2.344s] rust_verify_test::ProveChap19ArraySeqStEph chap19_arrayseqsteph_loop_consume
        PASS [   2.025s] rust_verify_test::ProveChap19ArraySeqStPer chap19_arrayseqstper_for_borrow_iter
        PASS [   1.956s] rust_verify_test::ProveChap19ArraySeqStPer chap19_arrayseqstper_for_consume
        PASS [   1.958s] rust_verify_test::ProveChap19ArraySeqStPer chap19_arrayseqstper_loop_borrow_into
        PASS [   1.884s] rust_verify_test::ProveChap19ArraySeqStPer chap19_arrayseqstper_loop_borrow_iter
        PASS [   2.040s] rust_verify_test::ProveKleeneStPer kleene_alphabet
        PASS [   2.295s] rust_verify_test::ProveChap19ArraySeqStPer chap19_arrayseqstper_loop_consume
        PASS [   2.059s] rust_verify_test::ProveKleeneStPer kleene_mem_plus
        PASS [   2.010s] rust_verify_test::ProveKleeneStPer kleene_mem_star
        PASS [   2.235s] rust_verify_test::ProveLinkedListStEph linkedliststeph_for_iter
        PASS [   1.944s] rust_verify_test::ProveLinkedListStPer linkedliststper_for_iter
        PASS [   2.255s] rust_verify_test::ProveLinkedListStEph linkedliststeph_loop_loop
        PASS [   1.907s] rust_verify_test::ProveMathSeq mathseq_for_borrow_into
        PASS [   2.043s] rust_verify_test::ProveLinkedListStPer linkedliststper_loop_loop
        PASS [   2.187s] rust_verify_test::ProveMathSeq mathseq_for_borrow_iter
        PASS [   2.009s] rust_verify_test::ProveMathSeq mathseq_for_consume
        PASS [   2.116s] rust_verify_test::ProveMathSeq mathseq_loop_borrow_into
        PASS [   2.176s] rust_verify_test::ProveMathSeq mathseq_loop_borrow_iter
        PASS [   1.996s] rust_verify_test::ProveOrdKeyMap ordkeymap_for_borrow_into
        PASS [   2.112s] rust_verify_test::ProveMathSeq mathseq_loop_consume
        PASS [   1.974s] rust_verify_test::ProveOrdKeyMap ordkeymap_loop_borrow_into
        PASS [   2.366s] rust_verify_test::ProveOrdKeyMap ordkeymap_for_borrow_iter
        PASS [   2.003s] rust_verify_test::ProveOrdKeyMap ordkeymap_loop_borrow_iter
        PASS [   2.083s] rust_verify_test::ProveOrderedSetMtEph orderedsetmteph_for_borrow_into
        PASS [   2.174s] rust_verify_test::ProveOrderedSetMtEph orderedsetmteph_for_borrow_iter
        PASS [   1.910s] rust_verify_test::ProveOrderedSetMtEph orderedsetmteph_loop_borrow_iter
        PASS [   2.312s] rust_verify_test::ProveOrderedSetMtEph orderedsetmteph_loop_borrow_into
        PASS [   2.403s] rust_verify_test::ProveOrderedSetStEph chap43_orderedsetsteph_for_borrow_into
        PASS [   2.059s] rust_verify_test::ProveOrderedSetStEph chap43_orderedsetsteph_for_borrow_iter
        PASS [   1.991s] rust_verify_test::ProveOrderedSetStEph chap43_orderedsetsteph_loop_borrow_iter
        PASS [   2.013s] rust_verify_test::ProveOrderedSetStPer chap43_orderedsetstper_for_borrow_iter
        PASS [   2.334s] rust_verify_test::ProveOrderedSetStEph chap43_orderedsetsteph_loop_borrow_into
        PASS [   1.917s] rust_verify_test::ProveOrderedSetStPer chap43_orderedsetstper_loop_borrow_iter
        PASS [   1.994s] rust_verify_test::ProveOrderedTableMtEph chap43_orderedtablemteph_for_borrow_into
        PASS [   2.186s] rust_verify_test::ProveOrderedTableMtEph chap43_orderedtablemteph_for_borrow_iter
        PASS [   1.896s] rust_verify_test::ProveOrderedTableMtEph chap43_orderedtablemteph_loop_borrow_into
        PASS [   1.912s] rust_verify_test::ProveOrderedTableMtPer orderedtablemtper_for_borrow_into
        PASS [   2.226s] rust_verify_test::ProveOrderedTableMtPer orderedtablemtper_for_borrow_iter
        PASS [   2.290s] rust_verify_test::ProveOrderedTableMtEph chap43_orderedtablemteph_loop_borrow_iter
        PASS [   2.185s] rust_verify_test::ProveOrderedTableMtPer orderedtablemtper_loop_borrow_into
        PASS [   2.065s] rust_verify_test::ProveOrderedTableStEph chap43_orderedtablesteph_for_borrow_iter
        PASS [   2.268s] rust_verify_test::ProveOrderedTableMtPer orderedtablemtper_loop_borrow_iter
        PASS [   2.284s] rust_verify_test::ProveOrderedTableStEph chap43_orderedtablesteph_for_borrow_into
        PASS [   2.030s] rust_verify_test::ProveOrderedTableStEph chap43_orderedtablesteph_loop_borrow_iter
        PASS [   2.113s] rust_verify_test::ProveOrderedTableStEph chap43_orderedtablesteph_loop_borrow_into
        PASS [   2.586s] rust_verify_test::ProveOrderedTableStPer chap43_orderedtablestper_for_borrow_into
        PASS [   2.069s] rust_verify_test::ProveOrderedTableStPer chap43_orderedtablestper_loop_borrow_into
        PASS [   2.351s] rust_verify_test::ProveOrderedTableStPer chap43_orderedtablestper_for_borrow_iter
        PASS [   2.327s] rust_verify_test::ProveOrderedTableStPer chap43_orderedtablestper_loop_borrow_iter
        PASS [   2.230s] rust_verify_test::ProveParamBSTStEph parambststeph_for_borrow_iter
        PASS [   2.517s] rust_verify_test::ProveParamBSTStEph parambststeph_for_borrow_into
        PASS [   2.460s] rust_verify_test::ProveParamBSTStEph parambststeph_loop_borrow_into
        PASS [   2.200s] rust_verify_test::ProvePrimTreeSeqStPer primtreeseq_for_borrow_into
        PASS [   2.244s] rust_verify_test::ProvePrimTreeSeqStPer primtreeseq_for_borrow_iter
        PASS [   2.580s] rust_verify_test::ProveParamBSTStEph parambststeph_loop_borrow_iter
        PASS [   2.055s] rust_verify_test::ProvePrimTreeSeqStPer primtreeseq_loop_borrow_into
        PASS [   2.602s] rust_verify_test::ProvePrimTreeSeqStPer primtreeseq_for_consume
        PASS [   2.466s] rust_verify_test::ProvePrimTreeSeqStPer primtreeseq_loop_borrow_iter
        PASS [   2.204s] rust_verify_test::ProvePrimTreeSeqStPer primtreeseq_loop_consume
        PASS [   2.499s] rust_verify_test::ProveSetMtEph set_mt_eph_for_borrow_into
        PASS [   2.600s] rust_verify_test::ProveSetMtEph set_mt_eph_for_borrow_iter
        PASS [   2.037s] rust_verify_test::ProveSetMtEph set_mt_eph_loop_borrow_iter
        PASS [   2.428s] rust_verify_test::ProveSetMtEph set_mt_eph_loop_borrow_into
        PASS [   2.140s] rust_verify_test::ProveSetStEph setsteph_for_borrow_iter
        PASS [   2.432s] rust_verify_test::ProveSetStEph setsteph_for_borrow_into
        PASS [   2.032s] rust_verify_test::ProveTableMtEph tablemteph_for_borrow_iter
        PASS [   2.126s] rust_verify_test::ProveSetStEph setsteph_loop_borrow_iter
        PASS [   2.252s] rust_verify_test::ProveSetStEph setsteph_loop_borrow_into
        PASS [   2.260s] rust_verify_test::ProveTableMtEph tablemteph_for_borrow_into
        PASS [   1.815s] rust_verify_test::ProveTableMtEph tablemteph_loop_borrow_into
        PASS [   1.862s] rust_verify_test::ProveTableMtEph tablemteph_loop_borrow_iter
        PASS [   1.862s] rust_verify_test::ProveTableStEph tablesteph_loop_borrow_into
        PASS [   1.948s] rust_verify_test::ProveTableStEph tablesteph_for_borrow_iter
        PASS [   1.991s] rust_verify_test::ProveTableStEph tablesteph_for_borrow_into
        PASS [   1.894s] rust_verify_test::ProveTableStEph tablesteph_loop_borrow_iter
        PASS [   1.964s] rust_verify_test::ProveTableStPer tablestper_for_borrow_into
        PASS [   1.905s] rust_verify_test::ProveTableStPer tablestper_for_borrow_iter
        PASS [   1.751s] rust_verify_test::ProveTableStPer tablestper_loop_borrow_into
        PASS [   1.771s] rust_verify_test::Provedeep_view_standard deep_view_standard_for_borrow_into
        PASS [   1.728s] rust_verify_test::Provedeep_view_standard deep_view_standard_for_borrow_iter
        PASS [   1.871s] rust_verify_test::ProveTableStPer tablestper_loop_borrow_iter
        PASS [   1.726s] rust_verify_test::Provedeep_view_standard deep_view_standard_loop_borrow_into
        PASS [   1.803s] rust_verify_test::Provedeep_view_standard deep_view_standard_for_consume
        PASS [   1.852s] rust_verify_test::Provedeep_view_standard deep_view_standard_loop_borrow_iter
        PASS [   1.739s] rust_verify_test::Provedeep_view_standard deep_view_standard_loop_consume
        PASS [   1.713s] rust_verify_test::Provedeep_view_standard deep_view_standard_simple
        PASS [   1.843s] rust_verify_test::Proveiterators_standard iterators_standard_for_borrow_into
        PASS [   1.762s] rust_verify_test::Proveiterators_standard iterators_standard_for_consume
        PASS [   1.801s] rust_verify_test::Proveiterators_standard iterators_standard_for_borrow_iter
        PASS [   1.741s] rust_verify_test::Proveiterators_standard iterators_standard_loop_borrow_into
        PASS [   1.746s] rust_verify_test::Proveiterators_standard iterators_standard_loop_consume
        PASS [   1.778s] rust_verify_test::Proveiterators_standard iterators_standard_loop_borrow_iter
        PASS [   1.762s] rust_verify_test::Provemod_standard mod_standard_for_borrow_into
        PASS [   1.925s] rust_verify_test::Provemod_standard mod_standard_for_consume
        PASS [   2.180s] rust_verify_test::Provemod_standard mod_standard_for_borrow_iter
        PASS [   1.814s] rust_verify_test::Provemod_standard mod_standard_loop_borrow_iter
        PASS [   1.860s] rust_verify_test::Provemod_standard mod_standard_loop_borrow_into
        PASS [   1.818s] rust_verify_test::Provemod_standard mod_standard_loop_consume
        PASS [   1.865s] rust_verify_test::Provetable_of_contents_standard toc_standard_for_borrow_into
        PASS [   1.785s] rust_verify_test::Provetable_of_contents_standard toc_standard_for_borrow_iter
        PASS [   1.748s] rust_verify_test::Provetable_of_contents_standard toc_standard_loop_borrow_iter
        PASS [   1.814s] rust_verify_test::Provetable_of_contents_standard toc_standard_loop_borrow_into
        PASS [   1.797s] rust_verify_test::Provetable_of_contents_standard toc_standard_loop_consume
        PASS [   1.922s] rust_verify_test::Provetable_of_contents_standard toc_standard_for_consume
        PASS [   1.666s] rust_verify_test::Proveusing_closures_standard closures_ghost_spec_fn
        PASS [   1.828s] rust_verify_test::Proveusing_closures_standard closures_inline_requires_ensures
        PASS [   1.633s] rust_verify_test::Proveview_standard view_standard_collection
        PASS [   1.644s] rust_verify_test::Proveusing_closures_standard closures_map_apply
        PASS [   1.781s] rust_verify_test::Proveusing_closures_standard closures_let_bind_ensures
        PASS [   1.751s] rust_verify_test::Proveview_standard view_standard_for_borrow_iter
        PASS [   1.813s] rust_verify_test::Proveview_standard view_standard_for_borrow_into
        PASS [   1.835s] rust_verify_test::Proveview_standard view_standard_for_consume
        PASS [   1.765s] rust_verify_test::Proveview_standard view_standard_loop_borrow_into
        PASS [   1.650s] rust_verify_test::Proveview_standard view_standard_simple
        PASS [   1.856s] rust_verify_test::Proveview_standard view_standard_loop_borrow_iter
        PASS [   1.793s] rust_verify_test::Proveview_standard view_standard_loop_consume
        PASS [   1.889s] rust_verify_test::Provewrapping_iterators_standard wrapping_for_borrow_into
        PASS [   1.680s] rust_verify_test::Provewrapping_iterators_standard wrapping_loop_borrow_into
        PASS [   1.758s] rust_verify_test::Provewrapping_iterators_standard wrapping_for_borrow_iter
        PASS [   1.794s] rust_verify_test::Provewrapping_iterators_standard wrapping_loop_borrow_iter
        PASS [   1.858s] rust_verify_test::RelationStEph relation_st_eph_for_iter
        PASS [   1.850s] rust_verify_test::RelationStEph relation_st_eph_loop_loop
        PASS [   1.780s] rust_verify_test::SetMtEph set_mt_eph_for_iter
        PASS [   1.726s] rust_verify_test::SetMtEph set_mt_eph_from_vec
        PASS [   1.766s] rust_verify_test::SetMtEph set_mt_eph_loop_loop
        PASS [   1.785s] rust_verify_test::SetStEph set_st_eph_for_iter
        PASS [   1.743s] rust_verify_test::SetStEph set_st_eph_from_vec
        PASS [   1.777s] rust_verify_test::SetStEph set_st_eph_loop_loop
        PASS [   1.703s] rust_verify_test::prove_MathSeq_iters mathseq_iter_consuming
        PASS [   1.468s] rust_verify_test::prove_MathSeq_iters mathseq_iter_nested
        PASS [   1.432s] rust_verify_test::prove_MathSeq_iters mathseq_iter_range
────────────
     Summary [  94.128s] 289 tests run: 289 passed, 0 skipped
Elapsed: 384s
