verification results:: 4236 verified, 0 errors
    Finished `release` profile [optimized] target(s) in 0.02s
────────────
 Nextest run ID fde97155-e1b4-48f2-b637-167ed6b6df02 with nextest profile: default
    Starting 143 tests across 33 binaries
        PASS [   1.153s] rust_verify_test::HashSetWithViewPlus hash_set_wvp_loop_loop
        PASS [   1.187s] rust_verify_test::HashSetWithViewPlus hash_set_wvp_for_iter
        PASS [   1.237s] rust_verify_test::HashMapWithViewPlus hash_map_wvp_loop_loop
        PASS [   1.253s] rust_verify_test::HashMapWithViewPlus hash_map_wvp_for_iter
        PASS [   1.356s] rust_verify_test::MappingStEph mapping_st_eph_loop_loop
        PASS [   1.607s] rust_verify_test::MappingStEph mapping_st_eph_for_iter
        PASS [   1.148s] rust_verify_test::ProveAVLTreeSetMtEph avltreesetmteph_for_borrow_into
        PASS [   1.347s] rust_verify_test::ProveAVLTreeSetMtEph avltreesetmteph_for_borrow_iter
        PASS [   1.212s] rust_verify_test::ProveArraySeq arrayseq_for_iter
        PASS [   1.386s] rust_verify_test::ProveArraySeq arrayseq_filter
        PASS [   1.533s] rust_verify_test::ProveAVLTreeSetMtEph avltreesetmteph_loop_borrow_iter
        PASS [   1.244s] rust_verify_test::ProveArraySeq arrayseq_iterate
        PASS [   1.326s] rust_verify_test::ProveArraySeq arrayseq_iterate_prefixes
        PASS [   1.072s] rust_verify_test::ProveArraySeq arrayseq_map
        PASS [   1.271s] rust_verify_test::ProveArraySeq arrayseq_loop_loop
        PASS [   1.392s] rust_verify_test::ProveArraySeq arrayseq_reduce
        PASS [   1.333s] rust_verify_test::ProveArraySeq arrayseq_scan
        PASS [   1.475s] rust_verify_test::ProveArraySeq arrayseq_scan_inclusive
        PASS [   1.080s] rust_verify_test::ProveArraySeq arrayseq_tabulate
        PASS [   1.291s] rust_verify_test::ProveArraySeqMtEph arrayseqmteph_for_iter
        PASS [   1.289s] rust_verify_test::ProveArraySeqMtEph arrayseqmteph_loop_loop
        PASS [   1.203s] rust_verify_test::ProveArraySeqMtPer arrayseqmtper_loop_loop
        PASS [   1.485s] rust_verify_test::ProveArraySeqMtPer arrayseqmtper_for_iter
        PASS [   1.229s] rust_verify_test::ProveArraySeqStEph arrayseqsteph_for_borrow_into
        PASS [   1.323s] rust_verify_test::ProveArraySeqStEph arrayseqsteph_for_borrow_iter
        PASS [   1.239s] rust_verify_test::ProveArraySeqStEph arrayseqsteph_for_consume
        PASS [   1.376s] rust_verify_test::ProveArraySeqStEph arrayseqsteph_loop_borrow_into
        PASS [   1.227s] rust_verify_test::ProveArraySeqStEph arrayseqsteph_loop_borrow_iter
        PASS [   1.205s] rust_verify_test::ProveArraySeqStPer arrayseqstper_for_iter
        PASS [   1.448s] rust_verify_test::ProveArraySeqStEph arrayseqsteph_loop_consume
        PASS [   1.231s] rust_verify_test::ProveArraySeqStPer arrayseqstper_loop_loop
        PASS [   1.365s] rust_verify_test::ProveBFSMtEph chap54_bfsmteph_bottom_up_loop
        PASS [   1.232s] rust_verify_test::ProveBFSMtEph chap54_bfsmteph_top_down_loop
        PASS [   1.184s] rust_verify_test::ProveBFSStEph chap54_bfssteph_bottom_up_loop
        PASS [   1.113s] rust_verify_test::ProveBFSStEph chap54_bfssteph_top_down_loop
        PASS [   1.227s] rust_verify_test::ProveBalBinTreeStEph balbintree_for_inorder
        PASS [   1.196s] rust_verify_test::ProveBalBinTreeStEph balbintree_for_preorder
        PASS [   1.525s] rust_verify_test::ProveBalBinTreeStEph balbintree_for_postorder
        PASS [   1.157s] rust_verify_test::ProveBalBinTreeStEph balbintree_inorder_spec_match
        PASS [   1.216s] rust_verify_test::ProveBalBinTreeStEph balbintree_leaf_iter_exhausted
        PASS [   1.202s] rust_verify_test::ProveBalBinTreeStEph balbintree_leaf_traversals_empty
        PASS [   1.146s] rust_verify_test::ProveBalBinTreeStEph balbintree_loop_inorder
        PASS [   1.289s] rust_verify_test::ProveBalBinTreeStEph balbintree_loop_postorder
        PASS [   1.173s] rust_verify_test::ProveBalBinTreeStEph balbintree_postorder_spec_match
        PASS [   1.160s] rust_verify_test::ProveBalBinTreeStEph balbintree_preorder_spec_match
        PASS [   1.401s] rust_verify_test::ProveBalBinTreeStEph balbintree_loop_preorder
        PASS [   1.256s] rust_verify_test::ProveChap19ArraySeqMtEph chap19_arrayseqmteph_for_borrow_into
        PASS [   1.205s] rust_verify_test::ProveChap19ArraySeqMtEph chap19_arrayseqmteph_for_borrow_iter
        PASS [   1.274s] rust_verify_test::ProveChap19ArraySeqMtEph chap19_arrayseqmteph_for_consume
        PASS [   1.226s] rust_verify_test::ProveChap19ArraySeqMtEph chap19_arrayseqmteph_loop_borrow_iter
        PASS [   1.477s] rust_verify_test::ProveChap19ArraySeqMtEph chap19_arrayseqmteph_loop_borrow_into
        PASS [   1.351s] rust_verify_test::ProveChap19ArraySeqMtEph chap19_arrayseqmteph_loop_consume
        PASS [   1.247s] rust_verify_test::ProveChap19ArraySeqMtEphSlice slice_for_borrow_into
        PASS [   1.298s] rust_verify_test::ProveChap19ArraySeqMtEphSlice slice_for_borrow_iter
        PASS [   1.162s] rust_verify_test::ProveChap19ArraySeqMtEphSlice slice_loop_borrow_iter
        PASS [   1.369s] rust_verify_test::ProveChap19ArraySeqMtEphSlice slice_iter_over_subslice
        PASS [   1.215s] rust_verify_test::ProveChap19ArraySeqMtEphSlice slice_operations
        PASS [   1.264s] rust_verify_test::ProveChap19ArraySeqStEph chap19_arrayseqsteph_for_borrow_into
        PASS [   1.257s] rust_verify_test::ProveChap19ArraySeqStEph chap19_arrayseqsteph_for_borrow_iter
        PASS [   1.183s] rust_verify_test::ProveChap19ArraySeqStEph chap19_arrayseqsteph_for_consume
        PASS [   1.261s] rust_verify_test::ProveChap19ArraySeqStEph chap19_arrayseqsteph_loop_borrow_into
        PASS [   1.178s] rust_verify_test::ProveChap19ArraySeqStEph chap19_arrayseqsteph_loop_consume
        PASS [   1.136s] rust_verify_test::ProveChap19ArraySeqStPer chap19_arrayseqstper_for_borrow_into
        PASS [   1.198s] rust_verify_test::ProveChap19ArraySeqStPer chap19_arrayseqstper_for_borrow_iter
        PASS [   1.427s] rust_verify_test::ProveChap19ArraySeqStEph chap19_arrayseqsteph_loop_borrow_iter
        PASS [   1.116s] rust_verify_test::ProveChap19ArraySeqStPer chap19_arrayseqstper_for_consume
        PASS [   1.325s] rust_verify_test::ProveChap19ArraySeqStPer chap19_arrayseqstper_loop_borrow_into
        PASS [   1.166s] rust_verify_test::ProveChap19ArraySeqStPer chap19_arrayseqstper_loop_borrow_iter
        PASS [   1.163s] rust_verify_test::ProveChap19ArraySeqStPer chap19_arrayseqstper_loop_consume
        PASS [   1.116s] rust_verify_test::ProveKleeneStPer kleene_alphabet
        PASS [   1.188s] rust_verify_test::ProveKleeneStPer kleene_mem_plus
        PASS [   1.264s] rust_verify_test::ProveKleeneStPer kleene_mem_star
        PASS [   1.183s] rust_verify_test::ProveLinkedListStEph linkedliststeph_loop_loop
        PASS [   1.213s] rust_verify_test::ProveLinkedListStEph linkedliststeph_for_iter
        PASS [   1.174s] rust_verify_test::ProveLinkedListStPer linkedliststper_loop_loop
        PASS [   1.285s] rust_verify_test::ProveLinkedListStPer linkedliststper_for_iter
        PASS [   1.191s] rust_verify_test::ProveMathSeq mathseq_for_borrow_into
        PASS [   1.331s] rust_verify_test::ProveMathSeq mathseq_for_borrow_iter
        PASS [   1.165s] rust_verify_test::ProveMathSeq mathseq_for_consume
        PASS [   1.260s] rust_verify_test::ProveMathSeq mathseq_loop_borrow_into
        PASS [   1.170s] rust_verify_test::ProveMathSeq mathseq_loop_consume
        PASS [   1.321s] rust_verify_test::ProveMathSeq mathseq_loop_borrow_iter
        PASS [   1.195s] rust_verify_test::ProvePrimTreeSeqStPer primtreeseq_for_borrow_into
        PASS [   1.133s] rust_verify_test::ProvePrimTreeSeqStPer primtreeseq_for_borrow_iter
        PASS [   1.146s] rust_verify_test::ProvePrimTreeSeqStPer primtreeseq_for_consume
        PASS [   1.122s] rust_verify_test::ProvePrimTreeSeqStPer primtreeseq_loop_borrow_into
        PASS [   1.196s] rust_verify_test::ProvePrimTreeSeqStPer primtreeseq_loop_borrow_iter
        PASS [   1.141s] rust_verify_test::ProvePrimTreeSeqStPer primtreeseq_loop_consume
        PASS [   1.400s] rust_verify_test::ProveSetMtEph set_mt_eph_for_borrow_into
        PASS [   1.267s] rust_verify_test::ProveSetMtEph set_mt_eph_for_borrow_iter
        PASS [   1.162s] rust_verify_test::ProveSetMtEph set_mt_eph_loop_borrow_iter
        PASS [   1.116s] rust_verify_test::Provedeep_view_standard deep_view_standard_for_borrow_iter
        PASS [   1.210s] rust_verify_test::Provedeep_view_standard deep_view_standard_for_borrow_into
        PASS [   1.194s] rust_verify_test::Provedeep_view_standard deep_view_standard_for_consume
        PASS [   1.097s] rust_verify_test::Provedeep_view_standard deep_view_standard_loop_borrow_into
        PASS [   1.222s] rust_verify_test::Provedeep_view_standard deep_view_standard_loop_borrow_iter
        PASS [   1.099s] rust_verify_test::Provedeep_view_standard deep_view_standard_loop_consume
        PASS [   1.054s] rust_verify_test::Provedeep_view_standard deep_view_standard_simple
        PASS [   1.142s] rust_verify_test::Proveiterators_standard iterators_standard_for_borrow_into
        PASS [   1.103s] rust_verify_test::Proveiterators_standard iterators_standard_for_borrow_iter
        PASS [   1.136s] rust_verify_test::Proveiterators_standard iterators_standard_for_consume
        PASS [   1.047s] rust_verify_test::Proveiterators_standard iterators_standard_loop_borrow_into
        PASS [   1.108s] rust_verify_test::Proveiterators_standard iterators_standard_loop_borrow_iter
        PASS [   1.101s] rust_verify_test::Proveiterators_standard iterators_standard_loop_consume
        PASS [   1.189s] rust_verify_test::Provemod_standard mod_standard_for_borrow_iter
        PASS [   1.107s] rust_verify_test::Provemod_standard mod_standard_for_consume
        PASS [   1.075s] rust_verify_test::Provemod_standard mod_standard_loop_borrow_into
        PASS [   1.489s] rust_verify_test::Provemod_standard mod_standard_for_borrow_into
        PASS [   1.133s] rust_verify_test::Provemod_standard mod_standard_loop_borrow_iter
        PASS [   1.089s] rust_verify_test::Provemod_standard mod_standard_loop_consume
        PASS [   1.150s] rust_verify_test::Provetable_of_contents_standard toc_standard_for_borrow_into
        PASS [   1.173s] rust_verify_test::Provetable_of_contents_standard toc_standard_for_borrow_iter
        PASS [   1.124s] rust_verify_test::Provetable_of_contents_standard toc_standard_loop_borrow_into
        PASS [   1.242s] rust_verify_test::Provetable_of_contents_standard toc_standard_for_consume
        PASS [   1.093s] rust_verify_test::Provetable_of_contents_standard toc_standard_loop_borrow_iter
        PASS [   1.109s] rust_verify_test::Provetable_of_contents_standard toc_standard_loop_consume
        PASS [   1.174s] rust_verify_test::Proveusing_closures_standard closures_ghost_spec_fn
        PASS [   1.097s] rust_verify_test::Proveusing_closures_standard closures_inline_requires_ensures
        PASS [   1.068s] rust_verify_test::Proveusing_closures_standard closures_let_bind_ensures
        PASS [   1.096s] rust_verify_test::Proveusing_closures_standard closures_map_apply
        PASS [   1.204s] rust_verify_test::Proveview_standard view_standard_collection
        PASS [   1.209s] rust_verify_test::Proveview_standard view_standard_for_borrow_into
        PASS [   1.274s] rust_verify_test::Proveview_standard view_standard_for_borrow_iter
        PASS [   1.217s] rust_verify_test::Proveview_standard view_standard_for_consume
        PASS [   1.198s] rust_verify_test::Proveview_standard view_standard_loop_borrow_into
        PASS [   1.195s] rust_verify_test::Proveview_standard view_standard_loop_borrow_iter
        PASS [   1.097s] rust_verify_test::Proveview_standard view_standard_simple
        PASS [   1.205s] rust_verify_test::Proveview_standard view_standard_loop_consume
        PASS [   1.114s] rust_verify_test::Provewrapping_iterators_standard wrapping_for_borrow_into
        PASS [   1.185s] rust_verify_test::Provewrapping_iterators_standard wrapping_for_borrow_iter
        PASS [   1.209s] rust_verify_test::Provewrapping_iterators_standard wrapping_loop_borrow_into
        PASS [   1.149s] rust_verify_test::Provewrapping_iterators_standard wrapping_loop_borrow_iter
        PASS [   1.302s] rust_verify_test::RelationStEph relation_st_eph_for_iter
        PASS [   1.307s] rust_verify_test::RelationStEph relation_st_eph_loop_loop
        PASS [   1.253s] rust_verify_test::SetMtEph set_mt_eph_for_iter
        PASS [   1.218s] rust_verify_test::SetMtEph set_mt_eph_from_vec
        PASS [   1.250s] rust_verify_test::SetMtEph set_mt_eph_loop_loop
        PASS [   1.224s] rust_verify_test::SetStEph set_st_eph_for_iter
        PASS [   1.161s] rust_verify_test::SetStEph set_st_eph_from_vec
        PASS [   1.195s] rust_verify_test::SetStEph set_st_eph_loop_loop
        PASS [   1.052s] rust_verify_test::prove_MathSeq_iters mathseq_iter_consuming
        PASS [   1.054s] rust_verify_test::prove_MathSeq_iters mathseq_iter_nested
        PASS [   1.038s] rust_verify_test::prove_MathSeq_iters mathseq_iter_range
────────────
     Summary [  29.390s] 143 tests run: 143 passed, 0 skipped
Elapsed: 83s
