verification results:: 4830 verified, 0 errors
    Finished `release` profile [optimized] target(s) in 0.05s
────────────
 Nextest run ID ebffed1e-bca0-4ec9-b43d-eb8e57138ed2 with nextest profile: default
    Starting 157 tests across 37 binaries
        PASS [   1.568s] rust_verify_test::HashMapWithViewPlus hash_map_wvp_for_iter
        PASS [   1.622s] rust_verify_test::HashSetWithViewPlus hash_set_wvp_loop_loop
        PASS [   1.628s] rust_verify_test::HashSetWithViewPlus hash_set_wvp_for_iter
        PASS [   1.854s] rust_verify_test::HashMapWithViewPlus hash_map_wvp_loop_loop
        PASS [   1.894s] rust_verify_test::MappingStEph mapping_st_eph_loop_loop
        PASS [   1.894s] rust_verify_test::MappingStEph mapping_st_eph_for_iter
        PASS [   1.610s] rust_verify_test::ProveAVLTreeSeq avltreeseq_loop_borrow_iter
        PASS [   1.669s] rust_verify_test::ProveAVLTreeSetMtEph avltreesetmteph_for_borrow_into
        PASS [   1.783s] rust_verify_test::ProveAVLTreeSeq avltreeseq_for_borrow_iter
        PASS [   1.517s] rust_verify_test::ProveArraySeq arrayseq_filter
        PASS [   1.588s] rust_verify_test::ProveAVLTreeSetMtEph avltreesetmteph_loop_borrow_iter
        PASS [   1.657s] rust_verify_test::ProveAVLTreeSetMtEph avltreesetmteph_for_borrow_iter
        PASS [   1.448s] rust_verify_test::ProveArraySeq arrayseq_iterate
        PASS [   1.557s] rust_verify_test::ProveArraySeq arrayseq_for_iter
        PASS [   1.460s] rust_verify_test::ProveArraySeq arrayseq_map
        PASS [   1.619s] rust_verify_test::ProveArraySeq arrayseq_loop_loop
        PASS [   1.621s] rust_verify_test::ProveArraySeq arrayseq_reduce
        PASS [   1.927s] rust_verify_test::ProveArraySeq arrayseq_iterate_prefixes
        PASS [   1.493s] rust_verify_test::ProveArraySeq arrayseq_tabulate
        PASS [   1.830s] rust_verify_test::ProveArraySeq arrayseq_scan_inclusive
        PASS [   1.970s] rust_verify_test::ProveArraySeq arrayseq_scan
        PASS [   1.685s] rust_verify_test::ProveArraySeqMtEph arrayseqmteph_loop_loop
        PASS [   1.874s] rust_verify_test::ProveArraySeqMtEph arrayseqmteph_for_iter
        PASS [   1.847s] rust_verify_test::ProveArraySeqMtPer arrayseqmtper_for_iter
        PASS [   2.040s] rust_verify_test::ProveArraySeqMtPer arrayseqmtper_loop_loop
        PASS [   2.027s] rust_verify_test::ProveArraySeqStEph arrayseqsteph_for_borrow_into
        PASS [   2.048s] rust_verify_test::ProveArraySeqStEph arrayseqsteph_for_borrow_iter
        PASS [   2.047s] rust_verify_test::ProveArraySeqStEph arrayseqsteph_loop_borrow_into
        PASS [   2.208s] rust_verify_test::ProveArraySeqStEph arrayseqsteph_for_consume
        PASS [   2.242s] rust_verify_test::ProveArraySeqStEph arrayseqsteph_loop_borrow_iter
        PASS [   2.188s] rust_verify_test::ProveArraySeqStEph arrayseqsteph_loop_consume
        PASS [   2.104s] rust_verify_test::ProveArraySeqStPer arrayseqstper_loop_loop
        PASS [   2.333s] rust_verify_test::ProveArraySeqStPer arrayseqstper_for_iter
        PASS [   2.106s] rust_verify_test::ProveBFSMtEph chap54_bfsmteph_bottom_up_loop
        PASS [   2.258s] rust_verify_test::ProveBFSMtEph chap54_bfsmteph_top_down_loop
        PASS [   2.141s] rust_verify_test::ProveBFSStEph chap54_bfssteph_bottom_up_loop
        PASS [   2.036s] rust_verify_test::ProveBalBinTreeStEph balbintree_for_inorder
        PASS [   2.280s] rust_verify_test::ProveBFSStEph chap54_bfssteph_top_down_loop
        PASS [   2.210s] rust_verify_test::ProveBalBinTreeStEph balbintree_for_preorder
        PASS [   2.397s] rust_verify_test::ProveBalBinTreeStEph balbintree_for_postorder
        PASS [   2.289s] rust_verify_test::ProveBalBinTreeStEph balbintree_inorder_spec_match
        PASS [   2.163s] rust_verify_test::ProveBalBinTreeStEph balbintree_leaf_iter_exhausted
        PASS [   2.027s] rust_verify_test::ProveBalBinTreeStEph balbintree_leaf_traversals_empty
        PASS [   2.169s] rust_verify_test::ProveBalBinTreeStEph balbintree_loop_inorder
        PASS [   2.143s] rust_verify_test::ProveBalBinTreeStEph balbintree_loop_postorder
        PASS [   2.182s] rust_verify_test::ProveBalBinTreeStEph balbintree_loop_preorder
        PASS [   2.174s] rust_verify_test::ProveBalBinTreeStEph balbintree_postorder_spec_match
        PASS [   2.074s] rust_verify_test::ProveBalBinTreeStEph balbintree_preorder_spec_match
        PASS [   2.277s] rust_verify_test::ProveChap19ArraySeqMtEph chap19_arrayseqmteph_for_borrow_into
        PASS [   2.172s] rust_verify_test::ProveChap19ArraySeqMtEph chap19_arrayseqmteph_for_borrow_iter
        PASS [   1.959s] rust_verify_test::ProveChap19ArraySeqMtEph chap19_arrayseqmteph_loop_borrow_into
        PASS [   2.157s] rust_verify_test::ProveChap19ArraySeqMtEph chap19_arrayseqmteph_for_consume
        PASS [   2.176s] rust_verify_test::ProveChap19ArraySeqMtEph chap19_arrayseqmteph_loop_consume
        PASS [   2.248s] rust_verify_test::ProveChap19ArraySeqMtEph chap19_arrayseqmteph_loop_borrow_iter
        PASS [   2.190s] rust_verify_test::ProveChap19ArraySeqMtEphSlice slice_for_borrow_into
        PASS [   2.187s] rust_verify_test::ProveChap19ArraySeqMtEphSlice slice_for_borrow_iter
        PASS [   1.993s] rust_verify_test::ProveChap19ArraySeqMtEphSlice slice_loop_borrow_iter
        PASS [   2.084s] rust_verify_test::ProveChap19ArraySeqMtEphSlice slice_iter_over_subslice
        PASS [   2.005s] rust_verify_test::ProveChap19ArraySeqMtEphSlice slice_operations
        PASS [   2.266s] rust_verify_test::ProveChap19ArraySeqStEph chap19_arrayseqsteph_for_borrow_into
        PASS [   2.001s] rust_verify_test::ProveChap19ArraySeqStEph chap19_arrayseqsteph_loop_borrow_iter
        PASS [   2.099s] rust_verify_test::ProveChap19ArraySeqStEph chap19_arrayseqsteph_loop_borrow_into
        PASS [   2.282s] rust_verify_test::ProveChap19ArraySeqStEph chap19_arrayseqsteph_for_borrow_iter
        PASS [   2.267s] rust_verify_test::ProveChap19ArraySeqStEph chap19_arrayseqsteph_for_consume
        PASS [   1.914s] rust_verify_test::ProveChap19ArraySeqStEph chap19_arrayseqsteph_loop_consume
        PASS [   2.296s] rust_verify_test::ProveChap19ArraySeqStPer chap19_arrayseqstper_for_borrow_into
        PASS [   1.909s] rust_verify_test::ProveChap19ArraySeqStPer chap19_arrayseqstper_for_consume
        PASS [   2.153s] rust_verify_test::ProveChap19ArraySeqStPer chap19_arrayseqstper_loop_borrow_into
        PASS [   2.252s] rust_verify_test::ProveChap19ArraySeqStPer chap19_arrayseqstper_for_borrow_iter
        PASS [   2.149s] rust_verify_test::ProveChap19ArraySeqStPer chap19_arrayseqstper_loop_consume
        PASS [   2.312s] rust_verify_test::ProveChap19ArraySeqStPer chap19_arrayseqstper_loop_borrow_iter
        PASS [   2.225s] rust_verify_test::ProveKleeneStPer kleene_alphabet
        PASS [   2.039s] rust_verify_test::ProveKleeneStPer kleene_mem_plus
        PASS [   2.345s] rust_verify_test::ProveKleeneStPer kleene_mem_star
        PASS [   2.417s] rust_verify_test::ProveLinkedListStEph linkedliststeph_for_iter
        PASS [   2.285s] rust_verify_test::ProveLinkedListStPer linkedliststper_for_iter
        PASS [   2.373s] rust_verify_test::ProveLinkedListStEph linkedliststeph_loop_loop
        PASS [   2.317s] rust_verify_test::ProveLinkedListStPer linkedliststper_loop_loop
        PASS [   2.038s] rust_verify_test::ProveMathSeq mathseq_for_borrow_into
        PASS [   2.110s] rust_verify_test::ProveMathSeq mathseq_loop_borrow_iter
        PASS [   2.347s] rust_verify_test::ProveMathSeq mathseq_for_borrow_iter
        PASS [   2.333s] rust_verify_test::ProveMathSeq mathseq_for_consume
        PASS [   2.338s] rust_verify_test::ProveMathSeq mathseq_loop_borrow_into
        PASS [   2.252s] rust_verify_test::ProveMathSeq mathseq_loop_consume
        PASS [   2.271s] rust_verify_test::ProveOrderedSetStEph chap43_orderedsetsteph_for_borrow_into
        PASS [   2.241s] rust_verify_test::ProveOrderedSetStEph chap43_orderedsetsteph_loop_borrow_into
        PASS [   2.167s] rust_verify_test::ProveOrderedSetStEph chap43_orderedsetsteph_loop_borrow_iter
        PASS [   2.344s] rust_verify_test::ProveOrderedSetStEph chap43_orderedsetsteph_for_borrow_iter
        PASS [   2.481s] rust_verify_test::ProveOrderedTableStEph chap43_orderedtablesteph_for_borrow_into
        PASS [   2.216s] rust_verify_test::ProveOrderedTableStEph chap43_orderedtablesteph_for_borrow_iter
        PASS [   2.384s] rust_verify_test::ProveOrderedTableStEph chap43_orderedtablesteph_loop_borrow_into
        PASS [   2.110s] rust_verify_test::ProveOrderedTableStEph chap43_orderedtablesteph_loop_borrow_iter
        PASS [   2.315s] rust_verify_test::ProveOrderedTableStPer chap43_orderedtablestper_for_borrow_into
        PASS [   2.304s] rust_verify_test::ProveOrderedTableStPer chap43_orderedtablestper_for_borrow_iter
        PASS [   2.285s] rust_verify_test::ProveOrderedTableStPer chap43_orderedtablestper_loop_borrow_into
        PASS [   2.446s] rust_verify_test::ProveOrderedTableStPer chap43_orderedtablestper_loop_borrow_iter
        PASS [   2.358s] rust_verify_test::ProvePrimTreeSeqStPer primtreeseq_for_borrow_into
        PASS [   1.973s] rust_verify_test::ProvePrimTreeSeqStPer primtreeseq_for_borrow_iter
        PASS [   1.987s] rust_verify_test::ProvePrimTreeSeqStPer primtreeseq_for_consume
        PASS [   2.176s] rust_verify_test::ProvePrimTreeSeqStPer primtreeseq_loop_borrow_into
        PASS [   2.234s] rust_verify_test::ProvePrimTreeSeqStPer primtreeseq_loop_borrow_iter
        PASS [   2.108s] rust_verify_test::ProvePrimTreeSeqStPer primtreeseq_loop_consume
        PASS [   2.267s] rust_verify_test::ProveSetMtEph set_mt_eph_for_borrow_into
        PASS [   2.214s] rust_verify_test::ProveSetMtEph set_mt_eph_for_borrow_iter
        PASS [   2.381s] rust_verify_test::ProveSetMtEph set_mt_eph_loop_borrow_iter
        PASS [   2.300s] rust_verify_test::Provedeep_view_standard deep_view_standard_for_borrow_into
        PASS [   2.331s] rust_verify_test::Provedeep_view_standard deep_view_standard_for_borrow_iter
        PASS [   2.191s] rust_verify_test::Provedeep_view_standard deep_view_standard_for_consume
        PASS [   2.078s] rust_verify_test::Provedeep_view_standard deep_view_standard_loop_borrow_into
        PASS [   2.354s] rust_verify_test::Provedeep_view_standard deep_view_standard_loop_borrow_iter
        PASS [   1.959s] rust_verify_test::Provedeep_view_standard deep_view_standard_simple
        PASS [   2.245s] rust_verify_test::Provedeep_view_standard deep_view_standard_loop_consume
        PASS [   2.120s] rust_verify_test::Proveiterators_standard iterators_standard_for_borrow_into
        PASS [   2.288s] rust_verify_test::Proveiterators_standard iterators_standard_for_borrow_iter
        PASS [   2.090s] rust_verify_test::Proveiterators_standard iterators_standard_for_consume
        PASS [   2.308s] rust_verify_test::Proveiterators_standard iterators_standard_loop_borrow_into
        PASS [   2.312s] rust_verify_test::Proveiterators_standard iterators_standard_loop_borrow_iter
        PASS [   2.196s] rust_verify_test::Proveiterators_standard iterators_standard_loop_consume
        PASS [   2.111s] rust_verify_test::Provemod_standard mod_standard_for_borrow_into
        PASS [   2.186s] rust_verify_test::Provemod_standard mod_standard_for_borrow_iter
        PASS [   2.169s] rust_verify_test::Provemod_standard mod_standard_for_consume
        PASS [   2.084s] rust_verify_test::Provemod_standard mod_standard_loop_borrow_into
        PASS [   2.137s] rust_verify_test::Provemod_standard mod_standard_loop_borrow_iter
        PASS [   2.165s] rust_verify_test::Provemod_standard mod_standard_loop_consume
        PASS [   2.176s] rust_verify_test::Provetable_of_contents_standard toc_standard_for_borrow_into
        PASS [   2.191s] rust_verify_test::Provetable_of_contents_standard toc_standard_for_borrow_iter
        PASS [   2.191s] rust_verify_test::Provetable_of_contents_standard toc_standard_for_consume
        PASS [   1.995s] rust_verify_test::Provetable_of_contents_standard toc_standard_loop_borrow_into
        PASS [   2.204s] rust_verify_test::Provetable_of_contents_standard toc_standard_loop_consume
        PASS [   2.339s] rust_verify_test::Provetable_of_contents_standard toc_standard_loop_borrow_iter
        PASS [   2.270s] rust_verify_test::Proveusing_closures_standard closures_ghost_spec_fn
        PASS [   1.989s] rust_verify_test::Proveusing_closures_standard closures_inline_requires_ensures
        PASS [   1.965s] rust_verify_test::Proveusing_closures_standard closures_let_bind_ensures
        PASS [   2.074s] rust_verify_test::Proveusing_closures_standard closures_map_apply
        PASS [   2.180s] rust_verify_test::Proveview_standard view_standard_collection
        PASS [   2.165s] rust_verify_test::Proveview_standard view_standard_for_borrow_into
        PASS [   1.965s] rust_verify_test::Proveview_standard view_standard_for_borrow_iter
        PASS [   1.969s] rust_verify_test::Proveview_standard view_standard_for_consume
        PASS [   1.820s] rust_verify_test::Proveview_standard view_standard_loop_borrow_into
        PASS [   1.799s] rust_verify_test::Proveview_standard view_standard_loop_borrow_iter
        PASS [   1.486s] rust_verify_test::Proveview_standard view_standard_simple
        PASS [   1.578s] rust_verify_test::Proveview_standard view_standard_loop_consume
        PASS [   1.726s] rust_verify_test::Provewrapping_iterators_standard wrapping_for_borrow_into
        PASS [   1.687s] rust_verify_test::Provewrapping_iterators_standard wrapping_for_borrow_iter
        PASS [   1.534s] rust_verify_test::Provewrapping_iterators_standard wrapping_loop_borrow_into
        PASS [   1.540s] rust_verify_test::Provewrapping_iterators_standard wrapping_loop_borrow_iter
        PASS [   1.939s] rust_verify_test::RelationStEph relation_st_eph_for_iter
        PASS [   1.952s] rust_verify_test::RelationStEph relation_st_eph_loop_loop
        PASS [   1.619s] rust_verify_test::SetMtEph set_mt_eph_from_vec
        PASS [   2.092s] rust_verify_test::SetMtEph set_mt_eph_for_iter
        PASS [   1.715s] rust_verify_test::SetMtEph set_mt_eph_loop_loop
        PASS [   1.694s] rust_verify_test::SetStEph set_st_eph_for_iter
        PASS [   1.626s] rust_verify_test::SetStEph set_st_eph_loop_loop
        PASS [   1.542s] rust_verify_test::prove_MathSeq_iters mathseq_iter_consuming
        PASS [   1.913s] rust_verify_test::SetStEph set_st_eph_from_vec
        PASS [   1.526s] rust_verify_test::prove_MathSeq_iters mathseq_iter_nested
        PASS [   1.578s] rust_verify_test::prove_MathSeq_iters mathseq_iter_range
────────────
     Summary [  54.070s] 157 tests run: 157 passed, 0 skipped
Elapsed: 148s
