warning: verus-related attribute has no effect because item is already marked external
    --> src/Chap65/UnionFindStEph.rs:1125:13
     |
1125 |             reveal(spec_uf_wf);
     |             ^^^^^^

warning: verus-related attribute has no effect because item is already marked external
    --> src/Chap65/UnionFindStEph.rs:1326:21
     |
1326 |                     reveal(spec_uf_wf);
     |                     ^^^^^^

warning: Verus does not (yet) support autoderive Clone impl when the clone is not a copy; continuing, but without adding a specification for the derived Clone impl
  --> src/Chap52/AdjTableGraphStEph.rs:45:14
   |
45 |     #[derive(Clone)]
   |              ^^^^^

warning: Verus does not (yet) support autoderive Clone impl when the clone is not a copy; continuing, but without adding a specification for the derived Clone impl
  --> src/Chap52/AdjTableGraphStPer.rs:47:14
   |
47 |     #[derive(Clone)]
   |              ^^^^^

warning: Verus does not (yet) support autoderive Clone impl when the clone is not a copy; continuing, but without adding a specification for the derived Clone impl
  --> src/Chap52/AdjTableGraphMtPer.rs:48:14
   |
48 |     #[derive(Clone)]
   |              ^^^^^

verification results:: 5363 verified, 0 errors
warning: 5 warnings emitted

    Finished `release` profile [optimized] target(s) in 0.03s
────────────
 Nextest run ID 9ad0d98d-d276-4294-baa1-5029367c847a with nextest profile: default
    Starting 157 tests across 37 binaries
        PASS [   1.356s] rust_verify_test::HashSetWithViewPlus hash_set_wvp_loop_loop
        PASS [   1.379s] rust_verify_test::HashSetWithViewPlus hash_set_wvp_for_iter
        PASS [   1.406s] rust_verify_test::HashMapWithViewPlus hash_map_wvp_for_iter
        PASS [   1.422s] rust_verify_test::HashMapWithViewPlus hash_map_wvp_loop_loop
        PASS [   1.541s] rust_verify_test::MappingStEph mapping_st_eph_for_iter
        PASS [   1.641s] rust_verify_test::MappingStEph mapping_st_eph_loop_loop
        PASS [   1.482s] rust_verify_test::ProveAVLTreeSeq avltreeseq_for_borrow_iter
        PASS [   1.458s] rust_verify_test::ProveAVLTreeSetMtEph avltreesetmteph_for_borrow_iter
        PASS [   1.496s] rust_verify_test::ProveAVLTreeSetMtEph avltreesetmteph_for_borrow_into
        PASS [   1.526s] rust_verify_test::ProveAVLTreeSeq avltreeseq_loop_borrow_iter
        PASS [   1.391s] rust_verify_test::ProveAVLTreeSetMtEph avltreesetmteph_loop_borrow_iter
        PASS [   1.464s] rust_verify_test::ProveArraySeq arrayseq_filter
        PASS [   1.316s] rust_verify_test::ProveArraySeq arrayseq_map
        PASS [   1.374s] rust_verify_test::ProveArraySeq arrayseq_iterate
        PASS [   1.428s] rust_verify_test::ProveArraySeq arrayseq_for_iter
        PASS [   1.390s] rust_verify_test::ProveArraySeq arrayseq_iterate_prefixes
        PASS [   1.394s] rust_verify_test::ProveArraySeq arrayseq_loop_loop
        PASS [   1.503s] rust_verify_test::ProveArraySeq arrayseq_reduce
        PASS [   1.322s] rust_verify_test::ProveArraySeq arrayseq_tabulate
        PASS [   1.443s] rust_verify_test::ProveArraySeqMtEph arrayseqmteph_loop_loop
        PASS [   1.518s] rust_verify_test::ProveArraySeqMtEph arrayseqmteph_for_iter
        PASS [   1.570s] rust_verify_test::ProveArraySeq arrayseq_scan_inclusive
        PASS [   1.632s] rust_verify_test::ProveArraySeq arrayseq_scan
        PASS [   1.423s] rust_verify_test::ProveArraySeqMtPer arrayseqmtper_for_iter
        PASS [   1.535s] rust_verify_test::ProveArraySeqMtPer arrayseqmtper_loop_loop
        PASS [   1.485s] rust_verify_test::ProveArraySeqStEph arrayseqsteph_for_borrow_into
        PASS [   1.406s] rust_verify_test::ProveArraySeqStEph arrayseqsteph_loop_borrow_into
        PASS [   1.521s] rust_verify_test::ProveArraySeqStEph arrayseqsteph_for_consume
        PASS [   1.544s] rust_verify_test::ProveArraySeqStEph arrayseqsteph_for_borrow_iter
        PASS [   1.433s] rust_verify_test::ProveArraySeqStEph arrayseqsteph_loop_borrow_iter
        PASS [   1.427s] rust_verify_test::ProveArraySeqStEph arrayseqsteph_loop_consume
        PASS [   1.446s] rust_verify_test::ProveArraySeqStPer arrayseqstper_for_iter
        PASS [   1.454s] rust_verify_test::ProveArraySeqStPer arrayseqstper_loop_loop
        PASS [   1.452s] rust_verify_test::ProveBFSMtEph chap54_bfsmteph_bottom_up_loop
        PASS [   1.451s] rust_verify_test::ProveBFSMtEph chap54_bfsmteph_top_down_loop
        PASS [   1.404s] rust_verify_test::ProveBFSStEph chap54_bfssteph_bottom_up_loop
        PASS [   1.354s] rust_verify_test::ProveBFSStEph chap54_bfssteph_top_down_loop
        PASS [   1.384s] rust_verify_test::ProveBalBinTreeStEph balbintree_inorder_spec_match
        PASS [   1.522s] rust_verify_test::ProveBalBinTreeStEph balbintree_for_inorder
        PASS [   1.366s] rust_verify_test::ProveBalBinTreeStEph balbintree_leaf_iter_exhausted
        PASS [   1.565s] rust_verify_test::ProveBalBinTreeStEph balbintree_for_postorder
        PASS [   1.587s] rust_verify_test::ProveBalBinTreeStEph balbintree_for_preorder
        PASS [   1.473s] rust_verify_test::ProveBalBinTreeStEph balbintree_leaf_traversals_empty
        PASS [   1.436s] rust_verify_test::ProveBalBinTreeStEph balbintree_loop_postorder
        PASS [   1.440s] rust_verify_test::ProveBalBinTreeStEph balbintree_loop_inorder
        PASS [   1.458s] rust_verify_test::ProveBalBinTreeStEph balbintree_loop_preorder
        PASS [   1.420s] rust_verify_test::ProveBalBinTreeStEph balbintree_postorder_spec_match
        PASS [   1.441s] rust_verify_test::ProveBalBinTreeStEph balbintree_preorder_spec_match
        PASS [   1.489s] rust_verify_test::ProveChap19ArraySeqMtEph chap19_arrayseqmteph_for_borrow_into
        PASS [   1.440s] rust_verify_test::ProveChap19ArraySeqMtEph chap19_arrayseqmteph_for_borrow_iter
        PASS [   1.540s] rust_verify_test::ProveChap19ArraySeqMtEph chap19_arrayseqmteph_for_consume
        PASS [   1.481s] rust_verify_test::ProveChap19ArraySeqMtEph chap19_arrayseqmteph_loop_borrow_into
        PASS [   1.527s] rust_verify_test::ProveChap19ArraySeqMtEph chap19_arrayseqmteph_loop_borrow_iter
        PASS [   1.450s] rust_verify_test::ProveChap19ArraySeqMtEph chap19_arrayseqmteph_loop_consume
        PASS [   1.450s] rust_verify_test::ProveChap19ArraySeqMtEphSlice slice_for_borrow_into
        PASS [   1.461s] rust_verify_test::ProveChap19ArraySeqMtEphSlice slice_for_borrow_iter
        PASS [   1.409s] rust_verify_test::ProveChap19ArraySeqMtEphSlice slice_loop_borrow_iter
        PASS [   1.453s] rust_verify_test::ProveChap19ArraySeqMtEphSlice slice_operations
        PASS [   1.545s] rust_verify_test::ProveChap19ArraySeqMtEphSlice slice_iter_over_subslice
        PASS [   1.521s] rust_verify_test::ProveChap19ArraySeqStEph chap19_arrayseqsteph_for_borrow_into
        PASS [   1.553s] rust_verify_test::ProveChap19ArraySeqStEph chap19_arrayseqsteph_for_borrow_iter
        PASS [   1.499s] rust_verify_test::ProveChap19ArraySeqStEph chap19_arrayseqsteph_for_consume
        PASS [   1.561s] rust_verify_test::ProveChap19ArraySeqStEph chap19_arrayseqsteph_loop_borrow_into
        PASS [   1.465s] rust_verify_test::ProveChap19ArraySeqStEph chap19_arrayseqsteph_loop_borrow_iter
        PASS [   1.465s] rust_verify_test::ProveChap19ArraySeqStEph chap19_arrayseqsteph_loop_consume
        PASS [   1.541s] rust_verify_test::ProveChap19ArraySeqStPer chap19_arrayseqstper_for_borrow_into
        PASS [   1.532s] rust_verify_test::ProveChap19ArraySeqStPer chap19_arrayseqstper_for_borrow_iter
        PASS [   1.498s] rust_verify_test::ProveChap19ArraySeqStPer chap19_arrayseqstper_for_consume
        PASS [   1.437s] rust_verify_test::ProveChap19ArraySeqStPer chap19_arrayseqstper_loop_borrow_into
        PASS [   1.443s] rust_verify_test::ProveChap19ArraySeqStPer chap19_arrayseqstper_loop_borrow_iter
        PASS [   1.496s] rust_verify_test::ProveChap19ArraySeqStPer chap19_arrayseqstper_loop_consume
        PASS [   1.451s] rust_verify_test::ProveKleeneStPer kleene_alphabet
        PASS [   1.418s] rust_verify_test::ProveKleeneStPer kleene_mem_plus
        PASS [   1.486s] rust_verify_test::ProveKleeneStPer kleene_mem_star
        PASS [   1.408s] rust_verify_test::ProveLinkedListStEph linkedliststeph_loop_loop
        PASS [   1.425s] rust_verify_test::ProveLinkedListStPer linkedliststper_for_iter
        PASS [   1.607s] rust_verify_test::ProveLinkedListStEph linkedliststeph_for_iter
        PASS [   1.499s] rust_verify_test::ProveLinkedListStPer linkedliststper_loop_loop
        PASS [   1.447s] rust_verify_test::ProveMathSeq mathseq_for_borrow_into
        PASS [   1.440s] rust_verify_test::ProveMathSeq mathseq_for_consume
        PASS [   1.538s] rust_verify_test::ProveMathSeq mathseq_for_borrow_iter
        PASS [   1.469s] rust_verify_test::ProveMathSeq mathseq_loop_borrow_into
        PASS [   1.432s] rust_verify_test::ProveMathSeq mathseq_loop_borrow_iter
        PASS [   1.374s] rust_verify_test::ProveMathSeq mathseq_loop_consume
        PASS [   1.445s] rust_verify_test::ProveOrderedSetStEph chap43_orderedsetsteph_for_borrow_into
        PASS [   1.444s] rust_verify_test::ProveOrderedSetStEph chap43_orderedsetsteph_loop_borrow_into
        PASS [   1.562s] rust_verify_test::ProveOrderedSetStEph chap43_orderedsetsteph_for_borrow_iter
        PASS [   1.484s] rust_verify_test::ProveOrderedSetStEph chap43_orderedsetsteph_loop_borrow_iter
        PASS [   1.512s] rust_verify_test::ProveOrderedTableStEph chap43_orderedtablesteph_for_borrow_iter
        PASS [   1.610s] rust_verify_test::ProveOrderedTableStEph chap43_orderedtablesteph_for_borrow_into
        PASS [   1.507s] rust_verify_test::ProveOrderedTableStEph chap43_orderedtablesteph_loop_borrow_into
        PASS [   1.486s] rust_verify_test::ProveOrderedTableStEph chap43_orderedtablesteph_loop_borrow_iter
        PASS [   1.519s] rust_verify_test::ProveOrderedTableStPer chap43_orderedtablestper_for_borrow_iter
        PASS [   1.529s] rust_verify_test::ProveOrderedTableStPer chap43_orderedtablestper_loop_borrow_into
        PASS [   1.521s] rust_verify_test::ProveOrderedTableStPer chap43_orderedtablestper_loop_borrow_iter
        PASS [   1.773s] rust_verify_test::ProveOrderedTableStPer chap43_orderedtablestper_for_borrow_into
        PASS [   1.490s] rust_verify_test::ProvePrimTreeSeqStPer primtreeseq_for_borrow_into
        PASS [   1.500s] rust_verify_test::ProvePrimTreeSeqStPer primtreeseq_for_borrow_iter
        PASS [   1.494s] rust_verify_test::ProvePrimTreeSeqStPer primtreeseq_for_consume
        PASS [   1.373s] rust_verify_test::ProvePrimTreeSeqStPer primtreeseq_loop_borrow_into
        PASS [   1.436s] rust_verify_test::ProvePrimTreeSeqStPer primtreeseq_loop_consume
        PASS [   1.604s] rust_verify_test::ProvePrimTreeSeqStPer primtreeseq_loop_borrow_iter
        PASS [   1.514s] rust_verify_test::ProveSetMtEph set_mt_eph_for_borrow_iter
        PASS [   1.845s] rust_verify_test::ProveSetMtEph set_mt_eph_for_borrow_into
        PASS [   1.505s] rust_verify_test::Provedeep_view_standard deep_view_standard_for_borrow_into
        PASS [   1.554s] rust_verify_test::ProveSetMtEph set_mt_eph_loop_borrow_iter
        PASS [   1.484s] rust_verify_test::Provedeep_view_standard deep_view_standard_for_borrow_iter
        PASS [   1.366s] rust_verify_test::Provedeep_view_standard deep_view_standard_for_consume
        PASS [   1.354s] rust_verify_test::Provedeep_view_standard deep_view_standard_simple
        PASS [   1.481s] rust_verify_test::Provedeep_view_standard deep_view_standard_loop_borrow_into
        PASS [   1.415s] rust_verify_test::Provedeep_view_standard deep_view_standard_loop_consume
        PASS [   1.493s] rust_verify_test::Provedeep_view_standard deep_view_standard_loop_borrow_iter
        PASS [   1.391s] rust_verify_test::Proveiterators_standard iterators_standard_for_borrow_into
        PASS [   1.809s] rust_verify_test::Proveiterators_standard iterators_standard_for_borrow_iter
        PASS [   1.441s] rust_verify_test::Proveiterators_standard iterators_standard_for_consume
        PASS [   1.461s] rust_verify_test::Proveiterators_standard iterators_standard_loop_borrow_into
        PASS [   1.516s] rust_verify_test::Proveiterators_standard iterators_standard_loop_consume
        PASS [   1.483s] rust_verify_test::Provemod_standard mod_standard_for_borrow_into
        PASS [   1.867s] rust_verify_test::Proveiterators_standard iterators_standard_loop_borrow_iter
        PASS [   1.472s] rust_verify_test::Provemod_standard mod_standard_for_borrow_iter
        PASS [   1.399s] rust_verify_test::Provemod_standard mod_standard_loop_borrow_into
        PASS [   1.434s] rust_verify_test::Provemod_standard mod_standard_for_consume
        PASS [   1.521s] rust_verify_test::Provemod_standard mod_standard_loop_consume
        PASS [   1.625s] rust_verify_test::Provemod_standard mod_standard_loop_borrow_iter
        PASS [   1.508s] rust_verify_test::Provetable_of_contents_standard toc_standard_for_borrow_into
        PASS [   1.563s] rust_verify_test::Provetable_of_contents_standard toc_standard_for_borrow_iter
        PASS [   1.448s] rust_verify_test::Provetable_of_contents_standard toc_standard_loop_borrow_into
        PASS [   1.481s] rust_verify_test::Provetable_of_contents_standard toc_standard_for_consume
        PASS [   1.444s] rust_verify_test::Provetable_of_contents_standard toc_standard_loop_consume
        PASS [   1.723s] rust_verify_test::Provetable_of_contents_standard toc_standard_loop_borrow_iter
        PASS [   1.508s] rust_verify_test::Proveusing_closures_standard closures_ghost_spec_fn
        PASS [   1.317s] rust_verify_test::Proveusing_closures_standard closures_inline_requires_ensures
        PASS [   1.437s] rust_verify_test::Proveusing_closures_standard closures_let_bind_ensures
        PASS [   1.427s] rust_verify_test::Proveusing_closures_standard closures_map_apply
        PASS [   1.330s] rust_verify_test::Proveview_standard view_standard_collection
        PASS [   1.519s] rust_verify_test::Proveview_standard view_standard_for_borrow_into
        PASS [   1.481s] rust_verify_test::Proveview_standard view_standard_for_consume
        PASS [   1.495s] rust_verify_test::Proveview_standard view_standard_for_borrow_iter
        PASS [   1.407s] rust_verify_test::Proveview_standard view_standard_loop_borrow_into
        PASS [   1.542s] rust_verify_test::Proveview_standard view_standard_loop_borrow_iter
        PASS [   1.422s] rust_verify_test::Proveview_standard view_standard_loop_consume
        PASS [   1.423s] rust_verify_test::Provewrapping_iterators_standard wrapping_for_borrow_iter
        PASS [   1.497s] rust_verify_test::Provewrapping_iterators_standard wrapping_for_borrow_into
        PASS [   1.636s] rust_verify_test::Proveview_standard view_standard_simple
        PASS [   1.385s] rust_verify_test::Provewrapping_iterators_standard wrapping_loop_borrow_into
        PASS [   1.348s] rust_verify_test::Provewrapping_iterators_standard wrapping_loop_borrow_iter
        PASS [   1.895s] rust_verify_test::RelationStEph relation_st_eph_for_iter
        PASS [   1.562s] rust_verify_test::SetMtEph set_mt_eph_for_iter
        PASS [   1.492s] rust_verify_test::SetMtEph set_mt_eph_from_vec
        PASS [   1.691s] rust_verify_test::RelationStEph relation_st_eph_loop_loop
        PASS [   1.629s] rust_verify_test::SetMtEph set_mt_eph_loop_loop
        PASS [   1.535s] rust_verify_test::SetStEph set_st_eph_for_iter
        PASS [   1.569s] rust_verify_test::SetStEph set_st_eph_from_vec
        PASS [   1.434s] rust_verify_test::prove_MathSeq_iters mathseq_iter_consuming
        PASS [   1.502s] rust_verify_test::SetStEph set_st_eph_loop_loop
        PASS [   1.487s] rust_verify_test::prove_MathSeq_iters mathseq_iter_nested
        PASS [   1.271s] rust_verify_test::prove_MathSeq_iters mathseq_iter_range
────────────
     Summary [  39.429s] 157 tests run: 157 passed, 0 skipped
Elapsed: 170s
