verification results:: 5598 verified, 0 errors
    Finished `release` profile [optimized] target(s) in 0.03s
────────────
 Nextest run ID dfc18d1c-7cc7-431d-8da6-47c77188293e with nextest profile: default
    Starting 221 tests across 48 binaries
        PASS [   2.556s] rust_verify_test::HashMapWithViewPlus hash_map_wvp_for_iter
        PASS [   2.556s] rust_verify_test::HashSetWithViewPlus hash_set_wvp_for_iter
        PASS [   2.572s] rust_verify_test::HashMapWithViewPlus hash_map_wvp_loop_loop
        PASS [   2.606s] rust_verify_test::HashSetWithViewPlus hash_set_wvp_loop_loop
        PASS [   2.757s] rust_verify_test::MappingStEph mapping_st_eph_loop_loop
        PASS [   2.826s] rust_verify_test::MappingStEph mapping_st_eph_for_iter
        PASS [   2.375s] rust_verify_test::ProveAVLTreeSeq avltreeseq_for_borrow_iter
        PASS [   2.336s] rust_verify_test::ProveAVLTreeSeq avltreeseq_loop_borrow_iter
        PASS [   2.523s] rust_verify_test::ProveAVLTreeSeq avltreeseq_loop_borrow_into
        PASS [   2.654s] rust_verify_test::ProveAVLTreeSeq avltreeseq_for_borrow_into
        PASS [   2.564s] rust_verify_test::ProveAVLTreeSeqMtPer avltreeseqmtper_for_borrow_into
        PASS [   2.543s] rust_verify_test::ProveAVLTreeSeqMtPer avltreeseqmtper_for_borrow_iter
        PASS [   2.242s] rust_verify_test::ProveAVLTreeSeqMtPer avltreeseqmtper_loop_borrow_iter
        PASS [   2.476s] rust_verify_test::ProveAVLTreeSeqMtPer avltreeseqmtper_loop_borrow_into
        PASS [   2.418s] rust_verify_test::ProveAVLTreeSeqStEph avltreeseqsteph_for_borrow_iter
        PASS [   2.546s] rust_verify_test::ProveAVLTreeSeqStEph avltreeseqsteph_for_borrow_into
        PASS [   2.539s] rust_verify_test::ProveAVLTreeSeqStEph avltreeseqsteph_loop_borrow_into
        PASS [   2.563s] rust_verify_test::ProveAVLTreeSeqStEph avltreeseqsteph_loop_borrow_iter
        PASS [   2.135s] rust_verify_test::ProveAVLTreeSeqStPer avltreeseqstper_for_borrow_into
        PASS [   2.163s] rust_verify_test::ProveAVLTreeSeqStPer avltreeseqstper_loop_borrow_iter
        PASS [   2.750s] rust_verify_test::ProveAVLTreeSeqStPer avltreeseqstper_for_borrow_iter
        PASS [   2.599s] rust_verify_test::ProveAVLTreeSeqStPer avltreeseqstper_loop_borrow_into
        PASS [   2.386s] rust_verify_test::ProveAVLTreeSetMtEph avltreesetmteph_for_borrow_into
        PASS [   2.640s] rust_verify_test::ProveAVLTreeSetMtEph avltreesetmteph_for_borrow_iter
        PASS [   2.719s] rust_verify_test::ProveAVLTreeSetMtEph avltreesetmteph_loop_borrow_into
        PASS [   2.379s] rust_verify_test::ProveArraySeq arrayseq_iterate
        PASS [   2.876s] rust_verify_test::ProveAVLTreeSetMtEph avltreesetmteph_loop_borrow_iter
        PASS [   2.608s] rust_verify_test::ProveArraySeq arrayseq_filter
        PASS [   2.603s] rust_verify_test::ProveArraySeq arrayseq_for_iter
        PASS [   2.464s] rust_verify_test::ProveArraySeq arrayseq_iterate_prefixes
        PASS [   1.832s] rust_verify_test::ProveArraySeq arrayseq_loop_loop
        PASS [   1.883s] rust_verify_test::ProveArraySeq arrayseq_map
        PASS [   1.903s] rust_verify_test::ProveArraySeq arrayseq_reduce
        PASS [   1.762s] rust_verify_test::ProveArraySeq arrayseq_tabulate
        PASS [   2.128s] rust_verify_test::ProveArraySeq arrayseq_scan
        PASS [   2.145s] rust_verify_test::ProveArraySeq arrayseq_scan_inclusive
        PASS [   1.807s] rust_verify_test::ProveArraySeqMtEph arrayseqmteph_for_borrow_into
        PASS [   1.804s] rust_verify_test::ProveArraySeqMtEph arrayseqmteph_for_iter
        PASS [   2.160s] rust_verify_test::ProveArraySeqMtEph arrayseqmteph_loop_borrow_into
        PASS [   2.013s] rust_verify_test::ProveArraySeqMtEph arrayseqmteph_loop_loop
        PASS [   2.115s] rust_verify_test::ProveArraySeqMtEph arrayseqmteph_loop_consume
        PASS [   2.516s] rust_verify_test::ProveArraySeqMtEph arrayseqmteph_for_consume
        PASS [   1.906s] rust_verify_test::ProveArraySeqMtPer arrayseqmtper_for_borrow_into
        PASS [   1.864s] rust_verify_test::ProveArraySeqMtPer arrayseqmtper_for_consume
        PASS [   1.921s] rust_verify_test::ProveArraySeqMtPer arrayseqmtper_loop_borrow_into
        PASS [   2.220s] rust_verify_test::ProveArraySeqMtPer arrayseqmtper_loop_consume
        PASS [   2.210s] rust_verify_test::ProveArraySeqMtPer arrayseqmtper_loop_loop
        PASS [   2.301s] rust_verify_test::ProveArraySeqMtPer arrayseqmtper_for_iter
        PASS [   1.965s] rust_verify_test::ProveArraySeqStEph arrayseqsteph_for_borrow_into
        PASS [   1.758s] rust_verify_test::ProveArraySeqStEph arrayseqsteph_for_borrow_iter
        PASS [   1.968s] rust_verify_test::ProveArraySeqStEph arrayseqsteph_for_consume
        PASS [   1.878s] rust_verify_test::ProveArraySeqStEph arrayseqsteph_loop_consume
        PASS [   1.948s] rust_verify_test::ProveArraySeqStEph arrayseqsteph_loop_borrow_into
        PASS [   2.021s] rust_verify_test::ProveArraySeqStEph arrayseqsteph_loop_borrow_iter
        PASS [   1.828s] rust_verify_test::ProveArraySeqStPer arrayseqstper_for_iter
        PASS [   1.704s] rust_verify_test::ProveArraySeqStPer arrayseqstper_loop_loop
        PASS [   1.811s] rust_verify_test::ProveBFSMtEph chap54_bfsmteph_bottom_up_for
        PASS [   1.679s] rust_verify_test::ProveBFSMtEph chap54_bfsmteph_bottom_up_loop
        PASS [   1.712s] rust_verify_test::ProveBFSMtEph chap54_bfsmteph_top_down_for
        PASS [   1.809s] rust_verify_test::ProveBFSMtEph chap54_bfsmteph_top_down_loop
        PASS [   1.856s] rust_verify_test::ProveBFSStEph chap54_bfssteph_bottom_up_for
        PASS [   1.752s] rust_verify_test::ProveBFSStEph chap54_bfssteph_bottom_up_loop
        PASS [   1.597s] rust_verify_test::ProveBFSStEph chap54_bfssteph_top_down_loop
        PASS [   1.730s] rust_verify_test::ProveBFSStEph chap54_bfssteph_top_down_for
        PASS [   1.750s] rust_verify_test::ProveBSTSetAVLMtEph bstsetavlmteph_for_borrow_into
        PASS [   1.724s] rust_verify_test::ProveBSTSetAVLMtEph bstsetavlmteph_for_borrow_iter
        PASS [   1.831s] rust_verify_test::ProveBSTSetAVLMtEph bstsetavlmteph_for_consume
        PASS [   1.676s] rust_verify_test::ProveBSTSetAVLMtEph bstsetavlmteph_loop_borrow_into
        PASS [   1.788s] rust_verify_test::ProveBSTSetAVLMtEph bstsetavlmteph_loop_consume
        PASS [   1.830s] rust_verify_test::ProveBSTSetAVLMtEph bstsetavlmteph_loop_borrow_iter
        PASS [   1.687s] rust_verify_test::ProveBSTSetBBAlphaMtEph bstsetbbalphamteph_for_borrow_into
        PASS [   1.792s] rust_verify_test::ProveBSTSetBBAlphaMtEph bstsetbbalphamteph_for_borrow_iter
        PASS [   1.771s] rust_verify_test::ProveBSTSetBBAlphaMtEph bstsetbbalphamteph_loop_borrow_into
        PASS [   1.846s] rust_verify_test::ProveBSTSetBBAlphaMtEph bstsetbbalphamteph_loop_borrow_iter
        PASS [   1.755s] rust_verify_test::ProveBSTSetPlainMtEph bstsetplainmteph_for_borrow_into
        PASS [   1.721s] rust_verify_test::ProveBSTSetPlainMtEph bstsetplainmteph_loop_borrow_into
        PASS [   1.908s] rust_verify_test::ProveBSTSetPlainMtEph bstsetplainmteph_loop_borrow_iter
        PASS [   2.352s] rust_verify_test::ProveBSTSetPlainMtEph bstsetplainmteph_for_borrow_iter
        PASS [   1.966s] rust_verify_test::ProveBSTSetRBMtEph bstsetrbmteph_for_borrow_into
        PASS [   1.855s] rust_verify_test::ProveBSTSetRBMtEph bstsetrbmteph_for_borrow_iter
        PASS [   1.863s] rust_verify_test::ProveBSTSetRBMtEph bstsetrbmteph_loop_borrow_into
        PASS [   2.197s] rust_verify_test::ProveBSTSetRBMtEph bstsetrbmteph_for_consume
        PASS [   1.762s] rust_verify_test::ProveBSTSetRBMtEph bstsetrbmteph_loop_borrow_iter
        PASS [   1.943s] rust_verify_test::ProveBSTSetRBMtEph bstsetrbmteph_loop_consume
        PASS [   1.803s] rust_verify_test::ProveBSTSetSplayMtEph bstsetsplaymteph_for_borrow_into
        PASS [   1.792s] rust_verify_test::ProveBSTSetSplayMtEph bstsetsplaymteph_for_borrow_iter
        PASS [   1.788s] rust_verify_test::ProveBSTSetSplayMtEph bstsetsplaymteph_for_consume
        PASS [   1.822s] rust_verify_test::ProveBSTSetSplayMtEph bstsetsplaymteph_loop_borrow_into
        PASS [   1.815s] rust_verify_test::ProveBSTSetSplayMtEph bstsetsplaymteph_loop_borrow_iter
        PASS [   1.932s] rust_verify_test::ProveBSTSetSplayMtEph bstsetsplaymteph_loop_consume
        PASS [   2.104s] rust_verify_test::ProveBalBinTreeStEph balbintree_for_inorder
        PASS [   2.088s] rust_verify_test::ProveBalBinTreeStEph balbintree_for_postorder
        PASS [   1.685s] rust_verify_test::ProveBalBinTreeStEph balbintree_for_preorder
        PASS [   1.577s] rust_verify_test::ProveBalBinTreeStEph balbintree_leaf_iter_exhausted
        PASS [   1.817s] rust_verify_test::ProveBalBinTreeStEph balbintree_inorder_spec_match
        PASS [   1.663s] rust_verify_test::ProveBalBinTreeStEph balbintree_leaf_traversals_empty
        PASS [   1.708s] rust_verify_test::ProveBalBinTreeStEph balbintree_loop_inorder
        PASS [   1.917s] rust_verify_test::ProveBalBinTreeStEph balbintree_loop_postorder
        PASS [   1.669s] rust_verify_test::ProveBalBinTreeStEph balbintree_loop_preorder
        PASS [   1.590s] rust_verify_test::ProveBalBinTreeStEph balbintree_postorder_spec_match
        PASS [   1.715s] rust_verify_test::ProveBalBinTreeStEph balbintree_preorder_spec_match
        PASS [   1.816s] rust_verify_test::ProveChap19ArraySeqMtEph chap19_arrayseqmteph_for_borrow_into
        PASS [   1.804s] rust_verify_test::ProveChap19ArraySeqMtEph chap19_arrayseqmteph_for_borrow_iter
        PASS [   1.727s] rust_verify_test::ProveChap19ArraySeqMtEph chap19_arrayseqmteph_for_consume
        PASS [   1.617s] rust_verify_test::ProveChap19ArraySeqMtEph chap19_arrayseqmteph_loop_borrow_iter
        PASS [   1.864s] rust_verify_test::ProveChap19ArraySeqMtEph chap19_arrayseqmteph_loop_borrow_into
        PASS [   1.758s] rust_verify_test::ProveChap19ArraySeqMtEph chap19_arrayseqmteph_loop_consume
        PASS [   1.949s] rust_verify_test::ProveChap19ArraySeqMtEphSlice slice_for_borrow_into
        PASS [   2.019s] rust_verify_test::ProveChap19ArraySeqMtEphSlice slice_for_borrow_iter
        PASS [   1.976s] rust_verify_test::ProveChap19ArraySeqMtEphSlice slice_iter_over_subslice
        PASS [   1.900s] rust_verify_test::ProveChap19ArraySeqMtEphSlice slice_loop_borrow_iter
        PASS [   1.856s] rust_verify_test::ProveChap19ArraySeqMtEphSlice slice_operations
        PASS [   2.075s] rust_verify_test::ProveChap19ArraySeqStEph chap19_arrayseqsteph_for_borrow_into
        PASS [   1.938s] rust_verify_test::ProveChap19ArraySeqStEph chap19_arrayseqsteph_for_borrow_iter
        PASS [   2.290s] rust_verify_test::ProveChap19ArraySeqStEph chap19_arrayseqsteph_loop_borrow_into
        PASS [   2.441s] rust_verify_test::ProveChap19ArraySeqStEph chap19_arrayseqsteph_for_consume
        PASS [   2.123s] rust_verify_test::ProveChap19ArraySeqStEph chap19_arrayseqsteph_loop_borrow_iter
        PASS [   2.114s] rust_verify_test::ProveChap19ArraySeqStEph chap19_arrayseqsteph_loop_consume
        PASS [   2.495s] rust_verify_test::ProveChap19ArraySeqStPer chap19_arrayseqstper_for_borrow_into
        PASS [   2.306s] rust_verify_test::ProveChap19ArraySeqStPer chap19_arrayseqstper_for_borrow_iter
        PASS [   2.141s] rust_verify_test::ProveChap19ArraySeqStPer chap19_arrayseqstper_for_consume
        PASS [   2.180s] rust_verify_test::ProveChap19ArraySeqStPer chap19_arrayseqstper_loop_borrow_into
        PASS [   2.016s] rust_verify_test::ProveChap19ArraySeqStPer chap19_arrayseqstper_loop_consume
        PASS [   2.050s] rust_verify_test::ProveChap19ArraySeqStPer chap19_arrayseqstper_loop_borrow_iter
        PASS [   1.851s] rust_verify_test::ProveKleeneStPer kleene_alphabet
        PASS [   1.981s] rust_verify_test::ProveKleeneStPer kleene_mem_plus
        PASS [   2.500s] rust_verify_test::ProveLinkedListStEph linkedliststeph_loop_loop
        PASS [   2.708s] rust_verify_test::ProveKleeneStPer kleene_mem_star
        PASS [   2.570s] rust_verify_test::ProveLinkedListStPer linkedliststper_for_iter
        PASS [   2.794s] rust_verify_test::ProveLinkedListStEph linkedliststeph_for_iter
        PASS [   2.784s] rust_verify_test::ProveLinkedListStPer linkedliststper_loop_loop
        PASS [   2.938s] rust_verify_test::ProveMathSeq mathseq_for_borrow_into
        PASS [   3.032s] rust_verify_test::ProveMathSeq mathseq_loop_borrow_into
        PASS [   3.202s] rust_verify_test::ProveMathSeq mathseq_for_borrow_iter
        PASS [   3.251s] rust_verify_test::ProveMathSeq mathseq_for_consume
        PASS [   3.341s] rust_verify_test::ProveMathSeq mathseq_loop_borrow_iter
        PASS [   2.790s] rust_verify_test::ProveMathSeq mathseq_loop_consume
        PASS [   2.994s] rust_verify_test::ProveOrderedSetStEph chap43_orderedsetsteph_for_borrow_into
        PASS [   2.917s] rust_verify_test::ProveOrderedSetStEph chap43_orderedsetsteph_for_borrow_iter
        PASS [   2.999s] rust_verify_test::ProveOrderedSetStEph chap43_orderedsetsteph_loop_borrow_into
        PASS [   3.225s] rust_verify_test::ProveOrderedSetStEph chap43_orderedsetsteph_loop_borrow_iter
        PASS [   3.307s] rust_verify_test::ProveOrderedSetStPer chap43_orderedsetstper_for_borrow_iter
        PASS [   3.109s] rust_verify_test::ProveOrderedSetStPer chap43_orderedsetstper_loop_borrow_iter
        PASS [   3.089s] rust_verify_test::ProveOrderedTableMtEph chap43_orderedtablemteph_for_borrow_into
        PASS [   2.633s] rust_verify_test::ProveOrderedTableMtEph chap43_orderedtablemteph_loop_borrow_into
        PASS [   2.789s] rust_verify_test::ProveOrderedTableMtEph chap43_orderedtablemteph_for_borrow_iter
        PASS [   2.747s] rust_verify_test::ProveOrderedTableMtEph chap43_orderedtablemteph_loop_borrow_iter
        PASS [   2.917s] rust_verify_test::ProveOrderedTableStEph chap43_orderedtablesteph_for_borrow_into
        PASS [   2.907s] rust_verify_test::ProveOrderedTableStEph chap43_orderedtablesteph_for_borrow_iter
        PASS [   2.622s] rust_verify_test::ProveOrderedTableStEph chap43_orderedtablesteph_loop_borrow_into
        PASS [   2.712s] rust_verify_test::ProveOrderedTableStPer chap43_orderedtablestper_for_borrow_into
        PASS [   2.815s] rust_verify_test::ProveOrderedTableStEph chap43_orderedtablesteph_loop_borrow_iter
        PASS [   2.725s] rust_verify_test::ProveOrderedTableStPer chap43_orderedtablestper_for_borrow_iter
        PASS [   2.657s] rust_verify_test::ProveOrderedTableStPer chap43_orderedtablestper_loop_borrow_into
        PASS [   2.600s] rust_verify_test::ProveOrderedTableStPer chap43_orderedtablestper_loop_borrow_iter
        PASS [   2.428s] rust_verify_test::ProvePrimTreeSeqStPer primtreeseq_for_borrow_into
        PASS [   2.599s] rust_verify_test::ProvePrimTreeSeqStPer primtreeseq_for_borrow_iter
        PASS [   2.914s] rust_verify_test::ProvePrimTreeSeqStPer primtreeseq_for_consume
        PASS [   2.814s] rust_verify_test::ProvePrimTreeSeqStPer primtreeseq_loop_borrow_into
        PASS [   2.937s] rust_verify_test::ProvePrimTreeSeqStPer primtreeseq_loop_borrow_iter
        PASS [   3.082s] rust_verify_test::ProvePrimTreeSeqStPer primtreeseq_loop_consume
        PASS [   3.267s] rust_verify_test::ProveSetMtEph set_mt_eph_for_borrow_into
        PASS [   3.561s] rust_verify_test::ProveSetMtEph set_mt_eph_for_borrow_iter
        PASS [   3.345s] rust_verify_test::ProveSetMtEph set_mt_eph_loop_borrow_into
        PASS [   3.106s] rust_verify_test::ProveSetMtEph set_mt_eph_loop_borrow_iter
        PASS [   3.035s] rust_verify_test::ProveSetStEph setsteph_for_borrow_into
        PASS [   3.064s] rust_verify_test::ProveSetStEph setsteph_for_borrow_iter
        PASS [   2.761s] rust_verify_test::ProveSetStEph setsteph_loop_borrow_into
        PASS [   2.146s] rust_verify_test::Provedeep_view_standard deep_view_standard_for_borrow_into
        PASS [   2.561s] rust_verify_test::ProveSetStEph setsteph_loop_borrow_iter
        PASS [   2.760s] rust_verify_test::Provedeep_view_standard deep_view_standard_for_borrow_iter
        PASS [   2.599s] rust_verify_test::Provedeep_view_standard deep_view_standard_for_consume
        PASS [   2.418s] rust_verify_test::Provedeep_view_standard deep_view_standard_loop_borrow_into
        PASS [   2.366s] rust_verify_test::Provedeep_view_standard deep_view_standard_loop_borrow_iter
        PASS [   2.492s] rust_verify_test::Provedeep_view_standard deep_view_standard_loop_consume
        PASS [   2.285s] rust_verify_test::Provedeep_view_standard deep_view_standard_simple
        PASS [   2.495s] rust_verify_test::Proveiterators_standard iterators_standard_for_borrow_into
        PASS [   2.476s] rust_verify_test::Proveiterators_standard iterators_standard_loop_borrow_into
        PASS [   2.688s] rust_verify_test::Proveiterators_standard iterators_standard_for_consume
        PASS [   2.700s] rust_verify_test::Proveiterators_standard iterators_standard_for_borrow_iter
        PASS [   2.706s] rust_verify_test::Proveiterators_standard iterators_standard_loop_consume
        PASS [   2.802s] rust_verify_test::Proveiterators_standard iterators_standard_loop_borrow_iter
        PASS [   2.648s] rust_verify_test::Provemod_standard mod_standard_for_borrow_into
        PASS [   2.671s] rust_verify_test::Provemod_standard mod_standard_for_consume
        PASS [   2.835s] rust_verify_test::Provemod_standard mod_standard_loop_borrow_into
        PASS [   2.965s] rust_verify_test::Provemod_standard mod_standard_for_borrow_iter
        PASS [   3.014s] rust_verify_test::Provemod_standard mod_standard_loop_borrow_iter
        PASS [   2.978s] rust_verify_test::Provemod_standard mod_standard_loop_consume
        PASS [   3.295s] rust_verify_test::Provetable_of_contents_standard toc_standard_for_borrow_into
        PASS [   3.024s] rust_verify_test::Provetable_of_contents_standard toc_standard_for_consume
        PASS [   3.234s] rust_verify_test::Provetable_of_contents_standard toc_standard_for_borrow_iter
        PASS [   3.159s] rust_verify_test::Provetable_of_contents_standard toc_standard_loop_borrow_into
        PASS [   2.910s] rust_verify_test::Provetable_of_contents_standard toc_standard_loop_borrow_iter
        PASS [   2.883s] rust_verify_test::Provetable_of_contents_standard toc_standard_loop_consume
        PASS [   2.745s] rust_verify_test::Proveusing_closures_standard closures_ghost_spec_fn
        PASS [   2.378s] rust_verify_test::Proveusing_closures_standard closures_inline_requires_ensures
        PASS [   2.358s] rust_verify_test::Proveusing_closures_standard closures_map_apply
        PASS [   2.698s] rust_verify_test::Proveusing_closures_standard closures_let_bind_ensures
        PASS [   2.008s] rust_verify_test::Proveview_standard view_standard_collection
        PASS [   2.259s] rust_verify_test::Proveview_standard view_standard_for_borrow_into
        PASS [   1.990s] rust_verify_test::Proveview_standard view_standard_for_consume
        PASS [   2.087s] rust_verify_test::Proveview_standard view_standard_for_borrow_iter
        PASS [   1.702s] rust_verify_test::Proveview_standard view_standard_loop_borrow_iter
        PASS [   1.921s] rust_verify_test::Proveview_standard view_standard_loop_borrow_into
        PASS [   1.782s] rust_verify_test::Proveview_standard view_standard_loop_consume
        PASS [   1.831s] rust_verify_test::Proveview_standard view_standard_simple
        PASS [   1.827s] rust_verify_test::Provewrapping_iterators_standard wrapping_for_borrow_into
        PASS [   1.817s] rust_verify_test::Provewrapping_iterators_standard wrapping_for_borrow_iter
        PASS [   1.781s] rust_verify_test::Provewrapping_iterators_standard wrapping_loop_borrow_into
        PASS [   1.773s] rust_verify_test::Provewrapping_iterators_standard wrapping_loop_borrow_iter
        PASS [   2.076s] rust_verify_test::RelationStEph relation_st_eph_for_iter
        PASS [   2.091s] rust_verify_test::RelationStEph relation_st_eph_loop_loop
        PASS [   1.736s] rust_verify_test::SetMtEph set_mt_eph_from_vec
        PASS [   1.741s] rust_verify_test::SetMtEph set_mt_eph_loop_loop
        PASS [   1.828s] rust_verify_test::SetMtEph set_mt_eph_for_iter
        PASS [   1.862s] rust_verify_test::SetStEph set_st_eph_for_iter
        PASS [   1.796s] rust_verify_test::SetStEph set_st_eph_from_vec
        PASS [   1.775s] rust_verify_test::SetStEph set_st_eph_loop_loop
        PASS [   1.651s] rust_verify_test::prove_MathSeq_iters mathseq_iter_consuming
        PASS [   1.731s] rust_verify_test::prove_MathSeq_iters mathseq_iter_nested
        PASS [   1.674s] rust_verify_test::prove_MathSeq_iters mathseq_iter_range
────────────
     Summary [  84.706s] 221 tests run: 221 passed, 0 skipped
Elapsed: 220s
