warning: using ==> in `assert forall` does not currently assume the antecedent in the body; consider using `implies` instead of `==>`
   --> src/Chap52/AdjTableGraphStEph.rs:616:25
    |
616 |                         assert forall|j: int| #![trigger seq@[j]] 0 <= j < (i + 1) as int implies
    |                         ^^^^^^
    |
    = help: If you didn't mean to assume the antecedent, we're very curious to hear why! To tell us, please open an issue on the Verus issue tracker on github with the title `Don't always make assert forall assume the antecedent`. If no one opens such an issue, we'll soon change the behavior of Verus to always assume the antecedent of the outermost implication

warning: using ==> in `assert forall` does not currently assume the antecedent in the body; consider using `implies` instead of `==>`
   --> src/Chap52/AdjTableGraphStPer.rs:574:25
    |
574 |                         assert forall|j: int| #![trigger seq@[j]] 0 <= j < (i + 1) as int implies
    |                         ^^^^^^
    |
    = help: If you didn't mean to assume the antecedent, we're very curious to hear why! To tell us, please open an issue on the Verus issue tracker on github with the title `Don't always make assert forall assume the antecedent`. If no one opens such an issue, we'll soon change the behavior of Verus to always assume the antecedent of the outermost implication

verification results:: 5396 verified, 0 errors
warning: 2 warnings emitted

    Finished `release` profile [optimized] target(s) in 0.02s
────────────
 Nextest run ID ebe7f9fe-1cc7-430c-a98b-9abbf741c0f0 with nextest profile: default
    Starting 157 tests across 37 binaries
        PASS [   1.392s] rust_verify_test::HashMapWithViewPlus hash_map_wvp_loop_loop
        PASS [   1.399s] rust_verify_test::HashSetWithViewPlus hash_set_wvp_loop_loop
        PASS [   1.422s] rust_verify_test::HashSetWithViewPlus hash_set_wvp_for_iter
        PASS [   1.495s] rust_verify_test::HashMapWithViewPlus hash_map_wvp_for_iter
        PASS [   1.588s] rust_verify_test::MappingStEph mapping_st_eph_loop_loop
        PASS [   1.644s] rust_verify_test::MappingStEph mapping_st_eph_for_iter
        PASS [   1.487s] rust_verify_test::ProveAVLTreeSeq avltreeseq_loop_borrow_iter
        PASS [   1.517s] rust_verify_test::ProveAVLTreeSeq avltreeseq_for_borrow_iter
        PASS [   1.572s] rust_verify_test::ProveAVLTreeSetMtEph avltreesetmteph_for_borrow_into
        PASS [   1.431s] rust_verify_test::ProveArraySeq arrayseq_filter
        PASS [   1.532s] rust_verify_test::ProveAVLTreeSetMtEph avltreesetmteph_loop_borrow_iter
        PASS [   1.643s] rust_verify_test::ProveAVLTreeSetMtEph avltreesetmteph_for_borrow_iter
        PASS [   1.343s] rust_verify_test::ProveArraySeq arrayseq_iterate
        PASS [   1.570s] rust_verify_test::ProveArraySeq arrayseq_for_iter
        PASS [   1.510s] rust_verify_test::ProveArraySeq arrayseq_iterate_prefixes
        PASS [   1.384s] rust_verify_test::ProveArraySeq arrayseq_map
        PASS [   1.465s] rust_verify_test::ProveArraySeq arrayseq_loop_loop
        PASS [   1.561s] rust_verify_test::ProveArraySeq arrayseq_reduce
        PASS [   1.314s] rust_verify_test::ProveArraySeq arrayseq_tabulate
        PASS [   1.618s] rust_verify_test::ProveArraySeq arrayseq_scan
        PASS [   1.428s] rust_verify_test::ProveArraySeqMtEph arrayseqmteph_for_iter
        PASS [   1.510s] rust_verify_test::ProveArraySeq arrayseq_scan_inclusive
        PASS [   1.465s] rust_verify_test::ProveArraySeqMtEph arrayseqmteph_loop_loop
        PASS [   1.395s] rust_verify_test::ProveArraySeqMtPer arrayseqmtper_for_iter
        PASS [   1.395s] rust_verify_test::ProveArraySeqStEph arrayseqsteph_for_borrow_into
        PASS [   1.437s] rust_verify_test::ProveArraySeqStEph arrayseqsteph_for_borrow_iter
        PASS [   1.412s] rust_verify_test::ProveArraySeqStEph arrayseqsteph_for_consume
        PASS [   1.582s] rust_verify_test::ProveArraySeqMtPer arrayseqmtper_loop_loop
        PASS [   1.416s] rust_verify_test::ProveArraySeqStEph arrayseqsteph_loop_borrow_into
        PASS [   1.413s] rust_verify_test::ProveArraySeqStEph arrayseqsteph_loop_borrow_iter
        PASS [   1.464s] rust_verify_test::ProveArraySeqStEph arrayseqsteph_loop_consume
        PASS [   1.345s] rust_verify_test::ProveBFSMtEph chap54_bfsmteph_bottom_up_loop
        PASS [   1.394s] rust_verify_test::ProveArraySeqStPer arrayseqstper_loop_loop
        PASS [   1.467s] rust_verify_test::ProveBFSMtEph chap54_bfsmteph_top_down_loop
        PASS [   1.389s] rust_verify_test::ProveBFSStEph chap54_bfssteph_bottom_up_loop
        PASS [   1.544s] rust_verify_test::ProveArraySeqStPer arrayseqstper_for_iter
        PASS [   1.456s] rust_verify_test::ProveBFSStEph chap54_bfssteph_top_down_loop
        PASS [   1.505s] rust_verify_test::ProveBalBinTreeStEph balbintree_for_postorder
        PASS [   1.441s] rust_verify_test::ProveBalBinTreeStEph balbintree_leaf_iter_exhausted
        PASS [   1.458s] rust_verify_test::ProveBalBinTreeStEph balbintree_inorder_spec_match
        PASS [   1.611s] rust_verify_test::ProveBalBinTreeStEph balbintree_for_inorder
        PASS [   1.511s] rust_verify_test::ProveBalBinTreeStEph balbintree_for_preorder
        PASS [   1.477s] rust_verify_test::ProveBalBinTreeStEph balbintree_leaf_traversals_empty
        PASS [   1.473s] rust_verify_test::ProveBalBinTreeStEph balbintree_postorder_spec_match
        PASS [   1.484s] rust_verify_test::ProveBalBinTreeStEph balbintree_loop_postorder
        PASS [   1.569s] rust_verify_test::ProveBalBinTreeStEph balbintree_loop_inorder
        PASS [   1.469s] rust_verify_test::ProveBalBinTreeStEph balbintree_preorder_spec_match
        PASS [   1.545s] rust_verify_test::ProveBalBinTreeStEph balbintree_loop_preorder
        PASS [   1.402s] rust_verify_test::ProveChap19ArraySeqMtEph chap19_arrayseqmteph_for_borrow_into
        PASS [   1.427s] rust_verify_test::ProveChap19ArraySeqMtEph chap19_arrayseqmteph_loop_borrow_into
        PASS [   1.483s] rust_verify_test::ProveChap19ArraySeqMtEph chap19_arrayseqmteph_loop_borrow_iter
        PASS [   1.610s] rust_verify_test::ProveChap19ArraySeqMtEph chap19_arrayseqmteph_for_consume
        PASS [   1.660s] rust_verify_test::ProveChap19ArraySeqMtEph chap19_arrayseqmteph_for_borrow_iter
        PASS [   1.683s] rust_verify_test::ProveChap19ArraySeqMtEph chap19_arrayseqmteph_loop_consume
        PASS [   1.495s] rust_verify_test::ProveChap19ArraySeqMtEphSlice slice_for_borrow_into
        PASS [   1.449s] rust_verify_test::ProveChap19ArraySeqMtEphSlice slice_for_borrow_iter
        PASS [   1.458s] rust_verify_test::ProveChap19ArraySeqMtEphSlice slice_operations
        PASS [   1.528s] rust_verify_test::ProveChap19ArraySeqMtEphSlice slice_loop_borrow_iter
        PASS [   1.679s] rust_verify_test::ProveChap19ArraySeqMtEphSlice slice_iter_over_subslice
        PASS [   1.485s] rust_verify_test::ProveChap19ArraySeqStEph chap19_arrayseqsteph_for_borrow_into
        PASS [   1.571s] rust_verify_test::ProveChap19ArraySeqStEph chap19_arrayseqsteph_for_consume
        PASS [   1.472s] rust_verify_test::ProveChap19ArraySeqStEph chap19_arrayseqsteph_loop_borrow_into
        PASS [   1.886s] rust_verify_test::ProveChap19ArraySeqStEph chap19_arrayseqsteph_for_borrow_iter
        PASS [   1.530s] rust_verify_test::ProveChap19ArraySeqStEph chap19_arrayseqsteph_loop_consume
        PASS [   1.629s] rust_verify_test::ProveChap19ArraySeqStEph chap19_arrayseqsteph_loop_borrow_iter
        PASS [   1.582s] rust_verify_test::ProveChap19ArraySeqStPer chap19_arrayseqstper_for_borrow_into
        PASS [   1.467s] rust_verify_test::ProveChap19ArraySeqStPer chap19_arrayseqstper_for_borrow_iter
        PASS [   1.481s] rust_verify_test::ProveChap19ArraySeqStPer chap19_arrayseqstper_for_consume
        PASS [   1.487s] rust_verify_test::ProveChap19ArraySeqStPer chap19_arrayseqstper_loop_borrow_into
        PASS [   1.465s] rust_verify_test::ProveChap19ArraySeqStPer chap19_arrayseqstper_loop_borrow_iter
        PASS [   1.568s] rust_verify_test::ProveKleeneStPer kleene_alphabet
        PASS [   1.651s] rust_verify_test::ProveChap19ArraySeqStPer chap19_arrayseqstper_loop_consume
        PASS [   1.483s] rust_verify_test::ProveKleeneStPer kleene_mem_plus
        PASS [   1.498s] rust_verify_test::ProveLinkedListStEph linkedliststeph_for_iter
        PASS [   1.472s] rust_verify_test::ProveLinkedListStEph linkedliststeph_loop_loop
        PASS [   1.775s] rust_verify_test::ProveKleeneStPer kleene_mem_star
        PASS [   1.461s] rust_verify_test::ProveLinkedListStPer linkedliststper_for_iter
        PASS [   1.442s] rust_verify_test::ProveLinkedListStPer linkedliststper_loop_loop
        PASS [   1.536s] rust_verify_test::ProveMathSeq mathseq_for_borrow_into
        PASS [   1.456s] rust_verify_test::ProveMathSeq mathseq_for_consume
        PASS [   1.573s] rust_verify_test::ProveMathSeq mathseq_for_borrow_iter
        PASS [   1.386s] rust_verify_test::ProveMathSeq mathseq_loop_borrow_into
        PASS [   1.429s] rust_verify_test::ProveMathSeq mathseq_loop_consume
        PASS [   1.478s] rust_verify_test::ProveMathSeq mathseq_loop_borrow_iter
        PASS [   1.494s] rust_verify_test::ProveOrderedSetStEph chap43_orderedsetsteph_for_borrow_into
        PASS [   1.470s] rust_verify_test::ProveOrderedSetStEph chap43_orderedsetsteph_for_borrow_iter
        PASS [   1.470s] rust_verify_test::ProveOrderedSetStEph chap43_orderedsetsteph_loop_borrow_iter
        PASS [   1.579s] rust_verify_test::ProveOrderedSetStEph chap43_orderedsetsteph_loop_borrow_into
        PASS [   1.599s] rust_verify_test::ProveOrderedTableStEph chap43_orderedtablesteph_for_borrow_iter
        PASS [   1.646s] rust_verify_test::ProveOrderedTableStEph chap43_orderedtablesteph_for_borrow_into
        PASS [   1.484s] rust_verify_test::ProveOrderedTableStEph chap43_orderedtablesteph_loop_borrow_into
        PASS [   1.491s] rust_verify_test::ProveOrderedTableStEph chap43_orderedtablesteph_loop_borrow_iter
        PASS [   1.671s] rust_verify_test::ProveOrderedTableStPer chap43_orderedtablestper_for_borrow_iter
        PASS [   1.757s] rust_verify_test::ProveOrderedTableStPer chap43_orderedtablestper_for_borrow_into
        PASS [   1.541s] rust_verify_test::ProveOrderedTableStPer chap43_orderedtablestper_loop_borrow_into
        PASS [   1.663s] rust_verify_test::ProveOrderedTableStPer chap43_orderedtablestper_loop_borrow_iter
        PASS [   1.592s] rust_verify_test::ProvePrimTreeSeqStPer primtreeseq_for_borrow_into
        PASS [   1.706s] rust_verify_test::ProvePrimTreeSeqStPer primtreeseq_for_borrow_iter
        PASS [   1.697s] rust_verify_test::ProvePrimTreeSeqStPer primtreeseq_loop_borrow_into
        PASS [   1.909s] rust_verify_test::ProvePrimTreeSeqStPer primtreeseq_for_consume
        PASS [   1.954s] rust_verify_test::ProvePrimTreeSeqStPer primtreeseq_loop_borrow_iter
        PASS [   1.862s] rust_verify_test::ProvePrimTreeSeqStPer primtreeseq_loop_consume
        PASS [   2.053s] rust_verify_test::ProveSetMtEph set_mt_eph_for_borrow_into
        PASS [   2.097s] rust_verify_test::ProveSetMtEph set_mt_eph_for_borrow_iter
        PASS [   1.936s] rust_verify_test::Provedeep_view_standard deep_view_standard_for_consume
        PASS [   2.252s] rust_verify_test::ProveSetMtEph set_mt_eph_loop_borrow_iter
        PASS [   2.145s] rust_verify_test::Provedeep_view_standard deep_view_standard_for_borrow_into
        PASS [   2.269s] rust_verify_test::Provedeep_view_standard deep_view_standard_for_borrow_iter
        PASS [   2.083s] rust_verify_test::Provedeep_view_standard deep_view_standard_loop_borrow_into
        PASS [   1.887s] rust_verify_test::Provedeep_view_standard deep_view_standard_loop_borrow_iter
        PASS [   1.973s] rust_verify_test::Provedeep_view_standard deep_view_standard_loop_consume
        PASS [   2.076s] rust_verify_test::Provedeep_view_standard deep_view_standard_simple
        PASS [   2.020s] rust_verify_test::Proveiterators_standard iterators_standard_for_borrow_into
        PASS [   2.122s] rust_verify_test::Proveiterators_standard iterators_standard_for_borrow_iter
        PASS [   1.600s] rust_verify_test::Proveiterators_standard iterators_standard_loop_borrow_into
        PASS [   1.769s] rust_verify_test::Proveiterators_standard iterators_standard_for_consume
        PASS [   1.469s] rust_verify_test::Proveiterators_standard iterators_standard_loop_borrow_iter
        PASS [   1.540s] rust_verify_test::Proveiterators_standard iterators_standard_loop_consume
        PASS [   1.575s] rust_verify_test::Provemod_standard mod_standard_for_borrow_into
        PASS [   1.555s] rust_verify_test::Provemod_standard mod_standard_for_borrow_iter
        PASS [   1.362s] rust_verify_test::Provemod_standard mod_standard_loop_borrow_into
        PASS [   1.511s] rust_verify_test::Provemod_standard mod_standard_for_consume
        PASS [   1.547s] rust_verify_test::Provemod_standard mod_standard_loop_borrow_iter
        PASS [   1.398s] rust_verify_test::Provetable_of_contents_standard toc_standard_for_borrow_into
        PASS [   1.481s] rust_verify_test::Provemod_standard mod_standard_loop_consume
        PASS [   1.467s] rust_verify_test::Provetable_of_contents_standard toc_standard_for_borrow_iter
        PASS [   1.378s] rust_verify_test::Provetable_of_contents_standard toc_standard_loop_borrow_into
        PASS [   1.491s] rust_verify_test::Provetable_of_contents_standard toc_standard_for_consume
        PASS [   1.406s] rust_verify_test::Provetable_of_contents_standard toc_standard_loop_borrow_iter
        PASS [   1.399s] rust_verify_test::Provetable_of_contents_standard toc_standard_loop_consume
        PASS [   1.433s] rust_verify_test::Proveusing_closures_standard closures_ghost_spec_fn
        PASS [   1.452s] rust_verify_test::Proveusing_closures_standard closures_inline_requires_ensures
        PASS [   1.338s] rust_verify_test::Proveusing_closures_standard closures_let_bind_ensures
        PASS [   1.419s] rust_verify_test::Proveusing_closures_standard closures_map_apply
        PASS [   1.465s] rust_verify_test::Proveview_standard view_standard_collection
        PASS [   1.399s] rust_verify_test::Proveview_standard view_standard_for_borrow_into
        PASS [   1.488s] rust_verify_test::Proveview_standard view_standard_for_borrow_iter
        PASS [   1.376s] rust_verify_test::Proveview_standard view_standard_for_consume
        PASS [   1.371s] rust_verify_test::Proveview_standard view_standard_loop_borrow_iter
        PASS [   1.490s] rust_verify_test::Proveview_standard view_standard_loop_borrow_into
        PASS [   1.354s] rust_verify_test::Proveview_standard view_standard_loop_consume
        PASS [   1.407s] rust_verify_test::Proveview_standard view_standard_simple
        PASS [   1.549s] rust_verify_test::Provewrapping_iterators_standard wrapping_for_borrow_into
        PASS [   1.480s] rust_verify_test::Provewrapping_iterators_standard wrapping_for_borrow_iter
        PASS [   1.405s] rust_verify_test::Provewrapping_iterators_standard wrapping_loop_borrow_iter
        PASS [   1.431s] rust_verify_test::Provewrapping_iterators_standard wrapping_loop_borrow_into
        PASS [   1.537s] rust_verify_test::RelationStEph relation_st_eph_for_iter
        PASS [   1.501s] rust_verify_test::RelationStEph relation_st_eph_loop_loop
        PASS [   1.669s] rust_verify_test::SetMtEph set_mt_eph_for_iter
        PASS [   1.551s] rust_verify_test::SetMtEph set_mt_eph_from_vec
        PASS [   1.518s] rust_verify_test::SetStEph set_st_eph_for_iter
        PASS [   1.522s] rust_verify_test::SetMtEph set_mt_eph_loop_loop
        PASS [   1.450s] rust_verify_test::SetStEph set_st_eph_from_vec
        PASS [   1.500s] rust_verify_test::SetStEph set_st_eph_loop_loop
        PASS [   1.335s] rust_verify_test::prove_MathSeq_iters mathseq_iter_consuming
        PASS [   1.368s] rust_verify_test::prove_MathSeq_iters mathseq_iter_nested
        PASS [   1.238s] rust_verify_test::prove_MathSeq_iters mathseq_iter_range
────────────
     Summary [  41.090s] 157 tests run: 157 passed, 0 skipped
Elapsed: 180s
