verification results:: 4912 verified, 0 errors
    Finished `release` profile [optimized] target(s) in 0.04s
────────────
 Nextest run ID 0e03095b-404a-4747-9ffb-05de52a3b4a8 with nextest profile: default
    Starting 157 tests across 37 binaries
        PASS [   1.196s] rust_verify_test::HashSetWithViewPlus hash_set_wvp_for_iter
        PASS [   1.233s] rust_verify_test::HashMapWithViewPlus hash_map_wvp_for_iter
        PASS [   1.241s] rust_verify_test::HashSetWithViewPlus hash_set_wvp_loop_loop
        PASS [   1.245s] rust_verify_test::HashMapWithViewPlus hash_map_wvp_loop_loop
        PASS [   1.392s] rust_verify_test::MappingStEph mapping_st_eph_loop_loop
        PASS [   1.404s] rust_verify_test::MappingStEph mapping_st_eph_for_iter
        PASS [   1.261s] rust_verify_test::ProveAVLTreeSeq avltreeseq_for_borrow_iter
        PASS [   1.242s] rust_verify_test::ProveAVLTreeSetMtEph avltreesetmteph_for_borrow_into
        PASS [   1.369s] rust_verify_test::ProveAVLTreeSeq avltreeseq_loop_borrow_iter
        PASS [   1.410s] rust_verify_test::ProveAVLTreeSetMtEph avltreesetmteph_for_borrow_iter
        PASS [   1.280s] rust_verify_test::ProveAVLTreeSetMtEph avltreesetmteph_loop_borrow_iter
        PASS [   1.387s] rust_verify_test::ProveArraySeq arrayseq_filter
        PASS [   1.172s] rust_verify_test::ProveArraySeq arrayseq_iterate
        PASS [   1.235s] rust_verify_test::ProveArraySeq arrayseq_for_iter
        PASS [   1.258s] rust_verify_test::ProveArraySeq arrayseq_iterate_prefixes
        PASS [   1.268s] rust_verify_test::ProveArraySeq arrayseq_map
        PASS [   1.320s] rust_verify_test::ProveArraySeq arrayseq_loop_loop
        PASS [   1.690s] rust_verify_test::ProveArraySeq arrayseq_reduce
        PASS [   1.173s] rust_verify_test::ProveArraySeq arrayseq_tabulate
        PASS [   1.451s] rust_verify_test::ProveArraySeq arrayseq_scan_inclusive
        PASS [   1.517s] rust_verify_test::ProveArraySeq arrayseq_scan
        PASS [   1.266s] rust_verify_test::ProveArraySeqMtEph arrayseqmteph_loop_loop
        PASS [   1.599s] rust_verify_test::ProveArraySeqMtEph arrayseqmteph_for_iter
        PASS [   1.537s] rust_verify_test::ProveArraySeqMtPer arrayseqmtper_for_iter
        PASS [   1.285s] rust_verify_test::ProveArraySeqMtPer arrayseqmtper_loop_loop
        PASS [   1.333s] rust_verify_test::ProveArraySeqStEph arrayseqsteph_for_borrow_into
        PASS [   1.304s] rust_verify_test::ProveArraySeqStEph arrayseqsteph_for_borrow_iter
        PASS [   1.368s] rust_verify_test::ProveArraySeqStEph arrayseqsteph_for_consume
        PASS [   1.658s] rust_verify_test::ProveArraySeqStEph arrayseqsteph_loop_borrow_into
        PASS [   1.405s] rust_verify_test::ProveArraySeqStEph arrayseqsteph_loop_borrow_iter
        PASS [   1.327s] rust_verify_test::ProveArraySeqStEph arrayseqsteph_loop_consume
        PASS [   1.321s] rust_verify_test::ProveArraySeqStPer arrayseqstper_loop_loop
        PASS [   1.330s] rust_verify_test::ProveArraySeqStPer arrayseqstper_for_iter
        PASS [   1.373s] rust_verify_test::ProveBFSMtEph chap54_bfsmteph_bottom_up_loop
        PASS [   1.314s] rust_verify_test::ProveBFSMtEph chap54_bfsmteph_top_down_loop
        PASS [   1.358s] rust_verify_test::ProveBFSStEph chap54_bfssteph_bottom_up_loop
        PASS [   1.219s] rust_verify_test::ProveBFSStEph chap54_bfssteph_top_down_loop
        PASS [   1.361s] rust_verify_test::ProveBalBinTreeStEph balbintree_for_postorder
        PASS [   1.456s] rust_verify_test::ProveBalBinTreeStEph balbintree_for_preorder
        PASS [   1.666s] rust_verify_test::ProveBalBinTreeStEph balbintree_for_inorder
        PASS [   1.338s] rust_verify_test::ProveBalBinTreeStEph balbintree_inorder_spec_match
        PASS [   1.201s] rust_verify_test::ProveBalBinTreeStEph balbintree_leaf_traversals_empty
        PASS [   1.351s] rust_verify_test::ProveBalBinTreeStEph balbintree_leaf_iter_exhausted
        PASS [   1.669s] rust_verify_test::ProveBalBinTreeStEph balbintree_loop_inorder
        PASS [   1.815s] rust_verify_test::ProveBalBinTreeStEph balbintree_loop_postorder
        PASS [   2.163s] rust_verify_test::ProveBalBinTreeStEph balbintree_loop_preorder
        PASS [   2.182s] rust_verify_test::ProveBalBinTreeStEph balbintree_postorder_spec_match
        PASS [   2.421s] rust_verify_test::ProveBalBinTreeStEph balbintree_preorder_spec_match
        PASS [   2.560s] rust_verify_test::ProveChap19ArraySeqMtEph chap19_arrayseqmteph_for_borrow_into
        PASS [   2.302s] rust_verify_test::ProveChap19ArraySeqMtEph chap19_arrayseqmteph_for_borrow_iter
        PASS [   1.989s] rust_verify_test::ProveChap19ArraySeqMtEph chap19_arrayseqmteph_for_consume
        PASS [   1.812s] rust_verify_test::ProveChap19ArraySeqMtEph chap19_arrayseqmteph_loop_borrow_into
        PASS [   1.758s] rust_verify_test::ProveChap19ArraySeqMtEph chap19_arrayseqmteph_loop_borrow_iter
        PASS [   1.439s] rust_verify_test::ProveChap19ArraySeqMtEphSlice slice_for_borrow_into
        PASS [   1.761s] rust_verify_test::ProveChap19ArraySeqMtEph chap19_arrayseqmteph_loop_consume
        PASS [   1.581s] rust_verify_test::ProveChap19ArraySeqMtEphSlice slice_iter_over_subslice
        PASS [   1.785s] rust_verify_test::ProveChap19ArraySeqMtEphSlice slice_for_borrow_iter
        PASS [   1.692s] rust_verify_test::ProveChap19ArraySeqMtEphSlice slice_loop_borrow_iter
        PASS [   1.744s] rust_verify_test::ProveChap19ArraySeqMtEphSlice slice_operations
        PASS [   1.685s] rust_verify_test::ProveChap19ArraySeqStEph chap19_arrayseqsteph_for_borrow_iter
        PASS [   2.019s] rust_verify_test::ProveChap19ArraySeqStEph chap19_arrayseqsteph_for_borrow_into
        PASS [   1.467s] rust_verify_test::ProveChap19ArraySeqStEph chap19_arrayseqsteph_for_consume
        PASS [   1.485s] rust_verify_test::ProveChap19ArraySeqStEph chap19_arrayseqsteph_loop_borrow_into
        PASS [   1.409s] rust_verify_test::ProveChap19ArraySeqStEph chap19_arrayseqsteph_loop_borrow_iter
        PASS [   1.367s] rust_verify_test::ProveChap19ArraySeqStEph chap19_arrayseqsteph_loop_consume
        PASS [   1.334s] rust_verify_test::ProveChap19ArraySeqStPer chap19_arrayseqstper_for_borrow_into
        PASS [   1.338s] rust_verify_test::ProveChap19ArraySeqStPer chap19_arrayseqstper_for_borrow_iter
        PASS [   1.250s] rust_verify_test::ProveChap19ArraySeqStPer chap19_arrayseqstper_for_consume
        PASS [   1.209s] rust_verify_test::ProveChap19ArraySeqStPer chap19_arrayseqstper_loop_borrow_into
        PASS [   1.234s] rust_verify_test::ProveChap19ArraySeqStPer chap19_arrayseqstper_loop_borrow_iter
        PASS [   1.318s] rust_verify_test::ProveChap19ArraySeqStPer chap19_arrayseqstper_loop_consume
        PASS [   1.191s] rust_verify_test::ProveKleeneStPer kleene_alphabet
        PASS [   1.246s] rust_verify_test::ProveKleeneStPer kleene_mem_plus
        PASS [   1.216s] rust_verify_test::ProveKleeneStPer kleene_mem_star
        PASS [   1.277s] rust_verify_test::ProveLinkedListStEph linkedliststeph_for_iter
        PASS [   1.204s] rust_verify_test::ProveLinkedListStEph linkedliststeph_loop_loop
        PASS [   1.203s] rust_verify_test::ProveLinkedListStPer linkedliststper_for_iter
        PASS [   1.294s] rust_verify_test::ProveLinkedListStPer linkedliststper_loop_loop
        PASS [   1.319s] rust_verify_test::ProveMathSeq mathseq_for_borrow_into
        PASS [   1.299s] rust_verify_test::ProveMathSeq mathseq_for_borrow_iter
        PASS [   1.275s] rust_verify_test::ProveMathSeq mathseq_for_consume
        PASS [   1.278s] rust_verify_test::ProveMathSeq mathseq_loop_borrow_into
        PASS [   1.330s] rust_verify_test::ProveMathSeq mathseq_loop_borrow_iter
        PASS [   1.253s] rust_verify_test::ProveMathSeq mathseq_loop_consume
        PASS [   1.279s] rust_verify_test::ProveOrderedSetStEph chap43_orderedsetsteph_for_borrow_into
        PASS [   1.335s] rust_verify_test::ProveOrderedSetStEph chap43_orderedsetsteph_for_borrow_iter
        PASS [   1.215s] rust_verify_test::ProveOrderedSetStEph chap43_orderedsetsteph_loop_borrow_iter
        PASS [   1.685s] rust_verify_test::ProveOrderedSetStEph chap43_orderedsetsteph_loop_borrow_into
        PASS [   1.468s] rust_verify_test::ProveOrderedTableStEph chap43_orderedtablesteph_for_borrow_into
        PASS [   1.360s] rust_verify_test::ProveOrderedTableStEph chap43_orderedtablesteph_for_borrow_iter
        PASS [   1.333s] rust_verify_test::ProveOrderedTableStEph chap43_orderedtablesteph_loop_borrow_iter
        PASS [   1.398s] rust_verify_test::ProveOrderedTableStEph chap43_orderedtablesteph_loop_borrow_into
        PASS [   1.479s] rust_verify_test::ProveOrderedTableStPer chap43_orderedtablestper_for_borrow_into
        PASS [   1.411s] rust_verify_test::ProveOrderedTableStPer chap43_orderedtablestper_for_borrow_iter
        PASS [   1.296s] rust_verify_test::ProveOrderedTableStPer chap43_orderedtablestper_loop_borrow_into
        PASS [   1.289s] rust_verify_test::ProveOrderedTableStPer chap43_orderedtablestper_loop_borrow_iter
        PASS [   1.336s] rust_verify_test::ProvePrimTreeSeqStPer primtreeseq_for_borrow_into
        PASS [   1.195s] rust_verify_test::ProvePrimTreeSeqStPer primtreeseq_for_consume
        PASS [   1.464s] rust_verify_test::ProvePrimTreeSeqStPer primtreeseq_for_borrow_iter
        PASS [   1.246s] rust_verify_test::ProvePrimTreeSeqStPer primtreeseq_loop_borrow_into
        PASS [   1.365s] rust_verify_test::ProvePrimTreeSeqStPer primtreeseq_loop_borrow_iter
        PASS [   1.298s] rust_verify_test::ProvePrimTreeSeqStPer primtreeseq_loop_consume
        PASS [   1.384s] rust_verify_test::ProveSetMtEph set_mt_eph_for_borrow_into
        PASS [   1.255s] rust_verify_test::ProveSetMtEph set_mt_eph_loop_borrow_iter
        PASS [   1.360s] rust_verify_test::ProveSetMtEph set_mt_eph_for_borrow_iter
        PASS [   1.240s] rust_verify_test::Provedeep_view_standard deep_view_standard_for_borrow_into
        PASS [   1.258s] rust_verify_test::Provedeep_view_standard deep_view_standard_for_consume
        PASS [   1.380s] rust_verify_test::Provedeep_view_standard deep_view_standard_for_borrow_iter
        PASS [   1.170s] rust_verify_test::Provedeep_view_standard deep_view_standard_loop_borrow_iter
        PASS [   1.200s] rust_verify_test::Provedeep_view_standard deep_view_standard_loop_borrow_into
        PASS [   1.244s] rust_verify_test::Provedeep_view_standard deep_view_standard_loop_consume
        PASS [   1.343s] rust_verify_test::Provedeep_view_standard deep_view_standard_simple
        PASS [   1.282s] rust_verify_test::Proveiterators_standard iterators_standard_for_borrow_iter
        PASS [   1.365s] rust_verify_test::Proveiterators_standard iterators_standard_for_borrow_into
        PASS [   1.209s] rust_verify_test::Proveiterators_standard iterators_standard_for_consume
        PASS [   1.195s] rust_verify_test::Proveiterators_standard iterators_standard_loop_borrow_into
        PASS [   1.391s] rust_verify_test::Proveiterators_standard iterators_standard_loop_borrow_iter
        PASS [   1.287s] rust_verify_test::Proveiterators_standard iterators_standard_loop_consume
        PASS [   1.212s] rust_verify_test::Provemod_standard mod_standard_for_borrow_iter
        PASS [   1.339s] rust_verify_test::Provemod_standard mod_standard_for_borrow_into
        PASS [   1.181s] rust_verify_test::Provemod_standard mod_standard_loop_borrow_into
        PASS [   1.214s] rust_verify_test::Provemod_standard mod_standard_for_consume
        PASS [   1.215s] rust_verify_test::Provemod_standard mod_standard_loop_borrow_iter
        PASS [   1.224s] rust_verify_test::Provemod_standard mod_standard_loop_consume
        PASS [   1.285s] rust_verify_test::Provetable_of_contents_standard toc_standard_for_borrow_into
        PASS [   1.176s] rust_verify_test::Provetable_of_contents_standard toc_standard_loop_borrow_into
        PASS [   1.385s] rust_verify_test::Provetable_of_contents_standard toc_standard_for_borrow_iter
        PASS [   1.364s] rust_verify_test::Provetable_of_contents_standard toc_standard_for_consume
        PASS [   1.225s] rust_verify_test::Provetable_of_contents_standard toc_standard_loop_borrow_iter
        PASS [   1.206s] rust_verify_test::Provetable_of_contents_standard toc_standard_loop_consume
        PASS [   1.201s] rust_verify_test::Proveusing_closures_standard closures_ghost_spec_fn
        PASS [   1.238s] rust_verify_test::Proveusing_closures_standard closures_let_bind_ensures
        PASS [   1.355s] rust_verify_test::Proveusing_closures_standard closures_inline_requires_ensures
        PASS [   1.217s] rust_verify_test::Proveusing_closures_standard closures_map_apply
        PASS [   1.185s] rust_verify_test::Proveview_standard view_standard_collection
        PASS [   1.260s] rust_verify_test::Proveview_standard view_standard_for_borrow_into
        PASS [   1.264s] rust_verify_test::Proveview_standard view_standard_for_borrow_iter
        PASS [   1.250s] rust_verify_test::Proveview_standard view_standard_for_consume
        PASS [   1.360s] rust_verify_test::Proveview_standard view_standard_loop_borrow_iter
        PASS [   1.397s] rust_verify_test::Proveview_standard view_standard_loop_borrow_into
        PASS [   1.220s] rust_verify_test::Proveview_standard view_standard_loop_consume
        PASS [   1.291s] rust_verify_test::Proveview_standard view_standard_simple
        PASS [   1.220s] rust_verify_test::Provewrapping_iterators_standard wrapping_for_borrow_into
        PASS [   1.291s] rust_verify_test::Provewrapping_iterators_standard wrapping_for_borrow_iter
        PASS [   1.210s] rust_verify_test::Provewrapping_iterators_standard wrapping_loop_borrow_iter
        PASS [   1.258s] rust_verify_test::Provewrapping_iterators_standard wrapping_loop_borrow_into
        PASS [   1.593s] rust_verify_test::RelationStEph relation_st_eph_for_iter
        PASS [   1.290s] rust_verify_test::RelationStEph relation_st_eph_loop_loop
        PASS [   1.319s] rust_verify_test::SetMtEph set_mt_eph_for_iter
        PASS [   1.312s] rust_verify_test::SetMtEph set_mt_eph_from_vec
        PASS [   1.411s] rust_verify_test::SetMtEph set_mt_eph_loop_loop
        PASS [   1.406s] rust_verify_test::SetStEph set_st_eph_for_iter
        PASS [   1.287s] rust_verify_test::SetStEph set_st_eph_from_vec
        PASS [   1.308s] rust_verify_test::SetStEph set_st_eph_loop_loop
        PASS [   1.131s] rust_verify_test::prove_MathSeq_iters mathseq_iter_consuming
        PASS [   1.122s] rust_verify_test::prove_MathSeq_iters mathseq_iter_nested
        PASS [   1.089s] rust_verify_test::prove_MathSeq_iters mathseq_iter_range
────────────
     Summary [  36.683s] 157 tests run: 157 passed, 0 skipped
Elapsed: 135s
