verification results:: 5684 verified, 0 errors
    Finished `release` profile [optimized] target(s) in 0.05s
────────────
 Nextest run ID 24ee7c49-6b31-432b-99e0-babceff9c871 with nextest profile: default
    Starting 221 tests across 48 binaries
        PASS [   1.660s] rust_verify_test::HashSetWithViewPlus hash_set_wvp_loop_loop
        PASS [   1.769s] rust_verify_test::HashMapWithViewPlus hash_map_wvp_for_iter
        PASS [   1.850s] rust_verify_test::HashMapWithViewPlus hash_map_wvp_loop_loop
        PASS [   1.964s] rust_verify_test::MappingStEph mapping_st_eph_loop_loop
        PASS [   2.021s] rust_verify_test::MappingStEph mapping_st_eph_for_iter
        PASS [   2.073s] rust_verify_test::HashSetWithViewPlus hash_set_wvp_for_iter
        PASS [   1.781s] rust_verify_test::ProveAVLTreeSeq avltreeseq_for_borrow_into
        PASS [   1.724s] rust_verify_test::ProveAVLTreeSeq avltreeseq_for_borrow_iter
        PASS [   1.669s] rust_verify_test::ProveAVLTreeSeq avltreeseq_loop_borrow_into
        PASS [   1.692s] rust_verify_test::ProveAVLTreeSeq avltreeseq_loop_borrow_iter
        PASS [   1.748s] rust_verify_test::ProveAVLTreeSeqMtPer avltreeseqmtper_for_borrow_into
        PASS [   1.825s] rust_verify_test::ProveAVLTreeSeqMtPer avltreeseqmtper_for_borrow_iter
        PASS [   1.706s] rust_verify_test::ProveAVLTreeSeqMtPer avltreeseqmtper_loop_borrow_into
        PASS [   1.719s] rust_verify_test::ProveAVLTreeSeqMtPer avltreeseqmtper_loop_borrow_iter
        PASS [   1.818s] rust_verify_test::ProveAVLTreeSeqStEph avltreeseqsteph_for_borrow_into
        PASS [   1.707s] rust_verify_test::ProveAVLTreeSeqStEph avltreeseqsteph_loop_borrow_into
        PASS [   1.994s] rust_verify_test::ProveAVLTreeSeqStEph avltreeseqsteph_for_borrow_iter
        PASS [   1.863s] rust_verify_test::ProveAVLTreeSeqStEph avltreeseqsteph_loop_borrow_iter
        PASS [   1.731s] rust_verify_test::ProveAVLTreeSeqStPer avltreeseqstper_for_borrow_into
        PASS [   1.738s] rust_verify_test::ProveAVLTreeSeqStPer avltreeseqstper_for_borrow_iter
        PASS [   1.660s] rust_verify_test::ProveAVLTreeSeqStPer avltreeseqstper_loop_borrow_into
        PASS [   1.654s] rust_verify_test::ProveAVLTreeSeqStPer avltreeseqstper_loop_borrow_iter
        PASS [   1.617s] rust_verify_test::ProveAVLTreeSetMtEph avltreesetmteph_for_borrow_into
        PASS [   1.830s] rust_verify_test::ProveAVLTreeSetMtEph avltreesetmteph_for_borrow_iter
        PASS [   1.743s] rust_verify_test::ProveAVLTreeSetMtEph avltreesetmteph_loop_borrow_into
        PASS [   1.730s] rust_verify_test::ProveAVLTreeSetMtEph avltreesetmteph_loop_borrow_iter
        PASS [   1.704s] rust_verify_test::ProveArraySeq arrayseq_filter
        PASS [   1.689s] rust_verify_test::ProveArraySeq arrayseq_for_iter
        PASS [   1.926s] rust_verify_test::ProveArraySeq arrayseq_iterate
        PASS [   1.748s] rust_verify_test::ProveArraySeq arrayseq_iterate_prefixes
        PASS [   2.062s] rust_verify_test::ProveArraySeq arrayseq_map
        PASS [   2.148s] rust_verify_test::ProveArraySeq arrayseq_reduce
        PASS [   2.249s] rust_verify_test::ProveArraySeq arrayseq_loop_loop
        PASS [   2.075s] rust_verify_test::ProveArraySeq arrayseq_tabulate
        PASS [   2.649s] rust_verify_test::ProveArraySeq arrayseq_scan
        PASS [   2.545s] rust_verify_test::ProveArraySeq arrayseq_scan_inclusive
        PASS [   2.165s] rust_verify_test::ProveArraySeqMtEph arrayseqmteph_for_borrow_into
        PASS [   2.188s] rust_verify_test::ProveArraySeqMtEph arrayseqmteph_for_consume
        PASS [   2.270s] rust_verify_test::ProveArraySeqMtEph arrayseqmteph_for_iter
        PASS [   2.387s] rust_verify_test::ProveArraySeqMtEph arrayseqmteph_loop_consume
        PASS [   2.463s] rust_verify_test::ProveArraySeqMtEph arrayseqmteph_loop_borrow_into
        PASS [   2.140s] rust_verify_test::ProveArraySeqMtEph arrayseqmteph_loop_loop
        PASS [   2.302s] rust_verify_test::ProveArraySeqMtPer arrayseqmtper_for_borrow_into
        PASS [   2.290s] rust_verify_test::ProveArraySeqMtPer arrayseqmtper_for_consume
        PASS [   2.329s] rust_verify_test::ProveArraySeqMtPer arrayseqmtper_for_iter
        PASS [   2.285s] rust_verify_test::ProveArraySeqMtPer arrayseqmtper_loop_loop
        PASS [   2.305s] rust_verify_test::ProveArraySeqMtPer arrayseqmtper_loop_consume
        PASS [   2.330s] rust_verify_test::ProveArraySeqMtPer arrayseqmtper_loop_borrow_into
        PASS [   2.375s] rust_verify_test::ProveArraySeqStEph arrayseqsteph_for_borrow_into
        PASS [   2.313s] rust_verify_test::ProveArraySeqStEph arrayseqsteph_for_borrow_iter
        PASS [   2.228s] rust_verify_test::ProveArraySeqStEph arrayseqsteph_for_consume
        PASS [   2.161s] rust_verify_test::ProveArraySeqStEph arrayseqsteph_loop_borrow_iter
        PASS [   2.398s] rust_verify_test::ProveArraySeqStEph arrayseqsteph_loop_borrow_into
        PASS [   2.408s] rust_verify_test::ProveArraySeqStEph arrayseqsteph_loop_consume
        PASS [   2.305s] rust_verify_test::ProveBFSMtEph chap54_bfsmteph_bottom_up_for
        PASS [   2.495s] rust_verify_test::ProveArraySeqStPer arrayseqstper_loop_loop
        PASS [   2.594s] rust_verify_test::ProveArraySeqStPer arrayseqstper_for_iter
        PASS [   2.038s] rust_verify_test::ProveBFSMtEph chap54_bfsmteph_top_down_for
        PASS [   2.355s] rust_verify_test::ProveBFSMtEph chap54_bfsmteph_bottom_up_loop
        PASS [   2.375s] rust_verify_test::ProveBFSMtEph chap54_bfsmteph_top_down_loop
        PASS [   2.423s] rust_verify_test::ProveBFSStEph chap54_bfssteph_bottom_up_for
        PASS [   2.316s] rust_verify_test::ProveBFSStEph chap54_bfssteph_bottom_up_loop
        PASS [   2.351s] rust_verify_test::ProveBFSStEph chap54_bfssteph_top_down_for
        PASS [   2.123s] rust_verify_test::ProveBFSStEph chap54_bfssteph_top_down_loop
        PASS [   2.559s] rust_verify_test::ProveBSTSetAVLMtEph bstsetavlmteph_for_borrow_into
        PASS [   2.451s] rust_verify_test::ProveBSTSetAVLMtEph bstsetavlmteph_for_borrow_iter
        PASS [   2.087s] rust_verify_test::ProveBSTSetAVLMtEph bstsetavlmteph_loop_borrow_iter
        PASS [   2.198s] rust_verify_test::ProveBSTSetAVLMtEph bstsetavlmteph_loop_consume
        PASS [   2.533s] rust_verify_test::ProveBSTSetAVLMtEph bstsetavlmteph_for_consume
        PASS [   2.549s] rust_verify_test::ProveBSTSetAVLMtEph bstsetavlmteph_loop_borrow_into
        PASS [   2.464s] rust_verify_test::ProveBSTSetBBAlphaMtEph bstsetbbalphamteph_for_borrow_into
        PASS [   2.427s] rust_verify_test::ProveBSTSetBBAlphaMtEph bstsetbbalphamteph_for_borrow_iter
        PASS [   2.297s] rust_verify_test::ProveBSTSetBBAlphaMtEph bstsetbbalphamteph_loop_borrow_into
        PASS [   2.517s] rust_verify_test::ProveBSTSetBBAlphaMtEph bstsetbbalphamteph_loop_borrow_iter
        PASS [   2.474s] rust_verify_test::ProveBSTSetPlainMtEph bstsetplainmteph_for_borrow_iter
        PASS [   2.699s] rust_verify_test::ProveBSTSetPlainMtEph bstsetplainmteph_for_borrow_into
        PASS [   2.583s] rust_verify_test::ProveBSTSetPlainMtEph bstsetplainmteph_loop_borrow_into
        PASS [   2.512s] rust_verify_test::ProveBSTSetPlainMtEph bstsetplainmteph_loop_borrow_iter
        PASS [   2.319s] rust_verify_test::ProveBSTSetRBMtEph bstsetrbmteph_for_borrow_into
        PASS [   2.354s] rust_verify_test::ProveBSTSetRBMtEph bstsetrbmteph_for_borrow_iter
        PASS [   2.456s] rust_verify_test::ProveBSTSetRBMtEph bstsetrbmteph_for_consume
        PASS [   2.557s] rust_verify_test::ProveBSTSetRBMtEph bstsetrbmteph_loop_borrow_into
        PASS [   2.384s] rust_verify_test::ProveBSTSetRBMtEph bstsetrbmteph_loop_borrow_iter
        PASS [   2.422s] rust_verify_test::ProveBSTSetRBMtEph bstsetrbmteph_loop_consume
        PASS [   2.512s] rust_verify_test::ProveBSTSetSplayMtEph bstsetsplaymteph_for_borrow_into
        PASS [   2.374s] rust_verify_test::ProveBSTSetSplayMtEph bstsetsplaymteph_for_consume
        PASS [   2.566s] rust_verify_test::ProveBSTSetSplayMtEph bstsetsplaymteph_for_borrow_iter
        PASS [   2.438s] rust_verify_test::ProveBSTSetSplayMtEph bstsetsplaymteph_loop_borrow_into
        PASS [   2.326s] rust_verify_test::ProveBSTSetSplayMtEph bstsetsplaymteph_loop_consume
        PASS [   2.462s] rust_verify_test::ProveBSTSetSplayMtEph bstsetsplaymteph_loop_borrow_iter
        PASS [   2.527s] rust_verify_test::ProveBalBinTreeStEph balbintree_for_inorder
        PASS [   2.338s] rust_verify_test::ProveBalBinTreeStEph balbintree_for_postorder
        PASS [   2.247s] rust_verify_test::ProveBalBinTreeStEph balbintree_inorder_spec_match
        PASS [   2.615s] rust_verify_test::ProveBalBinTreeStEph balbintree_for_preorder
        PASS [   2.302s] rust_verify_test::ProveBalBinTreeStEph balbintree_leaf_iter_exhausted
        PASS [   2.280s] rust_verify_test::ProveBalBinTreeStEph balbintree_leaf_traversals_empty
        PASS [   2.345s] rust_verify_test::ProveBalBinTreeStEph balbintree_loop_inorder
        PASS [   2.295s] rust_verify_test::ProveBalBinTreeStEph balbintree_loop_postorder
        PASS [   2.283s] rust_verify_test::ProveBalBinTreeStEph balbintree_postorder_spec_match
        PASS [   2.500s] rust_verify_test::ProveBalBinTreeStEph balbintree_loop_preorder
        PASS [   2.359s] rust_verify_test::ProveChap19ArraySeqMtEph chap19_arrayseqmteph_for_borrow_into
        PASS [   2.546s] rust_verify_test::ProveBalBinTreeStEph balbintree_preorder_spec_match
        PASS [   2.129s] rust_verify_test::ProveChap19ArraySeqMtEph chap19_arrayseqmteph_for_borrow_iter
        PASS [   2.172s] rust_verify_test::ProveChap19ArraySeqMtEph chap19_arrayseqmteph_loop_borrow_into
        PASS [   2.234s] rust_verify_test::ProveChap19ArraySeqMtEph chap19_arrayseqmteph_loop_borrow_iter
        PASS [   2.711s] rust_verify_test::ProveChap19ArraySeqMtEph chap19_arrayseqmteph_for_consume
        PASS [   2.137s] rust_verify_test::ProveChap19ArraySeqMtEphSlice slice_for_borrow_into
        PASS [   2.536s] rust_verify_test::ProveChap19ArraySeqMtEph chap19_arrayseqmteph_loop_consume
        PASS [   2.262s] rust_verify_test::ProveChap19ArraySeqMtEphSlice slice_for_borrow_iter
        PASS [   2.245s] rust_verify_test::ProveChap19ArraySeqMtEphSlice slice_iter_over_subslice
        PASS [   2.146s] rust_verify_test::ProveChap19ArraySeqMtEphSlice slice_loop_borrow_iter
        PASS [   2.479s] rust_verify_test::ProveChap19ArraySeqMtEphSlice slice_operations
        PASS [   2.156s] rust_verify_test::ProveChap19ArraySeqStEph chap19_arrayseqsteph_for_borrow_iter
        PASS [   2.477s] rust_verify_test::ProveChap19ArraySeqStEph chap19_arrayseqsteph_for_borrow_into
        PASS [   2.460s] rust_verify_test::ProveChap19ArraySeqStEph chap19_arrayseqsteph_for_consume
        PASS [   2.378s] rust_verify_test::ProveChap19ArraySeqStEph chap19_arrayseqsteph_loop_borrow_iter
        PASS [   2.510s] rust_verify_test::ProveChap19ArraySeqStEph chap19_arrayseqsteph_loop_borrow_into
        PASS [   2.451s] rust_verify_test::ProveChap19ArraySeqStEph chap19_arrayseqsteph_loop_consume
        PASS [   2.411s] rust_verify_test::ProveChap19ArraySeqStPer chap19_arrayseqstper_for_borrow_into
        PASS [   2.464s] rust_verify_test::ProveChap19ArraySeqStPer chap19_arrayseqstper_for_borrow_iter
        PASS [   2.480s] rust_verify_test::ProveChap19ArraySeqStPer chap19_arrayseqstper_for_consume
        PASS [   2.293s] rust_verify_test::ProveChap19ArraySeqStPer chap19_arrayseqstper_loop_borrow_into
        PASS [   2.560s] rust_verify_test::ProveChap19ArraySeqStPer chap19_arrayseqstper_loop_borrow_iter
        PASS [   2.387s] rust_verify_test::ProveChap19ArraySeqStPer chap19_arrayseqstper_loop_consume
        PASS [   2.113s] rust_verify_test::ProveKleeneStPer kleene_alphabet
        PASS [   2.616s] rust_verify_test::ProveKleeneStPer kleene_mem_plus
        PASS [   2.352s] rust_verify_test::ProveKleeneStPer kleene_mem_star
        PASS [   2.247s] rust_verify_test::ProveLinkedListStEph linkedliststeph_for_iter
        PASS [   2.286s] rust_verify_test::ProveLinkedListStEph linkedliststeph_loop_loop
        PASS [   2.119s] rust_verify_test::ProveLinkedListStPer linkedliststper_loop_loop
        PASS [   2.255s] rust_verify_test::ProveLinkedListStPer linkedliststper_for_iter
        PASS [   2.324s] rust_verify_test::ProveMathSeq mathseq_for_borrow_into
        PASS [   2.391s] rust_verify_test::ProveMathSeq mathseq_for_borrow_iter
        PASS [   2.288s] rust_verify_test::ProveMathSeq mathseq_for_consume
        PASS [   2.309s] rust_verify_test::ProveMathSeq mathseq_loop_borrow_into
        PASS [   2.404s] rust_verify_test::ProveMathSeq mathseq_loop_borrow_iter
        PASS [   2.515s] rust_verify_test::ProveMathSeq mathseq_loop_consume
        PASS [   2.427s] rust_verify_test::ProveOrderedSetStEph chap43_orderedsetsteph_for_borrow_into
        PASS [   2.540s] rust_verify_test::ProveOrderedSetStEph chap43_orderedsetsteph_for_borrow_iter
        PASS [   2.479s] rust_verify_test::ProveOrderedSetStEph chap43_orderedsetsteph_loop_borrow_into
        PASS [   2.398s] rust_verify_test::ProveOrderedSetStEph chap43_orderedsetsteph_loop_borrow_iter
        PASS [   2.547s] rust_verify_test::ProveOrderedSetStPer chap43_orderedsetstper_for_borrow_iter
        PASS [   2.560s] rust_verify_test::ProveOrderedSetStPer chap43_orderedsetstper_loop_borrow_iter
        PASS [   2.439s] rust_verify_test::ProveOrderedTableMtEph chap43_orderedtablemteph_for_borrow_into
        PASS [   2.380s] rust_verify_test::ProveOrderedTableMtEph chap43_orderedtablemteph_loop_borrow_into
        PASS [   2.754s] rust_verify_test::ProveOrderedTableMtEph chap43_orderedtablemteph_for_borrow_iter
        PASS [   2.332s] rust_verify_test::ProveOrderedTableMtEph chap43_orderedtablemteph_loop_borrow_iter
        PASS [   2.569s] rust_verify_test::ProveOrderedTableStEph chap43_orderedtablesteph_for_borrow_into
        PASS [   2.465s] rust_verify_test::ProveOrderedTableStEph chap43_orderedtablesteph_for_borrow_iter
        PASS [   2.633s] rust_verify_test::ProveOrderedTableStEph chap43_orderedtablesteph_loop_borrow_into
        PASS [   2.558s] rust_verify_test::ProveOrderedTableStEph chap43_orderedtablesteph_loop_borrow_iter
        PASS [   2.589s] rust_verify_test::ProveOrderedTableStPer chap43_orderedtablestper_for_borrow_into
        PASS [   2.574s] rust_verify_test::ProveOrderedTableStPer chap43_orderedtablestper_for_borrow_iter
        PASS [   2.334s] rust_verify_test::ProveOrderedTableStPer chap43_orderedtablestper_loop_borrow_iter
        PASS [   2.493s] rust_verify_test::ProveOrderedTableStPer chap43_orderedtablestper_loop_borrow_into
        PASS [   2.061s] rust_verify_test::ProvePrimTreeSeqStPer primtreeseq_for_borrow_into
        PASS [   2.297s] rust_verify_test::ProvePrimTreeSeqStPer primtreeseq_for_consume
        PASS [   2.651s] rust_verify_test::ProvePrimTreeSeqStPer primtreeseq_for_borrow_iter
        PASS [   2.551s] rust_verify_test::ProvePrimTreeSeqStPer primtreeseq_loop_borrow_into
        PASS [   2.069s] rust_verify_test::ProvePrimTreeSeqStPer primtreeseq_loop_consume
        PASS [   2.504s] rust_verify_test::ProvePrimTreeSeqStPer primtreeseq_loop_borrow_iter
        PASS [   2.398s] rust_verify_test::ProveSetMtEph set_mt_eph_for_borrow_into
        PASS [   2.387s] rust_verify_test::ProveSetMtEph set_mt_eph_for_borrow_iter
        PASS [   2.208s] rust_verify_test::ProveSetMtEph set_mt_eph_loop_borrow_iter
        PASS [   2.447s] rust_verify_test::ProveSetMtEph set_mt_eph_loop_borrow_into
        PASS [   2.415s] rust_verify_test::ProveSetStEph setsteph_for_borrow_into
        PASS [   2.509s] rust_verify_test::ProveSetStEph setsteph_for_borrow_iter
        PASS [   2.579s] rust_verify_test::ProveSetStEph setsteph_loop_borrow_into
        PASS [   2.387s] rust_verify_test::ProveSetStEph setsteph_loop_borrow_iter
        PASS [   2.203s] rust_verify_test::Provedeep_view_standard deep_view_standard_for_borrow_iter
        PASS [   2.413s] rust_verify_test::Provedeep_view_standard deep_view_standard_for_borrow_into
        PASS [   2.428s] rust_verify_test::Provedeep_view_standard deep_view_standard_for_consume
        PASS [   2.228s] rust_verify_test::Provedeep_view_standard deep_view_standard_loop_borrow_into
        PASS [   2.386s] rust_verify_test::Provedeep_view_standard deep_view_standard_loop_borrow_iter
        PASS [   2.190s] rust_verify_test::Provedeep_view_standard deep_view_standard_simple
        PASS [   2.288s] rust_verify_test::Provedeep_view_standard deep_view_standard_loop_consume
        PASS [   2.168s] rust_verify_test::Proveiterators_standard iterators_standard_for_borrow_into
        PASS [   1.974s] rust_verify_test::Proveiterators_standard iterators_standard_for_consume
        PASS [   2.395s] rust_verify_test::Proveiterators_standard iterators_standard_for_borrow_iter
        PASS [   2.166s] rust_verify_test::Proveiterators_standard iterators_standard_loop_borrow_into
        PASS [   2.289s] rust_verify_test::Proveiterators_standard iterators_standard_loop_borrow_iter
        PASS [   2.411s] rust_verify_test::Proveiterators_standard iterators_standard_loop_consume
        PASS [   2.501s] rust_verify_test::Provemod_standard mod_standard_for_borrow_into
        PASS [   2.539s] rust_verify_test::Provemod_standard mod_standard_for_borrow_iter
        PASS [   2.476s] rust_verify_test::Provemod_standard mod_standard_for_consume
        PASS [   2.079s] rust_verify_test::Provemod_standard mod_standard_loop_borrow_into
        PASS [   1.896s] rust_verify_test::Provemod_standard mod_standard_loop_consume
        PASS [   2.143s] rust_verify_test::Provemod_standard mod_standard_loop_borrow_iter
        PASS [   1.887s] rust_verify_test::Provetable_of_contents_standard toc_standard_for_borrow_into
        PASS [   1.835s] rust_verify_test::Provetable_of_contents_standard toc_standard_for_borrow_iter
        PASS [   2.082s] rust_verify_test::Provetable_of_contents_standard toc_standard_for_consume
        PASS [   1.914s] rust_verify_test::Provetable_of_contents_standard toc_standard_loop_borrow_into
        PASS [   1.613s] rust_verify_test::Proveusing_closures_standard closures_ghost_spec_fn
        PASS [   1.738s] rust_verify_test::Provetable_of_contents_standard toc_standard_loop_consume
        PASS [   1.927s] rust_verify_test::Provetable_of_contents_standard toc_standard_loop_borrow_iter
        PASS [   1.776s] rust_verify_test::Proveusing_closures_standard closures_inline_requires_ensures
        PASS [   1.687s] rust_verify_test::Proveusing_closures_standard closures_let_bind_ensures
        PASS [   1.673s] rust_verify_test::Proveusing_closures_standard closures_map_apply
        PASS [   1.669s] rust_verify_test::Proveview_standard view_standard_for_borrow_into
        PASS [   1.652s] rust_verify_test::Proveview_standard view_standard_for_borrow_iter
        PASS [   1.886s] rust_verify_test::Proveview_standard view_standard_collection
        PASS [   1.801s] rust_verify_test::Proveview_standard view_standard_for_consume
        PASS [   1.590s] rust_verify_test::Proveview_standard view_standard_loop_borrow_into
        PASS [   1.728s] rust_verify_test::Proveview_standard view_standard_loop_borrow_iter
        PASS [   1.666s] rust_verify_test::Proveview_standard view_standard_loop_consume
        PASS [   1.621s] rust_verify_test::Proveview_standard view_standard_simple
        PASS [   1.675s] rust_verify_test::Provewrapping_iterators_standard wrapping_for_borrow_into
        PASS [   1.770s] rust_verify_test::Provewrapping_iterators_standard wrapping_loop_borrow_into
        PASS [   1.820s] rust_verify_test::Provewrapping_iterators_standard wrapping_for_borrow_iter
        PASS [   1.694s] rust_verify_test::Provewrapping_iterators_standard wrapping_loop_borrow_iter
        PASS [   1.885s] rust_verify_test::RelationStEph relation_st_eph_for_iter
        PASS [   1.882s] rust_verify_test::SetMtEph set_mt_eph_for_iter
        PASS [   2.031s] rust_verify_test::RelationStEph relation_st_eph_loop_loop
        PASS [   1.787s] rust_verify_test::SetMtEph set_mt_eph_loop_loop
        PASS [   1.996s] rust_verify_test::SetMtEph set_mt_eph_from_vec
        PASS [   1.905s] rust_verify_test::SetStEph set_st_eph_for_iter
        PASS [   1.795s] rust_verify_test::SetStEph set_st_eph_from_vec
        PASS [   1.632s] rust_verify_test::prove_MathSeq_iters mathseq_iter_consuming
        PASS [   1.769s] rust_verify_test::SetStEph set_st_eph_loop_loop
        PASS [   1.569s] rust_verify_test::prove_MathSeq_iters mathseq_iter_nested
        PASS [   1.559s] rust_verify_test::prove_MathSeq_iters mathseq_iter_range
────────────
     Summary [  81.611s] 221 tests run: 221 passed, 0 skipped
Elapsed: 197s
