verification results:: 4683 verified, 0 errors
    Finished `release` profile [optimized] target(s) in 0.04s
────────────
 Nextest run ID a4ff4a68-5571-4b21-9380-a12c092ede23 with nextest profile: default
    Starting 157 tests across 37 binaries
        PASS [   1.454s] rust_verify_test::HashSetWithViewPlus hash_set_wvp_for_iter
        PASS [   1.526s] rust_verify_test::HashSetWithViewPlus hash_set_wvp_loop_loop
        PASS [   1.558s] rust_verify_test::HashMapWithViewPlus hash_map_wvp_loop_loop
        PASS [   1.805s] rust_verify_test::MappingStEph mapping_st_eph_for_iter
        PASS [   1.815s] rust_verify_test::MappingStEph mapping_st_eph_loop_loop
        PASS [   1.830s] rust_verify_test::HashMapWithViewPlus hash_map_wvp_for_iter
        PASS [   1.489s] rust_verify_test::ProveAVLTreeSetMtEph avltreesetmteph_for_borrow_into
        PASS [   1.628s] rust_verify_test::ProveAVLTreeSeq avltreeseq_loop_borrow_iter
        PASS [   1.724s] rust_verify_test::ProveAVLTreeSeq avltreeseq_for_borrow_iter
        PASS [   1.496s] rust_verify_test::ProveAVLTreeSetMtEph avltreesetmteph_loop_borrow_iter
        PASS [   1.508s] rust_verify_test::ProveArraySeq arrayseq_filter
        PASS [   1.736s] rust_verify_test::ProveAVLTreeSetMtEph avltreesetmteph_for_borrow_iter
        PASS [   1.454s] rust_verify_test::ProveArraySeq arrayseq_iterate
        PASS [   1.596s] rust_verify_test::ProveArraySeq arrayseq_for_iter
        PASS [   1.506s] rust_verify_test::ProveArraySeq arrayseq_iterate_prefixes
        PASS [   1.547s] rust_verify_test::ProveArraySeq arrayseq_map
        PASS [   1.600s] rust_verify_test::ProveArraySeq arrayseq_loop_loop
        PASS [   1.898s] rust_verify_test::ProveArraySeq arrayseq_reduce
        PASS [   1.413s] rust_verify_test::ProveArraySeq arrayseq_tabulate
        PASS [   1.842s] rust_verify_test::ProveArraySeq arrayseq_scan
        PASS [   1.685s] rust_verify_test::ProveArraySeqMtEph arrayseqmteph_for_iter
        PASS [   2.000s] rust_verify_test::ProveArraySeq arrayseq_scan_inclusive
        PASS [   1.771s] rust_verify_test::ProveArraySeqMtEph arrayseqmteph_loop_loop
        PASS [   1.485s] rust_verify_test::ProveArraySeqMtPer arrayseqmtper_for_iter
        PASS [   1.529s] rust_verify_test::ProveArraySeqMtPer arrayseqmtper_loop_loop
        PASS [   1.527s] rust_verify_test::ProveArraySeqStEph arrayseqsteph_for_borrow_iter
        PASS [   1.674s] rust_verify_test::ProveArraySeqStEph arrayseqsteph_loop_borrow_into
        PASS [   1.817s] rust_verify_test::ProveArraySeqStEph arrayseqsteph_for_consume
        PASS [   2.021s] rust_verify_test::ProveArraySeqStEph arrayseqsteph_for_borrow_into
        PASS [   1.580s] rust_verify_test::ProveArraySeqStEph arrayseqsteph_loop_borrow_iter
        PASS [   1.631s] rust_verify_test::ProveArraySeqStEph arrayseqsteph_loop_consume
        PASS [   1.490s] rust_verify_test::ProveArraySeqStPer arrayseqstper_for_iter
        PASS [   1.543s] rust_verify_test::ProveArraySeqStPer arrayseqstper_loop_loop
        PASS [   1.431s] rust_verify_test::ProveBFSStEph chap54_bfssteph_bottom_up_loop
        PASS [   1.574s] rust_verify_test::ProveBFSMtEph chap54_bfsmteph_top_down_loop
        PASS [   1.766s] rust_verify_test::ProveBFSMtEph chap54_bfsmteph_bottom_up_loop
        PASS [   1.545s] rust_verify_test::ProveBFSStEph chap54_bfssteph_top_down_loop
        PASS [   1.642s] rust_verify_test::ProveBalBinTreeStEph balbintree_for_inorder
        PASS [   1.570s] rust_verify_test::ProveBalBinTreeStEph balbintree_for_postorder
        PASS [   1.613s] rust_verify_test::ProveBalBinTreeStEph balbintree_for_preorder
        PASS [   1.417s] rust_verify_test::ProveBalBinTreeStEph balbintree_leaf_iter_exhausted
        PASS [   1.704s] rust_verify_test::ProveBalBinTreeStEph balbintree_inorder_spec_match
        PASS [   1.531s] rust_verify_test::ProveBalBinTreeStEph balbintree_leaf_traversals_empty
        PASS [   1.708s] rust_verify_test::ProveBalBinTreeStEph balbintree_loop_inorder
        PASS [   1.513s] rust_verify_test::ProveBalBinTreeStEph balbintree_loop_postorder
        PASS [   1.452s] rust_verify_test::ProveBalBinTreeStEph balbintree_postorder_spec_match
        PASS [   1.607s] rust_verify_test::ProveBalBinTreeStEph balbintree_loop_preorder
        PASS [   1.771s] rust_verify_test::ProveBalBinTreeStEph balbintree_preorder_spec_match
        PASS [   1.570s] rust_verify_test::ProveChap19ArraySeqMtEph chap19_arrayseqmteph_for_borrow_into
        PASS [   1.451s] rust_verify_test::ProveChap19ArraySeqMtEph chap19_arrayseqmteph_for_consume
        PASS [   1.430s] rust_verify_test::ProveChap19ArraySeqMtEph chap19_arrayseqmteph_loop_borrow_into
        PASS [   1.588s] rust_verify_test::ProveChap19ArraySeqMtEph chap19_arrayseqmteph_for_borrow_iter
        PASS [   1.407s] rust_verify_test::ProveChap19ArraySeqMtEph chap19_arrayseqmteph_loop_borrow_iter
        PASS [   1.629s] rust_verify_test::ProveChap19ArraySeqMtEph chap19_arrayseqmteph_loop_consume
        PASS [   1.599s] rust_verify_test::ProveChap19ArraySeqMtEphSlice slice_for_borrow_into
        PASS [   1.394s] rust_verify_test::ProveChap19ArraySeqMtEphSlice slice_for_borrow_iter
        PASS [   1.374s] rust_verify_test::ProveChap19ArraySeqMtEphSlice slice_loop_borrow_iter
        PASS [   1.610s] rust_verify_test::ProveChap19ArraySeqMtEphSlice slice_iter_over_subslice
        PASS [   1.693s] rust_verify_test::ProveChap19ArraySeqMtEphSlice slice_operations
        PASS [   1.588s] rust_verify_test::ProveChap19ArraySeqStEph chap19_arrayseqsteph_for_borrow_into
        PASS [   1.494s] rust_verify_test::ProveChap19ArraySeqStEph chap19_arrayseqsteph_for_borrow_iter
        PASS [   1.434s] rust_verify_test::ProveChap19ArraySeqStEph chap19_arrayseqsteph_loop_borrow_into
        PASS [   1.542s] rust_verify_test::ProveChap19ArraySeqStEph chap19_arrayseqsteph_for_consume
        PASS [   1.419s] rust_verify_test::ProveChap19ArraySeqStEph chap19_arrayseqsteph_loop_borrow_iter
        PASS [   1.471s] rust_verify_test::ProveChap19ArraySeqStEph chap19_arrayseqsteph_loop_consume
        PASS [   1.480s] rust_verify_test::ProveChap19ArraySeqStPer chap19_arrayseqstper_for_borrow_into
        PASS [   1.548s] rust_verify_test::ProveChap19ArraySeqStPer chap19_arrayseqstper_for_borrow_iter
        PASS [   1.463s] rust_verify_test::ProveChap19ArraySeqStPer chap19_arrayseqstper_for_consume
        PASS [   1.320s] rust_verify_test::ProveChap19ArraySeqStPer chap19_arrayseqstper_loop_borrow_iter
        PASS [   1.657s] rust_verify_test::ProveChap19ArraySeqStPer chap19_arrayseqstper_loop_borrow_into
        PASS [   1.342s] rust_verify_test::ProveChap19ArraySeqStPer chap19_arrayseqstper_loop_consume
        PASS [   1.343s] rust_verify_test::ProveKleeneStPer kleene_alphabet
        PASS [   2.460s] rust_verify_test::ProveKleeneStPer kleene_mem_plus
        PASS [   2.220s] rust_verify_test::ProveKleeneStPer kleene_mem_star
        PASS [   2.273s] rust_verify_test::ProveLinkedListStEph linkedliststeph_for_iter
        PASS [   2.562s] rust_verify_test::ProveLinkedListStEph linkedliststeph_loop_loop
        PASS [   2.689s] rust_verify_test::ProveLinkedListStPer linkedliststper_for_iter
        PASS [   2.865s] rust_verify_test::ProveLinkedListStPer linkedliststper_loop_loop
        PASS [   3.280s] rust_verify_test::ProveMathSeq mathseq_for_borrow_into
        PASS [   3.333s] rust_verify_test::ProveMathSeq mathseq_for_borrow_iter
        PASS [   3.398s] rust_verify_test::ProveMathSeq mathseq_for_consume
        PASS [   3.239s] rust_verify_test::ProveMathSeq mathseq_loop_borrow_iter
        PASS [   3.639s] rust_verify_test::ProveMathSeq mathseq_loop_borrow_into
        PASS [   3.890s] rust_verify_test::ProveMathSeq mathseq_loop_consume
        PASS [   3.398s] rust_verify_test::ProveOrderedSetStEph chap43_orderedsetsteph_for_borrow_into
        PASS [   3.196s] rust_verify_test::ProveOrderedSetStEph chap43_orderedsetsteph_loop_borrow_into
        PASS [   3.506s] rust_verify_test::ProveOrderedSetStEph chap43_orderedsetsteph_for_borrow_iter
        PASS [   3.234s] rust_verify_test::ProveOrderedSetStEph chap43_orderedsetsteph_loop_borrow_iter
        PASS [   3.450s] rust_verify_test::ProveOrderedTableStEph chap43_orderedtablesteph_for_borrow_into
        PASS [   3.524s] rust_verify_test::ProveOrderedTableStEph chap43_orderedtablesteph_for_borrow_iter
        PASS [   3.748s] rust_verify_test::ProveOrderedTableStEph chap43_orderedtablesteph_loop_borrow_into
        PASS [   3.641s] rust_verify_test::ProveOrderedTableStPer chap43_orderedtablestper_for_borrow_into
        PASS [   4.005s] rust_verify_test::ProveOrderedTableStEph chap43_orderedtablesteph_loop_borrow_iter
        PASS [   3.846s] rust_verify_test::ProveOrderedTableStPer chap43_orderedtablestper_for_borrow_iter
        PASS [   3.406s] rust_verify_test::ProveOrderedTableStPer chap43_orderedtablestper_loop_borrow_into
        PASS [   3.606s] rust_verify_test::ProveOrderedTableStPer chap43_orderedtablestper_loop_borrow_iter
        PASS [   3.042s] rust_verify_test::ProvePrimTreeSeqStPer primtreeseq_for_borrow_into
        PASS [   3.255s] rust_verify_test::ProvePrimTreeSeqStPer primtreeseq_for_borrow_iter
        PASS [   3.129s] rust_verify_test::ProvePrimTreeSeqStPer primtreeseq_for_consume
        PASS [   2.908s] rust_verify_test::ProvePrimTreeSeqStPer primtreeseq_loop_borrow_iter
        PASS [   3.291s] rust_verify_test::ProvePrimTreeSeqStPer primtreeseq_loop_borrow_into
        PASS [   3.212s] rust_verify_test::ProvePrimTreeSeqStPer primtreeseq_loop_consume
        PASS [   3.446s] rust_verify_test::ProveSetMtEph set_mt_eph_for_borrow_into
        PASS [   3.140s] rust_verify_test::ProveSetMtEph set_mt_eph_loop_borrow_iter
        PASS [   2.956s] rust_verify_test::Provedeep_view_standard deep_view_standard_for_borrow_iter
        PASS [   3.405s] rust_verify_test::Provedeep_view_standard deep_view_standard_for_borrow_into
        PASS [   3.728s] rust_verify_test::ProveSetMtEph set_mt_eph_for_borrow_iter
        PASS [   3.264s] rust_verify_test::Provedeep_view_standard deep_view_standard_for_consume
        PASS [   3.034s] rust_verify_test::Provedeep_view_standard deep_view_standard_loop_borrow_into
        PASS [   3.196s] rust_verify_test::Provedeep_view_standard deep_view_standard_loop_borrow_iter
        PASS [   2.977s] rust_verify_test::Provedeep_view_standard deep_view_standard_simple
        PASS [   3.286s] rust_verify_test::Provedeep_view_standard deep_view_standard_loop_consume
        PASS [   3.280s] rust_verify_test::Proveiterators_standard iterators_standard_for_borrow_into
        PASS [   3.204s] rust_verify_test::Proveiterators_standard iterators_standard_for_borrow_iter
        PASS [   3.227s] rust_verify_test::Proveiterators_standard iterators_standard_for_consume
        PASS [   2.922s] rust_verify_test::Proveiterators_standard iterators_standard_loop_borrow_iter
        PASS [   3.232s] rust_verify_test::Proveiterators_standard iterators_standard_loop_borrow_into
        PASS [   3.176s] rust_verify_test::Proveiterators_standard iterators_standard_loop_consume
        PASS [   3.157s] rust_verify_test::Provemod_standard mod_standard_for_borrow_into
        PASS [   3.152s] rust_verify_test::Provemod_standard mod_standard_for_borrow_iter
        PASS [   2.777s] rust_verify_test::Provemod_standard mod_standard_loop_borrow_into
        PASS [   2.986s] rust_verify_test::Provemod_standard mod_standard_for_consume
        PASS [   2.976s] rust_verify_test::Provemod_standard mod_standard_loop_borrow_iter
        PASS [   2.751s] rust_verify_test::Provemod_standard mod_standard_loop_consume
        PASS [   2.716s] rust_verify_test::Provetable_of_contents_standard toc_standard_for_borrow_into
        PASS [   2.101s] rust_verify_test::Provetable_of_contents_standard toc_standard_for_borrow_iter
        PASS [   1.664s] rust_verify_test::Provetable_of_contents_standard toc_standard_for_consume
        PASS [   1.438s] rust_verify_test::Provetable_of_contents_standard toc_standard_loop_borrow_iter
        PASS [   1.818s] rust_verify_test::Provetable_of_contents_standard toc_standard_loop_borrow_into
        PASS [   1.853s] rust_verify_test::Provetable_of_contents_standard toc_standard_loop_consume
        PASS [   1.804s] rust_verify_test::Proveusing_closures_standard closures_ghost_spec_fn
        PASS [   1.819s] rust_verify_test::Proveusing_closures_standard closures_inline_requires_ensures
        PASS [   1.869s] rust_verify_test::Proveusing_closures_standard closures_map_apply
        PASS [   2.109s] rust_verify_test::Proveusing_closures_standard closures_let_bind_ensures
        PASS [   2.078s] rust_verify_test::Proveview_standard view_standard_collection
        PASS [   2.090s] rust_verify_test::Proveview_standard view_standard_for_borrow_into
        PASS [   2.105s] rust_verify_test::Proveview_standard view_standard_for_borrow_iter
        PASS [   2.016s] rust_verify_test::Proveview_standard view_standard_for_consume
        PASS [   1.972s] rust_verify_test::Proveview_standard view_standard_loop_borrow_into
        PASS [   1.887s] rust_verify_test::Proveview_standard view_standard_loop_borrow_iter
        PASS [   2.107s] rust_verify_test::Proveview_standard view_standard_loop_consume
        PASS [   1.935s] rust_verify_test::Proveview_standard view_standard_simple
        PASS [   2.035s] rust_verify_test::Provewrapping_iterators_standard wrapping_for_borrow_into
        PASS [   2.126s] rust_verify_test::Provewrapping_iterators_standard wrapping_for_borrow_iter
        PASS [   1.936s] rust_verify_test::Provewrapping_iterators_standard wrapping_loop_borrow_into
        PASS [   2.068s] rust_verify_test::Provewrapping_iterators_standard wrapping_loop_borrow_iter
        PASS [   1.972s] rust_verify_test::RelationStEph relation_st_eph_loop_loop
        PASS [   2.325s] rust_verify_test::RelationStEph relation_st_eph_for_iter
        PASS [   2.179s] rust_verify_test::SetMtEph set_mt_eph_for_iter
        PASS [   2.016s] rust_verify_test::SetMtEph set_mt_eph_from_vec
        PASS [   2.160s] rust_verify_test::SetMtEph set_mt_eph_loop_loop
        PASS [   2.070s] rust_verify_test::SetStEph set_st_eph_for_iter
        PASS [   2.056s] rust_verify_test::SetStEph set_st_eph_from_vec
        PASS [   1.848s] rust_verify_test::prove_MathSeq_iters mathseq_iter_consuming
        PASS [   2.186s] rust_verify_test::SetStEph set_st_eph_loop_loop
        PASS [   1.817s] rust_verify_test::prove_MathSeq_iters mathseq_iter_nested
        PASS [   1.875s] rust_verify_test::prove_MathSeq_iters mathseq_iter_range
────────────
     Summary [  58.675s] 157 tests run: 157 passed, 0 skipped
Elapsed: 146s
