verification results:: 4900 verified, 0 errors
    Finished `release` profile [optimized] target(s) in 0.05s
────────────
 Nextest run ID f1baf10b-95f9-46b2-99cf-45b4079cc568 with nextest profile: default
    Starting 157 tests across 37 binaries
        PASS [   1.474s] rust_verify_test::HashSetWithViewPlus hash_set_wvp_loop_loop
        PASS [   1.549s] rust_verify_test::HashMapWithViewPlus hash_map_wvp_loop_loop
        PASS [   1.681s] rust_verify_test::HashSetWithViewPlus hash_set_wvp_for_iter
        PASS [   1.775s] rust_verify_test::MappingStEph mapping_st_eph_loop_loop
        PASS [   1.789s] rust_verify_test::MappingStEph mapping_st_eph_for_iter
        PASS [   1.797s] rust_verify_test::HashMapWithViewPlus hash_map_wvp_for_iter
        PASS [   1.583s] rust_verify_test::ProveAVLTreeSeq avltreeseq_for_borrow_iter
        PASS [   1.574s] rust_verify_test::ProveAVLTreeSeq avltreeseq_loop_borrow_iter
        PASS [   1.482s] rust_verify_test::ProveAVLTreeSetMtEph avltreesetmteph_for_borrow_into
        PASS [   1.458s] rust_verify_test::ProveArraySeq arrayseq_filter
        PASS [   1.492s] rust_verify_test::ProveAVLTreeSetMtEph avltreesetmteph_for_borrow_iter
        PASS [   1.652s] rust_verify_test::ProveAVLTreeSetMtEph avltreesetmteph_loop_borrow_iter
        PASS [   1.385s] rust_verify_test::ProveArraySeq arrayseq_iterate_prefixes
        PASS [   1.514s] rust_verify_test::ProveArraySeq arrayseq_for_iter
        PASS [   1.441s] rust_verify_test::ProveArraySeq arrayseq_loop_loop
        PASS [   1.669s] rust_verify_test::ProveArraySeq arrayseq_iterate
        PASS [   1.528s] rust_verify_test::ProveArraySeq arrayseq_map
        PASS [   1.484s] rust_verify_test::ProveArraySeq arrayseq_reduce
        PASS [   1.355s] rust_verify_test::ProveArraySeq arrayseq_tabulate
        PASS [   1.555s] rust_verify_test::ProveArraySeq arrayseq_scan
        PASS [   1.557s] rust_verify_test::ProveArraySeq arrayseq_scan_inclusive
        PASS [   1.383s] rust_verify_test::ProveArraySeqMtEph arrayseqmteph_loop_loop
        PASS [   1.459s] rust_verify_test::ProveArraySeqMtEph arrayseqmteph_for_iter
        PASS [   1.456s] rust_verify_test::ProveArraySeqMtPer arrayseqmtper_for_iter
        PASS [   1.519s] rust_verify_test::ProveArraySeqMtPer arrayseqmtper_loop_loop
        PASS [   1.519s] rust_verify_test::ProveArraySeqStEph arrayseqsteph_for_borrow_iter
        PASS [   1.577s] rust_verify_test::ProveArraySeqStEph arrayseqsteph_for_borrow_into
        PASS [   1.546s] rust_verify_test::ProveArraySeqStEph arrayseqsteph_loop_borrow_into
        PASS [   1.661s] rust_verify_test::ProveArraySeqStEph arrayseqsteph_for_consume
        PASS [   1.472s] rust_verify_test::ProveArraySeqStEph arrayseqsteph_loop_borrow_iter
        PASS [   1.426s] rust_verify_test::ProveArraySeqStEph arrayseqsteph_loop_consume
        PASS [   1.434s] rust_verify_test::ProveArraySeqStPer arrayseqstper_loop_loop
        PASS [   1.382s] rust_verify_test::ProveBFSMtEph chap54_bfsmteph_bottom_up_loop
        PASS [   1.342s] rust_verify_test::ProveBFSMtEph chap54_bfsmteph_top_down_loop
        PASS [   1.601s] rust_verify_test::ProveArraySeqStPer arrayseqstper_for_iter
        PASS [   1.627s] rust_verify_test::ProveBFSStEph chap54_bfssteph_bottom_up_loop
        PASS [   1.452s] rust_verify_test::ProveBFSStEph chap54_bfssteph_top_down_loop
        PASS [   1.440s] rust_verify_test::ProveBalBinTreeStEph balbintree_for_inorder
        PASS [   1.521s] rust_verify_test::ProveBalBinTreeStEph balbintree_for_preorder
        PASS [   1.610s] rust_verify_test::ProveBalBinTreeStEph balbintree_for_postorder
        PASS [   1.347s] rust_verify_test::ProveBalBinTreeStEph balbintree_leaf_iter_exhausted
        PASS [   1.637s] rust_verify_test::ProveBalBinTreeStEph balbintree_inorder_spec_match
        PASS [   1.328s] rust_verify_test::ProveBalBinTreeStEph balbintree_leaf_traversals_empty
        PASS [   1.381s] rust_verify_test::ProveBalBinTreeStEph balbintree_loop_inorder
        PASS [   1.502s] rust_verify_test::ProveBalBinTreeStEph balbintree_loop_postorder
        PASS [   1.438s] rust_verify_test::ProveBalBinTreeStEph balbintree_preorder_spec_match
        PASS [   1.535s] rust_verify_test::ProveBalBinTreeStEph balbintree_postorder_spec_match
        PASS [   1.652s] rust_verify_test::ProveBalBinTreeStEph balbintree_loop_preorder
        PASS [   1.438s] rust_verify_test::ProveChap19ArraySeqMtEph chap19_arrayseqmteph_for_borrow_into
        PASS [   1.447s] rust_verify_test::ProveChap19ArraySeqMtEph chap19_arrayseqmteph_for_borrow_iter
        PASS [   1.430s] rust_verify_test::ProveChap19ArraySeqMtEph chap19_arrayseqmteph_for_consume
        PASS [   1.429s] rust_verify_test::ProveChap19ArraySeqMtEph chap19_arrayseqmteph_loop_borrow_into
        PASS [   1.420s] rust_verify_test::ProveChap19ArraySeqMtEph chap19_arrayseqmteph_loop_consume
        PASS [   1.559s] rust_verify_test::ProveChap19ArraySeqMtEph chap19_arrayseqmteph_loop_borrow_iter
        PASS [   1.444s] rust_verify_test::ProveChap19ArraySeqMtEphSlice slice_for_borrow_into
        PASS [   1.554s] rust_verify_test::ProveChap19ArraySeqMtEphSlice slice_for_borrow_iter
        PASS [   1.517s] rust_verify_test::ProveChap19ArraySeqMtEphSlice slice_iter_over_subslice
        PASS [   1.455s] rust_verify_test::ProveChap19ArraySeqMtEphSlice slice_loop_borrow_iter
        PASS [   1.422s] rust_verify_test::ProveChap19ArraySeqStEph chap19_arrayseqsteph_for_borrow_into
        PASS [   1.505s] rust_verify_test::ProveChap19ArraySeqMtEphSlice slice_operations
        PASS [   1.503s] rust_verify_test::ProveChap19ArraySeqStEph chap19_arrayseqsteph_for_borrow_iter
        PASS [   1.555s] rust_verify_test::ProveChap19ArraySeqStEph chap19_arrayseqsteph_for_consume
        PASS [   1.430s] rust_verify_test::ProveChap19ArraySeqStEph chap19_arrayseqsteph_loop_borrow_iter
        PASS [   1.507s] rust_verify_test::ProveChap19ArraySeqStEph chap19_arrayseqsteph_loop_borrow_into
        PASS [   1.393s] rust_verify_test::ProveChap19ArraySeqStEph chap19_arrayseqsteph_loop_consume
        PASS [   1.807s] rust_verify_test::ProveChap19ArraySeqStPer chap19_arrayseqstper_for_borrow_into
        PASS [   1.511s] rust_verify_test::ProveChap19ArraySeqStPer chap19_arrayseqstper_for_borrow_iter
        PASS [   1.424s] rust_verify_test::ProveChap19ArraySeqStPer chap19_arrayseqstper_for_consume
        PASS [   1.492s] rust_verify_test::ProveChap19ArraySeqStPer chap19_arrayseqstper_loop_borrow_into
        PASS [   1.430s] rust_verify_test::ProveChap19ArraySeqStPer chap19_arrayseqstper_loop_consume
        PASS [   1.626s] rust_verify_test::ProveChap19ArraySeqStPer chap19_arrayseqstper_loop_borrow_iter
        PASS [   1.474s] rust_verify_test::ProveKleeneStPer kleene_alphabet
        PASS [   1.432s] rust_verify_test::ProveKleeneStPer kleene_mem_plus
        PASS [   1.444s] rust_verify_test::ProveKleeneStPer kleene_mem_star
        PASS [   1.395s] rust_verify_test::ProveLinkedListStEph linkedliststeph_for_iter
        PASS [   1.414s] rust_verify_test::ProveLinkedListStEph linkedliststeph_loop_loop
        PASS [   1.549s] rust_verify_test::ProveLinkedListStPer linkedliststper_for_iter
        PASS [   1.364s] rust_verify_test::ProveLinkedListStPer linkedliststper_loop_loop
        PASS [   1.454s] rust_verify_test::ProveMathSeq mathseq_for_borrow_into
        PASS [   1.532s] rust_verify_test::ProveMathSeq mathseq_for_borrow_iter
        PASS [   1.380s] rust_verify_test::ProveMathSeq mathseq_loop_borrow_into
        PASS [   1.732s] rust_verify_test::ProveMathSeq mathseq_for_consume
        PASS [   1.475s] rust_verify_test::ProveMathSeq mathseq_loop_borrow_iter
        PASS [   1.422s] rust_verify_test::ProveMathSeq mathseq_loop_consume
        PASS [   1.708s] rust_verify_test::ProveOrderedSetStEph chap43_orderedsetsteph_for_borrow_into
        PASS [   1.447s] rust_verify_test::ProveOrderedSetStEph chap43_orderedsetsteph_for_borrow_iter
        PASS [   1.490s] rust_verify_test::ProveOrderedSetStEph chap43_orderedsetsteph_loop_borrow_into
        PASS [   1.604s] rust_verify_test::ProveOrderedSetStEph chap43_orderedsetsteph_loop_borrow_iter
        PASS [   1.558s] rust_verify_test::ProveOrderedTableStEph chap43_orderedtablesteph_for_borrow_into
        PASS [   1.627s] rust_verify_test::ProveOrderedTableStEph chap43_orderedtablesteph_for_borrow_iter
        PASS [   1.475s] rust_verify_test::ProveOrderedTableStEph chap43_orderedtablesteph_loop_borrow_into
        PASS [   1.431s] rust_verify_test::ProveOrderedTableStEph chap43_orderedtablesteph_loop_borrow_iter
        PASS [   1.658s] rust_verify_test::ProveOrderedTableStPer chap43_orderedtablestper_for_borrow_into
        PASS [   1.603s] rust_verify_test::ProveOrderedTableStPer chap43_orderedtablestper_for_borrow_iter
        PASS [   1.634s] rust_verify_test::ProveOrderedTableStPer chap43_orderedtablestper_loop_borrow_into
        PASS [   1.596s] rust_verify_test::ProveOrderedTableStPer chap43_orderedtablestper_loop_borrow_iter
        PASS [   1.368s] rust_verify_test::ProvePrimTreeSeqStPer primtreeseq_for_borrow_into
        PASS [   1.443s] rust_verify_test::ProvePrimTreeSeqStPer primtreeseq_for_borrow_iter
        PASS [   1.397s] rust_verify_test::ProvePrimTreeSeqStPer primtreeseq_for_consume
        PASS [   1.319s] rust_verify_test::ProvePrimTreeSeqStPer primtreeseq_loop_borrow_iter
        PASS [   1.451s] rust_verify_test::ProvePrimTreeSeqStPer primtreeseq_loop_borrow_into
        PASS [   1.334s] rust_verify_test::ProvePrimTreeSeqStPer primtreeseq_loop_consume
        PASS [   1.504s] rust_verify_test::ProveSetMtEph set_mt_eph_for_borrow_into
        PASS [   1.555s] rust_verify_test::ProveSetMtEph set_mt_eph_for_borrow_iter
        PASS [   1.416s] rust_verify_test::Provedeep_view_standard deep_view_standard_for_borrow_into
        PASS [   1.747s] rust_verify_test::ProveSetMtEph set_mt_eph_loop_borrow_iter
        PASS [   1.453s] rust_verify_test::Provedeep_view_standard deep_view_standard_for_borrow_iter
        PASS [   1.469s] rust_verify_test::Provedeep_view_standard deep_view_standard_for_consume
        PASS [   1.468s] rust_verify_test::Provedeep_view_standard deep_view_standard_loop_borrow_into
        PASS [   1.696s] rust_verify_test::Provedeep_view_standard deep_view_standard_loop_borrow_iter
        PASS [   1.322s] rust_verify_test::Provedeep_view_standard deep_view_standard_simple
        PASS [   1.390s] rust_verify_test::Provedeep_view_standard deep_view_standard_loop_consume
        PASS [   1.477s] rust_verify_test::Proveiterators_standard iterators_standard_for_borrow_into
        PASS [   1.428s] rust_verify_test::Proveiterators_standard iterators_standard_for_borrow_iter
        PASS [   1.754s] rust_verify_test::Proveiterators_standard iterators_standard_for_consume
        PASS [   1.382s] rust_verify_test::Proveiterators_standard iterators_standard_loop_borrow_into
        PASS [   1.355s] rust_verify_test::Proveiterators_standard iterators_standard_loop_borrow_iter
        PASS [   1.444s] rust_verify_test::Proveiterators_standard iterators_standard_loop_consume
        PASS [   1.396s] rust_verify_test::Provemod_standard mod_standard_for_borrow_iter
        PASS [   1.520s] rust_verify_test::Provemod_standard mod_standard_for_borrow_into
        PASS [   1.315s] rust_verify_test::Provemod_standard mod_standard_for_consume
        PASS [   1.392s] rust_verify_test::Provemod_standard mod_standard_loop_borrow_into
        PASS [   1.286s] rust_verify_test::Provemod_standard mod_standard_loop_consume
        PASS [   1.488s] rust_verify_test::Provemod_standard mod_standard_loop_borrow_iter
        PASS [   1.466s] rust_verify_test::Provetable_of_contents_standard toc_standard_for_borrow_into
        PASS [   1.652s] rust_verify_test::Provetable_of_contents_standard toc_standard_for_borrow_iter
        PASS [   1.372s] rust_verify_test::Provetable_of_contents_standard toc_standard_for_consume
        PASS [   1.364s] rust_verify_test::Provetable_of_contents_standard toc_standard_loop_borrow_iter
        PASS [   1.568s] rust_verify_test::Provetable_of_contents_standard toc_standard_loop_borrow_into
        PASS [   1.469s] rust_verify_test::Provetable_of_contents_standard toc_standard_loop_consume
        PASS [   1.355s] rust_verify_test::Proveusing_closures_standard closures_ghost_spec_fn
        PASS [   1.519s] rust_verify_test::Proveusing_closures_standard closures_inline_requires_ensures
        PASS [   1.402s] rust_verify_test::Proveusing_closures_standard closures_let_bind_ensures
        PASS [   1.293s] rust_verify_test::Proveusing_closures_standard closures_map_apply
        PASS [   1.261s] rust_verify_test::Proveview_standard view_standard_collection
        PASS [   1.442s] rust_verify_test::Proveview_standard view_standard_for_borrow_into
        PASS [   1.592s] rust_verify_test::Proveview_standard view_standard_for_borrow_iter
        PASS [   1.413s] rust_verify_test::Proveview_standard view_standard_for_consume
        PASS [   1.343s] rust_verify_test::Proveview_standard view_standard_loop_borrow_into
        PASS [   1.372s] rust_verify_test::Proveview_standard view_standard_loop_borrow_iter
        PASS [   1.253s] rust_verify_test::Proveview_standard view_standard_simple
        PASS [   1.570s] rust_verify_test::Proveview_standard view_standard_loop_consume
        PASS [   1.348s] rust_verify_test::Provewrapping_iterators_standard wrapping_for_borrow_into
        PASS [   1.353s] rust_verify_test::Provewrapping_iterators_standard wrapping_for_borrow_iter
        PASS [   1.474s] rust_verify_test::Provewrapping_iterators_standard wrapping_loop_borrow_iter
        PASS [   1.666s] rust_verify_test::Provewrapping_iterators_standard wrapping_loop_borrow_into
        PASS [   1.520s] rust_verify_test::RelationStEph relation_st_eph_for_iter
        PASS [   1.503s] rust_verify_test::RelationStEph relation_st_eph_loop_loop
        PASS [   1.565s] rust_verify_test::SetMtEph set_mt_eph_for_iter
        PASS [   1.431s] rust_verify_test::SetMtEph set_mt_eph_from_vec
        PASS [   1.591s] rust_verify_test::SetMtEph set_mt_eph_loop_loop
        PASS [   1.462s] rust_verify_test::SetStEph set_st_eph_loop_loop
        PASS [   1.668s] rust_verify_test::SetStEph set_st_eph_for_iter
        PASS [   1.535s] rust_verify_test::SetStEph set_st_eph_from_vec
        PASS [   1.342s] rust_verify_test::prove_MathSeq_iters mathseq_iter_nested
        PASS [   1.562s] rust_verify_test::prove_MathSeq_iters mathseq_iter_consuming
        PASS [   1.172s] rust_verify_test::prove_MathSeq_iters mathseq_iter_range
────────────
     Summary [  39.623s] 157 tests run: 157 passed, 0 skipped
Elapsed: 341s
