note: automatically chose triggers for this expression:
   --> src/Chap41/AVLTreeSetMtPer.rs:314:33
    |
314 |                         let j = choose|j: int| 0 <= j < n as int && vals@[j]@ == v;
    |                                 ^^^^^^^^^^^^^^^^^^^^^^^^^^^^^^^^^^^^^^^^^^^^^^^^^^

note:   trigger 1 of 1:
   --> src/Chap41/AVLTreeSetMtPer.rs:314:69
    |
314 |                         let j = choose|j: int| 0 <= j < n as int && vals@[j]@ == v;
    |                                                                     ^^^^^^^^

note: automatically chose triggers for this expression:
   --> src/Chap62/StarPartitionMtEph.rs:131:17
    |
131 |                 assert forall|j: int| 0 <= j < i as int + 1 implies
    |                 ^^^^^^

note:   trigger 1 of 1:
   --> src/Chap62/StarPartitionMtEph.rs:132:51
    |
132 |                     vertex_to_index@.contains_key(vertices_vec@[j]@) &&
    |                                                   ^^^^^^^^^^^^^^^^

note: automatically chose triggers for this expression:
   --> src/Chap62/StarPartitionMtEph.rs:150:21
    |
150 |                     exists|j: int| 0 <= j < i as int + 1 && vertices_vec@[j]@ == v_view by {
    |                     ^^^^^^^^^^^^^^^^^^^^^^^^^^^^^^^^^^^^^^^^^^^^^^^^^^^^^^^^^^^^^^^^^^^

note:   trigger 1 of 1:
   --> src/Chap62/StarPartitionMtEph.rs:150:61
    |
150 |                     exists|j: int| 0 <= j < i as int + 1 && vertices_vec@[j]@ == v_view by {
    |                                                             ^^^^^^^^^^^^^^^^

note: automatically chose triggers for this expression:
   --> src/Chap62/StarPartitionMtEph.rs:124:21
    |
124 |                     exists|j: int| 0 <= j < i as int && vertices_vec@[j]@ == v_view,
    |                     ^^^^^^^^^^^^^^^^^^^^^^^^^^^^^^^^^^^^^^^^^^^^^^^^^^^^^^^^^^^^^^^

note:   trigger 1 of 1:
   --> src/Chap62/StarPartitionMtEph.rs:124:57
    |
124 |                     exists|j: int| 0 <= j < i as int && vertices_vec@[j]@ == v_view,
    |                                                         ^^^^^^^^^^^^^^^^

note: automatically chose triggers for this expression:
   --> src/Chap62/StarPartitionMtEph.rs:192:17
    |
192 |                 assert forall|jj: int| 0 <= jj < j as int + 1 implies
    |                 ^^^^^^

note:   trigger 1 of 1:
   --> src/Chap62/StarPartitionMtEph.rs:193:46
    |
193 |                     coin_flips@.contains_key(vertices_vec@[jj]@) by {
    |                                              ^^^^^^^^^^^^^^^^^

note: automatically chose triggers for this expression:
   --> src/Chap62/StarPartitionMtEph.rs:287:29
    |
287 | ...                   assert forall|s: int| 0 <= s < th_edges@.len() implies
    |                       ^^^^^^

note:   trigger 1 of 1:
   --> src/Chap62/StarPartitionMtEph.rs:288:34
    |
288 | ...                   (th_edges@[s].0 as usize) < nv &&
    |                        ^^^^^^^^^^^^

note: automatically chose triggers for this expression:
   --> src/Chap62/StarPartitionMtEph.rs:329:29
    |
329 | ...                   assert forall|s: int| 0 <= s < th_edges@.len() implies
    |                       ^^^^^^

note:   trigger 1 of 1:
   --> src/Chap62/StarPartitionMtEph.rs:330:34
    |
330 | ...                   (th_edges@[s].0 as usize) < nv &&
    |                        ^^^^^^^^^^^^

note: automatically chose triggers for this expression:
   --> src/Chap62/StarPartitionMtEph.rs:358:17
    |
358 |                 assert forall|s: int| 0 <= s < th_edges@.len() implies
    |                 ^^^^^^

note:   trigger 1 of 1:
   --> src/Chap62/StarPartitionMtEph.rs:359:22
    |
359 |                     (th_edges@[s].0 as usize) < nv &&
    |                      ^^^^^^^^^^^^

note: automatically chose triggers for this expression:
   --> src/Chap62/StarPartitionMtEph.rs:231:21
    |
231 |                     exists|j2: int| 0 <= j2 < nv as int && vertices_vec@[j2]@ == v_view,
    |                     ^^^^^^^^^^^^^^^^^^^^^^^^^^^^^^^^^^^^^^^^^^^^^^^^^^^^^^^^^^^^^^^^^^^

note:   trigger 1 of 1:
   --> src/Chap62/StarPartitionMtEph.rs:231:60
    |
231 |                     exists|j2: int| 0 <= j2 < nv as int && vertices_vec@[j2]@ == v_view,
    |                                                            ^^^^^^^^^^^^^^^^^

note: automatically chose triggers for this expression:
   --> src/Chap62/StarPartitionMtEph.rs:378:13
    |
378 |             assert forall|s: int| 0 <= s < th_edges@.len() implies
    |             ^^^^^^

note:   trigger 1 of 1:
   --> src/Chap62/StarPartitionMtEph.rs:379:18
    |
379 |                 (th_edges@[s].0 as usize) < nv &&
    |                  ^^^^^^^^^^^^

note: automatically chose triggers for this expression:
   --> src/Chap62/StarPartitionMtEph.rs:400:17
    |
400 |                 forall|j2: int| 0 <= j2 < m as int ==> p_vec@[j2]@ == vertices_vec@[j2]@,
    |                 ^^^^^^^^^^^^^^^^^^^^^^^^^^^^^^^^^^^^^^^^^^^^^^^^^^^^^^^^^^^^^^^^^^^^^^^^

note:   trigger 1 of 2:
   --> src/Chap62/StarPartitionMtEph.rs:400:56
    |
400 |                 forall|j2: int| 0 <= j2 < m as int ==> p_vec@[j2]@ == vertices_vec@[j2]@,
    |                                                        ^^^^^^^^^^

note:   trigger 2 of 2:
   --> src/Chap62/StarPartitionMtEph.rs:400:71
    |
400 |                 forall|j2: int| 0 <= j2 < m as int ==> p_vec@[j2]@ == vertices_vec@[j2]@,
    |                                                                       ^^^^^^^^^^^^^^^^^

note: automatically chose triggers for this expression:
   --> src/Chap62/StarPartitionMtEph.rs:406:21
    |
406 |                     exists|j2: int| 0 <= j2 < nv as int && vertices_vec@[j2]@ == v_view,
    |                     ^^^^^^^^^^^^^^^^^^^^^^^^^^^^^^^^^^^^^^^^^^^^^^^^^^^^^^^^^^^^^^^^^^^

note:   trigger 1 of 1:
   --> src/Chap62/StarPartitionMtEph.rs:406:60
    |
406 |                     exists|j2: int| 0 <= j2 < nv as int && vertices_vec@[j2]@ == v_view,
    |                                                            ^^^^^^^^^^^^^^^^^

note: automatically chose triggers for this expression:
   --> src/Chap62/StarPartitionMtEph.rs:503:21
    |
503 |                     assert forall|j2: int| 0 <= j2 < nv as int implies
    |                     ^^^^^^

note:   trigger 1 of 2:
   --> src/Chap62/StarPartitionMtEph.rs:504:50
    |
504 |                         coin_flips@.contains_key(vertices_vec@[j2]@) &&
    |                                                  ^^^^^^^^^^^^^^^^^

note:   trigger 2 of 2:
   --> src/Chap62/StarPartitionMtEph.rs:506:26
    |
506 |                          p_vec@[j2]@ == vertices_vec@[j2]@) by {
    |                          ^^^^^^^^^^

note: automatically chose triggers for this expression:
   --> src/Chap62/StarPartitionMtEph.rs:513:21
    |
513 |                     assert forall|j2: int|
    |                     ^^^^^^

note:   trigger 1 of 2:
   --> src/Chap62/StarPartitionMtEph.rs:514:49
    |
514 |                         (0 <= j2 < nv as int && p_vec@[j2]@ != vertices_vec@[j2]@) implies
    |                                                 ^^^^^^^^^^

note:   trigger 2 of 2:
   --> src/Chap62/StarPartitionMtEph.rs:514:64
    |
514 |                         (0 <= j2 < nv as int && p_vec@[j2]@ != vertices_vec@[j2]@) implies
    |                                                                ^^^^^^^^^^^^^^^^^

note: automatically chose triggers for this expression:
   --> src/Chap62/StarPartitionMtEph.rs:540:17
    |
540 |                 assert forall|s: int| 0 <= s < th_edges@.len() implies
    |                 ^^^^^^

note:   trigger 1 of 1:
   --> src/Chap62/StarPartitionMtEph.rs:541:22
    |
541 |                     (th_edges@[s].0 as usize) < nv &&
    |                      ^^^^^^^^^^^^

note: automatically chose triggers for this expression:
   --> src/Chap62/StarPartitionMtEph.rs:464:17
    |
464 | /                 forall|j2: int| 0 <= j2 < nv as int ==>
465 | |                     vertex_to_index@.contains_key(vertices_vec@[j2]@) &&
466 | |                     vertex_to_index@[vertices_vec@[j2]@] as usize == j2,
    | |_______________________________________________________________________^

note:   trigger 1 of 1:
   --> src/Chap62/StarPartitionMtEph.rs:465:51
    |
465 |                     vertex_to_index@.contains_key(vertices_vec@[j2]@) &&
    |                                                   ^^^^^^^^^^^^^^^^^

note: automatically chose triggers for this expression:
   --> src/Chap62/StarPartitionMtEph.rs:468:21
    |
468 |                     exists|j2: int| 0 <= j2 < nv as int && vertices_vec@[j2]@ == v_view,
    |                     ^^^^^^^^^^^^^^^^^^^^^^^^^^^^^^^^^^^^^^^^^^^^^^^^^^^^^^^^^^^^^^^^^^^

note:   trigger 1 of 1:
   --> src/Chap62/StarPartitionMtEph.rs:468:60
    |
468 |                     exists|j2: int| 0 <= j2 < nv as int && vertices_vec@[j2]@ == v_view,
    |                                                            ^^^^^^^^^^^^^^^^^

note: automatically chose triggers for this expression:
   --> src/Chap62/StarPartitionMtEph.rs:616:17
    |
616 |                 assert forall|j2: int| 0 <= j2 < q as int implies
    |                 ^^^^^^

note:   trigger 1 of 1:
   --> src/Chap62/StarPartitionMtEph.rs:618:60
    |
618 |                     partition_map@[vertices_vec@[j2]@]@ == p_vec@[j2]@ by {
    |                                                            ^^^^^^^^^^

note: automatically chose triggers for this expression:
   --> src/Chap62/StarPartitionMtEph.rs:632:21
    |
632 |                     exists|j2: int| 0 <= j2 < q as int + 1 && vertices_vec@[j2]@ == v_view by {
    |                     ^^^^^^^^^^^^^^^^^^^^^^^^^^^^^^^^^^^^^^^^^^^^^^^^^^^^^^^^^^^^^^^^^^^^^^

note:   trigger 1 of 1:
   --> src/Chap62/StarPartitionMtEph.rs:632:63
    |
632 |                     exists|j2: int| 0 <= j2 < q as int + 1 && vertices_vec@[j2]@ == v_view by {
    |                                                               ^^^^^^^^^^^^^^^^^

note: automatically chose triggers for this expression:
   --> src/Chap62/StarPartitionMtEph.rs:653:21
    |
653 |                     assert forall|j2: int|
    |                     ^^^^^^

note:   trigger 1 of 2:
   --> src/Chap62/StarPartitionMtEph.rs:654:48
    |
654 |                         (0 <= j2 < q as int && p_vec@[j2]@ == vertices_vec@[j2]@) implies
    |                                                ^^^^^^^^^^

note:   trigger 2 of 2:
   --> src/Chap62/StarPartitionMtEph.rs:654:63
    |
654 |                         (0 <= j2 < q as int && p_vec@[j2]@ == vertices_vec@[j2]@) implies
    |                                                               ^^^^^^^^^^^^^^^^^

note: automatically chose triggers for this expression:
   --> src/Chap62/StarPartitionMtEph.rs:667:21
    |
667 |                     assert forall|j2: int|
    |                     ^^^^^^

note:   trigger 1 of 2:
   --> src/Chap62/StarPartitionMtEph.rs:668:48
    |
668 |                         (0 <= j2 < q as int && p_vec@[j2]@ == vertices_vec@[j2]@) implies
    |                                                ^^^^^^^^^^

note:   trigger 2 of 2:
   --> src/Chap62/StarPartitionMtEph.rs:668:63
    |
668 |                         (0 <= j2 < q as int && p_vec@[j2]@ == vertices_vec@[j2]@) implies
    |                                                               ^^^^^^^^^^^^^^^^^

note: automatically chose triggers for this expression:
   --> src/Chap62/StarPartitionMtEph.rs:583:17
    |
583 | /                 forall|j2: int| 0 <= j2 < nv as int ==>
584 | |                     vertex_to_index@.contains_key(vertices_vec@[j2]@) &&
585 | |                     vertex_to_index@[vertices_vec@[j2]@] as usize == j2,
    | |_______________________________________________________________________^

note:   trigger 1 of 1:
   --> src/Chap62/StarPartitionMtEph.rs:584:51
    |
584 |                     vertex_to_index@.contains_key(vertices_vec@[j2]@) &&
    |                                                   ^^^^^^^^^^^^^^^^^

note: automatically chose triggers for this expression:
   --> src/Chap62/StarPartitionMtEph.rs:587:21
    |
587 |                     exists|j2: int| 0 <= j2 < nv as int && vertices_vec@[j2]@ == v_view,
    |                     ^^^^^^^^^^^^^^^^^^^^^^^^^^^^^^^^^^^^^^^^^^^^^^^^^^^^^^^^^^^^^^^^^^^

note:   trigger 1 of 1:
   --> src/Chap62/StarPartitionMtEph.rs:587:60
    |
587 |                     exists|j2: int| 0 <= j2 < nv as int && vertices_vec@[j2]@ == v_view,
    |                                                            ^^^^^^^^^^^^^^^^^

note: automatically chose triggers for this expression:
   --> src/Chap62/StarPartitionMtEph.rs:598:21
    |
598 |                     exists|j2: int| 0 <= j2 < q as int && vertices_vec@[j2]@ == v_view,
    |                     ^^^^^^^^^^^^^^^^^^^^^^^^^^^^^^^^^^^^^^^^^^^^^^^^^^^^^^^^^^^^^^^^^^

note:   trigger 1 of 1:
   --> src/Chap62/StarPartitionMtEph.rs:598:59
    |
598 |                     exists|j2: int| 0 <= j2 < q as int && vertices_vec@[j2]@ == v_view,
    |                                                           ^^^^^^^^^^^^^^^^^

note: automatically chose triggers for this expression:
   --> src/Chap62/StarPartitionMtEph.rs:695:25
    |
695 |                 let j = choose|j: int| 0 <= j < nv as int && vertices_vec@[j]@ == v_view;
    |                         ^^^^^^^^^^^^^^^^^^^^^^^^^^^^^^^^^^^^^^^^^^^^^^^^^^^^^^^^^^^^^^^^

note:   trigger 1 of 1:
   --> src/Chap62/StarPartitionMtEph.rs:695:62
    |
695 |                 let j = choose|j: int| 0 <= j < nv as int && vertices_vec@[j]@ == v_view;
    |                                                              ^^^^^^^^^^^^^^^^

note: Verus printed one or more automatically chosen quantifier triggers
      because it had low confidence in the chosen triggers.
      To suppress these messages, do one of the following:
        (1) manually annotate a single desired trigger using #[trigger]
            (example: forall|i: int, j: int| f(i) && #[trigger] g(i) && #[trigger] h(j)),
        (2) manually annotate multiple desired triggers using #![trigger ...]
            (example: forall|i: int| #![trigger f(i)] #![trigger g(i)] f(i) && g(i)),
        (3) accept the automatically chosen trigger using #![auto]
            (example: forall|i: int, j: int| #![auto] f(i) && g(i) && h(j))
        (4) use the --triggers-mode silent command-line option to suppress all printing of triggers.
      (Note: triggers are used by the underlying SMT theorem prover to instantiate quantifiers;
      the theorem prover instantiates a quantifier whenever some expression matches the
      pattern specified by one of the quantifier's triggers.)
   --> src/Chap62/StarPartitionMtEph.rs:695:25
    |
695 |                 let j = choose|j: int| 0 <= j < nv as int && vertices_vec@[j]@ == v_view;
    |                         ^^^^^^^^^^^^^^^^^^^^^^^^^^^^^^^^^^^^^^^^^^^^^^^^^^^^^^^^^^^^^^^^

verification results:: 5433 verified, 0 errors
   Compiling rust_verify_test v0.1.0 (/home/milnes/projects/APAS-VERUS-agent3/rust_verify_test)
    Finished `release` profile [optimized] target(s) in 1.41s
────────────
 Nextest run ID 59922693-225f-408d-9261-00154410af65 with nextest profile: default
    Starting 157 tests across 37 binaries
        PASS [   1.783s] rust_verify_test::HashSetWithViewPlus hash_set_wvp_loop_loop
        PASS [   1.783s] rust_verify_test::HashSetWithViewPlus hash_set_wvp_for_iter
        PASS [   1.916s] rust_verify_test::HashMapWithViewPlus hash_map_wvp_for_iter
        PASS [   1.956s] rust_verify_test::MappingStEph mapping_st_eph_loop_loop
        PASS [   2.017s] rust_verify_test::MappingStEph mapping_st_eph_for_iter
        PASS [   2.080s] rust_verify_test::HashMapWithViewPlus hash_map_wvp_loop_loop
        PASS [   1.960s] rust_verify_test::ProveAVLTreeSeq avltreeseq_for_borrow_iter
        PASS [   1.842s] rust_verify_test::ProveAVLTreeSetMtEph avltreesetmteph_for_borrow_into
        PASS [   1.791s] rust_verify_test::ProveAVLTreeSetMtEph avltreesetmteph_loop_borrow_iter
        PASS [   2.028s] rust_verify_test::ProveAVLTreeSeq avltreeseq_loop_borrow_iter
        PASS [   1.842s] rust_verify_test::ProveArraySeq arrayseq_filter
        PASS [   1.967s] rust_verify_test::ProveAVLTreeSetMtEph avltreesetmteph_for_borrow_iter
        PASS [   1.548s] rust_verify_test::ProveArraySeq arrayseq_iterate
        PASS [   1.627s] rust_verify_test::ProveArraySeq arrayseq_map
        PASS [   1.813s] rust_verify_test::ProveArraySeq arrayseq_loop_loop
        PASS [   1.891s] rust_verify_test::ProveArraySeq arrayseq_for_iter
        PASS [   1.912s] rust_verify_test::ProveArraySeq arrayseq_iterate_prefixes
        PASS [   1.943s] rust_verify_test::ProveArraySeq arrayseq_reduce
        PASS [   2.050s] rust_verify_test::ProveArraySeq arrayseq_scan
        PASS [   1.771s] rust_verify_test::ProveArraySeq arrayseq_tabulate
        PASS [   1.922s] rust_verify_test::ProveArraySeqMtEph arrayseqmteph_for_iter
        PASS [   2.044s] rust_verify_test::ProveArraySeq arrayseq_scan_inclusive
        PASS [   2.038s] rust_verify_test::ProveArraySeqMtEph arrayseqmteph_loop_loop
        PASS [   1.948s] rust_verify_test::ProveArraySeqMtPer arrayseqmtper_for_iter
        PASS [   1.955s] rust_verify_test::ProveArraySeqMtPer arrayseqmtper_loop_loop
        PASS [   1.926s] rust_verify_test::ProveArraySeqStEph arrayseqsteph_for_borrow_into
        PASS [   1.914s] rust_verify_test::ProveArraySeqStEph arrayseqsteph_for_consume
        PASS [   1.928s] rust_verify_test::ProveArraySeqStEph arrayseqsteph_loop_borrow_into
        PASS [   2.149s] rust_verify_test::ProveArraySeqStEph arrayseqsteph_for_borrow_iter
        PASS [   1.916s] rust_verify_test::ProveArraySeqStEph arrayseqsteph_loop_borrow_iter
        PASS [   1.918s] rust_verify_test::ProveArraySeqStEph arrayseqsteph_loop_consume
        PASS [   1.957s] rust_verify_test::ProveArraySeqStPer arrayseqstper_for_iter
        PASS [   1.911s] rust_verify_test::ProveArraySeqStPer arrayseqstper_loop_loop
        PASS [   1.806s] rust_verify_test::ProveBFSMtEph chap54_bfsmteph_top_down_loop
        PASS [   1.840s] rust_verify_test::ProveBFSMtEph chap54_bfsmteph_bottom_up_loop
        PASS [   1.994s] rust_verify_test::ProveBFSStEph chap54_bfssteph_bottom_up_loop
        PASS [   1.838s] rust_verify_test::ProveBFSStEph chap54_bfssteph_top_down_loop
        PASS [   1.874s] rust_verify_test::ProveBalBinTreeStEph balbintree_for_inorder
        PASS [   1.781s] rust_verify_test::ProveBalBinTreeStEph balbintree_inorder_spec_match
        PASS [   1.830s] rust_verify_test::ProveBalBinTreeStEph balbintree_for_preorder
        PASS [   2.142s] rust_verify_test::ProveBalBinTreeStEph balbintree_for_postorder
        PASS [   2.188s] rust_verify_test::ProveBalBinTreeStEph balbintree_leaf_iter_exhausted
        PASS [   1.709s] rust_verify_test::ProveBalBinTreeStEph balbintree_leaf_traversals_empty
        PASS [   2.002s] rust_verify_test::ProveBalBinTreeStEph balbintree_loop_inorder
        PASS [   1.886s] rust_verify_test::ProveBalBinTreeStEph balbintree_loop_postorder
        PASS [   1.905s] rust_verify_test::ProveBalBinTreeStEph balbintree_loop_preorder
        PASS [   2.017s] rust_verify_test::ProveBalBinTreeStEph balbintree_postorder_spec_match
        PASS [   1.761s] rust_verify_test::ProveBalBinTreeStEph balbintree_preorder_spec_match
        PASS [   1.858s] rust_verify_test::ProveChap19ArraySeqMtEph chap19_arrayseqmteph_for_borrow_into
        PASS [   1.913s] rust_verify_test::ProveChap19ArraySeqMtEph chap19_arrayseqmteph_for_borrow_iter
        PASS [   1.910s] rust_verify_test::ProveChap19ArraySeqMtEph chap19_arrayseqmteph_for_consume
        PASS [   1.907s] rust_verify_test::ProveChap19ArraySeqMtEph chap19_arrayseqmteph_loop_borrow_into
        PASS [   1.729s] rust_verify_test::ProveChap19ArraySeqMtEph chap19_arrayseqmteph_loop_consume
        PASS [   1.859s] rust_verify_test::ProveChap19ArraySeqMtEph chap19_arrayseqmteph_loop_borrow_iter
        PASS [   2.005s] rust_verify_test::ProveChap19ArraySeqMtEphSlice slice_for_borrow_into
        PASS [   1.856s] rust_verify_test::ProveChap19ArraySeqMtEphSlice slice_loop_borrow_iter
        PASS [   1.944s] rust_verify_test::ProveChap19ArraySeqMtEphSlice slice_for_borrow_iter
        PASS [   1.922s] rust_verify_test::ProveChap19ArraySeqMtEphSlice slice_iter_over_subslice
        PASS [   1.763s] rust_verify_test::ProveChap19ArraySeqMtEphSlice slice_operations
        PASS [   1.992s] rust_verify_test::ProveChap19ArraySeqStEph chap19_arrayseqsteph_for_borrow_into
        PASS [   1.859s] rust_verify_test::ProveChap19ArraySeqStEph chap19_arrayseqsteph_for_borrow_iter
        PASS [   1.750s] rust_verify_test::ProveChap19ArraySeqStEph chap19_arrayseqsteph_loop_borrow_iter
        PASS [   2.032s] rust_verify_test::ProveChap19ArraySeqStEph chap19_arrayseqsteph_for_consume
        PASS [   2.077s] rust_verify_test::ProveChap19ArraySeqStEph chap19_arrayseqsteph_loop_borrow_into
        PASS [   2.018s] rust_verify_test::ProveChap19ArraySeqStEph chap19_arrayseqsteph_loop_consume
        PASS [   1.874s] rust_verify_test::ProveChap19ArraySeqStPer chap19_arrayseqstper_for_borrow_into
        PASS [   1.891s] rust_verify_test::ProveChap19ArraySeqStPer chap19_arrayseqstper_for_borrow_iter
        PASS [   1.898s] rust_verify_test::ProveChap19ArraySeqStPer chap19_arrayseqstper_for_consume
        PASS [   1.816s] rust_verify_test::ProveChap19ArraySeqStPer chap19_arrayseqstper_loop_borrow_into
        PASS [   1.928s] rust_verify_test::ProveChap19ArraySeqStPer chap19_arrayseqstper_loop_borrow_iter
        PASS [   1.878s] rust_verify_test::ProveChap19ArraySeqStPer chap19_arrayseqstper_loop_consume
        PASS [   1.843s] rust_verify_test::ProveKleeneStPer kleene_alphabet
        PASS [   1.820s] rust_verify_test::ProveKleeneStPer kleene_mem_plus
        PASS [   1.957s] rust_verify_test::ProveKleeneStPer kleene_mem_star
        PASS [   1.780s] rust_verify_test::ProveLinkedListStEph linkedliststeph_loop_loop
        PASS [   1.984s] rust_verify_test::ProveLinkedListStEph linkedliststeph_for_iter
        PASS [   1.913s] rust_verify_test::ProveLinkedListStPer linkedliststper_loop_loop
        PASS [   2.187s] rust_verify_test::ProveLinkedListStPer linkedliststper_for_iter
        PASS [   2.040s] rust_verify_test::ProveMathSeq mathseq_for_borrow_into
        PASS [   1.912s] rust_verify_test::ProveMathSeq mathseq_for_borrow_iter
        PASS [   2.069s] rust_verify_test::ProveMathSeq mathseq_for_consume
        PASS [   1.816s] rust_verify_test::ProveMathSeq mathseq_loop_borrow_iter
        PASS [   2.194s] rust_verify_test::ProveMathSeq mathseq_loop_borrow_into
        PASS [   1.793s] rust_verify_test::ProveMathSeq mathseq_loop_consume
        PASS [   1.846s] rust_verify_test::ProveOrderedSetStEph chap43_orderedsetsteph_for_borrow_into
        PASS [   2.102s] rust_verify_test::ProveOrderedSetStEph chap43_orderedsetsteph_for_borrow_iter
        PASS [   2.135s] rust_verify_test::ProveOrderedSetStEph chap43_orderedsetsteph_loop_borrow_iter
        PASS [   2.309s] rust_verify_test::ProveOrderedTableStEph chap43_orderedtablesteph_for_borrow_into
        PASS [   2.591s] rust_verify_test::ProveOrderedSetStEph chap43_orderedsetsteph_loop_borrow_into
        PASS [   2.513s] rust_verify_test::ProveOrderedTableStEph chap43_orderedtablesteph_for_borrow_iter
        PASS [   2.708s] rust_verify_test::ProveOrderedTableStEph chap43_orderedtablesteph_loop_borrow_into
        PASS [   2.733s] rust_verify_test::ProveOrderedTableStEph chap43_orderedtablesteph_loop_borrow_iter
        PASS [   2.922s] rust_verify_test::ProveOrderedTableStPer chap43_orderedtablestper_for_borrow_into
        PASS [   2.713s] rust_verify_test::ProveOrderedTableStPer chap43_orderedtablestper_loop_borrow_into
        PASS [   2.780s] rust_verify_test::ProveOrderedTableStPer chap43_orderedtablestper_loop_borrow_iter
        PASS [   3.016s] rust_verify_test::ProveOrderedTableStPer chap43_orderedtablestper_for_borrow_iter
        PASS [   2.834s] rust_verify_test::ProvePrimTreeSeqStPer primtreeseq_for_borrow_into
        PASS [   2.730s] rust_verify_test::ProvePrimTreeSeqStPer primtreeseq_for_borrow_iter
        PASS [   2.721s] rust_verify_test::ProvePrimTreeSeqStPer primtreeseq_for_consume
        PASS [   2.536s] rust_verify_test::ProvePrimTreeSeqStPer primtreeseq_loop_borrow_into
        PASS [   2.502s] rust_verify_test::ProvePrimTreeSeqStPer primtreeseq_loop_borrow_iter
        PASS [   2.593s] rust_verify_test::ProvePrimTreeSeqStPer primtreeseq_loop_consume
        PASS [   2.721s] rust_verify_test::ProveSetMtEph set_mt_eph_for_borrow_into
        PASS [   2.969s] rust_verify_test::ProveSetMtEph set_mt_eph_for_borrow_iter
        PASS [   2.752s] rust_verify_test::ProveSetMtEph set_mt_eph_loop_borrow_iter
        PASS [   2.713s] rust_verify_test::Provedeep_view_standard deep_view_standard_for_borrow_into
        PASS [   2.615s] rust_verify_test::Provedeep_view_standard deep_view_standard_for_borrow_iter
        PASS [   2.669s] rust_verify_test::Provedeep_view_standard deep_view_standard_for_consume
        PASS [   2.622s] rust_verify_test::Provedeep_view_standard deep_view_standard_loop_borrow_into
        PASS [   2.555s] rust_verify_test::Provedeep_view_standard deep_view_standard_loop_borrow_iter
        PASS [   2.446s] rust_verify_test::Provedeep_view_standard deep_view_standard_simple
        PASS [   2.585s] rust_verify_test::Proveiterators_standard iterators_standard_for_borrow_iter
        PASS [   2.761s] rust_verify_test::Proveiterators_standard iterators_standard_for_borrow_into
        PASS [   2.887s] rust_verify_test::Provedeep_view_standard deep_view_standard_loop_consume
        PASS [   2.350s] rust_verify_test::Proveiterators_standard iterators_standard_for_consume
        PASS [   2.101s] rust_verify_test::Proveiterators_standard iterators_standard_loop_borrow_into
        PASS [   2.243s] rust_verify_test::Proveiterators_standard iterators_standard_loop_borrow_iter
        PASS [   1.997s] rust_verify_test::Provemod_standard mod_standard_for_borrow_into
        PASS [   2.041s] rust_verify_test::Proveiterators_standard iterators_standard_loop_consume
        PASS [   1.989s] rust_verify_test::Provemod_standard mod_standard_for_borrow_iter
        PASS [   2.039s] rust_verify_test::Provemod_standard mod_standard_for_consume
        PASS [   1.801s] rust_verify_test::Provemod_standard mod_standard_loop_borrow_into
        PASS [   1.755s] rust_verify_test::Provemod_standard mod_standard_loop_consume
        PASS [   1.881s] rust_verify_test::Provemod_standard mod_standard_loop_borrow_iter
        PASS [   1.849s] rust_verify_test::Provetable_of_contents_standard toc_standard_for_borrow_iter
        PASS [   1.951s] rust_verify_test::Provetable_of_contents_standard toc_standard_for_borrow_into
        PASS [   1.779s] rust_verify_test::Provetable_of_contents_standard toc_standard_for_consume
        PASS [   1.966s] rust_verify_test::Provetable_of_contents_standard toc_standard_loop_borrow_into
        PASS [   1.862s] rust_verify_test::Provetable_of_contents_standard toc_standard_loop_borrow_iter
        PASS [   1.846s] rust_verify_test::Provetable_of_contents_standard toc_standard_loop_consume
        PASS [   1.720s] rust_verify_test::Proveusing_closures_standard closures_inline_requires_ensures
        PASS [   1.931s] rust_verify_test::Proveusing_closures_standard closures_ghost_spec_fn
        PASS [   1.740s] rust_verify_test::Proveusing_closures_standard closures_let_bind_ensures
        PASS [   1.830s] rust_verify_test::Proveusing_closures_standard closures_map_apply
        PASS [   1.829s] rust_verify_test::Proveview_standard view_standard_collection
        PASS [   1.758s] rust_verify_test::Proveview_standard view_standard_for_borrow_iter
        PASS [   1.811s] rust_verify_test::Proveview_standard view_standard_for_consume
        PASS [   2.169s] rust_verify_test::Proveview_standard view_standard_for_borrow_into
        PASS [   1.824s] rust_verify_test::Proveview_standard view_standard_loop_borrow_into
        PASS [   2.044s] rust_verify_test::Proveview_standard view_standard_loop_borrow_iter
        PASS [   1.836s] rust_verify_test::Proveview_standard view_standard_loop_consume
        PASS [   1.946s] rust_verify_test::Proveview_standard view_standard_simple
        PASS [   1.934s] rust_verify_test::Provewrapping_iterators_standard wrapping_for_borrow_into
        PASS [   1.912s] rust_verify_test::Provewrapping_iterators_standard wrapping_for_borrow_iter
        PASS [   1.729s] rust_verify_test::Provewrapping_iterators_standard wrapping_loop_borrow_into
        PASS [   1.918s] rust_verify_test::Provewrapping_iterators_standard wrapping_loop_borrow_iter
        PASS [   2.051s] rust_verify_test::RelationStEph relation_st_eph_for_iter
        PASS [   1.970s] rust_verify_test::RelationStEph relation_st_eph_loop_loop
        PASS [   1.942s] rust_verify_test::SetMtEph set_mt_eph_for_iter
        PASS [   2.098s] rust_verify_test::SetMtEph set_mt_eph_from_vec
        PASS [   2.143s] rust_verify_test::SetMtEph set_mt_eph_loop_loop
        PASS [   1.808s] rust_verify_test::SetStEph set_st_eph_from_vec
        PASS [   2.075s] rust_verify_test::SetStEph set_st_eph_for_iter
        PASS [   1.840s] rust_verify_test::SetStEph set_st_eph_loop_loop
        PASS [   1.813s] rust_verify_test::prove_MathSeq_iters mathseq_iter_consuming
        PASS [   1.783s] rust_verify_test::prove_MathSeq_iters mathseq_iter_nested
        PASS [   1.487s] rust_verify_test::prove_MathSeq_iters mathseq_iter_range
────────────
     Summary [  54.074s] 157 tests run: 157 passed, 0 skipped
Elapsed: 225s
