warning: Verus does not (yet) support autoderive Clone impl when the clone is not a copy; continuing, but without adding a specification for the derived Clone impl
  --> src/Chap52/AdjTableGraphStPer.rs:55:14
   |
55 |     #[derive(Clone)]
   |              ^^^^^

warning: Verus does not (yet) support autoderive Clone impl when the clone is not a copy; continuing, but without adding a specification for the derived Clone impl
  --> src/Chap52/AdjTableGraphMtPer.rs:50:14
   |
50 |     #[derive(Clone)]
   |              ^^^^^

note: automatically chose triggers for this expression:
   --> src/Chap52/AdjTableGraphStPer.rs:327:37
    |
327 |   ...                   let j = choose|j: int| 0 <= j < i
    |  _______________________________^
328 | | ...                       && self.adj.entries@[j].0 == v;
    | |________________________________________________________^

note:   trigger 1 of 1:
   --> src/Chap52/AdjTableGraphStPer.rs:328:36
    |
328 | ...                   && self.adj.entries@[j].0 == v;
    |                          ^^^^^^^^^^^^^^^^^^^^

note: automatically chose triggers for this expression:
   --> src/Chap52/AdjTableGraphStPer.rs:323:33
    |
323 |                           implies exists|j: int| 0 <= j < i + 1
    |  _________________________________^
324 | |                             && self.adj.entries@[j].0 == v
    | |__________________________________________________________^

note:   trigger 1 of 1:
   --> src/Chap52/AdjTableGraphStPer.rs:324:32
    |
324 | ...                   && self.adj.entries@[j].0 == v
    |                          ^^^^^^^^^^^^^^^^^^^^

note: automatically chose triggers for this expression:
   --> src/Chap52/AdjTableGraphStPer.rs:301:29
    |
301 |                           ==> exists|j: int| 0 <= j < i
    |  _____________________________^
302 | |                             && self.adj.entries@[j].0 == v,
    | |__________________________________________________________^

note:   trigger 1 of 1:
   --> src/Chap52/AdjTableGraphStPer.rs:302:32
    |
302 | ...                   && self.adj.entries@[j].0 == v,
    |                          ^^^^^^^^^^^^^^^^^^^^

note: automatically chose triggers for this expression:
   --> src/Chap52/AdjTableGraphStPer.rs:344:33
    |
344 |                           let j = choose|j: int| 0 <= j < len as int
    |  _________________________________^
345 | |                             && self.adj.entries@[j].0 == v;
    | |__________________________________________________________^

note:   trigger 1 of 1:
   --> src/Chap52/AdjTableGraphStPer.rs:345:32
    |
345 | ...                   && self.adj.entries@[j].0 == v;
    |                          ^^^^^^^^^^^^^^^^^^^^

note: Verus printed one or more automatically chosen quantifier triggers
      because it had low confidence in the chosen triggers.
      To suppress these messages, do one of the following:
        (1) manually annotate a single desired trigger using #[trigger]
            (example: forall|i: int, j: int| f(i) && #[trigger] g(i) && #[trigger] h(j)),
        (2) manually annotate multiple desired triggers using #![trigger ...]
            (example: forall|i: int| #![trigger f(i)] #![trigger g(i)] f(i) && g(i)),
        (3) accept the automatically chosen trigger using #![auto]
            (example: forall|i: int, j: int| #![auto] f(i) && g(i) && h(j))
        (4) use the --triggers-mode silent command-line option to suppress all printing of triggers.
      (Note: triggers are used by the underlying SMT theorem prover to instantiate quantifiers;
      the theorem prover instantiates a quantifier whenever some expression matches the
      pattern specified by one of the quantifier's triggers.)
   --> src/Chap52/AdjTableGraphStPer.rs:344:33
    |
344 |                           let j = choose|j: int| 0 <= j < len as int
    |  _________________________________^
345 | |                             && self.adj.entries@[j].0 == v;
    | |__________________________________________________________^

verification results:: 5388 verified, 0 errors
warning: 2 warnings emitted

    Finished `release` profile [optimized] target(s) in 0.05s
────────────
 Nextest run ID 178a455e-6ef1-42f5-a115-09c0bcb20fb2 with nextest profile: default
    Starting 157 tests across 37 binaries
        PASS [   1.431s] rust_verify_test::HashMapWithViewPlus hash_map_wvp_loop_loop
        PASS [   1.448s] rust_verify_test::HashSetWithViewPlus hash_set_wvp_loop_loop
        PASS [   1.522s] rust_verify_test::HashMapWithViewPlus hash_map_wvp_for_iter
        PASS [   1.558s] rust_verify_test::HashSetWithViewPlus hash_set_wvp_for_iter
        PASS [   1.641s] rust_verify_test::MappingStEph mapping_st_eph_loop_loop
        PASS [   1.958s] rust_verify_test::MappingStEph mapping_st_eph_for_iter
        PASS [   1.448s] rust_verify_test::ProveAVLTreeSeq avltreeseq_for_borrow_iter
        PASS [   1.532s] rust_verify_test::ProveAVLTreeSeq avltreeseq_loop_borrow_iter
        PASS [   1.512s] rust_verify_test::ProveAVLTreeSetMtEph avltreesetmteph_for_borrow_into
        PASS [   1.399s] rust_verify_test::ProveAVLTreeSetMtEph avltreesetmteph_loop_borrow_iter
        PASS [   1.520s] rust_verify_test::ProveAVLTreeSetMtEph avltreesetmteph_for_borrow_iter
        PASS [   1.481s] rust_verify_test::ProveArraySeq arrayseq_filter
        PASS [   1.526s] rust_verify_test::ProveArraySeq arrayseq_for_iter
        PASS [   1.398s] rust_verify_test::ProveArraySeq arrayseq_iterate_prefixes
        PASS [   1.465s] rust_verify_test::ProveArraySeq arrayseq_iterate
        PASS [   1.417s] rust_verify_test::ProveArraySeq arrayseq_loop_loop
        PASS [   1.380s] rust_verify_test::ProveArraySeq arrayseq_map
        PASS [   1.628s] rust_verify_test::ProveArraySeq arrayseq_reduce
        PASS [   1.410s] rust_verify_test::ProveArraySeq arrayseq_tabulate
        PASS [   1.501s] rust_verify_test::ProveArraySeqMtEph arrayseqmteph_loop_loop
        PASS [   1.522s] rust_verify_test::ProveArraySeqMtEph arrayseqmteph_for_iter
        PASS [   1.727s] rust_verify_test::ProveArraySeq arrayseq_scan
        PASS [   1.883s] rust_verify_test::ProveArraySeq arrayseq_scan_inclusive
        PASS [   1.515s] rust_verify_test::ProveArraySeqMtPer arrayseqmtper_for_iter
        PASS [   1.477s] rust_verify_test::ProveArraySeqMtPer arrayseqmtper_loop_loop
        PASS [   1.454s] rust_verify_test::ProveArraySeqStEph arrayseqsteph_for_borrow_iter
        PASS [   1.594s] rust_verify_test::ProveArraySeqStEph arrayseqsteph_for_borrow_into
        PASS [   1.473s] rust_verify_test::ProveArraySeqStEph arrayseqsteph_for_consume
        PASS [   1.422s] rust_verify_test::ProveArraySeqStEph arrayseqsteph_loop_borrow_iter
        PASS [   1.797s] rust_verify_test::ProveArraySeqStEph arrayseqsteph_loop_borrow_into
        PASS [   1.447s] rust_verify_test::ProveArraySeqStEph arrayseqsteph_loop_consume
        PASS [   1.387s] rust_verify_test::ProveArraySeqStPer arrayseqstper_loop_loop
        PASS [   1.453s] rust_verify_test::ProveBFSMtEph chap54_bfsmteph_bottom_up_loop
        PASS [   1.740s] rust_verify_test::ProveArraySeqStPer arrayseqstper_for_iter
        PASS [   1.361s] rust_verify_test::ProveBFSMtEph chap54_bfsmteph_top_down_loop
        PASS [   1.447s] rust_verify_test::ProveBFSStEph chap54_bfssteph_bottom_up_loop
        PASS [   1.415s] rust_verify_test::ProveBFSStEph chap54_bfssteph_top_down_loop
        PASS [   1.571s] rust_verify_test::ProveBalBinTreeStEph balbintree_for_inorder
        PASS [   1.625s] rust_verify_test::ProveBalBinTreeStEph balbintree_for_postorder
        PASS [   1.606s] rust_verify_test::ProveBalBinTreeStEph balbintree_for_preorder
        PASS [   1.513s] rust_verify_test::ProveBalBinTreeStEph balbintree_inorder_spec_match
        PASS [   1.373s] rust_verify_test::ProveBalBinTreeStEph balbintree_leaf_iter_exhausted
        PASS [   1.381s] rust_verify_test::ProveBalBinTreeStEph balbintree_leaf_traversals_empty
        PASS [   1.497s] rust_verify_test::ProveBalBinTreeStEph balbintree_loop_postorder
        PASS [   1.451s] rust_verify_test::ProveBalBinTreeStEph balbintree_loop_preorder
        PASS [   1.808s] rust_verify_test::ProveBalBinTreeStEph balbintree_loop_inorder
        PASS [   1.462s] rust_verify_test::ProveBalBinTreeStEph balbintree_postorder_spec_match
        PASS [   1.465s] rust_verify_test::ProveBalBinTreeStEph balbintree_preorder_spec_match
        PASS [   1.477s] rust_verify_test::ProveChap19ArraySeqMtEph chap19_arrayseqmteph_for_borrow_into
        PASS [   1.482s] rust_verify_test::ProveChap19ArraySeqMtEph chap19_arrayseqmteph_for_consume
        PASS [   1.408s] rust_verify_test::ProveChap19ArraySeqMtEph chap19_arrayseqmteph_loop_consume
        PASS [   1.507s] rust_verify_test::ProveChap19ArraySeqMtEph chap19_arrayseqmteph_loop_borrow_into
        PASS [   1.654s] rust_verify_test::ProveChap19ArraySeqMtEph chap19_arrayseqmteph_for_borrow_iter
        PASS [   1.729s] rust_verify_test::ProveChap19ArraySeqMtEph chap19_arrayseqmteph_loop_borrow_iter
        PASS [   1.590s] rust_verify_test::ProveChap19ArraySeqMtEphSlice slice_for_borrow_into
        PASS [   1.409s] rust_verify_test::ProveChap19ArraySeqMtEphSlice slice_loop_borrow_iter
        PASS [   1.638s] rust_verify_test::ProveChap19ArraySeqMtEphSlice slice_iter_over_subslice
        PASS [   1.746s] rust_verify_test::ProveChap19ArraySeqMtEphSlice slice_for_borrow_iter
        PASS [   1.674s] rust_verify_test::ProveChap19ArraySeqMtEphSlice slice_operations
        PASS [   1.543s] rust_verify_test::ProveChap19ArraySeqStEph chap19_arrayseqsteph_for_borrow_into
        PASS [   1.541s] rust_verify_test::ProveChap19ArraySeqStEph chap19_arrayseqsteph_for_borrow_iter
        PASS [   1.539s] rust_verify_test::ProveChap19ArraySeqStEph chap19_arrayseqsteph_for_consume
        PASS [   1.441s] rust_verify_test::ProveChap19ArraySeqStEph chap19_arrayseqsteph_loop_consume
        PASS [   1.505s] rust_verify_test::ProveChap19ArraySeqStEph chap19_arrayseqsteph_loop_borrow_iter
        PASS [   1.579s] rust_verify_test::ProveChap19ArraySeqStEph chap19_arrayseqsteph_loop_borrow_into
        PASS [   1.453s] rust_verify_test::ProveChap19ArraySeqStPer chap19_arrayseqstper_for_borrow_into
        PASS [   1.441s] rust_verify_test::ProveChap19ArraySeqStPer chap19_arrayseqstper_for_borrow_iter
        PASS [   1.470s] rust_verify_test::ProveChap19ArraySeqStPer chap19_arrayseqstper_for_consume
        PASS [   1.451s] rust_verify_test::ProveChap19ArraySeqStPer chap19_arrayseqstper_loop_borrow_iter
        PASS [   1.467s] rust_verify_test::ProveChap19ArraySeqStPer chap19_arrayseqstper_loop_consume
        PASS [   1.498s] rust_verify_test::ProveKleeneStPer kleene_alphabet
        PASS [   1.936s] rust_verify_test::ProveChap19ArraySeqStPer chap19_arrayseqstper_loop_borrow_into
        PASS [   1.551s] rust_verify_test::ProveKleeneStPer kleene_mem_plus
        PASS [   1.457s] rust_verify_test::ProveKleeneStPer kleene_mem_star
        PASS [   1.470s] rust_verify_test::ProveLinkedListStEph linkedliststeph_loop_loop
        PASS [   1.493s] rust_verify_test::ProveLinkedListStPer linkedliststper_for_iter
        PASS [   1.822s] rust_verify_test::ProveLinkedListStEph linkedliststeph_for_iter
        PASS [   1.444s] rust_verify_test::ProveLinkedListStPer linkedliststper_loop_loop
        PASS [   1.491s] rust_verify_test::ProveMathSeq mathseq_for_borrow_into
        PASS [   1.557s] rust_verify_test::ProveMathSeq mathseq_for_borrow_iter
        PASS [   1.533s] rust_verify_test::ProveMathSeq mathseq_for_consume
        PASS [   1.567s] rust_verify_test::ProveMathSeq mathseq_loop_borrow_into
        PASS [   1.465s] rust_verify_test::ProveMathSeq mathseq_loop_consume
        PASS [   1.611s] rust_verify_test::ProveMathSeq mathseq_loop_borrow_iter
        PASS [   1.669s] rust_verify_test::ProveOrderedSetStEph chap43_orderedsetsteph_for_borrow_into
        PASS [   1.495s] rust_verify_test::ProveOrderedSetStEph chap43_orderedsetsteph_for_borrow_iter
        PASS [   1.458s] rust_verify_test::ProveOrderedSetStEph chap43_orderedsetsteph_loop_borrow_iter
        PASS [   1.624s] rust_verify_test::ProveOrderedTableStEph chap43_orderedtablesteph_for_borrow_into
        PASS [   1.949s] rust_verify_test::ProveOrderedSetStEph chap43_orderedsetsteph_loop_borrow_into
        PASS [   1.595s] rust_verify_test::ProveOrderedTableStEph chap43_orderedtablesteph_for_borrow_iter
        PASS [   1.496s] rust_verify_test::ProveOrderedTableStEph chap43_orderedtablesteph_loop_borrow_into
        PASS [   1.721s] rust_verify_test::ProveOrderedTableStEph chap43_orderedtablesteph_loop_borrow_iter
        PASS [   1.635s] rust_verify_test::ProveOrderedTableStPer chap43_orderedtablestper_for_borrow_into
        PASS [   1.512s] rust_verify_test::ProveOrderedTableStPer chap43_orderedtablestper_loop_borrow_into
        PASS [   1.585s] rust_verify_test::ProveOrderedTableStPer chap43_orderedtablestper_for_borrow_iter
        PASS [   1.736s] rust_verify_test::ProveOrderedTableStPer chap43_orderedtablestper_loop_borrow_iter
        PASS [   1.403s] rust_verify_test::ProvePrimTreeSeqStPer primtreeseq_for_borrow_into
        PASS [   1.403s] rust_verify_test::ProvePrimTreeSeqStPer primtreeseq_for_borrow_iter
        PASS [   1.414s] rust_verify_test::ProvePrimTreeSeqStPer primtreeseq_for_consume
        PASS [   1.487s] rust_verify_test::ProvePrimTreeSeqStPer primtreeseq_loop_borrow_into
        PASS [   1.427s] rust_verify_test::ProvePrimTreeSeqStPer primtreeseq_loop_consume
        PASS [   1.628s] rust_verify_test::ProvePrimTreeSeqStPer primtreeseq_loop_borrow_iter
        PASS [   1.564s] rust_verify_test::ProveSetMtEph set_mt_eph_for_borrow_into
        PASS [   1.509s] rust_verify_test::ProveSetMtEph set_mt_eph_for_borrow_iter
        PASS [   1.730s] rust_verify_test::ProveSetMtEph set_mt_eph_loop_borrow_iter
        PASS [   1.521s] rust_verify_test::Provedeep_view_standard deep_view_standard_for_borrow_into
        PASS [   1.470s] rust_verify_test::Provedeep_view_standard deep_view_standard_for_borrow_iter
        PASS [   1.374s] rust_verify_test::Provedeep_view_standard deep_view_standard_loop_borrow_into
        PASS [   1.724s] rust_verify_test::Provedeep_view_standard deep_view_standard_for_consume
        PASS [   1.379s] rust_verify_test::Provedeep_view_standard deep_view_standard_loop_borrow_iter
        PASS [   1.444s] rust_verify_test::Provedeep_view_standard deep_view_standard_loop_consume
        PASS [   1.507s] rust_verify_test::Provedeep_view_standard deep_view_standard_simple
        PASS [   1.458s] rust_verify_test::Proveiterators_standard iterators_standard_for_borrow_iter
        PASS [   1.581s] rust_verify_test::Proveiterators_standard iterators_standard_for_borrow_into
        PASS [   1.651s] rust_verify_test::Proveiterators_standard iterators_standard_for_consume
        PASS [   1.441s] rust_verify_test::Proveiterators_standard iterators_standard_loop_borrow_into
        PASS [   1.429s] rust_verify_test::Proveiterators_standard iterators_standard_loop_borrow_iter
        PASS [   1.415s] rust_verify_test::Proveiterators_standard iterators_standard_loop_consume
        PASS [   1.656s] rust_verify_test::Provemod_standard mod_standard_for_borrow_into
        PASS [   1.752s] rust_verify_test::Provemod_standard mod_standard_for_borrow_iter
        PASS [   1.688s] rust_verify_test::Provemod_standard mod_standard_for_consume
        PASS [   2.077s] rust_verify_test::Provemod_standard mod_standard_loop_borrow_into
        PASS [   1.988s] rust_verify_test::Provemod_standard mod_standard_loop_borrow_iter
        PASS [   1.893s] rust_verify_test::Provemod_standard mod_standard_loop_consume
        PASS [   1.776s] rust_verify_test::Provetable_of_contents_standard toc_standard_for_borrow_into
        PASS [   2.165s] rust_verify_test::Provetable_of_contents_standard toc_standard_for_borrow_iter
        PASS [   1.920s] rust_verify_test::Provetable_of_contents_standard toc_standard_for_consume
        PASS [   2.138s] rust_verify_test::Provetable_of_contents_standard toc_standard_loop_borrow_into
        PASS [   2.004s] rust_verify_test::Provetable_of_contents_standard toc_standard_loop_borrow_iter
        PASS [   1.711s] rust_verify_test::Proveusing_closures_standard closures_ghost_spec_fn
        PASS [   2.030s] rust_verify_test::Provetable_of_contents_standard toc_standard_loop_consume
        PASS [   2.034s] rust_verify_test::Proveusing_closures_standard closures_inline_requires_ensures
        PASS [   2.000s] rust_verify_test::Proveusing_closures_standard closures_let_bind_ensures
        PASS [   1.755s] rust_verify_test::Proveview_standard view_standard_collection
        PASS [   2.165s] rust_verify_test::Proveusing_closures_standard closures_map_apply
        PASS [   1.957s] rust_verify_test::Proveview_standard view_standard_for_borrow_iter
        PASS [   2.138s] rust_verify_test::Proveview_standard view_standard_for_borrow_into
        PASS [   1.783s] rust_verify_test::Proveview_standard view_standard_for_consume
        PASS [   1.874s] rust_verify_test::Proveview_standard view_standard_loop_borrow_into
        PASS [   1.672s] rust_verify_test::Proveview_standard view_standard_simple
        PASS [   2.012s] rust_verify_test::Proveview_standard view_standard_loop_borrow_iter
        PASS [   2.298s] rust_verify_test::Proveview_standard view_standard_loop_consume
        PASS [   2.248s] rust_verify_test::Provewrapping_iterators_standard wrapping_for_borrow_into
        PASS [   1.842s] rust_verify_test::Provewrapping_iterators_standard wrapping_loop_borrow_into
        PASS [   2.091s] rust_verify_test::Provewrapping_iterators_standard wrapping_for_borrow_iter
        PASS [   1.745s] rust_verify_test::Provewrapping_iterators_standard wrapping_loop_borrow_iter
        PASS [   1.968s] rust_verify_test::RelationStEph relation_st_eph_for_iter
        PASS [   2.389s] rust_verify_test::RelationStEph relation_st_eph_loop_loop
        PASS [   2.329s] rust_verify_test::SetMtEph set_mt_eph_for_iter
        PASS [   2.231s] rust_verify_test::SetMtEph set_mt_eph_from_vec
        PASS [   2.197s] rust_verify_test::SetMtEph set_mt_eph_loop_loop
        PASS [   2.109s] rust_verify_test::SetStEph set_st_eph_for_iter
        PASS [   1.874s] rust_verify_test::SetStEph set_st_eph_from_vec
        PASS [   1.997s] rust_verify_test::SetStEph set_st_eph_loop_loop
        PASS [   1.936s] rust_verify_test::prove_MathSeq_iters mathseq_iter_consuming
        PASS [   1.943s] rust_verify_test::prove_MathSeq_iters mathseq_iter_nested
        PASS [   1.997s] rust_verify_test::prove_MathSeq_iters mathseq_iter_range
────────────
     Summary [  43.680s] 157 tests run: 157 passed, 0 skipped
Elapsed: 398s
