warning: verus-related attribute has no effect because item is already marked external
    --> src/Chap65/UnionFindStEph.rs:1125:13
     |
1125 |             reveal(spec_uf_wf);
     |             ^^^^^^

warning: verus-related attribute has no effect because item is already marked external
    --> src/Chap65/UnionFindStEph.rs:1326:21
     |
1326 |                     reveal(spec_uf_wf);
     |                     ^^^^^^

warning: Verus does not (yet) support autoderive Clone impl when the clone is not a copy; continuing, but without adding a specification for the derived Clone impl
  --> src/Chap52/AdjTableGraphStEph.rs:44:14
   |
44 |     #[derive(Clone)]
   |              ^^^^^

warning: Verus does not (yet) support autoderive Clone impl when the clone is not a copy; continuing, but without adding a specification for the derived Clone impl
  --> src/Chap52/AdjTableGraphStPer.rs:38:14
   |
38 |     #[derive(Clone)]
   |              ^^^^^

warning: Verus does not (yet) support autoderive Clone impl when the clone is not a copy; continuing, but without adding a specification for the derived Clone impl
  --> src/Chap52/AdjTableGraphMtPer.rs:48:14
   |
48 |     #[derive(Clone)]
   |              ^^^^^

verification results:: 5320 verified, 0 errors
warning: 5 warnings emitted

    Finished `release` profile [optimized] target(s) in 0.02s
────────────
 Nextest run ID 9508f776-a63f-4ef5-9a10-03ed909a8e33 with nextest profile: default
    Starting 157 tests across 37 binaries
        PASS [   1.293s] rust_verify_test::HashSetWithViewPlus hash_set_wvp_loop_loop
        PASS [   1.326s] rust_verify_test::HashMapWithViewPlus hash_map_wvp_for_iter
        PASS [   1.353s] rust_verify_test::HashMapWithViewPlus hash_map_wvp_loop_loop
        PASS [   1.378s] rust_verify_test::HashSetWithViewPlus hash_set_wvp_for_iter
        PASS [   1.476s] rust_verify_test::MappingStEph mapping_st_eph_for_iter
        PASS [   1.477s] rust_verify_test::MappingStEph mapping_st_eph_loop_loop
        PASS [   1.326s] rust_verify_test::ProveAVLTreeSeq avltreeseq_loop_borrow_iter
        PASS [   1.467s] rust_verify_test::ProveAVLTreeSeq avltreeseq_for_borrow_iter
        PASS [   1.407s] rust_verify_test::ProveAVLTreeSetMtEph avltreesetmteph_for_borrow_into
        PASS [   1.406s] rust_verify_test::ProveAVLTreeSetMtEph avltreesetmteph_for_borrow_iter
        PASS [   1.311s] rust_verify_test::ProveAVLTreeSetMtEph avltreesetmteph_loop_borrow_iter
        PASS [   1.366s] rust_verify_test::ProveArraySeq arrayseq_filter
        PASS [   1.351s] rust_verify_test::ProveArraySeq arrayseq_for_iter
        PASS [   1.310s] rust_verify_test::ProveArraySeq arrayseq_iterate_prefixes
        PASS [   1.332s] rust_verify_test::ProveArraySeq arrayseq_iterate
        PASS [   1.343s] rust_verify_test::ProveArraySeq arrayseq_map
        PASS [   1.349s] rust_verify_test::ProveArraySeq arrayseq_loop_loop
        PASS [   1.409s] rust_verify_test::ProveArraySeq arrayseq_reduce
        PASS [   1.237s] rust_verify_test::ProveArraySeq arrayseq_tabulate
        PASS [   1.374s] rust_verify_test::ProveArraySeqMtEph arrayseqmteph_loop_loop
        PASS [   1.519s] rust_verify_test::ProveArraySeq arrayseq_scan
        PASS [   1.406s] rust_verify_test::ProveArraySeqMtEph arrayseqmteph_for_iter
        PASS [   1.333s] rust_verify_test::ProveArraySeqMtPer arrayseqmtper_for_iter
        PASS [   1.546s] rust_verify_test::ProveArraySeq arrayseq_scan_inclusive
        PASS [   1.391s] rust_verify_test::ProveArraySeqMtPer arrayseqmtper_loop_loop
        PASS [   1.325s] rust_verify_test::ProveArraySeqStEph arrayseqsteph_for_borrow_iter
        PASS [   1.433s] rust_verify_test::ProveArraySeqStEph arrayseqsteph_for_borrow_into
        PASS [   1.366s] rust_verify_test::ProveArraySeqStEph arrayseqsteph_loop_borrow_into
        PASS [   1.448s] rust_verify_test::ProveArraySeqStEph arrayseqsteph_for_consume
        PASS [   1.425s] rust_verify_test::ProveArraySeqStEph arrayseqsteph_loop_borrow_iter
        PASS [   1.405s] rust_verify_test::ProveArraySeqStEph arrayseqsteph_loop_consume
        PASS [   1.386s] rust_verify_test::ProveArraySeqStPer arrayseqstper_for_iter
        PASS [   1.301s] rust_verify_test::ProveBFSMtEph chap54_bfsmteph_bottom_up_loop
        PASS [   1.349s] rust_verify_test::ProveBFSMtEph chap54_bfsmteph_top_down_loop
        PASS [   1.301s] rust_verify_test::ProveBFSStEph chap54_bfssteph_bottom_up_loop
        PASS [   1.413s] rust_verify_test::ProveArraySeqStPer arrayseqstper_loop_loop
        PASS [   1.279s] rust_verify_test::ProveBFSStEph chap54_bfssteph_top_down_loop
        PASS [   1.400s] rust_verify_test::ProveBalBinTreeStEph balbintree_for_postorder
        PASS [   1.316s] rust_verify_test::ProveBalBinTreeStEph balbintree_leaf_iter_exhausted
        PASS [   1.465s] rust_verify_test::ProveBalBinTreeStEph balbintree_for_inorder
        PASS [   1.360s] rust_verify_test::ProveBalBinTreeStEph balbintree_inorder_spec_match
        PASS [   1.402s] rust_verify_test::ProveBalBinTreeStEph balbintree_for_preorder
        PASS [   1.348s] rust_verify_test::ProveBalBinTreeStEph balbintree_leaf_traversals_empty
        PASS [   1.313s] rust_verify_test::ProveBalBinTreeStEph balbintree_postorder_spec_match
        PASS [   1.360s] rust_verify_test::ProveBalBinTreeStEph balbintree_loop_postorder
        PASS [   1.389s] rust_verify_test::ProveBalBinTreeStEph balbintree_loop_inorder
        PASS [   1.323s] rust_verify_test::ProveBalBinTreeStEph balbintree_preorder_spec_match
        PASS [   1.454s] rust_verify_test::ProveBalBinTreeStEph balbintree_loop_preorder
        PASS [   1.338s] rust_verify_test::ProveChap19ArraySeqMtEph chap19_arrayseqmteph_for_borrow_into
        PASS [   1.323s] rust_verify_test::ProveChap19ArraySeqMtEph chap19_arrayseqmteph_for_consume
        PASS [   1.348s] rust_verify_test::ProveChap19ArraySeqMtEph chap19_arrayseqmteph_for_borrow_iter
        PASS [   1.342s] rust_verify_test::ProveChap19ArraySeqMtEph chap19_arrayseqmteph_loop_borrow_iter
        PASS [   1.397s] rust_verify_test::ProveChap19ArraySeqMtEph chap19_arrayseqmteph_loop_borrow_into
        PASS [   1.314s] rust_verify_test::ProveChap19ArraySeqMtEph chap19_arrayseqmteph_loop_consume
        PASS [   1.358s] rust_verify_test::ProveChap19ArraySeqMtEphSlice slice_for_borrow_into
        PASS [   1.391s] rust_verify_test::ProveChap19ArraySeqMtEphSlice slice_for_borrow_iter
        PASS [   1.385s] rust_verify_test::ProveChap19ArraySeqMtEphSlice slice_iter_over_subslice
        PASS [   1.380s] rust_verify_test::ProveChap19ArraySeqMtEphSlice slice_loop_borrow_iter
        PASS [   1.380s] rust_verify_test::ProveChap19ArraySeqMtEphSlice slice_operations
        PASS [   1.367s] rust_verify_test::ProveChap19ArraySeqStEph chap19_arrayseqsteph_for_borrow_into
        PASS [   1.433s] rust_verify_test::ProveChap19ArraySeqStEph chap19_arrayseqsteph_for_borrow_iter
        PASS [   1.326s] rust_verify_test::ProveChap19ArraySeqStEph chap19_arrayseqsteph_loop_borrow_into
        PASS [   1.333s] rust_verify_test::ProveChap19ArraySeqStEph chap19_arrayseqsteph_loop_borrow_iter
        PASS [   1.387s] rust_verify_test::ProveChap19ArraySeqStEph chap19_arrayseqsteph_for_consume
        PASS [   1.359s] rust_verify_test::ProveChap19ArraySeqStEph chap19_arrayseqsteph_loop_consume
        PASS [   1.483s] rust_verify_test::ProveChap19ArraySeqStPer chap19_arrayseqstper_for_borrow_into
        PASS [   1.406s] rust_verify_test::ProveChap19ArraySeqStPer chap19_arrayseqstper_for_borrow_iter
        PASS [   1.324s] rust_verify_test::ProveChap19ArraySeqStPer chap19_arrayseqstper_loop_borrow_into
        PASS [   1.346s] rust_verify_test::ProveChap19ArraySeqStPer chap19_arrayseqstper_loop_consume
        PASS [   1.394s] rust_verify_test::ProveChap19ArraySeqStPer chap19_arrayseqstper_loop_borrow_iter
        PASS [   1.461s] rust_verify_test::ProveChap19ArraySeqStPer chap19_arrayseqstper_for_consume
        PASS [   1.293s] rust_verify_test::ProveKleeneStPer kleene_alphabet
        PASS [   1.416s] rust_verify_test::ProveKleeneStPer kleene_mem_plus
        PASS [   1.317s] rust_verify_test::ProveKleeneStPer kleene_mem_star
        PASS [   1.336s] rust_verify_test::ProveLinkedListStEph linkedliststeph_loop_loop
        PASS [   1.368s] rust_verify_test::ProveLinkedListStPer linkedliststper_for_iter
        PASS [   1.431s] rust_verify_test::ProveLinkedListStEph linkedliststeph_for_iter
        PASS [   1.350s] rust_verify_test::ProveLinkedListStPer linkedliststper_loop_loop
        PASS [   1.343s] rust_verify_test::ProveMathSeq mathseq_for_borrow_into
        PASS [   1.410s] rust_verify_test::ProveMathSeq mathseq_for_borrow_iter
        PASS [   1.352s] rust_verify_test::ProveMathSeq mathseq_loop_borrow_into
        PASS [   1.313s] rust_verify_test::ProveMathSeq mathseq_loop_borrow_iter
        PASS [   1.412s] rust_verify_test::ProveMathSeq mathseq_for_consume
        PASS [   1.423s] rust_verify_test::ProveMathSeq mathseq_loop_consume
        PASS [   1.382s] rust_verify_test::ProveOrderedSetStEph chap43_orderedsetsteph_for_borrow_into
        PASS [   1.435s] rust_verify_test::ProveOrderedSetStEph chap43_orderedsetsteph_for_borrow_iter
        PASS [   1.344s] rust_verify_test::ProveOrderedSetStEph chap43_orderedsetsteph_loop_borrow_iter
        PASS [   1.373s] rust_verify_test::ProveOrderedSetStEph chap43_orderedsetsteph_loop_borrow_into
        PASS [   1.505s] rust_verify_test::ProveOrderedTableStEph chap43_orderedtablesteph_for_borrow_into
        PASS [   1.504s] rust_verify_test::ProveOrderedTableStEph chap43_orderedtablesteph_for_borrow_iter
        PASS [   1.371s] rust_verify_test::ProveOrderedTableStEph chap43_orderedtablesteph_loop_borrow_into
        PASS [   1.444s] rust_verify_test::ProveOrderedTableStEph chap43_orderedtablesteph_loop_borrow_iter
        PASS [   1.446s] rust_verify_test::ProveOrderedTableStPer chap43_orderedtablestper_for_borrow_iter
        PASS [   1.479s] rust_verify_test::ProveOrderedTableStPer chap43_orderedtablestper_for_borrow_into
        PASS [   1.368s] rust_verify_test::ProveOrderedTableStPer chap43_orderedtablestper_loop_borrow_into
        PASS [   1.406s] rust_verify_test::ProveOrderedTableStPer chap43_orderedtablestper_loop_borrow_iter
        PASS [   1.301s] rust_verify_test::ProvePrimTreeSeqStPer primtreeseq_for_borrow_into
        PASS [   1.368s] rust_verify_test::ProvePrimTreeSeqStPer primtreeseq_for_consume
        PASS [   1.380s] rust_verify_test::ProvePrimTreeSeqStPer primtreeseq_loop_borrow_into
        PASS [   1.331s] rust_verify_test::ProvePrimTreeSeqStPer primtreeseq_loop_borrow_iter
        PASS [   1.431s] rust_verify_test::ProvePrimTreeSeqStPer primtreeseq_for_borrow_iter
        PASS [   1.279s] rust_verify_test::ProvePrimTreeSeqStPer primtreeseq_loop_consume
        PASS [   1.364s] rust_verify_test::ProveSetMtEph set_mt_eph_for_borrow_into
        PASS [   1.324s] rust_verify_test::Provedeep_view_standard deep_view_standard_for_borrow_into
        PASS [   1.351s] rust_verify_test::ProveSetMtEph set_mt_eph_loop_borrow_iter
        PASS [   1.372s] rust_verify_test::Provedeep_view_standard deep_view_standard_for_borrow_iter
        PASS [   1.444s] rust_verify_test::ProveSetMtEph set_mt_eph_for_borrow_iter
        PASS [   1.356s] rust_verify_test::Provedeep_view_standard deep_view_standard_for_consume
        PASS [   1.237s] rust_verify_test::Provedeep_view_standard deep_view_standard_loop_borrow_into
        PASS [   1.286s] rust_verify_test::Provedeep_view_standard deep_view_standard_loop_borrow_iter
        PASS [   1.244s] rust_verify_test::Provedeep_view_standard deep_view_standard_simple
        PASS [   1.412s] rust_verify_test::Provedeep_view_standard deep_view_standard_loop_consume
        PASS [   1.371s] rust_verify_test::Proveiterators_standard iterators_standard_for_borrow_into
        PASS [   1.341s] rust_verify_test::Proveiterators_standard iterators_standard_for_borrow_iter
        PASS [   1.286s] rust_verify_test::Proveiterators_standard iterators_standard_for_consume
        PASS [   1.285s] rust_verify_test::Proveiterators_standard iterators_standard_loop_borrow_into
        PASS [   1.290s] rust_verify_test::Proveiterators_standard iterators_standard_loop_borrow_iter
        PASS [   1.270s] rust_verify_test::Proveiterators_standard iterators_standard_loop_consume
        PASS [   1.310s] rust_verify_test::Provemod_standard mod_standard_for_borrow_iter
        PASS [   1.394s] rust_verify_test::Provemod_standard mod_standard_for_borrow_into
        PASS [   1.306s] rust_verify_test::Provemod_standard mod_standard_for_consume
        PASS [   1.313s] rust_verify_test::Provemod_standard mod_standard_loop_borrow_into
        PASS [   1.357s] rust_verify_test::Provemod_standard mod_standard_loop_borrow_iter
        PASS [   1.281s] rust_verify_test::Provemod_standard mod_standard_loop_consume
        PASS [   1.285s] rust_verify_test::Provetable_of_contents_standard toc_standard_for_borrow_into
        PASS [   1.356s] rust_verify_test::Provetable_of_contents_standard toc_standard_for_borrow_iter
        PASS [   1.289s] rust_verify_test::Provetable_of_contents_standard toc_standard_for_consume
        PASS [   1.307s] rust_verify_test::Provetable_of_contents_standard toc_standard_loop_borrow_into
        PASS [   1.323s] rust_verify_test::Provetable_of_contents_standard toc_standard_loop_borrow_iter
        PASS [   1.290s] rust_verify_test::Provetable_of_contents_standard toc_standard_loop_consume
        PASS [   1.329s] rust_verify_test::Proveusing_closures_standard closures_ghost_spec_fn
        PASS [   1.249s] rust_verify_test::Proveusing_closures_standard closures_inline_requires_ensures
        PASS [   1.243s] rust_verify_test::Proveusing_closures_standard closures_let_bind_ensures
        PASS [   1.251s] rust_verify_test::Proveusing_closures_standard closures_map_apply
        PASS [   1.320s] rust_verify_test::Proveview_standard view_standard_collection
        PASS [   1.313s] rust_verify_test::Proveview_standard view_standard_for_borrow_into
        PASS [   1.333s] rust_verify_test::Proveview_standard view_standard_for_borrow_iter
        PASS [   1.390s] rust_verify_test::Proveview_standard view_standard_for_consume
        PASS [   1.243s] rust_verify_test::Proveview_standard view_standard_loop_borrow_into
        PASS [   1.327s] rust_verify_test::Proveview_standard view_standard_loop_borrow_iter
        PASS [   1.304s] rust_verify_test::Proveview_standard view_standard_loop_consume
        PASS [   1.349s] rust_verify_test::Proveview_standard view_standard_simple
        PASS [   1.449s] rust_verify_test::Provewrapping_iterators_standard wrapping_for_borrow_into
        PASS [   1.328s] rust_verify_test::Provewrapping_iterators_standard wrapping_for_borrow_iter
        PASS [   1.353s] rust_verify_test::Provewrapping_iterators_standard wrapping_loop_borrow_into
        PASS [   1.344s] rust_verify_test::Provewrapping_iterators_standard wrapping_loop_borrow_iter
        PASS [   1.472s] rust_verify_test::RelationStEph relation_st_eph_for_iter
        PASS [   1.474s] rust_verify_test::RelationStEph relation_st_eph_loop_loop
        PASS [   1.387s] rust_verify_test::SetMtEph set_mt_eph_from_vec
        PASS [   1.429s] rust_verify_test::SetMtEph set_mt_eph_for_iter
        PASS [   1.468s] rust_verify_test::SetMtEph set_mt_eph_loop_loop
        PASS [   1.577s] rust_verify_test::SetStEph set_st_eph_for_iter
        PASS [   1.428s] rust_verify_test::SetStEph set_st_eph_from_vec
        PASS [   1.291s] rust_verify_test::prove_MathSeq_iters mathseq_iter_consuming
        PASS [   1.328s] rust_verify_test::prove_MathSeq_iters mathseq_iter_nested
        PASS [   1.535s] rust_verify_test::SetStEph set_st_eph_loop_loop
        PASS [   1.163s] rust_verify_test::prove_MathSeq_iters mathseq_iter_range
────────────
     Summary [  36.054s] 157 tests run: 157 passed, 0 skipped
Elapsed: 164s
