warning: using ==> in `assert forall` does not currently assume the antecedent in the body; consider using `implies` instead of `==>`
   --> src/Chap52/AdjTableGraphStEph.rs:616:25
    |
616 |                         assert forall|j: int| #![trigger seq@[j]] 0 <= j < (i + 1) as int implies
    |                         ^^^^^^
    |
    = help: If you didn't mean to assume the antecedent, we're very curious to hear why! To tell us, please open an issue on the Verus issue tracker on github with the title `Don't always make assert forall assume the antecedent`. If no one opens such an issue, we'll soon change the behavior of Verus to always assume the antecedent of the outermost implication

warning: using ==> in `assert forall` does not currently assume the antecedent in the body; consider using `implies` instead of `==>`
   --> src/Chap52/AdjTableGraphStPer.rs:574:25
    |
574 |                         assert forall|j: int| #![trigger seq@[j]] 0 <= j < (i + 1) as int implies
    |                         ^^^^^^
    |
    = help: If you didn't mean to assume the antecedent, we're very curious to hear why! To tell us, please open an issue on the Verus issue tracker on github with the title `Don't always make assert forall assume the antecedent`. If no one opens such an issue, we'll soon change the behavior of Verus to always assume the antecedent of the outermost implication

    Finished `release` profile [optimized] target(s) in 0.05s
────────────
 Nextest run ID 621895b4-baef-4f23-8a0c-1baad0ae3baa with nextest profile: default
    Starting 157 tests across 37 binaries
        PASS [   1.619s] rust_verify_test::HashSetWithViewPlus hash_set_wvp_loop_loop
        PASS [   1.630s] rust_verify_test::HashMapWithViewPlus hash_map_wvp_for_iter
        PASS [   1.727s] rust_verify_test::HashMapWithViewPlus hash_map_wvp_loop_loop
        PASS [   1.807s] rust_verify_test::MappingStEph mapping_st_eph_loop_loop
        PASS [   1.810s] rust_verify_test::HashSetWithViewPlus hash_set_wvp_for_iter
        PASS [   1.847s] rust_verify_test::MappingStEph mapping_st_eph_for_iter
        PASS [   1.584s] rust_verify_test::ProveAVLTreeSeq avltreeseq_loop_borrow_iter
        PASS [   1.665s] rust_verify_test::ProveAVLTreeSetMtEph avltreesetmteph_loop_borrow_iter
        PASS [   1.655s] rust_verify_test::ProveArraySeq arrayseq_filter
        PASS [   1.712s] rust_verify_test::ProveAVLTreeSetMtEph avltreesetmteph_for_borrow_iter
        PASS [   1.930s] rust_verify_test::ProveAVLTreeSeq avltreeseq_for_borrow_iter
        PASS [   1.894s] rust_verify_test::ProveAVLTreeSetMtEph avltreesetmteph_for_borrow_into
        PASS [   1.386s] rust_verify_test::ProveArraySeq arrayseq_map
        PASS [   1.811s] rust_verify_test::ProveArraySeq arrayseq_for_iter
        PASS [   1.543s] rust_verify_test::ProveArraySeq arrayseq_iterate_prefixes
        PASS [   1.594s] rust_verify_test::ProveArraySeq arrayseq_iterate
        PASS [   1.595s] rust_verify_test::ProveArraySeq arrayseq_loop_loop
        PASS [   1.716s] rust_verify_test::ProveArraySeq arrayseq_reduce
        PASS [   1.429s] rust_verify_test::ProveArraySeq arrayseq_tabulate
        PASS [   1.580s] rust_verify_test::ProveArraySeqMtEph arrayseqmteph_for_iter
        PASS [   1.752s] rust_verify_test::ProveArraySeq arrayseq_scan
        PASS [   1.771s] rust_verify_test::ProveArraySeq arrayseq_scan_inclusive
        PASS [   1.766s] rust_verify_test::ProveArraySeqMtEph arrayseqmteph_loop_loop
        PASS [   1.640s] rust_verify_test::ProveArraySeqMtPer arrayseqmtper_for_iter
        PASS [   1.580s] rust_verify_test::ProveArraySeqMtPer arrayseqmtper_loop_loop
        PASS [   1.602s] rust_verify_test::ProveArraySeqStEph arrayseqsteph_for_borrow_iter
        PASS [   1.751s] rust_verify_test::ProveArraySeqStEph arrayseqsteph_for_borrow_into
        PASS [   1.617s] rust_verify_test::ProveArraySeqStEph arrayseqsteph_for_consume
        PASS [   1.470s] rust_verify_test::ProveArraySeqStEph arrayseqsteph_loop_borrow_iter
        PASS [   1.650s] rust_verify_test::ProveArraySeqStEph arrayseqsteph_loop_borrow_into
        PASS [   1.498s] rust_verify_test::ProveArraySeqStEph arrayseqsteph_loop_consume
        PASS [   1.460s] rust_verify_test::ProveBFSMtEph chap54_bfsmteph_bottom_up_loop
        PASS [   1.520s] rust_verify_test::ProveArraySeqStPer arrayseqstper_loop_loop
        PASS [   1.722s] rust_verify_test::ProveArraySeqStPer arrayseqstper_for_iter
        PASS [   1.593s] rust_verify_test::ProveBFSMtEph chap54_bfsmteph_top_down_loop
        PASS [   1.647s] rust_verify_test::ProveBFSStEph chap54_bfssteph_bottom_up_loop
        PASS [   1.520s] rust_verify_test::ProveBFSStEph chap54_bfssteph_top_down_loop
        PASS [   1.646s] rust_verify_test::ProveBalBinTreeStEph balbintree_for_inorder
        PASS [   1.632s] rust_verify_test::ProveBalBinTreeStEph balbintree_for_postorder
        PASS [   1.525s] rust_verify_test::ProveBalBinTreeStEph balbintree_leaf_iter_exhausted
        PASS [   1.777s] rust_verify_test::ProveBalBinTreeStEph balbintree_for_preorder
        PASS [   1.788s] rust_verify_test::ProveBalBinTreeStEph balbintree_inorder_spec_match
        PASS [   1.421s] rust_verify_test::ProveBalBinTreeStEph balbintree_leaf_traversals_empty
        PASS [   1.479s] rust_verify_test::ProveBalBinTreeStEph balbintree_loop_inorder
        PASS [   1.520s] rust_verify_test::ProveBalBinTreeStEph balbintree_loop_preorder
        PASS [   1.530s] rust_verify_test::ProveBalBinTreeStEph balbintree_preorder_spec_match
        PASS [   1.625s] rust_verify_test::ProveBalBinTreeStEph balbintree_postorder_spec_match
        PASS [   1.887s] rust_verify_test::ProveBalBinTreeStEph balbintree_loop_postorder
        PASS [   1.526s] rust_verify_test::ProveChap19ArraySeqMtEph chap19_arrayseqmteph_for_borrow_into
        PASS [   1.603s] rust_verify_test::ProveChap19ArraySeqMtEph chap19_arrayseqmteph_for_borrow_iter
        PASS [   1.511s] rust_verify_test::ProveChap19ArraySeqMtEph chap19_arrayseqmteph_for_consume
        PASS [   1.532s] rust_verify_test::ProveChap19ArraySeqMtEph chap19_arrayseqmteph_loop_consume
        PASS [   1.693s] rust_verify_test::ProveChap19ArraySeqMtEph chap19_arrayseqmteph_loop_borrow_into
        PASS [   1.641s] rust_verify_test::ProveChap19ArraySeqMtEph chap19_arrayseqmteph_loop_borrow_iter
        PASS [   1.644s] rust_verify_test::ProveChap19ArraySeqMtEphSlice slice_for_borrow_into
        PASS [   1.654s] rust_verify_test::ProveChap19ArraySeqMtEphSlice slice_for_borrow_iter
        PASS [   1.847s] rust_verify_test::ProveChap19ArraySeqMtEphSlice slice_iter_over_subslice
        PASS [   1.651s] rust_verify_test::ProveChap19ArraySeqMtEphSlice slice_loop_borrow_iter
        PASS [   1.677s] rust_verify_test::ProveChap19ArraySeqStEph chap19_arrayseqsteph_for_borrow_into
        PASS [   1.889s] rust_verify_test::ProveChap19ArraySeqMtEphSlice slice_operations
        PASS [   1.652s] rust_verify_test::ProveChap19ArraySeqStEph chap19_arrayseqsteph_for_borrow_iter
        PASS [   1.643s] rust_verify_test::ProveChap19ArraySeqStEph chap19_arrayseqsteph_for_consume
        PASS [   1.529s] rust_verify_test::ProveChap19ArraySeqStEph chap19_arrayseqsteph_loop_borrow_into
        PASS [   1.760s] rust_verify_test::ProveChap19ArraySeqStEph chap19_arrayseqsteph_loop_borrow_iter
        PASS [   1.731s] rust_verify_test::ProveChap19ArraySeqStEph chap19_arrayseqsteph_loop_consume
        PASS [   1.920s] rust_verify_test::ProveChap19ArraySeqStPer chap19_arrayseqstper_for_borrow_into
        PASS [   1.550s] rust_verify_test::ProveChap19ArraySeqStPer chap19_arrayseqstper_for_borrow_iter
        PASS [   1.796s] rust_verify_test::ProveChap19ArraySeqStPer chap19_arrayseqstper_for_consume
        PASS [   1.611s] rust_verify_test::ProveChap19ArraySeqStPer chap19_arrayseqstper_loop_borrow_into
        PASS [   1.645s] rust_verify_test::ProveChap19ArraySeqStPer chap19_arrayseqstper_loop_consume
        PASS [   1.858s] rust_verify_test::ProveChap19ArraySeqStPer chap19_arrayseqstper_loop_borrow_iter
        PASS [   1.542s] rust_verify_test::ProveKleeneStPer kleene_alphabet
        PASS [   1.671s] rust_verify_test::ProveKleeneStPer kleene_mem_plus
        PASS [   1.692s] rust_verify_test::ProveLinkedListStEph linkedliststeph_for_iter
        PASS [   1.606s] rust_verify_test::ProveLinkedListStEph linkedliststeph_loop_loop
        PASS [   2.127s] rust_verify_test::ProveKleeneStPer kleene_mem_star
        PASS [   1.611s] rust_verify_test::ProveLinkedListStPer linkedliststper_for_iter
        PASS [   1.497s] rust_verify_test::ProveLinkedListStPer linkedliststper_loop_loop
        PASS [   1.748s] rust_verify_test::ProveMathSeq mathseq_for_borrow_into
        PASS [   1.560s] rust_verify_test::ProveMathSeq mathseq_for_borrow_iter
        PASS [   1.518s] rust_verify_test::ProveMathSeq mathseq_for_consume
        PASS [   1.490s] rust_verify_test::ProveMathSeq mathseq_loop_borrow_into
        PASS [   1.674s] rust_verify_test::ProveMathSeq mathseq_loop_borrow_iter
        PASS [   1.635s] rust_verify_test::ProveMathSeq mathseq_loop_consume
        PASS [   1.647s] rust_verify_test::ProveOrderedSetStEph chap43_orderedsetsteph_for_borrow_into
        PASS [   1.698s] rust_verify_test::ProveOrderedSetStEph chap43_orderedsetsteph_for_borrow_iter
        PASS [   1.525s] rust_verify_test::ProveOrderedSetStEph chap43_orderedsetsteph_loop_borrow_into
        PASS [   1.706s] rust_verify_test::ProveOrderedTableStEph chap43_orderedtablesteph_for_borrow_into
        PASS [   1.735s] rust_verify_test::ProveOrderedTableStEph chap43_orderedtablesteph_for_borrow_iter
        PASS [   2.008s] rust_verify_test::ProveOrderedSetStEph chap43_orderedsetsteph_loop_borrow_iter
        PASS [   1.578s] rust_verify_test::ProveOrderedTableStEph chap43_orderedtablesteph_loop_borrow_into
        PASS [   1.711s] rust_verify_test::ProveOrderedTableStPer chap43_orderedtablestper_for_borrow_into
        PASS [   1.967s] rust_verify_test::ProveOrderedTableStEph chap43_orderedtablesteph_loop_borrow_iter
        PASS [   1.629s] rust_verify_test::ProveOrderedTableStPer chap43_orderedtablestper_for_borrow_iter
        PASS [   1.763s] rust_verify_test::ProveOrderedTableStPer chap43_orderedtablestper_loop_borrow_into
        PASS [   1.790s] rust_verify_test::ProveOrderedTableStPer chap43_orderedtablestper_loop_borrow_iter
        PASS [   1.746s] rust_verify_test::ProvePrimTreeSeqStPer primtreeseq_for_borrow_into
        PASS [   1.460s] rust_verify_test::ProvePrimTreeSeqStPer primtreeseq_for_consume
        PASS [   1.740s] rust_verify_test::ProvePrimTreeSeqStPer primtreeseq_for_borrow_iter
        PASS [   1.635s] rust_verify_test::ProvePrimTreeSeqStPer primtreeseq_loop_borrow_into
        PASS [   1.645s] rust_verify_test::ProvePrimTreeSeqStPer primtreeseq_loop_borrow_iter
        PASS [   1.813s] rust_verify_test::ProvePrimTreeSeqStPer primtreeseq_loop_consume
        PASS [   1.726s] rust_verify_test::ProveSetMtEph set_mt_eph_for_borrow_into
        PASS [   1.624s] rust_verify_test::ProveSetMtEph set_mt_eph_for_borrow_iter
        PASS [   1.887s] rust_verify_test::ProveSetMtEph set_mt_eph_loop_borrow_iter
        PASS [   1.645s] rust_verify_test::Provedeep_view_standard deep_view_standard_for_borrow_iter
        PASS [   2.025s] rust_verify_test::Provedeep_view_standard deep_view_standard_for_borrow_into
        PASS [   1.561s] rust_verify_test::Provedeep_view_standard deep_view_standard_loop_borrow_into
        PASS [   1.733s] rust_verify_test::Provedeep_view_standard deep_view_standard_for_consume
        PASS [   1.603s] rust_verify_test::Provedeep_view_standard deep_view_standard_loop_borrow_iter
        PASS [   1.558s] rust_verify_test::Provedeep_view_standard deep_view_standard_loop_consume
        PASS [   1.680s] rust_verify_test::Provedeep_view_standard deep_view_standard_simple
        PASS [   1.545s] rust_verify_test::Proveiterators_standard iterators_standard_for_borrow_into
        PASS [   1.697s] rust_verify_test::Proveiterators_standard iterators_standard_for_borrow_iter
        PASS [   1.741s] rust_verify_test::Proveiterators_standard iterators_standard_for_consume
        PASS [   1.519s] rust_verify_test::Proveiterators_standard iterators_standard_loop_borrow_into
        PASS [   1.869s] rust_verify_test::Proveiterators_standard iterators_standard_loop_borrow_iter
        PASS [   1.667s] rust_verify_test::Provemod_standard mod_standard_for_borrow_into
        PASS [   1.493s] rust_verify_test::Provemod_standard mod_standard_for_borrow_iter
        PASS [   1.921s] rust_verify_test::Proveiterators_standard iterators_standard_loop_consume
        PASS [   1.662s] rust_verify_test::Provemod_standard mod_standard_for_consume
        PASS [   1.609s] rust_verify_test::Provemod_standard mod_standard_loop_borrow_into
        PASS [   1.567s] rust_verify_test::Provemod_standard mod_standard_loop_borrow_iter
        PASS [   1.474s] rust_verify_test::Provetable_of_contents_standard toc_standard_for_borrow_into
        PASS [   1.790s] rust_verify_test::Provemod_standard mod_standard_loop_consume
        PASS [   1.808s] rust_verify_test::Provetable_of_contents_standard toc_standard_for_borrow_iter
        PASS [   1.681s] rust_verify_test::Provetable_of_contents_standard toc_standard_for_consume
        PASS [   1.494s] rust_verify_test::Provetable_of_contents_standard toc_standard_loop_borrow_into
        PASS [   1.713s] rust_verify_test::Provetable_of_contents_standard toc_standard_loop_borrow_iter
        PASS [   1.641s] rust_verify_test::Provetable_of_contents_standard toc_standard_loop_consume
        PASS [   1.504s] rust_verify_test::Proveusing_closures_standard closures_ghost_spec_fn
        PASS [   1.423s] rust_verify_test::Proveusing_closures_standard closures_let_bind_ensures
        PASS [   1.474s] rust_verify_test::Proveusing_closures_standard closures_map_apply
        PASS [   1.760s] rust_verify_test::Proveusing_closures_standard closures_inline_requires_ensures
        PASS [   1.348s] rust_verify_test::Proveview_standard view_standard_collection
        PASS [   1.857s] rust_verify_test::Proveview_standard view_standard_for_borrow_into
        PASS [   1.691s] rust_verify_test::Proveview_standard view_standard_for_borrow_iter
        PASS [   1.621s] rust_verify_test::Proveview_standard view_standard_for_consume
        PASS [   1.393s] rust_verify_test::Proveview_standard view_standard_loop_borrow_into
        PASS [   1.500s] rust_verify_test::Proveview_standard view_standard_loop_borrow_iter
        PASS [   1.565s] rust_verify_test::Proveview_standard view_standard_loop_consume
        PASS [   1.569s] rust_verify_test::Proveview_standard view_standard_simple
        PASS [   1.532s] rust_verify_test::Provewrapping_iterators_standard wrapping_for_borrow_iter
        PASS [   1.689s] rust_verify_test::Provewrapping_iterators_standard wrapping_for_borrow_into
        PASS [   1.596s] rust_verify_test::Provewrapping_iterators_standard wrapping_loop_borrow_iter
        PASS [   1.781s] rust_verify_test::Provewrapping_iterators_standard wrapping_loop_borrow_into
        PASS [   1.587s] rust_verify_test::RelationStEph relation_st_eph_for_iter
        PASS [   1.685s] rust_verify_test::RelationStEph relation_st_eph_loop_loop
        PASS [   1.647s] rust_verify_test::SetMtEph set_mt_eph_for_iter
        PASS [   1.611s] rust_verify_test::SetMtEph set_mt_eph_loop_loop
        PASS [   1.640s] rust_verify_test::SetStEph set_st_eph_for_iter
        PASS [   1.974s] rust_verify_test::SetMtEph set_mt_eph_from_vec
        PASS [   1.515s] rust_verify_test::SetStEph set_st_eph_from_vec
        PASS [   1.415s] rust_verify_test::prove_MathSeq_iters mathseq_iter_consuming
        PASS [   1.588s] rust_verify_test::SetStEph set_st_eph_loop_loop
        PASS [   1.387s] rust_verify_test::prove_MathSeq_iters mathseq_iter_range
        PASS [   1.647s] rust_verify_test::prove_MathSeq_iters mathseq_iter_nested
────────────
     Summary [  43.847s] 157 tests run: 157 passed, 0 skipped
Elapsed: 378s
