warning: verus-related attribute has no effect because item is already marked external
    --> src/Chap65/UnionFindStEph.rs:1439:9
     |
1439 |         reveal(spec_rank_lt_elements);
     |         ^^^^^^

note: automatically chose triggers for this expression:
  --> src/UnionFind/UnionFindArrayStEph.rs:43:16
   |
43 |             && (forall|i: int| 0 <= i < n as int && parent[i] != i ==> rank[i] < rank[parent[i] as int])
   |                ^^^^^^^^^^^^^^^^^^^^^^^^^^^^^^^^^^^^^^^^^^^^^^^^^^^^^^^^^^^^^^^^^^^^^^^^^^^^^^^^^^^^^^^^^

note:   trigger 1 of 1:
  --> src/UnionFind/UnionFindArrayStEph.rs:43:53
   |
43 |             && (forall|i: int| 0 <= i < n as int && parent[i] != i ==> rank[i] < rank[parent[i] as int])
   |                                                     ^^^^^^^^^

note: automatically chose triggers for this expression:
   --> src/UnionFind/UnionFindArrayStEph.rs:204:13
    |
204 |             forall|i: int| 0 <= i < n as int && parent[i] != i ==> rank[i] < rank[parent[i] as int],
    |             ^^^^^^^^^^^^^^^^^^^^^^^^^^^^^^^^^^^^^^^^^^^^^^^^^^^^^^^^^^^^^^^^^^^^^^^^^^^^^^^^^^^^^^^

note:   trigger 1 of 1:
   --> src/UnionFind/UnionFindArrayStEph.rs:204:49
    |
204 |             forall|i: int| 0 <= i < n as int && parent[i] != i ==> rank[i] < rank[parent[i] as int],
    |                                                 ^^^^^^^^^

note: automatically chose triggers for this expression:
   --> src/UnionFind/UnionFindArrayStEph.rs:137:13
    |
137 |             forall|i: int| 0 <= i < n as int && parent[i] != i ==> rank[i] < rank[parent[i] as int],
    |             ^^^^^^^^^^^^^^^^^^^^^^^^^^^^^^^^^^^^^^^^^^^^^^^^^^^^^^^^^^^^^^^^^^^^^^^^^^^^^^^^^^^^^^^

note:   trigger 1 of 1:
   --> src/UnionFind/UnionFindArrayStEph.rs:137:49
    |
137 |             forall|i: int| 0 <= i < n as int && parent[i] != i ==> rank[i] < rank[parent[i] as int],
    |                                                 ^^^^^^^^^

note: automatically chose triggers for this expression:
   --> src/UnionFind/UnionFindArrayStEph.rs:157:13
    |
157 |             forall|i: int| 0 <= i < n as int && po[i] != i ==> ro[i] < ro[po[i] as int],
    |             ^^^^^^^^^^^^^^^^^^^^^^^^^^^^^^^^^^^^^^^^^^^^^^^^^^^^^^^^^^^^^^^^^^^^^^^^^^^

note:   trigger 1 of 1:
   --> src/UnionFind/UnionFindArrayStEph.rs:157:49
    |
157 |             forall|i: int| 0 <= i < n as int && po[i] != i ==> ro[i] < ro[po[i] as int],
    |                                                 ^^^^^

note: automatically chose triggers for this expression:
   --> src/UnionFind/UnionFindArrayStEph.rs:161:13
    |
161 |             forall|i: int| 0 <= i < n as int && pn[i] != i ==> rn[i] < rn[pn[i] as int],
    |             ^^^^^^^^^^^^^^^^^^^^^^^^^^^^^^^^^^^^^^^^^^^^^^^^^^^^^^^^^^^^^^^^^^^^^^^^^^^

note:   trigger 1 of 1:
   --> src/UnionFind/UnionFindArrayStEph.rs:161:49
    |
161 |             forall|i: int| 0 <= i < n as int && pn[i] != i ==> rn[i] < rn[pn[i] as int],
    |                                                 ^^^^^

note: automatically chose triggers for this expression:
   --> src/UnionFind/UnionFindArrayStEph.rs:234:13
    |
234 |             forall|i: int| 0 <= i < n as int && po[i] != i ==> ro[i] < ro[po[i] as int],
    |             ^^^^^^^^^^^^^^^^^^^^^^^^^^^^^^^^^^^^^^^^^^^^^^^^^^^^^^^^^^^^^^^^^^^^^^^^^^^

note:   trigger 1 of 1:
   --> src/UnionFind/UnionFindArrayStEph.rs:234:49
    |
234 |             forall|i: int| 0 <= i < n as int && po[i] != i ==> ro[i] < ro[po[i] as int],
    |                                                 ^^^^^

note: automatically chose triggers for this expression:
   --> src/UnionFind/UnionFindArrayStEph.rs:238:13
    |
238 |             forall|i: int| 0 <= i < n as int && pn[i] != i ==> rn[i] < rn[pn[i] as int],
    |             ^^^^^^^^^^^^^^^^^^^^^^^^^^^^^^^^^^^^^^^^^^^^^^^^^^^^^^^^^^^^^^^^^^^^^^^^^^^

note:   trigger 1 of 1:
   --> src/UnionFind/UnionFindArrayStEph.rs:238:49
    |
238 |             forall|i: int| 0 <= i < n as int && pn[i] != i ==> rn[i] < rn[pn[i] as int],
    |                                                 ^^^^^

note: automatically chose triggers for this expression:
   --> src/UnionFind/UnionFindArrayStEph.rs:262:13
    |
262 |             forall|i: int| 0 <= i < n as int && po[i] != i ==> ro[i] < ro[po[i] as int],
    |             ^^^^^^^^^^^^^^^^^^^^^^^^^^^^^^^^^^^^^^^^^^^^^^^^^^^^^^^^^^^^^^^^^^^^^^^^^^^

note:   trigger 1 of 1:
   --> src/UnionFind/UnionFindArrayStEph.rs:262:49
    |
262 |             forall|i: int| 0 <= i < n as int && po[i] != i ==> ro[i] < ro[po[i] as int],
    |                                                 ^^^^^

note: automatically chose triggers for this expression:
   --> src/UnionFind/UnionFindArrayStEph.rs:266:13
    |
266 |             forall|i: int| 0 <= i < n as int && pn[i] != i ==> rn[i] < rn[pn[i] as int],
    |             ^^^^^^^^^^^^^^^^^^^^^^^^^^^^^^^^^^^^^^^^^^^^^^^^^^^^^^^^^^^^^^^^^^^^^^^^^^^

note:   trigger 1 of 1:
   --> src/UnionFind/UnionFindArrayStEph.rs:266:49
    |
266 |             forall|i: int| 0 <= i < n as int && pn[i] != i ==> rn[i] < rn[pn[i] as int],
    |                                                 ^^^^^

note: automatically chose triggers for this expression:
   --> src/UnionFind/UnionFindArrayStEph.rs:289:13
    |
289 |             forall|i: int| 0 <= i < n as int && parent[i] != i ==> rank[i] < rank[parent[i] as int],
    |             ^^^^^^^^^^^^^^^^^^^^^^^^^^^^^^^^^^^^^^^^^^^^^^^^^^^^^^^^^^^^^^^^^^^^^^^^^^^^^^^^^^^^^^^

note:   trigger 1 of 1:
   --> src/UnionFind/UnionFindArrayStEph.rs:289:49
    |
289 |             forall|i: int| 0 <= i < n as int && parent[i] != i ==> rank[i] < rank[parent[i] as int],
    |                                                 ^^^^^^^^^

note: automatically chose triggers for this expression:
   --> src/UnionFind/UnionFindStEph.rs:161:13
    |
161 |             forall|k: V::V| po.dom().contains(k) && k != ra ==> pv::<V>(pn, k) == pv::<V>(po, k),
    |             ^^^^^^^^^^^^^^^^^^^^^^^^^^^^^^^^^^^^^^^^^^^^^^^^^^^^^^^^^^^^^^^^^^^^^^^^^^^^^^^^^^^^

note:   trigger 1 of 2:
   --> src/UnionFind/UnionFindStEph.rs:161:65
    |
161 |             forall|k: V::V| po.dom().contains(k) && k != ra ==> pv::<V>(pn, k) == pv::<V>(po, k),
    |                                                                 ^^^^^^^^^^^^^^

note:   trigger 2 of 2:
   --> src/UnionFind/UnionFindStEph.rs:161:83
    |
161 |             forall|k: V::V| po.dom().contains(k) && k != ra ==> pv::<V>(pn, k) == pv::<V>(po, k),
    |                                                                                   ^^^^^^^^^^^^^^

note: automatically chose triggers for this expression:
   --> src/UnionFind/UnionFindStEph.rs:591:37
    |
591 | ...                   assert forall|k: V::V|
    |                       ^^^^^^

note:   trigger 1 of 1:
   --> src/UnionFind/UnionFindStEph.rs:592:41
    |
592 | ...                   st_new.contains(k) == (st_old_u + st_old_v).contains(k)
    |                       ^^^^^^^^^^^^^^^^^^

note: automatically chose triggers for this expression:
   --> src/UnionFind/UnionFindStEph.rs:679:37
    |
679 | ...                   assert forall|k: V::V|
    |                       ^^^^^^

note:   trigger 1 of 1:
   --> src/UnionFind/UnionFindStEph.rs:680:41
    |
680 | ...                   st_new.contains(k) == (st_old_v + st_old_u).contains(k)
    |                       ^^^^^^^^^^^^^^^^^^

note: automatically chose triggers for this expression:
   --> src/UnionFind/UnionFindStEph.rs:801:37
    |
801 | ...                   assert forall|k: V::V|
    |                       ^^^^^^

note:   trigger 1 of 1:
   --> src/UnionFind/UnionFindStEph.rs:802:41
    |
802 | ...                   st_new.contains(k) == (st_old_v + st_old_u).contains(k)
    |                       ^^^^^^^^^^^^^^^^^^

note: Verus printed one or more automatically chosen quantifier triggers
      because it had low confidence in the chosen triggers.
      To suppress these messages, do one of the following:
        (1) manually annotate a single desired trigger using #[trigger]
            (example: forall|i: int, j: int| f(i) && #[trigger] g(i) && #[trigger] h(j)),
        (2) manually annotate multiple desired triggers using #![trigger ...]
            (example: forall|i: int| #![trigger f(i)] #![trigger g(i)] f(i) && g(i)),
        (3) accept the automatically chosen trigger using #![auto]
            (example: forall|i: int, j: int| #![auto] f(i) && g(i) && h(j))
        (4) use the --triggers-mode silent command-line option to suppress all printing of triggers.
      (Note: triggers are used by the underlying SMT theorem prover to instantiate quantifiers;
      the theorem prover instantiates a quantifier whenever some expression matches the
      pattern specified by one of the quantifier's triggers.)
   --> src/UnionFind/UnionFindStEph.rs:801:37
    |
801 | ...                   assert forall|k: V::V|
    |                       ^^^^^^

verification results:: 5702 verified, 0 errors
warning: 1 warning emitted

    Finished `release` profile [optimized] target(s) in 0.02s
────────────
 Nextest run ID 055a283d-b38f-4041-ac24-f175cdac1272 with nextest profile: default
    Starting 221 tests across 48 binaries
        PASS [   1.304s] rust_verify_test::HashSetWithViewPlus hash_set_wvp_for_iter
        PASS [   1.317s] rust_verify_test::HashMapWithViewPlus hash_map_wvp_loop_loop
        PASS [   1.318s] rust_verify_test::HashSetWithViewPlus hash_set_wvp_loop_loop
        PASS [   1.350s] rust_verify_test::HashMapWithViewPlus hash_map_wvp_for_iter
        PASS [   1.436s] rust_verify_test::MappingStEph mapping_st_eph_loop_loop
        PASS [   1.487s] rust_verify_test::MappingStEph mapping_st_eph_for_iter
        PASS [   1.358s] rust_verify_test::ProveAVLTreeSeq avltreeseq_for_borrow_into
        PASS [   1.373s] rust_verify_test::ProveAVLTreeSeq avltreeseq_loop_borrow_into
        PASS [   1.432s] rust_verify_test::ProveAVLTreeSeq avltreeseq_for_borrow_iter
        PASS [   1.322s] rust_verify_test::ProveAVLTreeSeqMtPer avltreeseqmtper_for_borrow_into
        PASS [   1.432s] rust_verify_test::ProveAVLTreeSeq avltreeseq_loop_borrow_iter
        PASS [   1.382s] rust_verify_test::ProveAVLTreeSeqMtPer avltreeseqmtper_for_borrow_iter
        PASS [   1.385s] rust_verify_test::ProveAVLTreeSeqMtPer avltreeseqmtper_loop_borrow_into
        PASS [   1.441s] rust_verify_test::ProveAVLTreeSeqMtPer avltreeseqmtper_loop_borrow_iter
        PASS [   1.406s] rust_verify_test::ProveAVLTreeSeqStEph avltreeseqsteph_for_borrow_into
        PASS [   1.396s] rust_verify_test::ProveAVLTreeSeqStEph avltreeseqsteph_for_borrow_iter
        PASS [   1.398s] rust_verify_test::ProveAVLTreeSeqStEph avltreeseqsteph_loop_borrow_into
        PASS [   1.343s] rust_verify_test::ProveAVLTreeSeqStEph avltreeseqsteph_loop_borrow_iter
        PASS [   1.388s] rust_verify_test::ProveAVLTreeSeqStPer avltreeseqstper_for_borrow_into
        PASS [   1.361s] rust_verify_test::ProveAVLTreeSeqStPer avltreeseqstper_loop_borrow_into
        PASS [   1.382s] rust_verify_test::ProveAVLTreeSeqStPer avltreeseqstper_loop_borrow_iter
        PASS [   1.369s] rust_verify_test::ProveAVLTreeSetMtEph avltreesetmteph_for_borrow_into
        PASS [   1.456s] rust_verify_test::ProveAVLTreeSeqStPer avltreeseqstper_for_borrow_iter
        PASS [   1.423s] rust_verify_test::ProveAVLTreeSetMtEph avltreesetmteph_for_borrow_iter
        PASS [   1.424s] rust_verify_test::ProveAVLTreeSetMtEph avltreesetmteph_loop_borrow_into
        PASS [   1.287s] rust_verify_test::ProveArraySeq arrayseq_iterate
        PASS [   1.347s] rust_verify_test::ProveArraySeq arrayseq_filter
        PASS [   1.395s] rust_verify_test::ProveArraySeq arrayseq_for_iter
        PASS [   1.436s] rust_verify_test::ProveAVLTreeSetMtEph avltreesetmteph_loop_borrow_iter
        PASS [   1.346s] rust_verify_test::ProveArraySeq arrayseq_iterate_prefixes
        PASS [   1.215s] rust_verify_test::ProveArraySeq arrayseq_map
        PASS [   1.326s] rust_verify_test::ProveArraySeq arrayseq_loop_loop
        PASS [   1.289s] rust_verify_test::ProveArraySeq arrayseq_tabulate
        PASS [   1.425s] rust_verify_test::ProveArraySeq arrayseq_reduce
        PASS [   1.502s] rust_verify_test::ProveArraySeq arrayseq_scan
        PASS [   1.505s] rust_verify_test::ProveArraySeq arrayseq_scan_inclusive
        PASS [   1.356s] rust_verify_test::ProveArraySeqMtEph arrayseqmteph_for_borrow_into
        PASS [   1.338s] rust_verify_test::ProveArraySeqMtEph arrayseqmteph_for_consume
        PASS [   1.309s] rust_verify_test::ProveArraySeqMtEph arrayseqmteph_loop_borrow_into
        PASS [   1.357s] rust_verify_test::ProveArraySeqMtEph arrayseqmteph_for_iter
        PASS [   1.303s] rust_verify_test::ProveArraySeqMtEph arrayseqmteph_loop_loop
        PASS [   1.333s] rust_verify_test::ProveArraySeqMtEph arrayseqmteph_loop_consume
        PASS [   1.309s] rust_verify_test::ProveArraySeqMtPer arrayseqmtper_for_consume
        PASS [   1.386s] rust_verify_test::ProveArraySeqMtPer arrayseqmtper_for_borrow_into
        PASS [   1.348s] rust_verify_test::ProveArraySeqMtPer arrayseqmtper_for_iter
        PASS [   1.360s] rust_verify_test::ProveArraySeqMtPer arrayseqmtper_loop_borrow_into
        PASS [   1.374s] rust_verify_test::ProveArraySeqMtPer arrayseqmtper_loop_loop
        PASS [   1.413s] rust_verify_test::ProveArraySeqMtPer arrayseqmtper_loop_consume
        PASS [   1.293s] rust_verify_test::ProveArraySeqStEph arrayseqsteph_for_borrow_into
        PASS [   1.266s] rust_verify_test::ProveArraySeqStEph arrayseqsteph_loop_borrow_into
        PASS [   1.435s] rust_verify_test::ProveArraySeqStEph arrayseqsteph_for_borrow_iter
        PASS [   1.390s] rust_verify_test::ProveArraySeqStEph arrayseqsteph_for_consume
        PASS [   1.349s] rust_verify_test::ProveArraySeqStEph arrayseqsteph_loop_borrow_iter
        PASS [   1.363s] rust_verify_test::ProveArraySeqStEph arrayseqsteph_loop_consume
        PASS [   1.394s] rust_verify_test::ProveArraySeqStPer arrayseqstper_for_iter
        PASS [   1.336s] rust_verify_test::ProveArraySeqStPer arrayseqstper_loop_loop
        PASS [   1.362s] rust_verify_test::ProveBFSMtEph chap54_bfsmteph_bottom_up_for
        PASS [   1.288s] rust_verify_test::ProveBFSMtEph chap54_bfsmteph_bottom_up_loop
        PASS [   1.373s] rust_verify_test::ProveBFSMtEph chap54_bfsmteph_top_down_for
        PASS [   1.363s] rust_verify_test::ProveBFSMtEph chap54_bfsmteph_top_down_loop
        PASS [   1.291s] rust_verify_test::ProveBFSStEph chap54_bfssteph_bottom_up_loop
        PASS [   1.429s] rust_verify_test::ProveBFSStEph chap54_bfssteph_bottom_up_for
        PASS [   1.326s] rust_verify_test::ProveBFSStEph chap54_bfssteph_top_down_for
        PASS [   1.334s] rust_verify_test::ProveBFSStEph chap54_bfssteph_top_down_loop
        PASS [   1.380s] rust_verify_test::ProveBSTSetAVLMtEph bstsetavlmteph_for_borrow_into
        PASS [   1.447s] rust_verify_test::ProveBSTSetAVLMtEph bstsetavlmteph_for_borrow_iter
        PASS [   1.392s] rust_verify_test::ProveBSTSetAVLMtEph bstsetavlmteph_loop_borrow_iter
        PASS [   1.479s] rust_verify_test::ProveBSTSetAVLMtEph bstsetavlmteph_for_consume
        PASS [   1.437s] rust_verify_test::ProveBSTSetAVLMtEph bstsetavlmteph_loop_consume
        PASS [   1.472s] rust_verify_test::ProveBSTSetAVLMtEph bstsetavlmteph_loop_borrow_into
        PASS [   1.409s] rust_verify_test::ProveBSTSetBBAlphaMtEph bstsetbbalphamteph_for_borrow_into
        PASS [   1.373s] rust_verify_test::ProveBSTSetBBAlphaMtEph bstsetbbalphamteph_for_borrow_iter
        PASS [   1.390s] rust_verify_test::ProveBSTSetBBAlphaMtEph bstsetbbalphamteph_loop_borrow_into
        PASS [   1.392s] rust_verify_test::ProveBSTSetBBAlphaMtEph bstsetbbalphamteph_loop_borrow_iter
        PASS [   1.368s] rust_verify_test::ProveBSTSetPlainMtEph bstsetplainmteph_for_borrow_into
        PASS [   1.379s] rust_verify_test::ProveBSTSetPlainMtEph bstsetplainmteph_for_borrow_iter
        PASS [   1.375s] rust_verify_test::ProveBSTSetPlainMtEph bstsetplainmteph_loop_borrow_into
        PASS [   1.398s] rust_verify_test::ProveBSTSetPlainMtEph bstsetplainmteph_loop_borrow_iter
        PASS [   1.355s] rust_verify_test::ProveBSTSetRBMtEph bstsetrbmteph_loop_borrow_into
        PASS [   1.438s] rust_verify_test::ProveBSTSetRBMtEph bstsetrbmteph_for_borrow_into
        PASS [   1.411s] rust_verify_test::ProveBSTSetRBMtEph bstsetrbmteph_for_consume
        PASS [   1.480s] rust_verify_test::ProveBSTSetRBMtEph bstsetrbmteph_for_borrow_iter
        PASS [   1.323s] rust_verify_test::ProveBSTSetRBMtEph bstsetrbmteph_loop_borrow_iter
        PASS [   1.346s] rust_verify_test::ProveBSTSetRBMtEph bstsetrbmteph_loop_consume
        PASS [   1.425s] rust_verify_test::ProveBSTSetSplayMtEph bstsetsplaymteph_for_borrow_into
        PASS [   1.361s] rust_verify_test::ProveBSTSetSplayMtEph bstsetsplaymteph_loop_borrow_into
        PASS [   1.401s] rust_verify_test::ProveBSTSetSplayMtEph bstsetsplaymteph_for_consume
        PASS [   1.471s] rust_verify_test::ProveBSTSetSplayMtEph bstsetsplaymteph_for_borrow_iter
        PASS [   1.408s] rust_verify_test::ProveBSTSetSplayMtEph bstsetsplaymteph_loop_borrow_iter
        PASS [   1.376s] rust_verify_test::ProveBSTSetSplayMtEph bstsetsplaymteph_loop_consume
        PASS [   1.346s] rust_verify_test::ProveBalBinTreeStEph balbintree_inorder_spec_match
        PASS [   1.422s] rust_verify_test::ProveBalBinTreeStEph balbintree_for_preorder
        PASS [   1.456s] rust_verify_test::ProveBalBinTreeStEph balbintree_for_inorder
        PASS [   1.454s] rust_verify_test::ProveBalBinTreeStEph balbintree_for_postorder
        PASS [   1.341s] rust_verify_test::ProveBalBinTreeStEph balbintree_leaf_iter_exhausted
        PASS [   1.351s] rust_verify_test::ProveBalBinTreeStEph balbintree_leaf_traversals_empty
        PASS [   1.344s] rust_verify_test::ProveBalBinTreeStEph balbintree_postorder_spec_match
        PASS [   1.405s] rust_verify_test::ProveBalBinTreeStEph balbintree_loop_inorder
        PASS [   1.360s] rust_verify_test::ProveBalBinTreeStEph balbintree_loop_preorder
        PASS [   1.445s] rust_verify_test::ProveBalBinTreeStEph balbintree_loop_postorder
        PASS [   1.361s] rust_verify_test::ProveBalBinTreeStEph balbintree_preorder_spec_match
        PASS [   1.342s] rust_verify_test::ProveChap19ArraySeqMtEph chap19_arrayseqmteph_for_borrow_into
        PASS [   1.407s] rust_verify_test::ProveChap19ArraySeqMtEph chap19_arrayseqmteph_loop_borrow_into
        PASS [   1.426s] rust_verify_test::ProveChap19ArraySeqMtEph chap19_arrayseqmteph_for_borrow_iter
        PASS [   1.453s] rust_verify_test::ProveChap19ArraySeqMtEph chap19_arrayseqmteph_for_consume
        PASS [   1.407s] rust_verify_test::ProveChap19ArraySeqMtEph chap19_arrayseqmteph_loop_borrow_iter
        PASS [   1.412s] rust_verify_test::ProveChap19ArraySeqMtEph chap19_arrayseqmteph_loop_consume
        PASS [   1.392s] rust_verify_test::ProveChap19ArraySeqMtEphSlice slice_for_borrow_into
        PASS [   1.309s] rust_verify_test::ProveChap19ArraySeqMtEphSlice slice_loop_borrow_iter
        PASS [   1.363s] rust_verify_test::ProveChap19ArraySeqMtEphSlice slice_for_borrow_iter
        PASS [   1.338s] rust_verify_test::ProveChap19ArraySeqStEph chap19_arrayseqsteph_for_borrow_into
        PASS [   1.435s] rust_verify_test::ProveChap19ArraySeqMtEphSlice slice_iter_over_subslice
        PASS [   1.423s] rust_verify_test::ProveChap19ArraySeqMtEphSlice slice_operations
        PASS [   1.404s] rust_verify_test::ProveChap19ArraySeqStEph chap19_arrayseqsteph_for_borrow_iter
        PASS [   1.322s] rust_verify_test::ProveChap19ArraySeqStEph chap19_arrayseqsteph_loop_borrow_into
        PASS [   1.370s] rust_verify_test::ProveChap19ArraySeqStEph chap19_arrayseqsteph_for_consume
        PASS [   1.363s] rust_verify_test::ProveChap19ArraySeqStEph chap19_arrayseqsteph_loop_borrow_iter
        PASS [   1.357s] rust_verify_test::ProveChap19ArraySeqStPer chap19_arrayseqstper_for_borrow_into
        PASS [   1.402s] rust_verify_test::ProveChap19ArraySeqStEph chap19_arrayseqsteph_loop_consume
        PASS [   1.406s] rust_verify_test::ProveChap19ArraySeqStPer chap19_arrayseqstper_for_borrow_iter
        PASS [   1.345s] rust_verify_test::ProveChap19ArraySeqStPer chap19_arrayseqstper_loop_borrow_into
        PASS [   1.444s] rust_verify_test::ProveChap19ArraySeqStPer chap19_arrayseqstper_for_consume
        PASS [   1.358s] rust_verify_test::ProveChap19ArraySeqStPer chap19_arrayseqstper_loop_borrow_iter
        PASS [   1.383s] rust_verify_test::ProveChap19ArraySeqStPer chap19_arrayseqstper_loop_consume
        PASS [   1.384s] rust_verify_test::ProveKleeneStPer kleene_alphabet
        PASS [   1.398s] rust_verify_test::ProveKleeneStPer kleene_mem_plus
        PASS [   1.431s] rust_verify_test::ProveKleeneStPer kleene_mem_star
        PASS [   1.371s] rust_verify_test::ProveLinkedListStEph linkedliststeph_loop_loop
        PASS [   1.436s] rust_verify_test::ProveLinkedListStEph linkedliststeph_for_iter
        PASS [   1.358s] rust_verify_test::ProveLinkedListStPer linkedliststper_for_iter
        PASS [   1.357s] rust_verify_test::ProveLinkedListStPer linkedliststper_loop_loop
        PASS [   1.358s] rust_verify_test::ProveMathSeq mathseq_for_borrow_into
        PASS [   1.372s] rust_verify_test::ProveMathSeq mathseq_for_consume
        PASS [   1.394s] rust_verify_test::ProveMathSeq mathseq_for_borrow_iter
        PASS [   1.355s] rust_verify_test::ProveMathSeq mathseq_loop_borrow_into
        PASS [   1.349s] rust_verify_test::ProveMathSeq mathseq_loop_borrow_iter
        PASS [   1.388s] rust_verify_test::ProveMathSeq mathseq_loop_consume
        PASS [   1.397s] rust_verify_test::ProveOrderedSetStEph chap43_orderedsetsteph_for_borrow_into
        PASS [   1.365s] rust_verify_test::ProveOrderedSetStEph chap43_orderedsetsteph_loop_borrow_into
        PASS [   1.401s] rust_verify_test::ProveOrderedSetStEph chap43_orderedsetsteph_for_borrow_iter
        PASS [   1.388s] rust_verify_test::ProveOrderedSetStEph chap43_orderedsetsteph_loop_borrow_iter
        PASS [   1.439s] rust_verify_test::ProveOrderedSetStPer chap43_orderedsetstper_for_borrow_iter
        PASS [   1.405s] rust_verify_test::ProveOrderedSetStPer chap43_orderedsetstper_loop_borrow_iter
        PASS [   1.379s] rust_verify_test::ProveOrderedTableMtEph chap43_orderedtablemteph_for_borrow_into
        PASS [   1.426s] rust_verify_test::ProveOrderedTableMtEph chap43_orderedtablemteph_loop_borrow_into
        PASS [   1.411s] rust_verify_test::ProveOrderedTableMtEph chap43_orderedtablemteph_loop_borrow_iter
        PASS [   1.473s] rust_verify_test::ProveOrderedTableMtEph chap43_orderedtablemteph_for_borrow_iter
        PASS [   1.438s] rust_verify_test::ProveOrderedTableStEph chap43_orderedtablesteph_for_borrow_iter
        PASS [   1.494s] rust_verify_test::ProveOrderedTableStEph chap43_orderedtablesteph_for_borrow_into
        PASS [   1.455s] rust_verify_test::ProveOrderedTableStEph chap43_orderedtablesteph_loop_borrow_into
        PASS [   1.408s] rust_verify_test::ProveOrderedTableStEph chap43_orderedtablesteph_loop_borrow_iter
        PASS [   1.451s] rust_verify_test::ProveOrderedTableStPer chap43_orderedtablestper_for_borrow_into
        PASS [   1.515s] rust_verify_test::ProveOrderedTableStPer chap43_orderedtablestper_for_borrow_iter
        PASS [   1.375s] rust_verify_test::ProvePrimTreeSeqStPer primtreeseq_for_borrow_into
        PASS [   1.489s] rust_verify_test::ProveOrderedTableStPer chap43_orderedtablestper_loop_borrow_into
        PASS [   1.524s] rust_verify_test::ProveOrderedTableStPer chap43_orderedtablestper_loop_borrow_iter
        PASS [   1.334s] rust_verify_test::ProvePrimTreeSeqStPer primtreeseq_for_consume
        PASS [   1.400s] rust_verify_test::ProvePrimTreeSeqStPer primtreeseq_for_borrow_iter
        PASS [   1.313s] rust_verify_test::ProvePrimTreeSeqStPer primtreeseq_loop_borrow_iter
        PASS [   1.293s] rust_verify_test::ProvePrimTreeSeqStPer primtreeseq_loop_consume
        PASS [   1.362s] rust_verify_test::ProvePrimTreeSeqStPer primtreeseq_loop_borrow_into
        PASS [   1.430s] rust_verify_test::ProveSetMtEph set_mt_eph_for_borrow_into
        PASS [   1.472s] rust_verify_test::ProveSetMtEph set_mt_eph_loop_borrow_into
        PASS [   1.489s] rust_verify_test::ProveSetMtEph set_mt_eph_for_borrow_iter
        PASS [   1.396s] rust_verify_test::ProveSetStEph setsteph_for_borrow_iter
        PASS [   1.415s] rust_verify_test::ProveSetMtEph set_mt_eph_loop_borrow_iter
        PASS [   1.429s] rust_verify_test::ProveSetStEph setsteph_for_borrow_into
        PASS [   1.343s] rust_verify_test::ProveSetStEph setsteph_loop_borrow_into
        PASS [   1.358s] rust_verify_test::Provedeep_view_standard deep_view_standard_for_consume
        PASS [   1.388s] rust_verify_test::Provedeep_view_standard deep_view_standard_for_borrow_into
        PASS [   1.352s] rust_verify_test::Provedeep_view_standard deep_view_standard_loop_borrow_into
        PASS [   1.403s] rust_verify_test::ProveSetStEph setsteph_loop_borrow_iter
        PASS [   1.390s] rust_verify_test::Provedeep_view_standard deep_view_standard_for_borrow_iter
        PASS [   1.342s] rust_verify_test::Provedeep_view_standard deep_view_standard_loop_borrow_iter
        PASS [   1.251s] rust_verify_test::Provedeep_view_standard deep_view_standard_simple
        PASS [   1.322s] rust_verify_test::Provedeep_view_standard deep_view_standard_loop_consume
        PASS [   1.353s] rust_verify_test::Proveiterators_standard iterators_standard_for_borrow_iter
        PASS [   1.396s] rust_verify_test::Proveiterators_standard iterators_standard_for_consume
        PASS [   1.409s] rust_verify_test::Proveiterators_standard iterators_standard_for_borrow_into
        PASS [   1.379s] rust_verify_test::Proveiterators_standard iterators_standard_loop_borrow_into
        PASS [   1.304s] rust_verify_test::Proveiterators_standard iterators_standard_loop_borrow_iter
        PASS [   1.309s] rust_verify_test::Proveiterators_standard iterators_standard_loop_consume
        PASS [   1.435s] rust_verify_test::Provemod_standard mod_standard_for_borrow_into
        PASS [   1.404s] rust_verify_test::Provemod_standard mod_standard_for_consume
        PASS [   1.325s] rust_verify_test::Provemod_standard mod_standard_loop_borrow_into
        PASS [   1.450s] rust_verify_test::Provemod_standard mod_standard_for_borrow_iter
        PASS [   1.368s] rust_verify_test::Provemod_standard mod_standard_loop_borrow_iter
        PASS [   1.382s] rust_verify_test::Provemod_standard mod_standard_loop_consume
        PASS [   1.309s] rust_verify_test::Provetable_of_contents_standard toc_standard_for_borrow_into
        PASS [   1.319s] rust_verify_test::Provetable_of_contents_standard toc_standard_for_borrow_iter
        PASS [   1.289s] rust_verify_test::Provetable_of_contents_standard toc_standard_loop_borrow_into
        PASS [   1.374s] rust_verify_test::Provetable_of_contents_standard toc_standard_for_consume
        PASS [   1.380s] rust_verify_test::Provetable_of_contents_standard toc_standard_loop_borrow_iter
        PASS [   1.318s] rust_verify_test::Provetable_of_contents_standard toc_standard_loop_consume
        PASS [   1.314s] rust_verify_test::Proveusing_closures_standard closures_ghost_spec_fn
        PASS [   1.298s] rust_verify_test::Proveusing_closures_standard closures_inline_requires_ensures
        PASS [   1.305s] rust_verify_test::Proveusing_closures_standard closures_map_apply
        PASS [   1.362s] rust_verify_test::Proveusing_closures_standard closures_let_bind_ensures
        PASS [   1.349s] rust_verify_test::Proveview_standard view_standard_collection
        PASS [   1.413s] rust_verify_test::Proveview_standard view_standard_for_borrow_into
        PASS [   1.351s] rust_verify_test::Proveview_standard view_standard_for_borrow_iter
        PASS [   1.310s] rust_verify_test::Proveview_standard view_standard_loop_borrow_iter
        PASS [   1.435s] rust_verify_test::Proveview_standard view_standard_for_consume
        PASS [   1.375s] rust_verify_test::Proveview_standard view_standard_loop_borrow_into
        PASS [   1.284s] rust_verify_test::Proveview_standard view_standard_loop_consume
        PASS [   1.324s] rust_verify_test::Proveview_standard view_standard_simple
        PASS [   1.362s] rust_verify_test::Provewrapping_iterators_standard wrapping_for_borrow_into
        PASS [   1.330s] rust_verify_test::Provewrapping_iterators_standard wrapping_loop_borrow_into
        PASS [   1.387s] rust_verify_test::Provewrapping_iterators_standard wrapping_loop_borrow_iter
        PASS [   1.465s] rust_verify_test::Provewrapping_iterators_standard wrapping_for_borrow_iter
        PASS [   1.452s] rust_verify_test::RelationStEph relation_st_eph_for_iter
        PASS [   1.456s] rust_verify_test::RelationStEph relation_st_eph_loop_loop
        PASS [   1.484s] rust_verify_test::SetMtEph set_mt_eph_for_iter
        PASS [   1.453s] rust_verify_test::SetMtEph set_mt_eph_from_vec
        PASS [   1.434s] rust_verify_test::SetMtEph set_mt_eph_loop_loop
        PASS [   1.441s] rust_verify_test::SetStEph set_st_eph_for_iter
        PASS [   1.321s] rust_verify_test::SetStEph set_st_eph_from_vec
        PASS [   1.335s] rust_verify_test::SetStEph set_st_eph_loop_loop
        PASS [   1.273s] rust_verify_test::prove_MathSeq_iters mathseq_iter_consuming
        PASS [   1.304s] rust_verify_test::prove_MathSeq_iters mathseq_iter_range
        PASS [   1.356s] rust_verify_test::prove_MathSeq_iters mathseq_iter_nested
────────────
     Summary [  51.196s] 221 tests run: 221 passed, 0 skipped
Elapsed: 132s
