verification results:: 4505 verified, 0 errors
    Finished `release` profile [optimized] target(s) in 0.04s
────────────
 Nextest run ID 005b8374-3c19-462b-9af2-ab7945398067 with nextest profile: default
    Starting 147 tests across 34 binaries
        PASS [   1.331s] rust_verify_test::HashSetWithViewPlus hash_set_wvp_loop_loop
        PASS [   1.376s] rust_verify_test::HashSetWithViewPlus hash_set_wvp_for_iter
        PASS [   1.471s] rust_verify_test::HashMapWithViewPlus hash_map_wvp_loop_loop
        PASS [   1.530s] rust_verify_test::MappingStEph mapping_st_eph_loop_loop
        PASS [   1.533s] rust_verify_test::HashMapWithViewPlus hash_map_wvp_for_iter
        PASS [   1.631s] rust_verify_test::MappingStEph mapping_st_eph_for_iter
        PASS [   1.400s] rust_verify_test::ProveAVLTreeSetMtEph avltreesetmteph_for_borrow_into
        PASS [   1.335s] rust_verify_test::ProveArraySeq arrayseq_filter
        PASS [   1.554s] rust_verify_test::ProveAVLTreeSetMtEph avltreesetmteph_for_borrow_iter
        PASS [   1.314s] rust_verify_test::ProveArraySeq arrayseq_iterate
        PASS [   1.426s] rust_verify_test::ProveArraySeq arrayseq_for_iter
        PASS [   1.516s] rust_verify_test::ProveAVLTreeSetMtEph avltreesetmteph_loop_borrow_iter
        PASS [   1.441s] rust_verify_test::ProveArraySeq arrayseq_iterate_prefixes
        PASS [   1.309s] rust_verify_test::ProveArraySeq arrayseq_map
        PASS [   1.402s] rust_verify_test::ProveArraySeq arrayseq_loop_loop
        PASS [   1.489s] rust_verify_test::ProveArraySeq arrayseq_reduce
        PASS [   1.605s] rust_verify_test::ProveArraySeq arrayseq_scan
        PASS [   1.628s] rust_verify_test::ProveArraySeq arrayseq_scan_inclusive
        PASS [   1.295s] rust_verify_test::ProveArraySeq arrayseq_tabulate
        PASS [   1.416s] rust_verify_test::ProveArraySeqMtEph arrayseqmteph_loop_loop
        PASS [   1.487s] rust_verify_test::ProveArraySeqMtEph arrayseqmteph_for_iter
        PASS [   1.400s] rust_verify_test::ProveArraySeqMtPer arrayseqmtper_for_iter
        PASS [   1.513s] rust_verify_test::ProveArraySeqMtPer arrayseqmtper_loop_loop
        PASS [   1.514s] rust_verify_test::ProveArraySeqStEph arrayseqsteph_for_borrow_into
        PASS [   1.495s] rust_verify_test::ProveArraySeqStEph arrayseqsteph_for_borrow_iter
        PASS [   1.324s] rust_verify_test::ProveArraySeqStEph arrayseqsteph_loop_borrow_into
        PASS [   1.497s] rust_verify_test::ProveArraySeqStEph arrayseqsteph_for_consume
        PASS [   1.484s] rust_verify_test::ProveArraySeqStEph arrayseqsteph_loop_borrow_iter
        PASS [   1.401s] rust_verify_test::ProveArraySeqStEph arrayseqsteph_loop_consume
        PASS [   1.434s] rust_verify_test::ProveArraySeqStPer arrayseqstper_for_iter
        PASS [   1.545s] rust_verify_test::ProveArraySeqStPer arrayseqstper_loop_loop
        PASS [   1.483s] rust_verify_test::ProveBFSMtEph chap54_bfsmteph_bottom_up_loop
        PASS [   1.366s] rust_verify_test::ProveBFSStEph chap54_bfssteph_bottom_up_loop
        PASS [   1.572s] rust_verify_test::ProveBFSMtEph chap54_bfsmteph_top_down_loop
        PASS [   1.349s] rust_verify_test::ProveBFSStEph chap54_bfssteph_top_down_loop
        PASS [   1.527s] rust_verify_test::ProveBalBinTreeStEph balbintree_for_inorder
        PASS [   1.392s] rust_verify_test::ProveBalBinTreeStEph balbintree_inorder_spec_match
        PASS [   1.631s] rust_verify_test::ProveBalBinTreeStEph balbintree_for_postorder
        PASS [   1.616s] rust_verify_test::ProveBalBinTreeStEph balbintree_for_preorder
        PASS [   1.531s] rust_verify_test::ProveBalBinTreeStEph balbintree_leaf_traversals_empty
        PASS [   1.779s] rust_verify_test::ProveBalBinTreeStEph balbintree_leaf_iter_exhausted
        PASS [   1.507s] rust_verify_test::ProveBalBinTreeStEph balbintree_loop_inorder
        PASS [   1.428s] rust_verify_test::ProveBalBinTreeStEph balbintree_loop_postorder
        PASS [   1.401s] rust_verify_test::ProveBalBinTreeStEph balbintree_postorder_spec_match
        PASS [   1.502s] rust_verify_test::ProveBalBinTreeStEph balbintree_loop_preorder
        PASS [   1.430s] rust_verify_test::ProveBalBinTreeStEph balbintree_preorder_spec_match
        PASS [   1.407s] rust_verify_test::ProveChap19ArraySeqMtEph chap19_arrayseqmteph_for_borrow_iter
        PASS [   1.589s] rust_verify_test::ProveChap19ArraySeqMtEph chap19_arrayseqmteph_for_borrow_into
        PASS [   1.399s] rust_verify_test::ProveChap19ArraySeqMtEph chap19_arrayseqmteph_for_consume
        PASS [   1.389s] rust_verify_test::ProveChap19ArraySeqMtEph chap19_arrayseqmteph_loop_borrow_into
        PASS [   1.362s] rust_verify_test::ProveChap19ArraySeqMtEph chap19_arrayseqmteph_loop_borrow_iter
        PASS [   1.435s] rust_verify_test::ProveChap19ArraySeqMtEph chap19_arrayseqmteph_loop_consume
        PASS [   1.459s] rust_verify_test::ProveChap19ArraySeqMtEphSlice slice_for_borrow_into
        PASS [   1.401s] rust_verify_test::ProveChap19ArraySeqMtEphSlice slice_for_borrow_iter
        PASS [   1.480s] rust_verify_test::ProveChap19ArraySeqMtEphSlice slice_iter_over_subslice
        PASS [   1.453s] rust_verify_test::ProveChap19ArraySeqMtEphSlice slice_operations
        PASS [   1.603s] rust_verify_test::ProveChap19ArraySeqMtEphSlice slice_loop_borrow_iter
        PASS [   1.558s] rust_verify_test::ProveChap19ArraySeqStEph chap19_arrayseqsteph_for_borrow_into
        PASS [   1.444s] rust_verify_test::ProveChap19ArraySeqStEph chap19_arrayseqsteph_for_borrow_iter
        PASS [   1.499s] rust_verify_test::ProveChap19ArraySeqStEph chap19_arrayseqsteph_for_consume
        PASS [   1.443s] rust_verify_test::ProveChap19ArraySeqStEph chap19_arrayseqsteph_loop_borrow_into
        PASS [   1.400s] rust_verify_test::ProveChap19ArraySeqStEph chap19_arrayseqsteph_loop_borrow_iter
        PASS [   1.502s] rust_verify_test::ProveChap19ArraySeqStEph chap19_arrayseqsteph_loop_consume
        PASS [   1.534s] rust_verify_test::ProveChap19ArraySeqStPer chap19_arrayseqstper_for_borrow_into
        PASS [   1.489s] rust_verify_test::ProveChap19ArraySeqStPer chap19_arrayseqstper_for_borrow_iter
        PASS [   1.543s] rust_verify_test::ProveChap19ArraySeqStPer chap19_arrayseqstper_for_consume
        PASS [   1.430s] rust_verify_test::ProveChap19ArraySeqStPer chap19_arrayseqstper_loop_borrow_iter
        PASS [   1.516s] rust_verify_test::ProveChap19ArraySeqStPer chap19_arrayseqstper_loop_borrow_into
        PASS [   1.384s] rust_verify_test::ProveChap19ArraySeqStPer chap19_arrayseqstper_loop_consume
        PASS [   1.442s] rust_verify_test::ProveKleeneStPer kleene_alphabet
        PASS [   1.519s] rust_verify_test::ProveKleeneStPer kleene_mem_plus
        PASS [   1.429s] rust_verify_test::ProveKleeneStPer kleene_mem_star
        PASS [   1.511s] rust_verify_test::ProveLinkedListStEph linkedliststeph_for_iter
        PASS [   1.536s] rust_verify_test::ProveLinkedListStEph linkedliststeph_loop_loop
        PASS [   1.494s] rust_verify_test::ProveLinkedListStPer linkedliststper_for_iter
        PASS [   1.347s] rust_verify_test::ProveLinkedListStPer linkedliststper_loop_loop
        PASS [   1.413s] rust_verify_test::ProveMathSeq mathseq_for_borrow_into
        PASS [   1.507s] rust_verify_test::ProveMathSeq mathseq_for_borrow_iter
        PASS [   1.529s] rust_verify_test::ProveMathSeq mathseq_loop_borrow_into
        PASS [   1.643s] rust_verify_test::ProveMathSeq mathseq_for_consume
        PASS [   1.520s] rust_verify_test::ProveMathSeq mathseq_loop_borrow_iter
        PASS [   1.568s] rust_verify_test::ProveMathSeq mathseq_loop_consume
        PASS [   1.698s] rust_verify_test::ProveOrderedTableStPer chap43_orderedtablestper_for_borrow_into
        PASS [   1.710s] rust_verify_test::ProveOrderedTableStPer chap43_orderedtablestper_for_borrow_iter
        PASS [   1.577s] rust_verify_test::ProvePrimTreeSeqStPer primtreeseq_for_borrow_into
        PASS [   1.746s] rust_verify_test::ProveOrderedTableStPer chap43_orderedtablestper_loop_borrow_iter
        PASS [   1.786s] rust_verify_test::ProveOrderedTableStPer chap43_orderedtablestper_loop_borrow_into
        PASS [   1.566s] rust_verify_test::ProvePrimTreeSeqStPer primtreeseq_for_borrow_iter
        PASS [   1.488s] rust_verify_test::ProvePrimTreeSeqStPer primtreeseq_loop_borrow_into
        PASS [   1.678s] rust_verify_test::ProvePrimTreeSeqStPer primtreeseq_for_consume
        PASS [   1.452s] rust_verify_test::ProvePrimTreeSeqStPer primtreeseq_loop_borrow_iter
        PASS [   1.526s] rust_verify_test::ProvePrimTreeSeqStPer primtreeseq_loop_consume
        PASS [   1.518s] rust_verify_test::ProveSetMtEph set_mt_eph_for_borrow_iter
        PASS [   1.572s] rust_verify_test::ProveSetMtEph set_mt_eph_for_borrow_into
        PASS [   1.517s] rust_verify_test::Provedeep_view_standard deep_view_standard_for_borrow_into
        PASS [   1.658s] rust_verify_test::ProveSetMtEph set_mt_eph_loop_borrow_iter
        PASS [   1.647s] rust_verify_test::Provedeep_view_standard deep_view_standard_for_borrow_iter
        PASS [   1.450s] rust_verify_test::Provedeep_view_standard deep_view_standard_for_consume
        PASS [   1.553s] rust_verify_test::Provedeep_view_standard deep_view_standard_loop_borrow_iter
        PASS [   1.598s] rust_verify_test::Provedeep_view_standard deep_view_standard_loop_borrow_into
        PASS [   1.463s] rust_verify_test::Provedeep_view_standard deep_view_standard_simple
        PASS [   1.681s] rust_verify_test::Provedeep_view_standard deep_view_standard_loop_consume
        PASS [   1.565s] rust_verify_test::Proveiterators_standard iterators_standard_for_borrow_into
        PASS [   1.541s] rust_verify_test::Proveiterators_standard iterators_standard_for_borrow_iter
        PASS [   1.486s] rust_verify_test::Proveiterators_standard iterators_standard_for_consume
        PASS [   1.524s] rust_verify_test::Proveiterators_standard iterators_standard_loop_borrow_into
        PASS [   1.423s] rust_verify_test::Proveiterators_standard iterators_standard_loop_consume
        PASS [   1.656s] rust_verify_test::Proveiterators_standard iterators_standard_loop_borrow_iter
        PASS [   1.399s] rust_verify_test::Provemod_standard mod_standard_for_consume
        PASS [   1.509s] rust_verify_test::Provemod_standard mod_standard_for_borrow_iter
        PASS [   1.545s] rust_verify_test::Provemod_standard mod_standard_for_borrow_into
        PASS [   1.512s] rust_verify_test::Provemod_standard mod_standard_loop_borrow_into
        PASS [   1.493s] rust_verify_test::Provemod_standard mod_standard_loop_borrow_iter
        PASS [   1.480s] rust_verify_test::Provemod_standard mod_standard_loop_consume
        PASS [   1.407s] rust_verify_test::Provetable_of_contents_standard toc_standard_for_consume
        PASS [   1.521s] rust_verify_test::Provetable_of_contents_standard toc_standard_for_borrow_into
        PASS [   1.551s] rust_verify_test::Provetable_of_contents_standard toc_standard_for_borrow_iter
        PASS [   1.594s] rust_verify_test::Provetable_of_contents_standard toc_standard_loop_borrow_into
        PASS [   1.385s] rust_verify_test::Provetable_of_contents_standard toc_standard_loop_consume
        PASS [   1.666s] rust_verify_test::Provetable_of_contents_standard toc_standard_loop_borrow_iter
        PASS [   1.381s] rust_verify_test::Proveusing_closures_standard closures_inline_requires_ensures
        PASS [   1.603s] rust_verify_test::Proveusing_closures_standard closures_ghost_spec_fn
        PASS [   1.495s] rust_verify_test::Proveusing_closures_standard closures_let_bind_ensures
        PASS [   1.365s] rust_verify_test::Proveusing_closures_standard closures_map_apply
        PASS [   1.289s] rust_verify_test::Proveview_standard view_standard_collection
        PASS [   1.458s] rust_verify_test::Proveview_standard view_standard_for_borrow_into
        PASS [   1.444s] rust_verify_test::Proveview_standard view_standard_for_borrow_iter
        PASS [   1.419s] rust_verify_test::Proveview_standard view_standard_for_consume
        PASS [   1.416s] rust_verify_test::Proveview_standard view_standard_loop_borrow_into
        PASS [   1.433s] rust_verify_test::Proveview_standard view_standard_loop_borrow_iter
        PASS [   1.496s] rust_verify_test::Proveview_standard view_standard_loop_consume
        PASS [   1.337s] rust_verify_test::Proveview_standard view_standard_simple
        PASS [   1.446s] rust_verify_test::Provewrapping_iterators_standard wrapping_for_borrow_into
        PASS [   1.465s] rust_verify_test::Provewrapping_iterators_standard wrapping_for_borrow_iter
        PASS [   1.514s] rust_verify_test::Provewrapping_iterators_standard wrapping_loop_borrow_into
        PASS [   1.499s] rust_verify_test::Provewrapping_iterators_standard wrapping_loop_borrow_iter
        PASS [   1.601s] rust_verify_test::RelationStEph relation_st_eph_for_iter
        PASS [   1.520s] rust_verify_test::RelationStEph relation_st_eph_loop_loop
        PASS [   1.550s] rust_verify_test::SetMtEph set_mt_eph_for_iter
        PASS [   1.539s] rust_verify_test::SetMtEph set_mt_eph_loop_loop
        PASS [   1.473s] rust_verify_test::SetStEph set_st_eph_for_iter
        PASS [   1.652s] rust_verify_test::SetMtEph set_mt_eph_from_vec
        PASS [   1.446s] rust_verify_test::SetStEph set_st_eph_from_vec
        PASS [   1.606s] rust_verify_test::SetStEph set_st_eph_loop_loop
        PASS [   1.279s] rust_verify_test::prove_MathSeq_iters mathseq_iter_consuming
        PASS [   1.259s] rust_verify_test::prove_MathSeq_iters mathseq_iter_nested
        PASS [   1.264s] rust_verify_test::prove_MathSeq_iters mathseq_iter_range
────────────
     Summary [  37.020s] 147 tests run: 147 passed, 0 skipped
Elapsed: 110s
