warning: verus-related attribute has no effect because item is already marked external
    --> src/Chap65/UnionFindStEph.rs:1442:9
     |
1442 |         reveal(spec_rank_lt_elements);
     |         ^^^^^^

verification results:: 5667 verified, 0 errors
warning: 1 warning emitted

    Finished `release` profile [optimized] target(s) in 0.01s
────────────
 Nextest run ID c7766a87-3eb3-401e-bcc4-2a388e32ee29 with nextest profile: default
    Starting 221 tests across 48 binaries
        PASS [   1.279s] rust_verify_test::HashMapWithViewPlus hash_map_wvp_loop_loop
        PASS [   1.282s] rust_verify_test::HashSetWithViewPlus hash_set_wvp_loop_loop
        PASS [   1.332s] rust_verify_test::HashSetWithViewPlus hash_set_wvp_for_iter
        PASS [   1.337s] rust_verify_test::HashMapWithViewPlus hash_map_wvp_for_iter
        PASS [   1.437s] rust_verify_test::MappingStEph mapping_st_eph_loop_loop
        PASS [   1.453s] rust_verify_test::MappingStEph mapping_st_eph_for_iter
        PASS [   1.351s] rust_verify_test::ProveAVLTreeSeq avltreeseq_loop_borrow_into
        PASS [   1.415s] rust_verify_test::ProveAVLTreeSeq avltreeseq_for_borrow_iter
        PASS [   1.430s] rust_verify_test::ProveAVLTreeSeq avltreeseq_for_borrow_into
        PASS [   1.405s] rust_verify_test::ProveAVLTreeSeq avltreeseq_loop_borrow_iter
        PASS [   1.339s] rust_verify_test::ProveAVLTreeSeqMtPer avltreeseqmtper_for_borrow_iter
        PASS [   1.404s] rust_verify_test::ProveAVLTreeSeqMtPer avltreeseqmtper_for_borrow_into
        PASS [   1.307s] rust_verify_test::ProveAVLTreeSeqMtPer avltreeseqmtper_loop_borrow_into
        PASS [   1.302s] rust_verify_test::ProveAVLTreeSeqMtPer avltreeseqmtper_loop_borrow_iter
        PASS [   1.396s] rust_verify_test::ProveAVLTreeSeqStEph avltreeseqsteph_for_borrow_into
        PASS [   1.376s] rust_verify_test::ProveAVLTreeSeqStEph avltreeseqsteph_for_borrow_iter
        PASS [   1.341s] rust_verify_test::ProveAVLTreeSeqStEph avltreeseqsteph_loop_borrow_into
        PASS [   1.336s] rust_verify_test::ProveAVLTreeSeqStEph avltreeseqsteph_loop_borrow_iter
        PASS [   1.363s] rust_verify_test::ProveAVLTreeSeqStPer avltreeseqstper_for_borrow_into
        PASS [   1.368s] rust_verify_test::ProveAVLTreeSeqStPer avltreeseqstper_for_borrow_iter
        PASS [   1.372s] rust_verify_test::ProveAVLTreeSeqStPer avltreeseqstper_loop_borrow_into
        PASS [   1.368s] rust_verify_test::ProveAVLTreeSeqStPer avltreeseqstper_loop_borrow_iter
        PASS [   1.356s] rust_verify_test::ProveAVLTreeSetMtEph avltreesetmteph_for_borrow_into
        PASS [   1.363s] rust_verify_test::ProveAVLTreeSetMtEph avltreesetmteph_for_borrow_iter
        PASS [   1.328s] rust_verify_test::ProveAVLTreeSetMtEph avltreesetmteph_loop_borrow_iter
        PASS [   1.398s] rust_verify_test::ProveAVLTreeSetMtEph avltreesetmteph_loop_borrow_into
        PASS [   1.279s] rust_verify_test::ProveArraySeq arrayseq_iterate
        PASS [   1.344s] rust_verify_test::ProveArraySeq arrayseq_filter
        PASS [   1.338s] rust_verify_test::ProveArraySeq arrayseq_for_iter
        PASS [   1.364s] rust_verify_test::ProveArraySeq arrayseq_iterate_prefixes
        PASS [   1.238s] rust_verify_test::ProveArraySeq arrayseq_map
        PASS [   1.317s] rust_verify_test::ProveArraySeq arrayseq_loop_loop
        PASS [   1.388s] rust_verify_test::ProveArraySeq arrayseq_reduce
        PASS [   1.262s] rust_verify_test::ProveArraySeq arrayseq_tabulate
        PASS [   1.441s] rust_verify_test::ProveArraySeq arrayseq_scan_inclusive
        PASS [   1.470s] rust_verify_test::ProveArraySeq arrayseq_scan
        PASS [   1.293s] rust_verify_test::ProveArraySeqMtEph arrayseqmteph_for_borrow_into
        PASS [   1.382s] rust_verify_test::ProveArraySeqMtEph arrayseqmteph_for_consume
        PASS [   1.263s] rust_verify_test::ProveArraySeqMtEph arrayseqmteph_loop_borrow_into
        PASS [   1.316s] rust_verify_test::ProveArraySeqMtEph arrayseqmteph_for_iter
        PASS [   1.323s] rust_verify_test::ProveArraySeqMtEph arrayseqmteph_loop_consume
        PASS [   1.311s] rust_verify_test::ProveArraySeqMtEph arrayseqmteph_loop_loop
        PASS [   1.363s] rust_verify_test::ProveArraySeqMtPer arrayseqmtper_for_borrow_into
        PASS [   1.355s] rust_verify_test::ProveArraySeqMtPer arrayseqmtper_for_consume
        PASS [   1.320s] rust_verify_test::ProveArraySeqMtPer arrayseqmtper_for_iter
        PASS [   1.297s] rust_verify_test::ProveArraySeqMtPer arrayseqmtper_loop_borrow_into
        PASS [   1.266s] rust_verify_test::ProveArraySeqMtPer arrayseqmtper_loop_loop
        PASS [   1.299s] rust_verify_test::ProveArraySeqMtPer arrayseqmtper_loop_consume
        PASS [   1.328s] rust_verify_test::ProveArraySeqStEph arrayseqsteph_for_borrow_into
        PASS [   1.304s] rust_verify_test::ProveArraySeqStEph arrayseqsteph_for_consume
        PASS [   1.364s] rust_verify_test::ProveArraySeqStEph arrayseqsteph_for_borrow_iter
        PASS [   1.380s] rust_verify_test::ProveArraySeqStEph arrayseqsteph_loop_borrow_into
        PASS [   1.333s] rust_verify_test::ProveArraySeqStEph arrayseqsteph_loop_borrow_iter
        PASS [   1.321s] rust_verify_test::ProveArraySeqStEph arrayseqsteph_loop_consume
        PASS [   1.326s] rust_verify_test::ProveArraySeqStPer arrayseqstper_for_iter
        PASS [   1.283s] rust_verify_test::ProveArraySeqStPer arrayseqstper_loop_loop
        PASS [   1.242s] rust_verify_test::ProveBFSMtEph chap54_bfsmteph_bottom_up_loop
        PASS [   1.341s] rust_verify_test::ProveBFSMtEph chap54_bfsmteph_bottom_up_for
        PASS [   1.302s] rust_verify_test::ProveBFSMtEph chap54_bfsmteph_top_down_loop
        PASS [   1.350s] rust_verify_test::ProveBFSMtEph chap54_bfsmteph_top_down_for
        PASS [   1.233s] rust_verify_test::ProveBFSStEph chap54_bfssteph_bottom_up_loop
        PASS [   1.280s] rust_verify_test::ProveBFSStEph chap54_bfssteph_bottom_up_for
        PASS [   1.348s] rust_verify_test::ProveBFSStEph chap54_bfssteph_top_down_for
        PASS [   1.390s] rust_verify_test::ProveBFSStEph chap54_bfssteph_top_down_loop
        PASS [   1.352s] rust_verify_test::ProveBSTSetAVLMtEph bstsetavlmteph_for_borrow_iter
        PASS [   1.426s] rust_verify_test::ProveBSTSetAVLMtEph bstsetavlmteph_for_borrow_into
        PASS [   1.331s] rust_verify_test::ProveBSTSetAVLMtEph bstsetavlmteph_for_consume
        PASS [   1.360s] rust_verify_test::ProveBSTSetAVLMtEph bstsetavlmteph_loop_borrow_into
        PASS [   1.372s] rust_verify_test::ProveBSTSetAVLMtEph bstsetavlmteph_loop_borrow_iter
        PASS [   1.327s] rust_verify_test::ProveBSTSetBBAlphaMtEph bstsetbbalphamteph_for_borrow_into
        PASS [   1.428s] rust_verify_test::ProveBSTSetAVLMtEph bstsetavlmteph_loop_consume
        PASS [   1.374s] rust_verify_test::ProveBSTSetBBAlphaMtEph bstsetbbalphamteph_for_borrow_iter
        PASS [   1.327s] rust_verify_test::ProveBSTSetBBAlphaMtEph bstsetbbalphamteph_loop_borrow_into
        PASS [   1.331s] rust_verify_test::ProveBSTSetBBAlphaMtEph bstsetbbalphamteph_loop_borrow_iter
        PASS [   1.334s] rust_verify_test::ProveBSTSetPlainMtEph bstsetplainmteph_for_borrow_into
        PASS [   1.332s] rust_verify_test::ProveBSTSetPlainMtEph bstsetplainmteph_loop_borrow_into
        PASS [   1.330s] rust_verify_test::ProveBSTSetPlainMtEph bstsetplainmteph_loop_borrow_iter
        PASS [   1.479s] rust_verify_test::ProveBSTSetPlainMtEph bstsetplainmteph_for_borrow_iter
        PASS [   1.387s] rust_verify_test::ProveBSTSetRBMtEph bstsetrbmteph_for_borrow_into
        PASS [   1.450s] rust_verify_test::ProveBSTSetRBMtEph bstsetrbmteph_for_borrow_iter
        PASS [   1.348s] rust_verify_test::ProveBSTSetRBMtEph bstsetrbmteph_for_consume
        PASS [   1.351s] rust_verify_test::ProveBSTSetRBMtEph bstsetrbmteph_loop_consume
        PASS [   1.463s] rust_verify_test::ProveBSTSetRBMtEph bstsetrbmteph_loop_borrow_into
        PASS [   1.455s] rust_verify_test::ProveBSTSetRBMtEph bstsetrbmteph_loop_borrow_iter
        PASS [   1.380s] rust_verify_test::ProveBSTSetSplayMtEph bstsetsplaymteph_for_borrow_into
        PASS [   1.338s] rust_verify_test::ProveBSTSetSplayMtEph bstsetsplaymteph_for_borrow_iter
        PASS [   1.475s] rust_verify_test::ProveBSTSetSplayMtEph bstsetsplaymteph_for_consume
        PASS [   1.295s] rust_verify_test::ProveBSTSetSplayMtEph bstsetsplaymteph_loop_borrow_into
        PASS [   1.308s] rust_verify_test::ProveBSTSetSplayMtEph bstsetsplaymteph_loop_borrow_iter
        PASS [   1.341s] rust_verify_test::ProveBSTSetSplayMtEph bstsetsplaymteph_loop_consume
        PASS [   1.331s] rust_verify_test::ProveBalBinTreeStEph balbintree_for_inorder
        PASS [   1.332s] rust_verify_test::ProveBalBinTreeStEph balbintree_for_postorder
        PASS [   1.353s] rust_verify_test::ProveBalBinTreeStEph balbintree_for_preorder
        PASS [   1.249s] rust_verify_test::ProveBalBinTreeStEph balbintree_leaf_iter_exhausted
        PASS [   1.241s] rust_verify_test::ProveBalBinTreeStEph balbintree_leaf_traversals_empty
        PASS [   1.339s] rust_verify_test::ProveBalBinTreeStEph balbintree_inorder_spec_match
        PASS [   1.311s] rust_verify_test::ProveBalBinTreeStEph balbintree_loop_inorder
        PASS [   1.298s] rust_verify_test::ProveBalBinTreeStEph balbintree_loop_postorder
        PASS [   1.284s] rust_verify_test::ProveBalBinTreeStEph balbintree_postorder_spec_match
        PASS [   1.302s] rust_verify_test::ProveBalBinTreeStEph balbintree_loop_preorder
        PASS [   1.328s] rust_verify_test::ProveBalBinTreeStEph balbintree_preorder_spec_match
        PASS [   1.379s] rust_verify_test::ProveChap19ArraySeqMtEph chap19_arrayseqmteph_for_borrow_into
        PASS [   1.337s] rust_verify_test::ProveChap19ArraySeqMtEph chap19_arrayseqmteph_for_borrow_iter
        PASS [   1.318s] rust_verify_test::ProveChap19ArraySeqMtEph chap19_arrayseqmteph_for_consume
        PASS [   1.291s] rust_verify_test::ProveChap19ArraySeqMtEph chap19_arrayseqmteph_loop_borrow_into
        PASS [   1.352s] rust_verify_test::ProveChap19ArraySeqMtEph chap19_arrayseqmteph_loop_borrow_iter
        PASS [   1.278s] rust_verify_test::ProveChap19ArraySeqMtEph chap19_arrayseqmteph_loop_consume
        PASS [   1.337s] rust_verify_test::ProveChap19ArraySeqMtEphSlice slice_for_borrow_into
        PASS [   1.296s] rust_verify_test::ProveChap19ArraySeqMtEphSlice slice_for_borrow_iter
        PASS [   1.405s] rust_verify_test::ProveChap19ArraySeqMtEphSlice slice_iter_over_subslice
        PASS [   1.347s] rust_verify_test::ProveChap19ArraySeqMtEphSlice slice_loop_borrow_iter
        PASS [   1.377s] rust_verify_test::ProveChap19ArraySeqStEph chap19_arrayseqsteph_for_borrow_into
        PASS [   1.401s] rust_verify_test::ProveChap19ArraySeqMtEphSlice slice_operations
        PASS [   1.306s] rust_verify_test::ProveChap19ArraySeqStEph chap19_arrayseqsteph_for_borrow_iter
        PASS [   1.459s] rust_verify_test::ProveChap19ArraySeqStEph chap19_arrayseqsteph_for_consume
        PASS [   1.325s] rust_verify_test::ProveChap19ArraySeqStEph chap19_arrayseqsteph_loop_borrow_into
        PASS [   1.289s] rust_verify_test::ProveChap19ArraySeqStEph chap19_arrayseqsteph_loop_borrow_iter
        PASS [   1.269s] rust_verify_test::ProveChap19ArraySeqStEph chap19_arrayseqsteph_loop_consume
        PASS [   1.367s] rust_verify_test::ProveChap19ArraySeqStPer chap19_arrayseqstper_for_borrow_into
        PASS [   1.362s] rust_verify_test::ProveChap19ArraySeqStPer chap19_arrayseqstper_for_borrow_iter
        PASS [   1.309s] rust_verify_test::ProveChap19ArraySeqStPer chap19_arrayseqstper_loop_borrow_into
        PASS [   1.325s] rust_verify_test::ProveChap19ArraySeqStPer chap19_arrayseqstper_for_consume
        PASS [   1.382s] rust_verify_test::ProveChap19ArraySeqStPer chap19_arrayseqstper_loop_borrow_iter
        PASS [   1.353s] rust_verify_test::ProveChap19ArraySeqStPer chap19_arrayseqstper_loop_consume
        PASS [   1.255s] rust_verify_test::ProveKleeneStPer kleene_alphabet
        PASS [   1.398s] rust_verify_test::ProveKleeneStPer kleene_mem_plus
        PASS [   1.362s] rust_verify_test::ProveKleeneStPer kleene_mem_star
        PASS [   1.396s] rust_verify_test::ProveLinkedListStEph linkedliststeph_for_iter
        PASS [   1.305s] rust_verify_test::ProveLinkedListStEph linkedliststeph_loop_loop
        PASS [   1.361s] rust_verify_test::ProveLinkedListStPer linkedliststper_loop_loop
        PASS [   1.395s] rust_verify_test::ProveLinkedListStPer linkedliststper_for_iter
        PASS [   1.368s] rust_verify_test::ProveMathSeq mathseq_for_borrow_into
        PASS [   1.375s] rust_verify_test::ProveMathSeq mathseq_for_consume
        PASS [   1.473s] rust_verify_test::ProveMathSeq mathseq_for_borrow_iter
        PASS [   1.392s] rust_verify_test::ProveMathSeq mathseq_loop_borrow_into
        PASS [   1.302s] rust_verify_test::ProveMathSeq mathseq_loop_borrow_iter
        PASS [   1.320s] rust_verify_test::ProveMathSeq mathseq_loop_consume
        PASS [   1.352s] rust_verify_test::ProveOrderedSetStEph chap43_orderedsetsteph_for_borrow_into
        PASS [   1.437s] rust_verify_test::ProveOrderedSetStEph chap43_orderedsetsteph_for_borrow_iter
        PASS [   1.399s] rust_verify_test::ProveOrderedSetStEph chap43_orderedsetsteph_loop_borrow_into
        PASS [   1.381s] rust_verify_test::ProveOrderedSetStEph chap43_orderedsetsteph_loop_borrow_iter
        PASS [   1.398s] rust_verify_test::ProveOrderedSetStPer chap43_orderedsetstper_loop_borrow_iter
        PASS [   1.468s] rust_verify_test::ProveOrderedSetStPer chap43_orderedsetstper_for_borrow_iter
        PASS [   1.413s] rust_verify_test::ProveOrderedTableMtEph chap43_orderedtablemteph_for_borrow_into
        PASS [   1.357s] rust_verify_test::ProveOrderedTableMtEph chap43_orderedtablemteph_loop_borrow_into
        PASS [   1.425s] rust_verify_test::ProveOrderedTableMtEph chap43_orderedtablemteph_for_borrow_iter
        PASS [   1.480s] rust_verify_test::ProveOrderedTableMtEph chap43_orderedtablemteph_loop_borrow_iter
        PASS [   1.467s] rust_verify_test::ProveOrderedTableStEph chap43_orderedtablesteph_for_borrow_into
        PASS [   1.506s] rust_verify_test::ProveOrderedTableStEph chap43_orderedtablesteph_for_borrow_iter
        PASS [   1.462s] rust_verify_test::ProveOrderedTableStEph chap43_orderedtablesteph_loop_borrow_into
        PASS [   1.424s] rust_verify_test::ProveOrderedTableStEph chap43_orderedtablesteph_loop_borrow_iter
        PASS [   1.456s] rust_verify_test::ProveOrderedTableStPer chap43_orderedtablestper_for_borrow_into
        PASS [   1.404s] rust_verify_test::ProveOrderedTableStPer chap43_orderedtablestper_for_borrow_iter
        PASS [   1.414s] rust_verify_test::ProveOrderedTableStPer chap43_orderedtablestper_loop_borrow_into
        PASS [   1.356s] rust_verify_test::ProveOrderedTableStPer chap43_orderedtablestper_loop_borrow_iter
        PASS [   1.306s] rust_verify_test::ProvePrimTreeSeqStPer primtreeseq_for_borrow_into
        PASS [   1.324s] rust_verify_test::ProvePrimTreeSeqStPer primtreeseq_for_borrow_iter
        PASS [   1.361s] rust_verify_test::ProvePrimTreeSeqStPer primtreeseq_for_consume
        PASS [   1.326s] rust_verify_test::ProvePrimTreeSeqStPer primtreeseq_loop_borrow_into
        PASS [   1.305s] rust_verify_test::ProvePrimTreeSeqStPer primtreeseq_loop_borrow_iter
        PASS [   1.328s] rust_verify_test::ProvePrimTreeSeqStPer primtreeseq_loop_consume
        PASS [   1.395s] rust_verify_test::ProveSetMtEph set_mt_eph_for_borrow_into
        PASS [   1.447s] rust_verify_test::ProveSetMtEph set_mt_eph_for_borrow_iter
        PASS [   1.381s] rust_verify_test::ProveSetMtEph set_mt_eph_loop_borrow_iter
        PASS [   1.401s] rust_verify_test::ProveSetMtEph set_mt_eph_loop_borrow_into
        PASS [   1.346s] rust_verify_test::ProveSetStEph setsteph_for_borrow_iter
        PASS [   1.439s] rust_verify_test::ProveSetStEph setsteph_for_borrow_into
        PASS [   1.340s] rust_verify_test::ProveSetStEph setsteph_loop_borrow_into
        PASS [   1.388s] rust_verify_test::ProveSetStEph setsteph_loop_borrow_iter
        PASS [   1.346s] rust_verify_test::Provedeep_view_standard deep_view_standard_for_borrow_into
        PASS [   1.362s] rust_verify_test::Provedeep_view_standard deep_view_standard_for_borrow_iter
        PASS [   1.305s] rust_verify_test::Provedeep_view_standard deep_view_standard_for_consume
        PASS [   1.337s] rust_verify_test::Provedeep_view_standard deep_view_standard_loop_borrow_into
        PASS [   1.285s] rust_verify_test::Provedeep_view_standard deep_view_standard_loop_borrow_iter
        PASS [   1.296s] rust_verify_test::Provedeep_view_standard deep_view_standard_simple
        PASS [   1.363s] rust_verify_test::Provedeep_view_standard deep_view_standard_loop_consume
        PASS [   1.326s] rust_verify_test::Proveiterators_standard iterators_standard_for_borrow_iter
        PASS [   1.423s] rust_verify_test::Proveiterators_standard iterators_standard_for_borrow_into
        PASS [   1.349s] rust_verify_test::Proveiterators_standard iterators_standard_for_consume
        PASS [   1.318s] rust_verify_test::Proveiterators_standard iterators_standard_loop_borrow_into
        PASS [   1.228s] rust_verify_test::Proveiterators_standard iterators_standard_loop_borrow_iter
        PASS [   1.288s] rust_verify_test::Provemod_standard mod_standard_for_borrow_into
        PASS [   1.331s] rust_verify_test::Proveiterators_standard iterators_standard_loop_consume
        PASS [   1.270s] rust_verify_test::Provemod_standard mod_standard_for_consume
        PASS [   1.275s] rust_verify_test::Provemod_standard mod_standard_loop_borrow_into
        PASS [   1.396s] rust_verify_test::Provemod_standard mod_standard_for_borrow_iter
        PASS [   1.310s] rust_verify_test::Provemod_standard mod_standard_loop_borrow_iter
        PASS [   1.366s] rust_verify_test::Provemod_standard mod_standard_loop_consume
        PASS [   1.358s] rust_verify_test::Provetable_of_contents_standard toc_standard_for_borrow_into
        PASS [   1.318s] rust_verify_test::Provetable_of_contents_standard toc_standard_for_borrow_iter
        PASS [   1.347s] rust_verify_test::Provetable_of_contents_standard toc_standard_for_consume
        PASS [   1.296s] rust_verify_test::Provetable_of_contents_standard toc_standard_loop_borrow_into
        PASS [   1.247s] rust_verify_test::Provetable_of_contents_standard toc_standard_loop_borrow_iter
        PASS [   1.245s] rust_verify_test::Proveusing_closures_standard closures_inline_requires_ensures
        PASS [   1.303s] rust_verify_test::Provetable_of_contents_standard toc_standard_loop_consume
        PASS [   1.341s] rust_verify_test::Proveusing_closures_standard closures_ghost_spec_fn
        PASS [   1.260s] rust_verify_test::Proveusing_closures_standard closures_map_apply
        PASS [   1.321s] rust_verify_test::Proveusing_closures_standard closures_let_bind_ensures
        PASS [   1.208s] rust_verify_test::Proveview_standard view_standard_collection
        PASS [   1.298s] rust_verify_test::Proveview_standard view_standard_for_borrow_into
        PASS [   1.378s] rust_verify_test::Proveview_standard view_standard_for_borrow_iter
        PASS [   1.320s] rust_verify_test::Proveview_standard view_standard_for_consume
        PASS [   1.296s] rust_verify_test::Proveview_standard view_standard_loop_borrow_into
        PASS [   1.344s] rust_verify_test::Proveview_standard view_standard_loop_borrow_iter
        PASS [   1.275s] rust_verify_test::Proveview_standard view_standard_loop_consume
        PASS [   1.224s] rust_verify_test::Proveview_standard view_standard_simple
        PASS [   1.300s] rust_verify_test::Provewrapping_iterators_standard wrapping_loop_borrow_into
        PASS [   1.335s] rust_verify_test::Provewrapping_iterators_standard wrapping_for_borrow_iter
        PASS [   1.273s] rust_verify_test::Provewrapping_iterators_standard wrapping_loop_borrow_iter
        PASS [   1.375s] rust_verify_test::Provewrapping_iterators_standard wrapping_for_borrow_into
        PASS [   1.363s] rust_verify_test::RelationStEph relation_st_eph_for_iter
        PASS [   1.374s] rust_verify_test::RelationStEph relation_st_eph_loop_loop
        PASS [   1.323s] rust_verify_test::SetMtEph set_mt_eph_from_vec
        PASS [   1.388s] rust_verify_test::SetMtEph set_mt_eph_for_iter
        PASS [   1.383s] rust_verify_test::SetMtEph set_mt_eph_loop_loop
        PASS [   1.416s] rust_verify_test::SetStEph set_st_eph_for_iter
        PASS [   1.338s] rust_verify_test::SetStEph set_st_eph_from_vec
        PASS [   1.304s] rust_verify_test::SetStEph set_st_eph_loop_loop
        PASS [   1.264s] rust_verify_test::prove_MathSeq_iters mathseq_iter_consuming
        PASS [   1.273s] rust_verify_test::prove_MathSeq_iters mathseq_iter_nested
        PASS [   1.290s] rust_verify_test::prove_MathSeq_iters mathseq_iter_range
────────────
     Summary [  49.951s] 221 tests run: 221 passed, 0 skipped
Elapsed: 122s
