warning: Verus does not (yet) support autoderive Clone impl when the clone is not a copy; continuing, but without adding a specification for the derived Clone impl
  --> src/Chap52/AdjTableGraphStPer.rs:55:14
   |
55 |     #[derive(Clone)]
   |              ^^^^^

warning: Verus does not (yet) support autoderive Clone impl when the clone is not a copy; continuing, but without adding a specification for the derived Clone impl
  --> src/Chap52/AdjTableGraphMtPer.rs:48:14
   |
48 |     #[derive(Clone)]
   |              ^^^^^

note: automatically chose triggers for this expression:
   --> src/Chap52/AdjTableGraphStPer.rs:320:37
    |
320 |   ...                   let j = choose|j: int| 0 <= j < i
    |  _______________________________^
321 | | ...                       && self.adj.entries@[j].0 == v;
    | |________________________________________________________^

note:   trigger 1 of 1:
   --> src/Chap52/AdjTableGraphStPer.rs:321:36
    |
321 | ...                   && self.adj.entries@[j].0 == v;
    |                          ^^^^^^^^^^^^^^^^^^^^

note: automatically chose triggers for this expression:
   --> src/Chap52/AdjTableGraphStPer.rs:316:33
    |
316 |                           implies exists|j: int| 0 <= j < i + 1
    |  _________________________________^
317 | |                             && self.adj.entries@[j].0 == v
    | |__________________________________________________________^

note:   trigger 1 of 1:
   --> src/Chap52/AdjTableGraphStPer.rs:317:32
    |
317 | ...                   && self.adj.entries@[j].0 == v
    |                          ^^^^^^^^^^^^^^^^^^^^

note: automatically chose triggers for this expression:
   --> src/Chap52/AdjTableGraphStPer.rs:294:29
    |
294 |                           ==> exists|j: int| 0 <= j < i
    |  _____________________________^
295 | |                             && self.adj.entries@[j].0 == v,
    | |__________________________________________________________^

note:   trigger 1 of 1:
   --> src/Chap52/AdjTableGraphStPer.rs:295:32
    |
295 | ...                   && self.adj.entries@[j].0 == v,
    |                          ^^^^^^^^^^^^^^^^^^^^

note: automatically chose triggers for this expression:
   --> src/Chap52/AdjTableGraphStPer.rs:337:33
    |
337 |                           let j = choose|j: int| 0 <= j < len as int
    |  _________________________________^
338 | |                             && self.adj.entries@[j].0 == v;
    | |__________________________________________________________^

note:   trigger 1 of 1:
   --> src/Chap52/AdjTableGraphStPer.rs:338:32
    |
338 | ...                   && self.adj.entries@[j].0 == v;
    |                          ^^^^^^^^^^^^^^^^^^^^

note: Verus printed one or more automatically chosen quantifier triggers
      because it had low confidence in the chosen triggers.
      To suppress these messages, do one of the following:
        (1) manually annotate a single desired trigger using #[trigger]
            (example: forall|i: int, j: int| f(i) && #[trigger] g(i) && #[trigger] h(j)),
        (2) manually annotate multiple desired triggers using #![trigger ...]
            (example: forall|i: int| #![trigger f(i)] #![trigger g(i)] f(i) && g(i)),
        (3) accept the automatically chosen trigger using #![auto]
            (example: forall|i: int, j: int| #![auto] f(i) && g(i) && h(j))
        (4) use the --triggers-mode silent command-line option to suppress all printing of triggers.
      (Note: triggers are used by the underlying SMT theorem prover to instantiate quantifiers;
      the theorem prover instantiates a quantifier whenever some expression matches the
      pattern specified by one of the quantifier's triggers.)
   --> src/Chap52/AdjTableGraphStPer.rs:337:33
    |
337 |                           let j = choose|j: int| 0 <= j < len as int
    |  _________________________________^
338 | |                             && self.adj.entries@[j].0 == v;
    | |__________________________________________________________^

verification results:: 5386 verified, 0 errors
warning: 2 warnings emitted

    Finished `release` profile [optimized] target(s) in 0.04s
────────────
 Nextest run ID 36df6e45-3109-4d0b-9c49-03b6b39faad3 with nextest profile: default
    Starting 157 tests across 37 binaries
        PASS [   1.335s] rust_verify_test::HashSetWithViewPlus hash_set_wvp_loop_loop
        PASS [   1.373s] rust_verify_test::HashMapWithViewPlus hash_map_wvp_loop_loop
        PASS [   1.386s] rust_verify_test::HashMapWithViewPlus hash_map_wvp_for_iter
        PASS [   1.420s] rust_verify_test::HashSetWithViewPlus hash_set_wvp_for_iter
        PASS [   1.521s] rust_verify_test::MappingStEph mapping_st_eph_loop_loop
        PASS [   1.574s] rust_verify_test::MappingStEph mapping_st_eph_for_iter
        PASS [   1.434s] rust_verify_test::ProveAVLTreeSeq avltreeseq_for_borrow_iter
        PASS [   1.383s] rust_verify_test::ProveAVLTreeSetMtEph avltreesetmteph_for_borrow_into
        PASS [   1.482s] rust_verify_test::ProveAVLTreeSetMtEph avltreesetmteph_for_borrow_iter
        PASS [   1.332s] rust_verify_test::ProveArraySeq arrayseq_filter
        PASS [   1.387s] rust_verify_test::ProveAVLTreeSetMtEph avltreesetmteph_loop_borrow_iter
        PASS [   1.552s] rust_verify_test::ProveAVLTreeSeq avltreeseq_loop_borrow_iter
        PASS [   1.316s] rust_verify_test::ProveArraySeq arrayseq_iterate
        PASS [   1.427s] rust_verify_test::ProveArraySeq arrayseq_for_iter
        PASS [   1.358s] rust_verify_test::ProveArraySeq arrayseq_map
        PASS [   1.372s] rust_verify_test::ProveArraySeq arrayseq_iterate_prefixes
        PASS [   1.437s] rust_verify_test::ProveArraySeq arrayseq_loop_loop
        PASS [   1.494s] rust_verify_test::ProveArraySeq arrayseq_reduce
        PASS [   1.295s] rust_verify_test::ProveArraySeq arrayseq_tabulate
        PASS [   1.607s] rust_verify_test::ProveArraySeq arrayseq_scan
        PASS [   1.526s] rust_verify_test::ProveArraySeq arrayseq_scan_inclusive
        PASS [   1.401s] rust_verify_test::ProveArraySeqMtEph arrayseqmteph_loop_loop
        PASS [   1.500s] rust_verify_test::ProveArraySeqMtEph arrayseqmteph_for_iter
        PASS [   1.441s] rust_verify_test::ProveArraySeqMtPer arrayseqmtper_for_iter
        PASS [   1.393s] rust_verify_test::ProveArraySeqMtPer arrayseqmtper_loop_loop
        PASS [   1.461s] rust_verify_test::ProveArraySeqStEph arrayseqsteph_for_borrow_into
        PASS [   1.432s] rust_verify_test::ProveArraySeqStEph arrayseqsteph_for_borrow_iter
        PASS [   1.380s] rust_verify_test::ProveArraySeqStEph arrayseqsteph_loop_borrow_into
        PASS [   1.429s] rust_verify_test::ProveArraySeqStEph arrayseqsteph_for_consume
        PASS [   1.384s] rust_verify_test::ProveArraySeqStEph arrayseqsteph_loop_borrow_iter
        PASS [   1.431s] rust_verify_test::ProveArraySeqStEph arrayseqsteph_loop_consume
        PASS [   1.307s] rust_verify_test::ProveBFSMtEph chap54_bfsmteph_bottom_up_loop
        PASS [   1.349s] rust_verify_test::ProveBFSMtEph chap54_bfsmteph_top_down_loop
        PASS [   1.376s] rust_verify_test::ProveArraySeqStPer arrayseqstper_loop_loop
        PASS [   1.365s] rust_verify_test::ProveBFSStEph chap54_bfssteph_bottom_up_loop
        PASS [   1.482s] rust_verify_test::ProveArraySeqStPer arrayseqstper_for_iter
        PASS [   1.293s] rust_verify_test::ProveBFSStEph chap54_bfssteph_top_down_loop
        PASS [   1.486s] rust_verify_test::ProveBalBinTreeStEph balbintree_for_inorder
        PASS [   1.435s] rust_verify_test::ProveBalBinTreeStEph balbintree_for_preorder
        PASS [   1.465s] rust_verify_test::ProveBalBinTreeStEph balbintree_for_postorder
        PASS [   1.375s] rust_verify_test::ProveBalBinTreeStEph balbintree_leaf_iter_exhausted
        PASS [   1.416s] rust_verify_test::ProveBalBinTreeStEph balbintree_inorder_spec_match
        PASS [   1.310s] rust_verify_test::ProveBalBinTreeStEph balbintree_leaf_traversals_empty
        PASS [   1.328s] rust_verify_test::ProveBalBinTreeStEph balbintree_postorder_spec_match
        PASS [   1.421s] rust_verify_test::ProveBalBinTreeStEph balbintree_loop_inorder
        PASS [   1.476s] rust_verify_test::ProveBalBinTreeStEph balbintree_loop_postorder
        PASS [   1.477s] rust_verify_test::ProveBalBinTreeStEph balbintree_loop_preorder
        PASS [   1.454s] rust_verify_test::ProveBalBinTreeStEph balbintree_preorder_spec_match
        PASS [   1.376s] rust_verify_test::ProveChap19ArraySeqMtEph chap19_arrayseqmteph_for_borrow_into
        PASS [   1.443s] rust_verify_test::ProveChap19ArraySeqMtEph chap19_arrayseqmteph_for_borrow_iter
        PASS [   1.437s] rust_verify_test::ProveChap19ArraySeqMtEph chap19_arrayseqmteph_for_consume
        PASS [   1.380s] rust_verify_test::ProveChap19ArraySeqMtEph chap19_arrayseqmteph_loop_borrow_into
        PASS [   1.437s] rust_verify_test::ProveChap19ArraySeqMtEph chap19_arrayseqmteph_loop_borrow_iter
        PASS [   1.466s] rust_verify_test::ProveChap19ArraySeqMtEph chap19_arrayseqmteph_loop_consume
        PASS [   1.496s] rust_verify_test::ProveChap19ArraySeqMtEphSlice slice_for_borrow_into
        PASS [   1.378s] rust_verify_test::ProveChap19ArraySeqMtEphSlice slice_loop_borrow_iter
        PASS [   1.436s] rust_verify_test::ProveChap19ArraySeqMtEphSlice slice_for_borrow_iter
        PASS [   1.423s] rust_verify_test::ProveChap19ArraySeqMtEphSlice slice_iter_over_subslice
        PASS [   1.466s] rust_verify_test::ProveChap19ArraySeqMtEphSlice slice_operations
        PASS [   1.427s] rust_verify_test::ProveChap19ArraySeqStEph chap19_arrayseqsteph_for_borrow_into
        PASS [   1.442s] rust_verify_test::ProveChap19ArraySeqStEph chap19_arrayseqsteph_for_borrow_iter
        PASS [   1.412s] rust_verify_test::ProveChap19ArraySeqStEph chap19_arrayseqsteph_loop_borrow_iter
        PASS [   1.461s] rust_verify_test::ProveChap19ArraySeqStEph chap19_arrayseqsteph_for_consume
        PASS [   1.457s] rust_verify_test::ProveChap19ArraySeqStEph chap19_arrayseqsteph_loop_borrow_into
        PASS [   1.383s] rust_verify_test::ProveChap19ArraySeqStEph chap19_arrayseqsteph_loop_consume
        PASS [   1.445s] rust_verify_test::ProveChap19ArraySeqStPer chap19_arrayseqstper_for_borrow_into
        PASS [   1.411s] rust_verify_test::ProveChap19ArraySeqStPer chap19_arrayseqstper_for_borrow_iter
        PASS [   1.391s] rust_verify_test::ProveChap19ArraySeqStPer chap19_arrayseqstper_for_consume
        PASS [   1.431s] rust_verify_test::ProveChap19ArraySeqStPer chap19_arrayseqstper_loop_borrow_into
        PASS [   1.374s] rust_verify_test::ProveKleeneStPer kleene_alphabet
        PASS [   1.523s] rust_verify_test::ProveChap19ArraySeqStPer chap19_arrayseqstper_loop_borrow_iter
        PASS [   1.469s] rust_verify_test::ProveChap19ArraySeqStPer chap19_arrayseqstper_loop_consume
        PASS [   1.380s] rust_verify_test::ProveKleeneStPer kleene_mem_plus
        PASS [   1.442s] rust_verify_test::ProveKleeneStPer kleene_mem_star
        PASS [   1.407s] rust_verify_test::ProveLinkedListStEph linkedliststeph_loop_loop
        PASS [   1.507s] rust_verify_test::ProveLinkedListStEph linkedliststeph_for_iter
        PASS [   1.466s] rust_verify_test::ProveLinkedListStPer linkedliststper_for_iter
        PASS [   1.478s] rust_verify_test::ProveLinkedListStPer linkedliststper_loop_loop
        PASS [   1.485s] rust_verify_test::ProveMathSeq mathseq_for_borrow_into
        PASS [   1.460s] rust_verify_test::ProveMathSeq mathseq_for_borrow_iter
        PASS [   1.391s] rust_verify_test::ProveMathSeq mathseq_loop_borrow_into
        PASS [   1.390s] rust_verify_test::ProveMathSeq mathseq_loop_borrow_iter
        PASS [   1.471s] rust_verify_test::ProveMathSeq mathseq_for_consume
        PASS [   1.404s] rust_verify_test::ProveMathSeq mathseq_loop_consume
        PASS [   1.465s] rust_verify_test::ProveOrderedSetStEph chap43_orderedsetsteph_for_borrow_into
        PASS [   1.448s] rust_verify_test::ProveOrderedSetStEph chap43_orderedsetsteph_for_borrow_iter
        PASS [   1.490s] rust_verify_test::ProveOrderedSetStEph chap43_orderedsetsteph_loop_borrow_iter
        PASS [   1.573s] rust_verify_test::ProveOrderedSetStEph chap43_orderedsetsteph_loop_borrow_into
        PASS [   1.585s] rust_verify_test::ProveOrderedTableStEph chap43_orderedtablesteph_for_borrow_into
        PASS [   1.602s] rust_verify_test::ProveOrderedTableStEph chap43_orderedtablesteph_for_borrow_iter
        PASS [   1.483s] rust_verify_test::ProveOrderedTableStEph chap43_orderedtablesteph_loop_borrow_into
        PASS [   1.463s] rust_verify_test::ProveOrderedTableStEph chap43_orderedtablesteph_loop_borrow_iter
        PASS [   1.616s] rust_verify_test::ProveOrderedTableStPer chap43_orderedtablestper_for_borrow_iter
        PASS [   1.639s] rust_verify_test::ProveOrderedTableStPer chap43_orderedtablestper_for_borrow_into
        PASS [   1.555s] rust_verify_test::ProveOrderedTableStPer chap43_orderedtablestper_loop_borrow_into
        PASS [   1.505s] rust_verify_test::ProveOrderedTableStPer chap43_orderedtablestper_loop_borrow_iter
        PASS [   1.378s] rust_verify_test::ProvePrimTreeSeqStPer primtreeseq_for_borrow_into
        PASS [   1.451s] rust_verify_test::ProvePrimTreeSeqStPer primtreeseq_for_borrow_iter
        PASS [   1.348s] rust_verify_test::ProvePrimTreeSeqStPer primtreeseq_loop_borrow_into
        PASS [   1.385s] rust_verify_test::ProvePrimTreeSeqStPer primtreeseq_loop_consume
        PASS [   1.470s] rust_verify_test::ProvePrimTreeSeqStPer primtreeseq_for_consume
        PASS [   1.457s] rust_verify_test::ProvePrimTreeSeqStPer primtreeseq_loop_borrow_iter
        PASS [   1.508s] rust_verify_test::ProveSetMtEph set_mt_eph_for_borrow_into
        PASS [   1.547s] rust_verify_test::ProveSetMtEph set_mt_eph_for_borrow_iter
        PASS [   1.382s] rust_verify_test::Provedeep_view_standard deep_view_standard_for_borrow_into
        PASS [   1.464s] rust_verify_test::ProveSetMtEph set_mt_eph_loop_borrow_iter
        PASS [   1.438s] rust_verify_test::Provedeep_view_standard deep_view_standard_for_consume
        PASS [   1.460s] rust_verify_test::Provedeep_view_standard deep_view_standard_for_borrow_iter
        PASS [   1.427s] rust_verify_test::Provedeep_view_standard deep_view_standard_loop_borrow_into
        PASS [   1.310s] rust_verify_test::Provedeep_view_standard deep_view_standard_simple
        PASS [   1.486s] rust_verify_test::Provedeep_view_standard deep_view_standard_loop_borrow_iter
        PASS [   1.402s] rust_verify_test::Provedeep_view_standard deep_view_standard_loop_consume
        PASS [   1.384s] rust_verify_test::Proveiterators_standard iterators_standard_for_borrow_into
        PASS [   1.432s] rust_verify_test::Proveiterators_standard iterators_standard_for_borrow_iter
        PASS [   1.335s] rust_verify_test::Proveiterators_standard iterators_standard_for_consume
        PASS [   1.373s] rust_verify_test::Proveiterators_standard iterators_standard_loop_borrow_iter
        PASS [   1.424s] rust_verify_test::Proveiterators_standard iterators_standard_loop_borrow_into
        PASS [   1.450s] rust_verify_test::Proveiterators_standard iterators_standard_loop_consume
        PASS [   1.435s] rust_verify_test::Provemod_standard mod_standard_for_borrow_into
        PASS [   1.441s] rust_verify_test::Provemod_standard mod_standard_for_borrow_iter
        PASS [   1.342s] rust_verify_test::Provemod_standard mod_standard_for_consume
        PASS [   1.407s] rust_verify_test::Provemod_standard mod_standard_loop_borrow_into
        PASS [   1.472s] rust_verify_test::Provemod_standard mod_standard_loop_borrow_iter
        PASS [   1.414s] rust_verify_test::Provemod_standard mod_standard_loop_consume
        PASS [   1.415s] rust_verify_test::Provetable_of_contents_standard toc_standard_for_borrow_iter
        PASS [   1.474s] rust_verify_test::Provetable_of_contents_standard toc_standard_for_borrow_into
        PASS [   1.341s] rust_verify_test::Provetable_of_contents_standard toc_standard_for_consume
        PASS [   1.468s] rust_verify_test::Provetable_of_contents_standard toc_standard_loop_borrow_into
        PASS [   1.391s] rust_verify_test::Provetable_of_contents_standard toc_standard_loop_borrow_iter
        PASS [   1.460s] rust_verify_test::Provetable_of_contents_standard toc_standard_loop_consume
        PASS [   1.349s] rust_verify_test::Proveusing_closures_standard closures_inline_requires_ensures
        PASS [   1.380s] rust_verify_test::Proveusing_closures_standard closures_ghost_spec_fn
        PASS [   1.296s] rust_verify_test::Proveusing_closures_standard closures_let_bind_ensures
        PASS [   1.325s] rust_verify_test::Proveview_standard view_standard_collection
        PASS [   1.416s] rust_verify_test::Proveusing_closures_standard closures_map_apply
        PASS [   1.403s] rust_verify_test::Proveview_standard view_standard_for_borrow_into
        PASS [   1.465s] rust_verify_test::Proveview_standard view_standard_for_borrow_iter
        PASS [   1.458s] rust_verify_test::Proveview_standard view_standard_for_consume
        PASS [   1.424s] rust_verify_test::Proveview_standard view_standard_loop_borrow_into
        PASS [   1.458s] rust_verify_test::Proveview_standard view_standard_loop_borrow_iter
        PASS [   1.383s] rust_verify_test::Proveview_standard view_standard_loop_consume
        PASS [   1.313s] rust_verify_test::Proveview_standard view_standard_simple
        PASS [   1.436s] rust_verify_test::Provewrapping_iterators_standard wrapping_for_borrow_into
        PASS [   1.421s] rust_verify_test::Provewrapping_iterators_standard wrapping_for_borrow_iter
        PASS [   1.366s] rust_verify_test::Provewrapping_iterators_standard wrapping_loop_borrow_into
        PASS [   1.335s] rust_verify_test::Provewrapping_iterators_standard wrapping_loop_borrow_iter
        PASS [   1.554s] rust_verify_test::RelationStEph relation_st_eph_for_iter
        PASS [   1.519s] rust_verify_test::RelationStEph relation_st_eph_loop_loop
        PASS [   1.468s] rust_verify_test::SetMtEph set_mt_eph_from_vec
        PASS [   1.556s] rust_verify_test::SetMtEph set_mt_eph_for_iter
        PASS [   1.581s] rust_verify_test::SetMtEph set_mt_eph_loop_loop
        PASS [   1.530s] rust_verify_test::SetStEph set_st_eph_for_iter
        PASS [   1.419s] rust_verify_test::SetStEph set_st_eph_loop_loop
        PASS [   1.466s] rust_verify_test::SetStEph set_st_eph_from_vec
        PASS [   1.355s] rust_verify_test::prove_MathSeq_iters mathseq_iter_consuming
        PASS [   1.366s] rust_verify_test::prove_MathSeq_iters mathseq_iter_nested
        PASS [   1.272s] rust_verify_test::prove_MathSeq_iters mathseq_iter_range
────────────
     Summary [  37.796s] 157 tests run: 157 passed, 0 skipped
Elapsed: 169s
