verification results:: 4435 verified, 0 errors
    Finished `release` profile [optimized] target(s) in 0.02s
────────────
 Nextest run ID c0b9a697-5d76-4e52-afad-a98932c45cdd with nextest profile: default
    Starting 145 tests across 34 binaries
        PASS [   1.294s] rust_verify_test::HashMapWithViewPlus hash_map_wvp_for_iter
        PASS [   1.297s] rust_verify_test::HashSetWithViewPlus hash_set_wvp_for_iter
        PASS [   1.323s] rust_verify_test::HashMapWithViewPlus hash_map_wvp_loop_loop
        PASS [   1.336s] rust_verify_test::HashSetWithViewPlus hash_set_wvp_loop_loop
        PASS [   1.395s] rust_verify_test::MappingStEph mapping_st_eph_loop_loop
        PASS [   1.470s] rust_verify_test::MappingStEph mapping_st_eph_for_iter
        PASS [   1.265s] rust_verify_test::ProveAVLTreeSetMtEph avltreesetmteph_for_borrow_iter
        PASS [   1.226s] rust_verify_test::ProveArraySeq arrayseq_filter
        PASS [   1.258s] rust_verify_test::ProveAVLTreeSetMtEph avltreesetmteph_loop_borrow_iter
        PASS [   1.349s] rust_verify_test::ProveAVLTreeSetMtEph avltreesetmteph_for_borrow_into
        PASS [   1.224s] rust_verify_test::ProveArraySeq arrayseq_iterate
        PASS [   1.322s] rust_verify_test::ProveArraySeq arrayseq_for_iter
        PASS [   1.147s] rust_verify_test::ProveArraySeq arrayseq_map
        PASS [   1.229s] rust_verify_test::ProveArraySeq arrayseq_loop_loop
        PASS [   1.240s] rust_verify_test::ProveArraySeq arrayseq_iterate_prefixes
        PASS [   1.308s] rust_verify_test::ProveArraySeq arrayseq_reduce
        PASS [   1.374s] rust_verify_test::ProveArraySeq arrayseq_scan
        PASS [   1.423s] rust_verify_test::ProveArraySeq arrayseq_scan_inclusive
        PASS [   1.126s] rust_verify_test::ProveArraySeq arrayseq_tabulate
        PASS [   1.297s] rust_verify_test::ProveArraySeqMtEph arrayseqmteph_for_iter
        PASS [   1.287s] rust_verify_test::ProveArraySeqMtEph arrayseqmteph_loop_loop
        PASS [   1.305s] rust_verify_test::ProveArraySeqMtPer arrayseqmtper_for_iter
        PASS [   1.226s] rust_verify_test::ProveArraySeqMtPer arrayseqmtper_loop_loop
        PASS [   1.302s] rust_verify_test::ProveArraySeqStEph arrayseqsteph_for_borrow_into
        PASS [   1.202s] rust_verify_test::ProveArraySeqStEph arrayseqsteph_for_borrow_iter
        PASS [   1.260s] rust_verify_test::ProveArraySeqStEph arrayseqsteph_for_consume
        PASS [   1.307s] rust_verify_test::ProveArraySeqStEph arrayseqsteph_loop_borrow_into
        PASS [   1.207s] rust_verify_test::ProveArraySeqStEph arrayseqsteph_loop_borrow_iter
        PASS [   1.271s] rust_verify_test::ProveArraySeqStEph arrayseqsteph_loop_consume
        PASS [   1.224s] rust_verify_test::ProveArraySeqStPer arrayseqstper_for_iter
        PASS [   1.215s] rust_verify_test::ProveArraySeqStPer arrayseqstper_loop_loop
        PASS [   1.237s] rust_verify_test::ProveBFSMtEph chap54_bfsmteph_bottom_up_loop
        PASS [   1.239s] rust_verify_test::ProveBFSMtEph chap54_bfsmteph_top_down_loop
        PASS [   1.189s] rust_verify_test::ProveBFSStEph chap54_bfssteph_bottom_up_loop
        PASS [   1.269s] rust_verify_test::ProveBFSStEph chap54_bfssteph_top_down_loop
        PASS [   1.314s] rust_verify_test::ProveBalBinTreeStEph balbintree_for_inorder
        PASS [   1.337s] rust_verify_test::ProveBalBinTreeStEph balbintree_for_postorder
        PASS [   1.187s] rust_verify_test::ProveBalBinTreeStEph balbintree_leaf_iter_exhausted
        PASS [   1.204s] rust_verify_test::ProveBalBinTreeStEph balbintree_inorder_spec_match
        PASS [   1.280s] rust_verify_test::ProveBalBinTreeStEph balbintree_for_preorder
        PASS [   1.160s] rust_verify_test::ProveBalBinTreeStEph balbintree_leaf_traversals_empty
        PASS [   1.286s] rust_verify_test::ProveBalBinTreeStEph balbintree_loop_inorder
        PASS [   1.289s] rust_verify_test::ProveBalBinTreeStEph balbintree_loop_postorder
        PASS [   1.242s] rust_verify_test::ProveBalBinTreeStEph balbintree_postorder_spec_match
        PASS [   1.253s] rust_verify_test::ProveBalBinTreeStEph balbintree_loop_preorder
        PASS [   1.241s] rust_verify_test::ProveBalBinTreeStEph balbintree_preorder_spec_match
        PASS [   1.292s] rust_verify_test::ProveChap19ArraySeqMtEph chap19_arrayseqmteph_for_borrow_into
        PASS [   1.292s] rust_verify_test::ProveChap19ArraySeqMtEph chap19_arrayseqmteph_for_borrow_iter
        PASS [   1.269s] rust_verify_test::ProveChap19ArraySeqMtEph chap19_arrayseqmteph_for_consume
        PASS [   1.234s] rust_verify_test::ProveChap19ArraySeqMtEph chap19_arrayseqmteph_loop_borrow_iter
        PASS [   1.276s] rust_verify_test::ProveChap19ArraySeqMtEph chap19_arrayseqmteph_loop_borrow_into
        PASS [   1.307s] rust_verify_test::ProveChap19ArraySeqMtEph chap19_arrayseqmteph_loop_consume
        PASS [   1.250s] rust_verify_test::ProveChap19ArraySeqMtEphSlice slice_for_borrow_into
        PASS [   1.283s] rust_verify_test::ProveChap19ArraySeqMtEphSlice slice_for_borrow_iter
        PASS [   1.326s] rust_verify_test::ProveChap19ArraySeqMtEphSlice slice_iter_over_subslice
        PASS [   1.295s] rust_verify_test::ProveChap19ArraySeqMtEphSlice slice_loop_borrow_iter
        PASS [   1.296s] rust_verify_test::ProveChap19ArraySeqMtEphSlice slice_operations
        PASS [   1.329s] rust_verify_test::ProveChap19ArraySeqStEph chap19_arrayseqsteph_for_borrow_into
        PASS [   1.327s] rust_verify_test::ProveChap19ArraySeqStEph chap19_arrayseqsteph_for_borrow_iter
        PASS [   1.250s] rust_verify_test::ProveChap19ArraySeqStEph chap19_arrayseqsteph_for_consume
        PASS [   1.237s] rust_verify_test::ProveChap19ArraySeqStEph chap19_arrayseqsteph_loop_borrow_into
        PASS [   1.264s] rust_verify_test::ProveChap19ArraySeqStEph chap19_arrayseqsteph_loop_borrow_iter
        PASS [   1.269s] rust_verify_test::ProveChap19ArraySeqStEph chap19_arrayseqsteph_loop_consume
        PASS [   1.274s] rust_verify_test::ProveChap19ArraySeqStPer chap19_arrayseqstper_for_borrow_into
        PASS [   1.367s] rust_verify_test::ProveChap19ArraySeqStPer chap19_arrayseqstper_for_borrow_iter
        PASS [   1.247s] rust_verify_test::ProveChap19ArraySeqStPer chap19_arrayseqstper_for_consume
        PASS [   1.284s] rust_verify_test::ProveChap19ArraySeqStPer chap19_arrayseqstper_loop_borrow_into
        PASS [   1.244s] rust_verify_test::ProveChap19ArraySeqStPer chap19_arrayseqstper_loop_borrow_iter
        PASS [   1.271s] rust_verify_test::ProveChap19ArraySeqStPer chap19_arrayseqstper_loop_consume
        PASS [   1.321s] rust_verify_test::ProveKleeneStPer kleene_alphabet
        PASS [   1.312s] rust_verify_test::ProveKleeneStPer kleene_mem_plus
        PASS [   1.243s] rust_verify_test::ProveKleeneStPer kleene_mem_star
        PASS [   1.312s] rust_verify_test::ProveLinkedListStEph linkedliststeph_for_iter
        PASS [   1.260s] rust_verify_test::ProveLinkedListStEph linkedliststeph_loop_loop
        PASS [   1.332s] rust_verify_test::ProveLinkedListStPer linkedliststper_for_iter
        PASS [   1.289s] rust_verify_test::ProveLinkedListStPer linkedliststper_loop_loop
        PASS [   1.255s] rust_verify_test::ProveMathSeq mathseq_for_borrow_into
        PASS [   1.306s] rust_verify_test::ProveMathSeq mathseq_for_borrow_iter
        PASS [   1.252s] rust_verify_test::ProveMathSeq mathseq_loop_borrow_into
        PASS [   1.363s] rust_verify_test::ProveMathSeq mathseq_for_consume
        PASS [   1.216s] rust_verify_test::ProveMathSeq mathseq_loop_borrow_iter
        PASS [   1.247s] rust_verify_test::ProveMathSeq mathseq_loop_consume
        PASS [   1.396s] rust_verify_test::ProveOrderedTableStPer chap43_orderedtablestper_loop_borrow_into
        PASS [   1.324s] rust_verify_test::ProveOrderedTableStPer chap43_orderedtablestper_loop_borrow_iter
        PASS [   1.270s] rust_verify_test::ProvePrimTreeSeqStPer primtreeseq_for_borrow_into
        PASS [   1.263s] rust_verify_test::ProvePrimTreeSeqStPer primtreeseq_for_borrow_iter
        PASS [   1.269s] rust_verify_test::ProvePrimTreeSeqStPer primtreeseq_for_consume
        PASS [   1.197s] rust_verify_test::ProvePrimTreeSeqStPer primtreeseq_loop_borrow_into
        PASS [   1.228s] rust_verify_test::ProvePrimTreeSeqStPer primtreeseq_loop_borrow_iter
        PASS [   1.251s] rust_verify_test::ProvePrimTreeSeqStPer primtreeseq_loop_consume
        PASS [   1.263s] rust_verify_test::ProveSetMtEph set_mt_eph_loop_borrow_iter
        PASS [   1.373s] rust_verify_test::ProveSetMtEph set_mt_eph_for_borrow_into
        PASS [   1.262s] rust_verify_test::Provedeep_view_standard deep_view_standard_for_borrow_into
        PASS [   1.388s] rust_verify_test::ProveSetMtEph set_mt_eph_for_borrow_iter
        PASS [   1.295s] rust_verify_test::Provedeep_view_standard deep_view_standard_for_borrow_iter
        PASS [   1.277s] rust_verify_test::Provedeep_view_standard deep_view_standard_for_consume
        PASS [   1.229s] rust_verify_test::Provedeep_view_standard deep_view_standard_loop_borrow_iter
        PASS [   1.277s] rust_verify_test::Provedeep_view_standard deep_view_standard_loop_borrow_into
        PASS [   1.218s] rust_verify_test::Provedeep_view_standard deep_view_standard_simple
        PASS [   1.284s] rust_verify_test::Provedeep_view_standard deep_view_standard_loop_consume
        PASS [   1.180s] rust_verify_test::Proveiterators_standard iterators_standard_for_borrow_into
        PASS [   1.286s] rust_verify_test::Proveiterators_standard iterators_standard_for_borrow_iter
        PASS [   1.200s] rust_verify_test::Proveiterators_standard iterators_standard_loop_borrow_into
        PASS [   1.250s] rust_verify_test::Proveiterators_standard iterators_standard_for_consume
        PASS [   1.241s] rust_verify_test::Proveiterators_standard iterators_standard_loop_borrow_iter
        PASS [   1.214s] rust_verify_test::Proveiterators_standard iterators_standard_loop_consume
        PASS [   1.230s] rust_verify_test::Provemod_standard mod_standard_for_borrow_into
        PASS [   1.219s] rust_verify_test::Provemod_standard mod_standard_for_borrow_iter
        PASS [   1.279s] rust_verify_test::Provemod_standard mod_standard_for_consume
        PASS [   1.241s] rust_verify_test::Provemod_standard mod_standard_loop_borrow_iter
        PASS [   1.292s] rust_verify_test::Provemod_standard mod_standard_loop_borrow_into
        PASS [   1.238s] rust_verify_test::Provemod_standard mod_standard_loop_consume
        PASS [   1.308s] rust_verify_test::Provetable_of_contents_standard toc_standard_for_borrow_into
        PASS [   1.280s] rust_verify_test::Provetable_of_contents_standard toc_standard_for_borrow_iter
        PASS [   1.229s] rust_verify_test::Provetable_of_contents_standard toc_standard_for_consume
        PASS [   1.220s] rust_verify_test::Provetable_of_contents_standard toc_standard_loop_borrow_into
        PASS [   1.207s] rust_verify_test::Provetable_of_contents_standard toc_standard_loop_borrow_iter
        PASS [   1.229s] rust_verify_test::Provetable_of_contents_standard toc_standard_loop_consume
        PASS [   1.203s] rust_verify_test::Proveusing_closures_standard closures_ghost_spec_fn
        PASS [   1.193s] rust_verify_test::Proveusing_closures_standard closures_inline_requires_ensures
        PASS [   1.163s] rust_verify_test::Proveusing_closures_standard closures_let_bind_ensures
        PASS [   1.181s] rust_verify_test::Proveusing_closures_standard closures_map_apply
        PASS [   1.249s] rust_verify_test::Proveview_standard view_standard_collection
        PASS [   1.219s] rust_verify_test::Proveview_standard view_standard_for_borrow_into
        PASS [   1.313s] rust_verify_test::Proveview_standard view_standard_for_borrow_iter
        PASS [   1.285s] rust_verify_test::Proveview_standard view_standard_for_consume
        PASS [   1.212s] rust_verify_test::Proveview_standard view_standard_loop_borrow_iter
        PASS [   1.265s] rust_verify_test::Proveview_standard view_standard_loop_borrow_into
        PASS [   1.218s] rust_verify_test::Proveview_standard view_standard_simple
        PASS [   1.279s] rust_verify_test::Proveview_standard view_standard_loop_consume
        PASS [   1.327s] rust_verify_test::Provewrapping_iterators_standard wrapping_for_borrow_into
        PASS [   1.274s] rust_verify_test::Provewrapping_iterators_standard wrapping_for_borrow_iter
        PASS [   1.249s] rust_verify_test::Provewrapping_iterators_standard wrapping_loop_borrow_into
        PASS [   1.287s] rust_verify_test::Provewrapping_iterators_standard wrapping_loop_borrow_iter
        PASS [   1.302s] rust_verify_test::RelationStEph relation_st_eph_loop_loop
        PASS [   1.413s] rust_verify_test::RelationStEph relation_st_eph_for_iter
        PASS [   1.284s] rust_verify_test::SetMtEph set_mt_eph_from_vec
        PASS [   1.303s] rust_verify_test::SetMtEph set_mt_eph_for_iter
        PASS [   1.319s] rust_verify_test::SetMtEph set_mt_eph_loop_loop
        PASS [   1.305s] rust_verify_test::SetStEph set_st_eph_for_iter
        PASS [   1.255s] rust_verify_test::SetStEph set_st_eph_from_vec
        PASS [   1.294s] rust_verify_test::SetStEph set_st_eph_loop_loop
        PASS [   1.154s] rust_verify_test::prove_MathSeq_iters mathseq_iter_consuming
        PASS [   1.157s] rust_verify_test::prove_MathSeq_iters mathseq_iter_nested
        PASS [   1.015s] rust_verify_test::prove_MathSeq_iters mathseq_iter_range
────────────
     Summary [  31.238s] 145 tests run: 145 passed, 0 skipped
Elapsed: 91s
