verification results:: 4554 verified, 0 errors
   Compiling rust_verify_test v0.1.0 (/home/milnes/projects/APAS-VERUS-agent1/rust_verify_test)
    Finished `release` profile [optimized] target(s) in 1.30s
────────────
 Nextest run ID 3142b7ae-84c2-4274-8cc1-7c3113749d56 with nextest profile: default
    Starting 157 tests across 37 binaries
        PASS [   1.315s] rust_verify_test::HashSetWithViewPlus hash_set_wvp_loop_loop
        PASS [   1.434s] rust_verify_test::HashSetWithViewPlus hash_set_wvp_for_iter
        PASS [   1.537s] rust_verify_test::MappingStEph mapping_st_eph_loop_loop
        PASS [   1.537s] rust_verify_test::HashMapWithViewPlus hash_map_wvp_for_iter
        PASS [   1.613s] rust_verify_test::MappingStEph mapping_st_eph_for_iter
        PASS [   1.742s] rust_verify_test::HashMapWithViewPlus hash_map_wvp_loop_loop
        PASS [   1.634s] rust_verify_test::ProveAVLTreeSeq avltreeseq_for_borrow_iter
        PASS [   1.439s] rust_verify_test::ProveAVLTreeSetMtEph avltreesetmteph_for_borrow_into
        PASS [   1.444s] rust_verify_test::ProveAVLTreeSetMtEph avltreesetmteph_for_borrow_iter
        PASS [   1.642s] rust_verify_test::ProveAVLTreeSeq avltreeseq_loop_borrow_iter
        PASS [   1.535s] rust_verify_test::ProveAVLTreeSetMtEph avltreesetmteph_loop_borrow_iter
        PASS [   1.507s] rust_verify_test::ProveArraySeq arrayseq_filter
        PASS [   1.220s] rust_verify_test::ProveArraySeq arrayseq_iterate
        PASS [   1.435s] rust_verify_test::ProveArraySeq arrayseq_iterate_prefixes
        PASS [   1.372s] rust_verify_test::ProveArraySeq arrayseq_loop_loop
        PASS [   1.398s] rust_verify_test::ProveArraySeq arrayseq_reduce
        PASS [   1.705s] rust_verify_test::ProveArraySeq arrayseq_for_iter
        PASS [   1.530s] rust_verify_test::ProveArraySeq arrayseq_map
        PASS [   1.565s] rust_verify_test::ProveArraySeq arrayseq_scan
        PASS [   1.334s] rust_verify_test::ProveArraySeq arrayseq_tabulate
        PASS [   1.281s] rust_verify_test::ProveArraySeqMtEph arrayseqmteph_loop_loop
        PASS [   1.535s] rust_verify_test::ProveArraySeq arrayseq_scan_inclusive
        PASS [   1.443s] rust_verify_test::ProveArraySeqMtEph arrayseqmteph_for_iter
        PASS [   1.527s] rust_verify_test::ProveArraySeqMtPer arrayseqmtper_for_iter
        PASS [   1.421s] rust_verify_test::ProveArraySeqMtPer arrayseqmtper_loop_loop
        PASS [   1.489s] rust_verify_test::ProveArraySeqStEph arrayseqsteph_for_borrow_into
        PASS [   1.388s] rust_verify_test::ProveArraySeqStEph arrayseqsteph_for_consume
        PASS [   1.259s] rust_verify_test::ProveArraySeqStEph arrayseqsteph_loop_borrow_into
        PASS [   1.257s] rust_verify_test::ProveArraySeqStEph arrayseqsteph_loop_borrow_iter
        PASS [   1.611s] rust_verify_test::ProveArraySeqStEph arrayseqsteph_for_borrow_iter
        PASS [   1.391s] rust_verify_test::ProveArraySeqStEph arrayseqsteph_loop_consume
        PASS [   1.365s] rust_verify_test::ProveArraySeqStPer arrayseqstper_for_iter
        PASS [   1.317s] rust_verify_test::ProveArraySeqStPer arrayseqstper_loop_loop
        PASS [   1.315s] rust_verify_test::ProveBFSMtEph chap54_bfsmteph_bottom_up_loop
        PASS [   1.407s] rust_verify_test::ProveBFSStEph chap54_bfssteph_bottom_up_loop
        PASS [   1.510s] rust_verify_test::ProveBFSMtEph chap54_bfsmteph_top_down_loop
        PASS [   1.363s] rust_verify_test::ProveBFSStEph chap54_bfssteph_top_down_loop
        PASS [   1.351s] rust_verify_test::ProveBalBinTreeStEph balbintree_for_preorder
        PASS [   1.384s] rust_verify_test::ProveBalBinTreeStEph balbintree_for_postorder
        PASS [   1.473s] rust_verify_test::ProveBalBinTreeStEph balbintree_for_inorder
        PASS [   1.257s] rust_verify_test::ProveBalBinTreeStEph balbintree_inorder_spec_match
        PASS [   1.272s] rust_verify_test::ProveBalBinTreeStEph balbintree_leaf_iter_exhausted
        PASS [   1.395s] rust_verify_test::ProveBalBinTreeStEph balbintree_leaf_traversals_empty
        PASS [   1.342s] rust_verify_test::ProveBalBinTreeStEph balbintree_loop_inorder
        PASS [   1.363s] rust_verify_test::ProveBalBinTreeStEph balbintree_loop_postorder
        PASS [   1.316s] rust_verify_test::ProveBalBinTreeStEph balbintree_loop_preorder
        PASS [   1.216s] rust_verify_test::ProveBalBinTreeStEph balbintree_preorder_spec_match
        PASS [   1.299s] rust_verify_test::ProveBalBinTreeStEph balbintree_postorder_spec_match
        PASS [   1.359s] rust_verify_test::ProveChap19ArraySeqMtEph chap19_arrayseqmteph_for_borrow_iter
        PASS [   1.401s] rust_verify_test::ProveChap19ArraySeqMtEph chap19_arrayseqmteph_for_borrow_into
        PASS [   1.306s] rust_verify_test::ProveChap19ArraySeqMtEph chap19_arrayseqmteph_loop_borrow_iter
        PASS [   1.286s] rust_verify_test::ProveChap19ArraySeqMtEph chap19_arrayseqmteph_loop_consume
        PASS [   1.372s] rust_verify_test::ProveChap19ArraySeqMtEph chap19_arrayseqmteph_loop_borrow_into
        PASS [   1.721s] rust_verify_test::ProveChap19ArraySeqMtEph chap19_arrayseqmteph_for_consume
        PASS [   1.733s] rust_verify_test::ProveChap19ArraySeqMtEphSlice slice_iter_over_subslice
        PASS [   1.831s] rust_verify_test::ProveChap19ArraySeqMtEphSlice slice_loop_borrow_iter
        PASS [   1.906s] rust_verify_test::ProveChap19ArraySeqMtEphSlice slice_for_borrow_iter
        PASS [   1.992s] rust_verify_test::ProveChap19ArraySeqMtEphSlice slice_for_borrow_into
        PASS [   1.972s] rust_verify_test::ProveChap19ArraySeqMtEphSlice slice_operations
        PASS [   2.382s] rust_verify_test::ProveChap19ArraySeqStEph chap19_arrayseqsteph_for_borrow_into
        PASS [   2.680s] rust_verify_test::ProveChap19ArraySeqStEph chap19_arrayseqsteph_for_borrow_iter
        PASS [   2.613s] rust_verify_test::ProveChap19ArraySeqStEph chap19_arrayseqsteph_loop_consume
        PASS [   2.792s] rust_verify_test::ProveChap19ArraySeqStEph chap19_arrayseqsteph_for_consume
        PASS [   2.769s] rust_verify_test::ProveChap19ArraySeqStEph chap19_arrayseqsteph_loop_borrow_iter
        PASS [   2.947s] rust_verify_test::ProveChap19ArraySeqStEph chap19_arrayseqsteph_loop_borrow_into
        PASS [   2.703s] rust_verify_test::ProveChap19ArraySeqStPer chap19_arrayseqstper_for_borrow_into
        PASS [   2.734s] rust_verify_test::ProveChap19ArraySeqStPer chap19_arrayseqstper_for_borrow_iter
        PASS [   2.521s] rust_verify_test::ProveChap19ArraySeqStPer chap19_arrayseqstper_loop_borrow_into
        PASS [   2.538s] rust_verify_test::ProveChap19ArraySeqStPer chap19_arrayseqstper_loop_consume
        PASS [   2.807s] rust_verify_test::ProveChap19ArraySeqStPer chap19_arrayseqstper_for_consume
        PASS [   2.768s] rust_verify_test::ProveChap19ArraySeqStPer chap19_arrayseqstper_loop_borrow_iter
        PASS [   2.121s] rust_verify_test::ProveKleeneStPer kleene_alphabet
        PASS [   1.717s] rust_verify_test::ProveKleeneStPer kleene_mem_plus
        PASS [   1.524s] rust_verify_test::ProveLinkedListStEph linkedliststeph_for_iter
        PASS [   1.719s] rust_verify_test::ProveKleeneStPer kleene_mem_star
        PASS [   1.504s] rust_verify_test::ProveLinkedListStEph linkedliststeph_loop_loop
        PASS [   1.479s] rust_verify_test::ProveLinkedListStPer linkedliststper_for_iter
        PASS [   1.460s] rust_verify_test::ProveLinkedListStPer linkedliststper_loop_loop
        PASS [   1.585s] rust_verify_test::ProveMathSeq mathseq_for_borrow_into
        PASS [   1.701s] rust_verify_test::ProveMathSeq mathseq_for_consume
        PASS [   1.811s] rust_verify_test::ProveMathSeq mathseq_loop_borrow_iter
        PASS [   1.899s] rust_verify_test::ProveMathSeq mathseq_loop_borrow_into
        PASS [   1.821s] rust_verify_test::ProveMathSeq mathseq_loop_consume
        PASS [   2.044s] rust_verify_test::ProveMathSeq mathseq_for_borrow_iter
        PASS [   1.534s] rust_verify_test::ProveOrderedSetStEph chap43_orderedsetsteph_for_borrow_into
        PASS [   1.546s] rust_verify_test::ProveOrderedSetStEph chap43_orderedsetsteph_for_borrow_iter
        PASS [   1.387s] rust_verify_test::ProveOrderedSetStEph chap43_orderedsetsteph_loop_borrow_iter
        PASS [   1.441s] rust_verify_test::ProveOrderedTableStEph chap43_orderedtablesteph_for_borrow_into
        PASS [   1.386s] rust_verify_test::ProveOrderedTableStEph chap43_orderedtablesteph_for_borrow_iter
        PASS [   1.566s] rust_verify_test::ProveOrderedSetStEph chap43_orderedsetsteph_loop_borrow_into
        PASS [   1.431s] rust_verify_test::ProveOrderedTableStEph chap43_orderedtablesteph_loop_borrow_into
        PASS [   1.311s] rust_verify_test::ProveOrderedTableStEph chap43_orderedtablesteph_loop_borrow_iter
        PASS [   1.324s] rust_verify_test::ProveOrderedTableStPer chap43_orderedtablestper_for_borrow_into
        PASS [   1.298s] rust_verify_test::ProveOrderedTableStPer chap43_orderedtablestper_loop_borrow_into
        PASS [   1.290s] rust_verify_test::ProveOrderedTableStPer chap43_orderedtablestper_loop_borrow_iter
        PASS [   1.351s] rust_verify_test::ProveOrderedTableStPer chap43_orderedtablestper_for_borrow_iter
        PASS [   1.246s] rust_verify_test::ProvePrimTreeSeqStPer primtreeseq_for_borrow_into
        PASS [   1.223s] rust_verify_test::ProvePrimTreeSeqStPer primtreeseq_for_borrow_iter
        PASS [   1.198s] rust_verify_test::ProvePrimTreeSeqStPer primtreeseq_for_consume
        PASS [   1.189s] rust_verify_test::ProvePrimTreeSeqStPer primtreeseq_loop_consume
        PASS [   1.230s] rust_verify_test::ProvePrimTreeSeqStPer primtreeseq_loop_borrow_into
        PASS [   1.332s] rust_verify_test::ProvePrimTreeSeqStPer primtreeseq_loop_borrow_iter
        PASS [   1.292s] rust_verify_test::ProveSetMtEph set_mt_eph_for_borrow_into
        PASS [   1.318s] rust_verify_test::ProveSetMtEph set_mt_eph_for_borrow_iter
        PASS [   1.189s] rust_verify_test::Provedeep_view_standard deep_view_standard_for_borrow_into
        PASS [   1.194s] rust_verify_test::Provedeep_view_standard deep_view_standard_for_borrow_iter
        PASS [   1.325s] rust_verify_test::ProveSetMtEph set_mt_eph_loop_borrow_iter
        PASS [   1.187s] rust_verify_test::Provedeep_view_standard deep_view_standard_for_consume
        PASS [   1.146s] rust_verify_test::Provedeep_view_standard deep_view_standard_simple
        PASS [   1.213s] rust_verify_test::Provedeep_view_standard deep_view_standard_loop_consume
        PASS [   1.284s] rust_verify_test::Provedeep_view_standard deep_view_standard_loop_borrow_into
        PASS [   1.256s] rust_verify_test::Provedeep_view_standard deep_view_standard_loop_borrow_iter
        PASS [   1.241s] rust_verify_test::Proveiterators_standard iterators_standard_for_borrow_into
        PASS [   1.238s] rust_verify_test::Proveiterators_standard iterators_standard_for_borrow_iter
        PASS [   1.238s] rust_verify_test::Proveiterators_standard iterators_standard_for_consume
        PASS [   1.225s] rust_verify_test::Proveiterators_standard iterators_standard_loop_borrow_into
        PASS [   1.236s] rust_verify_test::Proveiterators_standard iterators_standard_loop_borrow_iter
        PASS [   1.232s] rust_verify_test::Provemod_standard mod_standard_for_borrow_into
        PASS [   1.314s] rust_verify_test::Proveiterators_standard iterators_standard_loop_consume
        PASS [   1.213s] rust_verify_test::Provemod_standard mod_standard_for_borrow_iter
        PASS [   1.219s] rust_verify_test::Provemod_standard mod_standard_loop_borrow_iter
        PASS [   1.272s] rust_verify_test::Provemod_standard mod_standard_for_consume
        PASS [   1.370s] rust_verify_test::Provemod_standard mod_standard_loop_borrow_into
        PASS [   1.345s] rust_verify_test::Provemod_standard mod_standard_loop_consume
        PASS [   1.331s] rust_verify_test::Provetable_of_contents_standard toc_standard_for_borrow_into
        PASS [   1.343s] rust_verify_test::Provetable_of_contents_standard toc_standard_for_borrow_iter
        PASS [   1.261s] rust_verify_test::Provetable_of_contents_standard toc_standard_for_consume
        PASS [   1.289s] rust_verify_test::Provetable_of_contents_standard toc_standard_loop_borrow_into
        PASS [   1.238s] rust_verify_test::Proveusing_closures_standard closures_ghost_spec_fn
        PASS [   1.252s] rust_verify_test::Provetable_of_contents_standard toc_standard_loop_consume
        PASS [   1.210s] rust_verify_test::Proveusing_closures_standard closures_inline_requires_ensures
        PASS [   1.419s] rust_verify_test::Provetable_of_contents_standard toc_standard_loop_borrow_iter
        PASS [   1.286s] rust_verify_test::Proveusing_closures_standard closures_map_apply
        PASS [   1.346s] rust_verify_test::Proveusing_closures_standard closures_let_bind_ensures
        PASS [   1.171s] rust_verify_test::Proveview_standard view_standard_collection
        PASS [   1.286s] rust_verify_test::Proveview_standard view_standard_for_borrow_into
        PASS [   1.303s] rust_verify_test::Proveview_standard view_standard_for_borrow_iter
        PASS [   1.358s] rust_verify_test::Proveview_standard view_standard_for_consume
        PASS [   1.299s] rust_verify_test::Proveview_standard view_standard_loop_consume
        PASS [   1.325s] rust_verify_test::Proveview_standard view_standard_loop_borrow_iter
        PASS [   1.286s] rust_verify_test::Proveview_standard view_standard_simple
        PASS [   1.277s] rust_verify_test::Provewrapping_iterators_standard wrapping_for_borrow_into
        PASS [   1.546s] rust_verify_test::Proveview_standard view_standard_loop_borrow_into
        PASS [   1.293s] rust_verify_test::Provewrapping_iterators_standard wrapping_for_borrow_iter
        PASS [   1.345s] rust_verify_test::Provewrapping_iterators_standard wrapping_loop_borrow_into
        PASS [   1.313s] rust_verify_test::RelationStEph relation_st_eph_loop_loop
        PASS [   1.310s] rust_verify_test::SetMtEph set_mt_eph_for_iter
        PASS [   1.552s] rust_verify_test::Provewrapping_iterators_standard wrapping_loop_borrow_iter
        PASS [   1.284s] rust_verify_test::SetMtEph set_mt_eph_from_vec
        PASS [   1.591s] rust_verify_test::RelationStEph relation_st_eph_for_iter
        PASS [   1.292s] rust_verify_test::SetStEph set_st_eph_from_vec
        PASS [   1.245s] rust_verify_test::prove_MathSeq_iters mathseq_iter_consuming
        PASS [   1.417s] rust_verify_test::SetStEph set_st_eph_for_iter
        PASS [   1.289s] rust_verify_test::SetStEph set_st_eph_loop_loop
        PASS [   1.247s] rust_verify_test::prove_MathSeq_iters mathseq_iter_nested
        PASS [   1.661s] rust_verify_test::SetMtEph set_mt_eph_loop_loop
        PASS [   1.020s] rust_verify_test::prove_MathSeq_iters mathseq_iter_range
────────────
     Summary [  40.201s] 157 tests run: 157 passed, 0 skipped
Elapsed: 119s
