verification results:: 4905 verified, 0 errors
    Finished `release` profile [optimized] target(s) in 0.04s
────────────
 Nextest run ID 38b99067-af8b-401a-a234-0b6df6b677cd with nextest profile: default
    Starting 157 tests across 37 binaries
        PASS [   1.453s] rust_verify_test::HashSetWithViewPlus hash_set_wvp_loop_loop
        PASS [   1.465s] rust_verify_test::HashMapWithViewPlus hash_map_wvp_loop_loop
        PASS [   1.492s] rust_verify_test::HashSetWithViewPlus hash_set_wvp_for_iter
        PASS [   1.683s] rust_verify_test::MappingStEph mapping_st_eph_for_iter
        PASS [   1.728s] rust_verify_test::MappingStEph mapping_st_eph_loop_loop
        PASS [   1.783s] rust_verify_test::HashMapWithViewPlus hash_map_wvp_for_iter
        PASS [   1.490s] rust_verify_test::ProveAVLTreeSetMtEph avltreesetmteph_for_borrow_into
        PASS [   1.568s] rust_verify_test::ProveAVLTreeSeq avltreeseq_loop_borrow_iter
        PASS [   1.517s] rust_verify_test::ProveAVLTreeSetMtEph avltreesetmteph_for_borrow_iter
        PASS [   1.541s] rust_verify_test::ProveAVLTreeSetMtEph avltreesetmteph_loop_borrow_iter
        PASS [   1.600s] rust_verify_test::ProveArraySeq arrayseq_filter
        PASS [   2.019s] rust_verify_test::ProveAVLTreeSeq avltreeseq_for_borrow_iter
        PASS [   1.446s] rust_verify_test::ProveArraySeq arrayseq_iterate
        PASS [   1.513s] rust_verify_test::ProveArraySeq arrayseq_for_iter
        PASS [   1.515s] rust_verify_test::ProveArraySeq arrayseq_iterate_prefixes
        PASS [   1.392s] rust_verify_test::ProveArraySeq arrayseq_map
        PASS [   1.601s] rust_verify_test::ProveArraySeq arrayseq_loop_loop
        PASS [   1.807s] rust_verify_test::ProveArraySeq arrayseq_reduce
        PASS [   1.356s] rust_verify_test::ProveArraySeq arrayseq_tabulate
        PASS [   1.661s] rust_verify_test::ProveArraySeq arrayseq_scan
        PASS [   1.519s] rust_verify_test::ProveArraySeqMtEph arrayseqmteph_for_iter
        PASS [   1.428s] rust_verify_test::ProveArraySeqMtEph arrayseqmteph_loop_loop
        PASS [   1.974s] rust_verify_test::ProveArraySeq arrayseq_scan_inclusive
        PASS [   1.392s] rust_verify_test::ProveArraySeqMtPer arrayseqmtper_for_iter
        PASS [   1.555s] rust_verify_test::ProveArraySeqMtPer arrayseqmtper_loop_loop
        PASS [   1.661s] rust_verify_test::ProveArraySeqStEph arrayseqsteph_for_borrow_into
        PASS [   1.571s] rust_verify_test::ProveArraySeqStEph arrayseqsteph_for_borrow_iter
        PASS [   1.578s] rust_verify_test::ProveArraySeqStEph arrayseqsteph_for_consume
        PASS [   1.581s] rust_verify_test::ProveArraySeqStEph arrayseqsteph_loop_borrow_into
        PASS [   1.476s] rust_verify_test::ProveArraySeqStEph arrayseqsteph_loop_borrow_iter
        PASS [   1.398s] rust_verify_test::ProveArraySeqStEph arrayseqsteph_loop_consume
        PASS [   1.437s] rust_verify_test::ProveBFSMtEph chap54_bfsmteph_bottom_up_loop
        PASS [   1.495s] rust_verify_test::ProveArraySeqStPer arrayseqstper_loop_loop
        PASS [   1.645s] rust_verify_test::ProveArraySeqStPer arrayseqstper_for_iter
        PASS [   1.447s] rust_verify_test::ProveBFSMtEph chap54_bfsmteph_top_down_loop
        PASS [   1.687s] rust_verify_test::ProveBFSStEph chap54_bfssteph_bottom_up_loop
        PASS [   1.442s] rust_verify_test::ProveBFSStEph chap54_bfssteph_top_down_loop
        PASS [   1.561s] rust_verify_test::ProveBalBinTreeStEph balbintree_for_inorder
        PASS [   1.507s] rust_verify_test::ProveBalBinTreeStEph balbintree_for_preorder
        PASS [   1.570s] rust_verify_test::ProveBalBinTreeStEph balbintree_inorder_spec_match
        PASS [   1.768s] rust_verify_test::ProveBalBinTreeStEph balbintree_for_postorder
        PASS [   1.328s] rust_verify_test::ProveBalBinTreeStEph balbintree_leaf_iter_exhausted
        PASS [   1.546s] rust_verify_test::ProveBalBinTreeStEph balbintree_leaf_traversals_empty
        PASS [   1.599s] rust_verify_test::ProveBalBinTreeStEph balbintree_loop_postorder
        PASS [   1.687s] rust_verify_test::ProveBalBinTreeStEph balbintree_loop_inorder
        PASS [   1.484s] rust_verify_test::ProveBalBinTreeStEph balbintree_preorder_spec_match
        PASS [   1.539s] rust_verify_test::ProveBalBinTreeStEph balbintree_postorder_spec_match
        PASS [   1.603s] rust_verify_test::ProveBalBinTreeStEph balbintree_loop_preorder
        PASS [   1.430s] rust_verify_test::ProveChap19ArraySeqMtEph chap19_arrayseqmteph_for_borrow_into
        PASS [   1.437s] rust_verify_test::ProveChap19ArraySeqMtEph chap19_arrayseqmteph_for_borrow_iter
        PASS [   1.484s] rust_verify_test::ProveChap19ArraySeqMtEph chap19_arrayseqmteph_for_consume
        PASS [   1.437s] rust_verify_test::ProveChap19ArraySeqMtEph chap19_arrayseqmteph_loop_consume
        PASS [   1.574s] rust_verify_test::ProveChap19ArraySeqMtEph chap19_arrayseqmteph_loop_borrow_into
        PASS [   1.632s] rust_verify_test::ProveChap19ArraySeqMtEph chap19_arrayseqmteph_loop_borrow_iter
        PASS [   1.549s] rust_verify_test::ProveChap19ArraySeqMtEphSlice slice_for_borrow_into
        PASS [   1.569s] rust_verify_test::ProveChap19ArraySeqMtEphSlice slice_iter_over_subslice
        PASS [   1.535s] rust_verify_test::ProveChap19ArraySeqMtEphSlice slice_loop_borrow_iter
        PASS [   1.710s] rust_verify_test::ProveChap19ArraySeqMtEphSlice slice_for_borrow_iter
        PASS [   1.507s] rust_verify_test::ProveChap19ArraySeqStEph chap19_arrayseqsteph_for_borrow_into
        PASS [   1.740s] rust_verify_test::ProveChap19ArraySeqMtEphSlice slice_operations
        PASS [   1.499s] rust_verify_test::ProveChap19ArraySeqStEph chap19_arrayseqsteph_for_borrow_iter
        PASS [   1.643s] rust_verify_test::ProveChap19ArraySeqStEph chap19_arrayseqsteph_for_consume
        PASS [   1.582s] rust_verify_test::ProveChap19ArraySeqStEph chap19_arrayseqsteph_loop_borrow_iter
        PASS [   1.509s] rust_verify_test::ProveChap19ArraySeqStEph chap19_arrayseqsteph_loop_consume
        PASS [   1.771s] rust_verify_test::ProveChap19ArraySeqStEph chap19_arrayseqsteph_loop_borrow_into
        PASS [   1.638s] rust_verify_test::ProveChap19ArraySeqStPer chap19_arrayseqstper_for_borrow_into
        PASS [   1.479s] rust_verify_test::ProveChap19ArraySeqStPer chap19_arrayseqstper_for_borrow_iter
        PASS [   1.537s] rust_verify_test::ProveChap19ArraySeqStPer chap19_arrayseqstper_loop_borrow_into
        PASS [   1.596s] rust_verify_test::ProveChap19ArraySeqStPer chap19_arrayseqstper_loop_borrow_iter
        PASS [   1.519s] rust_verify_test::ProveChap19ArraySeqStPer chap19_arrayseqstper_loop_consume
        PASS [   1.699s] rust_verify_test::ProveChap19ArraySeqStPer chap19_arrayseqstper_for_consume
        PASS [   1.449s] rust_verify_test::ProveKleeneStPer kleene_alphabet
        PASS [   1.712s] rust_verify_test::ProveKleeneStPer kleene_mem_plus
        PASS [   1.619s] rust_verify_test::ProveKleeneStPer kleene_mem_star
        PASS [   1.501s] rust_verify_test::ProveLinkedListStPer linkedliststper_for_iter
        PASS [   1.544s] rust_verify_test::ProveLinkedListStEph linkedliststeph_loop_loop
        PASS [   1.544s] rust_verify_test::ProveLinkedListStPer linkedliststper_loop_loop
        PASS [   1.788s] rust_verify_test::ProveLinkedListStEph linkedliststeph_for_iter
        PASS [   1.823s] rust_verify_test::ProveMathSeq mathseq_for_borrow_into
        PASS [   1.484s] rust_verify_test::ProveMathSeq mathseq_for_consume
        PASS [   1.498s] rust_verify_test::ProveMathSeq mathseq_loop_borrow_into
        PASS [   1.464s] rust_verify_test::ProveMathSeq mathseq_loop_borrow_iter
        PASS [   1.625s] rust_verify_test::ProveMathSeq mathseq_for_borrow_iter
        PASS [   1.527s] rust_verify_test::ProveMathSeq mathseq_loop_consume
        PASS [   1.615s] rust_verify_test::ProveOrderedSetStEph chap43_orderedsetsteph_for_borrow_into
        PASS [   1.498s] rust_verify_test::ProveOrderedSetStEph chap43_orderedsetsteph_for_borrow_iter
        PASS [   1.691s] rust_verify_test::ProveOrderedSetStEph chap43_orderedsetsteph_loop_borrow_into
        PASS [   1.639s] rust_verify_test::ProveOrderedSetStEph chap43_orderedsetsteph_loop_borrow_iter
        PASS [   1.648s] rust_verify_test::ProveOrderedTableStEph chap43_orderedtablesteph_for_borrow_into
        PASS [   1.656s] rust_verify_test::ProveOrderedTableStEph chap43_orderedtablesteph_for_borrow_iter
        PASS [   1.549s] rust_verify_test::ProveOrderedTableStEph chap43_orderedtablesteph_loop_borrow_into
        PASS [   1.578s] rust_verify_test::ProveOrderedTableStEph chap43_orderedtablesteph_loop_borrow_iter
        PASS [   1.576s] rust_verify_test::ProveOrderedTableStPer chap43_orderedtablestper_for_borrow_into
        PASS [   1.563s] rust_verify_test::ProveOrderedTableStPer chap43_orderedtablestper_loop_borrow_into
        PASS [   1.802s] rust_verify_test::ProveOrderedTableStPer chap43_orderedtablestper_for_borrow_iter
        PASS [   1.625s] rust_verify_test::ProveOrderedTableStPer chap43_orderedtablestper_loop_borrow_iter
        PASS [   1.497s] rust_verify_test::ProvePrimTreeSeqStPer primtreeseq_for_borrow_into
        PASS [   1.524s] rust_verify_test::ProvePrimTreeSeqStPer primtreeseq_for_borrow_iter
        PASS [   1.426s] rust_verify_test::ProvePrimTreeSeqStPer primtreeseq_loop_borrow_into
        PASS [   1.514s] rust_verify_test::ProvePrimTreeSeqStPer primtreeseq_for_consume
        PASS [   1.463s] rust_verify_test::ProvePrimTreeSeqStPer primtreeseq_loop_borrow_iter
        PASS [   1.677s] rust_verify_test::ProvePrimTreeSeqStPer primtreeseq_loop_consume
        PASS [   1.572s] rust_verify_test::ProveSetMtEph set_mt_eph_for_borrow_into
        PASS [   1.688s] rust_verify_test::ProveSetMtEph set_mt_eph_for_borrow_iter
        PASS [   1.534s] rust_verify_test::ProveSetMtEph set_mt_eph_loop_borrow_iter
        PASS [   1.562s] rust_verify_test::Provedeep_view_standard deep_view_standard_for_borrow_iter
        PASS [   1.770s] rust_verify_test::Provedeep_view_standard deep_view_standard_for_borrow_into
        PASS [   1.544s] rust_verify_test::Provedeep_view_standard deep_view_standard_for_consume
        PASS [   1.511s] rust_verify_test::Provedeep_view_standard deep_view_standard_loop_borrow_into
        PASS [   1.450s] rust_verify_test::Provedeep_view_standard deep_view_standard_loop_borrow_iter
        PASS [   1.455s] rust_verify_test::Provedeep_view_standard deep_view_standard_loop_consume
        PASS [   1.371s] rust_verify_test::Provedeep_view_standard deep_view_standard_simple
        PASS [   1.549s] rust_verify_test::Proveiterators_standard iterators_standard_for_borrow_iter
        PASS [   1.805s] rust_verify_test::Proveiterators_standard iterators_standard_for_borrow_into
        PASS [   1.390s] rust_verify_test::Proveiterators_standard iterators_standard_for_consume
        PASS [   1.403s] rust_verify_test::Proveiterators_standard iterators_standard_loop_borrow_into
        PASS [   1.586s] rust_verify_test::Proveiterators_standard iterators_standard_loop_borrow_iter
        PASS [   1.528s] rust_verify_test::Proveiterators_standard iterators_standard_loop_consume
        PASS [   1.469s] rust_verify_test::Provemod_standard mod_standard_for_borrow_into
        PASS [   1.461s] rust_verify_test::Provemod_standard mod_standard_for_borrow_iter
        PASS [   1.462s] rust_verify_test::Provemod_standard mod_standard_for_consume
        PASS [   1.406s] rust_verify_test::Provemod_standard mod_standard_loop_borrow_into
        PASS [   1.402s] rust_verify_test::Provemod_standard mod_standard_loop_borrow_iter
        PASS [   1.481s] rust_verify_test::Provemod_standard mod_standard_loop_consume
        PASS [   1.422s] rust_verify_test::Provetable_of_contents_standard toc_standard_for_borrow_into
        PASS [   1.662s] rust_verify_test::Provetable_of_contents_standard toc_standard_for_borrow_iter
        PASS [   1.389s] rust_verify_test::Provetable_of_contents_standard toc_standard_for_consume
        PASS [   1.335s] rust_verify_test::Provetable_of_contents_standard toc_standard_loop_borrow_into
        PASS [   1.355s] rust_verify_test::Provetable_of_contents_standard toc_standard_loop_borrow_iter
        PASS [   1.548s] rust_verify_test::Provetable_of_contents_standard toc_standard_loop_consume
        PASS [   1.404s] rust_verify_test::Proveusing_closures_standard closures_ghost_spec_fn
        PASS [   1.332s] rust_verify_test::Proveusing_closures_standard closures_inline_requires_ensures
        PASS [   1.448s] rust_verify_test::Proveusing_closures_standard closures_let_bind_ensures
        PASS [   1.419s] rust_verify_test::Proveusing_closures_standard closures_map_apply
        PASS [   1.524s] rust_verify_test::Proveview_standard view_standard_collection
        PASS [   1.558s] rust_verify_test::Proveview_standard view_standard_for_borrow_into
        PASS [   1.457s] rust_verify_test::Proveview_standard view_standard_for_consume
        PASS [   1.702s] rust_verify_test::Proveview_standard view_standard_for_borrow_iter
        PASS [   1.526s] rust_verify_test::Proveview_standard view_standard_loop_borrow_into
        PASS [   1.501s] rust_verify_test::Proveview_standard view_standard_loop_borrow_iter
        PASS [   1.544s] rust_verify_test::Proveview_standard view_standard_loop_consume
        PASS [   1.432s] rust_verify_test::Proveview_standard view_standard_simple
        PASS [   1.470s] rust_verify_test::Provewrapping_iterators_standard wrapping_for_borrow_iter
        PASS [   1.523s] rust_verify_test::Provewrapping_iterators_standard wrapping_for_borrow_into
        PASS [   1.453s] rust_verify_test::Provewrapping_iterators_standard wrapping_loop_borrow_into
        PASS [   1.515s] rust_verify_test::Provewrapping_iterators_standard wrapping_loop_borrow_iter
        PASS [   1.528s] rust_verify_test::RelationStEph relation_st_eph_for_iter
        PASS [   1.541s] rust_verify_test::RelationStEph relation_st_eph_loop_loop
        PASS [   1.528s] rust_verify_test::SetMtEph set_mt_eph_from_vec
        PASS [   1.559s] rust_verify_test::SetMtEph set_mt_eph_loop_loop
        PASS [   1.963s] rust_verify_test::SetMtEph set_mt_eph_for_iter
        PASS [   1.587s] rust_verify_test::SetStEph set_st_eph_for_iter
        PASS [   1.488s] rust_verify_test::SetStEph set_st_eph_from_vec
        PASS [   1.495s] rust_verify_test::SetStEph set_st_eph_loop_loop
        PASS [   1.317s] rust_verify_test::prove_MathSeq_iters mathseq_iter_consuming
        PASS [   1.439s] rust_verify_test::prove_MathSeq_iters mathseq_iter_nested
        PASS [   1.258s] rust_verify_test::prove_MathSeq_iters mathseq_iter_range
────────────
     Summary [  40.969s] 157 tests run: 157 passed, 0 skipped
Elapsed: 164s
