verification results:: 4435 verified, 0 errors
    Finished `release` profile [optimized] target(s) in 0.06s
────────────
 Nextest run ID c61c72e2-c407-41d1-8b93-f92f9468863a with nextest profile: default
    Starting 145 tests across 34 binaries
        PASS [   1.668s] rust_verify_test::HashSetWithViewPlus hash_set_wvp_loop_loop
        PASS [   1.892s] rust_verify_test::HashSetWithViewPlus hash_set_wvp_for_iter
        PASS [   1.929s] rust_verify_test::HashMapWithViewPlus hash_map_wvp_for_iter
        PASS [   1.929s] rust_verify_test::HashMapWithViewPlus hash_map_wvp_loop_loop
        PASS [   1.959s] rust_verify_test::MappingStEph mapping_st_eph_loop_loop
        PASS [   1.967s] rust_verify_test::MappingStEph mapping_st_eph_for_iter
        PASS [   1.743s] rust_verify_test::ProveAVLTreeSetMtEph avltreesetmteph_for_borrow_into
        PASS [   1.563s] rust_verify_test::ProveAVLTreeSetMtEph avltreesetmteph_loop_borrow_iter
        PASS [   1.576s] rust_verify_test::ProveArraySeq arrayseq_for_iter
        PASS [   1.595s] rust_verify_test::ProveArraySeq arrayseq_iterate
        PASS [   1.679s] rust_verify_test::ProveArraySeq arrayseq_filter
        PASS [   1.947s] rust_verify_test::ProveAVLTreeSetMtEph avltreesetmteph_for_borrow_iter
        PASS [   1.510s] rust_verify_test::ProveArraySeq arrayseq_loop_loop
        PASS [   1.775s] rust_verify_test::ProveArraySeq arrayseq_map
        PASS [   1.915s] rust_verify_test::ProveArraySeq arrayseq_iterate_prefixes
        PASS [   1.791s] rust_verify_test::ProveArraySeq arrayseq_reduce
        PASS [   1.756s] rust_verify_test::ProveArraySeq arrayseq_scan
        PASS [   1.740s] rust_verify_test::ProveArraySeq arrayseq_scan_inclusive
        PASS [   1.478s] rust_verify_test::ProveArraySeq arrayseq_tabulate
        PASS [   1.626s] rust_verify_test::ProveArraySeqMtPer arrayseqmtper_loop_loop
        PASS [   1.829s] rust_verify_test::ProveArraySeqMtPer arrayseqmtper_for_iter
        PASS [   1.904s] rust_verify_test::ProveArraySeqMtEph arrayseqmteph_loop_loop
        PASS [   2.022s] rust_verify_test::ProveArraySeqMtEph arrayseqmteph_for_iter
        PASS [   1.771s] rust_verify_test::ProveArraySeqStEph arrayseqsteph_for_borrow_into
        PASS [   1.573s] rust_verify_test::ProveArraySeqStEph arrayseqsteph_for_borrow_iter
        PASS [   1.632s] rust_verify_test::ProveArraySeqStEph arrayseqsteph_for_consume
        PASS [   1.555s] rust_verify_test::ProveArraySeqStEph arrayseqsteph_loop_borrow_into
        PASS [   1.553s] rust_verify_test::ProveArraySeqStEph arrayseqsteph_loop_borrow_iter
        PASS [   1.641s] rust_verify_test::ProveArraySeqStEph arrayseqsteph_loop_consume
        PASS [   1.625s] rust_verify_test::ProveArraySeqStPer arrayseqstper_for_iter
        PASS [   1.584s] rust_verify_test::ProveArraySeqStPer arrayseqstper_loop_loop
        PASS [   1.523s] rust_verify_test::ProveBFSStEph chap54_bfssteph_bottom_up_loop
        PASS [   1.684s] rust_verify_test::ProveBFSMtEph chap54_bfsmteph_bottom_up_loop
        PASS [   1.622s] rust_verify_test::ProveBFSMtEph chap54_bfsmteph_top_down_loop
        PASS [   1.581s] rust_verify_test::ProveBFSStEph chap54_bfssteph_top_down_loop
        PASS [   1.778s] rust_verify_test::ProveBalBinTreeStEph balbintree_for_inorder
        PASS [   1.600s] rust_verify_test::ProveBalBinTreeStEph balbintree_for_postorder
        PASS [   1.433s] rust_verify_test::ProveBalBinTreeStEph balbintree_inorder_spec_match
        PASS [   1.615s] rust_verify_test::ProveBalBinTreeStEph balbintree_for_preorder
        PASS [   1.608s] rust_verify_test::ProveBalBinTreeStEph balbintree_leaf_iter_exhausted
        PASS [   1.442s] rust_verify_test::ProveBalBinTreeStEph balbintree_leaf_traversals_empty
        PASS [   1.736s] rust_verify_test::ProveBalBinTreeStEph balbintree_loop_inorder
        PASS [   1.853s] rust_verify_test::ProveBalBinTreeStEph balbintree_loop_postorder
        PASS [   1.633s] rust_verify_test::ProveBalBinTreeStEph balbintree_loop_preorder
        PASS [   1.524s] rust_verify_test::ProveBalBinTreeStEph balbintree_preorder_spec_match
        PASS [   1.638s] rust_verify_test::ProveChap19ArraySeqMtEph chap19_arrayseqmteph_for_borrow_into
        PASS [   1.747s] rust_verify_test::ProveBalBinTreeStEph balbintree_postorder_spec_match
        PASS [   1.747s] rust_verify_test::ProveChap19ArraySeqMtEph chap19_arrayseqmteph_for_borrow_iter
        PASS [   1.589s] rust_verify_test::ProveChap19ArraySeqMtEph chap19_arrayseqmteph_loop_borrow_into
        PASS [   1.976s] rust_verify_test::ProveChap19ArraySeqMtEph chap19_arrayseqmteph_for_consume
        PASS [   1.661s] rust_verify_test::ProveChap19ArraySeqMtEph chap19_arrayseqmteph_loop_borrow_iter
        PASS [   1.744s] rust_verify_test::ProveChap19ArraySeqMtEphSlice slice_for_borrow_into
        PASS [   1.819s] rust_verify_test::ProveChap19ArraySeqMtEph chap19_arrayseqmteph_loop_consume
        PASS [   1.596s] rust_verify_test::ProveChap19ArraySeqMtEphSlice slice_for_borrow_iter
        PASS [   1.596s] rust_verify_test::ProveChap19ArraySeqMtEphSlice slice_iter_over_subslice
        PASS [   1.631s] rust_verify_test::ProveChap19ArraySeqMtEphSlice slice_operations
        PASS [   1.856s] rust_verify_test::ProveChap19ArraySeqMtEphSlice slice_loop_borrow_iter
        PASS [   1.723s] rust_verify_test::ProveChap19ArraySeqStEph chap19_arrayseqsteph_for_borrow_iter
        PASS [   1.859s] rust_verify_test::ProveChap19ArraySeqStEph chap19_arrayseqsteph_for_borrow_into
        PASS [   1.998s] rust_verify_test::ProveChap19ArraySeqStEph chap19_arrayseqsteph_for_consume
        PASS [   1.570s] rust_verify_test::ProveChap19ArraySeqStEph chap19_arrayseqsteph_loop_borrow_into
        PASS [   1.717s] rust_verify_test::ProveChap19ArraySeqStEph chap19_arrayseqsteph_loop_borrow_iter
        PASS [   1.654s] rust_verify_test::ProveChap19ArraySeqStEph chap19_arrayseqsteph_loop_consume
        PASS [   1.662s] rust_verify_test::ProveChap19ArraySeqStPer chap19_arrayseqstper_for_borrow_iter
        PASS [   1.972s] rust_verify_test::ProveChap19ArraySeqStPer chap19_arrayseqstper_for_borrow_into
        PASS [   1.539s] rust_verify_test::ProveChap19ArraySeqStPer chap19_arrayseqstper_for_consume
        PASS [   1.714s] rust_verify_test::ProveChap19ArraySeqStPer chap19_arrayseqstper_loop_borrow_into
        PASS [   1.528s] rust_verify_test::ProveChap19ArraySeqStPer chap19_arrayseqstper_loop_borrow_iter
        PASS [   1.675s] rust_verify_test::ProveChap19ArraySeqStPer chap19_arrayseqstper_loop_consume
        PASS [   1.695s] rust_verify_test::ProveKleeneStPer kleene_alphabet
        PASS [   1.761s] rust_verify_test::ProveKleeneStPer kleene_mem_plus
        PASS [   1.797s] rust_verify_test::ProveKleeneStPer kleene_mem_star
        PASS [   1.706s] rust_verify_test::ProveLinkedListStEph linkedliststeph_for_iter
        PASS [   1.739s] rust_verify_test::ProveLinkedListStEph linkedliststeph_loop_loop
        PASS [   1.660s] rust_verify_test::ProveLinkedListStPer linkedliststper_for_iter
        PASS [   1.702s] rust_verify_test::ProveLinkedListStPer linkedliststper_loop_loop
        PASS [   1.669s] rust_verify_test::ProveMathSeq mathseq_for_borrow_into
        PASS [   1.870s] rust_verify_test::ProveMathSeq mathseq_for_borrow_iter
        PASS [   1.598s] rust_verify_test::ProveMathSeq mathseq_for_consume
        PASS [   1.702s] rust_verify_test::ProveMathSeq mathseq_loop_borrow_into
        PASS [   1.813s] rust_verify_test::ProveMathSeq mathseq_loop_borrow_iter
        PASS [   1.658s] rust_verify_test::ProveMathSeq mathseq_loop_consume
        PASS [   1.892s] rust_verify_test::ProveOrderedTableStPer chap43_orderedtablestper_loop_borrow_into
        PASS [   2.011s] rust_verify_test::ProvePrimTreeSeqStPer primtreeseq_for_borrow_into
        PASS [   2.333s] rust_verify_test::ProveOrderedTableStPer chap43_orderedtablestper_loop_borrow_iter
        PASS [   2.215s] rust_verify_test::ProvePrimTreeSeqStPer primtreeseq_for_borrow_iter
        PASS [   2.388s] rust_verify_test::ProvePrimTreeSeqStPer primtreeseq_for_consume
        PASS [   2.615s] rust_verify_test::ProvePrimTreeSeqStPer primtreeseq_loop_borrow_into
        PASS [   3.018s] rust_verify_test::ProvePrimTreeSeqStPer primtreeseq_loop_borrow_iter
        PASS [   2.904s] rust_verify_test::ProvePrimTreeSeqStPer primtreeseq_loop_consume
        PASS [   3.339s] rust_verify_test::ProveSetMtEph set_mt_eph_for_borrow_into
        PASS [   3.109s] rust_verify_test::ProveSetMtEph set_mt_eph_loop_borrow_iter
        PASS [   3.659s] rust_verify_test::ProveSetMtEph set_mt_eph_for_borrow_iter
        PASS [   2.921s] rust_verify_test::Provedeep_view_standard deep_view_standard_for_borrow_into
        PASS [   3.158s] rust_verify_test::Provedeep_view_standard deep_view_standard_for_borrow_iter
        PASS [   2.921s] rust_verify_test::Provedeep_view_standard deep_view_standard_for_consume
        PASS [   3.145s] rust_verify_test::Provedeep_view_standard deep_view_standard_loop_borrow_into
        PASS [   2.887s] rust_verify_test::Provedeep_view_standard deep_view_standard_loop_borrow_iter
        PASS [   3.020s] rust_verify_test::Provedeep_view_standard deep_view_standard_loop_consume
        PASS [   3.075s] rust_verify_test::Provedeep_view_standard deep_view_standard_simple
        PASS [   3.108s] rust_verify_test::Proveiterators_standard iterators_standard_for_borrow_into
        PASS [   3.286s] rust_verify_test::Proveiterators_standard iterators_standard_for_borrow_iter
        PASS [   2.941s] rust_verify_test::Proveiterators_standard iterators_standard_for_consume
        PASS [   3.043s] rust_verify_test::Proveiterators_standard iterators_standard_loop_borrow_into
        PASS [   3.103s] rust_verify_test::Proveiterators_standard iterators_standard_loop_consume
        PASS [   3.493s] rust_verify_test::Proveiterators_standard iterators_standard_loop_borrow_iter
        PASS [   3.232s] rust_verify_test::Provemod_standard mod_standard_for_borrow_into
        PASS [   3.157s] rust_verify_test::Provemod_standard mod_standard_for_borrow_iter
        PASS [   3.148s] rust_verify_test::Provemod_standard mod_standard_for_consume
        PASS [   3.025s] rust_verify_test::Provemod_standard mod_standard_loop_borrow_into
        PASS [   3.048s] rust_verify_test::Provemod_standard mod_standard_loop_borrow_iter
        PASS [   3.208s] rust_verify_test::Provemod_standard mod_standard_loop_consume
        PASS [   3.558s] rust_verify_test::Provetable_of_contents_standard toc_standard_for_borrow_into
        PASS [   3.204s] rust_verify_test::Provetable_of_contents_standard toc_standard_for_borrow_iter
        PASS [   3.000s] rust_verify_test::Provetable_of_contents_standard toc_standard_for_consume
        PASS [   3.181s] rust_verify_test::Provetable_of_contents_standard toc_standard_loop_borrow_into
        PASS [   3.220s] rust_verify_test::Provetable_of_contents_standard toc_standard_loop_borrow_iter
        PASS [   3.074s] rust_verify_test::Provetable_of_contents_standard toc_standard_loop_consume
        PASS [   3.038s] rust_verify_test::Proveusing_closures_standard closures_ghost_spec_fn
        PASS [   2.726s] rust_verify_test::Proveusing_closures_standard closures_let_bind_ensures
        PASS [   3.074s] rust_verify_test::Proveusing_closures_standard closures_inline_requires_ensures
        PASS [   2.710s] rust_verify_test::Proveusing_closures_standard closures_map_apply
        PASS [   2.523s] rust_verify_test::Proveview_standard view_standard_collection
        PASS [   2.500s] rust_verify_test::Proveview_standard view_standard_for_borrow_into
        PASS [   1.837s] rust_verify_test::Proveview_standard view_standard_loop_borrow_into
        PASS [   1.964s] rust_verify_test::Proveview_standard view_standard_for_consume
        PASS [   1.653s] rust_verify_test::Proveview_standard view_standard_loop_borrow_iter
        PASS [   2.157s] rust_verify_test::Proveview_standard view_standard_for_borrow_iter
        PASS [   1.924s] rust_verify_test::Proveview_standard view_standard_loop_consume
        PASS [   1.855s] rust_verify_test::Proveview_standard view_standard_simple
        PASS [   1.987s] rust_verify_test::Provewrapping_iterators_standard wrapping_loop_borrow_into
        PASS [   2.102s] rust_verify_test::Provewrapping_iterators_standard wrapping_for_borrow_iter
        PASS [   2.232s] rust_verify_test::Provewrapping_iterators_standard wrapping_for_borrow_into
        PASS [   2.125s] rust_verify_test::Provewrapping_iterators_standard wrapping_loop_borrow_iter
        PASS [   2.253s] rust_verify_test::RelationStEph relation_st_eph_for_iter
        PASS [   2.178s] rust_verify_test::RelationStEph relation_st_eph_loop_loop
        PASS [   1.755s] rust_verify_test::SetMtEph set_mt_eph_loop_loop
        PASS [   1.854s] rust_verify_test::SetMtEph set_mt_eph_from_vec
        PASS [   1.986s] rust_verify_test::SetMtEph set_mt_eph_for_iter
        PASS [   2.004s] rust_verify_test::SetStEph set_st_eph_for_iter
        PASS [   1.539s] rust_verify_test::SetStEph set_st_eph_from_vec
        PASS [   1.582s] rust_verify_test::SetStEph set_st_eph_loop_loop
        PASS [   1.448s] rust_verify_test::prove_MathSeq_iters mathseq_iter_consuming
        PASS [   1.389s] rust_verify_test::prove_MathSeq_iters mathseq_iter_nested
        PASS [   1.403s] rust_verify_test::prove_MathSeq_iters mathseq_iter_range
────────────
     Summary [  51.098s] 145 tests run: 145 passed, 0 skipped
Elapsed: 157s
