verification results:: 4498 verified, 0 errors
    Finished `release` profile [optimized] target(s) in 0.02s
────────────
 Nextest run ID 69a47da9-b677-47f8-aa47-3e5a0174c13c with nextest profile: default
    Starting 147 tests across 34 binaries
        PASS [   1.098s] rust_verify_test::HashSetWithViewPlus hash_set_wvp_loop_loop
        PASS [   1.098s] rust_verify_test::HashSetWithViewPlus hash_set_wvp_for_iter
        PASS [   1.135s] rust_verify_test::HashMapWithViewPlus hash_map_wvp_for_iter
        PASS [   1.230s] rust_verify_test::HashMapWithViewPlus hash_map_wvp_loop_loop
        PASS [   1.295s] rust_verify_test::MappingStEph mapping_st_eph_for_iter
        PASS [   1.531s] rust_verify_test::MappingStEph mapping_st_eph_loop_loop
        PASS [   1.209s] rust_verify_test::ProveAVLTreeSetMtEph avltreesetmteph_for_borrow_iter
        PASS [   1.254s] rust_verify_test::ProveAVLTreeSetMtEph avltreesetmteph_loop_borrow_iter
        PASS [   1.300s] rust_verify_test::ProveAVLTreeSetMtEph avltreesetmteph_for_borrow_into
        PASS [   1.181s] rust_verify_test::ProveArraySeq arrayseq_for_iter
        PASS [   1.257s] rust_verify_test::ProveArraySeq arrayseq_filter
        PASS [   1.129s] rust_verify_test::ProveArraySeq arrayseq_iterate
        PASS [   1.109s] rust_verify_test::ProveArraySeq arrayseq_map
        PASS [   1.202s] rust_verify_test::ProveArraySeq arrayseq_iterate_prefixes
        PASS [   1.266s] rust_verify_test::ProveArraySeq arrayseq_loop_loop
        PASS [   1.224s] rust_verify_test::ProveArraySeq arrayseq_reduce
        PASS [   1.268s] rust_verify_test::ProveArraySeq arrayseq_scan
        PASS [   1.441s] rust_verify_test::ProveArraySeq arrayseq_scan_inclusive
        PASS [   1.110s] rust_verify_test::ProveArraySeq arrayseq_tabulate
        PASS [   1.279s] rust_verify_test::ProveArraySeqMtEph arrayseqmteph_for_iter
        PASS [   1.172s] rust_verify_test::ProveArraySeqMtEph arrayseqmteph_loop_loop
        PASS [   1.099s] rust_verify_test::ProveArraySeqMtPer arrayseqmtper_loop_loop
        PASS [   1.229s] rust_verify_test::ProveArraySeqMtPer arrayseqmtper_for_iter
        PASS [   1.226s] rust_verify_test::ProveArraySeqStEph arrayseqsteph_for_borrow_into
        PASS [   1.305s] rust_verify_test::ProveArraySeqStEph arrayseqsteph_for_borrow_iter
        PASS [   1.149s] rust_verify_test::ProveArraySeqStEph arrayseqsteph_for_consume
        PASS [   1.168s] rust_verify_test::ProveArraySeqStEph arrayseqsteph_loop_borrow_into
        PASS [   1.183s] rust_verify_test::ProveArraySeqStEph arrayseqsteph_loop_borrow_iter
        PASS [   1.200s] rust_verify_test::ProveArraySeqStEph arrayseqsteph_loop_consume
        PASS [   1.214s] rust_verify_test::ProveArraySeqStPer arrayseqstper_for_iter
        PASS [   1.192s] rust_verify_test::ProveArraySeqStPer arrayseqstper_loop_loop
        PASS [   1.200s] rust_verify_test::ProveBFSMtEph chap54_bfsmteph_bottom_up_loop
        PASS [   1.179s] rust_verify_test::ProveBFSMtEph chap54_bfsmteph_top_down_loop
        PASS [   1.132s] rust_verify_test::ProveBFSStEph chap54_bfssteph_top_down_loop
        PASS [   1.406s] rust_verify_test::ProveBFSStEph chap54_bfssteph_bottom_up_loop
        PASS [   1.277s] rust_verify_test::ProveBalBinTreeStEph balbintree_for_inorder
        PASS [   1.169s] rust_verify_test::ProveBalBinTreeStEph balbintree_inorder_spec_match
        PASS [   1.279s] rust_verify_test::ProveBalBinTreeStEph balbintree_for_preorder
        PASS [   1.169s] rust_verify_test::ProveBalBinTreeStEph balbintree_leaf_iter_exhausted
        PASS [   1.436s] rust_verify_test::ProveBalBinTreeStEph balbintree_for_postorder
        PASS [   1.111s] rust_verify_test::ProveBalBinTreeStEph balbintree_leaf_traversals_empty
        PASS [   1.314s] rust_verify_test::ProveBalBinTreeStEph balbintree_loop_inorder
        PASS [   1.199s] rust_verify_test::ProveBalBinTreeStEph balbintree_loop_postorder
        PASS [   1.275s] rust_verify_test::ProveBalBinTreeStEph balbintree_postorder_spec_match
        PASS [   1.161s] rust_verify_test::ProveBalBinTreeStEph balbintree_preorder_spec_match
        PASS [   1.301s] rust_verify_test::ProveBalBinTreeStEph balbintree_loop_preorder
        PASS [   1.211s] rust_verify_test::ProveChap19ArraySeqMtEph chap19_arrayseqmteph_for_borrow_into
        PASS [   1.238s] rust_verify_test::ProveChap19ArraySeqMtEph chap19_arrayseqmteph_for_borrow_iter
        PASS [   1.347s] rust_verify_test::ProveChap19ArraySeqMtEph chap19_arrayseqmteph_for_consume
        PASS [   1.176s] rust_verify_test::ProveChap19ArraySeqMtEph chap19_arrayseqmteph_loop_consume
        PASS [   1.246s] rust_verify_test::ProveChap19ArraySeqMtEph chap19_arrayseqmteph_loop_borrow_iter
        PASS [   1.198s] rust_verify_test::ProveChap19ArraySeqMtEphSlice slice_for_borrow_into
        PASS [   1.272s] rust_verify_test::ProveChap19ArraySeqMtEph chap19_arrayseqmteph_loop_borrow_into
        PASS [   1.287s] rust_verify_test::ProveChap19ArraySeqMtEphSlice slice_for_borrow_iter
        PASS [   1.163s] rust_verify_test::ProveChap19ArraySeqMtEphSlice slice_loop_borrow_iter
        PASS [   1.221s] rust_verify_test::ProveChap19ArraySeqMtEphSlice slice_iter_over_subslice
        PASS [   1.186s] rust_verify_test::ProveChap19ArraySeqStEph chap19_arrayseqsteph_for_borrow_iter
        PASS [   1.247s] rust_verify_test::ProveChap19ArraySeqStEph chap19_arrayseqsteph_for_borrow_into
        PASS [   1.266s] rust_verify_test::ProveChap19ArraySeqMtEphSlice slice_operations
        PASS [   1.170s] rust_verify_test::ProveChap19ArraySeqStEph chap19_arrayseqsteph_for_consume
        PASS [   1.131s] rust_verify_test::ProveChap19ArraySeqStEph chap19_arrayseqsteph_loop_borrow_into
        PASS [   1.248s] rust_verify_test::ProveChap19ArraySeqStEph chap19_arrayseqsteph_loop_borrow_iter
        PASS [   1.197s] rust_verify_test::ProveChap19ArraySeqStEph chap19_arrayseqsteph_loop_consume
        PASS [   1.161s] rust_verify_test::ProveChap19ArraySeqStPer chap19_arrayseqstper_for_borrow_into
        PASS [   1.249s] rust_verify_test::ProveChap19ArraySeqStPer chap19_arrayseqstper_for_borrow_iter
        PASS [   1.152s] rust_verify_test::ProveChap19ArraySeqStPer chap19_arrayseqstper_for_consume
        PASS [   1.311s] rust_verify_test::ProveKleeneStPer kleene_alphabet
        PASS [   1.326s] rust_verify_test::ProveChap19ArraySeqStPer chap19_arrayseqstper_loop_borrow_iter
        PASS [   1.501s] rust_verify_test::ProveChap19ArraySeqStPer chap19_arrayseqstper_loop_borrow_into
        PASS [   1.344s] rust_verify_test::ProveChap19ArraySeqStPer chap19_arrayseqstper_loop_consume
        PASS [   1.388s] rust_verify_test::ProveKleeneStPer kleene_mem_plus
        PASS [   1.837s] rust_verify_test::ProveKleeneStPer kleene_mem_star
        PASS [   1.379s] rust_verify_test::ProveLinkedListStPer linkedliststper_loop_loop
        PASS [   1.708s] rust_verify_test::ProveLinkedListStEph linkedliststeph_for_iter
        PASS [   1.754s] rust_verify_test::ProveLinkedListStEph linkedliststeph_loop_loop
        PASS [   1.785s] rust_verify_test::ProveLinkedListStPer linkedliststper_for_iter
        PASS [   1.628s] rust_verify_test::ProveMathSeq mathseq_for_borrow_into
        PASS [   1.409s] rust_verify_test::ProveMathSeq mathseq_for_borrow_iter
        PASS [   1.437s] rust_verify_test::ProveMathSeq mathseq_for_consume
        PASS [   1.768s] rust_verify_test::ProveMathSeq mathseq_loop_borrow_into
        PASS [   1.731s] rust_verify_test::ProveMathSeq mathseq_loop_borrow_iter
        PASS [   1.712s] rust_verify_test::ProveMathSeq mathseq_loop_consume
        PASS [   1.881s] rust_verify_test::ProveOrderedTableStPer chap43_orderedtablestper_for_borrow_into
        PASS [   1.808s] rust_verify_test::ProveOrderedTableStPer chap43_orderedtablestper_for_borrow_iter
        PASS [   1.694s] rust_verify_test::ProveOrderedTableStPer chap43_orderedtablestper_loop_borrow_into
        PASS [   1.644s] rust_verify_test::ProvePrimTreeSeqStPer primtreeseq_for_borrow_into
        PASS [   1.501s] rust_verify_test::ProvePrimTreeSeqStPer primtreeseq_for_consume
        PASS [   1.747s] rust_verify_test::ProvePrimTreeSeqStPer primtreeseq_for_borrow_iter
        PASS [   1.970s] rust_verify_test::ProveOrderedTableStPer chap43_orderedtablestper_loop_borrow_iter
        PASS [   1.480s] rust_verify_test::ProvePrimTreeSeqStPer primtreeseq_loop_borrow_into
        PASS [   1.655s] rust_verify_test::ProvePrimTreeSeqStPer primtreeseq_loop_borrow_iter
        PASS [   1.495s] rust_verify_test::ProvePrimTreeSeqStPer primtreeseq_loop_consume
        PASS [   1.649s] rust_verify_test::ProveSetMtEph set_mt_eph_for_borrow_into
        PASS [   1.661s] rust_verify_test::ProveSetMtEph set_mt_eph_for_borrow_iter
        PASS [   1.780s] rust_verify_test::ProveSetMtEph set_mt_eph_loop_borrow_iter
        PASS [   1.580s] rust_verify_test::Provedeep_view_standard deep_view_standard_for_borrow_into
        PASS [   1.597s] rust_verify_test::Provedeep_view_standard deep_view_standard_for_borrow_iter
        PASS [   1.473s] rust_verify_test::Provedeep_view_standard deep_view_standard_for_consume
        PASS [   1.348s] rust_verify_test::Provedeep_view_standard deep_view_standard_loop_borrow_into
        PASS [   1.689s] rust_verify_test::Provedeep_view_standard deep_view_standard_loop_borrow_iter
        PASS [   1.392s] rust_verify_test::Provedeep_view_standard deep_view_standard_simple
        PASS [   1.672s] rust_verify_test::Provedeep_view_standard deep_view_standard_loop_consume
        PASS [   1.648s] rust_verify_test::Proveiterators_standard iterators_standard_for_borrow_into
        PASS [   1.512s] rust_verify_test::Proveiterators_standard iterators_standard_for_borrow_iter
        PASS [   1.618s] rust_verify_test::Proveiterators_standard iterators_standard_for_consume
        PASS [   1.443s] rust_verify_test::Proveiterators_standard iterators_standard_loop_borrow_iter
        PASS [   1.737s] rust_verify_test::Proveiterators_standard iterators_standard_loop_borrow_into
        PASS [   1.668s] rust_verify_test::Proveiterators_standard iterators_standard_loop_consume
        PASS [   1.477s] rust_verify_test::Provemod_standard mod_standard_for_borrow_into
        PASS [   1.444s] rust_verify_test::Provemod_standard mod_standard_for_borrow_iter
        PASS [   1.537s] rust_verify_test::Provemod_standard mod_standard_for_consume
        PASS [   1.728s] rust_verify_test::Provemod_standard mod_standard_loop_borrow_into
        PASS [   1.748s] rust_verify_test::Provemod_standard mod_standard_loop_borrow_iter
        PASS [   1.615s] rust_verify_test::Provemod_standard mod_standard_loop_consume
        PASS [   1.406s] rust_verify_test::Provetable_of_contents_standard toc_standard_for_borrow_iter
        PASS [   1.715s] rust_verify_test::Provetable_of_contents_standard toc_standard_for_borrow_into
        PASS [   1.543s] rust_verify_test::Provetable_of_contents_standard toc_standard_for_consume
        PASS [   1.389s] rust_verify_test::Provetable_of_contents_standard toc_standard_loop_borrow_iter
        PASS [   1.684s] rust_verify_test::Provetable_of_contents_standard toc_standard_loop_borrow_into
        PASS [   1.632s] rust_verify_test::Provetable_of_contents_standard toc_standard_loop_consume
        PASS [   1.554s] rust_verify_test::Proveusing_closures_standard closures_ghost_spec_fn
        PASS [   1.545s] rust_verify_test::Proveusing_closures_standard closures_inline_requires_ensures
        PASS [   1.585s] rust_verify_test::Proveusing_closures_standard closures_let_bind_ensures
        PASS [   1.308s] rust_verify_test::Proveview_standard view_standard_collection
        PASS [   1.559s] rust_verify_test::Proveusing_closures_standard closures_map_apply
        PASS [   1.738s] rust_verify_test::Proveview_standard view_standard_for_borrow_into
        PASS [   1.743s] rust_verify_test::Proveview_standard view_standard_for_borrow_iter
        PASS [   1.678s] rust_verify_test::Proveview_standard view_standard_for_consume
        PASS [   1.384s] rust_verify_test::Proveview_standard view_standard_loop_borrow_into
        PASS [   1.709s] rust_verify_test::Proveview_standard view_standard_loop_consume
        PASS [   1.792s] rust_verify_test::Proveview_standard view_standard_loop_borrow_iter
        PASS [   1.513s] rust_verify_test::Proveview_standard view_standard_simple
        PASS [   1.754s] rust_verify_test::Provewrapping_iterators_standard wrapping_for_borrow_into
        PASS [   1.752s] rust_verify_test::Provewrapping_iterators_standard wrapping_for_borrow_iter
        PASS [   1.774s] rust_verify_test::Provewrapping_iterators_standard wrapping_loop_borrow_into
        PASS [   1.734s] rust_verify_test::Provewrapping_iterators_standard wrapping_loop_borrow_iter
        PASS [   1.899s] rust_verify_test::RelationStEph relation_st_eph_for_iter
        PASS [   1.706s] rust_verify_test::RelationStEph relation_st_eph_loop_loop
        PASS [   1.581s] rust_verify_test::SetMtEph set_mt_eph_loop_loop
        PASS [   1.823s] rust_verify_test::SetMtEph set_mt_eph_for_iter
        PASS [   1.820s] rust_verify_test::SetMtEph set_mt_eph_from_vec
        PASS [   1.406s] rust_verify_test::SetStEph set_st_eph_from_vec
        PASS [   1.804s] rust_verify_test::SetStEph set_st_eph_for_iter
        PASS [   1.748s] rust_verify_test::SetStEph set_st_eph_loop_loop
        PASS [   1.364s] rust_verify_test::prove_MathSeq_iters mathseq_iter_range
        PASS [   1.512s] rust_verify_test::prove_MathSeq_iters mathseq_iter_nested
        PASS [   1.647s] rust_verify_test::prove_MathSeq_iters mathseq_iter_consuming
────────────
     Summary [  35.539s] 147 tests run: 147 passed, 0 skipped
Elapsed: 92s
