verification results:: 5546 verified, 0 errors
    Finished `release` profile [optimized] target(s) in 0.05s
────────────
 Nextest run ID 89d53e12-55b0-4489-95e5-a67fe61d3c0f with nextest profile: default
    Starting 221 tests across 48 binaries
        PASS [   1.528s] rust_verify_test::HashSetWithViewPlus hash_set_wvp_for_iter
        PASS [   1.554s] rust_verify_test::HashMapWithViewPlus hash_map_wvp_for_iter
        PASS [   1.554s] rust_verify_test::HashSetWithViewPlus hash_set_wvp_loop_loop
        PASS [   1.712s] rust_verify_test::MappingStEph mapping_st_eph_for_iter
        PASS [   1.746s] rust_verify_test::MappingStEph mapping_st_eph_loop_loop
        PASS [   2.078s] rust_verify_test::HashMapWithViewPlus hash_map_wvp_loop_loop
        PASS [   1.684s] rust_verify_test::ProveAVLTreeSeq avltreeseq_for_borrow_into
        PASS [   1.832s] rust_verify_test::ProveAVLTreeSeq avltreeseq_loop_borrow_into
        PASS [   1.641s] rust_verify_test::ProveAVLTreeSeqMtPer avltreeseqmtper_for_borrow_into
        PASS [   1.835s] rust_verify_test::ProveAVLTreeSeq avltreeseq_for_borrow_iter
        PASS [   1.728s] rust_verify_test::ProveAVLTreeSeq avltreeseq_loop_borrow_iter
        PASS [   1.771s] rust_verify_test::ProveAVLTreeSeqMtPer avltreeseqmtper_for_borrow_iter
        PASS [   1.605s] rust_verify_test::ProveAVLTreeSeqMtPer avltreeseqmtper_loop_borrow_into
        PASS [   1.625s] rust_verify_test::ProveAVLTreeSeqMtPer avltreeseqmtper_loop_borrow_iter
        PASS [   1.585s] rust_verify_test::ProveAVLTreeSeqStEph avltreeseqsteph_loop_borrow_into
        PASS [   1.649s] rust_verify_test::ProveAVLTreeSeqStEph avltreeseqsteph_for_borrow_into
        PASS [   1.699s] rust_verify_test::ProveAVLTreeSeqStEph avltreeseqsteph_for_borrow_iter
        PASS [   1.824s] rust_verify_test::ProveAVLTreeSeqStEph avltreeseqsteph_loop_borrow_iter
        PASS [   1.528s] rust_verify_test::ProveAVLTreeSeqStPer avltreeseqstper_loop_borrow_iter
        PASS [   1.627s] rust_verify_test::ProveAVLTreeSeqStPer avltreeseqstper_for_borrow_iter
        PASS [   1.619s] rust_verify_test::ProveAVLTreeSeqStPer avltreeseqstper_loop_borrow_into
        PASS [   1.658s] rust_verify_test::ProveAVLTreeSetMtEph avltreesetmteph_for_borrow_into
        PASS [   1.958s] rust_verify_test::ProveAVLTreeSeqStPer avltreeseqstper_for_borrow_into
        PASS [   1.643s] rust_verify_test::ProveAVLTreeSetMtEph avltreesetmteph_for_borrow_iter
        PASS [   1.613s] rust_verify_test::ProveAVLTreeSetMtEph avltreesetmteph_loop_borrow_iter
        PASS [   1.717s] rust_verify_test::ProveAVLTreeSetMtEph avltreesetmteph_loop_borrow_into
        PASS [   1.675s] rust_verify_test::ProveArraySeq arrayseq_filter
        PASS [   1.548s] rust_verify_test::ProveArraySeq arrayseq_iterate
        PASS [   1.637s] rust_verify_test::ProveArraySeq arrayseq_for_iter
        PASS [   1.499s] rust_verify_test::ProveArraySeq arrayseq_iterate_prefixes
        PASS [   1.458s] rust_verify_test::ProveArraySeq arrayseq_map
        PASS [   1.554s] rust_verify_test::ProveArraySeq arrayseq_loop_loop
        PASS [   1.650s] rust_verify_test::ProveArraySeq arrayseq_reduce
        PASS [   1.820s] rust_verify_test::ProveArraySeq arrayseq_scan_inclusive
        PASS [   1.884s] rust_verify_test::ProveArraySeq arrayseq_scan
        PASS [   1.488s] rust_verify_test::ProveArraySeq arrayseq_tabulate
        PASS [   1.609s] rust_verify_test::ProveArraySeqMtEph arrayseqmteph_for_borrow_into
        PASS [   1.714s] rust_verify_test::ProveArraySeqMtEph arrayseqmteph_for_consume
        PASS [   1.603s] rust_verify_test::ProveArraySeqMtEph arrayseqmteph_loop_borrow_into
        PASS [   1.879s] rust_verify_test::ProveArraySeqMtEph arrayseqmteph_for_iter
        PASS [   1.680s] rust_verify_test::ProveArraySeqMtEph arrayseqmteph_loop_consume
        PASS [   1.731s] rust_verify_test::ProveArraySeqMtEph arrayseqmteph_loop_loop
        PASS [   1.570s] rust_verify_test::ProveArraySeqMtPer arrayseqmtper_for_borrow_into
        PASS [   1.757s] rust_verify_test::ProveArraySeqMtPer arrayseqmtper_for_consume
        PASS [   1.577s] rust_verify_test::ProveArraySeqMtPer arrayseqmtper_loop_borrow_into
        PASS [   1.611s] rust_verify_test::ProveArraySeqMtPer arrayseqmtper_loop_consume
        PASS [   1.559s] rust_verify_test::ProveArraySeqMtPer arrayseqmtper_loop_loop
        PASS [   1.873s] rust_verify_test::ProveArraySeqMtPer arrayseqmtper_for_iter
        PASS [   1.582s] rust_verify_test::ProveArraySeqStEph arrayseqsteph_for_borrow_into
        PASS [   1.736s] rust_verify_test::ProveArraySeqStEph arrayseqsteph_for_borrow_iter
        PASS [   1.742s] rust_verify_test::ProveArraySeqStEph arrayseqsteph_loop_borrow_into
        PASS [   1.829s] rust_verify_test::ProveArraySeqStEph arrayseqsteph_for_consume
        PASS [   1.608s] rust_verify_test::ProveArraySeqStEph arrayseqsteph_loop_consume
        PASS [   1.714s] rust_verify_test::ProveArraySeqStEph arrayseqsteph_loop_borrow_iter
        PASS [   1.624s] rust_verify_test::ProveArraySeqStPer arrayseqstper_for_iter
        PASS [   1.528s] rust_verify_test::ProveArraySeqStPer arrayseqstper_loop_loop
        PASS [   1.493s] rust_verify_test::ProveBFSMtEph chap54_bfsmteph_top_down_for
        PASS [   1.585s] rust_verify_test::ProveBFSMtEph chap54_bfsmteph_bottom_up_for
        PASS [   1.643s] rust_verify_test::ProveBFSMtEph chap54_bfsmteph_top_down_loop
        PASS [   1.741s] rust_verify_test::ProveBFSMtEph chap54_bfsmteph_bottom_up_loop
        PASS [   1.622s] rust_verify_test::ProveBFSStEph chap54_bfssteph_bottom_up_for
        PASS [   1.636s] rust_verify_test::ProveBFSStEph chap54_bfssteph_bottom_up_loop
        PASS [   1.535s] rust_verify_test::ProveBFSStEph chap54_bfssteph_top_down_loop
        PASS [   1.717s] rust_verify_test::ProveBFSStEph chap54_bfssteph_top_down_for
        PASS [   1.719s] rust_verify_test::ProveBSTSetAVLMtEph bstsetavlmteph_for_borrow_into
        PASS [   1.855s] rust_verify_test::ProveBSTSetAVLMtEph bstsetavlmteph_for_borrow_iter
        PASS [   1.754s] rust_verify_test::ProveBSTSetAVLMtEph bstsetavlmteph_for_consume
        PASS [   1.761s] rust_verify_test::ProveBSTSetAVLMtEph bstsetavlmteph_loop_borrow_into
        PASS [   1.736s] rust_verify_test::ProveBSTSetAVLMtEph bstsetavlmteph_loop_borrow_iter
        PASS [   1.634s] rust_verify_test::ProveBSTSetBBAlphaMtEph bstsetbbalphamteph_for_borrow_into
        PASS [   1.597s] rust_verify_test::ProveBSTSetBBAlphaMtEph bstsetbbalphamteph_for_borrow_iter
        PASS [   1.997s] rust_verify_test::ProveBSTSetAVLMtEph bstsetavlmteph_loop_consume
        PASS [   1.954s] rust_verify_test::ProveBSTSetBBAlphaMtEph bstsetbbalphamteph_loop_borrow_into
        PASS [   1.654s] rust_verify_test::ProveBSTSetBBAlphaMtEph bstsetbbalphamteph_loop_borrow_iter
        PASS [   1.728s] rust_verify_test::ProveBSTSetPlainMtEph bstsetplainmteph_for_borrow_into
        PASS [   1.670s] rust_verify_test::ProveBSTSetPlainMtEph bstsetplainmteph_for_borrow_iter
        PASS [   1.659s] rust_verify_test::ProveBSTSetPlainMtEph bstsetplainmteph_loop_borrow_into
        PASS [   1.666s] rust_verify_test::ProveBSTSetPlainMtEph bstsetplainmteph_loop_borrow_iter
        PASS [   1.865s] rust_verify_test::ProveBSTSetRBMtEph bstsetrbmteph_for_borrow_into
        PASS [   1.801s] rust_verify_test::ProveBSTSetRBMtEph bstsetrbmteph_for_borrow_iter
        PASS [   1.748s] rust_verify_test::ProveBSTSetRBMtEph bstsetrbmteph_for_consume
        PASS [   1.817s] rust_verify_test::ProveBSTSetRBMtEph bstsetrbmteph_loop_consume
        PASS [   1.874s] rust_verify_test::ProveBSTSetRBMtEph bstsetrbmteph_loop_borrow_iter
        PASS [   2.158s] rust_verify_test::ProveBSTSetRBMtEph bstsetrbmteph_loop_borrow_into
        PASS [   1.704s] rust_verify_test::ProveBSTSetSplayMtEph bstsetsplaymteph_for_borrow_into
        PASS [   1.683s] rust_verify_test::ProveBSTSetSplayMtEph bstsetsplaymteph_for_borrow_iter
        PASS [   1.751s] rust_verify_test::ProveBSTSetSplayMtEph bstsetsplaymteph_for_consume
        PASS [   1.720s] rust_verify_test::ProveBSTSetSplayMtEph bstsetsplaymteph_loop_borrow_into
        PASS [   1.655s] rust_verify_test::ProveBSTSetSplayMtEph bstsetsplaymteph_loop_consume
        PASS [   1.946s] rust_verify_test::ProveBSTSetSplayMtEph bstsetsplaymteph_loop_borrow_iter
        PASS [   1.681s] rust_verify_test::ProveBalBinTreeStEph balbintree_for_postorder
        PASS [   1.876s] rust_verify_test::ProveBalBinTreeStEph balbintree_for_inorder
        PASS [   1.849s] rust_verify_test::ProveBalBinTreeStEph balbintree_for_preorder
        PASS [   1.526s] rust_verify_test::ProveBalBinTreeStEph balbintree_inorder_spec_match
        PASS [   1.561s] rust_verify_test::ProveBalBinTreeStEph balbintree_leaf_iter_exhausted
        PASS [   1.650s] rust_verify_test::ProveBalBinTreeStEph balbintree_leaf_traversals_empty
        PASS [   1.726s] rust_verify_test::ProveBalBinTreeStEph balbintree_loop_inorder
        PASS [   1.613s] rust_verify_test::ProveBalBinTreeStEph balbintree_loop_postorder
        PASS [   1.634s] rust_verify_test::ProveBalBinTreeStEph balbintree_postorder_spec_match
        PASS [   1.523s] rust_verify_test::ProveBalBinTreeStEph balbintree_preorder_spec_match
        PASS [   1.724s] rust_verify_test::ProveBalBinTreeStEph balbintree_loop_preorder
        PASS [   1.661s] rust_verify_test::ProveChap19ArraySeqMtEph chap19_arrayseqmteph_for_borrow_into
        PASS [   1.672s] rust_verify_test::ProveChap19ArraySeqMtEph chap19_arrayseqmteph_for_consume
        PASS [   1.780s] rust_verify_test::ProveChap19ArraySeqMtEph chap19_arrayseqmteph_for_borrow_iter
        PASS [   1.588s] rust_verify_test::ProveChap19ArraySeqMtEph chap19_arrayseqmteph_loop_borrow_iter
        PASS [   1.730s] rust_verify_test::ProveChap19ArraySeqMtEph chap19_arrayseqmteph_loop_borrow_into
        PASS [   1.876s] rust_verify_test::ProveChap19ArraySeqMtEph chap19_arrayseqmteph_loop_consume
        PASS [   1.803s] rust_verify_test::ProveChap19ArraySeqMtEphSlice slice_for_borrow_into
        PASS [   1.696s] rust_verify_test::ProveChap19ArraySeqMtEphSlice slice_iter_over_subslice
        PASS [   1.634s] rust_verify_test::ProveChap19ArraySeqMtEphSlice slice_loop_borrow_iter
        PASS [   1.936s] rust_verify_test::ProveChap19ArraySeqMtEphSlice slice_for_borrow_iter
        PASS [   1.684s] rust_verify_test::ProveChap19ArraySeqMtEphSlice slice_operations
        PASS [   1.662s] rust_verify_test::ProveChap19ArraySeqStEph chap19_arrayseqsteph_for_borrow_into
        PASS [   1.574s] rust_verify_test::ProveChap19ArraySeqStEph chap19_arrayseqsteph_for_borrow_iter
        PASS [   1.530s] rust_verify_test::ProveChap19ArraySeqStEph chap19_arrayseqsteph_loop_borrow_iter
        PASS [   1.713s] rust_verify_test::ProveChap19ArraySeqStEph chap19_arrayseqsteph_loop_borrow_into
        PASS [   1.865s] rust_verify_test::ProveChap19ArraySeqStEph chap19_arrayseqsteph_for_consume
        PASS [   1.588s] rust_verify_test::ProveChap19ArraySeqStEph chap19_arrayseqsteph_loop_consume
        PASS [   1.629s] rust_verify_test::ProveChap19ArraySeqStPer chap19_arrayseqstper_for_borrow_into
        PASS [   1.682s] rust_verify_test::ProveChap19ArraySeqStPer chap19_arrayseqstper_for_borrow_iter
        PASS [   1.605s] rust_verify_test::ProveChap19ArraySeqStPer chap19_arrayseqstper_for_consume
        PASS [   1.607s] rust_verify_test::ProveChap19ArraySeqStPer chap19_arrayseqstper_loop_borrow_into
        PASS [   1.600s] rust_verify_test::ProveChap19ArraySeqStPer chap19_arrayseqstper_loop_borrow_iter
        PASS [   1.565s] rust_verify_test::ProveChap19ArraySeqStPer chap19_arrayseqstper_loop_consume
        PASS [   1.601s] rust_verify_test::ProveKleeneStPer kleene_alphabet
        PASS [   1.578s] rust_verify_test::ProveKleeneStPer kleene_mem_plus
        PASS [   1.550s] rust_verify_test::ProveKleeneStPer kleene_mem_star
        PASS [   1.530s] rust_verify_test::ProveLinkedListStEph linkedliststeph_loop_loop
        PASS [   1.610s] rust_verify_test::ProveLinkedListStPer linkedliststper_for_iter
        PASS [   1.672s] rust_verify_test::ProveLinkedListStEph linkedliststeph_for_iter
        PASS [   1.550s] rust_verify_test::ProveLinkedListStPer linkedliststper_loop_loop
        PASS [   1.550s] rust_verify_test::ProveMathSeq mathseq_for_borrow_into
        PASS [   1.527s] rust_verify_test::ProveMathSeq mathseq_for_borrow_iter
        PASS [   1.587s] rust_verify_test::ProveMathSeq mathseq_for_consume
        PASS [   1.542s] rust_verify_test::ProveMathSeq mathseq_loop_borrow_into
        PASS [   1.559s] rust_verify_test::ProveMathSeq mathseq_loop_borrow_iter
        PASS [   1.544s] rust_verify_test::ProveMathSeq mathseq_loop_consume
        PASS [   1.701s] rust_verify_test::ProveOrderedSetStEph chap43_orderedsetsteph_for_borrow_into
        PASS [   1.712s] rust_verify_test::ProveOrderedSetStEph chap43_orderedsetsteph_for_borrow_iter
        PASS [   1.631s] rust_verify_test::ProveOrderedSetStEph chap43_orderedsetsteph_loop_borrow_iter
        PASS [   1.737s] rust_verify_test::ProveOrderedSetStEph chap43_orderedsetsteph_loop_borrow_into
        PASS [   1.708s] rust_verify_test::ProveOrderedSetStPer chap43_orderedsetstper_for_borrow_iter
        PASS [   1.798s] rust_verify_test::ProveOrderedSetStPer chap43_orderedsetstper_loop_borrow_iter
        PASS [   1.762s] rust_verify_test::ProveOrderedTableMtEph chap43_orderedtablemteph_for_borrow_into
        PASS [   1.988s] rust_verify_test::ProveOrderedTableMtEph chap43_orderedtablemteph_for_borrow_iter
        PASS [   1.846s] rust_verify_test::ProveOrderedTableMtEph chap43_orderedtablemteph_loop_borrow_into
        PASS [   1.980s] rust_verify_test::ProveOrderedTableMtEph chap43_orderedtablemteph_loop_borrow_iter
        PASS [   1.949s] rust_verify_test::ProveOrderedTableStEph chap43_orderedtablesteph_for_borrow_into
        PASS [   1.913s] rust_verify_test::ProveOrderedTableStEph chap43_orderedtablesteph_for_borrow_iter
        PASS [   1.842s] rust_verify_test::ProveOrderedTableStEph chap43_orderedtablesteph_loop_borrow_into
        PASS [   1.860s] rust_verify_test::ProveOrderedTableStEph chap43_orderedtablesteph_loop_borrow_iter
        PASS [   2.000s] rust_verify_test::ProveOrderedTableStPer chap43_orderedtablestper_for_borrow_into
        PASS [   1.814s] rust_verify_test::ProveOrderedTableStPer chap43_orderedtablestper_for_borrow_iter
        PASS [   1.853s] rust_verify_test::ProveOrderedTableStPer chap43_orderedtablestper_loop_borrow_into
        PASS [   1.786s] rust_verify_test::ProveOrderedTableStPer chap43_orderedtablestper_loop_borrow_iter
        PASS [   1.884s] rust_verify_test::ProvePrimTreeSeqStPer primtreeseq_for_borrow_into
        PASS [   1.935s] rust_verify_test::ProvePrimTreeSeqStPer primtreeseq_for_borrow_iter
        PASS [   1.811s] rust_verify_test::ProvePrimTreeSeqStPer primtreeseq_for_consume
        PASS [   1.780s] rust_verify_test::ProvePrimTreeSeqStPer primtreeseq_loop_borrow_iter
        PASS [   1.990s] rust_verify_test::ProvePrimTreeSeqStPer primtreeseq_loop_borrow_into
        PASS [   1.901s] rust_verify_test::ProvePrimTreeSeqStPer primtreeseq_loop_consume
        PASS [   1.921s] rust_verify_test::ProveSetMtEph set_mt_eph_for_borrow_into
        PASS [   1.812s] rust_verify_test::ProveSetMtEph set_mt_eph_loop_borrow_iter
        PASS [   2.006s] rust_verify_test::ProveSetMtEph set_mt_eph_for_borrow_iter
        PASS [   2.028s] rust_verify_test::ProveSetMtEph set_mt_eph_loop_borrow_into
        PASS [   1.877s] rust_verify_test::ProveSetStEph setsteph_for_borrow_iter
        PASS [   2.252s] rust_verify_test::ProveSetStEph setsteph_for_borrow_into
        PASS [   1.840s] rust_verify_test::ProveSetStEph setsteph_loop_borrow_into
        PASS [   1.776s] rust_verify_test::Provedeep_view_standard deep_view_standard_for_borrow_into
        PASS [   1.846s] rust_verify_test::Provedeep_view_standard deep_view_standard_for_borrow_iter
        PASS [   2.088s] rust_verify_test::ProveSetStEph setsteph_loop_borrow_iter
        PASS [   1.928s] rust_verify_test::Provedeep_view_standard deep_view_standard_for_consume
        PASS [   1.765s] rust_verify_test::Provedeep_view_standard deep_view_standard_loop_borrow_into
        PASS [   1.722s] rust_verify_test::Provedeep_view_standard deep_view_standard_loop_borrow_iter
        PASS [   1.635s] rust_verify_test::Provedeep_view_standard deep_view_standard_simple
        PASS [   1.835s] rust_verify_test::Provedeep_view_standard deep_view_standard_loop_consume
        PASS [   1.777s] rust_verify_test::Proveiterators_standard iterators_standard_for_borrow_into
        PASS [   1.666s] rust_verify_test::Proveiterators_standard iterators_standard_loop_borrow_into
        PASS [   1.764s] rust_verify_test::Proveiterators_standard iterators_standard_for_consume
        PASS [   1.933s] rust_verify_test::Proveiterators_standard iterators_standard_for_borrow_iter
        PASS [   1.977s] rust_verify_test::Proveiterators_standard iterators_standard_loop_borrow_iter
        PASS [   1.923s] rust_verify_test::Proveiterators_standard iterators_standard_loop_consume
        PASS [   1.923s] rust_verify_test::Provemod_standard mod_standard_for_borrow_into
        PASS [   2.088s] rust_verify_test::Provemod_standard mod_standard_for_borrow_iter
        PASS [   2.172s] rust_verify_test::Provemod_standard mod_standard_for_consume
        PASS [   2.167s] rust_verify_test::Provemod_standard mod_standard_loop_borrow_into
        PASS [   1.763s] rust_verify_test::Provemod_standard mod_standard_loop_borrow_iter
        PASS [   1.776s] rust_verify_test::Provemod_standard mod_standard_loop_consume
        PASS [   1.935s] rust_verify_test::Provetable_of_contents_standard toc_standard_for_borrow_into
        PASS [   1.705s] rust_verify_test::Provetable_of_contents_standard toc_standard_for_borrow_iter
        PASS [   1.718s] rust_verify_test::Provetable_of_contents_standard toc_standard_loop_borrow_into
        PASS [   2.168s] rust_verify_test::Provetable_of_contents_standard toc_standard_for_consume
        PASS [   1.711s] rust_verify_test::Provetable_of_contents_standard toc_standard_loop_borrow_iter
        PASS [   1.758s] rust_verify_test::Provetable_of_contents_standard toc_standard_loop_consume
        PASS [   1.619s] rust_verify_test::Proveusing_closures_standard closures_ghost_spec_fn
        PASS [   1.673s] rust_verify_test::Proveusing_closures_standard closures_inline_requires_ensures
        PASS [   1.823s] rust_verify_test::Proveusing_closures_standard closures_let_bind_ensures
        PASS [   1.575s] rust_verify_test::Proveusing_closures_standard closures_map_apply
        PASS [   1.557s] rust_verify_test::Proveview_standard view_standard_collection
        PASS [   1.706s] rust_verify_test::Proveview_standard view_standard_for_borrow_into
        PASS [   1.695s] rust_verify_test::Proveview_standard view_standard_for_borrow_iter
        PASS [   1.635s] rust_verify_test::Proveview_standard view_standard_for_consume
        PASS [   1.609s] rust_verify_test::Proveview_standard view_standard_loop_borrow_into
        PASS [   1.545s] rust_verify_test::Proveview_standard view_standard_loop_borrow_iter
        PASS [   1.546s] rust_verify_test::Proveview_standard view_standard_loop_consume
        PASS [   1.681s] rust_verify_test::Proveview_standard view_standard_simple
        PASS [   1.620s] rust_verify_test::Provewrapping_iterators_standard wrapping_for_borrow_into
        PASS [   1.656s] rust_verify_test::Provewrapping_iterators_standard wrapping_for_borrow_iter
        PASS [   1.657s] rust_verify_test::Provewrapping_iterators_standard wrapping_loop_borrow_into
        PASS [   1.665s] rust_verify_test::Provewrapping_iterators_standard wrapping_loop_borrow_iter
        PASS [   1.743s] rust_verify_test::RelationStEph relation_st_eph_for_iter
        PASS [   1.748s] rust_verify_test::RelationStEph relation_st_eph_loop_loop
        PASS [   1.800s] rust_verify_test::SetMtEph set_mt_eph_from_vec
        PASS [   1.932s] rust_verify_test::SetMtEph set_mt_eph_for_iter
        PASS [   1.696s] rust_verify_test::SetMtEph set_mt_eph_loop_loop
        PASS [   1.876s] rust_verify_test::SetStEph set_st_eph_for_iter
        PASS [   1.677s] rust_verify_test::SetStEph set_st_eph_from_vec
        PASS [   1.638s] rust_verify_test::SetStEph set_st_eph_loop_loop
        PASS [   1.496s] rust_verify_test::prove_MathSeq_iters mathseq_iter_consuming
        PASS [   1.571s] rust_verify_test::prove_MathSeq_iters mathseq_iter_nested
        PASS [   1.467s] rust_verify_test::prove_MathSeq_iters mathseq_iter_range
────────────
     Summary [  64.035s] 221 tests run: 221 passed, 0 skipped
Elapsed: 163s
