verification results:: 4498 verified, 0 errors
    Finished `release` profile [optimized] target(s) in 0.02s
────────────
 Nextest run ID 7b3ec732-e76b-4a84-aac0-1e34a2063fde with nextest profile: default
    Starting 147 tests across 34 binaries
        PASS [   1.038s] rust_verify_test::HashMapWithViewPlus hash_map_wvp_loop_loop
        PASS [   1.040s] rust_verify_test::HashSetWithViewPlus hash_set_wvp_loop_loop
        PASS [   1.077s] rust_verify_test::HashSetWithViewPlus hash_set_wvp_for_iter
        PASS [   1.106s] rust_verify_test::HashMapWithViewPlus hash_map_wvp_for_iter
        PASS [   1.193s] rust_verify_test::MappingStEph mapping_st_eph_loop_loop
        PASS [   1.227s] rust_verify_test::MappingStEph mapping_st_eph_for_iter
        PASS [   1.060s] rust_verify_test::ProveAVLTreeSetMtEph avltreesetmteph_for_borrow_iter
        PASS [   1.081s] rust_verify_test::ProveAVLTreeSetMtEph avltreesetmteph_for_borrow_into
        PASS [   1.067s] rust_verify_test::ProveAVLTreeSetMtEph avltreesetmteph_loop_borrow_iter
        PASS [   1.090s] rust_verify_test::ProveArraySeq arrayseq_filter
        PASS [   1.033s] rust_verify_test::ProveArraySeq arrayseq_iterate
        PASS [   1.112s] rust_verify_test::ProveArraySeq arrayseq_for_iter
        PASS [   0.976s] rust_verify_test::ProveArraySeq arrayseq_map
        PASS [   1.046s] rust_verify_test::ProveArraySeq arrayseq_iterate_prefixes
        PASS [   1.041s] rust_verify_test::ProveArraySeq arrayseq_loop_loop
        PASS [   1.192s] rust_verify_test::ProveArraySeq arrayseq_reduce
        PASS [   1.228s] rust_verify_test::ProveArraySeq arrayseq_scan
        PASS [   1.213s] rust_verify_test::ProveArraySeq arrayseq_scan_inclusive
        PASS [   1.059s] rust_verify_test::ProveArraySeq arrayseq_tabulate
        PASS [   1.066s] rust_verify_test::ProveArraySeqMtEph arrayseqmteph_loop_loop
        PASS [   1.110s] rust_verify_test::ProveArraySeqMtEph arrayseqmteph_for_iter
        PASS [   1.062s] rust_verify_test::ProveArraySeqMtPer arrayseqmtper_for_iter
        PASS [   1.042s] rust_verify_test::ProveArraySeqMtPer arrayseqmtper_loop_loop
        PASS [   1.097s] rust_verify_test::ProveArraySeqStEph arrayseqsteph_for_borrow_into
        PASS [   1.074s] rust_verify_test::ProveArraySeqStEph arrayseqsteph_for_borrow_iter
        PASS [   1.049s] rust_verify_test::ProveArraySeqStEph arrayseqsteph_for_consume
        PASS [   1.108s] rust_verify_test::ProveArraySeqStEph arrayseqsteph_loop_borrow_into
        PASS [   1.083s] rust_verify_test::ProveArraySeqStEph arrayseqsteph_loop_borrow_iter
        PASS [   1.050s] rust_verify_test::ProveArraySeqStEph arrayseqsteph_loop_consume
        PASS [   1.057s] rust_verify_test::ProveArraySeqStPer arrayseqstper_for_iter
        PASS [   1.043s] rust_verify_test::ProveArraySeqStPer arrayseqstper_loop_loop
        PASS [   1.041s] rust_verify_test::ProveBFSMtEph chap54_bfsmteph_bottom_up_loop
        PASS [   1.029s] rust_verify_test::ProveBFSMtEph chap54_bfsmteph_top_down_loop
        PASS [   1.024s] rust_verify_test::ProveBFSStEph chap54_bfssteph_bottom_up_loop
        PASS [   1.041s] rust_verify_test::ProveBFSStEph chap54_bfssteph_top_down_loop
        PASS [   1.121s] rust_verify_test::ProveBalBinTreeStEph balbintree_for_inorder
        PASS [   1.022s] rust_verify_test::ProveBalBinTreeStEph balbintree_inorder_spec_match
        PASS [   1.176s] rust_verify_test::ProveBalBinTreeStEph balbintree_for_postorder
        PASS [   1.156s] rust_verify_test::ProveBalBinTreeStEph balbintree_for_preorder
        PASS [   1.075s] rust_verify_test::ProveBalBinTreeStEph balbintree_leaf_iter_exhausted
        PASS [   1.049s] rust_verify_test::ProveBalBinTreeStEph balbintree_leaf_traversals_empty
        PASS [   1.070s] rust_verify_test::ProveBalBinTreeStEph balbintree_loop_inorder
        PASS [   1.030s] rust_verify_test::ProveBalBinTreeStEph balbintree_postorder_spec_match
        PASS [   1.096s] rust_verify_test::ProveBalBinTreeStEph balbintree_loop_postorder
        PASS [   1.064s] rust_verify_test::ProveBalBinTreeStEph balbintree_loop_preorder
        PASS [   1.007s] rust_verify_test::ProveBalBinTreeStEph balbintree_preorder_spec_match
        PASS [   1.121s] rust_verify_test::ProveChap19ArraySeqMtEph chap19_arrayseqmteph_for_borrow_into
        PASS [   1.082s] rust_verify_test::ProveChap19ArraySeqMtEph chap19_arrayseqmteph_for_borrow_iter
        PASS [   1.050s] rust_verify_test::ProveChap19ArraySeqMtEph chap19_arrayseqmteph_loop_borrow_into
        PASS [   1.031s] rust_verify_test::ProveChap19ArraySeqMtEph chap19_arrayseqmteph_loop_borrow_iter
        PASS [   1.105s] rust_verify_test::ProveChap19ArraySeqMtEph chap19_arrayseqmteph_for_consume
        PASS [   1.076s] rust_verify_test::ProveChap19ArraySeqMtEph chap19_arrayseqmteph_loop_consume
        PASS [   1.165s] rust_verify_test::ProveChap19ArraySeqMtEphSlice slice_for_borrow_into
        PASS [   1.118s] rust_verify_test::ProveChap19ArraySeqMtEphSlice slice_for_borrow_iter
        PASS [   1.084s] rust_verify_test::ProveChap19ArraySeqMtEphSlice slice_loop_borrow_iter
        PASS [   1.102s] rust_verify_test::ProveChap19ArraySeqMtEphSlice slice_iter_over_subslice
        PASS [   1.150s] rust_verify_test::ProveChap19ArraySeqMtEphSlice slice_operations
        PASS [   1.145s] rust_verify_test::ProveChap19ArraySeqStEph chap19_arrayseqsteph_for_borrow_into
        PASS [   1.106s] rust_verify_test::ProveChap19ArraySeqStEph chap19_arrayseqsteph_for_borrow_iter
        PASS [   1.076s] rust_verify_test::ProveChap19ArraySeqStEph chap19_arrayseqsteph_for_consume
        PASS [   1.131s] rust_verify_test::ProveChap19ArraySeqStEph chap19_arrayseqsteph_loop_borrow_into
        PASS [   1.119s] rust_verify_test::ProveChap19ArraySeqStEph chap19_arrayseqsteph_loop_borrow_iter
        PASS [   1.108s] rust_verify_test::ProveChap19ArraySeqStEph chap19_arrayseqsteph_loop_consume
        PASS [   1.117s] rust_verify_test::ProveChap19ArraySeqStPer chap19_arrayseqstper_for_borrow_into
        PASS [   1.099s] rust_verify_test::ProveChap19ArraySeqStPer chap19_arrayseqstper_for_borrow_iter
        PASS [   1.105s] rust_verify_test::ProveChap19ArraySeqStPer chap19_arrayseqstper_for_consume
        PASS [   1.073s] rust_verify_test::ProveChap19ArraySeqStPer chap19_arrayseqstper_loop_borrow_into
        PASS [   1.101s] rust_verify_test::ProveChap19ArraySeqStPer chap19_arrayseqstper_loop_borrow_iter
        PASS [   1.052s] rust_verify_test::ProveChap19ArraySeqStPer chap19_arrayseqstper_loop_consume
        PASS [   1.005s] rust_verify_test::ProveKleeneStPer kleene_alphabet
        PASS [   1.104s] rust_verify_test::ProveKleeneStPer kleene_mem_plus
        PASS [   1.058s] rust_verify_test::ProveKleeneStPer kleene_mem_star
        PASS [   1.085s] rust_verify_test::ProveLinkedListStEph linkedliststeph_loop_loop
        PASS [   1.119s] rust_verify_test::ProveLinkedListStEph linkedliststeph_for_iter
        PASS [   1.039s] rust_verify_test::ProveLinkedListStPer linkedliststper_loop_loop
        PASS [   1.149s] rust_verify_test::ProveLinkedListStPer linkedliststper_for_iter
        PASS [   1.106s] rust_verify_test::ProveMathSeq mathseq_for_borrow_into
        PASS [   1.073s] rust_verify_test::ProveMathSeq mathseq_for_borrow_iter
        PASS [   1.088s] rust_verify_test::ProveMathSeq mathseq_for_consume
        PASS [   1.108s] rust_verify_test::ProveMathSeq mathseq_loop_borrow_into
        PASS [   1.064s] rust_verify_test::ProveMathSeq mathseq_loop_borrow_iter
        PASS [   1.076s] rust_verify_test::ProveMathSeq mathseq_loop_consume
        PASS [   1.203s] rust_verify_test::ProveOrderedTableStPer chap43_orderedtablestper_for_borrow_iter
        PASS [   1.257s] rust_verify_test::ProveOrderedTableStPer chap43_orderedtablestper_for_borrow_into
        PASS [   1.036s] rust_verify_test::ProvePrimTreeSeqStPer primtreeseq_for_borrow_into
        PASS [   1.046s] rust_verify_test::ProvePrimTreeSeqStPer primtreeseq_for_borrow_iter
        PASS [   1.255s] rust_verify_test::ProveOrderedTableStPer chap43_orderedtablestper_loop_borrow_into
        PASS [   1.239s] rust_verify_test::ProveOrderedTableStPer chap43_orderedtablestper_loop_borrow_iter
        PASS [   1.002s] rust_verify_test::ProvePrimTreeSeqStPer primtreeseq_loop_borrow_into
        PASS [   1.080s] rust_verify_test::ProvePrimTreeSeqStPer primtreeseq_for_consume
        PASS [   1.008s] rust_verify_test::ProvePrimTreeSeqStPer primtreeseq_loop_borrow_iter
        PASS [   1.012s] rust_verify_test::ProvePrimTreeSeqStPer primtreeseq_loop_consume
        PASS [   1.125s] rust_verify_test::ProveSetMtEph set_mt_eph_for_borrow_into
        PASS [   1.122s] rust_verify_test::ProveSetMtEph set_mt_eph_for_borrow_iter
        PASS [   1.075s] rust_verify_test::ProveSetMtEph set_mt_eph_loop_borrow_iter
        PASS [   1.089s] rust_verify_test::Provedeep_view_standard deep_view_standard_for_borrow_into
        PASS [   1.038s] rust_verify_test::Provedeep_view_standard deep_view_standard_for_borrow_iter
        PASS [   1.097s] rust_verify_test::Provedeep_view_standard deep_view_standard_for_consume
        PASS [   1.002s] rust_verify_test::Provedeep_view_standard deep_view_standard_loop_borrow_into
        PASS [   1.021s] rust_verify_test::Provedeep_view_standard deep_view_standard_loop_borrow_iter
        PASS [   0.960s] rust_verify_test::Provedeep_view_standard deep_view_standard_simple
        PASS [   1.067s] rust_verify_test::Provedeep_view_standard deep_view_standard_loop_consume
        PASS [   1.049s] rust_verify_test::Proveiterators_standard iterators_standard_for_borrow_into
        PASS [   1.114s] rust_verify_test::Proveiterators_standard iterators_standard_for_borrow_iter
        PASS [   1.084s] rust_verify_test::Proveiterators_standard iterators_standard_for_consume
        PASS [   1.063s] rust_verify_test::Proveiterators_standard iterators_standard_loop_borrow_into
        PASS [   1.038s] rust_verify_test::Proveiterators_standard iterators_standard_loop_borrow_iter
        PASS [   1.037s] rust_verify_test::Proveiterators_standard iterators_standard_loop_consume
        PASS [   1.105s] rust_verify_test::Provemod_standard mod_standard_for_borrow_into
        PASS [   1.036s] rust_verify_test::Provemod_standard mod_standard_for_borrow_iter
        PASS [   1.074s] rust_verify_test::Provemod_standard mod_standard_for_consume
        PASS [   1.077s] rust_verify_test::Provemod_standard mod_standard_loop_borrow_into
        PASS [   1.059s] rust_verify_test::Provemod_standard mod_standard_loop_borrow_iter
        PASS [   1.037s] rust_verify_test::Provemod_standard mod_standard_loop_consume
        PASS [   1.054s] rust_verify_test::Provetable_of_contents_standard toc_standard_for_borrow_into
        PASS [   1.092s] rust_verify_test::Provetable_of_contents_standard toc_standard_for_borrow_iter
        PASS [   1.028s] rust_verify_test::Provetable_of_contents_standard toc_standard_loop_borrow_into
        PASS [   1.036s] rust_verify_test::Provetable_of_contents_standard toc_standard_for_consume
        PASS [   1.024s] rust_verify_test::Provetable_of_contents_standard toc_standard_loop_borrow_iter
        PASS [   1.085s] rust_verify_test::Provetable_of_contents_standard toc_standard_loop_consume
        PASS [   0.997s] rust_verify_test::Proveusing_closures_standard closures_ghost_spec_fn
        PASS [   0.999s] rust_verify_test::Proveusing_closures_standard closures_inline_requires_ensures
        PASS [   1.034s] rust_verify_test::Proveusing_closures_standard closures_let_bind_ensures
        PASS [   1.052s] rust_verify_test::Proveusing_closures_standard closures_map_apply
        PASS [   1.006s] rust_verify_test::Proveview_standard view_standard_collection
        PASS [   1.042s] rust_verify_test::Proveview_standard view_standard_for_borrow_into
        PASS [   1.093s] rust_verify_test::Proveview_standard view_standard_for_borrow_iter
        PASS [   1.091s] rust_verify_test::Proveview_standard view_standard_for_consume
        PASS [   1.041s] rust_verify_test::Proveview_standard view_standard_loop_borrow_into
        PASS [   1.024s] rust_verify_test::Proveview_standard view_standard_loop_borrow_iter
        PASS [   1.084s] rust_verify_test::Proveview_standard view_standard_loop_consume
        PASS [   1.017s] rust_verify_test::Proveview_standard view_standard_simple
        PASS [   1.052s] rust_verify_test::Provewrapping_iterators_standard wrapping_for_borrow_into
        PASS [   1.055s] rust_verify_test::Provewrapping_iterators_standard wrapping_for_borrow_iter
        PASS [   1.004s] rust_verify_test::Provewrapping_iterators_standard wrapping_loop_borrow_into
        PASS [   1.060s] rust_verify_test::Provewrapping_iterators_standard wrapping_loop_borrow_iter
        PASS [   1.191s] rust_verify_test::RelationStEph relation_st_eph_for_iter
        PASS [   1.140s] rust_verify_test::RelationStEph relation_st_eph_loop_loop
        PASS [   1.117s] rust_verify_test::SetMtEph set_mt_eph_for_iter
        PASS [   1.095s] rust_verify_test::SetMtEph set_mt_eph_from_vec
        PASS [   1.137s] rust_verify_test::SetMtEph set_mt_eph_loop_loop
        PASS [   1.162s] rust_verify_test::SetStEph set_st_eph_for_iter
        PASS [   1.057s] rust_verify_test::SetStEph set_st_eph_from_vec
        PASS [   1.070s] rust_verify_test::SetStEph set_st_eph_loop_loop
        PASS [   0.957s] rust_verify_test::prove_MathSeq_iters mathseq_iter_consuming
        PASS [   0.961s] rust_verify_test::prove_MathSeq_iters mathseq_iter_nested
        PASS [   0.938s] rust_verify_test::prove_MathSeq_iters mathseq_iter_range
────────────
     Summary [  26.788s] 147 tests run: 147 passed, 0 skipped
Elapsed: 78s
