verification results:: 4498 verified, 0 errors
    Finished `release` profile [optimized] target(s) in 0.02s
────────────
 Nextest run ID 2cd3e2dc-481f-4f74-9b36-df2291c0749f with nextest profile: default
    Starting 147 tests across 34 binaries
        PASS [   1.128s] rust_verify_test::HashMapWithViewPlus hash_map_wvp_loop_loop
        PASS [   1.134s] rust_verify_test::HashSetWithViewPlus hash_set_wvp_loop_loop
        PASS [   1.212s] rust_verify_test::HashMapWithViewPlus hash_map_wvp_for_iter
        PASS [   1.239s] rust_verify_test::HashSetWithViewPlus hash_set_wvp_for_iter
        PASS [   1.288s] rust_verify_test::MappingStEph mapping_st_eph_loop_loop
        PASS [   1.359s] rust_verify_test::MappingStEph mapping_st_eph_for_iter
        PASS [   1.242s] rust_verify_test::ProveAVLTreeSetMtEph avltreesetmteph_for_borrow_iter
        PASS [   1.248s] rust_verify_test::ProveAVLTreeSetMtEph avltreesetmteph_for_borrow_into
        PASS [   1.138s] rust_verify_test::ProveArraySeq arrayseq_filter
        PASS [   1.177s] rust_verify_test::ProveAVLTreeSetMtEph avltreesetmteph_loop_borrow_iter
        PASS [   1.082s] rust_verify_test::ProveArraySeq arrayseq_iterate
        PASS [   1.189s] rust_verify_test::ProveArraySeq arrayseq_for_iter
        PASS [   1.046s] rust_verify_test::ProveArraySeq arrayseq_map
        PASS [   1.120s] rust_verify_test::ProveArraySeq arrayseq_loop_loop
        PASS [   1.171s] rust_verify_test::ProveArraySeq arrayseq_iterate_prefixes
        PASS [   1.274s] rust_verify_test::ProveArraySeq arrayseq_reduce
        PASS [   1.323s] rust_verify_test::ProveArraySeq arrayseq_scan
        PASS [   1.304s] rust_verify_test::ProveArraySeq arrayseq_scan_inclusive
        PASS [   1.068s] rust_verify_test::ProveArraySeq arrayseq_tabulate
        PASS [   1.183s] rust_verify_test::ProveArraySeqMtEph arrayseqmteph_for_iter
        PASS [   1.190s] rust_verify_test::ProveArraySeqMtEph arrayseqmteph_loop_loop
        PASS [   1.212s] rust_verify_test::ProveArraySeqMtPer arrayseqmtper_for_iter
        PASS [   1.186s] rust_verify_test::ProveArraySeqMtPer arrayseqmtper_loop_loop
        PASS [   1.194s] rust_verify_test::ProveArraySeqStEph arrayseqsteph_for_borrow_into
        PASS [   1.158s] rust_verify_test::ProveArraySeqStEph arrayseqsteph_for_borrow_iter
        PASS [   1.138s] rust_verify_test::ProveArraySeqStEph arrayseqsteph_loop_borrow_into
        PASS [   1.219s] rust_verify_test::ProveArraySeqStEph arrayseqsteph_for_consume
        PASS [   1.152s] rust_verify_test::ProveArraySeqStEph arrayseqsteph_loop_borrow_iter
        PASS [   1.179s] rust_verify_test::ProveArraySeqStEph arrayseqsteph_loop_consume
        PASS [   1.189s] rust_verify_test::ProveArraySeqStPer arrayseqstper_for_iter
        PASS [   1.177s] rust_verify_test::ProveArraySeqStPer arrayseqstper_loop_loop
        PASS [   1.121s] rust_verify_test::ProveBFSMtEph chap54_bfsmteph_top_down_loop
        PASS [   1.155s] rust_verify_test::ProveBFSMtEph chap54_bfsmteph_bottom_up_loop
        PASS [   1.128s] rust_verify_test::ProveBFSStEph chap54_bfssteph_bottom_up_loop
        PASS [   1.119s] rust_verify_test::ProveBFSStEph chap54_bfssteph_top_down_loop
        PASS [   1.225s] rust_verify_test::ProveBalBinTreeStEph balbintree_for_inorder
        PASS [   1.213s] rust_verify_test::ProveBalBinTreeStEph balbintree_for_postorder
        PASS [   1.143s] rust_verify_test::ProveBalBinTreeStEph balbintree_inorder_spec_match
        PASS [   1.110s] rust_verify_test::ProveBalBinTreeStEph balbintree_leaf_iter_exhausted
        PASS [   1.250s] rust_verify_test::ProveBalBinTreeStEph balbintree_for_preorder
        PASS [   1.125s] rust_verify_test::ProveBalBinTreeStEph balbintree_leaf_traversals_empty
        PASS [   1.197s] rust_verify_test::ProveBalBinTreeStEph balbintree_loop_inorder
        PASS [   1.204s] rust_verify_test::ProveBalBinTreeStEph balbintree_loop_postorder
        PASS [   1.138s] rust_verify_test::ProveBalBinTreeStEph balbintree_loop_preorder
        PASS [   1.144s] rust_verify_test::ProveBalBinTreeStEph balbintree_preorder_spec_match
        PASS [   1.162s] rust_verify_test::ProveBalBinTreeStEph balbintree_postorder_spec_match
        PASS [   1.182s] rust_verify_test::ProveChap19ArraySeqMtEph chap19_arrayseqmteph_for_borrow_into
        PASS [   1.196s] rust_verify_test::ProveChap19ArraySeqMtEph chap19_arrayseqmteph_for_borrow_iter
        PASS [   1.238s] rust_verify_test::ProveChap19ArraySeqMtEph chap19_arrayseqmteph_for_consume
        PASS [   1.268s] rust_verify_test::ProveChap19ArraySeqMtEph chap19_arrayseqmteph_loop_borrow_into
        PASS [   1.160s] rust_verify_test::ProveChap19ArraySeqMtEph chap19_arrayseqmteph_loop_consume
        PASS [   1.194s] rust_verify_test::ProveChap19ArraySeqMtEph chap19_arrayseqmteph_loop_borrow_iter
        PASS [   1.148s] rust_verify_test::ProveChap19ArraySeqMtEphSlice slice_for_borrow_into
        PASS [   1.193s] rust_verify_test::ProveChap19ArraySeqMtEphSlice slice_for_borrow_iter
        PASS [   1.270s] rust_verify_test::ProveChap19ArraySeqMtEphSlice slice_iter_over_subslice
        PASS [   1.180s] rust_verify_test::ProveChap19ArraySeqStEph chap19_arrayseqsteph_for_borrow_into
        PASS [   1.217s] rust_verify_test::ProveChap19ArraySeqMtEphSlice slice_operations
        PASS [   1.229s] rust_verify_test::ProveChap19ArraySeqMtEphSlice slice_loop_borrow_iter
        PASS [   1.191s] rust_verify_test::ProveChap19ArraySeqStEph chap19_arrayseqsteph_for_borrow_iter
        PASS [   1.194s] rust_verify_test::ProveChap19ArraySeqStEph chap19_arrayseqsteph_for_consume
        PASS [   1.136s] rust_verify_test::ProveChap19ArraySeqStEph chap19_arrayseqsteph_loop_borrow_into
        PASS [   1.184s] rust_verify_test::ProveChap19ArraySeqStEph chap19_arrayseqsteph_loop_borrow_iter
        PASS [   1.206s] rust_verify_test::ProveChap19ArraySeqStEph chap19_arrayseqsteph_loop_consume
        PASS [   1.214s] rust_verify_test::ProveChap19ArraySeqStPer chap19_arrayseqstper_for_borrow_into
        PASS [   1.225s] rust_verify_test::ProveChap19ArraySeqStPer chap19_arrayseqstper_for_borrow_iter
        PASS [   1.182s] rust_verify_test::ProveChap19ArraySeqStPer chap19_arrayseqstper_for_consume
        PASS [   1.140s] rust_verify_test::ProveChap19ArraySeqStPer chap19_arrayseqstper_loop_borrow_into
        PASS [   1.148s] rust_verify_test::ProveChap19ArraySeqStPer chap19_arrayseqstper_loop_borrow_iter
        PASS [   1.178s] rust_verify_test::ProveChap19ArraySeqStPer chap19_arrayseqstper_loop_consume
        PASS [   1.174s] rust_verify_test::ProveKleeneStPer kleene_alphabet
        PASS [   1.205s] rust_verify_test::ProveKleeneStPer kleene_mem_plus
        PASS [   1.265s] rust_verify_test::ProveKleeneStPer kleene_mem_star
        PASS [   1.187s] rust_verify_test::ProveLinkedListStEph linkedliststeph_for_iter
        PASS [   1.132s] rust_verify_test::ProveLinkedListStEph linkedliststeph_loop_loop
        PASS [   1.201s] rust_verify_test::ProveLinkedListStPer linkedliststper_for_iter
        PASS [   1.223s] rust_verify_test::ProveLinkedListStPer linkedliststper_loop_loop
        PASS [   1.250s] rust_verify_test::ProveMathSeq mathseq_for_borrow_into
        PASS [   1.169s] rust_verify_test::ProveMathSeq mathseq_for_borrow_iter
        PASS [   1.156s] rust_verify_test::ProveMathSeq mathseq_loop_borrow_into
        PASS [   1.234s] rust_verify_test::ProveMathSeq mathseq_for_consume
        PASS [   1.145s] rust_verify_test::ProveMathSeq mathseq_loop_borrow_iter
        PASS [   1.131s] rust_verify_test::ProveMathSeq mathseq_loop_consume
        PASS [   1.357s] rust_verify_test::ProveOrderedTableStPer chap43_orderedtablestper_for_borrow_into
        PASS [   1.317s] rust_verify_test::ProveOrderedTableStPer chap43_orderedtablestper_for_borrow_iter
        PASS [   1.144s] rust_verify_test::ProvePrimTreeSeqStPer primtreeseq_for_borrow_iter
        PASS [   1.197s] rust_verify_test::ProvePrimTreeSeqStPer primtreeseq_for_borrow_into
        PASS [   1.393s] rust_verify_test::ProveOrderedTableStPer chap43_orderedtablestper_loop_borrow_into
        PASS [   1.393s] rust_verify_test::ProveOrderedTableStPer chap43_orderedtablestper_loop_borrow_iter
        PASS [   1.181s] rust_verify_test::ProvePrimTreeSeqStPer primtreeseq_for_consume
        PASS [   1.128s] rust_verify_test::ProvePrimTreeSeqStPer primtreeseq_loop_borrow_into
        PASS [   1.167s] rust_verify_test::ProvePrimTreeSeqStPer primtreeseq_loop_borrow_iter
        PASS [   1.150s] rust_verify_test::ProvePrimTreeSeqStPer primtreeseq_loop_consume
        PASS [   1.202s] rust_verify_test::ProveSetMtEph set_mt_eph_for_borrow_iter
        PASS [   1.263s] rust_verify_test::ProveSetMtEph set_mt_eph_for_borrow_into
        PASS [   1.201s] rust_verify_test::ProveSetMtEph set_mt_eph_loop_borrow_iter
        PASS [   1.137s] rust_verify_test::Provedeep_view_standard deep_view_standard_for_borrow_into
        PASS [   1.143s] rust_verify_test::Provedeep_view_standard deep_view_standard_for_borrow_iter
        PASS [   1.207s] rust_verify_test::Provedeep_view_standard deep_view_standard_for_consume
        PASS [   1.161s] rust_verify_test::Provedeep_view_standard deep_view_standard_loop_borrow_into
        PASS [   1.148s] rust_verify_test::Provedeep_view_standard deep_view_standard_loop_borrow_iter
        PASS [   1.072s] rust_verify_test::Provedeep_view_standard deep_view_standard_simple
        PASS [   1.154s] rust_verify_test::Provedeep_view_standard deep_view_standard_loop_consume
        PASS [   1.156s] rust_verify_test::Proveiterators_standard iterators_standard_for_borrow_into
        PASS [   1.199s] rust_verify_test::Proveiterators_standard iterators_standard_for_borrow_iter
        PASS [   1.109s] rust_verify_test::Proveiterators_standard iterators_standard_loop_borrow_into
        PASS [   1.134s] rust_verify_test::Proveiterators_standard iterators_standard_for_consume
        PASS [   1.109s] rust_verify_test::Proveiterators_standard iterators_standard_loop_borrow_iter
        PASS [   1.111s] rust_verify_test::Proveiterators_standard iterators_standard_loop_consume
        PASS [   1.198s] rust_verify_test::Provemod_standard mod_standard_for_borrow_into
        PASS [   1.147s] rust_verify_test::Provemod_standard mod_standard_for_borrow_iter
        PASS [   1.131s] rust_verify_test::Provemod_standard mod_standard_for_consume
        PASS [   1.178s] rust_verify_test::Provemod_standard mod_standard_loop_borrow_into
        PASS [   1.105s] rust_verify_test::Provemod_standard mod_standard_loop_consume
        PASS [   1.177s] rust_verify_test::Provemod_standard mod_standard_loop_borrow_iter
        PASS [   1.210s] rust_verify_test::Provetable_of_contents_standard toc_standard_for_borrow_into
        PASS [   1.164s] rust_verify_test::Provetable_of_contents_standard toc_standard_for_borrow_iter
        PASS [   1.159s] rust_verify_test::Provetable_of_contents_standard toc_standard_for_consume
        PASS [   1.131s] rust_verify_test::Provetable_of_contents_standard toc_standard_loop_borrow_into
        PASS [   1.114s] rust_verify_test::Provetable_of_contents_standard toc_standard_loop_borrow_iter
        PASS [   1.181s] rust_verify_test::Provetable_of_contents_standard toc_standard_loop_consume
        PASS [   1.089s] rust_verify_test::Proveusing_closures_standard closures_inline_requires_ensures
        PASS [   1.185s] rust_verify_test::Proveusing_closures_standard closures_ghost_spec_fn
        PASS [   1.140s] rust_verify_test::Proveusing_closures_standard closures_let_bind_ensures
        PASS [   1.129s] rust_verify_test::Proveusing_closures_standard closures_map_apply
        PASS [   1.100s] rust_verify_test::Proveview_standard view_standard_collection
        PASS [   1.136s] rust_verify_test::Proveview_standard view_standard_for_borrow_into
        PASS [   1.203s] rust_verify_test::Proveview_standard view_standard_for_borrow_iter
        PASS [   1.146s] rust_verify_test::Proveview_standard view_standard_loop_borrow_into
        PASS [   1.126s] rust_verify_test::Proveview_standard view_standard_loop_borrow_iter
        PASS [   1.199s] rust_verify_test::Proveview_standard view_standard_for_consume
        PASS [   1.134s] rust_verify_test::Proveview_standard view_standard_loop_consume
        PASS [   1.078s] rust_verify_test::Proveview_standard view_standard_simple
        PASS [   1.158s] rust_verify_test::Provewrapping_iterators_standard wrapping_loop_borrow_into
        PASS [   1.179s] rust_verify_test::Provewrapping_iterators_standard wrapping_for_borrow_into
        PASS [   1.184s] rust_verify_test::Provewrapping_iterators_standard wrapping_for_borrow_iter
        PASS [   1.202s] rust_verify_test::Provewrapping_iterators_standard wrapping_loop_borrow_iter
        PASS [   1.285s] rust_verify_test::RelationStEph relation_st_eph_for_iter
        PASS [   1.217s] rust_verify_test::RelationStEph relation_st_eph_loop_loop
        PASS [   1.204s] rust_verify_test::SetMtEph set_mt_eph_from_vec
        PASS [   1.224s] rust_verify_test::SetMtEph set_mt_eph_for_iter
        PASS [   1.261s] rust_verify_test::SetMtEph set_mt_eph_loop_loop
        PASS [   1.254s] rust_verify_test::SetStEph set_st_eph_for_iter
        PASS [   1.165s] rust_verify_test::SetStEph set_st_eph_from_vec
        PASS [   1.225s] rust_verify_test::SetStEph set_st_eph_loop_loop
        PASS [   1.020s] rust_verify_test::prove_MathSeq_iters mathseq_iter_consuming
        PASS [   1.039s] rust_verify_test::prove_MathSeq_iters mathseq_iter_nested
        PASS [   1.030s] rust_verify_test::prove_MathSeq_iters mathseq_iter_range
────────────
     Summary [  29.378s] 147 tests run: 147 passed, 0 skipped
Elapsed: 84s
