    Finished `release` profile [optimized] target(s) in 0.04s
────────────
 Nextest run ID aadfeb4f-b704-4895-9f33-611949378af2 with nextest profile: default
    Starting 221 tests across 48 binaries
        PASS [   1.549s] rust_verify_test::HashSetWithViewPlus hash_set_wvp_loop_loop
        PASS [   1.554s] rust_verify_test::HashMapWithViewPlus hash_map_wvp_loop_loop
        PASS [   1.579s] rust_verify_test::HashSetWithViewPlus hash_set_wvp_for_iter
        PASS [   1.693s] rust_verify_test::MappingStEph mapping_st_eph_loop_loop
        PASS [   1.709s] rust_verify_test::HashMapWithViewPlus hash_map_wvp_for_iter
        PASS [   1.730s] rust_verify_test::MappingStEph mapping_st_eph_for_iter
        PASS [   1.287s] rust_verify_test::ProveAVLTreeSeq avltreeseq_for_borrow_into
        PASS [   1.362s] rust_verify_test::ProveAVLTreeSeq avltreeseq_loop_borrow_into
        PASS [   1.333s] rust_verify_test::ProveAVLTreeSeqMtPer avltreeseqmtper_for_borrow_iter
        PASS [   1.511s] rust_verify_test::ProveAVLTreeSeq avltreeseq_for_borrow_iter
        PASS [   1.471s] rust_verify_test::ProveAVLTreeSeqMtPer avltreeseqmtper_for_borrow_into
        PASS [   1.543s] rust_verify_test::ProveAVLTreeSeq avltreeseq_loop_borrow_iter
        PASS [   1.311s] rust_verify_test::ProveAVLTreeSeqMtPer avltreeseqmtper_loop_borrow_into
        PASS [   1.387s] rust_verify_test::ProveAVLTreeSeqMtPer avltreeseqmtper_loop_borrow_iter
        PASS [   1.385s] rust_verify_test::ProveAVLTreeSeqStEph avltreeseqsteph_for_borrow_iter
        PASS [   1.409s] rust_verify_test::ProveAVLTreeSeqStEph avltreeseqsteph_for_borrow_into
        PASS [   1.375s] rust_verify_test::ProveAVLTreeSeqStEph avltreeseqsteph_loop_borrow_into
        PASS [   1.601s] rust_verify_test::ProveAVLTreeSeqStEph avltreeseqsteph_loop_borrow_iter
        PASS [   1.299s] rust_verify_test::ProveAVLTreeSeqStPer avltreeseqstper_for_borrow_into
        PASS [   1.345s] rust_verify_test::ProveAVLTreeSeqStPer avltreeseqstper_for_borrow_iter
        PASS [   1.355s] rust_verify_test::ProveAVLTreeSeqStPer avltreeseqstper_loop_borrow_into
        PASS [   1.394s] rust_verify_test::ProveAVLTreeSeqStPer avltreeseqstper_loop_borrow_iter
        PASS [   1.526s] rust_verify_test::ProveAVLTreeSetMtEph avltreesetmteph_for_borrow_into
        PASS [   1.318s] rust_verify_test::ProveAVLTreeSetMtEph avltreesetmteph_for_borrow_iter
        PASS [   1.282s] rust_verify_test::ProveAVLTreeSetMtEph avltreesetmteph_loop_borrow_into
        PASS [   1.314s] rust_verify_test::ProveAVLTreeSetMtEph avltreesetmteph_loop_borrow_iter
        PASS [   1.306s] rust_verify_test::ProveArraySeq arrayseq_filter
        PASS [   1.484s] rust_verify_test::ProveArraySeq arrayseq_for_iter
        PASS [   1.280s] rust_verify_test::ProveArraySeq arrayseq_iterate
        PASS [   1.314s] rust_verify_test::ProveArraySeq arrayseq_iterate_prefixes
        PASS [   1.313s] rust_verify_test::ProveArraySeq arrayseq_loop_loop
        PASS [   1.261s] rust_verify_test::ProveArraySeq arrayseq_map
        PASS [   1.642s] rust_verify_test::ProveArraySeq arrayseq_reduce
        PASS [   1.431s] rust_verify_test::ProveArraySeq arrayseq_scan
        PASS [   1.313s] rust_verify_test::ProveArraySeq arrayseq_tabulate
        PASS [   1.437s] rust_verify_test::ProveArraySeq arrayseq_scan_inclusive
        PASS [   1.315s] rust_verify_test::ProveArraySeqMtEph arrayseqmteph_for_borrow_into
        PASS [   1.369s] rust_verify_test::ProveArraySeqMtEph arrayseqmteph_for_consume
        PASS [   1.339s] rust_verify_test::ProveArraySeqMtEph arrayseqmteph_loop_borrow_into
        PASS [   1.435s] rust_verify_test::ProveArraySeqMtEph arrayseqmteph_for_iter
        PASS [   1.412s] rust_verify_test::ProveArraySeqMtEph arrayseqmteph_loop_loop
        PASS [   1.475s] rust_verify_test::ProveArraySeqMtEph arrayseqmteph_loop_consume
        PASS [   1.405s] rust_verify_test::ProveArraySeqMtPer arrayseqmtper_for_borrow_into
        PASS [   1.425s] rust_verify_test::ProveArraySeqMtPer arrayseqmtper_for_consume
        PASS [   1.401s] rust_verify_test::ProveArraySeqMtPer arrayseqmtper_for_iter
        PASS [   1.351s] rust_verify_test::ProveArraySeqMtPer arrayseqmtper_loop_consume
        PASS [   1.327s] rust_verify_test::ProveArraySeqMtPer arrayseqmtper_loop_loop
        PASS [   1.502s] rust_verify_test::ProveArraySeqMtPer arrayseqmtper_loop_borrow_into
        PASS [   1.443s] rust_verify_test::ProveArraySeqStEph arrayseqsteph_for_borrow_into
        PASS [   1.397s] rust_verify_test::ProveArraySeqStEph arrayseqsteph_for_borrow_iter
        PASS [   1.412s] rust_verify_test::ProveArraySeqStEph arrayseqsteph_for_consume
        PASS [   1.421s] rust_verify_test::ProveArraySeqStEph arrayseqsteph_loop_borrow_iter
        PASS [   1.347s] rust_verify_test::ProveArraySeqStEph arrayseqsteph_loop_consume
        PASS [   1.529s] rust_verify_test::ProveArraySeqStEph arrayseqsteph_loop_borrow_into
        PASS [   1.546s] rust_verify_test::ProveArraySeqStPer arrayseqstper_for_iter
        PASS [   1.397s] rust_verify_test::ProveArraySeqStPer arrayseqstper_loop_loop
        PASS [   1.302s] rust_verify_test::ProveBFSMtEph chap54_bfsmteph_top_down_loop
        PASS [   1.386s] rust_verify_test::ProveBFSMtEph chap54_bfsmteph_bottom_up_loop
        PASS [   1.372s] rust_verify_test::ProveBFSMtEph chap54_bfsmteph_top_down_for
        PASS [   1.581s] rust_verify_test::ProveBFSMtEph chap54_bfsmteph_bottom_up_for
        PASS [   1.327s] rust_verify_test::ProveBFSStEph chap54_bfssteph_bottom_up_for
        PASS [   1.410s] rust_verify_test::ProveBFSStEph chap54_bfssteph_bottom_up_loop
        PASS [   1.271s] rust_verify_test::ProveBFSStEph chap54_bfssteph_top_down_loop
        PASS [   1.379s] rust_verify_test::ProveBFSStEph chap54_bfssteph_top_down_for
        PASS [   1.395s] rust_verify_test::ProveBSTSetAVLMtEph bstsetavlmteph_for_borrow_into
        PASS [   1.445s] rust_verify_test::ProveBSTSetAVLMtEph bstsetavlmteph_for_borrow_iter
        PASS [   1.447s] rust_verify_test::ProveBSTSetAVLMtEph bstsetavlmteph_for_consume
        PASS [   1.472s] rust_verify_test::ProveBSTSetAVLMtEph bstsetavlmteph_loop_borrow_into
        PASS [   1.460s] rust_verify_test::ProveBSTSetAVLMtEph bstsetavlmteph_loop_borrow_iter
        PASS [   1.451s] rust_verify_test::ProveBSTSetAVLMtEph bstsetavlmteph_loop_consume
        PASS [   1.562s] rust_verify_test::ProveBSTSetBBAlphaMtEph bstsetbbalphamteph_for_borrow_into
        PASS [   1.406s] rust_verify_test::ProveBSTSetBBAlphaMtEph bstsetbbalphamteph_for_borrow_iter
        PASS [   1.440s] rust_verify_test::ProveBSTSetBBAlphaMtEph bstsetbbalphamteph_loop_borrow_into
        PASS [   1.410s] rust_verify_test::ProveBSTSetBBAlphaMtEph bstsetbbalphamteph_loop_borrow_iter
        PASS [   1.430s] rust_verify_test::ProveBSTSetPlainMtEph bstsetplainmteph_for_borrow_into
        PASS [   1.531s] rust_verify_test::ProveBSTSetPlainMtEph bstsetplainmteph_for_borrow_iter
        PASS [   1.457s] rust_verify_test::ProveBSTSetPlainMtEph bstsetplainmteph_loop_borrow_iter
        PASS [   1.514s] rust_verify_test::ProveBSTSetPlainMtEph bstsetplainmteph_loop_borrow_into
        PASS [   1.426s] rust_verify_test::ProveBSTSetRBMtEph bstsetrbmteph_for_borrow_into
        PASS [   1.536s] rust_verify_test::ProveBSTSetRBMtEph bstsetrbmteph_for_borrow_iter
        PASS [   1.482s] rust_verify_test::ProveBSTSetRBMtEph bstsetrbmteph_for_consume
        PASS [   1.460s] rust_verify_test::ProveBSTSetRBMtEph bstsetrbmteph_loop_borrow_into
        PASS [   1.394s] rust_verify_test::ProveBSTSetRBMtEph bstsetrbmteph_loop_borrow_iter
        PASS [   1.436s] rust_verify_test::ProveBSTSetRBMtEph bstsetrbmteph_loop_consume
        PASS [   1.542s] rust_verify_test::ProveBSTSetSplayMtEph bstsetsplaymteph_for_borrow_into
        PASS [   1.438s] rust_verify_test::ProveBSTSetSplayMtEph bstsetsplaymteph_for_borrow_iter
        PASS [   1.531s] rust_verify_test::ProveBSTSetSplayMtEph bstsetsplaymteph_for_consume
        PASS [   1.387s] rust_verify_test::ProveBSTSetSplayMtEph bstsetsplaymteph_loop_borrow_iter
        PASS [   1.427s] rust_verify_test::ProveBSTSetSplayMtEph bstsetsplaymteph_loop_borrow_into
        PASS [   1.429s] rust_verify_test::ProveBSTSetSplayMtEph bstsetsplaymteph_loop_consume
        PASS [   1.447s] rust_verify_test::ProveBalBinTreeStEph balbintree_for_inorder
        PASS [   1.404s] rust_verify_test::ProveBalBinTreeStEph balbintree_for_postorder
        PASS [   1.311s] rust_verify_test::ProveBalBinTreeStEph balbintree_leaf_iter_exhausted
        PASS [   1.503s] rust_verify_test::ProveBalBinTreeStEph balbintree_for_preorder
        PASS [   1.520s] rust_verify_test::ProveBalBinTreeStEph balbintree_inorder_spec_match
        PASS [   1.386s] rust_verify_test::ProveBalBinTreeStEph balbintree_leaf_traversals_empty
        PASS [   1.417s] rust_verify_test::ProveBalBinTreeStEph balbintree_loop_inorder
        PASS [   1.424s] rust_verify_test::ProveBalBinTreeStEph balbintree_loop_postorder
        PASS [   1.419s] rust_verify_test::ProveBalBinTreeStEph balbintree_loop_preorder
        PASS [   1.375s] rust_verify_test::ProveChap19ArraySeqMtEph chap19_arrayseqmteph_for_borrow_into
        PASS [   1.433s] rust_verify_test::ProveBalBinTreeStEph balbintree_preorder_spec_match
        PASS [   1.523s] rust_verify_test::ProveBalBinTreeStEph balbintree_postorder_spec_match
        PASS [   1.405s] rust_verify_test::ProveChap19ArraySeqMtEph chap19_arrayseqmteph_for_borrow_iter
        PASS [   1.412s] rust_verify_test::ProveChap19ArraySeqMtEph chap19_arrayseqmteph_for_consume
        PASS [   1.412s] rust_verify_test::ProveChap19ArraySeqMtEph chap19_arrayseqmteph_loop_borrow_into
        PASS [   1.395s] rust_verify_test::ProveChap19ArraySeqMtEph chap19_arrayseqmteph_loop_consume
        PASS [   1.495s] rust_verify_test::ProveChap19ArraySeqMtEph chap19_arrayseqmteph_loop_borrow_iter
        PASS [   1.510s] rust_verify_test::ProveChap19ArraySeqMtEphSlice slice_for_borrow_into
        PASS [   1.431s] rust_verify_test::ProveChap19ArraySeqMtEphSlice slice_for_borrow_iter
        PASS [   1.376s] rust_verify_test::ProveChap19ArraySeqMtEphSlice slice_iter_over_subslice
        PASS [   1.385s] rust_verify_test::ProveChap19ArraySeqMtEphSlice slice_loop_borrow_iter
        PASS [   1.380s] rust_verify_test::ProveChap19ArraySeqMtEphSlice slice_operations
        PASS [   1.370s] rust_verify_test::ProveChap19ArraySeqStEph chap19_arrayseqsteph_for_borrow_iter
        PASS [   1.768s] rust_verify_test::ProveChap19ArraySeqStEph chap19_arrayseqsteph_for_borrow_into
        PASS [   1.484s] rust_verify_test::ProveChap19ArraySeqStEph chap19_arrayseqsteph_for_consume
        PASS [   1.455s] rust_verify_test::ProveChap19ArraySeqStEph chap19_arrayseqsteph_loop_borrow_into
        PASS [   1.448s] rust_verify_test::ProveChap19ArraySeqStEph chap19_arrayseqsteph_loop_borrow_iter
        PASS [   1.581s] rust_verify_test::ProveChap19ArraySeqStEph chap19_arrayseqsteph_loop_consume
        PASS [   1.460s] rust_verify_test::ProveChap19ArraySeqStPer chap19_arrayseqstper_for_borrow_into
        PASS [   1.458s] rust_verify_test::ProveChap19ArraySeqStPer chap19_arrayseqstper_for_borrow_iter
        PASS [   1.354s] rust_verify_test::ProveChap19ArraySeqStPer chap19_arrayseqstper_loop_borrow_into
        PASS [   1.562s] rust_verify_test::ProveChap19ArraySeqStPer chap19_arrayseqstper_for_consume
        PASS [   1.415s] rust_verify_test::ProveChap19ArraySeqStPer chap19_arrayseqstper_loop_borrow_iter
        PASS [   1.348s] rust_verify_test::ProveKleeneStPer kleene_alphabet
        PASS [   1.468s] rust_verify_test::ProveChap19ArraySeqStPer chap19_arrayseqstper_loop_consume
        PASS [   1.466s] rust_verify_test::ProveKleeneStPer kleene_mem_plus
        PASS [   1.470s] rust_verify_test::ProveKleeneStPer kleene_mem_star
        PASS [   1.616s] rust_verify_test::ProveLinkedListStEph linkedliststeph_for_iter
        PASS [   1.390s] rust_verify_test::ProveLinkedListStEph linkedliststeph_loop_loop
        PASS [   1.410s] rust_verify_test::ProveLinkedListStPer linkedliststper_for_iter
        PASS [   1.418s] rust_verify_test::ProveLinkedListStPer linkedliststper_loop_loop
        PASS [   1.451s] rust_verify_test::ProveMathSeq mathseq_for_borrow_into
        PASS [   1.414s] rust_verify_test::ProveMathSeq mathseq_for_borrow_iter
        PASS [   1.470s] rust_verify_test::ProveMathSeq mathseq_for_consume
        PASS [   1.630s] rust_verify_test::ProveMathSeq mathseq_loop_borrow_into
        PASS [   1.418s] rust_verify_test::ProveMathSeq mathseq_loop_borrow_iter
        PASS [   1.378s] rust_verify_test::ProveMathSeq mathseq_loop_consume
        PASS [   1.427s] rust_verify_test::ProveOrderedSetStEph chap43_orderedsetsteph_for_borrow_into
        PASS [   1.533s] rust_verify_test::ProveOrderedSetStEph chap43_orderedsetsteph_for_borrow_iter
        PASS [   1.446s] rust_verify_test::ProveOrderedSetStEph chap43_orderedsetsteph_loop_borrow_into
        PASS [   1.483s] rust_verify_test::ProveOrderedSetStEph chap43_orderedsetsteph_loop_borrow_iter
        PASS [   1.522s] rust_verify_test::ProveOrderedSetStPer chap43_orderedsetstper_for_borrow_iter
        PASS [   1.552s] rust_verify_test::ProveOrderedSetStPer chap43_orderedsetstper_loop_borrow_iter
        PASS [   1.512s] rust_verify_test::ProveOrderedTableMtEph chap43_orderedtablemteph_for_borrow_into
        PASS [   1.420s] rust_verify_test::ProveOrderedTableMtEph chap43_orderedtablemteph_loop_borrow_into
        PASS [   1.685s] rust_verify_test::ProveOrderedTableMtEph chap43_orderedtablemteph_for_borrow_iter
        PASS [   1.601s] rust_verify_test::ProveOrderedTableMtEph chap43_orderedtablemteph_loop_borrow_iter
        PASS [   1.524s] rust_verify_test::ProveOrderedTableStEph chap43_orderedtablesteph_for_borrow_iter
        PASS [   1.625s] rust_verify_test::ProveOrderedTableStEph chap43_orderedtablesteph_for_borrow_into
        PASS [   1.572s] rust_verify_test::ProveOrderedTableStEph chap43_orderedtablesteph_loop_borrow_into
        PASS [   1.564s] rust_verify_test::ProveOrderedTableStPer chap43_orderedtablestper_for_borrow_into
        PASS [   1.635s] rust_verify_test::ProveOrderedTableStEph chap43_orderedtablesteph_loop_borrow_iter
        PASS [   1.491s] rust_verify_test::ProveOrderedTableStPer chap43_orderedtablestper_for_borrow_iter
        PASS [   1.511s] rust_verify_test::ProveOrderedTableStPer chap43_orderedtablestper_loop_borrow_into
        PASS [   1.542s] rust_verify_test::ProveOrderedTableStPer chap43_orderedtablestper_loop_borrow_iter
        PASS [   1.382s] rust_verify_test::ProvePrimTreeSeqStPer primtreeseq_for_borrow_into
        PASS [   1.470s] rust_verify_test::ProvePrimTreeSeqStPer primtreeseq_for_borrow_iter
        PASS [   1.470s] rust_verify_test::ProvePrimTreeSeqStPer primtreeseq_for_consume
        PASS [   1.383s] rust_verify_test::ProvePrimTreeSeqStPer primtreeseq_loop_borrow_into
        PASS [   1.361s] rust_verify_test::ProvePrimTreeSeqStPer primtreeseq_loop_borrow_iter
        PASS [   1.568s] rust_verify_test::ProvePrimTreeSeqStPer primtreeseq_loop_consume
        PASS [   1.465s] rust_verify_test::ProveSetMtEph set_mt_eph_for_borrow_into
        PASS [   1.495s] rust_verify_test::ProveSetMtEph set_mt_eph_loop_borrow_into
        PASS [   1.566s] rust_verify_test::ProveSetMtEph set_mt_eph_for_borrow_iter
        PASS [   1.408s] rust_verify_test::ProveSetMtEph set_mt_eph_loop_borrow_iter
        PASS [   1.530s] rust_verify_test::ProveSetStEph setsteph_for_borrow_into
        PASS [   1.645s] rust_verify_test::ProveSetStEph setsteph_for_borrow_iter
        PASS [   1.622s] rust_verify_test::ProveSetStEph setsteph_loop_borrow_into
        PASS [   1.574s] rust_verify_test::ProveSetStEph setsteph_loop_borrow_iter
        PASS [   1.656s] rust_verify_test::Provedeep_view_standard deep_view_standard_for_borrow_into
        PASS [   1.508s] rust_verify_test::Provedeep_view_standard deep_view_standard_for_borrow_iter
        PASS [   1.477s] rust_verify_test::Provedeep_view_standard deep_view_standard_for_consume
        PASS [   1.408s] rust_verify_test::Provedeep_view_standard deep_view_standard_loop_borrow_into
        PASS [   1.395s] rust_verify_test::Provedeep_view_standard deep_view_standard_loop_borrow_iter
        PASS [   1.323s] rust_verify_test::Provedeep_view_standard deep_view_standard_simple
        PASS [   1.429s] rust_verify_test::Provedeep_view_standard deep_view_standard_loop_consume
        PASS [   1.520s] rust_verify_test::Proveiterators_standard iterators_standard_for_borrow_iter
        PASS [   1.730s] rust_verify_test::Proveiterators_standard iterators_standard_for_borrow_into
        PASS [   1.391s] rust_verify_test::Proveiterators_standard iterators_standard_for_consume
        PASS [   1.384s] rust_verify_test::Proveiterators_standard iterators_standard_loop_borrow_into
        PASS [   1.326s] rust_verify_test::Proveiterators_standard iterators_standard_loop_consume
        PASS [   1.421s] rust_verify_test::Proveiterators_standard iterators_standard_loop_borrow_iter
        PASS [   1.367s] rust_verify_test::Provemod_standard mod_standard_for_borrow_iter
        PASS [   1.590s] rust_verify_test::Provemod_standard mod_standard_for_borrow_into
        PASS [   1.509s] rust_verify_test::Provemod_standard mod_standard_for_consume
        PASS [   1.508s] rust_verify_test::Provemod_standard mod_standard_loop_borrow_into
        PASS [   1.372s] rust_verify_test::Provemod_standard mod_standard_loop_borrow_iter
        PASS [   1.476s] rust_verify_test::Provemod_standard mod_standard_loop_consume
        PASS [   1.470s] rust_verify_test::Provetable_of_contents_standard toc_standard_for_borrow_iter
        PASS [   1.434s] rust_verify_test::Provetable_of_contents_standard toc_standard_for_consume
        PASS [   1.351s] rust_verify_test::Provetable_of_contents_standard toc_standard_loop_borrow_into
        PASS [   1.760s] rust_verify_test::Provetable_of_contents_standard toc_standard_for_borrow_into
        PASS [   1.449s] rust_verify_test::Provetable_of_contents_standard toc_standard_loop_borrow_iter
        PASS [   1.355s] rust_verify_test::Provetable_of_contents_standard toc_standard_loop_consume
        PASS [   1.482s] rust_verify_test::Proveusing_closures_standard closures_ghost_spec_fn
        PASS [   1.467s] rust_verify_test::Proveusing_closures_standard closures_inline_requires_ensures
        PASS [   1.472s] rust_verify_test::Proveusing_closures_standard closures_let_bind_ensures
        PASS [   1.751s] rust_verify_test::Proveusing_closures_standard closures_map_apply
        PASS [   1.364s] rust_verify_test::Proveview_standard view_standard_collection
        PASS [   1.550s] rust_verify_test::Proveview_standard view_standard_for_borrow_into
        PASS [   1.354s] rust_verify_test::Proveview_standard view_standard_loop_borrow_into
        PASS [   1.459s] rust_verify_test::Proveview_standard view_standard_for_consume
        PASS [   1.382s] rust_verify_test::Proveview_standard view_standard_loop_borrow_iter
        PASS [   1.885s] rust_verify_test::Proveview_standard view_standard_for_borrow_iter
        PASS [   1.429s] rust_verify_test::Proveview_standard view_standard_loop_consume
        PASS [   1.292s] rust_verify_test::Proveview_standard view_standard_simple
        PASS [   1.450s] rust_verify_test::Provewrapping_iterators_standard wrapping_for_borrow_iter
        PASS [   1.557s] rust_verify_test::Provewrapping_iterators_standard wrapping_for_borrow_into
        PASS [   1.394s] rust_verify_test::Provewrapping_iterators_standard wrapping_loop_borrow_into
        PASS [   1.497s] rust_verify_test::RelationStEph relation_st_eph_for_iter
        PASS [   1.681s] rust_verify_test::Provewrapping_iterators_standard wrapping_loop_borrow_iter
        PASS [   1.460s] rust_verify_test::RelationStEph relation_st_eph_loop_loop
        PASS [   1.477s] rust_verify_test::SetMtEph set_mt_eph_for_iter
        PASS [   1.486s] rust_verify_test::SetMtEph set_mt_eph_from_vec
        PASS [   1.468s] rust_verify_test::SetMtEph set_mt_eph_loop_loop
        PASS [   1.465s] rust_verify_test::SetStEph set_st_eph_for_iter
        PASS [   1.387s] rust_verify_test::SetStEph set_st_eph_loop_loop
        PASS [   1.562s] rust_verify_test::SetStEph set_st_eph_from_vec
        PASS [   1.296s] rust_verify_test::prove_MathSeq_iters mathseq_iter_consuming
        PASS [   1.269s] rust_verify_test::prove_MathSeq_iters mathseq_iter_nested
        PASS [   1.232s] rust_verify_test::prove_MathSeq_iters mathseq_iter_range
────────────
     Summary [  54.010s] 221 tests run: 221 passed, 0 skipped
Elapsed: 739s
