verification results:: 5412 verified, 0 errors
    Finished `release` profile [optimized] target(s) in 0.14s
────────────
 Nextest run ID 9d1cf9f4-83b4-4d3e-878b-37d3aeec8690 with nextest profile: default
    Starting 221 tests across 48 binaries
        PASS [   2.517s] rust_verify_test::HashSetWithViewPlus hash_set_wvp_loop_loop
        PASS [   2.647s] rust_verify_test::HashMapWithViewPlus hash_map_wvp_loop_loop
        PASS [   2.699s] rust_verify_test::HashSetWithViewPlus hash_set_wvp_for_iter
        PASS [   2.766s] rust_verify_test::MappingStEph mapping_st_eph_loop_loop
        PASS [   2.774s] rust_verify_test::HashMapWithViewPlus hash_map_wvp_for_iter
        PASS [   3.089s] rust_verify_test::MappingStEph mapping_st_eph_for_iter
        PASS [   2.118s] rust_verify_test::ProveAVLTreeSeq avltreeseq_loop_borrow_into
        PASS [   2.396s] rust_verify_test::ProveAVLTreeSeq avltreeseq_for_borrow_into
        PASS [   2.407s] rust_verify_test::ProveAVLTreeSeq avltreeseq_loop_borrow_iter
        PASS [   2.531s] rust_verify_test::ProveAVLTreeSeq avltreeseq_for_borrow_iter
        PASS [   2.272s] rust_verify_test::ProveAVLTreeSeqMtPer avltreeseqmtper_for_borrow_iter
        PASS [   2.651s] rust_verify_test::ProveAVLTreeSeqMtPer avltreeseqmtper_for_borrow_into
        PASS [   2.376s] rust_verify_test::ProveAVLTreeSeqMtPer avltreeseqmtper_loop_borrow_into
        PASS [   2.388s] rust_verify_test::ProveAVLTreeSeqMtPer avltreeseqmtper_loop_borrow_iter
        PASS [   2.488s] rust_verify_test::ProveAVLTreeSeqStEph avltreeseqsteph_for_borrow_iter
        PASS [   2.308s] rust_verify_test::ProveAVLTreeSeqStEph avltreeseqsteph_loop_borrow_into
        PASS [   2.304s] rust_verify_test::ProveAVLTreeSeqStEph avltreeseqsteph_loop_borrow_iter
        PASS [   2.557s] rust_verify_test::ProveAVLTreeSeqStEph avltreeseqsteph_for_borrow_into
        PASS [   2.195s] rust_verify_test::ProveAVLTreeSeqStPer avltreeseqstper_for_borrow_into
        PASS [   2.478s] rust_verify_test::ProveAVLTreeSeqStPer avltreeseqstper_for_borrow_iter
        PASS [   2.176s] rust_verify_test::ProveAVLTreeSeqStPer avltreeseqstper_loop_borrow_iter
        PASS [   2.211s] rust_verify_test::ProveAVLTreeSeqStPer avltreeseqstper_loop_borrow_into
        PASS [   2.446s] rust_verify_test::ProveAVLTreeSetMtEph avltreesetmteph_for_borrow_into
        PASS [   2.593s] rust_verify_test::ProveAVLTreeSetMtEph avltreesetmteph_for_borrow_iter
        PASS [   2.133s] rust_verify_test::ProveAVLTreeSetMtEph avltreesetmteph_loop_borrow_into
        PASS [   2.224s] rust_verify_test::ProveAVLTreeSetMtEph avltreesetmteph_loop_borrow_iter
        PASS [   1.890s] rust_verify_test::ProveArraySeq arrayseq_iterate
        PASS [   2.403s] rust_verify_test::ProveArraySeq arrayseq_filter
        PASS [   2.396s] rust_verify_test::ProveArraySeq arrayseq_for_iter
        PASS [   2.271s] rust_verify_test::ProveArraySeq arrayseq_iterate_prefixes
        PASS [   2.091s] rust_verify_test::ProveArraySeq arrayseq_loop_loop
        PASS [   2.287s] rust_verify_test::ProveArraySeq arrayseq_map
        PASS [   2.130s] rust_verify_test::ProveArraySeq arrayseq_tabulate
        PASS [   2.696s] rust_verify_test::ProveArraySeq arrayseq_reduce
        PASS [   2.596s] rust_verify_test::ProveArraySeq arrayseq_scan_inclusive
        PASS [   2.773s] rust_verify_test::ProveArraySeq arrayseq_scan
        PASS [   2.354s] rust_verify_test::ProveArraySeqMtEph arrayseqmteph_for_borrow_into
        PASS [   2.325s] rust_verify_test::ProveArraySeqMtEph arrayseqmteph_for_consume
        PASS [   2.226s] rust_verify_test::ProveArraySeqMtEph arrayseqmteph_for_iter
        PASS [   2.392s] rust_verify_test::ProveArraySeqMtEph arrayseqmteph_loop_borrow_into
        PASS [   2.304s] rust_verify_test::ProveArraySeqMtEph arrayseqmteph_loop_consume
        PASS [   2.431s] rust_verify_test::ProveArraySeqMtEph arrayseqmteph_loop_loop
        PASS [   2.450s] rust_verify_test::ProveArraySeqMtPer arrayseqmtper_for_borrow_into
        PASS [   2.284s] rust_verify_test::ProveArraySeqMtPer arrayseqmtper_for_consume
        PASS [   2.319s] rust_verify_test::ProveArraySeqMtPer arrayseqmtper_for_iter
        PASS [   2.350s] rust_verify_test::ProveArraySeqMtPer arrayseqmtper_loop_consume
        PASS [   2.420s] rust_verify_test::ProveArraySeqMtPer arrayseqmtper_loop_borrow_into
        PASS [   2.466s] rust_verify_test::ProveArraySeqMtPer arrayseqmtper_loop_loop
        PASS [   2.268s] rust_verify_test::ProveArraySeqStEph arrayseqsteph_for_borrow_into
        PASS [   2.495s] rust_verify_test::ProveArraySeqStEph arrayseqsteph_for_borrow_iter
        PASS [   2.567s] rust_verify_test::ProveArraySeqStEph arrayseqsteph_for_consume
        PASS [   2.350s] rust_verify_test::ProveArraySeqStEph arrayseqsteph_loop_borrow_into
        PASS [   2.403s] rust_verify_test::ProveArraySeqStEph arrayseqsteph_loop_borrow_iter
        PASS [   2.280s] rust_verify_test::ProveArraySeqStEph arrayseqsteph_loop_consume
        PASS [   2.462s] rust_verify_test::ProveArraySeqStPer arrayseqstper_for_iter
        PASS [   2.254s] rust_verify_test::ProveArraySeqStPer arrayseqstper_loop_loop
        PASS [   2.313s] rust_verify_test::ProveBFSMtEph chap54_bfsmteph_bottom_up_loop
        PASS [   2.449s] rust_verify_test::ProveBFSMtEph chap54_bfsmteph_bottom_up_for
        PASS [   2.366s] rust_verify_test::ProveBFSMtEph chap54_bfsmteph_top_down_for
        PASS [   2.197s] rust_verify_test::ProveBFSMtEph chap54_bfsmteph_top_down_loop
        PASS [   2.232s] rust_verify_test::ProveBFSStEph chap54_bfssteph_bottom_up_for
        PASS [   2.166s] rust_verify_test::ProveBFSStEph chap54_bfssteph_bottom_up_loop
        PASS [   2.393s] rust_verify_test::ProveBFSStEph chap54_bfssteph_top_down_for
        PASS [   2.348s] rust_verify_test::ProveBFSStEph chap54_bfssteph_top_down_loop
        PASS [   2.294s] rust_verify_test::ProveBSTSetAVLMtEph bstsetavlmteph_for_borrow_iter
        PASS [   2.513s] rust_verify_test::ProveBSTSetAVLMtEph bstsetavlmteph_for_borrow_into
        PASS [   2.401s] rust_verify_test::ProveBSTSetAVLMtEph bstsetavlmteph_for_consume
        PASS [   2.570s] rust_verify_test::ProveBSTSetAVLMtEph bstsetavlmteph_loop_borrow_into
        PASS [   2.518s] rust_verify_test::ProveBSTSetAVLMtEph bstsetavlmteph_loop_consume
        PASS [   2.610s] rust_verify_test::ProveBSTSetAVLMtEph bstsetavlmteph_loop_borrow_iter
        PASS [   2.551s] rust_verify_test::ProveBSTSetBBAlphaMtEph bstsetbbalphamteph_for_borrow_into
        PASS [   2.712s] rust_verify_test::ProveBSTSetBBAlphaMtEph bstsetbbalphamteph_for_borrow_iter
        PASS [   2.353s] rust_verify_test::ProveBSTSetBBAlphaMtEph bstsetbbalphamteph_loop_borrow_into
        PASS [   2.402s] rust_verify_test::ProveBSTSetBBAlphaMtEph bstsetbbalphamteph_loop_borrow_iter
        PASS [   2.508s] rust_verify_test::ProveBSTSetPlainMtEph bstsetplainmteph_for_borrow_iter
        PASS [   2.571s] rust_verify_test::ProveBSTSetPlainMtEph bstsetplainmteph_for_borrow_into
        PASS [   2.712s] rust_verify_test::ProveBSTSetPlainMtEph bstsetplainmteph_loop_borrow_into
        PASS [   2.457s] rust_verify_test::ProveBSTSetPlainMtEph bstsetplainmteph_loop_borrow_iter
        PASS [   2.648s] rust_verify_test::ProveBSTSetRBMtEph bstsetrbmteph_for_borrow_into
        PASS [   2.571s] rust_verify_test::ProveBSTSetRBMtEph bstsetrbmteph_for_borrow_iter
        PASS [   2.564s] rust_verify_test::ProveBSTSetRBMtEph bstsetrbmteph_loop_borrow_into
        PASS [   2.379s] rust_verify_test::ProveBSTSetRBMtEph bstsetrbmteph_loop_borrow_iter
        PASS [   2.750s] rust_verify_test::ProveBSTSetRBMtEph bstsetrbmteph_for_consume
        PASS [   2.475s] rust_verify_test::ProveBSTSetRBMtEph bstsetrbmteph_loop_consume
        PASS [   2.407s] rust_verify_test::ProveBSTSetSplayMtEph bstsetsplaymteph_for_borrow_into
        PASS [   2.353s] rust_verify_test::ProveBSTSetSplayMtEph bstsetsplaymteph_for_borrow_iter
        PASS [   2.255s] rust_verify_test::ProveBSTSetSplayMtEph bstsetsplaymteph_for_consume
        PASS [   2.292s] rust_verify_test::ProveBSTSetSplayMtEph bstsetsplaymteph_loop_borrow_into
        PASS [   2.383s] rust_verify_test::ProveBSTSetSplayMtEph bstsetsplaymteph_loop_borrow_iter
        PASS [   2.424s] rust_verify_test::ProveBSTSetSplayMtEph bstsetsplaymteph_loop_consume
        PASS [   2.380s] rust_verify_test::ProveBalBinTreeStEph balbintree_for_inorder
        PASS [   2.525s] rust_verify_test::ProveBalBinTreeStEph balbintree_for_postorder
        PASS [   2.464s] rust_verify_test::ProveBalBinTreeStEph balbintree_for_preorder
        PASS [   2.422s] rust_verify_test::ProveBalBinTreeStEph balbintree_inorder_spec_match
        PASS [   2.223s] rust_verify_test::ProveBalBinTreeStEph balbintree_leaf_iter_exhausted
        PASS [   2.324s] rust_verify_test::ProveBalBinTreeStEph balbintree_leaf_traversals_empty
        PASS [   2.294s] rust_verify_test::ProveBalBinTreeStEph balbintree_loop_inorder
        PASS [   2.117s] rust_verify_test::ProveBalBinTreeStEph balbintree_loop_postorder
        PASS [   1.785s] rust_verify_test::ProveBalBinTreeStEph balbintree_loop_preorder
        PASS [   1.798s] rust_verify_test::ProveBalBinTreeStEph balbintree_preorder_spec_match
        PASS [   1.822s] rust_verify_test::ProveBalBinTreeStEph balbintree_postorder_spec_match
        PASS [   1.987s] rust_verify_test::ProveChap19ArraySeqMtEph chap19_arrayseqmteph_for_borrow_into
        PASS [   1.864s] rust_verify_test::ProveChap19ArraySeqMtEph chap19_arrayseqmteph_for_borrow_iter
        PASS [   1.951s] rust_verify_test::ProveChap19ArraySeqMtEph chap19_arrayseqmteph_for_consume
        PASS [   1.865s] rust_verify_test::ProveChap19ArraySeqMtEph chap19_arrayseqmteph_loop_borrow_into
        PASS [   1.900s] rust_verify_test::ProveChap19ArraySeqMtEph chap19_arrayseqmteph_loop_borrow_iter
        PASS [   2.060s] rust_verify_test::ProveChap19ArraySeqMtEph chap19_arrayseqmteph_loop_consume
        PASS [   1.829s] rust_verify_test::ProveChap19ArraySeqMtEphSlice slice_for_borrow_into
        PASS [   2.104s] rust_verify_test::ProveChap19ArraySeqMtEphSlice slice_for_borrow_iter
        PASS [   1.851s] rust_verify_test::ProveChap19ArraySeqMtEphSlice slice_iter_over_subslice
        PASS [   1.758s] rust_verify_test::ProveChap19ArraySeqMtEphSlice slice_loop_borrow_iter
        PASS [   1.907s] rust_verify_test::ProveChap19ArraySeqMtEphSlice slice_operations
        PASS [   1.895s] rust_verify_test::ProveChap19ArraySeqStEph chap19_arrayseqsteph_for_borrow_into
        PASS [   1.777s] rust_verify_test::ProveChap19ArraySeqStEph chap19_arrayseqsteph_for_borrow_iter
        PASS [   1.732s] rust_verify_test::ProveChap19ArraySeqStEph chap19_arrayseqsteph_for_consume
        PASS [   1.646s] rust_verify_test::ProveChap19ArraySeqStEph chap19_arrayseqsteph_loop_borrow_into
        PASS [   1.697s] rust_verify_test::ProveChap19ArraySeqStEph chap19_arrayseqsteph_loop_borrow_iter
        PASS [   1.767s] rust_verify_test::ProveChap19ArraySeqStEph chap19_arrayseqsteph_loop_consume
        PASS [   1.868s] rust_verify_test::ProveChap19ArraySeqStPer chap19_arrayseqstper_for_borrow_iter
        PASS [   2.185s] rust_verify_test::ProveChap19ArraySeqStPer chap19_arrayseqstper_for_borrow_into
        PASS [   1.962s] rust_verify_test::ProveChap19ArraySeqStPer chap19_arrayseqstper_for_consume
        PASS [   1.831s] rust_verify_test::ProveChap19ArraySeqStPer chap19_arrayseqstper_loop_borrow_into
        PASS [   1.665s] rust_verify_test::ProveChap19ArraySeqStPer chap19_arrayseqstper_loop_borrow_iter
        PASS [   1.699s] rust_verify_test::ProveChap19ArraySeqStPer chap19_arrayseqstper_loop_consume
        PASS [   1.906s] rust_verify_test::ProveKleeneStPer kleene_alphabet
        PASS [   1.812s] rust_verify_test::ProveKleeneStPer kleene_mem_plus
        PASS [   1.704s] rust_verify_test::ProveKleeneStPer kleene_mem_star
        PASS [   1.899s] rust_verify_test::ProveLinkedListStEph linkedliststeph_loop_loop
        PASS [   2.061s] rust_verify_test::ProveLinkedListStEph linkedliststeph_for_iter
        PASS [   1.854s] rust_verify_test::ProveLinkedListStPer linkedliststper_for_iter
        PASS [   1.874s] rust_verify_test::ProveLinkedListStPer linkedliststper_loop_loop
        PASS [   1.733s] rust_verify_test::ProveMathSeq mathseq_for_borrow_into
        PASS [   1.659s] rust_verify_test::ProveMathSeq mathseq_for_borrow_iter
        PASS [   1.725s] rust_verify_test::ProveMathSeq mathseq_loop_borrow_into
        PASS [   1.828s] rust_verify_test::ProveMathSeq mathseq_for_consume
        PASS [   1.883s] rust_verify_test::ProveMathSeq mathseq_loop_borrow_iter
        PASS [   1.649s] rust_verify_test::ProveMathSeq mathseq_loop_consume
        PASS [   1.930s] rust_verify_test::ProveOrderedSetStEph chap43_orderedsetsteph_for_borrow_into
        PASS [   1.878s] rust_verify_test::ProveOrderedSetStEph chap43_orderedsetsteph_for_borrow_iter
        PASS [   1.929s] rust_verify_test::ProveOrderedSetStEph chap43_orderedsetsteph_loop_borrow_into
        PASS [   1.942s] rust_verify_test::ProveOrderedSetStEph chap43_orderedsetsteph_loop_borrow_iter
        PASS [   1.850s] rust_verify_test::ProveOrderedSetStPer chap43_orderedsetstper_for_borrow_iter
        PASS [   2.198s] rust_verify_test::ProveOrderedSetStPer chap43_orderedsetstper_loop_borrow_iter
        PASS [   1.898s] rust_verify_test::ProveOrderedTableMtEph chap43_orderedtablemteph_for_borrow_into
        PASS [   2.268s] rust_verify_test::ProveOrderedTableMtEph chap43_orderedtablemteph_for_borrow_iter
        PASS [   1.898s] rust_verify_test::ProveOrderedTableMtEph chap43_orderedtablemteph_loop_borrow_into
        PASS [   1.814s] rust_verify_test::ProveOrderedTableMtEph chap43_orderedtablemteph_loop_borrow_iter
        PASS [   1.851s] rust_verify_test::ProveOrderedTableStEph chap43_orderedtablesteph_for_borrow_into
        PASS [   1.718s] rust_verify_test::ProveOrderedTableStEph chap43_orderedtablesteph_loop_borrow_into
        PASS [   1.987s] rust_verify_test::ProveOrderedTableStEph chap43_orderedtablesteph_for_borrow_iter
        PASS [   1.839s] rust_verify_test::ProveOrderedTableStEph chap43_orderedtablesteph_loop_borrow_iter
        PASS [   1.671s] rust_verify_test::ProveOrderedTableStPer chap43_orderedtablestper_for_borrow_iter
        PASS [   1.812s] rust_verify_test::ProveOrderedTableStPer chap43_orderedtablestper_for_borrow_into
        PASS [   1.782s] rust_verify_test::ProveOrderedTableStPer chap43_orderedtablestper_loop_borrow_into
        PASS [   1.763s] rust_verify_test::ProveOrderedTableStPer chap43_orderedtablestper_loop_borrow_iter
        PASS [   1.970s] rust_verify_test::ProvePrimTreeSeqStPer primtreeseq_for_borrow_into
        PASS [   1.658s] rust_verify_test::ProvePrimTreeSeqStPer primtreeseq_for_consume
        PASS [   1.727s] rust_verify_test::ProvePrimTreeSeqStPer primtreeseq_for_borrow_iter
        PASS [   1.717s] rust_verify_test::ProvePrimTreeSeqStPer primtreeseq_loop_borrow_into
        PASS [   1.831s] rust_verify_test::ProvePrimTreeSeqStPer primtreeseq_loop_borrow_iter
        PASS [   1.570s] rust_verify_test::ProvePrimTreeSeqStPer primtreeseq_loop_consume
        PASS [   1.724s] rust_verify_test::ProveSetMtEph set_mt_eph_for_borrow_iter
        PASS [   1.811s] rust_verify_test::ProveSetMtEph set_mt_eph_loop_borrow_into
        PASS [   2.114s] rust_verify_test::ProveSetMtEph set_mt_eph_for_borrow_into
        PASS [   1.792s] rust_verify_test::ProveSetMtEph set_mt_eph_loop_borrow_iter
        PASS [   1.696s] rust_verify_test::ProveSetStEph setsteph_for_borrow_into
        PASS [   1.762s] rust_verify_test::ProveSetStEph setsteph_for_borrow_iter
        PASS [   1.717s] rust_verify_test::ProveSetStEph setsteph_loop_borrow_into
        PASS [   1.654s] rust_verify_test::Provedeep_view_standard deep_view_standard_for_borrow_into
        PASS [   1.672s] rust_verify_test::Provedeep_view_standard deep_view_standard_for_borrow_iter
        PASS [   2.208s] rust_verify_test::ProveSetStEph setsteph_loop_borrow_iter
        PASS [   1.856s] rust_verify_test::Provedeep_view_standard deep_view_standard_for_consume
        PASS [   1.798s] rust_verify_test::Provedeep_view_standard deep_view_standard_loop_borrow_into
        PASS [   1.712s] rust_verify_test::Provedeep_view_standard deep_view_standard_loop_borrow_iter
        PASS [   1.722s] rust_verify_test::Provedeep_view_standard deep_view_standard_loop_consume
        PASS [   1.767s] rust_verify_test::Provedeep_view_standard deep_view_standard_simple
        PASS [   1.713s] rust_verify_test::Proveiterators_standard iterators_standard_for_borrow_into
        PASS [   1.670s] rust_verify_test::Proveiterators_standard iterators_standard_for_borrow_iter
        PASS [   1.634s] rust_verify_test::Proveiterators_standard iterators_standard_for_consume
        PASS [   1.570s] rust_verify_test::Proveiterators_standard iterators_standard_loop_borrow_iter
        PASS [   1.730s] rust_verify_test::Proveiterators_standard iterators_standard_loop_borrow_into
        PASS [   1.818s] rust_verify_test::Proveiterators_standard iterators_standard_loop_consume
        PASS [   1.728s] rust_verify_test::Provemod_standard mod_standard_for_borrow_into
        PASS [   1.899s] rust_verify_test::Provemod_standard mod_standard_for_borrow_iter
        PASS [   1.841s] rust_verify_test::Provemod_standard mod_standard_for_consume
        PASS [   1.738s] rust_verify_test::Provemod_standard mod_standard_loop_borrow_into
        PASS [   1.627s] rust_verify_test::Provemod_standard mod_standard_loop_borrow_iter
        PASS [   1.665s] rust_verify_test::Provemod_standard mod_standard_loop_consume
        PASS [   1.709s] rust_verify_test::Provetable_of_contents_standard toc_standard_for_borrow_into
        PASS [   1.760s] rust_verify_test::Provetable_of_contents_standard toc_standard_for_borrow_iter
        PASS [   1.771s] rust_verify_test::Provetable_of_contents_standard toc_standard_for_consume
        PASS [   1.579s] rust_verify_test::Provetable_of_contents_standard toc_standard_loop_borrow_into
        PASS [   1.577s] rust_verify_test::Provetable_of_contents_standard toc_standard_loop_borrow_iter
        PASS [   1.674s] rust_verify_test::Provetable_of_contents_standard toc_standard_loop_consume
        PASS [   1.624s] rust_verify_test::Proveusing_closures_standard closures_ghost_spec_fn
        PASS [   1.512s] rust_verify_test::Proveusing_closures_standard closures_inline_requires_ensures
        PASS [   1.600s] rust_verify_test::Proveusing_closures_standard closures_let_bind_ensures
        PASS [   1.611s] rust_verify_test::Proveview_standard view_standard_collection
        PASS [   1.690s] rust_verify_test::Proveusing_closures_standard closures_map_apply
        PASS [   1.595s] rust_verify_test::Proveview_standard view_standard_for_borrow_into
        PASS [   1.590s] rust_verify_test::Proveview_standard view_standard_for_consume
        PASS [   1.914s] rust_verify_test::Proveview_standard view_standard_for_borrow_iter
        PASS [   1.703s] rust_verify_test::Proveview_standard view_standard_loop_borrow_into
        PASS [   1.818s] rust_verify_test::Proveview_standard view_standard_loop_borrow_iter
        PASS [   1.801s] rust_verify_test::Proveview_standard view_standard_loop_consume
        PASS [   1.674s] rust_verify_test::Proveview_standard view_standard_simple
        PASS [   1.731s] rust_verify_test::Provewrapping_iterators_standard wrapping_for_borrow_into
        PASS [   1.892s] rust_verify_test::Provewrapping_iterators_standard wrapping_for_borrow_iter
        PASS [   1.782s] rust_verify_test::Provewrapping_iterators_standard wrapping_loop_borrow_into
        PASS [   1.785s] rust_verify_test::Provewrapping_iterators_standard wrapping_loop_borrow_iter
        PASS [   1.790s] rust_verify_test::RelationStEph relation_st_eph_for_iter
        PASS [   2.082s] rust_verify_test::RelationStEph relation_st_eph_loop_loop
        PASS [   1.884s] rust_verify_test::SetMtEph set_mt_eph_for_iter
        PASS [   1.844s] rust_verify_test::SetMtEph set_mt_eph_loop_loop
        PASS [   2.108s] rust_verify_test::SetMtEph set_mt_eph_from_vec
        PASS [   1.889s] rust_verify_test::SetStEph set_st_eph_for_iter
        PASS [   2.172s] rust_verify_test::SetStEph set_st_eph_from_vec
        PASS [   1.748s] rust_verify_test::SetStEph set_st_eph_loop_loop
        PASS [   1.679s] rust_verify_test::prove_MathSeq_iters mathseq_iter_consuming
        PASS [   1.694s] rust_verify_test::prove_MathSeq_iters mathseq_iter_nested
        PASS [   1.631s] rust_verify_test::prove_MathSeq_iters mathseq_iter_range
────────────
     Summary [  76.940s] 221 tests run: 221 passed, 0 skipped
Elapsed: 183s
