verification results:: 5598 verified, 0 errors
    Finished `release` profile [optimized] target(s) in 0.04s
────────────
 Nextest run ID 876ef331-10d6-4e97-be55-6f6bf9111d5d with nextest profile: default
    Starting 221 tests across 48 binaries
        PASS [   2.334s] rust_verify_test::HashSetWithViewPlus hash_set_wvp_loop_loop
        PASS [   2.850s] rust_verify_test::HashSetWithViewPlus hash_set_wvp_for_iter
        PASS [   2.905s] rust_verify_test::HashMapWithViewPlus hash_map_wvp_loop_loop
        PASS [   2.958s] rust_verify_test::HashMapWithViewPlus hash_map_wvp_for_iter
        PASS [   3.159s] rust_verify_test::MappingStEph mapping_st_eph_loop_loop
        PASS [   3.192s] rust_verify_test::MappingStEph mapping_st_eph_for_iter
        PASS [   2.991s] rust_verify_test::ProveAVLTreeSeq avltreeseq_for_borrow_into
        PASS [   2.904s] rust_verify_test::ProveAVLTreeSeq avltreeseq_for_borrow_iter
        PASS [   2.879s] rust_verify_test::ProveAVLTreeSeq avltreeseq_loop_borrow_into
        PASS [   2.703s] rust_verify_test::ProveAVLTreeSeqMtPer avltreeseqmtper_for_borrow_into
        PASS [   2.696s] rust_verify_test::ProveAVLTreeSeqMtPer avltreeseqmtper_for_borrow_iter
        PASS [   2.988s] rust_verify_test::ProveAVLTreeSeq avltreeseq_loop_borrow_iter
        PASS [   2.393s] rust_verify_test::ProveAVLTreeSeqMtPer avltreeseqmtper_loop_borrow_into
        PASS [   2.358s] rust_verify_test::ProveAVLTreeSeqStEph avltreeseqsteph_for_borrow_into
        PASS [   2.265s] rust_verify_test::ProveAVLTreeSeqStEph avltreeseqsteph_loop_borrow_into
        PASS [   2.417s] rust_verify_test::ProveAVLTreeSeqMtPer avltreeseqmtper_loop_borrow_iter
        PASS [   2.456s] rust_verify_test::ProveAVLTreeSeqStEph avltreeseqsteph_loop_borrow_iter
        PASS [   2.568s] rust_verify_test::ProveAVLTreeSeqStEph avltreeseqsteph_for_borrow_iter
        PASS [   1.934s] rust_verify_test::ProveAVLTreeSeqStPer avltreeseqstper_for_borrow_into
        PASS [   1.978s] rust_verify_test::ProveAVLTreeSeqStPer avltreeseqstper_loop_borrow_iter
        PASS [   2.046s] rust_verify_test::ProveAVLTreeSeqStPer avltreeseqstper_loop_borrow_into
        PASS [   1.973s] rust_verify_test::ProveAVLTreeSetMtEph avltreesetmteph_for_borrow_iter
        PASS [   2.106s] rust_verify_test::ProveAVLTreeSetMtEph avltreesetmteph_for_borrow_into
        PASS [   2.436s] rust_verify_test::ProveAVLTreeSeqStPer avltreeseqstper_for_borrow_iter
        PASS [   1.964s] rust_verify_test::ProveAVLTreeSetMtEph avltreesetmteph_loop_borrow_into
        PASS [   1.894s] rust_verify_test::ProveArraySeq arrayseq_filter
        PASS [   2.027s] rust_verify_test::ProveAVLTreeSetMtEph avltreesetmteph_loop_borrow_iter
        PASS [   1.939s] rust_verify_test::ProveArraySeq arrayseq_iterate
        PASS [   1.957s] rust_verify_test::ProveArraySeq arrayseq_iterate_prefixes
        PASS [   2.177s] rust_verify_test::ProveArraySeq arrayseq_for_iter
        PASS [   1.890s] rust_verify_test::ProveArraySeq arrayseq_loop_loop
        PASS [   1.758s] rust_verify_test::ProveArraySeq arrayseq_map
        PASS [   1.866s] rust_verify_test::ProveArraySeq arrayseq_reduce
        PASS [   1.666s] rust_verify_test::ProveArraySeq arrayseq_tabulate
        PASS [   1.947s] rust_verify_test::ProveArraySeq arrayseq_scan
        PASS [   1.943s] rust_verify_test::ProveArraySeq arrayseq_scan_inclusive
        PASS [   1.891s] rust_verify_test::ProveArraySeqMtEph arrayseqmteph_for_borrow_into
        PASS [   1.962s] rust_verify_test::ProveArraySeqMtEph arrayseqmteph_for_consume
        PASS [   2.098s] rust_verify_test::ProveArraySeqMtEph arrayseqmteph_for_iter
        PASS [   2.198s] rust_verify_test::ProveArraySeqMtEph arrayseqmteph_loop_borrow_into
        PASS [   1.987s] rust_verify_test::ProveArraySeqMtEph arrayseqmteph_loop_loop
        PASS [   2.081s] rust_verify_test::ProveArraySeqMtEph arrayseqmteph_loop_consume
        PASS [   1.883s] rust_verify_test::ProveArraySeqMtPer arrayseqmtper_for_borrow_into
        PASS [   1.878s] rust_verify_test::ProveArraySeqMtPer arrayseqmtper_for_consume
        PASS [   2.040s] rust_verify_test::ProveArraySeqMtPer arrayseqmtper_for_iter
        PASS [   1.849s] rust_verify_test::ProveArraySeqMtPer arrayseqmtper_loop_borrow_into
        PASS [   1.886s] rust_verify_test::ProveArraySeqMtPer arrayseqmtper_loop_loop
        PASS [   1.947s] rust_verify_test::ProveArraySeqMtPer arrayseqmtper_loop_consume
        PASS [   2.116s] rust_verify_test::ProveArraySeqStEph arrayseqsteph_for_borrow_into
        PASS [   2.213s] rust_verify_test::ProveArraySeqStEph arrayseqsteph_for_borrow_iter
        PASS [   1.972s] rust_verify_test::ProveArraySeqStEph arrayseqsteph_loop_borrow_iter
        PASS [   2.166s] rust_verify_test::ProveArraySeqStEph arrayseqsteph_for_consume
        PASS [   1.978s] rust_verify_test::ProveArraySeqStEph arrayseqsteph_loop_consume
        PASS [   2.148s] rust_verify_test::ProveArraySeqStEph arrayseqsteph_loop_borrow_into
        PASS [   1.930s] rust_verify_test::ProveArraySeqStPer arrayseqstper_for_iter
        PASS [   1.807s] rust_verify_test::ProveArraySeqStPer arrayseqstper_loop_loop
        PASS [   1.792s] rust_verify_test::ProveBFSMtEph chap54_bfsmteph_bottom_up_for
        PASS [   1.874s] rust_verify_test::ProveBFSMtEph chap54_bfsmteph_bottom_up_loop
        PASS [   1.840s] rust_verify_test::ProveBFSMtEph chap54_bfsmteph_top_down_for
        PASS [   1.804s] rust_verify_test::ProveBFSMtEph chap54_bfsmteph_top_down_loop
        PASS [   2.217s] rust_verify_test::ProveBFSStEph chap54_bfssteph_bottom_up_for
        PASS [   2.259s] rust_verify_test::ProveBFSStEph chap54_bfssteph_bottom_up_loop
        PASS [   2.407s] rust_verify_test::ProveBSTSetAVLMtEph bstsetavlmteph_for_borrow_into
        PASS [   2.533s] rust_verify_test::ProveBFSStEph chap54_bfssteph_top_down_for
        PASS [   2.474s] rust_verify_test::ProveBFSStEph chap54_bfssteph_top_down_loop
        PASS [   2.730s] rust_verify_test::ProveBSTSetAVLMtEph bstsetavlmteph_for_borrow_iter
        PASS [   2.493s] rust_verify_test::ProveBSTSetAVLMtEph bstsetavlmteph_for_consume
        PASS [   2.576s] rust_verify_test::ProveBSTSetAVLMtEph bstsetavlmteph_loop_borrow_into
        PASS [   2.221s] rust_verify_test::ProveBSTSetAVLMtEph bstsetavlmteph_loop_consume
        PASS [   2.735s] rust_verify_test::ProveBSTSetAVLMtEph bstsetavlmteph_loop_borrow_iter
        PASS [   2.747s] rust_verify_test::ProveBSTSetBBAlphaMtEph bstsetbbalphamteph_for_borrow_into
        PASS [   2.706s] rust_verify_test::ProveBSTSetBBAlphaMtEph bstsetbbalphamteph_for_borrow_iter
        PASS [   2.688s] rust_verify_test::ProveBSTSetBBAlphaMtEph bstsetbbalphamteph_loop_borrow_into
        PASS [   2.724s] rust_verify_test::ProveBSTSetBBAlphaMtEph bstsetbbalphamteph_loop_borrow_iter
        PASS [   2.802s] rust_verify_test::ProveBSTSetPlainMtEph bstsetplainmteph_for_borrow_into
        PASS [   2.965s] rust_verify_test::ProveBSTSetPlainMtEph bstsetplainmteph_loop_borrow_into
        PASS [   3.044s] rust_verify_test::ProveBSTSetPlainMtEph bstsetplainmteph_for_borrow_iter
        PASS [   2.878s] rust_verify_test::ProveBSTSetPlainMtEph bstsetplainmteph_loop_borrow_iter
        PASS [   2.847s] rust_verify_test::ProveBSTSetRBMtEph bstsetrbmteph_for_borrow_into
        PASS [   2.708s] rust_verify_test::ProveBSTSetRBMtEph bstsetrbmteph_for_borrow_iter
        PASS [   2.614s] rust_verify_test::ProveBSTSetRBMtEph bstsetrbmteph_for_consume
        PASS [   2.417s] rust_verify_test::ProveBSTSetRBMtEph bstsetrbmteph_loop_borrow_into
        PASS [   2.496s] rust_verify_test::ProveBSTSetRBMtEph bstsetrbmteph_loop_consume
        PASS [   2.815s] rust_verify_test::ProveBSTSetRBMtEph bstsetrbmteph_loop_borrow_iter
        PASS [   2.697s] rust_verify_test::ProveBSTSetSplayMtEph bstsetsplaymteph_for_borrow_into
        PASS [   2.729s] rust_verify_test::ProveBSTSetSplayMtEph bstsetsplaymteph_for_borrow_iter
        PASS [   2.835s] rust_verify_test::ProveBSTSetSplayMtEph bstsetsplaymteph_for_consume
        PASS [   2.612s] rust_verify_test::ProveBSTSetSplayMtEph bstsetsplaymteph_loop_borrow_into
        PASS [   2.389s] rust_verify_test::ProveBSTSetSplayMtEph bstsetsplaymteph_loop_borrow_iter
        PASS [   2.676s] rust_verify_test::ProveBSTSetSplayMtEph bstsetsplaymteph_loop_consume
        PASS [   2.715s] rust_verify_test::ProveBalBinTreeStEph balbintree_for_inorder
        PASS [   2.345s] rust_verify_test::ProveBalBinTreeStEph balbintree_for_postorder
        PASS [   2.432s] rust_verify_test::ProveBalBinTreeStEph balbintree_for_preorder
        PASS [   2.407s] rust_verify_test::ProveBalBinTreeStEph balbintree_inorder_spec_match
        PASS [   2.514s] rust_verify_test::ProveBalBinTreeStEph balbintree_leaf_iter_exhausted
        PASS [   2.697s] rust_verify_test::ProveBalBinTreeStEph balbintree_leaf_traversals_empty
        PASS [   2.731s] rust_verify_test::ProveBalBinTreeStEph balbintree_loop_inorder
        PASS [   2.680s] rust_verify_test::ProveBalBinTreeStEph balbintree_loop_postorder
        PASS [   2.644s] rust_verify_test::ProveBalBinTreeStEph balbintree_loop_preorder
        PASS [   2.391s] rust_verify_test::ProveBalBinTreeStEph balbintree_preorder_spec_match
        PASS [   2.544s] rust_verify_test::ProveBalBinTreeStEph balbintree_postorder_spec_match
        PASS [   2.205s] rust_verify_test::ProveChap19ArraySeqMtEph chap19_arrayseqmteph_for_borrow_into
        PASS [   2.021s] rust_verify_test::ProveChap19ArraySeqMtEph chap19_arrayseqmteph_for_borrow_iter
        PASS [   2.051s] rust_verify_test::ProveChap19ArraySeqMtEph chap19_arrayseqmteph_for_consume
        PASS [   1.921s] rust_verify_test::ProveChap19ArraySeqMtEph chap19_arrayseqmteph_loop_borrow_into
        PASS [   1.787s] rust_verify_test::ProveChap19ArraySeqMtEph chap19_arrayseqmteph_loop_borrow_iter
        PASS [   2.021s] rust_verify_test::ProveChap19ArraySeqMtEph chap19_arrayseqmteph_loop_consume
        PASS [   2.282s] rust_verify_test::ProveChap19ArraySeqMtEphSlice slice_for_borrow_into
        PASS [   2.028s] rust_verify_test::ProveChap19ArraySeqMtEphSlice slice_for_borrow_iter
        PASS [   2.314s] rust_verify_test::ProveChap19ArraySeqMtEphSlice slice_iter_over_subslice
        PASS [   2.188s] rust_verify_test::ProveChap19ArraySeqMtEphSlice slice_loop_borrow_iter
        PASS [   2.221s] rust_verify_test::ProveChap19ArraySeqMtEphSlice slice_operations
        PASS [   1.999s] rust_verify_test::ProveChap19ArraySeqStEph chap19_arrayseqsteph_for_borrow_into
        PASS [   2.130s] rust_verify_test::ProveChap19ArraySeqStEph chap19_arrayseqsteph_for_borrow_iter
        PASS [   2.246s] rust_verify_test::ProveChap19ArraySeqStEph chap19_arrayseqsteph_for_consume
        PASS [   2.435s] rust_verify_test::ProveChap19ArraySeqStEph chap19_arrayseqsteph_loop_borrow_into
        PASS [   2.293s] rust_verify_test::ProveChap19ArraySeqStEph chap19_arrayseqsteph_loop_borrow_iter
        PASS [   2.278s] rust_verify_test::ProveChap19ArraySeqStEph chap19_arrayseqsteph_loop_consume
        PASS [   2.391s] rust_verify_test::ProveChap19ArraySeqStPer chap19_arrayseqstper_for_borrow_into
        PASS [   2.085s] rust_verify_test::ProveChap19ArraySeqStPer chap19_arrayseqstper_for_borrow_iter
        PASS [   1.836s] rust_verify_test::ProveChap19ArraySeqStPer chap19_arrayseqstper_for_consume
        PASS [   1.824s] rust_verify_test::ProveChap19ArraySeqStPer chap19_arrayseqstper_loop_borrow_into
        PASS [   1.946s] rust_verify_test::ProveChap19ArraySeqStPer chap19_arrayseqstper_loop_consume
        PASS [   1.818s] rust_verify_test::ProveKleeneStPer kleene_alphabet
        PASS [   2.067s] rust_verify_test::ProveChap19ArraySeqStPer chap19_arrayseqstper_loop_borrow_iter
        PASS [   2.080s] rust_verify_test::ProveKleeneStPer kleene_mem_plus
        PASS [   2.250s] rust_verify_test::ProveKleeneStPer kleene_mem_star
        PASS [   2.145s] rust_verify_test::ProveLinkedListStEph linkedliststeph_for_iter
        PASS [   1.879s] rust_verify_test::ProveLinkedListStPer linkedliststper_loop_loop
        PASS [   2.096s] rust_verify_test::ProveLinkedListStEph linkedliststeph_loop_loop
        PASS [   2.387s] rust_verify_test::ProveLinkedListStPer linkedliststper_for_iter
        PASS [   1.968s] rust_verify_test::ProveMathSeq mathseq_for_borrow_into
        PASS [   2.117s] rust_verify_test::ProveMathSeq mathseq_for_borrow_iter
        PASS [   1.743s] rust_verify_test::ProveMathSeq mathseq_loop_borrow_into
        PASS [   1.834s] rust_verify_test::ProveMathSeq mathseq_for_consume
        PASS [   1.914s] rust_verify_test::ProveMathSeq mathseq_loop_borrow_iter
        PASS [   1.776s] rust_verify_test::ProveMathSeq mathseq_loop_consume
        PASS [   1.822s] rust_verify_test::ProveOrderedSetStEph chap43_orderedsetsteph_for_borrow_into
        PASS [   2.093s] rust_verify_test::ProveOrderedSetStEph chap43_orderedsetsteph_for_borrow_iter
        PASS [   2.075s] rust_verify_test::ProveOrderedSetStEph chap43_orderedsetsteph_loop_borrow_into
        PASS [   2.116s] rust_verify_test::ProveOrderedSetStEph chap43_orderedsetsteph_loop_borrow_iter
        PASS [   2.497s] rust_verify_test::ProveOrderedSetStPer chap43_orderedsetstper_loop_borrow_iter
        PASS [   2.779s] rust_verify_test::ProveOrderedSetStPer chap43_orderedsetstper_for_borrow_iter
        PASS [   2.758s] rust_verify_test::ProveOrderedTableMtEph chap43_orderedtablemteph_for_borrow_into
        PASS [   2.767s] rust_verify_test::ProveOrderedTableMtEph chap43_orderedtablemteph_loop_borrow_into
        PASS [   2.950s] rust_verify_test::ProveOrderedTableMtEph chap43_orderedtablemteph_for_borrow_iter
        PASS [   2.816s] rust_verify_test::ProveOrderedTableMtEph chap43_orderedtablemteph_loop_borrow_iter
        PASS [   3.002s] rust_verify_test::ProveOrderedTableStEph chap43_orderedtablesteph_for_borrow_into
        PASS [   2.939s] rust_verify_test::ProveOrderedTableStEph chap43_orderedtablesteph_for_borrow_iter
        PASS [   2.739s] rust_verify_test::ProveOrderedTableStEph chap43_orderedtablesteph_loop_borrow_into
        PASS [   2.935s] rust_verify_test::ProveOrderedTableStEph chap43_orderedtablesteph_loop_borrow_iter
        PASS [   2.883s] rust_verify_test::ProveOrderedTableStPer chap43_orderedtablestper_for_borrow_iter
        PASS [   2.930s] rust_verify_test::ProveOrderedTableStPer chap43_orderedtablestper_for_borrow_into
        PASS [   2.802s] rust_verify_test::ProveOrderedTableStPer chap43_orderedtablestper_loop_borrow_iter
        PASS [   3.420s] rust_verify_test::ProveOrderedTableStPer chap43_orderedtablestper_loop_borrow_into
        PASS [   3.219s] rust_verify_test::ProvePrimTreeSeqStPer primtreeseq_for_borrow_into
        PASS [   3.029s] rust_verify_test::ProvePrimTreeSeqStPer primtreeseq_for_borrow_iter
        PASS [   2.983s] rust_verify_test::ProvePrimTreeSeqStPer primtreeseq_loop_borrow_into
        PASS [   3.143s] rust_verify_test::ProvePrimTreeSeqStPer primtreeseq_for_consume
        PASS [   3.214s] rust_verify_test::ProvePrimTreeSeqStPer primtreeseq_loop_borrow_iter
        PASS [   2.840s] rust_verify_test::ProvePrimTreeSeqStPer primtreeseq_loop_consume
        PASS [   2.871s] rust_verify_test::ProveSetMtEph set_mt_eph_for_borrow_into
        PASS [   2.688s] rust_verify_test::ProveSetMtEph set_mt_eph_loop_borrow_into
        PASS [   2.818s] rust_verify_test::ProveSetMtEph set_mt_eph_for_borrow_iter
        PASS [   2.911s] rust_verify_test::ProveSetMtEph set_mt_eph_loop_borrow_iter
        PASS [   2.823s] rust_verify_test::ProveSetStEph setsteph_for_borrow_into
        PASS [   2.778s] rust_verify_test::ProveSetStEph setsteph_for_borrow_iter
        PASS [   2.751s] rust_verify_test::ProveSetStEph setsteph_loop_borrow_into
        PASS [   3.001s] rust_verify_test::ProveSetStEph setsteph_loop_borrow_iter
        PASS [   2.959s] rust_verify_test::Provedeep_view_standard deep_view_standard_for_borrow_into
        PASS [   2.714s] rust_verify_test::Provedeep_view_standard deep_view_standard_for_borrow_iter
        PASS [   2.589s] rust_verify_test::Provedeep_view_standard deep_view_standard_loop_borrow_into
        PASS [   3.021s] rust_verify_test::Provedeep_view_standard deep_view_standard_for_consume
        PASS [   2.833s] rust_verify_test::Provedeep_view_standard deep_view_standard_loop_borrow_iter
        PASS [   2.131s] rust_verify_test::Provedeep_view_standard deep_view_standard_simple
        PASS [   2.463s] rust_verify_test::Provedeep_view_standard deep_view_standard_loop_consume
        PASS [   2.440s] rust_verify_test::Proveiterators_standard iterators_standard_for_borrow_into
        PASS [   2.036s] rust_verify_test::Proveiterators_standard iterators_standard_for_borrow_iter
        PASS [   1.777s] rust_verify_test::Proveiterators_standard iterators_standard_loop_borrow_into
        PASS [   1.994s] rust_verify_test::Proveiterators_standard iterators_standard_for_consume
        PASS [   2.188s] rust_verify_test::Proveiterators_standard iterators_standard_loop_borrow_iter
        PASS [   2.035s] rust_verify_test::Provemod_standard mod_standard_for_borrow_into
        PASS [   2.149s] rust_verify_test::Proveiterators_standard iterators_standard_loop_consume
        PASS [   1.736s] rust_verify_test::Provemod_standard mod_standard_for_borrow_iter
        PASS [   1.864s] rust_verify_test::Provemod_standard mod_standard_loop_borrow_into
        PASS [   2.090s] rust_verify_test::Provemod_standard mod_standard_for_consume
        PASS [   1.633s] rust_verify_test::Provemod_standard mod_standard_loop_borrow_iter
        PASS [   1.771s] rust_verify_test::Provemod_standard mod_standard_loop_consume
        PASS [   1.770s] rust_verify_test::Provetable_of_contents_standard toc_standard_for_borrow_iter
        PASS [   2.130s] rust_verify_test::Provetable_of_contents_standard toc_standard_for_borrow_into
        PASS [   1.652s] rust_verify_test::Provetable_of_contents_standard toc_standard_for_consume
        PASS [   1.692s] rust_verify_test::Provetable_of_contents_standard toc_standard_loop_borrow_into
        PASS [   1.675s] rust_verify_test::Provetable_of_contents_standard toc_standard_loop_borrow_iter
        PASS [   1.558s] rust_verify_test::Provetable_of_contents_standard toc_standard_loop_consume
        PASS [   1.656s] rust_verify_test::Proveusing_closures_standard closures_ghost_spec_fn
        PASS [   1.708s] rust_verify_test::Proveusing_closures_standard closures_let_bind_ensures
        PASS [   1.827s] rust_verify_test::Proveusing_closures_standard closures_inline_requires_ensures
        PASS [   2.140s] rust_verify_test::Proveusing_closures_standard closures_map_apply
        PASS [   1.915s] rust_verify_test::Proveview_standard view_standard_collection
        PASS [   2.095s] rust_verify_test::Proveview_standard view_standard_for_borrow_into
        PASS [   2.109s] rust_verify_test::Proveview_standard view_standard_for_borrow_iter
        PASS [   1.808s] rust_verify_test::Proveview_standard view_standard_loop_borrow_into
        PASS [   1.989s] rust_verify_test::Proveview_standard view_standard_for_consume
        PASS [   2.098s] rust_verify_test::Proveview_standard view_standard_loop_borrow_iter
        PASS [   1.897s] rust_verify_test::Proveview_standard view_standard_loop_consume
        PASS [   1.877s] rust_verify_test::Proveview_standard view_standard_simple
        PASS [   1.857s] rust_verify_test::Provewrapping_iterators_standard wrapping_for_borrow_iter
        PASS [   2.093s] rust_verify_test::Provewrapping_iterators_standard wrapping_for_borrow_into
        PASS [   2.137s] rust_verify_test::Provewrapping_iterators_standard wrapping_loop_borrow_into
        PASS [   2.129s] rust_verify_test::Provewrapping_iterators_standard wrapping_loop_borrow_iter
        PASS [   2.607s] rust_verify_test::RelationStEph relation_st_eph_for_iter
        PASS [   2.396s] rust_verify_test::RelationStEph relation_st_eph_loop_loop
        PASS [   2.141s] rust_verify_test::SetMtEph set_mt_eph_for_iter
        PASS [   2.046s] rust_verify_test::SetMtEph set_mt_eph_from_vec
        PASS [   1.842s] rust_verify_test::SetMtEph set_mt_eph_loop_loop
        PASS [   1.722s] rust_verify_test::SetStEph set_st_eph_for_iter
        PASS [   1.705s] rust_verify_test::SetStEph set_st_eph_from_vec
        PASS [   1.750s] rust_verify_test::SetStEph set_st_eph_loop_loop
        PASS [   1.580s] rust_verify_test::prove_MathSeq_iters mathseq_iter_range
        PASS [   1.595s] rust_verify_test::prove_MathSeq_iters mathseq_iter_nested
        PASS [   1.844s] rust_verify_test::prove_MathSeq_iters mathseq_iter_consuming
────────────
     Summary [  85.084s] 221 tests run: 221 passed, 0 skipped
Elapsed: 207s
