verification results:: 5388 verified, 0 errors
    Finished `release` profile [optimized] target(s) in 0.02s
────────────
 Nextest run ID 37ee42c7-92fb-4704-9847-c7750bac246c with nextest profile: default
    Starting 221 tests across 48 binaries
        PASS [   1.375s] rust_verify_test::HashSetWithViewPlus hash_set_wvp_loop_loop
        PASS [   1.398s] rust_verify_test::HashSetWithViewPlus hash_set_wvp_for_iter
        PASS [   1.405s] rust_verify_test::HashMapWithViewPlus hash_map_wvp_loop_loop
        PASS [   1.442s] rust_verify_test::HashMapWithViewPlus hash_map_wvp_for_iter
        PASS [   1.660s] rust_verify_test::MappingStEph mapping_st_eph_loop_loop
        PASS [   1.671s] rust_verify_test::MappingStEph mapping_st_eph_for_iter
        PASS [   1.506s] rust_verify_test::ProveAVLTreeSeq avltreeseq_for_borrow_into
        PASS [   1.485s] rust_verify_test::ProveAVLTreeSeq avltreeseq_loop_borrow_into
        PASS [   1.449s] rust_verify_test::ProveAVLTreeSeq avltreeseq_loop_borrow_iter
        PASS [   1.561s] rust_verify_test::ProveAVLTreeSeq avltreeseq_for_borrow_iter
        PASS [   1.425s] rust_verify_test::ProveAVLTreeSeqMtPer avltreeseqmtper_for_borrow_into
        PASS [   1.508s] rust_verify_test::ProveAVLTreeSeqMtPer avltreeseqmtper_for_borrow_iter
        PASS [   1.414s] rust_verify_test::ProveAVLTreeSeqMtPer avltreeseqmtper_loop_borrow_iter
        PASS [   1.478s] rust_verify_test::ProveAVLTreeSeqMtPer avltreeseqmtper_loop_borrow_into
        PASS [   1.527s] rust_verify_test::ProveAVLTreeSeqStEph avltreeseqsteph_for_borrow_into
        PASS [   1.522s] rust_verify_test::ProveAVLTreeSeqStEph avltreeseqsteph_for_borrow_iter
        PASS [   1.464s] rust_verify_test::ProveAVLTreeSeqStEph avltreeseqsteph_loop_borrow_into
        PASS [   1.445s] rust_verify_test::ProveAVLTreeSeqStEph avltreeseqsteph_loop_borrow_iter
        PASS [   1.474s] rust_verify_test::ProveAVLTreeSeqStPer avltreeseqstper_for_borrow_into
        PASS [   1.436s] rust_verify_test::ProveAVLTreeSeqStPer avltreeseqstper_for_borrow_iter
        PASS [   1.440s] rust_verify_test::ProveAVLTreeSeqStPer avltreeseqstper_loop_borrow_into
        PASS [   1.422s] rust_verify_test::ProveAVLTreeSeqStPer avltreeseqstper_loop_borrow_iter
        PASS [   1.426s] rust_verify_test::ProveAVLTreeSetMtEph avltreesetmteph_for_borrow_into
        PASS [   1.405s] rust_verify_test::ProveAVLTreeSetMtEph avltreesetmteph_for_borrow_iter
        PASS [   1.566s] rust_verify_test::ProveAVLTreeSetMtEph avltreesetmteph_loop_borrow_into
        PASS [   1.585s] rust_verify_test::ProveAVLTreeSetMtEph avltreesetmteph_loop_borrow_iter
        PASS [   1.543s] rust_verify_test::ProveArraySeq arrayseq_for_iter
        PASS [   1.512s] rust_verify_test::ProveArraySeq arrayseq_iterate
        PASS [   1.568s] rust_verify_test::ProveArraySeq arrayseq_iterate_prefixes
        PASS [   1.740s] rust_verify_test::ProveArraySeq arrayseq_filter
        PASS [   1.348s] rust_verify_test::ProveArraySeq arrayseq_map
        PASS [   1.559s] rust_verify_test::ProveArraySeq arrayseq_loop_loop
        PASS [   1.369s] rust_verify_test::ProveArraySeq arrayseq_tabulate
        PASS [   1.610s] rust_verify_test::ProveArraySeq arrayseq_reduce
        PASS [   1.645s] rust_verify_test::ProveArraySeq arrayseq_scan
        PASS [   1.549s] rust_verify_test::ProveArraySeq arrayseq_scan_inclusive
        PASS [   1.472s] rust_verify_test::ProveArraySeqMtEph arrayseqmteph_for_borrow_into
        PASS [   1.553s] rust_verify_test::ProveArraySeqMtEph arrayseqmteph_for_consume
        PASS [   1.512s] rust_verify_test::ProveArraySeqMtEph arrayseqmteph_for_iter
        PASS [   1.509s] rust_verify_test::ProveArraySeqMtEph arrayseqmteph_loop_borrow_into
        PASS [   1.542s] rust_verify_test::ProveArraySeqMtEph arrayseqmteph_loop_consume
        PASS [   1.582s] rust_verify_test::ProveArraySeqMtEph arrayseqmteph_loop_loop
        PASS [   1.545s] rust_verify_test::ProveArraySeqMtPer arrayseqmtper_for_borrow_into
        PASS [   1.487s] rust_verify_test::ProveArraySeqMtPer arrayseqmtper_for_consume
        PASS [   1.473s] rust_verify_test::ProveArraySeqMtPer arrayseqmtper_loop_borrow_into
        PASS [   1.605s] rust_verify_test::ProveArraySeqMtPer arrayseqmtper_for_iter
        PASS [   1.475s] rust_verify_test::ProveArraySeqMtPer arrayseqmtper_loop_consume
        PASS [   1.541s] rust_verify_test::ProveArraySeqMtPer arrayseqmtper_loop_loop
        PASS [   1.783s] rust_verify_test::ProveArraySeqStEph arrayseqsteph_for_borrow_into
        PASS [   1.610s] rust_verify_test::ProveArraySeqStEph arrayseqsteph_for_borrow_iter
        PASS [   1.540s] rust_verify_test::ProveArraySeqStEph arrayseqsteph_loop_borrow_iter
        PASS [   1.666s] rust_verify_test::ProveArraySeqStEph arrayseqsteph_for_consume
        PASS [   1.661s] rust_verify_test::ProveArraySeqStEph arrayseqsteph_loop_borrow_into
        PASS [   1.605s] rust_verify_test::ProveArraySeqStEph arrayseqsteph_loop_consume
        PASS [   1.689s] rust_verify_test::ProveArraySeqStPer arrayseqstper_for_iter
        PASS [   1.711s] rust_verify_test::ProveArraySeqStPer arrayseqstper_loop_loop
        PASS [   1.560s] rust_verify_test::ProveBFSMtEph chap54_bfsmteph_bottom_up_loop
        PASS [   1.572s] rust_verify_test::ProveBFSMtEph chap54_bfsmteph_top_down_for
        PASS [   1.629s] rust_verify_test::ProveBFSMtEph chap54_bfsmteph_bottom_up_for
        PASS [   1.556s] rust_verify_test::ProveBFSMtEph chap54_bfsmteph_top_down_loop
        PASS [   1.537s] rust_verify_test::ProveBFSStEph chap54_bfssteph_bottom_up_loop
        PASS [   1.532s] rust_verify_test::ProveBFSStEph chap54_bfssteph_top_down_loop
        PASS [   1.634s] rust_verify_test::ProveBFSStEph chap54_bfssteph_bottom_up_for
        PASS [   1.643s] rust_verify_test::ProveBFSStEph chap54_bfssteph_top_down_for
        PASS [   1.663s] rust_verify_test::ProveBSTSetAVLMtEph bstsetavlmteph_for_borrow_into
        PASS [   1.587s] rust_verify_test::ProveBSTSetAVLMtEph bstsetavlmteph_for_borrow_iter
        PASS [   1.583s] rust_verify_test::ProveBSTSetAVLMtEph bstsetavlmteph_for_consume
        PASS [   1.568s] rust_verify_test::ProveBSTSetAVLMtEph bstsetavlmteph_loop_borrow_into
        PASS [   1.584s] rust_verify_test::ProveBSTSetAVLMtEph bstsetavlmteph_loop_borrow_iter
        PASS [   1.607s] rust_verify_test::ProveBSTSetAVLMtEph bstsetavlmteph_loop_consume
        PASS [   1.611s] rust_verify_test::ProveBSTSetBBAlphaMtEph bstsetbbalphamteph_for_borrow_into
        PASS [   1.647s] rust_verify_test::ProveBSTSetBBAlphaMtEph bstsetbbalphamteph_for_borrow_iter
        PASS [   1.487s] rust_verify_test::ProveBSTSetBBAlphaMtEph bstsetbbalphamteph_loop_borrow_iter
        PASS [   1.544s] rust_verify_test::ProveBSTSetBBAlphaMtEph bstsetbbalphamteph_loop_borrow_into
        PASS [   1.573s] rust_verify_test::ProveBSTSetPlainMtEph bstsetplainmteph_for_borrow_into
        PASS [   1.507s] rust_verify_test::ProveBSTSetPlainMtEph bstsetplainmteph_loop_borrow_into
        PASS [   1.610s] rust_verify_test::ProveBSTSetPlainMtEph bstsetplainmteph_for_borrow_iter
        PASS [   1.523s] rust_verify_test::ProveBSTSetPlainMtEph bstsetplainmteph_loop_borrow_iter
        PASS [   1.673s] rust_verify_test::ProveBSTSetRBMtEph bstsetrbmteph_for_borrow_into
        PASS [   1.736s] rust_verify_test::ProveBSTSetRBMtEph bstsetrbmteph_for_borrow_iter
        PASS [   1.884s] rust_verify_test::ProveBSTSetRBMtEph bstsetrbmteph_for_consume
        PASS [   1.796s] rust_verify_test::ProveBSTSetRBMtEph bstsetrbmteph_loop_borrow_into
        PASS [   1.795s] rust_verify_test::ProveBSTSetRBMtEph bstsetrbmteph_loop_borrow_iter
        PASS [   1.769s] rust_verify_test::ProveBSTSetRBMtEph bstsetrbmteph_loop_consume
        PASS [   1.654s] rust_verify_test::ProveBSTSetSplayMtEph bstsetsplaymteph_for_borrow_iter
        PASS [   1.762s] rust_verify_test::ProveBSTSetSplayMtEph bstsetsplaymteph_for_borrow_into
        PASS [   1.757s] rust_verify_test::ProveBSTSetSplayMtEph bstsetsplaymteph_for_consume
        PASS [   1.792s] rust_verify_test::ProveBSTSetSplayMtEph bstsetsplaymteph_loop_borrow_into
        PASS [   1.815s] rust_verify_test::ProveBSTSetSplayMtEph bstsetsplaymteph_loop_borrow_iter
        PASS [   1.865s] rust_verify_test::ProveBSTSetSplayMtEph bstsetsplaymteph_loop_consume
        PASS [   1.675s] rust_verify_test::ProveBalBinTreeStEph balbintree_for_inorder
        PASS [   1.851s] rust_verify_test::ProveBalBinTreeStEph balbintree_for_postorder
        PASS [   1.737s] rust_verify_test::ProveBalBinTreeStEph balbintree_inorder_spec_match
        PASS [   1.778s] rust_verify_test::ProveBalBinTreeStEph balbintree_for_preorder
        PASS [   1.811s] rust_verify_test::ProveBalBinTreeStEph balbintree_leaf_iter_exhausted
        PASS [   1.799s] rust_verify_test::ProveBalBinTreeStEph balbintree_leaf_traversals_empty
        PASS [   1.688s] rust_verify_test::ProveBalBinTreeStEph balbintree_loop_inorder
        PASS [   1.654s] rust_verify_test::ProveBalBinTreeStEph balbintree_loop_postorder
        PASS [   1.566s] rust_verify_test::ProveBalBinTreeStEph balbintree_postorder_spec_match
        PASS [   1.576s] rust_verify_test::ProveBalBinTreeStEph balbintree_preorder_spec_match
        PASS [   1.770s] rust_verify_test::ProveBalBinTreeStEph balbintree_loop_preorder
        PASS [   1.672s] rust_verify_test::ProveChap19ArraySeqMtEph chap19_arrayseqmteph_for_borrow_into
        PASS [   1.785s] rust_verify_test::ProveChap19ArraySeqMtEph chap19_arrayseqmteph_for_borrow_iter
        PASS [   1.678s] rust_verify_test::ProveChap19ArraySeqMtEph chap19_arrayseqmteph_for_consume
        PASS [   1.603s] rust_verify_test::ProveChap19ArraySeqMtEph chap19_arrayseqmteph_loop_borrow_into
        PASS [   1.690s] rust_verify_test::ProveChap19ArraySeqMtEph chap19_arrayseqmteph_loop_borrow_iter
        PASS [   1.715s] rust_verify_test::ProveChap19ArraySeqMtEph chap19_arrayseqmteph_loop_consume
        PASS [   1.623s] rust_verify_test::ProveChap19ArraySeqMtEphSlice slice_for_borrow_into
        PASS [   1.695s] rust_verify_test::ProveChap19ArraySeqMtEphSlice slice_for_borrow_iter
        PASS [   1.653s] rust_verify_test::ProveChap19ArraySeqMtEphSlice slice_loop_borrow_iter
        PASS [   1.734s] rust_verify_test::ProveChap19ArraySeqMtEphSlice slice_iter_over_subslice
        PASS [   1.683s] rust_verify_test::ProveChap19ArraySeqMtEphSlice slice_operations
        PASS [   1.611s] rust_verify_test::ProveChap19ArraySeqStEph chap19_arrayseqsteph_for_borrow_into
        PASS [   1.607s] rust_verify_test::ProveChap19ArraySeqStEph chap19_arrayseqsteph_for_borrow_iter
        PASS [   1.419s] rust_verify_test::ProveChap19ArraySeqStEph chap19_arrayseqsteph_for_consume
        PASS [   1.415s] rust_verify_test::ProveChap19ArraySeqStEph chap19_arrayseqsteph_loop_borrow_into
        PASS [   1.490s] rust_verify_test::ProveChap19ArraySeqStEph chap19_arrayseqsteph_loop_borrow_iter
        PASS [   1.500s] rust_verify_test::ProveChap19ArraySeqStEph chap19_arrayseqsteph_loop_consume
        PASS [   1.478s] rust_verify_test::ProveChap19ArraySeqStPer chap19_arrayseqstper_for_borrow_iter
        PASS [   1.552s] rust_verify_test::ProveChap19ArraySeqStPer chap19_arrayseqstper_for_borrow_into
        PASS [   1.429s] rust_verify_test::ProveChap19ArraySeqStPer chap19_arrayseqstper_loop_borrow_into
        PASS [   1.586s] rust_verify_test::ProveChap19ArraySeqStPer chap19_arrayseqstper_for_consume
        PASS [   1.476s] rust_verify_test::ProveChap19ArraySeqStPer chap19_arrayseqstper_loop_borrow_iter
        PASS [   1.459s] rust_verify_test::ProveChap19ArraySeqStPer chap19_arrayseqstper_loop_consume
        PASS [   1.478s] rust_verify_test::ProveKleeneStPer kleene_alphabet
        PASS [   1.498s] rust_verify_test::ProveKleeneStPer kleene_mem_plus
        PASS [   1.445s] rust_verify_test::ProveKleeneStPer kleene_mem_star
        PASS [   1.471s] rust_verify_test::ProveLinkedListStEph linkedliststeph_loop_loop
        PASS [   1.544s] rust_verify_test::ProveLinkedListStEph linkedliststeph_for_iter
        PASS [   1.626s] rust_verify_test::ProveLinkedListStPer linkedliststper_for_iter
        PASS [   1.627s] rust_verify_test::ProveLinkedListStPer linkedliststper_loop_loop
        PASS [   1.701s] rust_verify_test::ProveMathSeq mathseq_for_borrow_into
        PASS [   1.988s] rust_verify_test::ProveMathSeq mathseq_for_borrow_iter
        PASS [   1.974s] rust_verify_test::ProveMathSeq mathseq_loop_borrow_into
        PASS [   2.148s] rust_verify_test::ProveMathSeq mathseq_for_consume
        PASS [   2.163s] rust_verify_test::ProveMathSeq mathseq_loop_borrow_iter
        PASS [   2.139s] rust_verify_test::ProveMathSeq mathseq_loop_consume
        PASS [   2.181s] rust_verify_test::ProveOrderedSetStEph chap43_orderedsetsteph_for_borrow_into
        PASS [   2.067s] rust_verify_test::ProveOrderedSetStEph chap43_orderedsetsteph_for_borrow_iter
        PASS [   1.973s] rust_verify_test::ProveOrderedSetStEph chap43_orderedsetsteph_loop_borrow_into
        PASS [   1.957s] rust_verify_test::ProveOrderedSetStEph chap43_orderedsetsteph_loop_borrow_iter
        PASS [   1.865s] rust_verify_test::ProveOrderedSetStPer chap43_orderedsetstper_loop_borrow_iter
        PASS [   1.912s] rust_verify_test::ProveOrderedSetStPer chap43_orderedsetstper_for_borrow_iter
        PASS [   2.057s] rust_verify_test::ProveOrderedTableMtEph chap43_orderedtablemteph_for_borrow_into
        PASS [   1.783s] rust_verify_test::ProveOrderedTableMtEph chap43_orderedtablemteph_loop_borrow_into
        PASS [   1.880s] rust_verify_test::ProveOrderedTableMtEph chap43_orderedtablemteph_for_borrow_iter
        PASS [   1.840s] rust_verify_test::ProveOrderedTableMtEph chap43_orderedtablemteph_loop_borrow_iter
        PASS [   1.912s] rust_verify_test::ProveOrderedTableStEph chap43_orderedtablesteph_for_borrow_into
        PASS [   1.913s] rust_verify_test::ProveOrderedTableStEph chap43_orderedtablesteph_for_borrow_iter
        PASS [   1.866s] rust_verify_test::ProveOrderedTableStEph chap43_orderedtablesteph_loop_borrow_into
        PASS [   1.881s] rust_verify_test::ProveOrderedTableStEph chap43_orderedtablesteph_loop_borrow_iter
        PASS [   1.919s] rust_verify_test::ProveOrderedTableStPer chap43_orderedtablestper_for_borrow_into
        PASS [   1.840s] rust_verify_test::ProveOrderedTableStPer chap43_orderedtablestper_for_borrow_iter
        PASS [   1.803s] rust_verify_test::ProveOrderedTableStPer chap43_orderedtablestper_loop_borrow_into
        PASS [   1.834s] rust_verify_test::ProveOrderedTableStPer chap43_orderedtablestper_loop_borrow_iter
        PASS [   1.719s] rust_verify_test::ProvePrimTreeSeqStPer primtreeseq_for_borrow_into
        PASS [   1.518s] rust_verify_test::ProvePrimTreeSeqStPer primtreeseq_for_borrow_iter
        PASS [   1.517s] rust_verify_test::ProvePrimTreeSeqStPer primtreeseq_loop_borrow_into
        PASS [   1.638s] rust_verify_test::ProvePrimTreeSeqStPer primtreeseq_for_consume
        PASS [   1.559s] rust_verify_test::ProvePrimTreeSeqStPer primtreeseq_loop_consume
        PASS [   1.664s] rust_verify_test::ProvePrimTreeSeqStPer primtreeseq_loop_borrow_iter
        PASS [   1.804s] rust_verify_test::ProveSetMtEph set_mt_eph_for_borrow_into
        PASS [   1.667s] rust_verify_test::ProveSetMtEph set_mt_eph_for_borrow_iter
        PASS [   1.595s] rust_verify_test::ProveSetMtEph set_mt_eph_loop_borrow_into
        PASS [   1.672s] rust_verify_test::ProveSetMtEph set_mt_eph_loop_borrow_iter
        PASS [   1.575s] rust_verify_test::ProveSetStEph setsteph_for_borrow_iter
        PASS [   1.689s] rust_verify_test::ProveSetStEph setsteph_for_borrow_into
        PASS [   1.616s] rust_verify_test::ProveSetStEph setsteph_loop_borrow_into
        PASS [   1.523s] rust_verify_test::ProveSetStEph setsteph_loop_borrow_iter
        PASS [   1.555s] rust_verify_test::Provedeep_view_standard deep_view_standard_for_borrow_into
        PASS [   1.589s] rust_verify_test::Provedeep_view_standard deep_view_standard_for_borrow_iter
        PASS [   1.560s] rust_verify_test::Provedeep_view_standard deep_view_standard_for_consume
        PASS [   1.626s] rust_verify_test::Provedeep_view_standard deep_view_standard_loop_borrow_into
        PASS [   1.621s] rust_verify_test::Provedeep_view_standard deep_view_standard_loop_borrow_iter
        PASS [   1.573s] rust_verify_test::Provedeep_view_standard deep_view_standard_loop_consume
        PASS [   1.469s] rust_verify_test::Provedeep_view_standard deep_view_standard_simple
        PASS [   1.629s] rust_verify_test::Proveiterators_standard iterators_standard_for_borrow_into
        PASS [   1.609s] rust_verify_test::Proveiterators_standard iterators_standard_for_borrow_iter
        PASS [   1.533s] rust_verify_test::Proveiterators_standard iterators_standard_for_consume
        PASS [   1.612s] rust_verify_test::Proveiterators_standard iterators_standard_loop_borrow_into
        PASS [   1.519s] rust_verify_test::Proveiterators_standard iterators_standard_loop_borrow_iter
        PASS [   1.512s] rust_verify_test::Proveiterators_standard iterators_standard_loop_consume
        PASS [   1.617s] rust_verify_test::Provemod_standard mod_standard_for_borrow_into
        PASS [   1.598s] rust_verify_test::Provemod_standard mod_standard_for_borrow_iter
        PASS [   1.615s] rust_verify_test::Provemod_standard mod_standard_for_consume
        PASS [   1.439s] rust_verify_test::Provemod_standard mod_standard_loop_borrow_into
        PASS [   1.393s] rust_verify_test::Provemod_standard mod_standard_loop_borrow_iter
        PASS [   1.425s] rust_verify_test::Provemod_standard mod_standard_loop_consume
        PASS [   1.492s] rust_verify_test::Provetable_of_contents_standard toc_standard_for_borrow_into
        PASS [   1.402s] rust_verify_test::Provetable_of_contents_standard toc_standard_for_borrow_iter
        PASS [   1.457s] rust_verify_test::Provetable_of_contents_standard toc_standard_for_consume
        PASS [   1.368s] rust_verify_test::Provetable_of_contents_standard toc_standard_loop_borrow_into
        PASS [   1.398s] rust_verify_test::Provetable_of_contents_standard toc_standard_loop_borrow_iter
        PASS [   1.513s] rust_verify_test::Provetable_of_contents_standard toc_standard_loop_consume
        PASS [   1.454s] rust_verify_test::Proveusing_closures_standard closures_ghost_spec_fn
        PASS [   1.473s] rust_verify_test::Proveusing_closures_standard closures_inline_requires_ensures
        PASS [   1.449s] rust_verify_test::Proveusing_closures_standard closures_let_bind_ensures
        PASS [   1.469s] rust_verify_test::Proveusing_closures_standard closures_map_apply
        PASS [   1.379s] rust_verify_test::Proveview_standard view_standard_collection
        PASS [   1.424s] rust_verify_test::Proveview_standard view_standard_for_borrow_into
        PASS [   1.442s] rust_verify_test::Proveview_standard view_standard_for_borrow_iter
        PASS [   1.461s] rust_verify_test::Proveview_standard view_standard_loop_borrow_into
        PASS [   1.789s] rust_verify_test::Proveview_standard view_standard_for_consume
        PASS [   1.491s] rust_verify_test::Proveview_standard view_standard_loop_borrow_iter
        PASS [   1.473s] rust_verify_test::Proveview_standard view_standard_loop_consume
        PASS [   1.506s] rust_verify_test::Proveview_standard view_standard_simple
        PASS [   1.696s] rust_verify_test::Provewrapping_iterators_standard wrapping_for_borrow_into
        PASS [   1.584s] rust_verify_test::Provewrapping_iterators_standard wrapping_for_borrow_iter
        PASS [   1.546s] rust_verify_test::Provewrapping_iterators_standard wrapping_loop_borrow_into
        PASS [   1.540s] rust_verify_test::Provewrapping_iterators_standard wrapping_loop_borrow_iter
        PASS [   1.635s] rust_verify_test::RelationStEph relation_st_eph_for_iter
        PASS [   1.496s] rust_verify_test::RelationStEph relation_st_eph_loop_loop
        PASS [   1.545s] rust_verify_test::SetMtEph set_mt_eph_for_iter
        PASS [   1.562s] rust_verify_test::SetMtEph set_mt_eph_from_vec
        PASS [   1.513s] rust_verify_test::SetMtEph set_mt_eph_loop_loop
        PASS [   1.533s] rust_verify_test::SetStEph set_st_eph_for_iter
        PASS [   1.498s] rust_verify_test::SetStEph set_st_eph_from_vec
        PASS [   1.541s] rust_verify_test::SetStEph set_st_eph_loop_loop
        PASS [   1.303s] rust_verify_test::prove_MathSeq_iters mathseq_iter_consuming
        PASS [   1.287s] rust_verify_test::prove_MathSeq_iters mathseq_iter_nested
        PASS [   1.235s] rust_verify_test::prove_MathSeq_iters mathseq_iter_range
────────────
     Summary [  59.793s] 221 tests run: 221 passed, 0 skipped
Elapsed: 149s
