verification results:: 5726 verified, 0 errors
    Finished `release` profile [optimized] target(s) in 0.03s
────────────
 Nextest run ID fcc1167c-843e-4cf8-b03d-db5d0764b538 with nextest profile: default
    Starting 221 tests across 48 binaries
        PASS [   1.497s] rust_verify_test::HashSetWithViewPlus hash_set_wvp_loop_loop
        PASS [   1.589s] rust_verify_test::HashMapWithViewPlus hash_map_wvp_for_iter
        PASS [   1.590s] rust_verify_test::HashMapWithViewPlus hash_map_wvp_loop_loop
        PASS [   1.683s] rust_verify_test::HashSetWithViewPlus hash_set_wvp_for_iter
        PASS [   1.724s] rust_verify_test::MappingStEph mapping_st_eph_loop_loop
        PASS [   1.746s] rust_verify_test::MappingStEph mapping_st_eph_for_iter
        PASS [   1.740s] rust_verify_test::ProveAVLTreeSeq avltreeseq_for_borrow_into
        PASS [   1.719s] rust_verify_test::ProveAVLTreeSeq avltreeseq_for_borrow_iter
        PASS [   1.634s] rust_verify_test::ProveAVLTreeSeqMtPer avltreeseqmtper_for_borrow_into
        PASS [   1.783s] rust_verify_test::ProveAVLTreeSeq avltreeseq_loop_borrow_into
        PASS [   1.736s] rust_verify_test::ProveAVLTreeSeq avltreeseq_loop_borrow_iter
        PASS [   1.699s] rust_verify_test::ProveAVLTreeSeqMtPer avltreeseqmtper_for_borrow_iter
        PASS [   1.606s] rust_verify_test::ProveAVLTreeSeqMtPer avltreeseqmtper_loop_borrow_into
        PASS [   1.657s] rust_verify_test::ProveAVLTreeSeqMtPer avltreeseqmtper_loop_borrow_iter
        PASS [   1.616s] rust_verify_test::ProveAVLTreeSeqStEph avltreeseqsteph_for_borrow_iter
        PASS [   1.580s] rust_verify_test::ProveAVLTreeSeqStEph avltreeseqsteph_loop_borrow_iter
        PASS [   1.693s] rust_verify_test::ProveAVLTreeSeqStEph avltreeseqsteph_loop_borrow_into
        PASS [   1.765s] rust_verify_test::ProveAVLTreeSeqStEph avltreeseqsteph_for_borrow_into
        PASS [   1.777s] rust_verify_test::ProveAVLTreeSeqStPer avltreeseqstper_for_borrow_into
        PASS [   1.711s] rust_verify_test::ProveAVLTreeSeqStPer avltreeseqstper_for_borrow_iter
        PASS [   1.710s] rust_verify_test::ProveAVLTreeSeqStPer avltreeseqstper_loop_borrow_iter
        PASS [   1.707s] rust_verify_test::ProveAVLTreeSetMtEph avltreesetmteph_for_borrow_iter
        PASS [   1.862s] rust_verify_test::ProveAVLTreeSeqStPer avltreeseqstper_loop_borrow_into
        PASS [   2.048s] rust_verify_test::ProveAVLTreeSetMtEph avltreesetmteph_for_borrow_into
        PASS [   1.578s] rust_verify_test::ProveAVLTreeSetMtEph avltreesetmteph_loop_borrow_into
        PASS [   1.704s] rust_verify_test::ProveAVLTreeSetMtEph avltreesetmteph_loop_borrow_iter
        PASS [   1.687s] rust_verify_test::ProveArraySeq arrayseq_filter
        PASS [   1.571s] rust_verify_test::ProveArraySeq arrayseq_iterate
        PASS [   1.853s] rust_verify_test::ProveArraySeq arrayseq_for_iter
        PASS [   1.682s] rust_verify_test::ProveArraySeq arrayseq_iterate_prefixes
        PASS [   1.670s] rust_verify_test::ProveArraySeq arrayseq_loop_loop
        PASS [   1.591s] rust_verify_test::ProveArraySeq arrayseq_map
        PASS [   1.678s] rust_verify_test::ProveArraySeq arrayseq_reduce
        PASS [   1.887s] rust_verify_test::ProveArraySeq arrayseq_scan
        PASS [   1.623s] rust_verify_test::ProveArraySeq arrayseq_tabulate
        PASS [   2.052s] rust_verify_test::ProveArraySeq arrayseq_scan_inclusive
        PASS [   2.020s] rust_verify_test::ProveArraySeqMtEph arrayseqmteph_for_borrow_into
        PASS [   2.093s] rust_verify_test::ProveArraySeqMtEph arrayseqmteph_for_consume
        PASS [   2.061s] rust_verify_test::ProveArraySeqMtEph arrayseqmteph_loop_borrow_into
        PASS [   2.344s] rust_verify_test::ProveArraySeqMtEph arrayseqmteph_for_iter
        PASS [   2.290s] rust_verify_test::ProveArraySeqMtEph arrayseqmteph_loop_consume
        PASS [   2.251s] rust_verify_test::ProveArraySeqMtEph arrayseqmteph_loop_loop
        PASS [   1.885s] rust_verify_test::ProveArraySeqMtPer arrayseqmtper_for_borrow_into
        PASS [   1.909s] rust_verify_test::ProveArraySeqMtPer arrayseqmtper_for_consume
        PASS [   1.699s] rust_verify_test::ProveArraySeqMtPer arrayseqmtper_loop_borrow_into
        PASS [   1.878s] rust_verify_test::ProveArraySeqMtPer arrayseqmtper_for_iter
        PASS [   1.711s] rust_verify_test::ProveArraySeqMtPer arrayseqmtper_loop_consume
        PASS [   1.833s] rust_verify_test::ProveArraySeqMtPer arrayseqmtper_loop_loop
        PASS [   1.783s] rust_verify_test::ProveArraySeqStEph arrayseqsteph_for_borrow_into
        PASS [   1.731s] rust_verify_test::ProveArraySeqStEph arrayseqsteph_for_borrow_iter
        PASS [   1.741s] rust_verify_test::ProveArraySeqStEph arrayseqsteph_for_consume
        PASS [   1.740s] rust_verify_test::ProveArraySeqStEph arrayseqsteph_loop_borrow_into
        PASS [   1.585s] rust_verify_test::ProveArraySeqStEph arrayseqsteph_loop_borrow_iter
        PASS [   1.803s] rust_verify_test::ProveArraySeqStEph arrayseqsteph_loop_consume
        PASS [   1.560s] rust_verify_test::ProveArraySeqStPer arrayseqstper_for_iter
        PASS [   1.561s] rust_verify_test::ProveArraySeqStPer arrayseqstper_loop_loop
        PASS [   1.564s] rust_verify_test::ProveBFSMtEph chap54_bfsmteph_bottom_up_for
        PASS [   1.513s] rust_verify_test::ProveBFSMtEph chap54_bfsmteph_bottom_up_loop
        PASS [   1.684s] rust_verify_test::ProveBFSMtEph chap54_bfsmteph_top_down_for
        PASS [   1.516s] rust_verify_test::ProveBFSMtEph chap54_bfsmteph_top_down_loop
        PASS [   1.683s] rust_verify_test::ProveBFSStEph chap54_bfssteph_bottom_up_for
        PASS [   1.693s] rust_verify_test::ProveBFSStEph chap54_bfssteph_bottom_up_loop
        PASS [   1.544s] rust_verify_test::ProveBFSStEph chap54_bfssteph_top_down_loop
        PASS [   1.681s] rust_verify_test::ProveBFSStEph chap54_bfssteph_top_down_for
        PASS [   1.777s] rust_verify_test::ProveBSTSetAVLMtEph bstsetavlmteph_for_borrow_into
        PASS [   1.624s] rust_verify_test::ProveBSTSetAVLMtEph bstsetavlmteph_for_borrow_iter
        PASS [   1.666s] rust_verify_test::ProveBSTSetAVLMtEph bstsetavlmteph_for_consume
        PASS [   1.692s] rust_verify_test::ProveBSTSetAVLMtEph bstsetavlmteph_loop_borrow_iter
        PASS [   1.786s] rust_verify_test::ProveBSTSetAVLMtEph bstsetavlmteph_loop_borrow_into
        PASS [   1.874s] rust_verify_test::ProveBSTSetAVLMtEph bstsetavlmteph_loop_consume
        PASS [   1.732s] rust_verify_test::ProveBSTSetBBAlphaMtEph bstsetbbalphamteph_for_borrow_into
        PASS [   1.615s] rust_verify_test::ProveBSTSetBBAlphaMtEph bstsetbbalphamteph_for_borrow_iter
        PASS [   1.756s] rust_verify_test::ProveBSTSetBBAlphaMtEph bstsetbbalphamteph_loop_borrow_into
        PASS [   1.689s] rust_verify_test::ProveBSTSetPlainMtEph bstsetplainmteph_for_borrow_into
        PASS [   1.730s] rust_verify_test::ProveBSTSetBBAlphaMtEph bstsetbbalphamteph_loop_borrow_iter
        PASS [   1.692s] rust_verify_test::ProveBSTSetPlainMtEph bstsetplainmteph_for_borrow_iter
        PASS [   1.849s] rust_verify_test::ProveBSTSetPlainMtEph bstsetplainmteph_loop_borrow_into
        PASS [   1.750s] rust_verify_test::ProveBSTSetPlainMtEph bstsetplainmteph_loop_borrow_iter
        PASS [   1.778s] rust_verify_test::ProveBSTSetRBMtEph bstsetrbmteph_for_borrow_into
        PASS [   1.785s] rust_verify_test::ProveBSTSetRBMtEph bstsetrbmteph_for_borrow_iter
        PASS [   2.033s] rust_verify_test::ProveBSTSetRBMtEph bstsetrbmteph_for_consume
        PASS [   1.856s] rust_verify_test::ProveBSTSetRBMtEph bstsetrbmteph_loop_borrow_into
        PASS [   1.666s] rust_verify_test::ProveBSTSetRBMtEph bstsetrbmteph_loop_consume
        PASS [   1.829s] rust_verify_test::ProveBSTSetRBMtEph bstsetrbmteph_loop_borrow_iter
        PASS [   2.067s] rust_verify_test::ProveBSTSetSplayMtEph bstsetsplaymteph_for_borrow_into
        PASS [   2.032s] rust_verify_test::ProveBSTSetSplayMtEph bstsetsplaymteph_for_borrow_iter
        PASS [   2.206s] rust_verify_test::ProveBSTSetSplayMtEph bstsetsplaymteph_for_consume
        PASS [   1.856s] rust_verify_test::ProveBSTSetSplayMtEph bstsetsplaymteph_loop_consume
        PASS [   2.229s] rust_verify_test::ProveBSTSetSplayMtEph bstsetsplaymteph_loop_borrow_into
        PASS [   2.103s] rust_verify_test::ProveBSTSetSplayMtEph bstsetsplaymteph_loop_borrow_iter
        PASS [   1.650s] rust_verify_test::ProveBalBinTreeStEph balbintree_for_postorder
        PASS [   2.053s] rust_verify_test::ProveBalBinTreeStEph balbintree_for_inorder
        PASS [   1.547s] rust_verify_test::ProveBalBinTreeStEph balbintree_leaf_iter_exhausted
        PASS [   1.662s] rust_verify_test::ProveBalBinTreeStEph balbintree_for_preorder
        PASS [   1.727s] rust_verify_test::ProveBalBinTreeStEph balbintree_inorder_spec_match
        PASS [   1.659s] rust_verify_test::ProveBalBinTreeStEph balbintree_leaf_traversals_empty
        PASS [   1.600s] rust_verify_test::ProveBalBinTreeStEph balbintree_loop_inorder
        PASS [   1.662s] rust_verify_test::ProveBalBinTreeStEph balbintree_loop_postorder
        PASS [   1.557s] rust_verify_test::ProveBalBinTreeStEph balbintree_loop_preorder
        PASS [   1.570s] rust_verify_test::ProveBalBinTreeStEph balbintree_postorder_spec_match
        PASS [   1.651s] rust_verify_test::ProveBalBinTreeStEph balbintree_preorder_spec_match
        PASS [   1.684s] rust_verify_test::ProveChap19ArraySeqMtEph chap19_arrayseqmteph_for_borrow_into
        PASS [   1.686s] rust_verify_test::ProveChap19ArraySeqMtEph chap19_arrayseqmteph_for_borrow_iter
        PASS [   1.721s] rust_verify_test::ProveChap19ArraySeqMtEph chap19_arrayseqmteph_for_consume
        PASS [   1.579s] rust_verify_test::ProveChap19ArraySeqMtEph chap19_arrayseqmteph_loop_borrow_iter
        PASS [   1.726s] rust_verify_test::ProveChap19ArraySeqMtEph chap19_arrayseqmteph_loop_borrow_into
        PASS [   1.625s] rust_verify_test::ProveChap19ArraySeqMtEph chap19_arrayseqmteph_loop_consume
        PASS [   1.786s] rust_verify_test::ProveChap19ArraySeqMtEphSlice slice_for_borrow_into
        PASS [   1.630s] rust_verify_test::ProveChap19ArraySeqMtEphSlice slice_for_borrow_iter
        PASS [   1.639s] rust_verify_test::ProveChap19ArraySeqMtEphSlice slice_loop_borrow_iter
        PASS [   1.782s] rust_verify_test::ProveChap19ArraySeqMtEphSlice slice_iter_over_subslice
        PASS [   1.765s] rust_verify_test::ProveChap19ArraySeqMtEphSlice slice_operations
        PASS [   1.717s] rust_verify_test::ProveChap19ArraySeqStEph chap19_arrayseqsteph_for_borrow_into
        PASS [   1.628s] rust_verify_test::ProveChap19ArraySeqStEph chap19_arrayseqsteph_for_borrow_iter
        PASS [   1.732s] rust_verify_test::ProveChap19ArraySeqStEph chap19_arrayseqsteph_for_consume
        PASS [   1.812s] rust_verify_test::ProveChap19ArraySeqStEph chap19_arrayseqsteph_loop_borrow_into
        PASS [   1.737s] rust_verify_test::ProveChap19ArraySeqStEph chap19_arrayseqsteph_loop_borrow_iter
        PASS [   1.657s] rust_verify_test::ProveChap19ArraySeqStEph chap19_arrayseqsteph_loop_consume
        PASS [   1.674s] rust_verify_test::ProveChap19ArraySeqStPer chap19_arrayseqstper_for_borrow_into
        PASS [   1.688s] rust_verify_test::ProveChap19ArraySeqStPer chap19_arrayseqstper_for_borrow_iter
        PASS [   1.731s] rust_verify_test::ProveChap19ArraySeqStPer chap19_arrayseqstper_for_consume
        PASS [   1.686s] rust_verify_test::ProveChap19ArraySeqStPer chap19_arrayseqstper_loop_borrow_into
        PASS [   1.729s] rust_verify_test::ProveChap19ArraySeqStPer chap19_arrayseqstper_loop_borrow_iter
        PASS [   1.719s] rust_verify_test::ProveKleeneStPer kleene_alphabet
        PASS [   1.868s] rust_verify_test::ProveChap19ArraySeqStPer chap19_arrayseqstper_loop_consume
        PASS [   1.765s] rust_verify_test::ProveKleeneStPer kleene_mem_plus
        PASS [   1.967s] rust_verify_test::ProveKleeneStPer kleene_mem_star
        PASS [   1.724s] rust_verify_test::ProveLinkedListStEph linkedliststeph_for_iter
        PASS [   1.651s] rust_verify_test::ProveLinkedListStEph linkedliststeph_loop_loop
        PASS [   1.645s] rust_verify_test::ProveLinkedListStPer linkedliststper_loop_loop
        PASS [   1.655s] rust_verify_test::ProveLinkedListStPer linkedliststper_for_iter
        PASS [   1.647s] rust_verify_test::ProveMathSeq mathseq_for_borrow_into
        PASS [   1.672s] rust_verify_test::ProveMathSeq mathseq_for_borrow_iter
        PASS [   1.653s] rust_verify_test::ProveMathSeq mathseq_loop_borrow_into
        PASS [   1.825s] rust_verify_test::ProveMathSeq mathseq_for_consume
        PASS [   1.782s] rust_verify_test::ProveMathSeq mathseq_loop_consume
        PASS [   1.784s] rust_verify_test::ProveMathSeq mathseq_loop_borrow_iter
        PASS [   1.831s] rust_verify_test::ProveOrderedSetStEph chap43_orderedsetsteph_for_borrow_into
        PASS [   1.880s] rust_verify_test::ProveOrderedSetStEph chap43_orderedsetsteph_for_borrow_iter
        PASS [   1.866s] rust_verify_test::ProveOrderedSetStEph chap43_orderedsetsteph_loop_borrow_into
        PASS [   1.694s] rust_verify_test::ProveOrderedSetStPer chap43_orderedsetstper_for_borrow_iter
        PASS [   1.833s] rust_verify_test::ProveOrderedSetStEph chap43_orderedsetsteph_loop_borrow_iter
        PASS [   1.739s] rust_verify_test::ProveOrderedSetStPer chap43_orderedsetstper_loop_borrow_iter
        PASS [   1.961s] rust_verify_test::ProveOrderedTableMtEph chap43_orderedtablemteph_for_borrow_into
        PASS [   1.690s] rust_verify_test::ProveOrderedTableMtEph chap43_orderedtablemteph_loop_borrow_into
        PASS [   1.854s] rust_verify_test::ProveOrderedTableMtEph chap43_orderedtablemteph_for_borrow_iter
        PASS [   1.728s] rust_verify_test::ProveOrderedTableMtEph chap43_orderedtablemteph_loop_borrow_iter
        PASS [   1.817s] rust_verify_test::ProveOrderedTableStEph chap43_orderedtablesteph_for_borrow_into
        PASS [   1.818s] rust_verify_test::ProveOrderedTableStEph chap43_orderedtablesteph_for_borrow_iter
        PASS [   1.745s] rust_verify_test::ProveOrderedTableStEph chap43_orderedtablesteph_loop_borrow_into
        PASS [   1.709s] rust_verify_test::ProveOrderedTableStEph chap43_orderedtablesteph_loop_borrow_iter
        PASS [   1.839s] rust_verify_test::ProveOrderedTableStPer chap43_orderedtablestper_for_borrow_into
        PASS [   1.838s] rust_verify_test::ProveOrderedTableStPer chap43_orderedtablestper_for_borrow_iter
        PASS [   1.817s] rust_verify_test::ProveOrderedTableStPer chap43_orderedtablestper_loop_borrow_into
        PASS [   1.865s] rust_verify_test::ProveOrderedTableStPer chap43_orderedtablestper_loop_borrow_iter
        PASS [   1.650s] rust_verify_test::ProvePrimTreeSeqStPer primtreeseq_for_borrow_into
        PASS [   1.762s] rust_verify_test::ProvePrimTreeSeqStPer primtreeseq_for_borrow_iter
        PASS [   1.598s] rust_verify_test::ProvePrimTreeSeqStPer primtreeseq_for_consume
        PASS [   1.628s] rust_verify_test::ProvePrimTreeSeqStPer primtreeseq_loop_borrow_into
        PASS [   1.518s] rust_verify_test::ProvePrimTreeSeqStPer primtreeseq_loop_consume
        PASS [   1.618s] rust_verify_test::ProvePrimTreeSeqStPer primtreeseq_loop_borrow_iter
        PASS [   1.648s] rust_verify_test::ProveSetMtEph set_mt_eph_for_borrow_into
        PASS [   1.671s] rust_verify_test::ProveSetMtEph set_mt_eph_for_borrow_iter
        PASS [   1.700s] rust_verify_test::ProveSetMtEph set_mt_eph_loop_borrow_into
        PASS [   1.713s] rust_verify_test::ProveSetStEph setsteph_for_borrow_into
        PASS [   1.829s] rust_verify_test::ProveSetMtEph set_mt_eph_loop_borrow_iter
        PASS [   1.788s] rust_verify_test::ProveSetStEph setsteph_for_borrow_iter
        PASS [   1.682s] rust_verify_test::ProveSetStEph setsteph_loop_borrow_into
        PASS [   1.679s] rust_verify_test::Provedeep_view_standard deep_view_standard_for_borrow_into
        PASS [   1.741s] rust_verify_test::ProveSetStEph setsteph_loop_borrow_iter
        PASS [   1.623s] rust_verify_test::Provedeep_view_standard deep_view_standard_for_borrow_iter
        PASS [   1.572s] rust_verify_test::Provedeep_view_standard deep_view_standard_for_consume
        PASS [   1.647s] rust_verify_test::Provedeep_view_standard deep_view_standard_loop_borrow_into
        PASS [   1.578s] rust_verify_test::Provedeep_view_standard deep_view_standard_loop_borrow_iter
        PASS [   1.468s] rust_verify_test::Provedeep_view_standard deep_view_standard_simple
        PASS [   1.691s] rust_verify_test::Provedeep_view_standard deep_view_standard_loop_consume
        PASS [   1.614s] rust_verify_test::Proveiterators_standard iterators_standard_for_borrow_into
        PASS [   1.595s] rust_verify_test::Proveiterators_standard iterators_standard_for_consume
        PASS [   1.720s] rust_verify_test::Proveiterators_standard iterators_standard_for_borrow_iter
        PASS [   1.662s] rust_verify_test::Proveiterators_standard iterators_standard_loop_borrow_into
        PASS [   1.664s] rust_verify_test::Proveiterators_standard iterators_standard_loop_borrow_iter
        PASS [   1.648s] rust_verify_test::Proveiterators_standard iterators_standard_loop_consume
        PASS [   1.661s] rust_verify_test::Provemod_standard mod_standard_for_borrow_into
        PASS [   1.592s] rust_verify_test::Provemod_standard mod_standard_for_borrow_iter
        PASS [   1.630s] rust_verify_test::Provemod_standard mod_standard_for_consume
        PASS [   1.577s] rust_verify_test::Provemod_standard mod_standard_loop_borrow_into
        PASS [   1.535s] rust_verify_test::Provemod_standard mod_standard_loop_borrow_iter
        PASS [   1.714s] rust_verify_test::Provemod_standard mod_standard_loop_consume
        PASS [   1.618s] rust_verify_test::Provetable_of_contents_standard toc_standard_for_consume
        PASS [   1.714s] rust_verify_test::Provetable_of_contents_standard toc_standard_for_borrow_iter
        PASS [   1.610s] rust_verify_test::Provetable_of_contents_standard toc_standard_loop_borrow_into
        PASS [   1.903s] rust_verify_test::Provetable_of_contents_standard toc_standard_for_borrow_into
        PASS [   1.678s] rust_verify_test::Provetable_of_contents_standard toc_standard_loop_borrow_iter
        PASS [   1.603s] rust_verify_test::Proveusing_closures_standard closures_inline_requires_ensures
        PASS [   1.726s] rust_verify_test::Provetable_of_contents_standard toc_standard_loop_consume
        PASS [   1.722s] rust_verify_test::Proveusing_closures_standard closures_ghost_spec_fn
        PASS [   1.548s] rust_verify_test::Proveusing_closures_standard closures_map_apply
        PASS [   1.779s] rust_verify_test::Proveusing_closures_standard closures_let_bind_ensures
        PASS [   1.576s] rust_verify_test::Proveview_standard view_standard_collection
        PASS [   1.616s] rust_verify_test::Proveview_standard view_standard_for_borrow_iter
        PASS [   1.659s] rust_verify_test::Proveview_standard view_standard_for_borrow_into
        PASS [   1.712s] rust_verify_test::Proveview_standard view_standard_loop_borrow_into
        PASS [   1.848s] rust_verify_test::Proveview_standard view_standard_for_consume
        PASS [   1.822s] rust_verify_test::Proveview_standard view_standard_loop_borrow_iter
        PASS [   1.624s] rust_verify_test::Proveview_standard view_standard_loop_consume
        PASS [   1.689s] rust_verify_test::Proveview_standard view_standard_simple
        PASS [   1.752s] rust_verify_test::Provewrapping_iterators_standard wrapping_for_borrow_into
        PASS [   1.739s] rust_verify_test::Provewrapping_iterators_standard wrapping_for_borrow_iter
        PASS [   1.572s] rust_verify_test::Provewrapping_iterators_standard wrapping_loop_borrow_iter
        PASS [   1.745s] rust_verify_test::Provewrapping_iterators_standard wrapping_loop_borrow_into
        PASS [   1.826s] rust_verify_test::RelationStEph relation_st_eph_for_iter
        PASS [   1.802s] rust_verify_test::RelationStEph relation_st_eph_loop_loop
        PASS [   1.791s] rust_verify_test::SetMtEph set_mt_eph_for_iter
        PASS [   1.623s] rust_verify_test::SetMtEph set_mt_eph_loop_loop
        PASS [   1.880s] rust_verify_test::SetMtEph set_mt_eph_from_vec
        PASS [   1.857s] rust_verify_test::SetStEph set_st_eph_for_iter
        PASS [   1.633s] rust_verify_test::SetStEph set_st_eph_from_vec
        PASS [   1.501s] rust_verify_test::prove_MathSeq_iters mathseq_iter_consuming
        PASS [   1.501s] rust_verify_test::prove_MathSeq_iters mathseq_iter_nested
        PASS [   1.667s] rust_verify_test::SetStEph set_st_eph_loop_loop
        PASS [   1.444s] rust_verify_test::prove_MathSeq_iters mathseq_iter_range
────────────
     Summary [  64.108s] 221 tests run: 221 passed, 0 skipped
Elapsed: 150s
