warning: Verus does not (yet) support autoderive Clone impl when the clone is not a copy; continuing, but without adding a specification for the derived Clone impl
  --> src/Chap65/PrimStEph.rs:37:14
   |
37 |     #[derive(Clone, PartialEq, Eq)]
   |              ^^^^^

    Finished `release` profile [optimized] target(s) in 0.07s
────────────
 Nextest run ID d210d7fc-a8dc-4a72-abe8-38965acf17fe with nextest profile: default
    Starting 157 tests across 37 binaries
        PASS [   2.394s] rust_verify_test::HashMapWithViewPlus hash_map_wvp_loop_loop
        PASS [   2.550s] rust_verify_test::HashMapWithViewPlus hash_map_wvp_for_iter
        PASS [   2.566s] rust_verify_test::HashSetWithViewPlus hash_set_wvp_loop_loop
        PASS [   2.653s] rust_verify_test::HashSetWithViewPlus hash_set_wvp_for_iter
        PASS [   2.758s] rust_verify_test::MappingStEph mapping_st_eph_loop_loop
        PASS [   2.807s] rust_verify_test::MappingStEph mapping_st_eph_for_iter
        PASS [   2.141s] rust_verify_test::ProveAVLTreeSeq avltreeseq_loop_borrow_iter
        PASS [   2.045s] rust_verify_test::ProveArraySeq arrayseq_filter
        PASS [   2.095s] rust_verify_test::ProveAVLTreeSetMtEph avltreesetmteph_loop_borrow_iter
        PASS [   2.336s] rust_verify_test::ProveAVLTreeSetMtEph avltreesetmteph_for_borrow_into
        PASS [   2.515s] rust_verify_test::ProveAVLTreeSeq avltreeseq_for_borrow_iter
        PASS [   2.304s] rust_verify_test::ProveAVLTreeSetMtEph avltreesetmteph_for_borrow_iter
        PASS [   2.046s] rust_verify_test::ProveArraySeq arrayseq_iterate
        PASS [   2.040s] rust_verify_test::ProveArraySeq arrayseq_map
        PASS [   2.288s] rust_verify_test::ProveArraySeq arrayseq_for_iter
        PASS [   2.171s] rust_verify_test::ProveArraySeq arrayseq_iterate_prefixes
        PASS [   2.127s] rust_verify_test::ProveArraySeq arrayseq_loop_loop
        PASS [   2.385s] rust_verify_test::ProveArraySeq arrayseq_reduce
        PASS [   1.940s] rust_verify_test::ProveArraySeqMtEph arrayseqmteph_for_iter
        PASS [   2.031s] rust_verify_test::ProveArraySeqMtEph arrayseqmteph_loop_loop
        PASS [   2.257s] rust_verify_test::ProveArraySeq arrayseq_scan
        PASS [   2.187s] rust_verify_test::ProveArraySeq arrayseq_tabulate
        PASS [   2.449s] rust_verify_test::ProveArraySeq arrayseq_scan_inclusive
        PASS [   2.169s] rust_verify_test::ProveArraySeqMtPer arrayseqmtper_for_iter
        PASS [   1.973s] rust_verify_test::ProveArraySeqMtPer arrayseqmtper_loop_loop
        PASS [   2.170s] rust_verify_test::ProveArraySeqStEph arrayseqsteph_for_borrow_into
        PASS [   2.134s] rust_verify_test::ProveArraySeqStEph arrayseqsteph_for_borrow_iter
        PASS [   2.238s] rust_verify_test::ProveArraySeqStEph arrayseqsteph_for_consume
        PASS [   2.130s] rust_verify_test::ProveArraySeqStEph arrayseqsteph_loop_borrow_iter
        PASS [   2.270s] rust_verify_test::ProveArraySeqStEph arrayseqsteph_loop_borrow_into
        PASS [   2.152s] rust_verify_test::ProveArraySeqStEph arrayseqsteph_loop_consume
        PASS [   2.131s] rust_verify_test::ProveBFSMtEph chap54_bfsmteph_bottom_up_loop
        PASS [   2.315s] rust_verify_test::ProveArraySeqStPer arrayseqstper_for_iter
        PASS [   2.292s] rust_verify_test::ProveArraySeqStPer arrayseqstper_loop_loop
        PASS [   2.061s] rust_verify_test::ProveBFSStEph chap54_bfssteph_bottom_up_loop
        PASS [   2.290s] rust_verify_test::ProveBFSMtEph chap54_bfsmteph_top_down_loop
        PASS [   1.863s] rust_verify_test::ProveBFSStEph chap54_bfssteph_top_down_loop
        PASS [   2.067s] rust_verify_test::ProveBalBinTreeStEph balbintree_for_postorder
        PASS [   2.139s] rust_verify_test::ProveBalBinTreeStEph balbintree_for_inorder
        PASS [   2.069s] rust_verify_test::ProveBalBinTreeStEph balbintree_inorder_spec_match
        PASS [   1.942s] rust_verify_test::ProveBalBinTreeStEph balbintree_leaf_iter_exhausted
        PASS [   2.371s] rust_verify_test::ProveBalBinTreeStEph balbintree_for_preorder
        PASS [   1.928s] rust_verify_test::ProveBalBinTreeStEph balbintree_leaf_traversals_empty
        PASS [   1.640s] rust_verify_test::ProveBalBinTreeStEph balbintree_loop_postorder
        PASS [   1.822s] rust_verify_test::ProveBalBinTreeStEph balbintree_loop_inorder
        PASS [   1.644s] rust_verify_test::ProveBalBinTreeStEph balbintree_postorder_spec_match
        PASS [   1.730s] rust_verify_test::ProveBalBinTreeStEph balbintree_loop_preorder
        PASS [   1.662s] rust_verify_test::ProveBalBinTreeStEph balbintree_preorder_spec_match
        PASS [   1.621s] rust_verify_test::ProveChap19ArraySeqMtEph chap19_arrayseqmteph_for_borrow_into
        PASS [   1.584s] rust_verify_test::ProveChap19ArraySeqMtEph chap19_arrayseqmteph_for_borrow_iter
        PASS [   1.544s] rust_verify_test::ProveChap19ArraySeqMtEph chap19_arrayseqmteph_for_consume
        PASS [   1.542s] rust_verify_test::ProveChap19ArraySeqMtEph chap19_arrayseqmteph_loop_borrow_iter
        PASS [   1.493s] rust_verify_test::ProveChap19ArraySeqMtEph chap19_arrayseqmteph_loop_consume
        PASS [   1.825s] rust_verify_test::ProveChap19ArraySeqMtEph chap19_arrayseqmteph_loop_borrow_into
        PASS [   1.783s] rust_verify_test::ProveChap19ArraySeqMtEphSlice slice_for_borrow_into
        PASS [   1.630s] rust_verify_test::ProveChap19ArraySeqMtEphSlice slice_for_borrow_iter
        PASS [   1.587s] rust_verify_test::ProveChap19ArraySeqMtEphSlice slice_iter_over_subslice
        PASS [   1.746s] rust_verify_test::ProveChap19ArraySeqMtEphSlice slice_loop_borrow_iter
        PASS [   1.820s] rust_verify_test::ProveChap19ArraySeqMtEphSlice slice_operations
        PASS [   1.603s] rust_verify_test::ProveChap19ArraySeqStEph chap19_arrayseqsteph_for_borrow_into
        PASS [   1.627s] rust_verify_test::ProveChap19ArraySeqStEph chap19_arrayseqsteph_for_borrow_iter
        PASS [   1.492s] rust_verify_test::ProveChap19ArraySeqStEph chap19_arrayseqsteph_for_consume
        PASS [   1.645s] rust_verify_test::ProveChap19ArraySeqStEph chap19_arrayseqsteph_loop_borrow_into
        PASS [   1.556s] rust_verify_test::ProveChap19ArraySeqStEph chap19_arrayseqsteph_loop_borrow_iter
        PASS [   1.540s] rust_verify_test::ProveChap19ArraySeqStEph chap19_arrayseqsteph_loop_consume
        PASS [   1.613s] rust_verify_test::ProveChap19ArraySeqStPer chap19_arrayseqstper_for_borrow_into
        PASS [   1.613s] rust_verify_test::ProveChap19ArraySeqStPer chap19_arrayseqstper_for_borrow_iter
        PASS [   1.546s] rust_verify_test::ProveChap19ArraySeqStPer chap19_arrayseqstper_for_consume
        PASS [   1.512s] rust_verify_test::ProveChap19ArraySeqStPer chap19_arrayseqstper_loop_borrow_into
        PASS [   1.531s] rust_verify_test::ProveChap19ArraySeqStPer chap19_arrayseqstper_loop_borrow_iter
        PASS [   1.491s] rust_verify_test::ProveKleeneStPer kleene_alphabet
        PASS [   1.716s] rust_verify_test::ProveChap19ArraySeqStPer chap19_arrayseqstper_loop_consume
        PASS [   1.499s] rust_verify_test::ProveKleeneStPer kleene_mem_plus
        PASS [   1.746s] rust_verify_test::ProveKleeneStPer kleene_mem_star
        PASS [   1.678s] rust_verify_test::ProveLinkedListStEph linkedliststeph_for_iter
        PASS [   1.543s] rust_verify_test::ProveLinkedListStEph linkedliststeph_loop_loop
        PASS [   1.485s] rust_verify_test::ProveLinkedListStPer linkedliststper_for_iter
        PASS [   1.489s] rust_verify_test::ProveLinkedListStPer linkedliststper_loop_loop
        PASS [   1.456s] rust_verify_test::ProveMathSeq mathseq_for_borrow_into
        PASS [   1.519s] rust_verify_test::ProveMathSeq mathseq_for_borrow_iter
        PASS [   1.530s] rust_verify_test::ProveMathSeq mathseq_loop_borrow_into
        PASS [   1.553s] rust_verify_test::ProveMathSeq mathseq_loop_borrow_iter
        PASS [   1.445s] rust_verify_test::ProveMathSeq mathseq_loop_consume
        PASS [   1.784s] rust_verify_test::ProveMathSeq mathseq_for_consume
        PASS [   1.663s] rust_verify_test::ProveOrderedSetStEph chap43_orderedsetsteph_for_borrow_into
        PASS [   1.651s] rust_verify_test::ProveOrderedSetStEph chap43_orderedsetsteph_for_borrow_iter
        PASS [   1.516s] rust_verify_test::ProveOrderedSetStEph chap43_orderedsetsteph_loop_borrow_into
        PASS [   1.525s] rust_verify_test::ProveOrderedSetStEph chap43_orderedsetsteph_loop_borrow_iter
        PASS [   1.696s] rust_verify_test::ProveOrderedTableStEph chap43_orderedtablesteph_for_borrow_iter
        PASS [   1.926s] rust_verify_test::ProveOrderedTableStEph chap43_orderedtablesteph_for_borrow_into
        PASS [   1.690s] rust_verify_test::ProveOrderedTableStEph chap43_orderedtablesteph_loop_borrow_into
        PASS [   1.566s] rust_verify_test::ProveOrderedTableStEph chap43_orderedtablesteph_loop_borrow_iter
        PASS [   1.702s] rust_verify_test::ProveOrderedTableStPer chap43_orderedtablestper_for_borrow_into
        PASS [   1.647s] rust_verify_test::ProveOrderedTableStPer chap43_orderedtablestper_for_borrow_iter
        PASS [   1.584s] rust_verify_test::ProveOrderedTableStPer chap43_orderedtablestper_loop_borrow_iter
        PASS [   1.913s] rust_verify_test::ProveOrderedTableStPer chap43_orderedtablestper_loop_borrow_into
        PASS [   1.527s] rust_verify_test::ProvePrimTreeSeqStPer primtreeseq_for_borrow_into
        PASS [   1.600s] rust_verify_test::ProvePrimTreeSeqStPer primtreeseq_for_borrow_iter
        PASS [   1.498s] rust_verify_test::ProvePrimTreeSeqStPer primtreeseq_loop_borrow_into
        PASS [   1.796s] rust_verify_test::ProvePrimTreeSeqStPer primtreeseq_for_consume
        PASS [   1.440s] rust_verify_test::ProvePrimTreeSeqStPer primtreeseq_loop_consume
        PASS [   1.661s] rust_verify_test::ProvePrimTreeSeqStPer primtreeseq_loop_borrow_iter
        PASS [   1.544s] rust_verify_test::ProveSetMtEph set_mt_eph_for_borrow_into
        PASS [   1.575s] rust_verify_test::ProveSetMtEph set_mt_eph_for_borrow_iter
        PASS [   1.592s] rust_verify_test::ProveSetMtEph set_mt_eph_loop_borrow_iter
        PASS [   1.584s] rust_verify_test::Provedeep_view_standard deep_view_standard_for_borrow_into
        PASS [   1.498s] rust_verify_test::Provedeep_view_standard deep_view_standard_for_borrow_iter
        PASS [   1.529s] rust_verify_test::Provedeep_view_standard deep_view_standard_for_consume
        PASS [   1.325s] rust_verify_test::Provedeep_view_standard deep_view_standard_loop_borrow_into
        PASS [   1.600s] rust_verify_test::Provedeep_view_standard deep_view_standard_loop_borrow_iter
        PASS [   1.512s] rust_verify_test::Provedeep_view_standard deep_view_standard_loop_consume
        PASS [   1.426s] rust_verify_test::Provedeep_view_standard deep_view_standard_simple
        PASS [   1.421s] rust_verify_test::Proveiterators_standard iterators_standard_for_borrow_iter
        PASS [   1.649s] rust_verify_test::Proveiterators_standard iterators_standard_for_borrow_into
        PASS [   1.462s] rust_verify_test::Proveiterators_standard iterators_standard_for_consume
        PASS [   1.584s] rust_verify_test::Proveiterators_standard iterators_standard_loop_borrow_iter
        PASS [   1.462s] rust_verify_test::Proveiterators_standard iterators_standard_loop_consume
        PASS [   1.724s] rust_verify_test::Proveiterators_standard iterators_standard_loop_borrow_into
        PASS [   1.608s] rust_verify_test::Provemod_standard mod_standard_for_borrow_into
        PASS [   1.501s] rust_verify_test::Provemod_standard mod_standard_for_borrow_iter
        PASS [   1.469s] rust_verify_test::Provemod_standard mod_standard_for_consume
        PASS [   1.455s] rust_verify_test::Provemod_standard mod_standard_loop_borrow_into
        PASS [   1.418s] rust_verify_test::Provemod_standard mod_standard_loop_consume
        PASS [   1.601s] rust_verify_test::Provemod_standard mod_standard_loop_borrow_iter
        PASS [   1.534s] rust_verify_test::Provetable_of_contents_standard toc_standard_for_borrow_into
        PASS [   1.511s] rust_verify_test::Provetable_of_contents_standard toc_standard_for_borrow_iter
        PASS [   1.445s] rust_verify_test::Provetable_of_contents_standard toc_standard_for_consume
        PASS [   1.454s] rust_verify_test::Provetable_of_contents_standard toc_standard_loop_borrow_into
        PASS [   1.439s] rust_verify_test::Provetable_of_contents_standard toc_standard_loop_borrow_iter
        PASS [   1.397s] rust_verify_test::Provetable_of_contents_standard toc_standard_loop_consume
        PASS [   1.301s] rust_verify_test::Proveusing_closures_standard closures_ghost_spec_fn
        PASS [   1.475s] rust_verify_test::Proveusing_closures_standard closures_inline_requires_ensures
        PASS [   1.396s] rust_verify_test::Proveusing_closures_standard closures_let_bind_ensures
        PASS [   1.449s] rust_verify_test::Proveusing_closures_standard closures_map_apply
        PASS [   1.430s] rust_verify_test::Proveview_standard view_standard_collection
        PASS [   1.446s] rust_verify_test::Proveview_standard view_standard_for_borrow_into
        PASS [   1.543s] rust_verify_test::Proveview_standard view_standard_for_borrow_iter
        PASS [   1.411s] rust_verify_test::Proveview_standard view_standard_for_consume
        PASS [   1.401s] rust_verify_test::Proveview_standard view_standard_loop_borrow_into
        PASS [   1.384s] rust_verify_test::Proveview_standard view_standard_loop_consume
        PASS [   1.441s] rust_verify_test::Proveview_standard view_standard_loop_borrow_iter
        PASS [   1.418s] rust_verify_test::Proveview_standard view_standard_simple
        PASS [   1.409s] rust_verify_test::Provewrapping_iterators_standard wrapping_for_borrow_into
        PASS [   1.490s] rust_verify_test::Provewrapping_iterators_standard wrapping_for_borrow_iter
        PASS [   1.379s] rust_verify_test::Provewrapping_iterators_standard wrapping_loop_borrow_into
        PASS [   1.561s] rust_verify_test::Provewrapping_iterators_standard wrapping_loop_borrow_iter
        PASS [   1.548s] rust_verify_test::RelationStEph relation_st_eph_for_iter
        PASS [   1.634s] rust_verify_test::RelationStEph relation_st_eph_loop_loop
        PASS [   1.547s] rust_verify_test::SetMtEph set_mt_eph_for_iter
        PASS [   1.452s] rust_verify_test::SetMtEph set_mt_eph_loop_loop
        PASS [   1.484s] rust_verify_test::SetMtEph set_mt_eph_from_vec
        PASS [   1.425s] rust_verify_test::SetStEph set_st_eph_from_vec
        PASS [   1.474s] rust_verify_test::SetStEph set_st_eph_for_iter
        PASS [   1.378s] rust_verify_test::SetStEph set_st_eph_loop_loop
        PASS [   1.340s] rust_verify_test::prove_MathSeq_iters mathseq_iter_nested
        PASS [   1.334s] rust_verify_test::prove_MathSeq_iters mathseq_iter_range
        PASS [   1.415s] rust_verify_test::prove_MathSeq_iters mathseq_iter_consuming
────────────
     Summary [  45.599s] 157 tests run: 157 passed, 0 skipped
Elapsed: 125s
