verification results:: 4498 verified, 0 errors
    Finished `release` profile [optimized] target(s) in 0.04s
────────────
 Nextest run ID b40374e0-c76b-4e35-862c-4abbde919583 with nextest profile: default
    Starting 147 tests across 34 binaries
        PASS [   1.224s] rust_verify_test::HashSetWithViewPlus hash_set_wvp_loop_loop
        PASS [   1.259s] rust_verify_test::HashSetWithViewPlus hash_set_wvp_for_iter
        PASS [   1.347s] rust_verify_test::HashMapWithViewPlus hash_map_wvp_loop_loop
        PASS [   1.371s] rust_verify_test::HashMapWithViewPlus hash_map_wvp_for_iter
        PASS [   1.404s] rust_verify_test::MappingStEph mapping_st_eph_loop_loop
        PASS [   1.476s] rust_verify_test::MappingStEph mapping_st_eph_for_iter
        PASS [   1.249s] rust_verify_test::ProveAVLTreeSetMtEph avltreesetmteph_for_borrow_iter
        PASS [   1.359s] rust_verify_test::ProveAVLTreeSetMtEph avltreesetmteph_for_borrow_into
        PASS [   1.215s] rust_verify_test::ProveArraySeq arrayseq_filter
        PASS [   1.327s] rust_verify_test::ProveAVLTreeSetMtEph avltreesetmteph_loop_borrow_iter
        PASS [   1.343s] rust_verify_test::ProveArraySeq arrayseq_for_iter
        PASS [   1.334s] rust_verify_test::ProveArraySeq arrayseq_iterate
        PASS [   1.232s] rust_verify_test::ProveArraySeq arrayseq_iterate_prefixes
        PASS [   1.157s] rust_verify_test::ProveArraySeq arrayseq_map
        PASS [   1.320s] rust_verify_test::ProveArraySeq arrayseq_loop_loop
        PASS [   1.438s] rust_verify_test::ProveArraySeq arrayseq_reduce
        PASS [   1.473s] rust_verify_test::ProveArraySeq arrayseq_scan
        PASS [   1.411s] rust_verify_test::ProveArraySeq arrayseq_scan_inclusive
        PASS [   1.196s] rust_verify_test::ProveArraySeq arrayseq_tabulate
        PASS [   1.287s] rust_verify_test::ProveArraySeqMtEph arrayseqmteph_for_iter
        PASS [   1.220s] rust_verify_test::ProveArraySeqMtEph arrayseqmteph_loop_loop
        PASS [   1.392s] rust_verify_test::ProveArraySeqMtPer arrayseqmtper_for_iter
        PASS [   1.289s] rust_verify_test::ProveArraySeqStEph arrayseqsteph_for_borrow_into
        PASS [   1.327s] rust_verify_test::ProveArraySeqMtPer arrayseqmtper_loop_loop
        PASS [   1.310s] rust_verify_test::ProveArraySeqStEph arrayseqsteph_for_borrow_iter
        PASS [   1.292s] rust_verify_test::ProveArraySeqStEph arrayseqsteph_for_consume
        PASS [   1.290s] rust_verify_test::ProveArraySeqStEph arrayseqsteph_loop_borrow_into
        PASS [   1.292s] rust_verify_test::ProveArraySeqStEph arrayseqsteph_loop_borrow_iter
        PASS [   1.314s] rust_verify_test::ProveArraySeqStEph arrayseqsteph_loop_consume
        PASS [   1.356s] rust_verify_test::ProveArraySeqStPer arrayseqstper_for_iter
        PASS [   1.212s] rust_verify_test::ProveBFSMtEph chap54_bfsmteph_bottom_up_loop
        PASS [   1.330s] rust_verify_test::ProveArraySeqStPer arrayseqstper_loop_loop
        PASS [   1.252s] rust_verify_test::ProveBFSMtEph chap54_bfsmteph_top_down_loop
        PASS [   1.251s] rust_verify_test::ProveBFSStEph chap54_bfssteph_top_down_loop
        PASS [   1.279s] rust_verify_test::ProveBFSStEph chap54_bfssteph_bottom_up_loop
        PASS [   1.301s] rust_verify_test::ProveBalBinTreeStEph balbintree_for_inorder
        PASS [   1.325s] rust_verify_test::ProveBalBinTreeStEph balbintree_for_postorder
        PASS [   1.305s] rust_verify_test::ProveBalBinTreeStEph balbintree_for_preorder
        PASS [   1.244s] rust_verify_test::ProveBalBinTreeStEph balbintree_inorder_spec_match
        PASS [   1.229s] rust_verify_test::ProveBalBinTreeStEph balbintree_leaf_iter_exhausted
        PASS [   1.235s] rust_verify_test::ProveBalBinTreeStEph balbintree_leaf_traversals_empty
        PASS [   1.257s] rust_verify_test::ProveBalBinTreeStEph balbintree_loop_inorder
        PASS [   1.299s] rust_verify_test::ProveBalBinTreeStEph balbintree_loop_postorder
        PASS [   1.298s] rust_verify_test::ProveBalBinTreeStEph balbintree_postorder_spec_match
        PASS [   1.375s] rust_verify_test::ProveBalBinTreeStEph balbintree_loop_preorder
        PASS [   1.246s] rust_verify_test::ProveChap19ArraySeqMtEph chap19_arrayseqmteph_for_borrow_into
        PASS [   1.300s] rust_verify_test::ProveBalBinTreeStEph balbintree_preorder_spec_match
        PASS [   1.344s] rust_verify_test::ProveChap19ArraySeqMtEph chap19_arrayseqmteph_for_borrow_iter
        PASS [   1.231s] rust_verify_test::ProveChap19ArraySeqMtEph chap19_arrayseqmteph_for_consume
        PASS [   1.275s] rust_verify_test::ProveChap19ArraySeqMtEph chap19_arrayseqmteph_loop_borrow_into
        PASS [   1.385s] rust_verify_test::ProveChap19ArraySeqMtEph chap19_arrayseqmteph_loop_borrow_iter
        PASS [   1.212s] rust_verify_test::ProveChap19ArraySeqMtEph chap19_arrayseqmteph_loop_consume
        PASS [   1.341s] rust_verify_test::ProveChap19ArraySeqMtEphSlice slice_for_borrow_into
        PASS [   1.356s] rust_verify_test::ProveChap19ArraySeqMtEphSlice slice_for_borrow_iter
        PASS [   1.336s] rust_verify_test::ProveChap19ArraySeqMtEphSlice slice_iter_over_subslice
        PASS [   1.279s] rust_verify_test::ProveChap19ArraySeqMtEphSlice slice_loop_borrow_iter
        PASS [   1.369s] rust_verify_test::ProveChap19ArraySeqMtEphSlice slice_operations
        PASS [   1.293s] rust_verify_test::ProveChap19ArraySeqStEph chap19_arrayseqsteph_for_borrow_into
        PASS [   1.268s] rust_verify_test::ProveChap19ArraySeqStEph chap19_arrayseqsteph_for_borrow_iter
        PASS [   1.297s] rust_verify_test::ProveChap19ArraySeqStEph chap19_arrayseqsteph_for_consume
        PASS [   1.268s] rust_verify_test::ProveChap19ArraySeqStEph chap19_arrayseqsteph_loop_borrow_into
        PASS [   1.302s] rust_verify_test::ProveChap19ArraySeqStEph chap19_arrayseqsteph_loop_borrow_iter
        PASS [   1.285s] rust_verify_test::ProveChap19ArraySeqStEph chap19_arrayseqsteph_loop_consume
        PASS [   1.318s] rust_verify_test::ProveChap19ArraySeqStPer chap19_arrayseqstper_for_borrow_into
        PASS [   1.347s] rust_verify_test::ProveChap19ArraySeqStPer chap19_arrayseqstper_for_borrow_iter
        PASS [   1.378s] rust_verify_test::ProveChap19ArraySeqStPer chap19_arrayseqstper_for_consume
        PASS [   1.220s] rust_verify_test::ProveChap19ArraySeqStPer chap19_arrayseqstper_loop_borrow_into
        PASS [   1.311s] rust_verify_test::ProveChap19ArraySeqStPer chap19_arrayseqstper_loop_borrow_iter
        PASS [   1.286s] rust_verify_test::ProveChap19ArraySeqStPer chap19_arrayseqstper_loop_consume
        PASS [   1.215s] rust_verify_test::ProveKleeneStPer kleene_alphabet
        PASS [   1.342s] rust_verify_test::ProveKleeneStPer kleene_mem_plus
        PASS [   1.369s] rust_verify_test::ProveKleeneStPer kleene_mem_star
        PASS [   1.270s] rust_verify_test::ProveLinkedListStEph linkedliststeph_for_iter
        PASS [   1.267s] rust_verify_test::ProveLinkedListStEph linkedliststeph_loop_loop
        PASS [   1.330s] rust_verify_test::ProveLinkedListStPer linkedliststper_for_iter
        PASS [   1.330s] rust_verify_test::ProveLinkedListStPer linkedliststper_loop_loop
        PASS [   1.333s] rust_verify_test::ProveMathSeq mathseq_for_borrow_into
        PASS [   1.321s] rust_verify_test::ProveMathSeq mathseq_for_borrow_iter
        PASS [   1.242s] rust_verify_test::ProveMathSeq mathseq_loop_borrow_into
        PASS [   1.418s] rust_verify_test::ProveMathSeq mathseq_for_consume
        PASS [   1.308s] rust_verify_test::ProveMathSeq mathseq_loop_borrow_iter
        PASS [   1.296s] rust_verify_test::ProveMathSeq mathseq_loop_consume
        PASS [   1.416s] rust_verify_test::ProveOrderedTableStPer chap43_orderedtablestper_for_borrow_into
        PASS [   1.521s] rust_verify_test::ProveOrderedTableStPer chap43_orderedtablestper_for_borrow_iter
        PASS [   1.467s] rust_verify_test::ProveOrderedTableStPer chap43_orderedtablestper_loop_borrow_iter
        PASS [   1.563s] rust_verify_test::ProveOrderedTableStPer chap43_orderedtablestper_loop_borrow_into
        PASS [   1.242s] rust_verify_test::ProvePrimTreeSeqStPer primtreeseq_for_borrow_iter
        PASS [   1.285s] rust_verify_test::ProvePrimTreeSeqStPer primtreeseq_for_borrow_into
        PASS [   1.305s] rust_verify_test::ProvePrimTreeSeqStPer primtreeseq_for_consume
        PASS [   1.194s] rust_verify_test::ProvePrimTreeSeqStPer primtreeseq_loop_borrow_into
        PASS [   1.209s] rust_verify_test::ProvePrimTreeSeqStPer primtreeseq_loop_borrow_iter
        PASS [   1.286s] rust_verify_test::ProvePrimTreeSeqStPer primtreeseq_loop_consume
        PASS [   1.315s] rust_verify_test::ProveSetMtEph set_mt_eph_for_borrow_into
        PASS [   1.335s] rust_verify_test::ProveSetMtEph set_mt_eph_for_borrow_iter
        PASS [   1.327s] rust_verify_test::ProveSetMtEph set_mt_eph_loop_borrow_iter
        PASS [   1.392s] rust_verify_test::Provedeep_view_standard deep_view_standard_for_borrow_into
        PASS [   1.263s] rust_verify_test::Provedeep_view_standard deep_view_standard_for_borrow_iter
        PASS [   1.228s] rust_verify_test::Provedeep_view_standard deep_view_standard_loop_borrow_into
        PASS [   1.326s] rust_verify_test::Provedeep_view_standard deep_view_standard_for_consume
        PASS [   1.265s] rust_verify_test::Provedeep_view_standard deep_view_standard_loop_borrow_iter
        PASS [   1.232s] rust_verify_test::Provedeep_view_standard deep_view_standard_loop_consume
        PASS [   1.224s] rust_verify_test::Provedeep_view_standard deep_view_standard_simple
        PASS [   1.335s] rust_verify_test::Proveiterators_standard iterators_standard_for_borrow_into
        PASS [   1.238s] rust_verify_test::Proveiterators_standard iterators_standard_for_consume
        PASS [   1.216s] rust_verify_test::Proveiterators_standard iterators_standard_loop_borrow_into
        PASS [   1.326s] rust_verify_test::Proveiterators_standard iterators_standard_for_borrow_iter
        PASS [   1.179s] rust_verify_test::Proveiterators_standard iterators_standard_loop_borrow_iter
        PASS [   1.168s] rust_verify_test::Proveiterators_standard iterators_standard_loop_consume
        PASS [   1.196s] rust_verify_test::Provemod_standard mod_standard_loop_borrow_into
        PASS [   1.288s] rust_verify_test::Provemod_standard mod_standard_for_borrow_iter
        PASS [   1.277s] rust_verify_test::Provemod_standard mod_standard_for_consume
        PASS [   1.422s] rust_verify_test::Provemod_standard mod_standard_for_borrow_into
        PASS [   1.212s] rust_verify_test::Provemod_standard mod_standard_loop_borrow_iter
        PASS [   1.229s] rust_verify_test::Provemod_standard mod_standard_loop_consume
        PASS [   1.299s] rust_verify_test::Provetable_of_contents_standard toc_standard_for_borrow_into
        PASS [   1.311s] rust_verify_test::Provetable_of_contents_standard toc_standard_loop_borrow_into
        PASS [   1.388s] rust_verify_test::Provetable_of_contents_standard toc_standard_for_borrow_iter
        PASS [   1.391s] rust_verify_test::Provetable_of_contents_standard toc_standard_for_consume
        PASS [   1.282s] rust_verify_test::Provetable_of_contents_standard toc_standard_loop_borrow_iter
        PASS [   1.248s] rust_verify_test::Provetable_of_contents_standard toc_standard_loop_consume
        PASS [   1.269s] rust_verify_test::Proveusing_closures_standard closures_ghost_spec_fn
        PASS [   1.190s] rust_verify_test::Proveusing_closures_standard closures_inline_requires_ensures
        PASS [   1.195s] rust_verify_test::Proveusing_closures_standard closures_map_apply
        PASS [   1.238s] rust_verify_test::Proveusing_closures_standard closures_let_bind_ensures
        PASS [   1.223s] rust_verify_test::Proveview_standard view_standard_collection
        PASS [   1.244s] rust_verify_test::Proveview_standard view_standard_for_borrow_into
        PASS [   1.277s] rust_verify_test::Proveview_standard view_standard_for_consume
        PASS [   1.229s] rust_verify_test::Proveview_standard view_standard_loop_borrow_into
        PASS [   1.344s] rust_verify_test::Proveview_standard view_standard_for_borrow_iter
        PASS [   1.316s] rust_verify_test::Proveview_standard view_standard_loop_borrow_iter
        PASS [   1.329s] rust_verify_test::Proveview_standard view_standard_loop_consume
        PASS [   1.215s] rust_verify_test::Proveview_standard view_standard_simple
        PASS [   1.223s] rust_verify_test::Provewrapping_iterators_standard wrapping_for_borrow_into
        PASS [   1.303s] rust_verify_test::Provewrapping_iterators_standard wrapping_for_borrow_iter
        PASS [   1.278s] rust_verify_test::Provewrapping_iterators_standard wrapping_loop_borrow_into
        PASS [   1.320s] rust_verify_test::Provewrapping_iterators_standard wrapping_loop_borrow_iter
        PASS [   1.350s] rust_verify_test::RelationStEph relation_st_eph_for_iter
        PASS [   1.432s] rust_verify_test::RelationStEph relation_st_eph_loop_loop
        PASS [   1.369s] rust_verify_test::SetMtEph set_mt_eph_for_iter
        PASS [   1.384s] rust_verify_test::SetMtEph set_mt_eph_loop_loop
        PASS [   1.404s] rust_verify_test::SetMtEph set_mt_eph_from_vec
        PASS [   1.343s] rust_verify_test::SetStEph set_st_eph_for_iter
        PASS [   1.297s] rust_verify_test::SetStEph set_st_eph_from_vec
        PASS [   1.266s] rust_verify_test::SetStEph set_st_eph_loop_loop
        PASS [   1.122s] rust_verify_test::prove_MathSeq_iters mathseq_iter_consuming
        PASS [   1.133s] rust_verify_test::prove_MathSeq_iters mathseq_iter_nested
        PASS [   1.131s] rust_verify_test::prove_MathSeq_iters mathseq_iter_range
────────────
     Summary [  32.252s] 147 tests run: 147 passed, 0 skipped
Elapsed: 93s
