verification results:: 5418 verified, 0 errors
    Finished `release` profile [optimized] target(s) in 0.02s
────────────
 Nextest run ID b63e37da-7907-4ff3-a028-ad7df8258814 with nextest profile: default
    Starting 221 tests across 48 binaries
        PASS [   1.599s] rust_verify_test::HashSetWithViewPlus hash_set_wvp_loop_loop
        PASS [   1.606s] rust_verify_test::HashMapWithViewPlus hash_map_wvp_loop_loop
        PASS [   1.729s] rust_verify_test::HashMapWithViewPlus hash_map_wvp_for_iter
        PASS [   1.794s] rust_verify_test::MappingStEph mapping_st_eph_loop_loop
        PASS [   1.846s] rust_verify_test::MappingStEph mapping_st_eph_for_iter
        PASS [   1.889s] rust_verify_test::HashSetWithViewPlus hash_set_wvp_for_iter
        PASS [   1.728s] rust_verify_test::ProveAVLTreeSeq avltreeseq_for_borrow_into
        PASS [   1.660s] rust_verify_test::ProveAVLTreeSeq avltreeseq_loop_borrow_iter
        PASS [   1.851s] rust_verify_test::ProveAVLTreeSeq avltreeseq_for_borrow_iter
        PASS [   1.869s] rust_verify_test::ProveAVLTreeSeq avltreeseq_loop_borrow_into
        PASS [   1.709s] rust_verify_test::ProveAVLTreeSeqMtPer avltreeseqmtper_for_borrow_iter
        PASS [   1.797s] rust_verify_test::ProveAVLTreeSeqMtPer avltreeseqmtper_for_borrow_into
        PASS [   1.724s] rust_verify_test::ProveAVLTreeSeqMtPer avltreeseqmtper_loop_borrow_into
        PASS [   1.720s] rust_verify_test::ProveAVLTreeSeqMtPer avltreeseqmtper_loop_borrow_iter
        PASS [   1.668s] rust_verify_test::ProveAVLTreeSeqStEph avltreeseqsteph_loop_borrow_iter
        PASS [   1.865s] rust_verify_test::ProveAVLTreeSeqStEph avltreeseqsteph_for_borrow_into
        PASS [   1.752s] rust_verify_test::ProveAVLTreeSeqStEph avltreeseqsteph_loop_borrow_into
        PASS [   1.762s] rust_verify_test::ProveAVLTreeSeqStEph avltreeseqsteph_for_borrow_iter
        PASS [   1.590s] rust_verify_test::ProveAVLTreeSeqStPer avltreeseqstper_for_borrow_into
        PASS [   1.683s] rust_verify_test::ProveAVLTreeSetMtEph avltreesetmteph_for_borrow_iter
        PASS [   1.765s] rust_verify_test::ProveAVLTreeSeqStPer avltreeseqstper_loop_borrow_into
        PASS [   1.746s] rust_verify_test::ProveAVLTreeSetMtEph avltreesetmteph_for_borrow_into
        PASS [   1.798s] rust_verify_test::ProveAVLTreeSeqStPer avltreeseqstper_loop_borrow_iter
        PASS [   1.983s] rust_verify_test::ProveAVLTreeSeqStPer avltreeseqstper_for_borrow_iter
        PASS [   1.728s] rust_verify_test::ProveAVLTreeSetMtEph avltreesetmteph_loop_borrow_into
        PASS [   1.572s] rust_verify_test::ProveArraySeq arrayseq_iterate
        PASS [   1.663s] rust_verify_test::ProveArraySeq arrayseq_filter
        PASS [   1.773s] rust_verify_test::ProveAVLTreeSetMtEph avltreesetmteph_loop_borrow_iter
        PASS [   1.760s] rust_verify_test::ProveArraySeq arrayseq_for_iter
        PASS [   1.789s] rust_verify_test::ProveArraySeq arrayseq_iterate_prefixes
        PASS [   1.694s] rust_verify_test::ProveArraySeq arrayseq_loop_loop
        PASS [   1.548s] rust_verify_test::ProveArraySeq arrayseq_map
        PASS [   1.605s] rust_verify_test::ProveArraySeq arrayseq_tabulate
        PASS [   1.864s] rust_verify_test::ProveArraySeq arrayseq_scan
        PASS [   1.893s] rust_verify_test::ProveArraySeq arrayseq_scan_inclusive
        PASS [   2.262s] rust_verify_test::ProveArraySeq arrayseq_reduce
        PASS [   1.732s] rust_verify_test::ProveArraySeqMtEph arrayseqmteph_for_consume
        PASS [   1.964s] rust_verify_test::ProveArraySeqMtEph arrayseqmteph_for_borrow_into
        PASS [   1.786s] rust_verify_test::ProveArraySeqMtEph arrayseqmteph_for_iter
        PASS [   1.631s] rust_verify_test::ProveArraySeqMtEph arrayseqmteph_loop_consume
        PASS [   1.960s] rust_verify_test::ProveArraySeqMtEph arrayseqmteph_loop_borrow_into
        PASS [   1.740s] rust_verify_test::ProveArraySeqMtEph arrayseqmteph_loop_loop
        PASS [   1.697s] rust_verify_test::ProveArraySeqMtPer arrayseqmtper_for_consume
        PASS [   1.876s] rust_verify_test::ProveArraySeqMtPer arrayseqmtper_for_borrow_into
        PASS [   1.809s] rust_verify_test::ProveArraySeqMtPer arrayseqmtper_for_iter
        PASS [   1.787s] rust_verify_test::ProveArraySeqMtPer arrayseqmtper_loop_borrow_into
        PASS [   1.596s] rust_verify_test::ProveArraySeqMtPer arrayseqmtper_loop_consume
        PASS [   1.889s] rust_verify_test::ProveArraySeqMtPer arrayseqmtper_loop_loop
        PASS [   1.590s] rust_verify_test::ProveArraySeqStEph arrayseqsteph_for_borrow_into
        PASS [   1.653s] rust_verify_test::ProveArraySeqStEph arrayseqsteph_for_borrow_iter
        PASS [   1.702s] rust_verify_test::ProveArraySeqStEph arrayseqsteph_for_consume
        PASS [   1.774s] rust_verify_test::ProveArraySeqStEph arrayseqsteph_loop_borrow_into
        PASS [   1.909s] rust_verify_test::ProveArraySeqStEph arrayseqsteph_loop_borrow_iter
        PASS [   1.645s] rust_verify_test::ProveArraySeqStEph arrayseqsteph_loop_consume
        PASS [   1.643s] rust_verify_test::ProveArraySeqStPer arrayseqstper_loop_loop
        PASS [   1.844s] rust_verify_test::ProveArraySeqStPer arrayseqstper_for_iter
        PASS [   1.677s] rust_verify_test::ProveBFSMtEph chap54_bfsmteph_bottom_up_loop
        PASS [   1.895s] rust_verify_test::ProveBFSMtEph chap54_bfsmteph_bottom_up_for
        PASS [   1.641s] rust_verify_test::ProveBFSMtEph chap54_bfsmteph_top_down_for
        PASS [   1.696s] rust_verify_test::ProveBFSMtEph chap54_bfsmteph_top_down_loop
        PASS [   1.559s] rust_verify_test::ProveBFSStEph chap54_bfssteph_bottom_up_for
        PASS [   1.681s] rust_verify_test::ProveBFSStEph chap54_bfssteph_bottom_up_loop
        PASS [   1.695s] rust_verify_test::ProveBFSStEph chap54_bfssteph_top_down_loop
        PASS [   1.670s] rust_verify_test::ProveBSTSetAVLMtEph bstsetavlmteph_for_borrow_into
        PASS [   1.876s] rust_verify_test::ProveBFSStEph chap54_bfssteph_top_down_for
        PASS [   1.779s] rust_verify_test::ProveBSTSetAVLMtEph bstsetavlmteph_for_borrow_iter
        PASS [   1.806s] rust_verify_test::ProveBSTSetAVLMtEph bstsetavlmteph_loop_borrow_into
        PASS [   1.999s] rust_verify_test::ProveBSTSetAVLMtEph bstsetavlmteph_for_consume
        PASS [   1.669s] rust_verify_test::ProveBSTSetAVLMtEph bstsetavlmteph_loop_consume
        PASS [   1.787s] rust_verify_test::ProveBSTSetAVLMtEph bstsetavlmteph_loop_borrow_iter
        PASS [   1.750s] rust_verify_test::ProveBSTSetBBAlphaMtEph bstsetbbalphamteph_for_borrow_into
        PASS [   1.765s] rust_verify_test::ProveBSTSetBBAlphaMtEph bstsetbbalphamteph_for_borrow_iter
        PASS [   1.626s] rust_verify_test::ProveBSTSetBBAlphaMtEph bstsetbbalphamteph_loop_borrow_iter
        PASS [   2.029s] rust_verify_test::ProveBSTSetBBAlphaMtEph bstsetbbalphamteph_loop_borrow_into
        PASS [   1.659s] rust_verify_test::ProveBSTSetPlainMtEph bstsetplainmteph_for_borrow_into
        PASS [   1.681s] rust_verify_test::ProveBSTSetPlainMtEph bstsetplainmteph_loop_borrow_into
        PASS [   1.822s] rust_verify_test::ProveBSTSetPlainMtEph bstsetplainmteph_for_borrow_iter
        PASS [   1.646s] rust_verify_test::ProveBSTSetPlainMtEph bstsetplainmteph_loop_borrow_iter
        PASS [   1.565s] rust_verify_test::ProveBSTSetRBMtEph bstsetrbmteph_for_borrow_into
        PASS [   1.713s] rust_verify_test::ProveBSTSetRBMtEph bstsetrbmteph_for_borrow_iter
        PASS [   1.680s] rust_verify_test::ProveBSTSetRBMtEph bstsetrbmteph_for_consume
        PASS [   1.785s] rust_verify_test::ProveBSTSetRBMtEph bstsetrbmteph_loop_borrow_into
        PASS [   1.723s] rust_verify_test::ProveBSTSetRBMtEph bstsetrbmteph_loop_borrow_iter
        PASS [   1.749s] rust_verify_test::ProveBSTSetRBMtEph bstsetrbmteph_loop_consume
        PASS [   1.688s] rust_verify_test::ProveBSTSetSplayMtEph bstsetsplaymteph_for_borrow_into
        PASS [   1.617s] rust_verify_test::ProveBSTSetSplayMtEph bstsetsplaymteph_for_borrow_iter
        PASS [   1.631s] rust_verify_test::ProveBSTSetSplayMtEph bstsetsplaymteph_for_consume
        PASS [   1.539s] rust_verify_test::ProveBSTSetSplayMtEph bstsetsplaymteph_loop_borrow_iter
        PASS [   1.600s] rust_verify_test::ProveBSTSetSplayMtEph bstsetsplaymteph_loop_consume
        PASS [   1.872s] rust_verify_test::ProveBSTSetSplayMtEph bstsetsplaymteph_loop_borrow_into
        PASS [   2.011s] rust_verify_test::ProveBalBinTreeStEph balbintree_for_inorder
        PASS [   1.587s] rust_verify_test::ProveBalBinTreeStEph balbintree_for_preorder
        PASS [   1.771s] rust_verify_test::ProveBalBinTreeStEph balbintree_for_postorder
        PASS [   1.610s] rust_verify_test::ProveBalBinTreeStEph balbintree_inorder_spec_match
        PASS [   1.592s] rust_verify_test::ProveBalBinTreeStEph balbintree_leaf_iter_exhausted
        PASS [   1.765s] rust_verify_test::ProveBalBinTreeStEph balbintree_leaf_traversals_empty
        PASS [   1.726s] rust_verify_test::ProveBalBinTreeStEph balbintree_loop_inorder
        PASS [   1.689s] rust_verify_test::ProveBalBinTreeStEph balbintree_loop_postorder
        PASS [   1.815s] rust_verify_test::ProveBalBinTreeStEph balbintree_postorder_spec_match
        PASS [   2.057s] rust_verify_test::ProveBalBinTreeStEph balbintree_loop_preorder
        PASS [   2.085s] rust_verify_test::ProveBalBinTreeStEph balbintree_preorder_spec_match
        PASS [   1.948s] rust_verify_test::ProveChap19ArraySeqMtEph chap19_arrayseqmteph_for_borrow_into
        PASS [   2.094s] rust_verify_test::ProveChap19ArraySeqMtEph chap19_arrayseqmteph_for_consume
        PASS [   2.388s] rust_verify_test::ProveChap19ArraySeqMtEph chap19_arrayseqmteph_for_borrow_iter
        PASS [   2.242s] rust_verify_test::ProveChap19ArraySeqMtEph chap19_arrayseqmteph_loop_borrow_iter
        PASS [   2.360s] rust_verify_test::ProveChap19ArraySeqMtEph chap19_arrayseqmteph_loop_borrow_into
        PASS [   2.493s] rust_verify_test::ProveChap19ArraySeqMtEph chap19_arrayseqmteph_loop_consume
        PASS [   2.405s] rust_verify_test::ProveChap19ArraySeqMtEphSlice slice_for_borrow_into
        PASS [   2.118s] rust_verify_test::ProveChap19ArraySeqMtEphSlice slice_for_borrow_iter
        PASS [   2.407s] rust_verify_test::ProveChap19ArraySeqMtEphSlice slice_iter_over_subslice
        PASS [   2.241s] rust_verify_test::ProveChap19ArraySeqMtEphSlice slice_operations
        PASS [   2.271s] rust_verify_test::ProveChap19ArraySeqMtEphSlice slice_loop_borrow_iter
        PASS [   2.120s] rust_verify_test::ProveChap19ArraySeqStEph chap19_arrayseqsteph_for_borrow_iter
        PASS [   2.387s] rust_verify_test::ProveChap19ArraySeqStEph chap19_arrayseqsteph_for_borrow_into
        PASS [   2.396s] rust_verify_test::ProveChap19ArraySeqStEph chap19_arrayseqsteph_for_consume
        PASS [   2.250s] rust_verify_test::ProveChap19ArraySeqStEph chap19_arrayseqsteph_loop_borrow_into
        PASS [   2.126s] rust_verify_test::ProveChap19ArraySeqStEph chap19_arrayseqsteph_loop_borrow_iter
        PASS [   2.137s] rust_verify_test::ProveChap19ArraySeqStEph chap19_arrayseqsteph_loop_consume
        PASS [   2.437s] rust_verify_test::ProveChap19ArraySeqStPer chap19_arrayseqstper_for_borrow_into
        PASS [   2.285s] rust_verify_test::ProveChap19ArraySeqStPer chap19_arrayseqstper_for_borrow_iter
        PASS [   2.418s] rust_verify_test::ProveChap19ArraySeqStPer chap19_arrayseqstper_for_consume
        PASS [   2.409s] rust_verify_test::ProveChap19ArraySeqStPer chap19_arrayseqstper_loop_borrow_into
        PASS [   2.347s] rust_verify_test::ProveChap19ArraySeqStPer chap19_arrayseqstper_loop_borrow_iter
        PASS [   2.389s] rust_verify_test::ProveChap19ArraySeqStPer chap19_arrayseqstper_loop_consume
        PASS [   2.023s] rust_verify_test::ProveKleeneStPer kleene_alphabet
        PASS [   2.213s] rust_verify_test::ProveKleeneStPer kleene_mem_plus
        PASS [   2.292s] rust_verify_test::ProveKleeneStPer kleene_mem_star
        PASS [   2.112s] rust_verify_test::ProveLinkedListStPer linkedliststper_for_iter
        PASS [   2.462s] rust_verify_test::ProveLinkedListStEph linkedliststeph_for_iter
        PASS [   2.442s] rust_verify_test::ProveLinkedListStEph linkedliststeph_loop_loop
        PASS [   2.280s] rust_verify_test::ProveLinkedListStPer linkedliststper_loop_loop
        PASS [   2.057s] rust_verify_test::ProveMathSeq mathseq_for_borrow_into
        PASS [   2.309s] rust_verify_test::ProveMathSeq mathseq_for_borrow_iter
        PASS [   2.264s] rust_verify_test::ProveMathSeq mathseq_loop_borrow_iter
        PASS [   2.546s] rust_verify_test::ProveMathSeq mathseq_for_consume
        PASS [   2.420s] rust_verify_test::ProveMathSeq mathseq_loop_borrow_into
        PASS [   2.342s] rust_verify_test::ProveMathSeq mathseq_loop_consume
        PASS [   2.566s] rust_verify_test::ProveOrderedSetStEph chap43_orderedsetsteph_for_borrow_into
        PASS [   2.424s] rust_verify_test::ProveOrderedSetStEph chap43_orderedsetsteph_for_borrow_iter
        PASS [   2.323s] rust_verify_test::ProveOrderedSetStEph chap43_orderedsetsteph_loop_borrow_into
        PASS [   2.521s] rust_verify_test::ProveOrderedSetStPer chap43_orderedsetstper_for_borrow_iter
        PASS [   2.676s] rust_verify_test::ProveOrderedSetStEph chap43_orderedsetsteph_loop_borrow_iter
        PASS [   2.582s] rust_verify_test::ProveOrderedSetStPer chap43_orderedsetstper_loop_borrow_iter
        PASS [   2.495s] rust_verify_test::ProveOrderedTableMtEph chap43_orderedtablemteph_for_borrow_into
        PASS [   2.100s] rust_verify_test::ProveOrderedTableMtEph chap43_orderedtablemteph_for_borrow_iter
        PASS [   2.034s] rust_verify_test::ProveOrderedTableMtEph chap43_orderedtablemteph_loop_borrow_iter
        PASS [   2.402s] rust_verify_test::ProveOrderedTableMtEph chap43_orderedtablemteph_loop_borrow_into
        PASS [   2.737s] rust_verify_test::ProveOrderedTableStEph chap43_orderedtablesteph_for_borrow_into
        PASS [   2.458s] rust_verify_test::ProveOrderedTableStEph chap43_orderedtablesteph_loop_borrow_into
        PASS [   2.687s] rust_verify_test::ProveOrderedTableStEph chap43_orderedtablesteph_for_borrow_iter
        PASS [   2.443s] rust_verify_test::ProveOrderedTableStEph chap43_orderedtablesteph_loop_borrow_iter
        PASS [   2.241s] rust_verify_test::ProveOrderedTableStPer chap43_orderedtablestper_for_borrow_into
        PASS [   2.573s] rust_verify_test::ProveOrderedTableStPer chap43_orderedtablestper_for_borrow_iter
        PASS [   2.445s] rust_verify_test::ProveOrderedTableStPer chap43_orderedtablestper_loop_borrow_into
        PASS [   2.319s] rust_verify_test::ProveOrderedTableStPer chap43_orderedtablestper_loop_borrow_iter
        PASS [   2.434s] rust_verify_test::ProvePrimTreeSeqStPer primtreeseq_for_borrow_into
        PASS [   1.969s] rust_verify_test::ProvePrimTreeSeqStPer primtreeseq_for_borrow_iter
        PASS [   2.272s] rust_verify_test::ProvePrimTreeSeqStPer primtreeseq_for_consume
        PASS [   2.458s] rust_verify_test::ProvePrimTreeSeqStPer primtreeseq_loop_borrow_into
        PASS [   2.093s] rust_verify_test::ProvePrimTreeSeqStPer primtreeseq_loop_borrow_iter
        PASS [   2.151s] rust_verify_test::ProveSetMtEph set_mt_eph_for_borrow_into
        PASS [   2.499s] rust_verify_test::ProvePrimTreeSeqStPer primtreeseq_loop_consume
        PASS [   2.642s] rust_verify_test::ProveSetMtEph set_mt_eph_for_borrow_iter
        PASS [   2.141s] rust_verify_test::ProveSetMtEph set_mt_eph_loop_borrow_into
        PASS [   2.370s] rust_verify_test::ProveSetMtEph set_mt_eph_loop_borrow_iter
        PASS [   2.340s] rust_verify_test::ProveSetStEph setsteph_for_borrow_iter
        PASS [   2.697s] rust_verify_test::ProveSetStEph setsteph_for_borrow_into
        PASS [   2.456s] rust_verify_test::ProveSetStEph setsteph_loop_borrow_into
        PASS [   2.486s] rust_verify_test::ProveSetStEph setsteph_loop_borrow_iter
        PASS [   2.397s] rust_verify_test::Provedeep_view_standard deep_view_standard_for_borrow_into
        PASS [   2.166s] rust_verify_test::Provedeep_view_standard deep_view_standard_for_borrow_iter
        PASS [   2.358s] rust_verify_test::Provedeep_view_standard deep_view_standard_loop_borrow_into
        PASS [   2.498s] rust_verify_test::Provedeep_view_standard deep_view_standard_for_consume
        PASS [   2.331s] rust_verify_test::Provedeep_view_standard deep_view_standard_loop_borrow_iter
        PASS [   1.973s] rust_verify_test::Provedeep_view_standard deep_view_standard_loop_consume
        PASS [   2.027s] rust_verify_test::Provedeep_view_standard deep_view_standard_simple
        PASS [   2.263s] rust_verify_test::Proveiterators_standard iterators_standard_for_borrow_into
        PASS [   1.955s] rust_verify_test::Proveiterators_standard iterators_standard_for_consume
        PASS [   2.044s] rust_verify_test::Proveiterators_standard iterators_standard_for_borrow_iter
        PASS [   2.366s] rust_verify_test::Proveiterators_standard iterators_standard_loop_borrow_into
        PASS [   2.349s] rust_verify_test::Proveiterators_standard iterators_standard_loop_borrow_iter
        PASS [   2.129s] rust_verify_test::Proveiterators_standard iterators_standard_loop_consume
        PASS [   2.278s] rust_verify_test::Provemod_standard mod_standard_for_borrow_into
        PASS [   2.009s] rust_verify_test::Provemod_standard mod_standard_for_consume
        PASS [   2.164s] rust_verify_test::Provemod_standard mod_standard_for_borrow_iter
        PASS [   2.018s] rust_verify_test::Provemod_standard mod_standard_loop_borrow_iter
        PASS [   2.311s] rust_verify_test::Provemod_standard mod_standard_loop_borrow_into
        PASS [   2.293s] rust_verify_test::Provemod_standard mod_standard_loop_consume
        PASS [   2.015s] rust_verify_test::Provetable_of_contents_standard toc_standard_for_borrow_into
        PASS [   2.343s] rust_verify_test::Provetable_of_contents_standard toc_standard_for_borrow_iter
        PASS [   2.238s] rust_verify_test::Provetable_of_contents_standard toc_standard_for_consume
        PASS [   2.188s] rust_verify_test::Provetable_of_contents_standard toc_standard_loop_borrow_into
        PASS [   2.260s] rust_verify_test::Provetable_of_contents_standard toc_standard_loop_borrow_iter
        PASS [   2.250s] rust_verify_test::Provetable_of_contents_standard toc_standard_loop_consume
        PASS [   2.050s] rust_verify_test::Proveusing_closures_standard closures_ghost_spec_fn
        PASS [   2.174s] rust_verify_test::Proveusing_closures_standard closures_inline_requires_ensures
        PASS [   2.357s] rust_verify_test::Proveusing_closures_standard closures_let_bind_ensures
        PASS [   2.121s] rust_verify_test::Proveview_standard view_standard_collection
        PASS [   2.285s] rust_verify_test::Proveusing_closures_standard closures_map_apply
        PASS [   2.127s] rust_verify_test::Proveview_standard view_standard_for_borrow_into
        PASS [   2.397s] rust_verify_test::Proveview_standard view_standard_for_borrow_iter
        PASS [   2.049s] rust_verify_test::Proveview_standard view_standard_loop_borrow_into
        PASS [   2.399s] rust_verify_test::Proveview_standard view_standard_for_consume
        PASS [   2.087s] rust_verify_test::Proveview_standard view_standard_loop_consume
        PASS [   2.364s] rust_verify_test::Proveview_standard view_standard_loop_borrow_iter
        PASS [   2.228s] rust_verify_test::Proveview_standard view_standard_simple
        PASS [   2.218s] rust_verify_test::Provewrapping_iterators_standard wrapping_for_borrow_into
        PASS [   2.080s] rust_verify_test::Provewrapping_iterators_standard wrapping_loop_borrow_into
        PASS [   2.346s] rust_verify_test::Provewrapping_iterators_standard wrapping_for_borrow_iter
        PASS [   2.264s] rust_verify_test::Provewrapping_iterators_standard wrapping_loop_borrow_iter
        PASS [   2.372s] rust_verify_test::RelationStEph relation_st_eph_for_iter
        PASS [   2.273s] rust_verify_test::RelationStEph relation_st_eph_loop_loop
        PASS [   2.636s] rust_verify_test::SetMtEph set_mt_eph_for_iter
        PASS [   2.303s] rust_verify_test::SetMtEph set_mt_eph_from_vec
        PASS [   2.327s] rust_verify_test::SetMtEph set_mt_eph_loop_loop
        PASS [   2.351s] rust_verify_test::SetStEph set_st_eph_for_iter
        PASS [   2.319s] rust_verify_test::SetStEph set_st_eph_loop_loop
        PASS [   2.427s] rust_verify_test::SetStEph set_st_eph_from_vec
        PASS [   1.864s] rust_verify_test::prove_MathSeq_iters mathseq_iter_nested
        PASS [   2.181s] rust_verify_test::prove_MathSeq_iters mathseq_iter_consuming
        PASS [   2.081s] rust_verify_test::prove_MathSeq_iters mathseq_iter_range
────────────
     Summary [  76.116s] 221 tests run: 221 passed, 0 skipped
Elapsed: 180s
