verification results:: 5586 verified, 0 errors
    Finished `release` profile [optimized] target(s) in 0.04s
────────────
 Nextest run ID 3f9753aa-e99a-48b8-a485-3b18dd4ddf5d with nextest profile: default
    Starting 221 tests across 48 binaries
        PASS [   1.667s] rust_verify_test::HashSetWithViewPlus hash_set_wvp_for_iter
        PASS [   1.669s] rust_verify_test::HashSetWithViewPlus hash_set_wvp_loop_loop
        PASS [   1.703s] rust_verify_test::HashMapWithViewPlus hash_map_wvp_for_iter
        PASS [   1.715s] rust_verify_test::HashMapWithViewPlus hash_map_wvp_loop_loop
        PASS [   1.867s] rust_verify_test::MappingStEph mapping_st_eph_for_iter
        PASS [   1.868s] rust_verify_test::MappingStEph mapping_st_eph_loop_loop
        PASS [   1.707s] rust_verify_test::ProveAVLTreeSeq avltreeseq_for_borrow_iter
        PASS [   1.709s] rust_verify_test::ProveAVLTreeSeq avltreeseq_for_borrow_into
        PASS [   1.666s] rust_verify_test::ProveAVLTreeSeq avltreeseq_loop_borrow_iter
        PASS [   1.702s] rust_verify_test::ProveAVLTreeSeq avltreeseq_loop_borrow_into
        PASS [   1.649s] rust_verify_test::ProveAVLTreeSeqMtPer avltreeseqmtper_for_borrow_into
        PASS [   1.718s] rust_verify_test::ProveAVLTreeSeqMtPer avltreeseqmtper_for_borrow_iter
        PASS [   1.673s] rust_verify_test::ProveAVLTreeSeqMtPer avltreeseqmtper_loop_borrow_iter
        PASS [   1.713s] rust_verify_test::ProveAVLTreeSeqMtPer avltreeseqmtper_loop_borrow_into
        PASS [   1.703s] rust_verify_test::ProveAVLTreeSeqStEph avltreeseqsteph_for_borrow_iter
        PASS [   1.838s] rust_verify_test::ProveAVLTreeSeqStEph avltreeseqsteph_for_borrow_into
        PASS [   1.710s] rust_verify_test::ProveAVLTreeSeqStEph avltreeseqsteph_loop_borrow_into
        PASS [   1.742s] rust_verify_test::ProveAVLTreeSeqStEph avltreeseqsteph_loop_borrow_iter
        PASS [   1.702s] rust_verify_test::ProveAVLTreeSeqStPer avltreeseqstper_for_borrow_into
        PASS [   1.663s] rust_verify_test::ProveAVLTreeSeqStPer avltreeseqstper_for_borrow_iter
        PASS [   1.675s] rust_verify_test::ProveAVLTreeSeqStPer avltreeseqstper_loop_borrow_into
        PASS [   1.663s] rust_verify_test::ProveAVLTreeSeqStPer avltreeseqstper_loop_borrow_iter
        PASS [   1.768s] rust_verify_test::ProveAVLTreeSetMtEph avltreesetmteph_for_borrow_into
        PASS [   1.666s] rust_verify_test::ProveAVLTreeSetMtEph avltreesetmteph_for_borrow_iter
        PASS [   1.604s] rust_verify_test::ProveAVLTreeSetMtEph avltreesetmteph_loop_borrow_into
        PASS [   1.623s] rust_verify_test::ProveArraySeq arrayseq_filter
        PASS [   1.737s] rust_verify_test::ProveAVLTreeSetMtEph avltreesetmteph_loop_borrow_iter
        PASS [   1.539s] rust_verify_test::ProveArraySeq arrayseq_iterate
        PASS [   1.687s] rust_verify_test::ProveArraySeq arrayseq_for_iter
        PASS [   1.622s] rust_verify_test::ProveArraySeq arrayseq_iterate_prefixes
        PASS [   1.558s] rust_verify_test::ProveArraySeq arrayseq_loop_loop
        PASS [   1.622s] rust_verify_test::ProveArraySeq arrayseq_map
        PASS [   1.490s] rust_verify_test::ProveArraySeq arrayseq_tabulate
        PASS [   1.783s] rust_verify_test::ProveArraySeq arrayseq_reduce
        PASS [   1.746s] rust_verify_test::ProveArraySeq arrayseq_scan_inclusive
        PASS [   1.838s] rust_verify_test::ProveArraySeq arrayseq_scan
        PASS [   1.663s] rust_verify_test::ProveArraySeqMtEph arrayseqmteph_for_borrow_into
        PASS [   1.620s] rust_verify_test::ProveArraySeqMtEph arrayseqmteph_for_iter
        PASS [   1.711s] rust_verify_test::ProveArraySeqMtEph arrayseqmteph_for_consume
        PASS [   1.684s] rust_verify_test::ProveArraySeqMtEph arrayseqmteph_loop_borrow_into
        PASS [   1.692s] rust_verify_test::ProveArraySeqMtEph arrayseqmteph_loop_consume
        PASS [   1.660s] rust_verify_test::ProveArraySeqMtEph arrayseqmteph_loop_loop
        PASS [   1.696s] rust_verify_test::ProveArraySeqMtPer arrayseqmtper_for_borrow_into
        PASS [   1.704s] rust_verify_test::ProveArraySeqMtPer arrayseqmtper_for_iter
        PASS [   1.716s] rust_verify_test::ProveArraySeqMtPer arrayseqmtper_for_consume
        PASS [   1.682s] rust_verify_test::ProveArraySeqMtPer arrayseqmtper_loop_borrow_into
        PASS [   1.689s] rust_verify_test::ProveArraySeqMtPer arrayseqmtper_loop_loop
        PASS [   1.755s] rust_verify_test::ProveArraySeqMtPer arrayseqmtper_loop_consume
        PASS [   1.597s] rust_verify_test::ProveArraySeqStEph arrayseqsteph_for_borrow_into
        PASS [   1.618s] rust_verify_test::ProveArraySeqStEph arrayseqsteph_for_borrow_iter
        PASS [   1.719s] rust_verify_test::ProveArraySeqStEph arrayseqsteph_for_consume
        PASS [   1.562s] rust_verify_test::ProveArraySeqStEph arrayseqsteph_loop_borrow_iter
        PASS [   1.656s] rust_verify_test::ProveArraySeqStEph arrayseqsteph_loop_borrow_into
        PASS [   1.635s] rust_verify_test::ProveArraySeqStEph arrayseqsteph_loop_consume
        PASS [   1.572s] rust_verify_test::ProveArraySeqStPer arrayseqstper_for_iter
        PASS [   1.616s] rust_verify_test::ProveArraySeqStPer arrayseqstper_loop_loop
        PASS [   1.625s] rust_verify_test::ProveBFSMtEph chap54_bfsmteph_bottom_up_for
        PASS [   1.622s] rust_verify_test::ProveBFSMtEph chap54_bfsmteph_bottom_up_loop
        PASS [   1.649s] rust_verify_test::ProveBFSMtEph chap54_bfsmteph_top_down_for
        PASS [   1.559s] rust_verify_test::ProveBFSMtEph chap54_bfsmteph_top_down_loop
        PASS [   1.642s] rust_verify_test::ProveBFSStEph chap54_bfssteph_bottom_up_for
        PASS [   1.528s] rust_verify_test::ProveBFSStEph chap54_bfssteph_bottom_up_loop
        PASS [   1.564s] rust_verify_test::ProveBFSStEph chap54_bfssteph_top_down_for
        PASS [   1.516s] rust_verify_test::ProveBFSStEph chap54_bfssteph_top_down_loop
        PASS [   1.622s] rust_verify_test::ProveBSTSetAVLMtEph bstsetavlmteph_for_borrow_iter
        PASS [   1.662s] rust_verify_test::ProveBSTSetAVLMtEph bstsetavlmteph_for_borrow_into
        PASS [   1.717s] rust_verify_test::ProveBSTSetAVLMtEph bstsetavlmteph_for_consume
        PASS [   1.756s] rust_verify_test::ProveBSTSetAVLMtEph bstsetavlmteph_loop_borrow_into
        PASS [   1.756s] rust_verify_test::ProveBSTSetAVLMtEph bstsetavlmteph_loop_borrow_iter
        PASS [   1.700s] rust_verify_test::ProveBSTSetAVLMtEph bstsetavlmteph_loop_consume
        PASS [   1.685s] rust_verify_test::ProveBSTSetBBAlphaMtEph bstsetbbalphamteph_for_borrow_iter
        PASS [   1.738s] rust_verify_test::ProveBSTSetBBAlphaMtEph bstsetbbalphamteph_for_borrow_into
        PASS [   1.612s] rust_verify_test::ProveBSTSetBBAlphaMtEph bstsetbbalphamteph_loop_borrow_into
        PASS [   1.655s] rust_verify_test::ProveBSTSetBBAlphaMtEph bstsetbbalphamteph_loop_borrow_iter
        PASS [   1.746s] rust_verify_test::ProveBSTSetPlainMtEph bstsetplainmteph_for_borrow_iter
        PASS [   1.793s] rust_verify_test::ProveBSTSetPlainMtEph bstsetplainmteph_for_borrow_into
        PASS [   1.635s] rust_verify_test::ProveBSTSetPlainMtEph bstsetplainmteph_loop_borrow_into
        PASS [   1.647s] rust_verify_test::ProveBSTSetPlainMtEph bstsetplainmteph_loop_borrow_iter
        PASS [   1.714s] rust_verify_test::ProveBSTSetRBMtEph bstsetrbmteph_for_borrow_into
        PASS [   1.777s] rust_verify_test::ProveBSTSetRBMtEph bstsetrbmteph_for_borrow_iter
        PASS [   1.672s] rust_verify_test::ProveBSTSetRBMtEph bstsetrbmteph_loop_borrow_into
        PASS [   1.654s] rust_verify_test::ProveBSTSetRBMtEph bstsetrbmteph_loop_borrow_iter
        PASS [   1.749s] rust_verify_test::ProveBSTSetRBMtEph bstsetrbmteph_for_consume
        PASS [   1.656s] rust_verify_test::ProveBSTSetRBMtEph bstsetrbmteph_loop_consume
        PASS [   1.821s] rust_verify_test::ProveBSTSetSplayMtEph bstsetsplaymteph_for_borrow_into
        PASS [   1.928s] rust_verify_test::ProveBSTSetSplayMtEph bstsetsplaymteph_for_borrow_iter
        PASS [   1.772s] rust_verify_test::ProveBSTSetSplayMtEph bstsetsplaymteph_for_consume
        PASS [   1.736s] rust_verify_test::ProveBSTSetSplayMtEph bstsetsplaymteph_loop_consume
        PASS [   1.827s] rust_verify_test::ProveBSTSetSplayMtEph bstsetsplaymteph_loop_borrow_into
        PASS [   1.947s] rust_verify_test::ProveBSTSetSplayMtEph bstsetsplaymteph_loop_borrow_iter
        PASS [   1.844s] rust_verify_test::ProveBalBinTreeStEph balbintree_for_inorder
        PASS [   1.828s] rust_verify_test::ProveBalBinTreeStEph balbintree_for_preorder
        PASS [   1.836s] rust_verify_test::ProveBalBinTreeStEph balbintree_leaf_iter_exhausted
        PASS [   1.891s] rust_verify_test::ProveBalBinTreeStEph balbintree_inorder_spec_match
        PASS [   1.734s] rust_verify_test::ProveBalBinTreeStEph balbintree_leaf_traversals_empty
        PASS [   2.014s] rust_verify_test::ProveBalBinTreeStEph balbintree_for_postorder
        PASS [   1.819s] rust_verify_test::ProveBalBinTreeStEph balbintree_loop_inorder
        PASS [   1.733s] rust_verify_test::ProveBalBinTreeStEph balbintree_postorder_spec_match
        PASS [   1.868s] rust_verify_test::ProveBalBinTreeStEph balbintree_loop_postorder
        PASS [   1.804s] rust_verify_test::ProveBalBinTreeStEph balbintree_preorder_spec_match
        PASS [   1.890s] rust_verify_test::ProveChap19ArraySeqMtEph chap19_arrayseqmteph_for_borrow_into
        PASS [   2.213s] rust_verify_test::ProveBalBinTreeStEph balbintree_loop_preorder
        PASS [   1.830s] rust_verify_test::ProveChap19ArraySeqMtEph chap19_arrayseqmteph_for_borrow_iter
        PASS [   1.841s] rust_verify_test::ProveChap19ArraySeqMtEph chap19_arrayseqmteph_loop_borrow_into
        PASS [   1.948s] rust_verify_test::ProveChap19ArraySeqMtEph chap19_arrayseqmteph_for_consume
        PASS [   1.731s] rust_verify_test::ProveChap19ArraySeqMtEph chap19_arrayseqmteph_loop_consume
        PASS [   1.879s] rust_verify_test::ProveChap19ArraySeqMtEph chap19_arrayseqmteph_loop_borrow_iter
        PASS [   2.316s] rust_verify_test::ProveChap19ArraySeqMtEphSlice slice_for_borrow_into
        PASS [   1.952s] rust_verify_test::ProveChap19ArraySeqMtEphSlice slice_for_borrow_iter
        PASS [   1.732s] rust_verify_test::ProveChap19ArraySeqStEph chap19_arrayseqsteph_for_borrow_into
        PASS [   1.895s] rust_verify_test::ProveChap19ArraySeqMtEphSlice slice_loop_borrow_iter
        PASS [   1.964s] rust_verify_test::ProveChap19ArraySeqMtEphSlice slice_operations
        PASS [   2.150s] rust_verify_test::ProveChap19ArraySeqMtEphSlice slice_iter_over_subslice
        PASS [   1.758s] rust_verify_test::ProveChap19ArraySeqStEph chap19_arrayseqsteph_for_borrow_iter
        PASS [   1.882s] rust_verify_test::ProveChap19ArraySeqStEph chap19_arrayseqsteph_for_consume
        PASS [   1.747s] rust_verify_test::ProveChap19ArraySeqStEph chap19_arrayseqsteph_loop_borrow_into
        PASS [   1.940s] rust_verify_test::ProveChap19ArraySeqStEph chap19_arrayseqsteph_loop_borrow_iter
        PASS [   1.937s] rust_verify_test::ProveChap19ArraySeqStEph chap19_arrayseqsteph_loop_consume
        PASS [   1.990s] rust_verify_test::ProveChap19ArraySeqStPer chap19_arrayseqstper_for_borrow_into
        PASS [   2.134s] rust_verify_test::ProveChap19ArraySeqStPer chap19_arrayseqstper_for_borrow_iter
        PASS [   1.849s] rust_verify_test::ProveChap19ArraySeqStPer chap19_arrayseqstper_for_consume
        PASS [   1.770s] rust_verify_test::ProveChap19ArraySeqStPer chap19_arrayseqstper_loop_borrow_into
        PASS [   1.759s] rust_verify_test::ProveChap19ArraySeqStPer chap19_arrayseqstper_loop_borrow_iter
        PASS [   1.797s] rust_verify_test::ProveKleeneStPer kleene_alphabet
        PASS [   2.091s] rust_verify_test::ProveChap19ArraySeqStPer chap19_arrayseqstper_loop_consume
        PASS [   1.968s] rust_verify_test::ProveKleeneStPer kleene_mem_plus
        PASS [   2.097s] rust_verify_test::ProveKleeneStPer kleene_mem_star
        PASS [   2.626s] rust_verify_test::ProveLinkedListStEph linkedliststeph_for_iter
        PASS [   2.362s] rust_verify_test::ProveLinkedListStEph linkedliststeph_loop_loop
        PASS [   2.637s] rust_verify_test::ProveLinkedListStPer linkedliststper_for_iter
        PASS [   2.857s] rust_verify_test::ProveLinkedListStPer linkedliststper_loop_loop
        PASS [   3.279s] rust_verify_test::ProveMathSeq mathseq_for_borrow_into
        PASS [   3.161s] rust_verify_test::ProveMathSeq mathseq_for_borrow_iter
        PASS [   3.397s] rust_verify_test::ProveMathSeq mathseq_for_consume
        PASS [   3.405s] rust_verify_test::ProveMathSeq mathseq_loop_borrow_into
        PASS [   3.250s] rust_verify_test::ProveMathSeq mathseq_loop_borrow_iter
        PASS [   3.047s] rust_verify_test::ProveMathSeq mathseq_loop_consume
        PASS [   3.272s] rust_verify_test::ProveOrderedSetStEph chap43_orderedsetsteph_for_borrow_into
        PASS [   3.357s] rust_verify_test::ProveOrderedSetStEph chap43_orderedsetsteph_for_borrow_iter
        PASS [   3.227s] rust_verify_test::ProveOrderedSetStEph chap43_orderedsetsteph_loop_borrow_iter
        PASS [   3.270s] rust_verify_test::ProveOrderedSetStEph chap43_orderedsetsteph_loop_borrow_into
        PASS [   3.093s] rust_verify_test::ProveOrderedSetStPer chap43_orderedsetstper_loop_borrow_iter
        PASS [   3.240s] rust_verify_test::ProveOrderedSetStPer chap43_orderedsetstper_for_borrow_iter
        PASS [   2.764s] rust_verify_test::ProveOrderedTableMtEph chap43_orderedtablemteph_for_borrow_into
        PASS [   2.505s] rust_verify_test::ProveOrderedTableMtEph chap43_orderedtablemteph_for_borrow_iter
        PASS [   2.070s] rust_verify_test::ProveOrderedTableMtEph chap43_orderedtablemteph_loop_borrow_into
        PASS [   2.302s] rust_verify_test::ProveOrderedTableMtEph chap43_orderedtablemteph_loop_borrow_iter
        PASS [   2.098s] rust_verify_test::ProveOrderedTableStEph chap43_orderedtablesteph_for_borrow_iter
        PASS [   2.433s] rust_verify_test::ProveOrderedTableStEph chap43_orderedtablesteph_for_borrow_into
        PASS [   2.496s] rust_verify_test::ProveOrderedTableStEph chap43_orderedtablesteph_loop_borrow_into
        PASS [   2.235s] rust_verify_test::ProveOrderedTableStEph chap43_orderedtablesteph_loop_borrow_iter
        PASS [   2.408s] rust_verify_test::ProveOrderedTableStPer chap43_orderedtablestper_for_borrow_into
        PASS [   2.195s] rust_verify_test::ProveOrderedTableStPer chap43_orderedtablestper_loop_borrow_into
        PASS [   2.494s] rust_verify_test::ProveOrderedTableStPer chap43_orderedtablestper_for_borrow_iter
        PASS [   2.387s] rust_verify_test::ProveOrderedTableStPer chap43_orderedtablestper_loop_borrow_iter
        PASS [   1.750s] rust_verify_test::ProvePrimTreeSeqStPer primtreeseq_for_borrow_iter
        PASS [   1.944s] rust_verify_test::ProvePrimTreeSeqStPer primtreeseq_for_borrow_into
        PASS [   1.747s] rust_verify_test::ProvePrimTreeSeqStPer primtreeseq_for_consume
        PASS [   1.798s] rust_verify_test::ProvePrimTreeSeqStPer primtreeseq_loop_borrow_into
        PASS [   1.803s] rust_verify_test::ProvePrimTreeSeqStPer primtreeseq_loop_borrow_iter
        PASS [   1.667s] rust_verify_test::ProvePrimTreeSeqStPer primtreeseq_loop_consume
        PASS [   1.734s] rust_verify_test::ProveSetMtEph set_mt_eph_for_borrow_into
        PASS [   1.727s] rust_verify_test::ProveSetMtEph set_mt_eph_for_borrow_iter
        PASS [   1.741s] rust_verify_test::ProveSetMtEph set_mt_eph_loop_borrow_into
        PASS [   1.706s] rust_verify_test::ProveSetStEph setsteph_for_borrow_into
        PASS [   1.970s] rust_verify_test::ProveSetMtEph set_mt_eph_loop_borrow_iter
        PASS [   1.739s] rust_verify_test::ProveSetStEph setsteph_for_borrow_iter
        PASS [   1.640s] rust_verify_test::ProveSetStEph setsteph_loop_borrow_iter
        PASS [   1.910s] rust_verify_test::ProveSetStEph setsteph_loop_borrow_into
        PASS [   1.648s] rust_verify_test::Provedeep_view_standard deep_view_standard_for_borrow_into
        PASS [   1.743s] rust_verify_test::Provedeep_view_standard deep_view_standard_for_borrow_iter
        PASS [   1.636s] rust_verify_test::Provedeep_view_standard deep_view_standard_for_consume
        PASS [   1.625s] rust_verify_test::Provedeep_view_standard deep_view_standard_loop_borrow_into
        PASS [   1.625s] rust_verify_test::Provedeep_view_standard deep_view_standard_loop_borrow_iter
        PASS [   1.563s] rust_verify_test::Provedeep_view_standard deep_view_standard_loop_consume
        PASS [   1.494s] rust_verify_test::Provedeep_view_standard deep_view_standard_simple
        PASS [   1.726s] rust_verify_test::Proveiterators_standard iterators_standard_for_borrow_iter
        PASS [   1.973s] rust_verify_test::Proveiterators_standard iterators_standard_for_borrow_into
        PASS [   1.821s] rust_verify_test::Proveiterators_standard iterators_standard_for_consume
        PASS [   2.035s] rust_verify_test::Proveiterators_standard iterators_standard_loop_borrow_into
        PASS [   2.114s] rust_verify_test::Proveiterators_standard iterators_standard_loop_borrow_iter
        PASS [   2.126s] rust_verify_test::Proveiterators_standard iterators_standard_loop_consume
        PASS [   2.158s] rust_verify_test::Provemod_standard mod_standard_for_borrow_into
        PASS [   2.113s] rust_verify_test::Provemod_standard mod_standard_for_borrow_iter
        PASS [   2.231s] rust_verify_test::Provemod_standard mod_standard_for_consume
        PASS [   2.186s] rust_verify_test::Provemod_standard mod_standard_loop_borrow_iter
        PASS [   2.376s] rust_verify_test::Provemod_standard mod_standard_loop_borrow_into
        PASS [   2.265s] rust_verify_test::Provemod_standard mod_standard_loop_consume
        PASS [   2.293s] rust_verify_test::Provetable_of_contents_standard toc_standard_for_borrow_into
        PASS [   2.424s] rust_verify_test::Provetable_of_contents_standard toc_standard_for_borrow_iter
        PASS [   2.249s] rust_verify_test::Provetable_of_contents_standard toc_standard_for_consume
        PASS [   2.168s] rust_verify_test::Provetable_of_contents_standard toc_standard_loop_borrow_into
        PASS [   2.213s] rust_verify_test::Provetable_of_contents_standard toc_standard_loop_borrow_iter
        PASS [   2.145s] rust_verify_test::Provetable_of_contents_standard toc_standard_loop_consume
        PASS [   2.040s] rust_verify_test::Proveusing_closures_standard closures_ghost_spec_fn
        PASS [   2.015s] rust_verify_test::Proveusing_closures_standard closures_inline_requires_ensures
        PASS [   2.125s] rust_verify_test::Proveusing_closures_standard closures_let_bind_ensures
        PASS [   1.914s] rust_verify_test::Proveusing_closures_standard closures_map_apply
        PASS [   2.154s] rust_verify_test::Proveview_standard view_standard_collection
        PASS [   2.030s] rust_verify_test::Proveview_standard view_standard_for_borrow_into
        PASS [   1.889s] rust_verify_test::Proveview_standard view_standard_for_borrow_iter
        PASS [   1.809s] rust_verify_test::Proveview_standard view_standard_for_consume
        PASS [   1.779s] rust_verify_test::Proveview_standard view_standard_loop_borrow_into
        PASS [   1.661s] rust_verify_test::Proveview_standard view_standard_loop_borrow_iter
        PASS [   1.536s] rust_verify_test::Proveview_standard view_standard_simple
        PASS [   1.672s] rust_verify_test::Proveview_standard view_standard_loop_consume
        PASS [   1.668s] rust_verify_test::Provewrapping_iterators_standard wrapping_for_borrow_into
        PASS [   1.711s] rust_verify_test::Provewrapping_iterators_standard wrapping_for_borrow_iter
        PASS [   1.623s] rust_verify_test::Provewrapping_iterators_standard wrapping_loop_borrow_into
        PASS [   1.656s] rust_verify_test::Provewrapping_iterators_standard wrapping_loop_borrow_iter
        PASS [   1.774s] rust_verify_test::RelationStEph relation_st_eph_for_iter
        PASS [   1.688s] rust_verify_test::RelationStEph relation_st_eph_loop_loop
        PASS [   1.789s] rust_verify_test::SetMtEph set_mt_eph_for_iter
        PASS [   1.647s] rust_verify_test::SetMtEph set_mt_eph_from_vec
        PASS [   1.721s] rust_verify_test::SetMtEph set_mt_eph_loop_loop
        PASS [   1.678s] rust_verify_test::SetStEph set_st_eph_for_iter
        PASS [   1.669s] rust_verify_test::SetStEph set_st_eph_from_vec
        PASS [   1.734s] rust_verify_test::SetStEph set_st_eph_loop_loop
        PASS [   1.479s] rust_verify_test::prove_MathSeq_iters mathseq_iter_nested
        PASS [   1.442s] rust_verify_test::prove_MathSeq_iters mathseq_iter_range
        PASS [   1.620s] rust_verify_test::prove_MathSeq_iters mathseq_iter_consuming
────────────
     Summary [  70.827s] 221 tests run: 221 passed, 0 skipped
Elapsed: 185s
