verification results:: 4352 verified, 0 errors
    Finished `release` profile [optimized] target(s) in 0.03s
────────────
 Nextest run ID f619ee3a-b172-4928-8137-fa0d757aa41b with nextest profile: default
    Starting 147 tests across 34 binaries
        PASS [   1.181s] rust_verify_test::HashSetWithViewPlus hash_set_wvp_loop_loop
        PASS [   1.184s] rust_verify_test::HashSetWithViewPlus hash_set_wvp_for_iter
        PASS [   1.212s] rust_verify_test::HashMapWithViewPlus hash_map_wvp_loop_loop
        PASS [   1.226s] rust_verify_test::HashMapWithViewPlus hash_map_wvp_for_iter
        PASS [   1.345s] rust_verify_test::MappingStEph mapping_st_eph_loop_loop
        PASS [   1.348s] rust_verify_test::MappingStEph mapping_st_eph_for_iter
        PASS [   1.212s] rust_verify_test::ProveAVLTreeSetMtEph avltreesetmteph_for_borrow_iter
        PASS [   1.239s] rust_verify_test::ProveArraySeq arrayseq_filter
        PASS [   1.263s] rust_verify_test::ProveAVLTreeSetMtEph avltreesetmteph_loop_borrow_iter
        PASS [   1.295s] rust_verify_test::ProveAVLTreeSetMtEph avltreesetmteph_for_borrow_into
        PASS [   1.191s] rust_verify_test::ProveArraySeq arrayseq_iterate
        PASS [   1.251s] rust_verify_test::ProveArraySeq arrayseq_for_iter
        PASS [   1.193s] rust_verify_test::ProveArraySeq arrayseq_iterate_prefixes
        PASS [   1.154s] rust_verify_test::ProveArraySeq arrayseq_map
        PASS [   1.187s] rust_verify_test::ProveArraySeq arrayseq_loop_loop
        PASS [   1.302s] rust_verify_test::ProveArraySeq arrayseq_reduce
        PASS [   1.345s] rust_verify_test::ProveArraySeq arrayseq_scan
        PASS [   1.307s] rust_verify_test::ProveArraySeq arrayseq_scan_inclusive
        PASS [   1.170s] rust_verify_test::ProveArraySeq arrayseq_tabulate
        PASS [   1.232s] rust_verify_test::ProveArraySeqMtEph arrayseqmteph_loop_loop
        PASS [   1.346s] rust_verify_test::ProveArraySeqMtEph arrayseqmteph_for_iter
        PASS [   1.206s] rust_verify_test::ProveArraySeqMtPer arrayseqmtper_for_iter
        PASS [   1.205s] rust_verify_test::ProveArraySeqMtPer arrayseqmtper_loop_loop
        PASS [   1.238s] rust_verify_test::ProveArraySeqStEph arrayseqsteph_for_borrow_into
        PASS [   1.232s] rust_verify_test::ProveArraySeqStEph arrayseqsteph_for_borrow_iter
        PASS [   1.291s] rust_verify_test::ProveArraySeqStEph arrayseqsteph_for_consume
        PASS [   1.209s] rust_verify_test::ProveArraySeqStEph arrayseqsteph_loop_borrow_into
        PASS [   1.204s] rust_verify_test::ProveArraySeqStEph arrayseqsteph_loop_borrow_iter
        PASS [   1.175s] rust_verify_test::ProveArraySeqStEph arrayseqsteph_loop_consume
        PASS [   1.217s] rust_verify_test::ProveArraySeqStPer arrayseqstper_for_iter
        PASS [   1.183s] rust_verify_test::ProveArraySeqStPer arrayseqstper_loop_loop
        PASS [   1.165s] rust_verify_test::ProveBFSStEph chap54_bfssteph_bottom_up_loop
        PASS [   1.192s] rust_verify_test::ProveBFSMtEph chap54_bfsmteph_top_down_loop
        PASS [   1.257s] rust_verify_test::ProveBFSMtEph chap54_bfsmteph_bottom_up_loop
        PASS [   1.175s] rust_verify_test::ProveBFSStEph chap54_bfssteph_top_down_loop
        PASS [   1.332s] rust_verify_test::ProveBalBinTreeStEph balbintree_for_inorder
        PASS [   1.294s] rust_verify_test::ProveBalBinTreeStEph balbintree_for_postorder
        PASS [   1.153s] rust_verify_test::ProveBalBinTreeStEph balbintree_inorder_spec_match
        PASS [   1.191s] rust_verify_test::ProveBalBinTreeStEph balbintree_leaf_iter_exhausted
        PASS [   1.288s] rust_verify_test::ProveBalBinTreeStEph balbintree_for_preorder
        PASS [   1.209s] rust_verify_test::ProveBalBinTreeStEph balbintree_leaf_traversals_empty
        PASS [   1.170s] rust_verify_test::ProveBalBinTreeStEph balbintree_loop_inorder
        PASS [   1.274s] rust_verify_test::ProveBalBinTreeStEph balbintree_loop_postorder
        PASS [   1.214s] rust_verify_test::ProveBalBinTreeStEph balbintree_loop_preorder
        PASS [   1.167s] rust_verify_test::ProveBalBinTreeStEph balbintree_postorder_spec_match
        PASS [   1.229s] rust_verify_test::ProveBalBinTreeStEph balbintree_preorder_spec_match
        PASS [   1.266s] rust_verify_test::ProveChap19ArraySeqMtEph chap19_arrayseqmteph_for_borrow_into
        PASS [   1.241s] rust_verify_test::ProveChap19ArraySeqMtEph chap19_arrayseqmteph_for_borrow_iter
        PASS [   1.190s] rust_verify_test::ProveChap19ArraySeqMtEph chap19_arrayseqmteph_loop_borrow_into
        PASS [   1.180s] rust_verify_test::ProveChap19ArraySeqMtEph chap19_arrayseqmteph_loop_borrow_iter
        PASS [   1.265s] rust_verify_test::ProveChap19ArraySeqMtEph chap19_arrayseqmteph_for_consume
        PASS [   1.243s] rust_verify_test::ProveChap19ArraySeqMtEph chap19_arrayseqmteph_loop_consume
        PASS [   1.211s] rust_verify_test::ProveChap19ArraySeqMtEphSlice slice_for_borrow_into
        PASS [   1.251s] rust_verify_test::ProveChap19ArraySeqMtEphSlice slice_for_borrow_iter
        PASS [   1.213s] rust_verify_test::ProveChap19ArraySeqMtEphSlice slice_loop_borrow_iter
        PASS [   1.269s] rust_verify_test::ProveChap19ArraySeqMtEphSlice slice_iter_over_subslice
        PASS [   1.305s] rust_verify_test::ProveChap19ArraySeqMtEphSlice slice_operations
        PASS [   1.245s] rust_verify_test::ProveChap19ArraySeqStEph chap19_arrayseqsteph_for_borrow_iter
        PASS [   1.273s] rust_verify_test::ProveChap19ArraySeqStEph chap19_arrayseqsteph_for_borrow_into
        PASS [   1.279s] rust_verify_test::ProveChap19ArraySeqStEph chap19_arrayseqsteph_for_consume
        PASS [   1.232s] rust_verify_test::ProveChap19ArraySeqStEph chap19_arrayseqsteph_loop_borrow_iter
        PASS [   1.284s] rust_verify_test::ProveChap19ArraySeqStEph chap19_arrayseqsteph_loop_borrow_into
        PASS [   1.208s] rust_verify_test::ProveChap19ArraySeqStEph chap19_arrayseqsteph_loop_consume
        PASS [   1.228s] rust_verify_test::ProveChap19ArraySeqStPer chap19_arrayseqstper_for_borrow_into
        PASS [   1.270s] rust_verify_test::ProveChap19ArraySeqStPer chap19_arrayseqstper_for_borrow_iter
        PASS [   1.242s] rust_verify_test::ProveChap19ArraySeqStPer chap19_arrayseqstper_for_consume
        PASS [   1.206s] rust_verify_test::ProveChap19ArraySeqStPer chap19_arrayseqstper_loop_borrow_into
        PASS [   1.199s] rust_verify_test::ProveChap19ArraySeqStPer chap19_arrayseqstper_loop_borrow_iter
        PASS [   1.200s] rust_verify_test::ProveChap19ArraySeqStPer chap19_arrayseqstper_loop_consume
        PASS [   1.154s] rust_verify_test::ProveKleeneStPer kleene_alphabet
        PASS [   1.240s] rust_verify_test::ProveKleeneStPer kleene_mem_plus
        PASS [   1.217s] rust_verify_test::ProveKleeneStPer kleene_mem_star
        PASS [   1.199s] rust_verify_test::ProveLinkedListStEph linkedliststeph_loop_loop
        PASS [   1.242s] rust_verify_test::ProveLinkedListStEph linkedliststeph_for_iter
        PASS [   1.230s] rust_verify_test::ProveLinkedListStPer linkedliststper_for_iter
        PASS [   1.227s] rust_verify_test::ProveLinkedListStPer linkedliststper_loop_loop
        PASS [   1.219s] rust_verify_test::ProveMathSeq mathseq_for_borrow_into
        PASS [   1.207s] rust_verify_test::ProveMathSeq mathseq_for_borrow_iter
        PASS [   1.261s] rust_verify_test::ProveMathSeq mathseq_for_consume
        PASS [   1.255s] rust_verify_test::ProveMathSeq mathseq_loop_borrow_into
        PASS [   1.245s] rust_verify_test::ProveMathSeq mathseq_loop_consume
        PASS [   1.303s] rust_verify_test::ProveMathSeq mathseq_loop_borrow_iter
        PASS [   1.359s] rust_verify_test::ProveOrderedTableStPer chap43_orderedtablestper_for_borrow_into
        PASS [   1.323s] rust_verify_test::ProveOrderedTableStPer chap43_orderedtablestper_for_borrow_iter
        PASS [   1.203s] rust_verify_test::ProvePrimTreeSeqStPer primtreeseq_for_borrow_into
        PASS [   1.236s] rust_verify_test::ProvePrimTreeSeqStPer primtreeseq_for_borrow_iter
        PASS [   1.438s] rust_verify_test::ProveOrderedTableStPer chap43_orderedtablestper_loop_borrow_iter
        PASS [   1.449s] rust_verify_test::ProveOrderedTableStPer chap43_orderedtablestper_loop_borrow_into
        PASS [   1.223s] rust_verify_test::ProvePrimTreeSeqStPer primtreeseq_for_consume
        PASS [   1.189s] rust_verify_test::ProvePrimTreeSeqStPer primtreeseq_loop_borrow_into
        PASS [   1.156s] rust_verify_test::ProvePrimTreeSeqStPer primtreeseq_loop_consume
        PASS [   1.226s] rust_verify_test::ProvePrimTreeSeqStPer primtreeseq_loop_borrow_iter
        PASS [   1.303s] rust_verify_test::ProveSetMtEph set_mt_eph_for_borrow_iter
        PASS [   1.327s] rust_verify_test::ProveSetMtEph set_mt_eph_for_borrow_into
        PASS [   1.261s] rust_verify_test::ProveSetMtEph set_mt_eph_loop_borrow_iter
        PASS [   1.229s] rust_verify_test::Provedeep_view_standard deep_view_standard_for_borrow_into
        PASS [   1.167s] rust_verify_test::Provedeep_view_standard deep_view_standard_for_borrow_iter
        PASS [   1.165s] rust_verify_test::Provedeep_view_standard deep_view_standard_for_consume
        PASS [   1.154s] rust_verify_test::Provedeep_view_standard deep_view_standard_loop_borrow_into
        PASS [   1.154s] rust_verify_test::Provedeep_view_standard deep_view_standard_loop_borrow_iter
        PASS [   1.207s] rust_verify_test::Provedeep_view_standard deep_view_standard_loop_consume
        PASS [   1.127s] rust_verify_test::Provedeep_view_standard deep_view_standard_simple
        PASS [   1.180s] rust_verify_test::Proveiterators_standard iterators_standard_for_borrow_iter
        PASS [   1.209s] rust_verify_test::Proveiterators_standard iterators_standard_for_borrow_into
        PASS [   1.203s] rust_verify_test::Proveiterators_standard iterators_standard_for_consume
        PASS [   1.216s] rust_verify_test::Proveiterators_standard iterators_standard_loop_borrow_into
        PASS [   1.133s] rust_verify_test::Proveiterators_standard iterators_standard_loop_consume
        PASS [   1.257s] rust_verify_test::Proveiterators_standard iterators_standard_loop_borrow_iter
        PASS [   1.172s] rust_verify_test::Provemod_standard mod_standard_for_borrow_into
        PASS [   1.167s] rust_verify_test::Provemod_standard mod_standard_for_borrow_iter
        PASS [   1.200s] rust_verify_test::Provemod_standard mod_standard_for_consume
        PASS [   1.155s] rust_verify_test::Provemod_standard mod_standard_loop_borrow_iter
        PASS [   1.253s] rust_verify_test::Provemod_standard mod_standard_loop_borrow_into
        PASS [   1.163s] rust_verify_test::Provemod_standard mod_standard_loop_consume
        PASS [   1.189s] rust_verify_test::Provetable_of_contents_standard toc_standard_for_borrow_into
        PASS [   1.231s] rust_verify_test::Provetable_of_contents_standard toc_standard_for_borrow_iter
        PASS [   1.204s] rust_verify_test::Provetable_of_contents_standard toc_standard_loop_borrow_into
        PASS [   1.234s] rust_verify_test::Provetable_of_contents_standard toc_standard_for_consume
        PASS [   1.227s] rust_verify_test::Provetable_of_contents_standard toc_standard_loop_borrow_iter
        PASS [   1.205s] rust_verify_test::Provetable_of_contents_standard toc_standard_loop_consume
        PASS [   1.127s] rust_verify_test::Proveusing_closures_standard closures_ghost_spec_fn
        PASS [   1.183s] rust_verify_test::Proveusing_closures_standard closures_inline_requires_ensures
        PASS [   1.130s] rust_verify_test::Proveusing_closures_standard closures_let_bind_ensures
        PASS [   1.162s] rust_verify_test::Proveusing_closures_standard closures_map_apply
        PASS [   1.117s] rust_verify_test::Proveview_standard view_standard_collection
        PASS [   1.244s] rust_verify_test::Proveview_standard view_standard_for_borrow_into
        PASS [   1.238s] rust_verify_test::Proveview_standard view_standard_for_borrow_iter
        PASS [   1.239s] rust_verify_test::Proveview_standard view_standard_for_consume
        PASS [   1.166s] rust_verify_test::Proveview_standard view_standard_loop_borrow_into
        PASS [   1.193s] rust_verify_test::Proveview_standard view_standard_loop_borrow_iter
        PASS [   1.177s] rust_verify_test::Proveview_standard view_standard_loop_consume
        PASS [   1.092s] rust_verify_test::Proveview_standard view_standard_simple
        PASS [   1.240s] rust_verify_test::Provewrapping_iterators_standard wrapping_for_borrow_into
        PASS [   1.228s] rust_verify_test::Provewrapping_iterators_standard wrapping_for_borrow_iter
        PASS [   1.122s] rust_verify_test::Provewrapping_iterators_standard wrapping_loop_borrow_into
        PASS [   1.196s] rust_verify_test::Provewrapping_iterators_standard wrapping_loop_borrow_iter
        PASS [   1.355s] rust_verify_test::RelationStEph relation_st_eph_for_iter
        PASS [   1.323s] rust_verify_test::RelationStEph relation_st_eph_loop_loop
        PASS [   1.298s] rust_verify_test::SetMtEph set_mt_eph_for_iter
        PASS [   1.208s] rust_verify_test::SetMtEph set_mt_eph_loop_loop
        PASS [   1.228s] rust_verify_test::SetMtEph set_mt_eph_from_vec
        PASS [   1.336s] rust_verify_test::SetStEph set_st_eph_for_iter
        PASS [   1.262s] rust_verify_test::SetStEph set_st_eph_from_vec
        PASS [   1.228s] rust_verify_test::SetStEph set_st_eph_loop_loop
        PASS [   1.136s] rust_verify_test::prove_MathSeq_iters mathseq_iter_consuming
        PASS [   1.114s] rust_verify_test::prove_MathSeq_iters mathseq_iter_nested
        PASS [   1.109s] rust_verify_test::prove_MathSeq_iters mathseq_iter_range
────────────
     Summary [  30.408s] 147 tests run: 147 passed, 0 skipped
Elapsed: 85s
