warning: Verus does not (yet) support autoderive Clone impl when the clone is not a copy; continuing, but without adding a specification for the derived Clone impl
  --> src/Chap52/AdjTableGraphStPer.rs:55:14
   |
55 |     #[derive(Clone)]
   |              ^^^^^

warning: Verus does not (yet) support autoderive Clone impl when the clone is not a copy; continuing, but without adding a specification for the derived Clone impl
  --> src/Chap52/AdjTableGraphMtPer.rs:50:14
   |
50 |     #[derive(Clone)]
   |              ^^^^^

warning: using ==> in `assert forall` does not currently assume the antecedent in the body; consider using `implies` instead of `==>`
   --> src/Chap52/AdjTableGraphStEph.rs:616:25
    |
616 |                         assert forall|j: int| #![trigger seq@[j]] 0 <= j < (i + 1) as int implies
    |                         ^^^^^^
    |
    = help: If you didn't mean to assume the antecedent, we're very curious to hear why! To tell us, please open an issue on the Verus issue tracker on github with the title `Don't always make assert forall assume the antecedent`. If no one opens such an issue, we'll soon change the behavior of Verus to always assume the antecedent of the outermost implication

warning: using ==> in `assert forall` does not currently assume the antecedent in the body; consider using `implies` instead of `==>`
   --> src/Chap52/AdjTableGraphStPer.rs:574:25
    |
574 |                         assert forall|j: int| #![trigger seq@[j]] 0 <= j < (i + 1) as int implies
    |                         ^^^^^^
    |
    = help: If you didn't mean to assume the antecedent, we're very curious to hear why! To tell us, please open an issue on the Verus issue tracker on github with the title `Don't always make assert forall assume the antecedent`. If no one opens such an issue, we'll soon change the behavior of Verus to always assume the antecedent of the outermost implication

note: automatically chose triggers for this expression:
   --> src/Chap52/AdjTableGraphStPer.rs:327:37
    |
327 |   ...                   let j = choose|j: int| 0 <= j < i
    |  _______________________________^
328 | | ...                       && self.adj.entries@[j].0 == v;
    | |________________________________________________________^

note:   trigger 1 of 1:
   --> src/Chap52/AdjTableGraphStPer.rs:328:36
    |
328 | ...                   && self.adj.entries@[j].0 == v;
    |                          ^^^^^^^^^^^^^^^^^^^^

note: automatically chose triggers for this expression:
   --> src/Chap52/AdjTableGraphStPer.rs:323:33
    |
323 |                           implies exists|j: int| 0 <= j < i + 1
    |  _________________________________^
324 | |                             && self.adj.entries@[j].0 == v
    | |__________________________________________________________^

note:   trigger 1 of 1:
   --> src/Chap52/AdjTableGraphStPer.rs:324:32
    |
324 | ...                   && self.adj.entries@[j].0 == v
    |                          ^^^^^^^^^^^^^^^^^^^^

note: automatically chose triggers for this expression:
   --> src/Chap52/AdjTableGraphStPer.rs:301:29
    |
301 |                           ==> exists|j: int| 0 <= j < i
    |  _____________________________^
302 | |                             && self.adj.entries@[j].0 == v,
    | |__________________________________________________________^

note:   trigger 1 of 1:
   --> src/Chap52/AdjTableGraphStPer.rs:302:32
    |
302 | ...                   && self.adj.entries@[j].0 == v,
    |                          ^^^^^^^^^^^^^^^^^^^^

note: automatically chose triggers for this expression:
   --> src/Chap52/AdjTableGraphStPer.rs:344:33
    |
344 |                           let j = choose|j: int| 0 <= j < len as int
    |  _________________________________^
345 | |                             && self.adj.entries@[j].0 == v;
    | |__________________________________________________________^

note:   trigger 1 of 1:
   --> src/Chap52/AdjTableGraphStPer.rs:345:32
    |
345 | ...                   && self.adj.entries@[j].0 == v;
    |                          ^^^^^^^^^^^^^^^^^^^^

note: Verus printed one or more automatically chosen quantifier triggers
      because it had low confidence in the chosen triggers.
      To suppress these messages, do one of the following:
        (1) manually annotate a single desired trigger using #[trigger]
            (example: forall|i: int, j: int| f(i) && #[trigger] g(i) && #[trigger] h(j)),
        (2) manually annotate multiple desired triggers using #![trigger ...]
            (example: forall|i: int| #![trigger f(i)] #![trigger g(i)] f(i) && g(i)),
        (3) accept the automatically chosen trigger using #![auto]
            (example: forall|i: int, j: int| #![auto] f(i) && g(i) && h(j))
        (4) use the --triggers-mode silent command-line option to suppress all printing of triggers.
      (Note: triggers are used by the underlying SMT theorem prover to instantiate quantifiers;
      the theorem prover instantiates a quantifier whenever some expression matches the
      pattern specified by one of the quantifier's triggers.)
   --> src/Chap52/AdjTableGraphStPer.rs:344:33
    |
344 |                           let j = choose|j: int| 0 <= j < len as int
    |  _________________________________^
345 | |                             && self.adj.entries@[j].0 == v;
    | |__________________________________________________________^

verification results:: 5391 verified, 0 errors
warning: 4 warnings emitted

    Finished `release` profile [optimized] target(s) in 0.03s
────────────
 Nextest run ID befcee0d-0145-4bda-9d1d-cb0354aebe05 with nextest profile: default
    Starting 157 tests across 37 binaries
        PASS [   1.265s] rust_verify_test::HashSetWithViewPlus hash_set_wvp_for_iter
        PASS [   1.275s] rust_verify_test::HashSetWithViewPlus hash_set_wvp_loop_loop
        PASS [   1.277s] rust_verify_test::HashMapWithViewPlus hash_map_wvp_for_iter
        PASS [   1.277s] rust_verify_test::HashMapWithViewPlus hash_map_wvp_loop_loop
        PASS [   1.391s] rust_verify_test::MappingStEph mapping_st_eph_loop_loop
        PASS [   1.439s] rust_verify_test::MappingStEph mapping_st_eph_for_iter
        PASS [   1.309s] rust_verify_test::ProveAVLTreeSeq avltreeseq_for_borrow_iter
        PASS [   1.323s] rust_verify_test::ProveAVLTreeSetMtEph avltreesetmteph_for_borrow_into
        PASS [   1.337s] rust_verify_test::ProveAVLTreeSetMtEph avltreesetmteph_for_borrow_iter
        PASS [   1.363s] rust_verify_test::ProveAVLTreeSeq avltreeseq_loop_borrow_iter
        PASS [   1.293s] rust_verify_test::ProveAVLTreeSetMtEph avltreesetmteph_loop_borrow_iter
        PASS [   1.310s] rust_verify_test::ProveArraySeq arrayseq_filter
        PASS [   1.224s] rust_verify_test::ProveArraySeq arrayseq_iterate
        PASS [   1.262s] rust_verify_test::ProveArraySeq arrayseq_iterate_prefixes
        PASS [   1.321s] rust_verify_test::ProveArraySeq arrayseq_for_iter
        PASS [   1.283s] rust_verify_test::ProveArraySeq arrayseq_loop_loop
        PASS [   1.262s] rust_verify_test::ProveArraySeq arrayseq_map
        PASS [   1.399s] rust_verify_test::ProveArraySeq arrayseq_reduce
        PASS [   1.164s] rust_verify_test::ProveArraySeq arrayseq_tabulate
        PASS [   1.268s] rust_verify_test::ProveArraySeqMtEph arrayseqmteph_loop_loop
        PASS [   1.343s] rust_verify_test::ProveArraySeqMtEph arrayseqmteph_for_iter
        PASS [   1.395s] rust_verify_test::ProveArraySeq arrayseq_scan_inclusive
        PASS [   1.459s] rust_verify_test::ProveArraySeq arrayseq_scan
        PASS [   1.293s] rust_verify_test::ProveArraySeqMtPer arrayseqmtper_for_iter
        PASS [   1.250s] rust_verify_test::ProveArraySeqMtPer arrayseqmtper_loop_loop
        PASS [   1.345s] rust_verify_test::ProveArraySeqStEph arrayseqsteph_for_borrow_into
        PASS [   1.303s] rust_verify_test::ProveArraySeqStEph arrayseqsteph_for_borrow_iter
        PASS [   1.283s] rust_verify_test::ProveArraySeqStEph arrayseqsteph_loop_borrow_into
        PASS [   1.310s] rust_verify_test::ProveArraySeqStEph arrayseqsteph_for_consume
        PASS [   1.262s] rust_verify_test::ProveArraySeqStEph arrayseqsteph_loop_borrow_iter
        PASS [   1.249s] rust_verify_test::ProveArraySeqStEph arrayseqsteph_loop_consume
        PASS [   1.228s] rust_verify_test::ProveBFSMtEph chap54_bfsmteph_top_down_loop
        PASS [   1.268s] rust_verify_test::ProveArraySeqStPer arrayseqstper_loop_loop
        PASS [   1.284s] rust_verify_test::ProveArraySeqStPer arrayseqstper_for_iter
        PASS [   1.297s] rust_verify_test::ProveBFSMtEph chap54_bfsmteph_bottom_up_loop
        PASS [   1.248s] rust_verify_test::ProveBFSStEph chap54_bfssteph_bottom_up_loop
        PASS [   1.269s] rust_verify_test::ProveBFSStEph chap54_bfssteph_top_down_loop
        PASS [   1.317s] rust_verify_test::ProveBalBinTreeStEph balbintree_for_inorder
        PASS [   1.269s] rust_verify_test::ProveBalBinTreeStEph balbintree_inorder_spec_match
        PASS [   1.350s] rust_verify_test::ProveBalBinTreeStEph balbintree_for_postorder
        PASS [   1.347s] rust_verify_test::ProveBalBinTreeStEph balbintree_for_preorder
        PASS [   1.259s] rust_verify_test::ProveBalBinTreeStEph balbintree_leaf_iter_exhausted
        PASS [   1.285s] rust_verify_test::ProveBalBinTreeStEph balbintree_leaf_traversals_empty
        PASS [   1.246s] rust_verify_test::ProveBalBinTreeStEph balbintree_preorder_spec_match
        PASS [   1.283s] rust_verify_test::ProveBalBinTreeStEph balbintree_postorder_spec_match
        PASS [   1.350s] rust_verify_test::ProveBalBinTreeStEph balbintree_loop_inorder
        PASS [   1.328s] rust_verify_test::ProveBalBinTreeStEph balbintree_loop_preorder
        PASS [   1.444s] rust_verify_test::ProveBalBinTreeStEph balbintree_loop_postorder
        PASS [   1.285s] rust_verify_test::ProveChap19ArraySeqMtEph chap19_arrayseqmteph_for_borrow_into
        PASS [   1.262s] rust_verify_test::ProveChap19ArraySeqMtEph chap19_arrayseqmteph_loop_borrow_into
        PASS [   1.335s] rust_verify_test::ProveChap19ArraySeqMtEph chap19_arrayseqmteph_for_borrow_iter
        PASS [   1.326s] rust_verify_test::ProveChap19ArraySeqMtEph chap19_arrayseqmteph_for_consume
        PASS [   1.288s] rust_verify_test::ProveChap19ArraySeqMtEph chap19_arrayseqmteph_loop_borrow_iter
        PASS [   1.363s] rust_verify_test::ProveChap19ArraySeqMtEph chap19_arrayseqmteph_loop_consume
        PASS [   1.350s] rust_verify_test::ProveChap19ArraySeqMtEphSlice slice_for_borrow_into
        PASS [   1.336s] rust_verify_test::ProveChap19ArraySeqMtEphSlice slice_iter_over_subslice
        PASS [   1.347s] rust_verify_test::ProveChap19ArraySeqMtEphSlice slice_operations
        PASS [   1.354s] rust_verify_test::ProveChap19ArraySeqMtEphSlice slice_loop_borrow_iter
        PASS [   1.421s] rust_verify_test::ProveChap19ArraySeqMtEphSlice slice_for_borrow_iter
        PASS [   1.410s] rust_verify_test::ProveChap19ArraySeqStEph chap19_arrayseqsteph_for_borrow_into
        PASS [   1.292s] rust_verify_test::ProveChap19ArraySeqStEph chap19_arrayseqsteph_for_borrow_iter
        PASS [   1.283s] rust_verify_test::ProveChap19ArraySeqStEph chap19_arrayseqsteph_loop_borrow_iter
        PASS [   1.287s] rust_verify_test::ProveChap19ArraySeqStEph chap19_arrayseqsteph_loop_borrow_into
        PASS [   1.328s] rust_verify_test::ProveChap19ArraySeqStEph chap19_arrayseqsteph_for_consume
        PASS [   1.336s] rust_verify_test::ProveChap19ArraySeqStEph chap19_arrayseqsteph_loop_consume
        PASS [   1.321s] rust_verify_test::ProveChap19ArraySeqStPer chap19_arrayseqstper_for_borrow_into
        PASS [   1.300s] rust_verify_test::ProveChap19ArraySeqStPer chap19_arrayseqstper_for_borrow_iter
        PASS [   1.303s] rust_verify_test::ProveChap19ArraySeqStPer chap19_arrayseqstper_loop_borrow_into
        PASS [   1.342s] rust_verify_test::ProveChap19ArraySeqStPer chap19_arrayseqstper_for_consume
        PASS [   1.343s] rust_verify_test::ProveChap19ArraySeqStPer chap19_arrayseqstper_loop_borrow_iter
        PASS [   1.377s] rust_verify_test::ProveChap19ArraySeqStPer chap19_arrayseqstper_loop_consume
        PASS [   1.259s] rust_verify_test::ProveKleeneStPer kleene_alphabet
        PASS [   1.279s] rust_verify_test::ProveKleeneStPer kleene_mem_plus
        PASS [   1.298s] rust_verify_test::ProveKleeneStPer kleene_mem_star
        PASS [   1.356s] rust_verify_test::ProveLinkedListStEph linkedliststeph_loop_loop
        PASS [   1.379s] rust_verify_test::ProveLinkedListStEph linkedliststeph_for_iter
        PASS [   1.389s] rust_verify_test::ProveLinkedListStPer linkedliststper_for_iter
        PASS [   1.343s] rust_verify_test::ProveLinkedListStPer linkedliststper_loop_loop
        PASS [   1.295s] rust_verify_test::ProveMathSeq mathseq_for_borrow_into
        PASS [   1.340s] rust_verify_test::ProveMathSeq mathseq_for_borrow_iter
        PASS [   1.361s] rust_verify_test::ProveMathSeq mathseq_for_consume
        PASS [   1.441s] rust_verify_test::ProveMathSeq mathseq_loop_borrow_into
        PASS [   1.355s] rust_verify_test::ProveMathSeq mathseq_loop_consume
        PASS [   1.370s] rust_verify_test::ProveMathSeq mathseq_loop_borrow_iter
        PASS [   1.327s] rust_verify_test::ProveOrderedSetStEph chap43_orderedsetsteph_for_borrow_into
        PASS [   1.336s] rust_verify_test::ProveOrderedSetStEph chap43_orderedsetsteph_for_borrow_iter
        PASS [   1.328s] rust_verify_test::ProveOrderedSetStEph chap43_orderedsetsteph_loop_borrow_into
        PASS [   1.316s] rust_verify_test::ProveOrderedSetStEph chap43_orderedsetsteph_loop_borrow_iter
        PASS [   1.386s] rust_verify_test::ProveOrderedTableStEph chap43_orderedtablesteph_for_borrow_into
        PASS [   1.422s] rust_verify_test::ProveOrderedTableStEph chap43_orderedtablesteph_for_borrow_iter
        PASS [   1.365s] rust_verify_test::ProveOrderedTableStEph chap43_orderedtablesteph_loop_borrow_into
        PASS [   1.406s] rust_verify_test::ProveOrderedTableStEph chap43_orderedtablesteph_loop_borrow_iter
        PASS [   1.450s] rust_verify_test::ProveOrderedTableStPer chap43_orderedtablestper_for_borrow_into
        PASS [   1.452s] rust_verify_test::ProveOrderedTableStPer chap43_orderedtablestper_for_borrow_iter
        PASS [   1.398s] rust_verify_test::ProveOrderedTableStPer chap43_orderedtablestper_loop_borrow_into
        PASS [   1.406s] rust_verify_test::ProveOrderedTableStPer chap43_orderedtablestper_loop_borrow_iter
        PASS [   1.306s] rust_verify_test::ProvePrimTreeSeqStPer primtreeseq_for_borrow_into
        PASS [   1.294s] rust_verify_test::ProvePrimTreeSeqStPer primtreeseq_for_borrow_iter
        PASS [   1.338s] rust_verify_test::ProvePrimTreeSeqStPer primtreeseq_for_consume
        PASS [   1.300s] rust_verify_test::ProvePrimTreeSeqStPer primtreeseq_loop_borrow_into
        PASS [   1.326s] rust_verify_test::ProvePrimTreeSeqStPer primtreeseq_loop_borrow_iter
        PASS [   1.342s] rust_verify_test::ProvePrimTreeSeqStPer primtreeseq_loop_consume
        PASS [   1.352s] rust_verify_test::ProveSetMtEph set_mt_eph_for_borrow_into
        PASS [   1.318s] rust_verify_test::ProveSetMtEph set_mt_eph_for_borrow_iter
        PASS [   1.316s] rust_verify_test::ProveSetMtEph set_mt_eph_loop_borrow_iter
        PASS [   1.358s] rust_verify_test::Provedeep_view_standard deep_view_standard_for_borrow_into
        PASS [   1.299s] rust_verify_test::Provedeep_view_standard deep_view_standard_for_borrow_iter
        PASS [   1.329s] rust_verify_test::Provedeep_view_standard deep_view_standard_for_consume
        PASS [   1.219s] rust_verify_test::Provedeep_view_standard deep_view_standard_loop_borrow_into
        PASS [   1.257s] rust_verify_test::Provedeep_view_standard deep_view_standard_loop_borrow_iter
        PASS [   1.210s] rust_verify_test::Provedeep_view_standard deep_view_standard_simple
        PASS [   1.299s] rust_verify_test::Provedeep_view_standard deep_view_standard_loop_consume
        PASS [   1.267s] rust_verify_test::Proveiterators_standard iterators_standard_for_borrow_into
        PASS [   1.274s] rust_verify_test::Proveiterators_standard iterators_standard_for_borrow_iter
        PASS [   1.264s] rust_verify_test::Proveiterators_standard iterators_standard_for_consume
        PASS [   1.289s] rust_verify_test::Proveiterators_standard iterators_standard_loop_borrow_into
        PASS [   1.259s] rust_verify_test::Proveiterators_standard iterators_standard_loop_consume
        PASS [   1.285s] rust_verify_test::Proveiterators_standard iterators_standard_loop_borrow_iter
        PASS [   1.271s] rust_verify_test::Provemod_standard mod_standard_for_borrow_into
        PASS [   1.331s] rust_verify_test::Provemod_standard mod_standard_for_borrow_iter
        PASS [   1.271s] rust_verify_test::Provemod_standard mod_standard_for_consume
        PASS [   1.276s] rust_verify_test::Provemod_standard mod_standard_loop_borrow_into
        PASS [   1.248s] rust_verify_test::Provemod_standard mod_standard_loop_consume
        PASS [   1.279s] rust_verify_test::Provemod_standard mod_standard_loop_borrow_iter
        PASS [   1.304s] rust_verify_test::Provetable_of_contents_standard toc_standard_for_borrow_into
        PASS [   1.366s] rust_verify_test::Provetable_of_contents_standard toc_standard_for_borrow_iter
        PASS [   1.323s] rust_verify_test::Provetable_of_contents_standard toc_standard_for_consume
        PASS [   1.238s] rust_verify_test::Provetable_of_contents_standard toc_standard_loop_borrow_into
        PASS [   1.265s] rust_verify_test::Provetable_of_contents_standard toc_standard_loop_consume
        PASS [   1.352s] rust_verify_test::Provetable_of_contents_standard toc_standard_loop_borrow_iter
        PASS [   1.321s] rust_verify_test::Proveusing_closures_standard closures_ghost_spec_fn
        PASS [   1.232s] rust_verify_test::Proveusing_closures_standard closures_inline_requires_ensures
        PASS [   1.284s] rust_verify_test::Proveusing_closures_standard closures_let_bind_ensures
        PASS [   1.232s] rust_verify_test::Proveusing_closures_standard closures_map_apply
        PASS [   1.216s] rust_verify_test::Proveview_standard view_standard_collection
        PASS [   1.271s] rust_verify_test::Proveview_standard view_standard_for_borrow_into
        PASS [   1.337s] rust_verify_test::Proveview_standard view_standard_for_borrow_iter
        PASS [   1.324s] rust_verify_test::Proveview_standard view_standard_for_consume
        PASS [   1.308s] rust_verify_test::Proveview_standard view_standard_loop_borrow_into
        PASS [   1.365s] rust_verify_test::Proveview_standard view_standard_loop_borrow_iter
        PASS [   1.244s] rust_verify_test::Proveview_standard view_standard_loop_consume
        PASS [   1.210s] rust_verify_test::Proveview_standard view_standard_simple
        PASS [   1.332s] rust_verify_test::Provewrapping_iterators_standard wrapping_for_borrow_into
        PASS [   1.309s] rust_verify_test::Provewrapping_iterators_standard wrapping_for_borrow_iter
        PASS [   1.311s] rust_verify_test::Provewrapping_iterators_standard wrapping_loop_borrow_into
        PASS [   1.300s] rust_verify_test::Provewrapping_iterators_standard wrapping_loop_borrow_iter
        PASS [   1.409s] rust_verify_test::RelationStEph relation_st_eph_for_iter
        PASS [   1.425s] rust_verify_test::RelationStEph relation_st_eph_loop_loop
        PASS [   1.348s] rust_verify_test::SetMtEph set_mt_eph_for_iter
        PASS [   1.380s] rust_verify_test::SetMtEph set_mt_eph_from_vec
        PASS [   1.327s] rust_verify_test::SetMtEph set_mt_eph_loop_loop
        PASS [   1.360s] rust_verify_test::SetStEph set_st_eph_for_iter
        PASS [   1.368s] rust_verify_test::SetStEph set_st_eph_from_vec
        PASS [   1.355s] rust_verify_test::SetStEph set_st_eph_loop_loop
        PASS [   1.225s] rust_verify_test::prove_MathSeq_iters mathseq_iter_consuming
        PASS [   1.216s] rust_verify_test::prove_MathSeq_iters mathseq_iter_nested
        PASS [   1.161s] rust_verify_test::prove_MathSeq_iters mathseq_iter_range
────────────
     Summary [  34.734s] 157 tests run: 157 passed, 0 skipped
Elapsed: 157s
