verification results:: 5578 verified, 0 errors
    Updating crates.io index
     Locking 54 packages to latest compatible versions
      Adding yansi v0.5.1 (available: v1.0.1)
 Downloading crates ...
  Downloaded fastrand v2.4.1
  Downloaded libc v0.2.184
   Compiling proc-macro2 v1.0.106
   Compiling quote v1.0.45
   Compiling unicode-ident v1.0.24
   Compiling libc v0.2.184
   Compiling memchr v2.8.0
   Compiling serde_core v1.0.228
   Compiling zmij v1.0.21
   Compiling getrandom v0.4.2
   Compiling rustix v1.1.4
   Compiling regex-syntax v0.8.10
   Compiling serde v1.0.228
   Compiling cfg-if v1.0.4
   Compiling bitflags v2.11.0
   Compiling linux-raw-sys v0.12.1
   Compiling serde_json v1.0.149
   Compiling fastrand v2.4.1
   Compiling once_cell v1.21.4
   Compiling itoa v1.0.18
   Compiling yansi v0.5.1
   Compiling aho-corasick v1.1.4
   Compiling syn v2.0.117
   Compiling tempfile v3.27.0
   Compiling regex-automata v0.4.14
   Compiling serde_derive v1.0.228
   Compiling rust_verify_test_macros v0.1.0 (/home/milnes/projects/verus/source/rust_verify_test_macros)
   Compiling regex v1.12.3
   Compiling rust_verify_test v0.1.0 (/home/milnes/projects/APAS-VERUS-agent6/rust_verify_test)
    Finished `release` profile [optimized] target(s) in 18.91s
────────────
 Nextest run ID 061ad0d3-93bf-4b59-806e-fd8d3d3af57f with nextest profile: default
    Starting 221 tests across 48 binaries
        PASS [   2.078s] rust_verify_test::HashSetWithViewPlus hash_set_wvp_loop_loop
        PASS [   2.150s] rust_verify_test::HashSetWithViewPlus hash_set_wvp_for_iter
        PASS [   2.179s] rust_verify_test::MappingStEph mapping_st_eph_loop_loop
        PASS [   2.230s] rust_verify_test::HashMapWithViewPlus hash_map_wvp_for_iter
        PASS [   2.379s] rust_verify_test::HashMapWithViewPlus hash_map_wvp_loop_loop
        PASS [   2.532s] rust_verify_test::MappingStEph mapping_st_eph_for_iter
        PASS [   2.061s] rust_verify_test::ProveAVLTreeSeq avltreeseq_for_borrow_into
        PASS [   2.142s] rust_verify_test::ProveAVLTreeSeq avltreeseq_for_borrow_iter
        PASS [   1.975s] rust_verify_test::ProveAVLTreeSeqMtPer avltreeseqmtper_for_borrow_into
        PASS [   2.252s] rust_verify_test::ProveAVLTreeSeq avltreeseq_loop_borrow_iter
        PASS [   2.375s] rust_verify_test::ProveAVLTreeSeq avltreeseq_loop_borrow_into
        PASS [   2.066s] rust_verify_test::ProveAVLTreeSeqMtPer avltreeseqmtper_for_borrow_iter
        PASS [   1.930s] rust_verify_test::ProveAVLTreeSeqMtPer avltreeseqmtper_loop_borrow_into
        PASS [   2.078s] rust_verify_test::ProveAVLTreeSeqStEph avltreeseqsteph_for_borrow_into
        PASS [   1.912s] rust_verify_test::ProveAVLTreeSeqStEph avltreeseqsteph_loop_borrow_into
        PASS [   2.082s] rust_verify_test::ProveAVLTreeSeqStEph avltreeseqsteph_for_borrow_iter
        PASS [   2.286s] rust_verify_test::ProveAVLTreeSeqMtPer avltreeseqmtper_loop_borrow_iter
        PASS [   2.122s] rust_verify_test::ProveAVLTreeSeqStEph avltreeseqsteph_loop_borrow_iter
        PASS [   2.025s] rust_verify_test::ProveAVLTreeSeqStPer avltreeseqstper_loop_borrow_into
        PASS [   2.448s] rust_verify_test::ProveAVLTreeSeqStPer avltreeseqstper_for_borrow_into
        PASS [   1.968s] rust_verify_test::ProveAVLTreeSeqStPer avltreeseqstper_loop_borrow_iter
        PASS [   2.105s] rust_verify_test::ProveAVLTreeSeqStPer avltreeseqstper_for_borrow_iter
        PASS [   2.099s] rust_verify_test::ProveAVLTreeSetMtEph avltreesetmteph_for_borrow_into
        PASS [   1.978s] rust_verify_test::ProveAVLTreeSetMtEph avltreesetmteph_for_borrow_iter
        PASS [   1.846s] rust_verify_test::ProveAVLTreeSetMtEph avltreesetmteph_loop_borrow_iter
        PASS [   1.990s] rust_verify_test::ProveArraySeq arrayseq_for_iter
        PASS [   1.916s] rust_verify_test::ProveArraySeq arrayseq_iterate
        PASS [   2.113s] rust_verify_test::ProveAVLTreeSetMtEph avltreesetmteph_loop_borrow_into
        PASS [   1.982s] rust_verify_test::ProveArraySeq arrayseq_iterate_prefixes
        PASS [   2.295s] rust_verify_test::ProveArraySeq arrayseq_filter
        PASS [   2.331s] rust_verify_test::ProveArraySeq arrayseq_loop_loop
        PASS [   2.325s] rust_verify_test::ProveArraySeq arrayseq_map
        PASS [   2.376s] rust_verify_test::ProveArraySeq arrayseq_reduce
        PASS [   2.200s] rust_verify_test::ProveArraySeq arrayseq_tabulate
        PASS [   2.611s] rust_verify_test::ProveArraySeq arrayseq_scan_inclusive
        PASS [   2.698s] rust_verify_test::ProveArraySeq arrayseq_scan
        PASS [   2.675s] rust_verify_test::ProveArraySeqMtEph arrayseqmteph_for_borrow_into
        PASS [   2.407s] rust_verify_test::ProveArraySeqMtEph arrayseqmteph_for_iter
        PASS [   2.537s] rust_verify_test::ProveArraySeqMtEph arrayseqmteph_for_consume
        PASS [   2.623s] rust_verify_test::ProveArraySeqMtEph arrayseqmteph_loop_borrow_into
        PASS [   2.476s] rust_verify_test::ProveArraySeqMtEph arrayseqmteph_loop_loop
        PASS [   2.555s] rust_verify_test::ProveArraySeqMtEph arrayseqmteph_loop_consume
        PASS [   2.333s] rust_verify_test::ProveArraySeqMtPer arrayseqmtper_for_consume
        PASS [   2.637s] rust_verify_test::ProveArraySeqMtPer arrayseqmtper_for_iter
        PASS [   2.686s] rust_verify_test::ProveArraySeqMtPer arrayseqmtper_for_borrow_into
        PASS [   2.494s] rust_verify_test::ProveArraySeqMtPer arrayseqmtper_loop_borrow_into
        PASS [   2.656s] rust_verify_test::ProveArraySeqMtPer arrayseqmtper_loop_consume
        PASS [   2.696s] rust_verify_test::ProveArraySeqMtPer arrayseqmtper_loop_loop
        PASS [   2.423s] rust_verify_test::ProveArraySeqStEph arrayseqsteph_for_borrow_into
        PASS [   2.547s] rust_verify_test::ProveArraySeqStEph arrayseqsteph_for_consume
        PASS [   2.613s] rust_verify_test::ProveArraySeqStEph arrayseqsteph_for_borrow_iter
        PASS [   2.631s] rust_verify_test::ProveArraySeqStEph arrayseqsteph_loop_borrow_into
        PASS [   2.320s] rust_verify_test::ProveArraySeqStEph arrayseqsteph_loop_consume
        PASS [   2.589s] rust_verify_test::ProveArraySeqStEph arrayseqsteph_loop_borrow_iter
        PASS [   2.104s] rust_verify_test::ProveArraySeqStPer arrayseqstper_for_iter
        PASS [   1.947s] rust_verify_test::ProveArraySeqStPer arrayseqstper_loop_loop
        PASS [   1.913s] rust_verify_test::ProveBFSMtEph chap54_bfsmteph_bottom_up_for
        PASS [   1.858s] rust_verify_test::ProveBFSMtEph chap54_bfsmteph_bottom_up_loop
        PASS [   1.841s] rust_verify_test::ProveBFSMtEph chap54_bfsmteph_top_down_loop
        PASS [   2.015s] rust_verify_test::ProveBFSMtEph chap54_bfsmteph_top_down_for
        PASS [   1.920s] rust_verify_test::ProveBFSStEph chap54_bfssteph_bottom_up_for
        PASS [   1.724s] rust_verify_test::ProveBFSStEph chap54_bfssteph_top_down_loop
        PASS [   1.849s] rust_verify_test::ProveBFSStEph chap54_bfssteph_bottom_up_loop
        PASS [   2.096s] rust_verify_test::ProveBFSStEph chap54_bfssteph_top_down_for
        PASS [   1.923s] rust_verify_test::ProveBSTSetAVLMtEph bstsetavlmteph_for_borrow_iter
        PASS [   2.059s] rust_verify_test::ProveBSTSetAVLMtEph bstsetavlmteph_for_borrow_into
        PASS [   2.039s] rust_verify_test::ProveBSTSetAVLMtEph bstsetavlmteph_for_consume
        PASS [   1.871s] rust_verify_test::ProveBSTSetAVLMtEph bstsetavlmteph_loop_borrow_into
        PASS [   1.889s] rust_verify_test::ProveBSTSetAVLMtEph bstsetavlmteph_loop_borrow_iter
        PASS [   2.106s] rust_verify_test::ProveBSTSetBBAlphaMtEph bstsetbbalphamteph_for_borrow_into
        PASS [   1.997s] rust_verify_test::ProveBSTSetBBAlphaMtEph bstsetbbalphamteph_for_borrow_iter
        PASS [   2.286s] rust_verify_test::ProveBSTSetAVLMtEph bstsetavlmteph_loop_consume
        PASS [   1.810s] rust_verify_test::ProveBSTSetBBAlphaMtEph bstsetbbalphamteph_loop_borrow_into
        PASS [   1.987s] rust_verify_test::ProveBSTSetBBAlphaMtEph bstsetbbalphamteph_loop_borrow_iter
        PASS [   1.934s] rust_verify_test::ProveBSTSetPlainMtEph bstsetplainmteph_for_borrow_into
        PASS [   1.769s] rust_verify_test::ProveBSTSetPlainMtEph bstsetplainmteph_loop_borrow_into
        PASS [   1.854s] rust_verify_test::ProveBSTSetPlainMtEph bstsetplainmteph_loop_borrow_iter
        PASS [   2.017s] rust_verify_test::ProveBSTSetPlainMtEph bstsetplainmteph_for_borrow_iter
        PASS [   1.779s] rust_verify_test::ProveBSTSetRBMtEph bstsetrbmteph_for_borrow_into
        PASS [   1.807s] rust_verify_test::ProveBSTSetRBMtEph bstsetrbmteph_for_consume
        PASS [   1.881s] rust_verify_test::ProveBSTSetRBMtEph bstsetrbmteph_for_borrow_iter
        PASS [   1.761s] rust_verify_test::ProveBSTSetRBMtEph bstsetrbmteph_loop_borrow_into
        PASS [   1.926s] rust_verify_test::ProveBSTSetRBMtEph bstsetrbmteph_loop_borrow_iter
        PASS [   1.851s] rust_verify_test::ProveBSTSetRBMtEph bstsetrbmteph_loop_consume
        PASS [   1.828s] rust_verify_test::ProveBSTSetSplayMtEph bstsetsplaymteph_for_borrow_into
        PASS [   1.775s] rust_verify_test::ProveBSTSetSplayMtEph bstsetsplaymteph_for_borrow_iter
        PASS [   1.858s] rust_verify_test::ProveBSTSetSplayMtEph bstsetsplaymteph_for_consume
        PASS [   1.717s] rust_verify_test::ProveBSTSetSplayMtEph bstsetsplaymteph_loop_borrow_into
        PASS [   1.850s] rust_verify_test::ProveBSTSetSplayMtEph bstsetsplaymteph_loop_borrow_iter
        PASS [   1.867s] rust_verify_test::ProveBSTSetSplayMtEph bstsetsplaymteph_loop_consume
        PASS [   1.789s] rust_verify_test::ProveBalBinTreeStEph balbintree_for_inorder
        PASS [   1.814s] rust_verify_test::ProveBalBinTreeStEph balbintree_for_postorder
        PASS [   1.832s] rust_verify_test::ProveBalBinTreeStEph balbintree_for_preorder
        PASS [   1.770s] rust_verify_test::ProveBalBinTreeStEph balbintree_inorder_spec_match
        PASS [   1.662s] rust_verify_test::ProveBalBinTreeStEph balbintree_leaf_iter_exhausted
        PASS [   1.831s] rust_verify_test::ProveBalBinTreeStEph balbintree_leaf_traversals_empty
        PASS [   1.757s] rust_verify_test::ProveBalBinTreeStEph balbintree_loop_inorder
        PASS [   1.896s] rust_verify_test::ProveBalBinTreeStEph balbintree_loop_postorder
        PASS [   1.784s] rust_verify_test::ProveBalBinTreeStEph balbintree_loop_preorder
        PASS [   1.691s] rust_verify_test::ProveBalBinTreeStEph balbintree_postorder_spec_match
        PASS [   1.742s] rust_verify_test::ProveBalBinTreeStEph balbintree_preorder_spec_match
        PASS [   1.851s] rust_verify_test::ProveChap19ArraySeqMtEph chap19_arrayseqmteph_for_borrow_into
        PASS [   1.930s] rust_verify_test::ProveChap19ArraySeqMtEph chap19_arrayseqmteph_for_borrow_iter
        PASS [   1.894s] rust_verify_test::ProveChap19ArraySeqMtEph chap19_arrayseqmteph_for_consume
        PASS [   1.904s] rust_verify_test::ProveChap19ArraySeqMtEph chap19_arrayseqmteph_loop_borrow_iter
        PASS [   2.048s] rust_verify_test::ProveChap19ArraySeqMtEph chap19_arrayseqmteph_loop_borrow_into
        PASS [   1.820s] rust_verify_test::ProveChap19ArraySeqMtEph chap19_arrayseqmteph_loop_consume
        PASS [   1.748s] rust_verify_test::ProveChap19ArraySeqMtEphSlice slice_for_borrow_into
        PASS [   1.985s] rust_verify_test::ProveChap19ArraySeqMtEphSlice slice_for_borrow_iter
        PASS [   1.863s] rust_verify_test::ProveChap19ArraySeqMtEphSlice slice_loop_borrow_iter
        PASS [   1.999s] rust_verify_test::ProveChap19ArraySeqMtEphSlice slice_iter_over_subslice
        PASS [   1.895s] rust_verify_test::ProveChap19ArraySeqMtEphSlice slice_operations
        PASS [   1.786s] rust_verify_test::ProveChap19ArraySeqStEph chap19_arrayseqsteph_for_borrow_into
        PASS [   1.729s] rust_verify_test::ProveChap19ArraySeqStEph chap19_arrayseqsteph_for_borrow_iter
        PASS [   1.733s] rust_verify_test::ProveChap19ArraySeqStEph chap19_arrayseqsteph_for_consume
        PASS [   1.712s] rust_verify_test::ProveChap19ArraySeqStEph chap19_arrayseqsteph_loop_borrow_into
        PASS [   1.907s] rust_verify_test::ProveChap19ArraySeqStEph chap19_arrayseqsteph_loop_borrow_iter
        PASS [   1.791s] rust_verify_test::ProveChap19ArraySeqStPer chap19_arrayseqstper_for_borrow_into
        PASS [   1.898s] rust_verify_test::ProveChap19ArraySeqStEph chap19_arrayseqsteph_loop_consume
        PASS [   1.711s] rust_verify_test::ProveChap19ArraySeqStPer chap19_arrayseqstper_for_borrow_iter
        PASS [   1.790s] rust_verify_test::ProveChap19ArraySeqStPer chap19_arrayseqstper_for_consume
        PASS [   1.808s] rust_verify_test::ProveChap19ArraySeqStPer chap19_arrayseqstper_loop_borrow_into
        PASS [   1.767s] rust_verify_test::ProveChap19ArraySeqStPer chap19_arrayseqstper_loop_borrow_iter
        PASS [   1.826s] rust_verify_test::ProveKleeneStPer kleene_alphabet
        PASS [   1.879s] rust_verify_test::ProveChap19ArraySeqStPer chap19_arrayseqstper_loop_consume
        PASS [   1.881s] rust_verify_test::ProveKleeneStPer kleene_mem_plus
        PASS [   1.830s] rust_verify_test::ProveKleeneStPer kleene_mem_star
        PASS [   1.923s] rust_verify_test::ProveLinkedListStEph linkedliststeph_for_iter
        PASS [   1.822s] rust_verify_test::ProveLinkedListStPer linkedliststper_loop_loop
        PASS [   2.006s] rust_verify_test::ProveLinkedListStEph linkedliststeph_loop_loop
        PASS [   1.884s] rust_verify_test::ProveLinkedListStPer linkedliststper_for_iter
        PASS [   1.838s] rust_verify_test::ProveMathSeq mathseq_for_borrow_into
        PASS [   1.946s] rust_verify_test::ProveMathSeq mathseq_for_borrow_iter
        PASS [   1.887s] rust_verify_test::ProveMathSeq mathseq_for_consume
        PASS [   1.747s] rust_verify_test::ProveMathSeq mathseq_loop_consume
        PASS [   1.955s] rust_verify_test::ProveMathSeq mathseq_loop_borrow_iter
        PASS [   2.043s] rust_verify_test::ProveMathSeq mathseq_loop_borrow_into
        PASS [   2.137s] rust_verify_test::ProveOrderedSetStEph chap43_orderedsetsteph_for_borrow_into
        PASS [   1.952s] rust_verify_test::ProveOrderedSetStEph chap43_orderedsetsteph_for_borrow_iter
        PASS [   1.906s] rust_verify_test::ProveOrderedSetStEph chap43_orderedsetsteph_loop_borrow_into
        PASS [   1.946s] rust_verify_test::ProveOrderedSetStEph chap43_orderedsetsteph_loop_borrow_iter
        PASS [   2.058s] rust_verify_test::ProveOrderedSetStPer chap43_orderedsetstper_for_borrow_iter
        PASS [   2.141s] rust_verify_test::ProveOrderedSetStPer chap43_orderedsetstper_loop_borrow_iter
        PASS [   2.041s] rust_verify_test::ProveOrderedTableMtEph chap43_orderedtablemteph_for_borrow_into
        PASS [   1.899s] rust_verify_test::ProveOrderedTableMtEph chap43_orderedtablemteph_for_borrow_iter
        PASS [   1.825s] rust_verify_test::ProveOrderedTableMtEph chap43_orderedtablemteph_loop_borrow_into
        PASS [   1.936s] rust_verify_test::ProveOrderedTableStEph chap43_orderedtablesteph_for_borrow_into
        PASS [   2.324s] rust_verify_test::ProveOrderedTableMtEph chap43_orderedtablemteph_loop_borrow_iter
        PASS [   2.011s] rust_verify_test::ProveOrderedTableStEph chap43_orderedtablesteph_for_borrow_iter
        PASS [   2.027s] rust_verify_test::ProveOrderedTableStEph chap43_orderedtablesteph_loop_borrow_into
        PASS [   2.055s] rust_verify_test::ProveOrderedTableStEph chap43_orderedtablesteph_loop_borrow_iter
        PASS [   1.988s] rust_verify_test::ProveOrderedTableStPer chap43_orderedtablestper_for_borrow_into
        PASS [   1.878s] rust_verify_test::ProveOrderedTableStPer chap43_orderedtablestper_loop_borrow_into
        PASS [   1.863s] rust_verify_test::ProveOrderedTableStPer chap43_orderedtablestper_loop_borrow_iter
        PASS [   2.178s] rust_verify_test::ProveOrderedTableStPer chap43_orderedtablestper_for_borrow_iter
        PASS [   1.840s] rust_verify_test::ProvePrimTreeSeqStPer primtreeseq_for_borrow_into
        PASS [   1.811s] rust_verify_test::ProvePrimTreeSeqStPer primtreeseq_for_borrow_iter
        PASS [   1.795s] rust_verify_test::ProvePrimTreeSeqStPer primtreeseq_for_consume
        PASS [   1.775s] rust_verify_test::ProvePrimTreeSeqStPer primtreeseq_loop_borrow_into
        PASS [   1.758s] rust_verify_test::ProvePrimTreeSeqStPer primtreeseq_loop_borrow_iter
        PASS [   1.756s] rust_verify_test::ProvePrimTreeSeqStPer primtreeseq_loop_consume
        PASS [   1.866s] rust_verify_test::ProveSetMtEph set_mt_eph_for_borrow_into
        PASS [   1.883s] rust_verify_test::ProveSetMtEph set_mt_eph_for_borrow_iter
        PASS [   1.881s] rust_verify_test::ProveSetMtEph set_mt_eph_loop_borrow_into
        PASS [   1.890s] rust_verify_test::ProveSetStEph setsteph_for_borrow_into
        PASS [   1.742s] rust_verify_test::ProveSetStEph setsteph_loop_borrow_into
        PASS [   1.926s] rust_verify_test::ProveSetStEph setsteph_for_borrow_iter
        PASS [   2.122s] rust_verify_test::ProveSetMtEph set_mt_eph_loop_borrow_iter
        PASS [   1.822s] rust_verify_test::ProveSetStEph setsteph_loop_borrow_iter
        PASS [   1.784s] rust_verify_test::Provedeep_view_standard deep_view_standard_for_borrow_into
        PASS [   1.710s] rust_verify_test::Provedeep_view_standard deep_view_standard_loop_borrow_into
        PASS [   1.819s] rust_verify_test::Provedeep_view_standard deep_view_standard_loop_borrow_iter
        PASS [   2.082s] rust_verify_test::Provedeep_view_standard deep_view_standard_for_borrow_iter
        PASS [   2.104s] rust_verify_test::Provedeep_view_standard deep_view_standard_for_consume
        PASS [   1.863s] rust_verify_test::Provedeep_view_standard deep_view_standard_loop_consume
        PASS [   2.092s] rust_verify_test::Provedeep_view_standard deep_view_standard_simple
        PASS [   1.847s] rust_verify_test::Proveiterators_standard iterators_standard_for_borrow_into
        PASS [   1.941s] rust_verify_test::Proveiterators_standard iterators_standard_for_borrow_iter
        PASS [   1.825s] rust_verify_test::Proveiterators_standard iterators_standard_loop_borrow_into
        PASS [   2.184s] rust_verify_test::Proveiterators_standard iterators_standard_for_consume
        PASS [   1.868s] rust_verify_test::Proveiterators_standard iterators_standard_loop_borrow_iter
        PASS [   1.815s] rust_verify_test::Proveiterators_standard iterators_standard_loop_consume
        PASS [   1.823s] rust_verify_test::Provemod_standard mod_standard_for_borrow_into
        PASS [   1.737s] rust_verify_test::Provemod_standard mod_standard_for_borrow_iter
        PASS [   1.838s] rust_verify_test::Provemod_standard mod_standard_for_consume
        PASS [   1.951s] rust_verify_test::Provemod_standard mod_standard_loop_borrow_into
        PASS [   1.776s] rust_verify_test::Provemod_standard mod_standard_loop_borrow_iter
        PASS [   1.995s] rust_verify_test::Provemod_standard mod_standard_loop_consume
        PASS [   1.748s] rust_verify_test::Provetable_of_contents_standard toc_standard_for_borrow_into
        PASS [   1.740s] rust_verify_test::Provetable_of_contents_standard toc_standard_for_borrow_iter
        PASS [   1.820s] rust_verify_test::Provetable_of_contents_standard toc_standard_for_consume
        PASS [   1.729s] rust_verify_test::Provetable_of_contents_standard toc_standard_loop_borrow_into
        PASS [   1.852s] rust_verify_test::Provetable_of_contents_standard toc_standard_loop_borrow_iter
        PASS [   1.855s] rust_verify_test::Provetable_of_contents_standard toc_standard_loop_consume
        PASS [   1.698s] rust_verify_test::Proveusing_closures_standard closures_inline_requires_ensures
        PASS [   1.897s] rust_verify_test::Proveusing_closures_standard closures_ghost_spec_fn
        PASS [   1.702s] rust_verify_test::Proveusing_closures_standard closures_let_bind_ensures
        PASS [   1.590s] rust_verify_test::Proveusing_closures_standard closures_map_apply
        PASS [   1.588s] rust_verify_test::Proveview_standard view_standard_collection
        PASS [   1.682s] rust_verify_test::Proveview_standard view_standard_for_borrow_into
        PASS [   1.757s] rust_verify_test::Proveview_standard view_standard_for_borrow_iter
        PASS [   1.865s] rust_verify_test::Proveview_standard view_standard_for_consume
        PASS [   1.738s] rust_verify_test::Proveview_standard view_standard_loop_borrow_into
        PASS [   1.670s] rust_verify_test::Proveview_standard view_standard_loop_borrow_iter
        PASS [   1.763s] rust_verify_test::Proveview_standard view_standard_loop_consume
        PASS [   1.673s] rust_verify_test::Proveview_standard view_standard_simple
        PASS [   1.770s] rust_verify_test::Provewrapping_iterators_standard wrapping_for_borrow_into
        PASS [   1.786s] rust_verify_test::Provewrapping_iterators_standard wrapping_for_borrow_iter
        PASS [   1.804s] rust_verify_test::Provewrapping_iterators_standard wrapping_loop_borrow_into
        PASS [   1.964s] rust_verify_test::Provewrapping_iterators_standard wrapping_loop_borrow_iter
        PASS [   1.801s] rust_verify_test::RelationStEph relation_st_eph_for_iter
        PASS [   1.739s] rust_verify_test::RelationStEph relation_st_eph_loop_loop
        PASS [   1.963s] rust_verify_test::SetMtEph set_mt_eph_for_iter
        PASS [   1.817s] rust_verify_test::SetMtEph set_mt_eph_from_vec
        PASS [   2.072s] rust_verify_test::SetMtEph set_mt_eph_loop_loop
        PASS [   1.885s] rust_verify_test::SetStEph set_st_eph_for_iter
        PASS [   1.860s] rust_verify_test::SetStEph set_st_eph_from_vec
        PASS [   1.715s] rust_verify_test::SetStEph set_st_eph_loop_loop
        PASS [   1.688s] rust_verify_test::prove_MathSeq_iters mathseq_iter_consuming
        PASS [   1.639s] rust_verify_test::prove_MathSeq_iters mathseq_iter_nested
        PASS [   1.516s] rust_verify_test::prove_MathSeq_iters mathseq_iter_range
────────────
     Summary [  73.308s] 221 tests run: 221 passed, 0 skipped
Elapsed: 231s
