verification results:: 5388 verified, 0 errors
    Finished `release` profile [optimized] target(s) in 0.05s
────────────
 Nextest run ID 58e9dfe4-be7b-4321-be05-73e7bf5c0a17 with nextest profile: default
    Starting 214 tests across 48 binaries
        PASS [   1.387s] rust_verify_test::HashSetWithViewPlus hash_set_wvp_loop_loop
        PASS [   1.436s] rust_verify_test::HashSetWithViewPlus hash_set_wvp_for_iter
        PASS [   1.443s] rust_verify_test::HashMapWithViewPlus hash_map_wvp_loop_loop
        PASS [   1.454s] rust_verify_test::HashMapWithViewPlus hash_map_wvp_for_iter
        PASS [   1.528s] rust_verify_test::MappingStEph mapping_st_eph_loop_loop
        PASS [   1.607s] rust_verify_test::MappingStEph mapping_st_eph_for_iter
        PASS [   1.458s] rust_verify_test::ProveAVLTreeSeq avltreeseq_for_borrow_iter
        PASS [   1.450s] rust_verify_test::ProveAVLTreeSeqMtPer avltreeseqmtper_for_borrow_into
        PASS [   1.460s] rust_verify_test::ProveAVLTreeSeqMtPer avltreeseqmtper_for_borrow_iter
        PASS [   1.525s] rust_verify_test::ProveAVLTreeSeq avltreeseq_loop_borrow_iter
        PASS [   1.473s] rust_verify_test::ProveAVLTreeSeqMtPer avltreeseqmtper_loop_borrow_into
        PASS [   1.436s] rust_verify_test::ProveAVLTreeSeqMtPer avltreeseqmtper_loop_borrow_iter
        PASS [   1.485s] rust_verify_test::ProveAVLTreeSeqStEph avltreeseqsteph_for_borrow_into
        PASS [   1.477s] rust_verify_test::ProveAVLTreeSeqStEph avltreeseqsteph_loop_borrow_into
        PASS [   1.543s] rust_verify_test::ProveAVLTreeSeqStEph avltreeseqsteph_for_borrow_iter
        PASS [   1.511s] rust_verify_test::ProveAVLTreeSeqStEph avltreeseqsteph_loop_borrow_iter
        PASS [   1.552s] rust_verify_test::ProveAVLTreeSeqStPer avltreeseqstper_for_borrow_iter
        PASS [   1.658s] rust_verify_test::ProveAVLTreeSeqStPer avltreeseqstper_for_borrow_into
        PASS [   1.504s] rust_verify_test::ProveAVLTreeSetMtEph avltreesetmteph_for_borrow_into
        PASS [   1.561s] rust_verify_test::ProveAVLTreeSeqStPer avltreeseqstper_loop_borrow_iter
        PASS [   1.660s] rust_verify_test::ProveAVLTreeSeqStPer avltreeseqstper_loop_borrow_into
        PASS [   1.536s] rust_verify_test::ProveAVLTreeSetMtEph avltreesetmteph_loop_borrow_into
        PASS [   1.758s] rust_verify_test::ProveAVLTreeSetMtEph avltreesetmteph_for_borrow_iter
        PASS [   1.598s] rust_verify_test::ProveAVLTreeSetMtEph avltreesetmteph_loop_borrow_iter
        PASS [   1.523s] rust_verify_test::ProveArraySeq arrayseq_filter
        PASS [   1.523s] rust_verify_test::ProveArraySeq arrayseq_for_iter
        PASS [   1.530s] rust_verify_test::ProveArraySeq arrayseq_iterate
        PASS [   1.461s] rust_verify_test::ProveArraySeq arrayseq_iterate_prefixes
        PASS [   1.496s] rust_verify_test::ProveArraySeq arrayseq_map
        PASS [   1.643s] rust_verify_test::ProveArraySeq arrayseq_loop_loop
        PASS [   1.579s] rust_verify_test::ProveArraySeq arrayseq_reduce
        PASS [   1.476s] rust_verify_test::ProveArraySeq arrayseq_tabulate
        PASS [   1.716s] rust_verify_test::ProveArraySeq arrayseq_scan
        PASS [   1.784s] rust_verify_test::ProveArraySeq arrayseq_scan_inclusive
        PASS [   1.704s] rust_verify_test::ProveArraySeqMtEph arrayseqmteph_for_borrow_into
        PASS [   1.634s] rust_verify_test::ProveArraySeqMtEph arrayseqmteph_for_consume
        PASS [   1.474s] rust_verify_test::ProveArraySeqMtEph arrayseqmteph_loop_borrow_into
        PASS [   1.532s] rust_verify_test::ProveArraySeqMtEph arrayseqmteph_loop_consume
        PASS [   1.462s] rust_verify_test::ProveArraySeqMtEph arrayseqmteph_loop_loop
        PASS [   1.757s] rust_verify_test::ProveArraySeqMtEph arrayseqmteph_for_iter
        PASS [   1.563s] rust_verify_test::ProveArraySeqMtPer arrayseqmtper_for_borrow_into
        PASS [   1.561s] rust_verify_test::ProveArraySeqMtPer arrayseqmtper_for_consume
        PASS [   1.551s] rust_verify_test::ProveArraySeqMtPer arrayseqmtper_loop_borrow_into
        PASS [   1.740s] rust_verify_test::ProveArraySeqMtPer arrayseqmtper_for_iter
        PASS [   1.540s] rust_verify_test::ProveArraySeqMtPer arrayseqmtper_loop_loop
        PASS [   1.582s] rust_verify_test::ProveArraySeqMtPer arrayseqmtper_loop_consume
        PASS [   1.623s] rust_verify_test::ProveArraySeqStEph arrayseqsteph_for_borrow_iter
        PASS [   1.748s] rust_verify_test::ProveArraySeqStEph arrayseqsteph_for_borrow_into
        PASS [   1.479s] rust_verify_test::ProveArraySeqStEph arrayseqsteph_loop_borrow_into
        PASS [   1.480s] rust_verify_test::ProveArraySeqStEph arrayseqsteph_loop_consume
        PASS [   1.585s] rust_verify_test::ProveArraySeqStEph arrayseqsteph_loop_borrow_iter
        PASS [   1.725s] rust_verify_test::ProveArraySeqStEph arrayseqsteph_for_consume
        PASS [   1.497s] rust_verify_test::ProveArraySeqStPer arrayseqstper_for_iter
        PASS [   1.548s] rust_verify_test::ProveArraySeqStPer arrayseqstper_loop_loop
        PASS [   1.568s] rust_verify_test::ProveBFSMtEph chap54_bfsmteph_top_down_loop
        PASS [   1.691s] rust_verify_test::ProveBFSMtEph chap54_bfsmteph_bottom_up_loop
        PASS [   1.567s] rust_verify_test::ProveBFSStEph chap54_bfssteph_bottom_up_loop
        PASS [   1.640s] rust_verify_test::ProveBSTSetAVLMtEph bstsetavlmteph_for_borrow_into
        PASS [   1.871s] rust_verify_test::ProveBFSStEph chap54_bfssteph_top_down_loop
        PASS [   1.674s] rust_verify_test::ProveBSTSetAVLMtEph bstsetavlmteph_for_borrow_iter
        PASS [   1.599s] rust_verify_test::ProveBSTSetAVLMtEph bstsetavlmteph_loop_borrow_into
        PASS [   1.669s] rust_verify_test::ProveBSTSetAVLMtEph bstsetavlmteph_for_consume
        PASS [   1.787s] rust_verify_test::ProveBSTSetAVLMtEph bstsetavlmteph_loop_borrow_iter
        PASS [   1.571s] rust_verify_test::ProveBSTSetAVLMtEph bstsetavlmteph_loop_consume
        PASS [   1.630s] rust_verify_test::ProveBSTSetBBAlphaMtEph bstsetbbalphamteph_for_borrow_into
        PASS [   1.588s] rust_verify_test::ProveBSTSetBBAlphaMtEph bstsetbbalphamteph_for_borrow_iter
        PASS [   1.621s] rust_verify_test::ProveBSTSetBBAlphaMtEph bstsetbbalphamteph_loop_borrow_into
        PASS [   1.828s] rust_verify_test::ProveBSTSetBBAlphaMtEph bstsetbbalphamteph_loop_borrow_iter
        PASS [   1.845s] rust_verify_test::ProveBSTSetPlainMtEph bstsetplainmteph_for_borrow_into
        PASS [   1.947s] rust_verify_test::ProveBSTSetPlainMtEph bstsetplainmteph_loop_borrow_into
        PASS [   2.220s] rust_verify_test::ProveBSTSetPlainMtEph bstsetplainmteph_for_borrow_iter
        PASS [   2.664s] rust_verify_test::ProveBSTSetPlainMtEph bstsetplainmteph_loop_borrow_iter
        PASS [   3.056s] rust_verify_test::ProveBSTSetRBMtEph bstsetrbmteph_for_borrow_into
        PASS [   3.208s] rust_verify_test::ProveBSTSetRBMtEph bstsetrbmteph_for_borrow_iter
        PASS [   3.302s] rust_verify_test::ProveBSTSetRBMtEph bstsetrbmteph_for_consume
        PASS [   3.074s] rust_verify_test::ProveBSTSetRBMtEph bstsetrbmteph_loop_borrow_into
        PASS [   3.347s] rust_verify_test::ProveBSTSetRBMtEph bstsetrbmteph_loop_borrow_iter
        PASS [   3.305s] rust_verify_test::ProveBSTSetRBMtEph bstsetrbmteph_loop_consume
        PASS [   2.635s] rust_verify_test::ProveBSTSetSplayMtEph bstsetsplaymteph_for_borrow_iter
        PASS [   3.038s] rust_verify_test::ProveBSTSetSplayMtEph bstsetsplaymteph_for_borrow_into
        PASS [   2.393s] rust_verify_test::ProveBSTSetSplayMtEph bstsetsplaymteph_loop_borrow_into
        PASS [   2.509s] rust_verify_test::ProveBSTSetSplayMtEph bstsetsplaymteph_for_consume
        PASS [   2.227s] rust_verify_test::ProveBSTSetSplayMtEph bstsetsplaymteph_loop_borrow_iter
        PASS [   1.966s] rust_verify_test::ProveBSTSetSplayMtEph bstsetsplaymteph_loop_consume
        PASS [   1.743s] rust_verify_test::ProveBalBinTreeStEph balbintree_for_inorder
        PASS [   1.547s] rust_verify_test::ProveBalBinTreeStEph balbintree_inorder_spec_match
        PASS [   1.783s] rust_verify_test::ProveBalBinTreeStEph balbintree_for_postorder
        PASS [   1.684s] rust_verify_test::ProveBalBinTreeStEph balbintree_for_preorder
        PASS [   1.518s] rust_verify_test::ProveBalBinTreeStEph balbintree_leaf_iter_exhausted
        PASS [   1.700s] rust_verify_test::ProveBalBinTreeStEph balbintree_leaf_traversals_empty
        PASS [   1.741s] rust_verify_test::ProveBalBinTreeStEph balbintree_loop_inorder
        PASS [   1.660s] rust_verify_test::ProveBalBinTreeStEph balbintree_postorder_spec_match
        PASS [   1.865s] rust_verify_test::ProveBalBinTreeStEph balbintree_loop_preorder
        PASS [   1.981s] rust_verify_test::ProveBalBinTreeStEph balbintree_loop_postorder
        PASS [   1.753s] rust_verify_test::ProveBalBinTreeStEph balbintree_preorder_spec_match
        PASS [   2.122s] rust_verify_test::ProveChap19ArraySeqMtEph chap19_arrayseqmteph_for_borrow_into
        PASS [   1.933s] rust_verify_test::ProveChap19ArraySeqMtEph chap19_arrayseqmteph_for_borrow_iter
        PASS [   1.924s] rust_verify_test::ProveChap19ArraySeqMtEph chap19_arrayseqmteph_loop_consume
        PASS [   1.993s] rust_verify_test::ProveChap19ArraySeqMtEph chap19_arrayseqmteph_loop_borrow_iter
        PASS [   2.072s] rust_verify_test::ProveChap19ArraySeqMtEph chap19_arrayseqmteph_loop_borrow_into
        PASS [   2.262s] rust_verify_test::ProveChap19ArraySeqMtEph chap19_arrayseqmteph_for_consume
        PASS [   1.992s] rust_verify_test::ProveChap19ArraySeqMtEphSlice slice_for_borrow_into
        PASS [   1.794s] rust_verify_test::ProveChap19ArraySeqMtEphSlice slice_for_borrow_iter
        PASS [   1.629s] rust_verify_test::ProveChap19ArraySeqStEph chap19_arrayseqsteph_for_borrow_into
        PASS [   1.785s] rust_verify_test::ProveChap19ArraySeqMtEphSlice slice_iter_over_subslice
        PASS [   1.742s] rust_verify_test::ProveChap19ArraySeqMtEphSlice slice_loop_borrow_iter
        PASS [   1.753s] rust_verify_test::ProveChap19ArraySeqMtEphSlice slice_operations
        PASS [   1.528s] rust_verify_test::ProveChap19ArraySeqStEph chap19_arrayseqsteph_for_borrow_iter
        PASS [   1.613s] rust_verify_test::ProveChap19ArraySeqStEph chap19_arrayseqsteph_for_consume
        PASS [   1.513s] rust_verify_test::ProveChap19ArraySeqStEph chap19_arrayseqsteph_loop_borrow_iter
        PASS [   1.538s] rust_verify_test::ProveChap19ArraySeqStEph chap19_arrayseqsteph_loop_borrow_into
        PASS [   1.552s] rust_verify_test::ProveChap19ArraySeqStEph chap19_arrayseqsteph_loop_consume
        PASS [   1.545s] rust_verify_test::ProveChap19ArraySeqStPer chap19_arrayseqstper_for_borrow_into
        PASS [   1.486s] rust_verify_test::ProveChap19ArraySeqStPer chap19_arrayseqstper_for_borrow_iter
        PASS [   1.474s] rust_verify_test::ProveChap19ArraySeqStPer chap19_arrayseqstper_loop_borrow_into
        PASS [   1.631s] rust_verify_test::ProveChap19ArraySeqStPer chap19_arrayseqstper_for_consume
        PASS [   1.567s] rust_verify_test::ProveChap19ArraySeqStPer chap19_arrayseqstper_loop_borrow_iter
        PASS [   1.518s] rust_verify_test::ProveChap19ArraySeqStPer chap19_arrayseqstper_loop_consume
        PASS [   1.582s] rust_verify_test::ProveKleeneStPer kleene_alphabet
        PASS [   1.457s] rust_verify_test::ProveKleeneStPer kleene_mem_plus
        PASS [   1.507s] rust_verify_test::ProveLinkedListStEph linkedliststeph_loop_loop
        PASS [   1.570s] rust_verify_test::ProveLinkedListStEph linkedliststeph_for_iter
        PASS [   1.626s] rust_verify_test::ProveKleeneStPer kleene_mem_star
        PASS [   1.529s] rust_verify_test::ProveLinkedListStPer linkedliststper_for_iter
        PASS [   1.526s] rust_verify_test::ProveLinkedListStPer linkedliststper_loop_loop
        PASS [   1.601s] rust_verify_test::ProveMathSeq mathseq_for_borrow_into
        PASS [   1.586s] rust_verify_test::ProveMathSeq mathseq_loop_borrow_into
        PASS [   1.507s] rust_verify_test::ProveMathSeq mathseq_loop_consume
        PASS [   1.704s] rust_verify_test::ProveMathSeq mathseq_for_borrow_iter
        PASS [   1.689s] rust_verify_test::ProveMathSeq mathseq_loop_borrow_iter
        PASS [   1.731s] rust_verify_test::ProveMathSeq mathseq_for_consume
        PASS [   1.840s] rust_verify_test::ProveOrderedSetStEph chap43_orderedsetsteph_for_borrow_into
        PASS [   1.546s] rust_verify_test::ProveOrderedSetStEph chap43_orderedsetsteph_loop_borrow_into
        PASS [   1.598s] rust_verify_test::ProveOrderedSetStEph chap43_orderedsetsteph_for_borrow_iter
        PASS [   1.567s] rust_verify_test::ProveOrderedSetStPer chap43_orderedsetstper_for_borrow_iter
        PASS [   1.631s] rust_verify_test::ProveOrderedSetStEph chap43_orderedsetsteph_loop_borrow_iter
        PASS [   1.640s] rust_verify_test::ProveOrderedSetStPer chap43_orderedsetstper_loop_borrow_iter
        PASS [   1.559s] rust_verify_test::ProveOrderedTableMtEph chap43_orderedtablemteph_for_borrow_into
        PASS [   1.591s] rust_verify_test::ProveOrderedTableMtEph chap43_orderedtablemteph_loop_borrow_into
        PASS [   1.673s] rust_verify_test::ProveOrderedTableMtEph chap43_orderedtablemteph_for_borrow_iter
        PASS [   1.688s] rust_verify_test::ProveOrderedTableStEph chap43_orderedtablesteph_for_borrow_iter
        PASS [   1.749s] rust_verify_test::ProveOrderedTableStEph chap43_orderedtablesteph_for_borrow_into
        PASS [   1.963s] rust_verify_test::ProveOrderedTableMtEph chap43_orderedtablemteph_loop_borrow_iter
        PASS [   1.525s] rust_verify_test::ProveOrderedTableStEph chap43_orderedtablesteph_loop_borrow_into
        PASS [   1.614s] rust_verify_test::ProveOrderedTableStEph chap43_orderedtablesteph_loop_borrow_iter
        PASS [   1.626s] rust_verify_test::ProveOrderedTableStPer chap43_orderedtablestper_for_borrow_iter
        PASS [   1.671s] rust_verify_test::ProveOrderedTableStPer chap43_orderedtablestper_loop_borrow_into
        PASS [   1.916s] rust_verify_test::ProveOrderedTableStPer chap43_orderedtablestper_for_borrow_into
        PASS [   1.770s] rust_verify_test::ProveOrderedTableStPer chap43_orderedtablestper_loop_borrow_iter
        PASS [   1.479s] rust_verify_test::ProvePrimTreeSeqStPer primtreeseq_for_borrow_into
        PASS [   1.511s] rust_verify_test::ProvePrimTreeSeqStPer primtreeseq_for_borrow_iter
        PASS [   1.448s] rust_verify_test::ProvePrimTreeSeqStPer primtreeseq_for_consume
        PASS [   1.570s] rust_verify_test::ProvePrimTreeSeqStPer primtreeseq_loop_borrow_iter
        PASS [   1.722s] rust_verify_test::ProvePrimTreeSeqStPer primtreeseq_loop_borrow_into
        PASS [   1.503s] rust_verify_test::ProvePrimTreeSeqStPer primtreeseq_loop_consume
        PASS [   1.685s] rust_verify_test::ProveSetMtEph set_mt_eph_for_borrow_into
        PASS [   1.678s] rust_verify_test::ProveSetMtEph set_mt_eph_for_borrow_iter
        PASS [   1.561s] rust_verify_test::ProveSetMtEph set_mt_eph_loop_borrow_iter
        PASS [   1.548s] rust_verify_test::ProveSetStEph setsteph_loop_borrow_into
        PASS [   1.687s] rust_verify_test::ProveSetStEph setsteph_for_borrow_iter
        PASS [   1.874s] rust_verify_test::ProveSetStEph setsteph_for_borrow_into
        PASS [   1.606s] rust_verify_test::ProveSetStEph setsteph_loop_borrow_iter
        PASS [   1.465s] rust_verify_test::Provedeep_view_standard deep_view_standard_for_borrow_into
        PASS [   1.446s] rust_verify_test::Provedeep_view_standard deep_view_standard_for_borrow_iter
        PASS [   1.598s] rust_verify_test::Provedeep_view_standard deep_view_standard_for_consume
        PASS [   1.561s] rust_verify_test::Provedeep_view_standard deep_view_standard_loop_borrow_into
        PASS [   1.618s] rust_verify_test::Provedeep_view_standard deep_view_standard_loop_borrow_iter
        PASS [   1.605s] rust_verify_test::Provedeep_view_standard deep_view_standard_loop_consume
        PASS [   1.451s] rust_verify_test::Provedeep_view_standard deep_view_standard_simple
        PASS [   1.479s] rust_verify_test::Proveiterators_standard iterators_standard_for_borrow_into
        PASS [   1.484s] rust_verify_test::Proveiterators_standard iterators_standard_for_borrow_iter
        PASS [   1.491s] rust_verify_test::Proveiterators_standard iterators_standard_for_consume
        PASS [   1.590s] rust_verify_test::Proveiterators_standard iterators_standard_loop_borrow_into
        PASS [   1.564s] rust_verify_test::Proveiterators_standard iterators_standard_loop_borrow_iter
        PASS [   1.530s] rust_verify_test::Proveiterators_standard iterators_standard_loop_consume
        PASS [   1.450s] rust_verify_test::Provemod_standard mod_standard_for_borrow_into
        PASS [   1.568s] rust_verify_test::Provemod_standard mod_standard_for_borrow_iter
        PASS [   1.550s] rust_verify_test::Provemod_standard mod_standard_for_consume
        PASS [   1.429s] rust_verify_test::Provemod_standard mod_standard_loop_borrow_iter
        PASS [   1.516s] rust_verify_test::Provemod_standard mod_standard_loop_borrow_into
        PASS [   1.456s] rust_verify_test::Provemod_standard mod_standard_loop_consume
        PASS [   1.598s] rust_verify_test::Provetable_of_contents_standard toc_standard_for_borrow_into
        PASS [   1.504s] rust_verify_test::Provetable_of_contents_standard toc_standard_for_borrow_iter
        PASS [   1.493s] rust_verify_test::Provetable_of_contents_standard toc_standard_loop_borrow_into
        PASS [   1.491s] rust_verify_test::Provetable_of_contents_standard toc_standard_loop_borrow_iter
        PASS [   1.678s] rust_verify_test::Provetable_of_contents_standard toc_standard_for_consume
        PASS [   1.516s] rust_verify_test::Provetable_of_contents_standard toc_standard_loop_consume
        PASS [   1.508s] rust_verify_test::Proveusing_closures_standard closures_ghost_spec_fn
        PASS [   1.486s] rust_verify_test::Proveusing_closures_standard closures_let_bind_ensures
        PASS [   1.697s] rust_verify_test::Proveusing_closures_standard closures_inline_requires_ensures
        PASS [   1.495s] rust_verify_test::Proveview_standard view_standard_collection
        PASS [   1.521s] rust_verify_test::Proveusing_closures_standard closures_map_apply
        PASS [   1.552s] rust_verify_test::Proveview_standard view_standard_for_borrow_into
        PASS [   1.632s] rust_verify_test::Proveview_standard view_standard_for_borrow_iter
        PASS [   1.446s] rust_verify_test::Proveview_standard view_standard_loop_borrow_into
        PASS [   1.540s] rust_verify_test::Proveview_standard view_standard_for_consume
        PASS [   1.522s] rust_verify_test::Proveview_standard view_standard_loop_borrow_iter
        PASS [   1.850s] rust_verify_test::Proveview_standard view_standard_loop_consume
        PASS [   1.405s] rust_verify_test::Proveview_standard view_standard_simple
        PASS [   1.475s] rust_verify_test::Provewrapping_iterators_standard wrapping_for_borrow_into
        PASS [   1.453s] rust_verify_test::Provewrapping_iterators_standard wrapping_loop_borrow_iter
        PASS [   1.559s] rust_verify_test::Provewrapping_iterators_standard wrapping_for_borrow_iter
        PASS [   1.952s] rust_verify_test::Provewrapping_iterators_standard wrapping_loop_borrow_into
        PASS [   1.714s] rust_verify_test::RelationStEph relation_st_eph_for_iter
        PASS [   1.773s] rust_verify_test::RelationStEph relation_st_eph_loop_loop
        PASS [   1.781s] rust_verify_test::SetMtEph set_mt_eph_for_iter
        PASS [   1.584s] rust_verify_test::SetMtEph set_mt_eph_from_vec
        PASS [   1.805s] rust_verify_test::SetMtEph set_mt_eph_loop_loop
        PASS [   1.676s] rust_verify_test::SetStEph set_st_eph_for_iter
        PASS [   1.576s] rust_verify_test::SetStEph set_st_eph_from_vec
        PASS [   1.572s] rust_verify_test::SetStEph set_st_eph_loop_loop
        PASS [   1.491s] rust_verify_test::prove_MathSeq_iters mathseq_iter_consuming
        PASS [   1.467s] rust_verify_test::prove_MathSeq_iters mathseq_iter_nested
        PASS [   1.353s] rust_verify_test::prove_MathSeq_iters mathseq_iter_range
────────────
     Summary [  60.852s] 214 tests run: 214 passed, 0 skipped
Elapsed: 170s
