verification results:: 4865 verified, 0 errors
    Finished `release` profile [optimized] target(s) in 0.04s
────────────
 Nextest run ID 6a738b53-3130-41fb-8605-da10576ecd9f with nextest profile: default
    Starting 157 tests across 37 binaries
        PASS [   1.493s] rust_verify_test::HashSetWithViewPlus hash_set_wvp_for_iter
        PASS [   1.535s] rust_verify_test::HashMapWithViewPlus hash_map_wvp_loop_loop
        PASS [   1.542s] rust_verify_test::HashMapWithViewPlus hash_map_wvp_for_iter
        PASS [   1.542s] rust_verify_test::HashSetWithViewPlus hash_set_wvp_loop_loop
        PASS [   1.581s] rust_verify_test::MappingStEph mapping_st_eph_loop_loop
        PASS [   1.663s] rust_verify_test::MappingStEph mapping_st_eph_for_iter
        PASS [   1.439s] rust_verify_test::ProveAVLTreeSeq avltreeseq_for_borrow_iter
        PASS [   1.376s] rust_verify_test::ProveAVLTreeSetMtEph avltreesetmteph_loop_borrow_iter
        PASS [   1.461s] rust_verify_test::ProveAVLTreeSeq avltreeseq_loop_borrow_iter
        PASS [   1.511s] rust_verify_test::ProveAVLTreeSetMtEph avltreesetmteph_for_borrow_into
        PASS [   1.612s] rust_verify_test::ProveAVLTreeSetMtEph avltreesetmteph_for_borrow_iter
        PASS [   1.655s] rust_verify_test::ProveArraySeq arrayseq_filter
        PASS [   1.422s] rust_verify_test::ProveArraySeq arrayseq_for_iter
        PASS [   1.399s] rust_verify_test::ProveArraySeq arrayseq_iterate_prefixes
        PASS [   1.416s] rust_verify_test::ProveArraySeq arrayseq_loop_loop
        PASS [   1.374s] rust_verify_test::ProveArraySeq arrayseq_map
        PASS [   1.629s] rust_verify_test::ProveArraySeq arrayseq_iterate
        PASS [   1.431s] rust_verify_test::ProveArraySeq arrayseq_reduce
        PASS [   1.488s] rust_verify_test::ProveArraySeq arrayseq_tabulate
        PASS [   1.604s] rust_verify_test::ProveArraySeq arrayseq_scan
        PASS [   1.595s] rust_verify_test::ProveArraySeq arrayseq_scan_inclusive
        PASS [   1.504s] rust_verify_test::ProveArraySeqMtEph arrayseqmteph_for_iter
        PASS [   1.481s] rust_verify_test::ProveArraySeqMtEph arrayseqmteph_loop_loop
        PASS [   1.370s] rust_verify_test::ProveArraySeqMtPer arrayseqmtper_for_iter
        PASS [   1.408s] rust_verify_test::ProveArraySeqMtPer arrayseqmtper_loop_loop
        PASS [   1.513s] rust_verify_test::ProveArraySeqStEph arrayseqsteph_for_borrow_into
        PASS [   1.449s] rust_verify_test::ProveArraySeqStEph arrayseqsteph_for_consume
        PASS [   1.450s] rust_verify_test::ProveArraySeqStEph arrayseqsteph_loop_borrow_into
        PASS [   1.512s] rust_verify_test::ProveArraySeqStEph arrayseqsteph_loop_borrow_iter
        PASS [   1.793s] rust_verify_test::ProveArraySeqStEph arrayseqsteph_for_borrow_iter
        PASS [   1.465s] rust_verify_test::ProveArraySeqStEph arrayseqsteph_loop_consume
        PASS [   1.389s] rust_verify_test::ProveArraySeqStPer arrayseqstper_for_iter
        PASS [   1.448s] rust_verify_test::ProveArraySeqStPer arrayseqstper_loop_loop
        PASS [   1.424s] rust_verify_test::ProveBFSMtEph chap54_bfsmteph_bottom_up_loop
        PASS [   1.442s] rust_verify_test::ProveBFSMtEph chap54_bfsmteph_top_down_loop
        PASS [   1.438s] rust_verify_test::ProveBFSStEph chap54_bfssteph_bottom_up_loop
        PASS [   1.429s] rust_verify_test::ProveBFSStEph chap54_bfssteph_top_down_loop
        PASS [   1.407s] rust_verify_test::ProveBalBinTreeStEph balbintree_for_postorder
        PASS [   1.415s] rust_verify_test::ProveBalBinTreeStEph balbintree_for_preorder
        PASS [   1.309s] rust_verify_test::ProveBalBinTreeStEph balbintree_inorder_spec_match
        PASS [   1.584s] rust_verify_test::ProveBalBinTreeStEph balbintree_for_inorder
        PASS [   1.288s] rust_verify_test::ProveBalBinTreeStEph balbintree_leaf_iter_exhausted
        PASS [   1.359s] rust_verify_test::ProveBalBinTreeStEph balbintree_leaf_traversals_empty
        PASS [   1.414s] rust_verify_test::ProveBalBinTreeStEph balbintree_loop_preorder
        PASS [   1.328s] rust_verify_test::ProveBalBinTreeStEph balbintree_preorder_spec_match
        PASS [   1.507s] rust_verify_test::ProveBalBinTreeStEph balbintree_loop_postorder
        PASS [   1.435s] rust_verify_test::ProveBalBinTreeStEph balbintree_postorder_spec_match
        PASS [   1.628s] rust_verify_test::ProveBalBinTreeStEph balbintree_loop_inorder
        PASS [   1.458s] rust_verify_test::ProveChap19ArraySeqMtEph chap19_arrayseqmteph_for_borrow_into
        PASS [   1.470s] rust_verify_test::ProveChap19ArraySeqMtEph chap19_arrayseqmteph_for_borrow_iter
        PASS [   1.476s] rust_verify_test::ProveChap19ArraySeqMtEph chap19_arrayseqmteph_for_consume
        PASS [   1.459s] rust_verify_test::ProveChap19ArraySeqMtEph chap19_arrayseqmteph_loop_borrow_iter
        PASS [   1.486s] rust_verify_test::ProveChap19ArraySeqMtEph chap19_arrayseqmteph_loop_consume
        PASS [   1.739s] rust_verify_test::ProveChap19ArraySeqMtEph chap19_arrayseqmteph_loop_borrow_into
        PASS [   1.477s] rust_verify_test::ProveChap19ArraySeqMtEphSlice slice_for_borrow_into
        PASS [   1.433s] rust_verify_test::ProveChap19ArraySeqMtEphSlice slice_for_borrow_iter
        PASS [   1.471s] rust_verify_test::ProveChap19ArraySeqMtEphSlice slice_iter_over_subslice
        PASS [   1.507s] rust_verify_test::ProveChap19ArraySeqMtEphSlice slice_loop_borrow_iter
        PASS [   1.525s] rust_verify_test::ProveChap19ArraySeqMtEphSlice slice_operations
        PASS [   1.712s] rust_verify_test::ProveChap19ArraySeqStEph chap19_arrayseqsteph_for_borrow_into
        PASS [   1.444s] rust_verify_test::ProveChap19ArraySeqStEph chap19_arrayseqsteph_for_borrow_iter
        PASS [   1.392s] rust_verify_test::ProveChap19ArraySeqStEph chap19_arrayseqsteph_loop_borrow_into
        PASS [   1.501s] rust_verify_test::ProveChap19ArraySeqStEph chap19_arrayseqsteph_for_consume
        PASS [   1.505s] rust_verify_test::ProveChap19ArraySeqStEph chap19_arrayseqsteph_loop_borrow_iter
        PASS [   1.435s] rust_verify_test::ProveChap19ArraySeqStEph chap19_arrayseqsteph_loop_consume
        PASS [   1.434s] rust_verify_test::ProveChap19ArraySeqStPer chap19_arrayseqstper_for_borrow_into
        PASS [   1.447s] rust_verify_test::ProveChap19ArraySeqStPer chap19_arrayseqstper_for_borrow_iter
        PASS [   1.394s] rust_verify_test::ProveChap19ArraySeqStPer chap19_arrayseqstper_loop_borrow_into
        PASS [   1.596s] rust_verify_test::ProveChap19ArraySeqStPer chap19_arrayseqstper_for_consume
        PASS [   1.435s] rust_verify_test::ProveChap19ArraySeqStPer chap19_arrayseqstper_loop_borrow_iter
        PASS [   1.500s] rust_verify_test::ProveChap19ArraySeqStPer chap19_arrayseqstper_loop_consume
        PASS [   1.354s] rust_verify_test::ProveKleeneStPer kleene_alphabet
        PASS [   1.377s] rust_verify_test::ProveKleeneStPer kleene_mem_plus
        PASS [   1.502s] rust_verify_test::ProveKleeneStPer kleene_mem_star
        PASS [   1.407s] rust_verify_test::ProveLinkedListStEph linkedliststeph_for_iter
        PASS [   1.415s] rust_verify_test::ProveLinkedListStPer linkedliststper_for_iter
        PASS [   1.644s] rust_verify_test::ProveLinkedListStEph linkedliststeph_loop_loop
        PASS [   1.536s] rust_verify_test::ProveLinkedListStPer linkedliststper_loop_loop
        PASS [   1.492s] rust_verify_test::ProveMathSeq mathseq_for_borrow_into
        PASS [   1.400s] rust_verify_test::ProveMathSeq mathseq_for_borrow_iter
        PASS [   1.405s] rust_verify_test::ProveMathSeq mathseq_for_consume
        PASS [   1.375s] rust_verify_test::ProveMathSeq mathseq_loop_borrow_into
        PASS [   1.370s] rust_verify_test::ProveMathSeq mathseq_loop_borrow_iter
        PASS [   1.459s] rust_verify_test::ProveMathSeq mathseq_loop_consume
        PASS [   1.463s] rust_verify_test::ProveOrderedSetStEph chap43_orderedsetsteph_for_borrow_iter
        PASS [   1.473s] rust_verify_test::ProveOrderedSetStEph chap43_orderedsetsteph_loop_borrow_into
        PASS [   1.393s] rust_verify_test::ProveOrderedSetStEph chap43_orderedsetsteph_loop_borrow_iter
        PASS [   1.799s] rust_verify_test::ProveOrderedSetStEph chap43_orderedsetsteph_for_borrow_into
        PASS [   1.509s] rust_verify_test::ProveOrderedTableStEph chap43_orderedtablesteph_for_borrow_into
        PASS [   1.538s] rust_verify_test::ProveOrderedTableStEph chap43_orderedtablesteph_for_borrow_iter
        PASS [   1.452s] rust_verify_test::ProveOrderedTableStEph chap43_orderedtablesteph_loop_borrow_into
        PASS [   1.484s] rust_verify_test::ProveOrderedTableStEph chap43_orderedtablesteph_loop_borrow_iter
        PASS [   1.503s] rust_verify_test::ProveOrderedTableStPer chap43_orderedtablestper_for_borrow_iter
        PASS [   1.565s] rust_verify_test::ProveOrderedTableStPer chap43_orderedtablestper_for_borrow_into
        PASS [   1.532s] rust_verify_test::ProveOrderedTableStPer chap43_orderedtablestper_loop_borrow_into
        PASS [   1.560s] rust_verify_test::ProveOrderedTableStPer chap43_orderedtablestper_loop_borrow_iter
        PASS [   1.478s] rust_verify_test::ProvePrimTreeSeqStPer primtreeseq_for_borrow_into
        PASS [   1.425s] rust_verify_test::ProvePrimTreeSeqStPer primtreeseq_for_borrow_iter
        PASS [   1.425s] rust_verify_test::ProvePrimTreeSeqStPer primtreeseq_for_consume
        PASS [   1.386s] rust_verify_test::ProvePrimTreeSeqStPer primtreeseq_loop_borrow_into
        PASS [   1.492s] rust_verify_test::ProvePrimTreeSeqStPer primtreeseq_loop_borrow_iter
        PASS [   1.446s] rust_verify_test::ProvePrimTreeSeqStPer primtreeseq_loop_consume
        PASS [   1.443s] rust_verify_test::Provedeep_view_standard deep_view_standard_for_borrow_into
        PASS [   1.494s] rust_verify_test::ProveSetMtEph set_mt_eph_loop_borrow_iter
        PASS [   1.567s] rust_verify_test::ProveSetMtEph set_mt_eph_for_borrow_iter
        PASS [   1.734s] rust_verify_test::ProveSetMtEph set_mt_eph_for_borrow_into
        PASS [   1.463s] rust_verify_test::Provedeep_view_standard deep_view_standard_for_borrow_iter
        PASS [   1.446s] rust_verify_test::Provedeep_view_standard deep_view_standard_for_consume
        PASS [   1.365s] rust_verify_test::Provedeep_view_standard deep_view_standard_loop_borrow_into
        PASS [   1.328s] rust_verify_test::Provedeep_view_standard deep_view_standard_loop_borrow_iter
        PASS [   1.333s] rust_verify_test::Provedeep_view_standard deep_view_standard_loop_consume
        PASS [   1.358s] rust_verify_test::Provedeep_view_standard deep_view_standard_simple
        PASS [   1.527s] rust_verify_test::Proveiterators_standard iterators_standard_for_borrow_into
        PASS [   1.330s] rust_verify_test::Proveiterators_standard iterators_standard_for_borrow_iter
        PASS [   1.322s] rust_verify_test::Proveiterators_standard iterators_standard_for_consume
        PASS [   1.351s] rust_verify_test::Proveiterators_standard iterators_standard_loop_borrow_iter
        PASS [   1.361s] rust_verify_test::Proveiterators_standard iterators_standard_loop_borrow_into
        PASS [   1.342s] rust_verify_test::Proveiterators_standard iterators_standard_loop_consume
        PASS [   1.312s] rust_verify_test::Provemod_standard mod_standard_for_borrow_into
        PASS [   1.317s] rust_verify_test::Provemod_standard mod_standard_for_borrow_iter
        PASS [   1.343s] rust_verify_test::Provemod_standard mod_standard_for_consume
        PASS [   1.350s] rust_verify_test::Provemod_standard mod_standard_loop_borrow_into
        PASS [   1.353s] rust_verify_test::Provemod_standard mod_standard_loop_borrow_iter
        PASS [   1.338s] rust_verify_test::Provemod_standard mod_standard_loop_consume
        PASS [   1.392s] rust_verify_test::Provetable_of_contents_standard toc_standard_for_borrow_into
        PASS [   1.368s] rust_verify_test::Provetable_of_contents_standard toc_standard_for_borrow_iter
        PASS [   1.366s] rust_verify_test::Provetable_of_contents_standard toc_standard_for_consume
        PASS [   1.315s] rust_verify_test::Provetable_of_contents_standard toc_standard_loop_borrow_iter
        PASS [   1.328s] rust_verify_test::Provetable_of_contents_standard toc_standard_loop_borrow_into
        PASS [   1.321s] rust_verify_test::Provetable_of_contents_standard toc_standard_loop_consume
        PASS [   1.303s] rust_verify_test::Proveusing_closures_standard closures_ghost_spec_fn
        PASS [   1.231s] rust_verify_test::Proveusing_closures_standard closures_inline_requires_ensures
        PASS [   1.263s] rust_verify_test::Proveusing_closures_standard closures_let_bind_ensures
        PASS [   1.276s] rust_verify_test::Proveusing_closures_standard closures_map_apply
        PASS [   1.286s] rust_verify_test::Proveview_standard view_standard_collection
        PASS [   1.409s] rust_verify_test::Proveview_standard view_standard_for_borrow_into
        PASS [   1.350s] rust_verify_test::Proveview_standard view_standard_for_borrow_iter
        PASS [   1.395s] rust_verify_test::Proveview_standard view_standard_for_consume
        PASS [   1.276s] rust_verify_test::Proveview_standard view_standard_loop_borrow_iter
        PASS [   1.296s] rust_verify_test::Proveview_standard view_standard_loop_borrow_into
        PASS [   1.268s] rust_verify_test::Proveview_standard view_standard_loop_consume
        PASS [   1.202s] rust_verify_test::Proveview_standard view_standard_simple
        PASS [   1.335s] rust_verify_test::Provewrapping_iterators_standard wrapping_for_borrow_into
        PASS [   1.311s] rust_verify_test::Provewrapping_iterators_standard wrapping_for_borrow_iter
        PASS [   1.324s] rust_verify_test::Provewrapping_iterators_standard wrapping_loop_borrow_iter
        PASS [   1.337s] rust_verify_test::Provewrapping_iterators_standard wrapping_loop_borrow_into
        PASS [   1.504s] rust_verify_test::RelationStEph relation_st_eph_for_iter
        PASS [   1.374s] rust_verify_test::RelationStEph relation_st_eph_loop_loop
        PASS [   1.358s] rust_verify_test::SetMtEph set_mt_eph_from_vec
        PASS [   1.494s] rust_verify_test::SetMtEph set_mt_eph_for_iter
        PASS [   1.407s] rust_verify_test::SetMtEph set_mt_eph_loop_loop
        PASS [   1.413s] rust_verify_test::SetStEph set_st_eph_for_iter
        PASS [   1.326s] rust_verify_test::SetStEph set_st_eph_from_vec
        PASS [   1.401s] rust_verify_test::SetStEph set_st_eph_loop_loop
        PASS [   1.243s] rust_verify_test::prove_MathSeq_iters mathseq_iter_consuming
        PASS [   1.247s] rust_verify_test::prove_MathSeq_iters mathseq_iter_nested
        PASS [   1.103s] rust_verify_test::prove_MathSeq_iters mathseq_iter_range
────────────
     Summary [  38.276s] 157 tests run: 157 passed, 0 skipped
Elapsed: 124s
