verification results:: 4437 verified, 0 errors
    Finished `release` profile [optimized] target(s) in 0.04s
────────────
 Nextest run ID 68b06c68-c04a-42e0-aa7a-32887919cf27 with nextest profile: default
    Starting 145 tests across 34 binaries
        PASS [   1.417s] rust_verify_test::HashMapWithViewPlus hash_map_wvp_loop_loop
        PASS [   1.539s] rust_verify_test::MappingStEph mapping_st_eph_loop_loop
        PASS [   1.542s] rust_verify_test::HashSetWithViewPlus hash_set_wvp_for_iter
        PASS [   1.555s] rust_verify_test::HashSetWithViewPlus hash_set_wvp_loop_loop
        PASS [   1.620s] rust_verify_test::MappingStEph mapping_st_eph_for_iter
        PASS [   1.921s] rust_verify_test::HashMapWithViewPlus hash_map_wvp_for_iter
        PASS [   1.459s] rust_verify_test::ProveAVLTreeSetMtEph avltreesetmteph_for_borrow_into
        PASS [   1.404s] rust_verify_test::ProveArraySeq arrayseq_filter
        PASS [   1.476s] rust_verify_test::ProveAVLTreeSetMtEph avltreesetmteph_loop_borrow_iter
        PASS [   1.520s] rust_verify_test::ProveAVLTreeSetMtEph avltreesetmteph_for_borrow_iter
        PASS [   1.423s] rust_verify_test::ProveArraySeq arrayseq_iterate
        PASS [   1.785s] rust_verify_test::ProveArraySeq arrayseq_for_iter
        PASS [   1.402s] rust_verify_test::ProveArraySeq arrayseq_iterate_prefixes
        PASS [   1.349s] rust_verify_test::ProveArraySeq arrayseq_map
        PASS [   1.465s] rust_verify_test::ProveArraySeq arrayseq_loop_loop
        PASS [   1.578s] rust_verify_test::ProveArraySeq arrayseq_reduce
        PASS [   1.533s] rust_verify_test::ProveArraySeq arrayseq_scan_inclusive
        PASS [   1.881s] rust_verify_test::ProveArraySeq arrayseq_scan
        PASS [   1.393s] rust_verify_test::ProveArraySeq arrayseq_tabulate
        PASS [   1.496s] rust_verify_test::ProveArraySeqMtEph arrayseqmteph_for_iter
        PASS [   1.480s] rust_verify_test::ProveArraySeqMtPer arrayseqmtper_for_iter
        PASS [   1.771s] rust_verify_test::ProveArraySeqMtEph arrayseqmteph_loop_loop
        PASS [   1.454s] rust_verify_test::ProveArraySeqStEph arrayseqsteph_for_borrow_into
        PASS [   1.754s] rust_verify_test::ProveArraySeqMtPer arrayseqmtper_loop_loop
        PASS [   1.560s] rust_verify_test::ProveArraySeqStEph arrayseqsteph_for_borrow_iter
        PASS [   1.456s] rust_verify_test::ProveArraySeqStEph arrayseqsteph_for_consume
        PASS [   1.420s] rust_verify_test::ProveArraySeqStEph arrayseqsteph_loop_borrow_into
        PASS [   1.581s] rust_verify_test::ProveArraySeqStEph arrayseqsteph_loop_borrow_iter
        PASS [   1.366s] rust_verify_test::ProveArraySeqStEph arrayseqsteph_loop_consume
        PASS [   1.730s] rust_verify_test::ProveArraySeqStPer arrayseqstper_for_iter
        PASS [   1.453s] rust_verify_test::ProveArraySeqStPer arrayseqstper_loop_loop
        PASS [   1.433s] rust_verify_test::ProveBFSMtEph chap54_bfsmteph_bottom_up_loop
        PASS [   1.318s] rust_verify_test::ProveBFSMtEph chap54_bfsmteph_top_down_loop
        PASS [   1.414s] rust_verify_test::ProveBFSStEph chap54_bfssteph_bottom_up_loop
        PASS [   1.549s] rust_verify_test::ProveBFSStEph chap54_bfssteph_top_down_loop
        PASS [   1.515s] rust_verify_test::ProveBalBinTreeStEph balbintree_for_inorder
        PASS [   1.417s] rust_verify_test::ProveBalBinTreeStEph balbintree_inorder_spec_match
        PASS [   1.556s] rust_verify_test::ProveBalBinTreeStEph balbintree_for_preorder
        PASS [   1.645s] rust_verify_test::ProveBalBinTreeStEph balbintree_for_postorder
        PASS [   1.419s] rust_verify_test::ProveBalBinTreeStEph balbintree_leaf_iter_exhausted
        PASS [   1.365s] rust_verify_test::ProveBalBinTreeStEph balbintree_leaf_traversals_empty
        PASS [   1.595s] rust_verify_test::ProveBalBinTreeStEph balbintree_loop_inorder
        PASS [   1.502s] rust_verify_test::ProveBalBinTreeStEph balbintree_postorder_spec_match
        PASS [   1.528s] rust_verify_test::ProveBalBinTreeStEph balbintree_loop_preorder
        PASS [   1.597s] rust_verify_test::ProveBalBinTreeStEph balbintree_loop_postorder
        PASS [   1.492s] rust_verify_test::ProveBalBinTreeStEph balbintree_preorder_spec_match
        PASS [   1.516s] rust_verify_test::ProveChap19ArraySeqMtEph chap19_arrayseqmteph_for_borrow_into
        PASS [   1.553s] rust_verify_test::ProveChap19ArraySeqMtEph chap19_arrayseqmteph_for_borrow_iter
        PASS [   1.470s] rust_verify_test::ProveChap19ArraySeqMtEph chap19_arrayseqmteph_loop_borrow_iter
        PASS [   1.514s] rust_verify_test::ProveChap19ArraySeqMtEph chap19_arrayseqmteph_for_consume
        PASS [   1.524s] rust_verify_test::ProveChap19ArraySeqMtEph chap19_arrayseqmteph_loop_borrow_into
        PASS [   1.692s] rust_verify_test::ProveChap19ArraySeqMtEph chap19_arrayseqmteph_loop_consume
        PASS [   1.553s] rust_verify_test::ProveChap19ArraySeqMtEphSlice slice_for_borrow_into
        PASS [   1.440s] rust_verify_test::ProveChap19ArraySeqMtEphSlice slice_for_borrow_iter
        PASS [   1.352s] rust_verify_test::ProveChap19ArraySeqMtEphSlice slice_loop_borrow_iter
        PASS [   1.623s] rust_verify_test::ProveChap19ArraySeqMtEphSlice slice_iter_over_subslice
        PASS [   1.708s] rust_verify_test::ProveChap19ArraySeqMtEphSlice slice_operations
        PASS [   1.610s] rust_verify_test::ProveChap19ArraySeqStEph chap19_arrayseqsteph_for_borrow_into
        PASS [   1.391s] rust_verify_test::ProveChap19ArraySeqStEph chap19_arrayseqsteph_for_borrow_iter
        PASS [   1.403s] rust_verify_test::ProveChap19ArraySeqStEph chap19_arrayseqsteph_loop_borrow_into
        PASS [   1.736s] rust_verify_test::ProveChap19ArraySeqStEph chap19_arrayseqsteph_for_consume
        PASS [   1.481s] rust_verify_test::ProveChap19ArraySeqStEph chap19_arrayseqsteph_loop_borrow_iter
        PASS [   1.620s] rust_verify_test::ProveChap19ArraySeqStEph chap19_arrayseqsteph_loop_consume
        PASS [   1.441s] rust_verify_test::ProveChap19ArraySeqStPer chap19_arrayseqstper_for_borrow_iter
        PASS [   1.579s] rust_verify_test::ProveChap19ArraySeqStPer chap19_arrayseqstper_for_borrow_into
        PASS [   1.443s] rust_verify_test::ProveChap19ArraySeqStPer chap19_arrayseqstper_for_consume
        PASS [   1.480s] rust_verify_test::ProveChap19ArraySeqStPer chap19_arrayseqstper_loop_borrow_into
        PASS [   1.561s] rust_verify_test::ProveChap19ArraySeqStPer chap19_arrayseqstper_loop_borrow_iter
        PASS [   1.452s] rust_verify_test::ProveChap19ArraySeqStPer chap19_arrayseqstper_loop_consume
        PASS [   1.486s] rust_verify_test::ProveKleeneStPer kleene_alphabet
        PASS [   1.682s] rust_verify_test::ProveKleeneStPer kleene_mem_plus
        PASS [   1.513s] rust_verify_test::ProveKleeneStPer kleene_mem_star
        PASS [   1.534s] rust_verify_test::ProveLinkedListStEph linkedliststeph_for_iter
        PASS [   1.510s] rust_verify_test::ProveLinkedListStEph linkedliststeph_loop_loop
        PASS [   1.549s] rust_verify_test::ProveLinkedListStPer linkedliststper_for_iter
        PASS [   1.439s] rust_verify_test::ProveLinkedListStPer linkedliststper_loop_loop
        PASS [   1.626s] rust_verify_test::ProveMathSeq mathseq_for_borrow_into
        PASS [   1.557s] rust_verify_test::ProveMathSeq mathseq_for_borrow_iter
        PASS [   1.422s] rust_verify_test::ProveMathSeq mathseq_loop_borrow_into
        PASS [   1.844s] rust_verify_test::ProveMathSeq mathseq_for_consume
        PASS [   1.450s] rust_verify_test::ProveMathSeq mathseq_loop_borrow_iter
        PASS [   1.422s] rust_verify_test::ProveMathSeq mathseq_loop_consume
        PASS [   1.714s] rust_verify_test::ProveOrderedTableStPer chap43_orderedtablestper_loop_borrow_into
        PASS [   1.601s] rust_verify_test::ProveOrderedTableStPer chap43_orderedtablestper_loop_borrow_iter
        PASS [   1.443s] rust_verify_test::ProvePrimTreeSeqStPer primtreeseq_for_borrow_iter
        PASS [   1.435s] rust_verify_test::ProvePrimTreeSeqStPer primtreeseq_loop_borrow_into
        PASS [   1.821s] rust_verify_test::ProvePrimTreeSeqStPer primtreeseq_for_borrow_into
        PASS [   1.644s] rust_verify_test::ProvePrimTreeSeqStPer primtreeseq_for_consume
        PASS [   1.443s] rust_verify_test::ProvePrimTreeSeqStPer primtreeseq_loop_borrow_iter
        PASS [   1.455s] rust_verify_test::ProvePrimTreeSeqStPer primtreeseq_loop_consume
        PASS [   1.502s] rust_verify_test::ProveSetMtEph set_mt_eph_for_borrow_into
        PASS [   1.413s] rust_verify_test::Provedeep_view_standard deep_view_standard_for_borrow_into
        PASS [   1.648s] rust_verify_test::ProveSetMtEph set_mt_eph_for_borrow_iter
        PASS [   1.587s] rust_verify_test::ProveSetMtEph set_mt_eph_loop_borrow_iter
        PASS [   1.476s] rust_verify_test::Provedeep_view_standard deep_view_standard_for_borrow_iter
        PASS [   1.485s] rust_verify_test::Provedeep_view_standard deep_view_standard_for_consume
        PASS [   1.390s] rust_verify_test::Provedeep_view_standard deep_view_standard_loop_borrow_into
        PASS [   1.439s] rust_verify_test::Provedeep_view_standard deep_view_standard_loop_consume
        PASS [   1.446s] rust_verify_test::Provedeep_view_standard deep_view_standard_simple
        PASS [   1.594s] rust_verify_test::Provedeep_view_standard deep_view_standard_loop_borrow_iter
        PASS [   1.847s] rust_verify_test::Proveiterators_standard iterators_standard_for_borrow_into
        PASS [   1.758s] rust_verify_test::Proveiterators_standard iterators_standard_for_borrow_iter
        PASS [   2.041s] rust_verify_test::Proveiterators_standard iterators_standard_for_consume
        PASS [   1.853s] rust_verify_test::Proveiterators_standard iterators_standard_loop_consume
        PASS [   1.964s] rust_verify_test::Proveiterators_standard iterators_standard_loop_borrow_into
        PASS [   1.937s] rust_verify_test::Proveiterators_standard iterators_standard_loop_borrow_iter
        PASS [   1.940s] rust_verify_test::Provemod_standard mod_standard_for_borrow_into
        PASS [   1.988s] rust_verify_test::Provemod_standard mod_standard_for_borrow_iter
        PASS [   1.966s] rust_verify_test::Provemod_standard mod_standard_for_consume
        PASS [   1.961s] rust_verify_test::Provemod_standard mod_standard_loop_borrow_iter
        PASS [   2.113s] rust_verify_test::Provemod_standard mod_standard_loop_borrow_into
        PASS [   2.030s] rust_verify_test::Provemod_standard mod_standard_loop_consume
        PASS [   2.088s] rust_verify_test::Provetable_of_contents_standard toc_standard_for_borrow_into
        PASS [   2.005s] rust_verify_test::Provetable_of_contents_standard toc_standard_for_borrow_iter
        PASS [   1.832s] rust_verify_test::Provetable_of_contents_standard toc_standard_loop_borrow_into
        PASS [   2.078s] rust_verify_test::Provetable_of_contents_standard toc_standard_for_consume
        PASS [   1.866s] rust_verify_test::Provetable_of_contents_standard toc_standard_loop_borrow_iter
        PASS [   1.897s] rust_verify_test::Provetable_of_contents_standard toc_standard_loop_consume
        PASS [   1.850s] rust_verify_test::Proveusing_closures_standard closures_ghost_spec_fn
        PASS [   1.941s] rust_verify_test::Proveusing_closures_standard closures_inline_requires_ensures
        PASS [   1.936s] rust_verify_test::Proveusing_closures_standard closures_let_bind_ensures
        PASS [   1.812s] rust_verify_test::Proveview_standard view_standard_collection
        PASS [   1.978s] rust_verify_test::Proveusing_closures_standard closures_map_apply
        PASS [   2.107s] rust_verify_test::Proveview_standard view_standard_for_borrow_into
        PASS [   1.818s] rust_verify_test::Proveview_standard view_standard_for_consume
        PASS [   2.035s] rust_verify_test::Proveview_standard view_standard_for_borrow_iter
        PASS [   1.923s] rust_verify_test::Proveview_standard view_standard_loop_borrow_into
        PASS [   1.940s] rust_verify_test::Proveview_standard view_standard_loop_borrow_iter
        PASS [   1.922s] rust_verify_test::Proveview_standard view_standard_loop_consume
        PASS [   1.939s] rust_verify_test::Proveview_standard view_standard_simple
        PASS [   1.916s] rust_verify_test::Provewrapping_iterators_standard wrapping_for_borrow_iter
        PASS [   2.183s] rust_verify_test::Provewrapping_iterators_standard wrapping_for_borrow_into
        PASS [   1.850s] rust_verify_test::Provewrapping_iterators_standard wrapping_loop_borrow_into
        PASS [   2.088s] rust_verify_test::Provewrapping_iterators_standard wrapping_loop_borrow_iter
        PASS [   2.273s] rust_verify_test::RelationStEph relation_st_eph_for_iter
        PASS [   2.122s] rust_verify_test::RelationStEph relation_st_eph_loop_loop
        PASS [   1.940s] rust_verify_test::SetMtEph set_mt_eph_for_iter
        PASS [   2.123s] rust_verify_test::SetMtEph set_mt_eph_from_vec
        PASS [   2.062s] rust_verify_test::SetMtEph set_mt_eph_loop_loop
        PASS [   2.342s] rust_verify_test::SetStEph set_st_eph_for_iter
        PASS [   2.244s] rust_verify_test::SetStEph set_st_eph_from_vec
        PASS [   2.218s] rust_verify_test::SetStEph set_st_eph_loop_loop
        PASS [   2.017s] rust_verify_test::prove_MathSeq_iters mathseq_iter_consuming
        PASS [   1.727s] rust_verify_test::prove_MathSeq_iters mathseq_iter_nested
        PASS [   1.776s] rust_verify_test::prove_MathSeq_iters mathseq_iter_range
────────────
     Summary [  41.036s] 145 tests run: 145 passed, 0 skipped
Elapsed: 109s
