warning: Verus does not (yet) support autoderive Clone impl when the clone is not a copy; continuing, but without adding a specification for the derived Clone impl
  --> src/Chap52/AdjTableGraphStPer.rs:55:14
   |
55 |     #[derive(Clone)]
   |              ^^^^^

warning: Verus does not (yet) support autoderive Clone impl when the clone is not a copy; continuing, but without adding a specification for the derived Clone impl
  --> src/Chap52/AdjTableGraphMtPer.rs:48:14
   |
48 |     #[derive(Clone)]
   |              ^^^^^

    Finished `release` profile [optimized] target(s) in 0.04s
────────────
 Nextest run ID 219fc4fc-91f8-4463-a0aa-6c16ba7b1523 with nextest profile: default
    Starting 157 tests across 37 binaries
        PASS [   1.652s] rust_verify_test::HashMapWithViewPlus hash_map_wvp_loop_loop
        PASS [   1.673s] rust_verify_test::HashMapWithViewPlus hash_map_wvp_for_iter
        PASS [   1.690s] rust_verify_test::HashSetWithViewPlus hash_set_wvp_for_iter
        PASS [   1.732s] rust_verify_test::HashSetWithViewPlus hash_set_wvp_loop_loop
        PASS [   1.799s] rust_verify_test::MappingStEph mapping_st_eph_loop_loop
        PASS [   1.845s] rust_verify_test::MappingStEph mapping_st_eph_for_iter
        PASS [   1.407s] rust_verify_test::ProveAVLTreeSetMtEph avltreesetmteph_for_borrow_into
        PASS [   1.435s] rust_verify_test::ProveAVLTreeSeq avltreeseq_loop_borrow_iter
        PASS [   1.511s] rust_verify_test::ProveAVLTreeSeq avltreeseq_for_borrow_iter
        PASS [   1.485s] rust_verify_test::ProveAVLTreeSetMtEph avltreesetmteph_for_borrow_iter
        PASS [   1.484s] rust_verify_test::ProveAVLTreeSetMtEph avltreesetmteph_loop_borrow_iter
        PASS [   1.649s] rust_verify_test::ProveArraySeq arrayseq_filter
        PASS [   1.371s] rust_verify_test::ProveArraySeq arrayseq_iterate
        PASS [   1.399s] rust_verify_test::ProveArraySeq arrayseq_for_iter
        PASS [   1.423s] rust_verify_test::ProveArraySeq arrayseq_loop_loop
        PASS [   1.410s] rust_verify_test::ProveArraySeq arrayseq_map
        PASS [   1.577s] rust_verify_test::ProveArraySeq arrayseq_iterate_prefixes
        PASS [   1.398s] rust_verify_test::ProveArraySeq arrayseq_reduce
        PASS [   1.244s] rust_verify_test::ProveArraySeq arrayseq_tabulate
        PASS [   1.476s] rust_verify_test::ProveArraySeq arrayseq_scan
        PASS [   1.406s] rust_verify_test::ProveArraySeqMtEph arrayseqmteph_for_iter
        PASS [   1.358s] rust_verify_test::ProveArraySeqMtEph arrayseqmteph_loop_loop
        PASS [   1.831s] rust_verify_test::ProveArraySeq arrayseq_scan_inclusive
        PASS [   1.482s] rust_verify_test::ProveArraySeqMtPer arrayseqmtper_for_iter
        PASS [   1.384s] rust_verify_test::ProveArraySeqMtPer arrayseqmtper_loop_loop
        PASS [   1.484s] rust_verify_test::ProveArraySeqStEph arrayseqsteph_for_borrow_into
        PASS [   1.545s] rust_verify_test::ProveArraySeqStEph arrayseqsteph_for_borrow_iter
        PASS [   1.390s] rust_verify_test::ProveArraySeqStEph arrayseqsteph_loop_borrow_into
        PASS [   1.381s] rust_verify_test::ProveArraySeqStEph arrayseqsteph_loop_borrow_iter
        PASS [   1.675s] rust_verify_test::ProveArraySeqStEph arrayseqsteph_for_consume
        PASS [   1.475s] rust_verify_test::ProveArraySeqStEph arrayseqsteph_loop_consume
        PASS [   1.405s] rust_verify_test::ProveArraySeqStPer arrayseqstper_for_iter
        PASS [   1.315s] rust_verify_test::ProveBFSMtEph chap54_bfsmteph_top_down_loop
        PASS [   1.328s] rust_verify_test::ProveBFSStEph chap54_bfssteph_bottom_up_loop
        PASS [   1.505s] rust_verify_test::ProveArraySeqStPer arrayseqstper_loop_loop
        PASS [   1.500s] rust_verify_test::ProveBFSMtEph chap54_bfsmteph_bottom_up_loop
        PASS [   1.430s] rust_verify_test::ProveBFSStEph chap54_bfssteph_top_down_loop
        PASS [   1.461s] rust_verify_test::ProveBalBinTreeStEph balbintree_for_inorder
        PASS [   1.435s] rust_verify_test::ProveBalBinTreeStEph balbintree_for_postorder
        PASS [   1.386s] rust_verify_test::ProveBalBinTreeStEph balbintree_inorder_spec_match
        PASS [   1.492s] rust_verify_test::ProveBalBinTreeStEph balbintree_for_preorder
        PASS [   1.447s] rust_verify_test::ProveBalBinTreeStEph balbintree_leaf_iter_exhausted
        PASS [   1.367s] rust_verify_test::ProveBalBinTreeStEph balbintree_leaf_traversals_empty
        PASS [   1.416s] rust_verify_test::ProveBalBinTreeStEph balbintree_loop_inorder
        PASS [   1.389s] rust_verify_test::ProveBalBinTreeStEph balbintree_loop_preorder
        PASS [   1.317s] rust_verify_test::ProveBalBinTreeStEph balbintree_preorder_spec_match
        PASS [   1.537s] rust_verify_test::ProveBalBinTreeStEph balbintree_loop_postorder
        PASS [   1.692s] rust_verify_test::ProveBalBinTreeStEph balbintree_postorder_spec_match
        PASS [   1.488s] rust_verify_test::ProveChap19ArraySeqMtEph chap19_arrayseqmteph_for_borrow_into
        PASS [   1.471s] rust_verify_test::ProveChap19ArraySeqMtEph chap19_arrayseqmteph_for_borrow_iter
        PASS [   1.468s] rust_verify_test::ProveChap19ArraySeqMtEph chap19_arrayseqmteph_for_consume
        PASS [   1.529s] rust_verify_test::ProveChap19ArraySeqMtEph chap19_arrayseqmteph_loop_borrow_into
        PASS [   1.482s] rust_verify_test::ProveChap19ArraySeqMtEph chap19_arrayseqmteph_loop_borrow_iter
        PASS [   1.439s] rust_verify_test::ProveChap19ArraySeqMtEph chap19_arrayseqmteph_loop_consume
        PASS [   1.391s] rust_verify_test::ProveChap19ArraySeqMtEphSlice slice_for_borrow_into
        PASS [   1.476s] rust_verify_test::ProveChap19ArraySeqMtEphSlice slice_for_borrow_iter
        PASS [   1.383s] rust_verify_test::ProveChap19ArraySeqMtEphSlice slice_operations
        PASS [   1.572s] rust_verify_test::ProveChap19ArraySeqMtEphSlice slice_iter_over_subslice
        PASS [   1.586s] rust_verify_test::ProveChap19ArraySeqMtEphSlice slice_loop_borrow_iter
        PASS [   1.403s] rust_verify_test::ProveChap19ArraySeqStEph chap19_arrayseqsteph_for_borrow_into
        PASS [   1.465s] rust_verify_test::ProveChap19ArraySeqStEph chap19_arrayseqsteph_for_borrow_iter
        PASS [   1.389s] rust_verify_test::ProveChap19ArraySeqStEph chap19_arrayseqsteph_for_consume
        PASS [   1.423s] rust_verify_test::ProveChap19ArraySeqStEph chap19_arrayseqsteph_loop_borrow_into
        PASS [   1.469s] rust_verify_test::ProveChap19ArraySeqStEph chap19_arrayseqsteph_loop_borrow_iter
        PASS [   1.400s] rust_verify_test::ProveChap19ArraySeqStPer chap19_arrayseqstper_for_borrow_into
        PASS [   1.501s] rust_verify_test::ProveChap19ArraySeqStEph chap19_arrayseqsteph_loop_consume
        PASS [   1.548s] rust_verify_test::ProveChap19ArraySeqStPer chap19_arrayseqstper_for_borrow_iter
        PASS [   1.433s] rust_verify_test::ProveChap19ArraySeqStPer chap19_arrayseqstper_for_consume
        PASS [   1.409s] rust_verify_test::ProveChap19ArraySeqStPer chap19_arrayseqstper_loop_borrow_into
        PASS [   1.387s] rust_verify_test::ProveChap19ArraySeqStPer chap19_arrayseqstper_loop_borrow_iter
        PASS [   1.442s] rust_verify_test::ProveChap19ArraySeqStPer chap19_arrayseqstper_loop_consume
        PASS [   1.406s] rust_verify_test::ProveKleeneStPer kleene_alphabet
        PASS [   1.362s] rust_verify_test::ProveKleeneStPer kleene_mem_star
        PASS [   1.846s] rust_verify_test::ProveKleeneStPer kleene_mem_plus
        PASS [   1.461s] rust_verify_test::ProveLinkedListStEph linkedliststeph_loop_loop
        PASS [   1.556s] rust_verify_test::ProveLinkedListStEph linkedliststeph_for_iter
        PASS [   1.423s] rust_verify_test::ProveLinkedListStPer linkedliststper_loop_loop
        PASS [   1.532s] rust_verify_test::ProveLinkedListStPer linkedliststper_for_iter
        PASS [   1.430s] rust_verify_test::ProveMathSeq mathseq_for_borrow_into
        PASS [   1.431s] rust_verify_test::ProveMathSeq mathseq_for_consume
        PASS [   1.450s] rust_verify_test::ProveMathSeq mathseq_for_borrow_iter
        PASS [   1.480s] rust_verify_test::ProveMathSeq mathseq_loop_borrow_into
        PASS [   1.421s] rust_verify_test::ProveMathSeq mathseq_loop_consume
        PASS [   1.636s] rust_verify_test::ProveMathSeq mathseq_loop_borrow_iter
        PASS [   1.487s] rust_verify_test::ProveOrderedSetStEph chap43_orderedsetsteph_for_borrow_into
        PASS [   1.465s] rust_verify_test::ProveOrderedSetStEph chap43_orderedsetsteph_loop_borrow_into
        PASS [   1.438s] rust_verify_test::ProveOrderedSetStEph chap43_orderedsetsteph_loop_borrow_iter
        PASS [   1.566s] rust_verify_test::ProveOrderedSetStEph chap43_orderedsetsteph_for_borrow_iter
        PASS [   1.463s] rust_verify_test::ProveOrderedTableStEph chap43_orderedtablesteph_for_borrow_into
        PASS [   1.562s] rust_verify_test::ProveOrderedTableStEph chap43_orderedtablesteph_for_borrow_iter
        PASS [   1.601s] rust_verify_test::ProveOrderedTableStEph chap43_orderedtablesteph_loop_borrow_into
        PASS [   1.398s] rust_verify_test::ProveOrderedTableStEph chap43_orderedtablesteph_loop_borrow_iter
        PASS [   1.571s] rust_verify_test::ProveOrderedTableStPer chap43_orderedtablestper_for_borrow_into
        PASS [   1.465s] rust_verify_test::ProveOrderedTableStPer chap43_orderedtablestper_loop_borrow_into
        PASS [   1.401s] rust_verify_test::ProveOrderedTableStPer chap43_orderedtablestper_loop_borrow_iter
        PASS [   1.758s] rust_verify_test::ProveOrderedTableStPer chap43_orderedtablestper_for_borrow_iter
        PASS [   1.407s] rust_verify_test::ProvePrimTreeSeqStPer primtreeseq_for_borrow_into
        PASS [   1.378s] rust_verify_test::ProvePrimTreeSeqStPer primtreeseq_for_borrow_iter
        PASS [   1.328s] rust_verify_test::ProvePrimTreeSeqStPer primtreeseq_loop_borrow_into
        PASS [   1.282s] rust_verify_test::ProvePrimTreeSeqStPer primtreeseq_loop_consume
        PASS [   1.383s] rust_verify_test::ProvePrimTreeSeqStPer primtreeseq_loop_borrow_iter
        PASS [   1.705s] rust_verify_test::ProvePrimTreeSeqStPer primtreeseq_for_consume
        PASS [   1.526s] rust_verify_test::ProveSetMtEph set_mt_eph_for_borrow_into
        PASS [   1.494s] rust_verify_test::ProveSetMtEph set_mt_eph_for_borrow_iter
        PASS [   1.465s] rust_verify_test::ProveSetMtEph set_mt_eph_loop_borrow_iter
        PASS [   1.419s] rust_verify_test::Provedeep_view_standard deep_view_standard_for_borrow_iter
        PASS [   1.385s] rust_verify_test::Provedeep_view_standard deep_view_standard_for_consume
        PASS [   1.577s] rust_verify_test::Provedeep_view_standard deep_view_standard_for_borrow_into
        PASS [   1.404s] rust_verify_test::Provedeep_view_standard deep_view_standard_loop_borrow_into
        PASS [   1.375s] rust_verify_test::Provedeep_view_standard deep_view_standard_loop_borrow_iter
        PASS [   1.375s] rust_verify_test::Provedeep_view_standard deep_view_standard_loop_consume
        PASS [   1.315s] rust_verify_test::Provedeep_view_standard deep_view_standard_simple
        PASS [   1.335s] rust_verify_test::Proveiterators_standard iterators_standard_for_borrow_iter
        PASS [   1.468s] rust_verify_test::Proveiterators_standard iterators_standard_for_borrow_into
        PASS [   1.418s] rust_verify_test::Proveiterators_standard iterators_standard_for_consume
        PASS [   1.326s] rust_verify_test::Proveiterators_standard iterators_standard_loop_borrow_into
        PASS [   1.457s] rust_verify_test::Proveiterators_standard iterators_standard_loop_borrow_iter
        PASS [   1.379s] rust_verify_test::Proveiterators_standard iterators_standard_loop_consume
        PASS [   1.357s] rust_verify_test::Provemod_standard mod_standard_for_borrow_iter
        PASS [   1.578s] rust_verify_test::Provemod_standard mod_standard_for_borrow_into
        PASS [   1.348s] rust_verify_test::Provemod_standard mod_standard_for_consume
        PASS [   1.432s] rust_verify_test::Provemod_standard mod_standard_loop_borrow_into
        PASS [   1.374s] rust_verify_test::Provemod_standard mod_standard_loop_borrow_iter
        PASS [   1.347s] rust_verify_test::Provemod_standard mod_standard_loop_consume
        PASS [   1.360s] rust_verify_test::Provetable_of_contents_standard toc_standard_for_borrow_into
        PASS [   1.491s] rust_verify_test::Provetable_of_contents_standard toc_standard_for_borrow_iter
        PASS [   1.394s] rust_verify_test::Provetable_of_contents_standard toc_standard_for_consume
        PASS [   1.350s] rust_verify_test::Provetable_of_contents_standard toc_standard_loop_consume
        PASS [   1.407s] rust_verify_test::Provetable_of_contents_standard toc_standard_loop_borrow_iter
        PASS [   1.669s] rust_verify_test::Provetable_of_contents_standard toc_standard_loop_borrow_into
        PASS [   1.374s] rust_verify_test::Proveusing_closures_standard closures_ghost_spec_fn
        PASS [   1.337s] rust_verify_test::Proveusing_closures_standard closures_inline_requires_ensures
        PASS [   1.425s] rust_verify_test::Proveusing_closures_standard closures_let_bind_ensures
        PASS [   1.413s] rust_verify_test::Proveusing_closures_standard closures_map_apply
        PASS [   1.455s] rust_verify_test::Proveview_standard view_standard_for_borrow_into
        PASS [   1.529s] rust_verify_test::Proveview_standard view_standard_collection
        PASS [   1.356s] rust_verify_test::Proveview_standard view_standard_for_borrow_iter
        PASS [   1.419s] rust_verify_test::Proveview_standard view_standard_for_consume
        PASS [   1.346s] rust_verify_test::Proveview_standard view_standard_loop_borrow_into
        PASS [   1.362s] rust_verify_test::Proveview_standard view_standard_loop_borrow_iter
        PASS [   1.321s] rust_verify_test::Proveview_standard view_standard_simple
        PASS [   1.468s] rust_verify_test::Provewrapping_iterators_standard wrapping_for_borrow_into
        PASS [   1.658s] rust_verify_test::Proveview_standard view_standard_loop_consume
        PASS [   1.503s] rust_verify_test::Provewrapping_iterators_standard wrapping_for_borrow_iter
        PASS [   1.380s] rust_verify_test::Provewrapping_iterators_standard wrapping_loop_borrow_into
        PASS [   1.350s] rust_verify_test::Provewrapping_iterators_standard wrapping_loop_borrow_iter
        PASS [   1.646s] rust_verify_test::RelationStEph relation_st_eph_for_iter
        PASS [   1.494s] rust_verify_test::RelationStEph relation_st_eph_loop_loop
        PASS [   1.474s] rust_verify_test::SetMtEph set_mt_eph_for_iter
        PASS [   1.472s] rust_verify_test::SetMtEph set_mt_eph_from_vec
        PASS [   1.704s] rust_verify_test::SetMtEph set_mt_eph_loop_loop
        PASS [   1.416s] rust_verify_test::SetStEph set_st_eph_for_iter
        PASS [   1.387s] rust_verify_test::SetStEph set_st_eph_loop_loop
        PASS [   1.424s] rust_verify_test::SetStEph set_st_eph_from_vec
        PASS [   1.396s] rust_verify_test::prove_MathSeq_iters mathseq_iter_consuming
        PASS [   1.350s] rust_verify_test::prove_MathSeq_iters mathseq_iter_nested
        PASS [   1.178s] rust_verify_test::prove_MathSeq_iters mathseq_iter_range
────────────
     Summary [  38.903s] 157 tests run: 157 passed, 0 skipped
Elapsed: 157s
