verification results:: 4496 verified, 0 errors
    Updating crates.io index
     Locking 54 packages to latest compatible versions
      Adding yansi v0.5.1 (available: v1.0.1)
 Downloading crates ...
  Downloaded itoa v1.0.18
   Compiling proc-macro2 v1.0.106
   Compiling unicode-ident v1.0.24
   Compiling quote v1.0.45
   Compiling serde_core v1.0.228
   Compiling libc v0.2.183
   Compiling memchr v2.8.0
   Compiling zmij v1.0.21
   Compiling rustix v1.1.4
   Compiling getrandom v0.4.2
   Compiling serde v1.0.228
   Compiling cfg-if v1.0.4
   Compiling regex-syntax v0.8.10
   Compiling linux-raw-sys v0.12.1
   Compiling serde_json v1.0.149
   Compiling bitflags v2.11.0
   Compiling fastrand v2.3.0
   Compiling once_cell v1.21.4
   Compiling itoa v1.0.18
   Compiling yansi v0.5.1
   Compiling aho-corasick v1.1.4
   Compiling syn v2.0.117
   Compiling regex-automata v0.4.14
   Compiling tempfile v3.27.0
   Compiling serde_derive v1.0.228
   Compiling rust_verify_test_macros v0.1.0 (/home/milnes/projects/verus/source/rust_verify_test_macros)
   Compiling regex v1.12.3
   Compiling rust_verify_test v0.1.0 (/home/milnes/projects/APAS-VERUS-agent5/rust_verify_test)
    Finished `release` profile [optimized] target(s) in 14.11s
────────────
 Nextest run ID 0136e354-448d-49ad-bf6c-3f1dc605326d with nextest profile: default
    Starting 147 tests across 34 binaries
        PASS [   1.481s] rust_verify_test::HashMapWithViewPlus hash_map_wvp_loop_loop
        PASS [   1.555s] rust_verify_test::HashSetWithViewPlus hash_set_wvp_loop_loop
        PASS [   1.670s] rust_verify_test::MappingStEph mapping_st_eph_for_iter
        PASS [   1.673s] rust_verify_test::HashMapWithViewPlus hash_map_wvp_for_iter
        PASS [   1.793s] rust_verify_test::HashSetWithViewPlus hash_set_wvp_for_iter
        PASS [   1.843s] rust_verify_test::MappingStEph mapping_st_eph_loop_loop
        PASS [   1.432s] rust_verify_test::ProveAVLTreeSetMtEph avltreesetmteph_for_borrow_iter
        PASS [   1.389s] rust_verify_test::ProveAVLTreeSetMtEph avltreesetmteph_loop_borrow_iter
        PASS [   1.769s] rust_verify_test::ProveAVLTreeSetMtEph avltreesetmteph_for_borrow_into
        PASS [   1.606s] rust_verify_test::ProveArraySeq arrayseq_filter
        PASS [   1.612s] rust_verify_test::ProveArraySeq arrayseq_iterate
        PASS [   1.853s] rust_verify_test::ProveArraySeq arrayseq_for_iter
        PASS [   2.694s] rust_verify_test::ProveArraySeq arrayseq_iterate_prefixes
        PASS [   2.864s] rust_verify_test::ProveArraySeq arrayseq_loop_loop
        PASS [   2.796s] rust_verify_test::ProveArraySeq arrayseq_map
        PASS [   2.886s] rust_verify_test::ProveArraySeq arrayseq_reduce
        PASS [   2.881s] rust_verify_test::ProveArraySeq arrayseq_scan
        PASS [   2.767s] rust_verify_test::ProveArraySeq arrayseq_scan_inclusive
        PASS [   1.920s] rust_verify_test::ProveArraySeq arrayseq_tabulate
        PASS [   2.081s] rust_verify_test::ProveArraySeqMtEph arrayseqmteph_for_iter
        PASS [   2.108s] rust_verify_test::ProveArraySeqMtEph arrayseqmteph_loop_loop
        PASS [   2.026s] rust_verify_test::ProveArraySeqMtPer arrayseqmtper_for_iter
        PASS [   1.901s] rust_verify_test::ProveArraySeqMtPer arrayseqmtper_loop_loop
        PASS [   1.912s] rust_verify_test::ProveArraySeqStEph arrayseqsteph_for_borrow_into
        PASS [   1.851s] rust_verify_test::ProveArraySeqStEph arrayseqsteph_for_borrow_iter
        PASS [   1.588s] rust_verify_test::ProveArraySeqStEph arrayseqsteph_loop_borrow_iter
        PASS [   1.829s] rust_verify_test::ProveArraySeqStEph arrayseqsteph_for_consume
        PASS [   1.769s] rust_verify_test::ProveArraySeqStEph arrayseqsteph_loop_borrow_into
        PASS [   1.758s] rust_verify_test::ProveArraySeqStEph arrayseqsteph_loop_consume
        PASS [   1.681s] rust_verify_test::ProveArraySeqStPer arrayseqstper_for_iter
        PASS [   1.503s] rust_verify_test::ProveArraySeqStPer arrayseqstper_loop_loop
        PASS [   1.401s] rust_verify_test::ProveBFSMtEph chap54_bfsmteph_bottom_up_loop
        PASS [   1.378s] rust_verify_test::ProveBFSMtEph chap54_bfsmteph_top_down_loop
        PASS [   1.428s] rust_verify_test::ProveBFSStEph chap54_bfssteph_bottom_up_loop
        PASS [   1.470s] rust_verify_test::ProveBFSStEph chap54_bfssteph_top_down_loop
        PASS [   1.510s] rust_verify_test::ProveBalBinTreeStEph balbintree_for_inorder
        PASS [   1.588s] rust_verify_test::ProveBalBinTreeStEph balbintree_for_postorder
        PASS [   1.344s] rust_verify_test::ProveBalBinTreeStEph balbintree_inorder_spec_match
        PASS [   1.437s] rust_verify_test::ProveBalBinTreeStEph balbintree_for_preorder
        PASS [   1.343s] rust_verify_test::ProveBalBinTreeStEph balbintree_leaf_iter_exhausted
        PASS [   1.343s] rust_verify_test::ProveBalBinTreeStEph balbintree_loop_inorder
        PASS [   1.515s] rust_verify_test::ProveBalBinTreeStEph balbintree_leaf_traversals_empty
        PASS [   1.473s] rust_verify_test::ProveBalBinTreeStEph balbintree_loop_postorder
        PASS [   1.500s] rust_verify_test::ProveBalBinTreeStEph balbintree_loop_preorder
        PASS [   1.474s] rust_verify_test::ProveBalBinTreeStEph balbintree_postorder_spec_match
        PASS [   1.579s] rust_verify_test::ProveBalBinTreeStEph balbintree_preorder_spec_match
        PASS [   1.432s] rust_verify_test::ProveChap19ArraySeqMtEph chap19_arrayseqmteph_for_borrow_into
        PASS [   1.386s] rust_verify_test::ProveChap19ArraySeqMtEph chap19_arrayseqmteph_for_borrow_iter
        PASS [   1.332s] rust_verify_test::ProveChap19ArraySeqMtEph chap19_arrayseqmteph_loop_borrow_into
        PASS [   1.448s] rust_verify_test::ProveChap19ArraySeqMtEph chap19_arrayseqmteph_for_consume
        PASS [   1.537s] rust_verify_test::ProveChap19ArraySeqMtEph chap19_arrayseqmteph_loop_borrow_iter
        PASS [   1.374s] rust_verify_test::ProveChap19ArraySeqMtEph chap19_arrayseqmteph_loop_consume
        PASS [   1.475s] rust_verify_test::ProveChap19ArraySeqMtEphSlice slice_for_borrow_iter
        PASS [   1.782s] rust_verify_test::ProveChap19ArraySeqMtEphSlice slice_for_borrow_into
        PASS [   1.421s] rust_verify_test::ProveChap19ArraySeqMtEphSlice slice_iter_over_subslice
        PASS [   1.460s] rust_verify_test::ProveChap19ArraySeqMtEphSlice slice_loop_borrow_iter
        PASS [   1.400s] rust_verify_test::ProveChap19ArraySeqStEph chap19_arrayseqsteph_for_borrow_into
        PASS [   1.487s] rust_verify_test::ProveChap19ArraySeqMtEphSlice slice_operations
        PASS [   1.387s] rust_verify_test::ProveChap19ArraySeqStEph chap19_arrayseqsteph_for_borrow_iter
        PASS [   1.502s] rust_verify_test::ProveChap19ArraySeqStEph chap19_arrayseqsteph_for_consume
        PASS [   1.610s] rust_verify_test::ProveChap19ArraySeqStEph chap19_arrayseqsteph_loop_borrow_into
        PASS [   1.387s] rust_verify_test::ProveChap19ArraySeqStEph chap19_arrayseqsteph_loop_consume
        PASS [   1.514s] rust_verify_test::ProveChap19ArraySeqStEph chap19_arrayseqsteph_loop_borrow_iter
        PASS [   1.499s] rust_verify_test::ProveChap19ArraySeqStPer chap19_arrayseqstper_for_borrow_into
        PASS [   1.431s] rust_verify_test::ProveChap19ArraySeqStPer chap19_arrayseqstper_for_borrow_iter
        PASS [   1.367s] rust_verify_test::ProveChap19ArraySeqStPer chap19_arrayseqstper_for_consume
        PASS [   1.506s] rust_verify_test::ProveChap19ArraySeqStPer chap19_arrayseqstper_loop_borrow_into
        PASS [   1.548s] rust_verify_test::ProveChap19ArraySeqStPer chap19_arrayseqstper_loop_borrow_iter
        PASS [   1.548s] rust_verify_test::ProveChap19ArraySeqStPer chap19_arrayseqstper_loop_consume
        PASS [   1.482s] rust_verify_test::ProveKleeneStPer kleene_mem_plus
        PASS [   1.531s] rust_verify_test::ProveKleeneStPer kleene_alphabet
        PASS [   1.577s] rust_verify_test::ProveKleeneStPer kleene_mem_star
        PASS [   1.321s] rust_verify_test::ProveLinkedListStEph linkedliststeph_loop_loop
        PASS [   1.442s] rust_verify_test::ProveLinkedListStEph linkedliststeph_for_iter
        PASS [   1.301s] rust_verify_test::ProveLinkedListStPer linkedliststper_loop_loop
        PASS [   1.504s] rust_verify_test::ProveLinkedListStPer linkedliststper_for_iter
        PASS [   1.377s] rust_verify_test::ProveMathSeq mathseq_for_borrow_into
        PASS [   1.334s] rust_verify_test::ProveMathSeq mathseq_for_borrow_iter
        PASS [   1.323s] rust_verify_test::ProveMathSeq mathseq_for_consume
        PASS [   1.434s] rust_verify_test::ProveMathSeq mathseq_loop_borrow_into
        PASS [   1.459s] rust_verify_test::ProveMathSeq mathseq_loop_borrow_iter
        PASS [   1.416s] rust_verify_test::ProveMathSeq mathseq_loop_consume
        PASS [   1.643s] rust_verify_test::ProveOrderedTableStPer chap43_orderedtablestper_for_borrow_into
        PASS [   1.509s] rust_verify_test::ProveOrderedTableStPer chap43_orderedtablestper_for_borrow_iter
        PASS [   1.348s] rust_verify_test::ProvePrimTreeSeqStPer primtreeseq_for_borrow_into
        PASS [   1.644s] rust_verify_test::ProveOrderedTableStPer chap43_orderedtablestper_loop_borrow_into
        PASS [   1.411s] rust_verify_test::ProvePrimTreeSeqStPer primtreeseq_for_borrow_iter
        PASS [   1.662s] rust_verify_test::ProveOrderedTableStPer chap43_orderedtablestper_loop_borrow_iter
        PASS [   1.412s] rust_verify_test::ProvePrimTreeSeqStPer primtreeseq_for_consume
        PASS [   1.278s] rust_verify_test::ProvePrimTreeSeqStPer primtreeseq_loop_borrow_into
        PASS [   1.335s] rust_verify_test::ProvePrimTreeSeqStPer primtreeseq_loop_borrow_iter
        PASS [   1.424s] rust_verify_test::ProvePrimTreeSeqStPer primtreeseq_loop_consume
        PASS [   1.411s] rust_verify_test::ProveSetMtEph set_mt_eph_for_borrow_into
        PASS [   1.424s] rust_verify_test::ProveSetMtEph set_mt_eph_for_borrow_iter
        PASS [   1.397s] rust_verify_test::ProveSetMtEph set_mt_eph_loop_borrow_iter
        PASS [   1.350s] rust_verify_test::Provedeep_view_standard deep_view_standard_for_borrow_into
        PASS [   1.299s] rust_verify_test::Provedeep_view_standard deep_view_standard_for_consume
        PASS [   1.439s] rust_verify_test::Provedeep_view_standard deep_view_standard_for_borrow_iter
        PASS [   1.423s] rust_verify_test::Provedeep_view_standard deep_view_standard_loop_borrow_into
        PASS [   1.358s] rust_verify_test::Provedeep_view_standard deep_view_standard_loop_consume
        PASS [   1.346s] rust_verify_test::Provedeep_view_standard deep_view_standard_simple
        PASS [   1.468s] rust_verify_test::Provedeep_view_standard deep_view_standard_loop_borrow_iter
        PASS [   1.419s] rust_verify_test::Proveiterators_standard iterators_standard_for_borrow_into
        PASS [   1.632s] rust_verify_test::Proveiterators_standard iterators_standard_for_borrow_iter
        PASS [   1.459s] rust_verify_test::Proveiterators_standard iterators_standard_loop_borrow_iter
        PASS [   1.489s] rust_verify_test::Proveiterators_standard iterators_standard_loop_consume
        PASS [   1.674s] rust_verify_test::Proveiterators_standard iterators_standard_loop_borrow_into
        PASS [   1.908s] rust_verify_test::Proveiterators_standard iterators_standard_for_consume
        PASS [   1.428s] rust_verify_test::Provemod_standard mod_standard_for_borrow_into
        PASS [   1.459s] rust_verify_test::Provemod_standard mod_standard_for_borrow_iter
        PASS [   1.327s] rust_verify_test::Provemod_standard mod_standard_for_consume
        PASS [   1.307s] rust_verify_test::Provemod_standard mod_standard_loop_borrow_into
        PASS [   1.421s] rust_verify_test::Provemod_standard mod_standard_loop_borrow_iter
        PASS [   1.561s] rust_verify_test::Provemod_standard mod_standard_loop_consume
        PASS [   1.335s] rust_verify_test::Provetable_of_contents_standard toc_standard_for_borrow_into
        PASS [   1.347s] rust_verify_test::Provetable_of_contents_standard toc_standard_for_consume
        PASS [   1.427s] rust_verify_test::Provetable_of_contents_standard toc_standard_loop_borrow_into
        PASS [   1.594s] rust_verify_test::Provetable_of_contents_standard toc_standard_for_borrow_iter
        PASS [   1.549s] rust_verify_test::Provetable_of_contents_standard toc_standard_loop_borrow_iter
        PASS [   1.460s] rust_verify_test::Provetable_of_contents_standard toc_standard_loop_consume
        PASS [   1.321s] rust_verify_test::Proveusing_closures_standard closures_ghost_spec_fn
        PASS [   1.239s] rust_verify_test::Proveusing_closures_standard closures_inline_requires_ensures
        PASS [   1.235s] rust_verify_test::Proveusing_closures_standard closures_let_bind_ensures
        PASS [   1.353s] rust_verify_test::Proveusing_closures_standard closures_map_apply
        PASS [   1.354s] rust_verify_test::Proveview_standard view_standard_for_borrow_into
        PASS [   1.505s] rust_verify_test::Proveview_standard view_standard_collection
        PASS [   1.377s] rust_verify_test::Proveview_standard view_standard_for_borrow_iter
        PASS [   1.424s] rust_verify_test::Proveview_standard view_standard_for_consume
        PASS [   1.330s] rust_verify_test::Proveview_standard view_standard_loop_borrow_into
        PASS [   1.397s] rust_verify_test::Proveview_standard view_standard_loop_borrow_iter
        PASS [   1.335s] rust_verify_test::Proveview_standard view_standard_simple
        PASS [   1.468s] rust_verify_test::Proveview_standard view_standard_loop_consume
        PASS [   1.572s] rust_verify_test::Provewrapping_iterators_standard wrapping_for_borrow_into
        PASS [   1.367s] rust_verify_test::Provewrapping_iterators_standard wrapping_loop_borrow_into
        PASS [   1.401s] rust_verify_test::Provewrapping_iterators_standard wrapping_for_borrow_iter
        PASS [   1.658s] rust_verify_test::Provewrapping_iterators_standard wrapping_loop_borrow_iter
        PASS [   1.570s] rust_verify_test::RelationStEph relation_st_eph_for_iter
        PASS [   1.492s] rust_verify_test::RelationStEph relation_st_eph_loop_loop
        PASS [   1.392s] rust_verify_test::SetMtEph set_mt_eph_from_vec
        PASS [   1.475s] rust_verify_test::SetMtEph set_mt_eph_for_iter
        PASS [   1.406s] rust_verify_test::SetMtEph set_mt_eph_loop_loop
        PASS [   1.715s] rust_verify_test::SetStEph set_st_eph_for_iter
        PASS [   1.450s] rust_verify_test::SetStEph set_st_eph_loop_loop
        PASS [   1.488s] rust_verify_test::SetStEph set_st_eph_from_vec
        PASS [   1.319s] rust_verify_test::prove_MathSeq_iters mathseq_iter_nested
        PASS [   1.301s] rust_verify_test::prove_MathSeq_iters mathseq_iter_range
        PASS [   1.382s] rust_verify_test::prove_MathSeq_iters mathseq_iter_consuming
────────────
     Summary [  38.288s] 147 tests run: 147 passed, 0 skipped
Elapsed: 142s
