warning: Verus does not (yet) support autoderive Clone impl when the clone is not a copy; continuing, but without adding a specification for the derived Clone impl
  --> src/Chap52/AdjTableGraphStPer.rs:55:14
   |
55 |     #[derive(Clone)]
   |              ^^^^^

warning: Verus does not (yet) support autoderive Clone impl when the clone is not a copy; continuing, but without adding a specification for the derived Clone impl
  --> src/Chap52/AdjTableGraphMtPer.rs:48:14
   |
48 |     #[derive(Clone)]
   |              ^^^^^

note: automatically chose triggers for this expression:
   --> src/Chap52/AdjTableGraphStPer.rs:327:37
    |
327 |   ...                   let j = choose|j: int| 0 <= j < i
    |  _______________________________^
328 | | ...                       && self.adj.entries@[j].0 == v;
    | |________________________________________________________^

note:   trigger 1 of 1:
   --> src/Chap52/AdjTableGraphStPer.rs:328:36
    |
328 | ...                   && self.adj.entries@[j].0 == v;
    |                          ^^^^^^^^^^^^^^^^^^^^

note: automatically chose triggers for this expression:
   --> src/Chap52/AdjTableGraphStPer.rs:323:33
    |
323 |                           implies exists|j: int| 0 <= j < i + 1
    |  _________________________________^
324 | |                             && self.adj.entries@[j].0 == v
    | |__________________________________________________________^

note:   trigger 1 of 1:
   --> src/Chap52/AdjTableGraphStPer.rs:324:32
    |
324 | ...                   && self.adj.entries@[j].0 == v
    |                          ^^^^^^^^^^^^^^^^^^^^

note: automatically chose triggers for this expression:
   --> src/Chap52/AdjTableGraphStPer.rs:301:29
    |
301 |                           ==> exists|j: int| 0 <= j < i
    |  _____________________________^
302 | |                             && self.adj.entries@[j].0 == v,
    | |__________________________________________________________^

note:   trigger 1 of 1:
   --> src/Chap52/AdjTableGraphStPer.rs:302:32
    |
302 | ...                   && self.adj.entries@[j].0 == v,
    |                          ^^^^^^^^^^^^^^^^^^^^

note: automatically chose triggers for this expression:
   --> src/Chap52/AdjTableGraphStPer.rs:344:33
    |
344 |                           let j = choose|j: int| 0 <= j < len as int
    |  _________________________________^
345 | |                             && self.adj.entries@[j].0 == v;
    | |__________________________________________________________^

note:   trigger 1 of 1:
   --> src/Chap52/AdjTableGraphStPer.rs:345:32
    |
345 | ...                   && self.adj.entries@[j].0 == v;
    |                          ^^^^^^^^^^^^^^^^^^^^

note: Verus printed one or more automatically chosen quantifier triggers
      because it had low confidence in the chosen triggers.
      To suppress these messages, do one of the following:
        (1) manually annotate a single desired trigger using #[trigger]
            (example: forall|i: int, j: int| f(i) && #[trigger] g(i) && #[trigger] h(j)),
        (2) manually annotate multiple desired triggers using #![trigger ...]
            (example: forall|i: int| #![trigger f(i)] #![trigger g(i)] f(i) && g(i)),
        (3) accept the automatically chosen trigger using #![auto]
            (example: forall|i: int, j: int| #![auto] f(i) && g(i) && h(j))
        (4) use the --triggers-mode silent command-line option to suppress all printing of triggers.
      (Note: triggers are used by the underlying SMT theorem prover to instantiate quantifiers;
      the theorem prover instantiates a quantifier whenever some expression matches the
      pattern specified by one of the quantifier's triggers.)
   --> src/Chap52/AdjTableGraphStPer.rs:344:33
    |
344 |                           let j = choose|j: int| 0 <= j < len as int
    |  _________________________________^
345 | |                             && self.adj.entries@[j].0 == v;
    | |__________________________________________________________^

verification results:: 5386 verified, 0 errors
warning: 2 warnings emitted

    Finished `release` profile [optimized] target(s) in 0.04s
────────────
 Nextest run ID 9a5e363a-0760-49c6-b8fe-f2b8d58d4945 with nextest profile: default
    Starting 157 tests across 37 binaries
        PASS [   1.263s] rust_verify_test::HashSetWithViewPlus hash_set_wvp_loop_loop
        PASS [   1.296s] rust_verify_test::HashMapWithViewPlus hash_map_wvp_loop_loop
        PASS [   1.352s] rust_verify_test::HashSetWithViewPlus hash_set_wvp_for_iter
        PASS [   1.387s] rust_verify_test::HashMapWithViewPlus hash_map_wvp_for_iter
        PASS [   1.449s] rust_verify_test::MappingStEph mapping_st_eph_for_iter
        PASS [   1.488s] rust_verify_test::MappingStEph mapping_st_eph_loop_loop
        PASS [   1.295s] rust_verify_test::ProveAVLTreeSetMtEph avltreesetmteph_for_borrow_into
        PASS [   1.316s] rust_verify_test::ProveAVLTreeSetMtEph avltreesetmteph_for_borrow_iter
        PASS [   1.276s] rust_verify_test::ProveAVLTreeSetMtEph avltreesetmteph_loop_borrow_iter
        PASS [   1.495s] rust_verify_test::ProveAVLTreeSeq avltreeseq_loop_borrow_iter
        PASS [   1.327s] rust_verify_test::ProveArraySeq arrayseq_filter
        PASS [   1.553s] rust_verify_test::ProveAVLTreeSeq avltreeseq_for_borrow_iter
        PASS [   1.332s] rust_verify_test::ProveArraySeq arrayseq_iterate_prefixes
        PASS [   1.422s] rust_verify_test::ProveArraySeq arrayseq_for_iter
        PASS [   1.289s] rust_verify_test::ProveArraySeq arrayseq_map
        PASS [   1.347s] rust_verify_test::ProveArraySeq arrayseq_loop_loop
        PASS [   1.512s] rust_verify_test::ProveArraySeq arrayseq_iterate
        PASS [   1.463s] rust_verify_test::ProveArraySeq arrayseq_reduce
        PASS [   1.246s] rust_verify_test::ProveArraySeq arrayseq_tabulate
        PASS [   1.454s] rust_verify_test::ProveArraySeq arrayseq_scan
        PASS [   1.343s] rust_verify_test::ProveArraySeqMtPer arrayseqmtper_for_iter
        PASS [   1.434s] rust_verify_test::ProveArraySeqMtEph arrayseqmteph_loop_loop
        PASS [   1.563s] rust_verify_test::ProveArraySeqMtEph arrayseqmteph_for_iter
        PASS [   1.638s] rust_verify_test::ProveArraySeq arrayseq_scan_inclusive
        PASS [   1.342s] rust_verify_test::ProveArraySeqMtPer arrayseqmtper_loop_loop
        PASS [   1.418s] rust_verify_test::ProveArraySeqStEph arrayseqsteph_for_borrow_into
        PASS [   1.334s] rust_verify_test::ProveArraySeqStEph arrayseqsteph_for_consume
        PASS [   1.345s] rust_verify_test::ProveArraySeqStEph arrayseqsteph_loop_borrow_into
        PASS [   1.440s] rust_verify_test::ProveArraySeqStEph arrayseqsteph_loop_borrow_iter
        PASS [   1.650s] rust_verify_test::ProveArraySeqStEph arrayseqsteph_for_borrow_iter
        PASS [   1.401s] rust_verify_test::ProveArraySeqStEph arrayseqsteph_loop_consume
        PASS [   1.503s] rust_verify_test::ProveArraySeqStPer arrayseqstper_for_iter
        PASS [   1.307s] rust_verify_test::ProveBFSMtEph chap54_bfsmteph_top_down_loop
        PASS [   1.509s] rust_verify_test::ProveArraySeqStPer arrayseqstper_loop_loop
        PASS [   1.555s] rust_verify_test::ProveBFSMtEph chap54_bfsmteph_bottom_up_loop
        PASS [   1.490s] rust_verify_test::ProveBFSStEph chap54_bfssteph_bottom_up_loop
        PASS [   1.406s] rust_verify_test::ProveBFSStEph chap54_bfssteph_top_down_loop
        PASS [   1.398s] rust_verify_test::ProveBalBinTreeStEph balbintree_for_inorder
        PASS [   1.479s] rust_verify_test::ProveBalBinTreeStEph balbintree_for_preorder
        PASS [   1.396s] rust_verify_test::ProveBalBinTreeStEph balbintree_inorder_spec_match
        PASS [   1.314s] rust_verify_test::ProveBalBinTreeStEph balbintree_leaf_iter_exhausted
        PASS [   1.711s] rust_verify_test::ProveBalBinTreeStEph balbintree_for_postorder
        PASS [   1.319s] rust_verify_test::ProveBalBinTreeStEph balbintree_leaf_traversals_empty
        PASS [   1.357s] rust_verify_test::ProveBalBinTreeStEph balbintree_loop_inorder
        PASS [   1.409s] rust_verify_test::ProveBalBinTreeStEph balbintree_loop_preorder
        PASS [   1.357s] rust_verify_test::ProveBalBinTreeStEph balbintree_postorder_spec_match
        PASS [   1.487s] rust_verify_test::ProveBalBinTreeStEph balbintree_loop_postorder
        PASS [   1.365s] rust_verify_test::ProveBalBinTreeStEph balbintree_preorder_spec_match
        PASS [   1.571s] rust_verify_test::ProveChap19ArraySeqMtEph chap19_arrayseqmteph_for_borrow_into
        PASS [   1.456s] rust_verify_test::ProveChap19ArraySeqMtEph chap19_arrayseqmteph_for_borrow_iter
        PASS [   1.358s] rust_verify_test::ProveChap19ArraySeqMtEph chap19_arrayseqmteph_loop_borrow_iter
        PASS [   1.389s] rust_verify_test::ProveChap19ArraySeqMtEph chap19_arrayseqmteph_loop_borrow_into
        PASS [   1.446s] rust_verify_test::ProveChap19ArraySeqMtEph chap19_arrayseqmteph_for_consume
        PASS [   1.348s] rust_verify_test::ProveChap19ArraySeqMtEph chap19_arrayseqmteph_loop_consume
        PASS [   1.343s] rust_verify_test::ProveChap19ArraySeqMtEphSlice slice_for_borrow_into
        PASS [   1.448s] rust_verify_test::ProveChap19ArraySeqMtEphSlice slice_for_borrow_iter
        PASS [   1.353s] rust_verify_test::ProveChap19ArraySeqMtEphSlice slice_loop_borrow_iter
        PASS [   1.369s] rust_verify_test::ProveChap19ArraySeqMtEphSlice slice_iter_over_subslice
        PASS [   1.411s] rust_verify_test::ProveChap19ArraySeqStEph chap19_arrayseqsteph_for_borrow_into
        PASS [   1.531s] rust_verify_test::ProveChap19ArraySeqMtEphSlice slice_operations
        PASS [   1.375s] rust_verify_test::ProveChap19ArraySeqStEph chap19_arrayseqsteph_for_borrow_iter
        PASS [   1.385s] rust_verify_test::ProveChap19ArraySeqStEph chap19_arrayseqsteph_loop_borrow_into
        PASS [   1.558s] rust_verify_test::ProveChap19ArraySeqStEph chap19_arrayseqsteph_for_consume
        PASS [   1.360s] rust_verify_test::ProveChap19ArraySeqStEph chap19_arrayseqsteph_loop_consume
        PASS [   1.481s] rust_verify_test::ProveChap19ArraySeqStEph chap19_arrayseqsteph_loop_borrow_iter
        PASS [   1.441s] rust_verify_test::ProveChap19ArraySeqStPer chap19_arrayseqstper_for_borrow_into
        PASS [   1.424s] rust_verify_test::ProveChap19ArraySeqStPer chap19_arrayseqstper_for_borrow_iter
        PASS [   1.361s] rust_verify_test::ProveChap19ArraySeqStPer chap19_arrayseqstper_for_consume
        PASS [   1.351s] rust_verify_test::ProveChap19ArraySeqStPer chap19_arrayseqstper_loop_borrow_iter
        PASS [   1.446s] rust_verify_test::ProveChap19ArraySeqStPer chap19_arrayseqstper_loop_borrow_into
        PASS [   1.461s] rust_verify_test::ProveChap19ArraySeqStPer chap19_arrayseqstper_loop_consume
        PASS [   1.365s] rust_verify_test::ProveKleeneStPer kleene_alphabet
        PASS [   1.351s] rust_verify_test::ProveKleeneStPer kleene_mem_plus
        PASS [   1.386s] rust_verify_test::ProveKleeneStPer kleene_mem_star
        PASS [   1.395s] rust_verify_test::ProveLinkedListStPer linkedliststper_for_iter
        PASS [   1.493s] rust_verify_test::ProveLinkedListStEph linkedliststeph_loop_loop
        PASS [   1.465s] rust_verify_test::ProveLinkedListStPer linkedliststper_loop_loop
        PASS [   1.679s] rust_verify_test::ProveLinkedListStEph linkedliststeph_for_iter
        PASS [   1.481s] rust_verify_test::ProveMathSeq mathseq_for_borrow_into
        PASS [   1.413s] rust_verify_test::ProveMathSeq mathseq_for_borrow_iter
        PASS [   1.508s] rust_verify_test::ProveMathSeq mathseq_for_consume
        PASS [   1.460s] rust_verify_test::ProveMathSeq mathseq_loop_borrow_into
        PASS [   1.500s] rust_verify_test::ProveMathSeq mathseq_loop_consume
        PASS [   1.565s] rust_verify_test::ProveMathSeq mathseq_loop_borrow_iter
        PASS [   1.505s] rust_verify_test::ProveOrderedSetStEph chap43_orderedsetsteph_for_borrow_into
        PASS [   1.466s] rust_verify_test::ProveOrderedSetStEph chap43_orderedsetsteph_for_borrow_iter
        PASS [   1.372s] rust_verify_test::ProveOrderedSetStEph chap43_orderedsetsteph_loop_borrow_into
        PASS [   1.413s] rust_verify_test::ProveOrderedSetStEph chap43_orderedsetsteph_loop_borrow_iter
        PASS [   1.445s] rust_verify_test::ProveOrderedTableStEph chap43_orderedtablesteph_for_borrow_into
        PASS [   1.592s] rust_verify_test::ProveOrderedTableStEph chap43_orderedtablesteph_for_borrow_iter
        PASS [   1.505s] rust_verify_test::ProveOrderedTableStEph chap43_orderedtablesteph_loop_borrow_into
        PASS [   1.607s] rust_verify_test::ProveOrderedTableStEph chap43_orderedtablesteph_loop_borrow_iter
        PASS [   1.689s] rust_verify_test::ProveOrderedTableStPer chap43_orderedtablestper_for_borrow_iter
        PASS [   1.807s] rust_verify_test::ProveOrderedTableStPer chap43_orderedtablestper_for_borrow_into
        PASS [   1.679s] rust_verify_test::ProveOrderedTableStPer chap43_orderedtablestper_loop_borrow_into
        PASS [   1.968s] rust_verify_test::ProveOrderedTableStPer chap43_orderedtablestper_loop_borrow_iter
        PASS [   1.936s] rust_verify_test::ProvePrimTreeSeqStPer primtreeseq_for_borrow_into
        PASS [   1.932s] rust_verify_test::ProvePrimTreeSeqStPer primtreeseq_for_borrow_iter
        PASS [   1.641s] rust_verify_test::ProvePrimTreeSeqStPer primtreeseq_loop_borrow_into
        PASS [   1.692s] rust_verify_test::ProvePrimTreeSeqStPer primtreeseq_loop_borrow_iter
        PASS [   1.992s] rust_verify_test::ProvePrimTreeSeqStPer primtreeseq_for_consume
        PASS [   1.745s] rust_verify_test::ProvePrimTreeSeqStPer primtreeseq_loop_consume
        PASS [   2.145s] rust_verify_test::ProveSetMtEph set_mt_eph_for_borrow_into
        PASS [   1.907s] rust_verify_test::ProveSetMtEph set_mt_eph_loop_borrow_iter
        PASS [   1.850s] rust_verify_test::Provedeep_view_standard deep_view_standard_for_borrow_iter
        PASS [   2.268s] rust_verify_test::ProveSetMtEph set_mt_eph_for_borrow_iter
        PASS [   2.034s] rust_verify_test::Provedeep_view_standard deep_view_standard_for_borrow_into
        PASS [   1.881s] rust_verify_test::Provedeep_view_standard deep_view_standard_for_consume
        PASS [   1.590s] rust_verify_test::Provedeep_view_standard deep_view_standard_loop_borrow_into
        PASS [   1.615s] rust_verify_test::Provedeep_view_standard deep_view_standard_simple
        PASS [   1.635s] rust_verify_test::Provedeep_view_standard deep_view_standard_loop_consume
        PASS [   1.690s] rust_verify_test::Proveiterators_standard iterators_standard_for_borrow_into
        PASS [   2.003s] rust_verify_test::Provedeep_view_standard deep_view_standard_loop_borrow_iter
        PASS [   2.042s] rust_verify_test::Proveiterators_standard iterators_standard_for_borrow_iter
        PASS [   1.999s] rust_verify_test::Proveiterators_standard iterators_standard_for_consume
        PASS [   1.738s] rust_verify_test::Proveiterators_standard iterators_standard_loop_borrow_iter
        PASS [   2.008s] rust_verify_test::Proveiterators_standard iterators_standard_loop_borrow_into
        PASS [   1.951s] rust_verify_test::Provemod_standard mod_standard_for_borrow_into
        PASS [   2.170s] rust_verify_test::Proveiterators_standard iterators_standard_loop_consume
        PASS [   1.775s] rust_verify_test::Provemod_standard mod_standard_for_borrow_iter
        PASS [   1.833s] rust_verify_test::Provemod_standard mod_standard_for_consume
        PASS [   1.672s] rust_verify_test::Provemod_standard mod_standard_loop_borrow_into
        PASS [   1.701s] rust_verify_test::Provemod_standard mod_standard_loop_consume
        PASS [   2.096s] rust_verify_test::Provemod_standard mod_standard_loop_borrow_iter
        PASS [   1.988s] rust_verify_test::Provetable_of_contents_standard toc_standard_for_borrow_into
        PASS [   1.791s] rust_verify_test::Provetable_of_contents_standard toc_standard_for_borrow_iter
        PASS [   1.893s] rust_verify_test::Provetable_of_contents_standard toc_standard_for_consume
        PASS [   1.887s] rust_verify_test::Provetable_of_contents_standard toc_standard_loop_borrow_into
        PASS [   1.858s] rust_verify_test::Provetable_of_contents_standard toc_standard_loop_borrow_iter
        PASS [   1.900s] rust_verify_test::Provetable_of_contents_standard toc_standard_loop_consume
        PASS [   1.682s] rust_verify_test::Proveusing_closures_standard closures_inline_requires_ensures
        PASS [   1.846s] rust_verify_test::Proveusing_closures_standard closures_ghost_spec_fn
        PASS [   1.458s] rust_verify_test::Proveusing_closures_standard closures_map_apply
        PASS [   1.747s] rust_verify_test::Proveusing_closures_standard closures_let_bind_ensures
        PASS [   1.347s] rust_verify_test::Proveview_standard view_standard_collection
        PASS [   1.417s] rust_verify_test::Proveview_standard view_standard_for_borrow_iter
        PASS [   1.609s] rust_verify_test::Proveview_standard view_standard_for_borrow_into
        PASS [   1.635s] rust_verify_test::Proveview_standard view_standard_for_consume
        PASS [   1.348s] rust_verify_test::Proveview_standard view_standard_loop_borrow_into
        PASS [   1.453s] rust_verify_test::Proveview_standard view_standard_loop_borrow_iter
        PASS [   1.409s] rust_verify_test::Proveview_standard view_standard_loop_consume
        PASS [   1.280s] rust_verify_test::Proveview_standard view_standard_simple
        PASS [   1.349s] rust_verify_test::Provewrapping_iterators_standard wrapping_for_borrow_iter
        PASS [   1.582s] rust_verify_test::Provewrapping_iterators_standard wrapping_for_borrow_into
        PASS [   1.307s] rust_verify_test::Provewrapping_iterators_standard wrapping_loop_borrow_into
        PASS [   1.579s] rust_verify_test::Provewrapping_iterators_standard wrapping_loop_borrow_iter
        PASS [   1.767s] rust_verify_test::RelationStEph relation_st_eph_for_iter
        PASS [   1.457s] rust_verify_test::RelationStEph relation_st_eph_loop_loop
        PASS [   1.528s] rust_verify_test::SetMtEph set_mt_eph_for_iter
        PASS [   1.573s] rust_verify_test::SetMtEph set_mt_eph_from_vec
        PASS [   1.454s] rust_verify_test::SetMtEph set_mt_eph_loop_loop
        PASS [   1.556s] rust_verify_test::SetStEph set_st_eph_for_iter
        PASS [   1.474s] rust_verify_test::SetStEph set_st_eph_from_vec
        PASS [   1.437s] rust_verify_test::SetStEph set_st_eph_loop_loop
        PASS [   1.325s] rust_verify_test::prove_MathSeq_iters mathseq_iter_consuming
        PASS [   1.253s] rust_verify_test::prove_MathSeq_iters mathseq_iter_range
        PASS [   1.446s] rust_verify_test::prove_MathSeq_iters mathseq_iter_nested
────────────
     Summary [  40.824s] 157 tests run: 157 passed, 0 skipped
Elapsed: 167s
