verification results:: 4733 verified, 0 errors
    Finished `release` profile [optimized] target(s) in 0.04s
────────────
 Nextest run ID 2b618158-4b7e-4404-a92a-3b68676ab991 with nextest profile: default
    Starting 157 tests across 37 binaries
        PASS [   1.086s] rust_verify_test::HashMapWithViewPlus hash_map_wvp_loop_loop
        PASS [   1.157s] rust_verify_test::HashMapWithViewPlus hash_map_wvp_for_iter
        PASS [   1.168s] rust_verify_test::HashSetWithViewPlus hash_set_wvp_for_iter
        PASS [   1.179s] rust_verify_test::HashSetWithViewPlus hash_set_wvp_loop_loop
        PASS [   1.277s] rust_verify_test::MappingStEph mapping_st_eph_loop_loop
        PASS [   1.295s] rust_verify_test::MappingStEph mapping_st_eph_for_iter
        PASS [   1.135s] rust_verify_test::ProveAVLTreeSeq avltreeseq_for_borrow_iter
        PASS [   1.104s] rust_verify_test::ProveAVLTreeSetMtEph avltreesetmteph_for_borrow_iter
        PASS [   1.158s] rust_verify_test::ProveAVLTreeSetMtEph avltreesetmteph_for_borrow_into
        PASS [   1.177s] rust_verify_test::ProveAVLTreeSeq avltreeseq_loop_borrow_iter
        PASS [   1.068s] rust_verify_test::ProveArraySeq arrayseq_filter
        PASS [   1.088s] rust_verify_test::ProveAVLTreeSetMtEph avltreesetmteph_loop_borrow_iter
        PASS [   1.137s] rust_verify_test::ProveArraySeq arrayseq_iterate
        PASS [   1.095s] rust_verify_test::ProveArraySeq arrayseq_loop_loop
        PASS [   1.233s] rust_verify_test::ProveArraySeq arrayseq_for_iter
        PASS [   1.143s] rust_verify_test::ProveArraySeq arrayseq_iterate_prefixes
        PASS [   1.118s] rust_verify_test::ProveArraySeq arrayseq_map
        PASS [   1.179s] rust_verify_test::ProveArraySeq arrayseq_reduce
        PASS [   1.052s] rust_verify_test::ProveArraySeq arrayseq_tabulate
        PASS [   1.091s] rust_verify_test::ProveArraySeqMtEph arrayseqmteph_loop_loop
        PASS [   1.121s] rust_verify_test::ProveArraySeqMtEph arrayseqmteph_for_iter
        PASS [   1.242s] rust_verify_test::ProveArraySeq arrayseq_scan_inclusive
        PASS [   1.265s] rust_verify_test::ProveArraySeq arrayseq_scan
        PASS [   1.156s] rust_verify_test::ProveArraySeqMtPer arrayseqmtper_for_iter
        PASS [   1.151s] rust_verify_test::ProveArraySeqMtPer arrayseqmtper_loop_loop
        PASS [   1.162s] rust_verify_test::ProveArraySeqStEph arrayseqsteph_for_borrow_into
        PASS [   1.187s] rust_verify_test::ProveArraySeqStEph arrayseqsteph_for_borrow_iter
        PASS [   1.101s] rust_verify_test::ProveArraySeqStEph arrayseqsteph_loop_borrow_into
        PASS [   1.162s] rust_verify_test::ProveArraySeqStEph arrayseqsteph_for_consume
        PASS [   1.151s] rust_verify_test::ProveArraySeqStEph arrayseqsteph_loop_borrow_iter
        PASS [   1.093s] rust_verify_test::ProveArraySeqStEph arrayseqsteph_loop_consume
        PASS [   1.174s] rust_verify_test::ProveArraySeqStPer arrayseqstper_for_iter
        PASS [   1.149s] rust_verify_test::ProveArraySeqStPer arrayseqstper_loop_loop
        PASS [   1.142s] rust_verify_test::ProveBFSMtEph chap54_bfsmteph_bottom_up_loop
        PASS [   1.107s] rust_verify_test::ProveBFSMtEph chap54_bfsmteph_top_down_loop
        PASS [   1.097s] rust_verify_test::ProveBFSStEph chap54_bfssteph_bottom_up_loop
        PASS [   1.096s] rust_verify_test::ProveBFSStEph chap54_bfssteph_top_down_loop
        PASS [   1.072s] rust_verify_test::ProveBalBinTreeStEph balbintree_inorder_spec_match
        PASS [   1.115s] rust_verify_test::ProveBalBinTreeStEph balbintree_leaf_iter_exhausted
        PASS [   1.155s] rust_verify_test::ProveBalBinTreeStEph balbintree_for_preorder
        PASS [   1.181s] rust_verify_test::ProveBalBinTreeStEph balbintree_for_inorder
        PASS [   1.215s] rust_verify_test::ProveBalBinTreeStEph balbintree_for_postorder
        PASS [   1.183s] rust_verify_test::ProveBalBinTreeStEph balbintree_leaf_traversals_empty
        PASS [   1.147s] rust_verify_test::ProveBalBinTreeStEph balbintree_loop_inorder
        PASS [   1.130s] rust_verify_test::ProveBalBinTreeStEph balbintree_loop_postorder
        PASS [   1.083s] rust_verify_test::ProveBalBinTreeStEph balbintree_preorder_spec_match
        PASS [   1.144s] rust_verify_test::ProveBalBinTreeStEph balbintree_postorder_spec_match
        PASS [   1.198s] rust_verify_test::ProveBalBinTreeStEph balbintree_loop_preorder
        PASS [   1.126s] rust_verify_test::ProveChap19ArraySeqMtEph chap19_arrayseqmteph_for_borrow_into
        PASS [   1.130s] rust_verify_test::ProveChap19ArraySeqMtEph chap19_arrayseqmteph_for_consume
        PASS [   1.186s] rust_verify_test::ProveChap19ArraySeqMtEph chap19_arrayseqmteph_for_borrow_iter
        PASS [   1.155s] rust_verify_test::ProveChap19ArraySeqMtEph chap19_arrayseqmteph_loop_borrow_into
        PASS [   1.192s] rust_verify_test::ProveChap19ArraySeqMtEph chap19_arrayseqmteph_loop_borrow_iter
        PASS [   1.152s] rust_verify_test::ProveChap19ArraySeqMtEph chap19_arrayseqmteph_loop_consume
        PASS [   1.145s] rust_verify_test::ProveChap19ArraySeqMtEphSlice slice_for_borrow_into
        PASS [   1.153s] rust_verify_test::ProveChap19ArraySeqMtEphSlice slice_loop_borrow_iter
        PASS [   1.191s] rust_verify_test::ProveChap19ArraySeqMtEphSlice slice_iter_over_subslice
        PASS [   1.215s] rust_verify_test::ProveChap19ArraySeqMtEphSlice slice_for_borrow_iter
        PASS [   1.153s] rust_verify_test::ProveChap19ArraySeqMtEphSlice slice_operations
        PASS [   1.146s] rust_verify_test::ProveChap19ArraySeqStEph chap19_arrayseqsteph_for_borrow_into
        PASS [   1.207s] rust_verify_test::ProveChap19ArraySeqStEph chap19_arrayseqsteph_for_borrow_iter
        PASS [   1.142s] rust_verify_test::ProveChap19ArraySeqStEph chap19_arrayseqsteph_for_consume
        PASS [   1.149s] rust_verify_test::ProveChap19ArraySeqStEph chap19_arrayseqsteph_loop_borrow_iter
        PASS [   1.133s] rust_verify_test::ProveChap19ArraySeqStEph chap19_arrayseqsteph_loop_consume
        PASS [   1.176s] rust_verify_test::ProveChap19ArraySeqStEph chap19_arrayseqsteph_loop_borrow_into
        PASS [   1.146s] rust_verify_test::ProveChap19ArraySeqStPer chap19_arrayseqstper_for_borrow_into
        PASS [   1.167s] rust_verify_test::ProveChap19ArraySeqStPer chap19_arrayseqstper_for_borrow_iter
        PASS [   1.116s] rust_verify_test::ProveChap19ArraySeqStPer chap19_arrayseqstper_loop_borrow_into
        PASS [   1.140s] rust_verify_test::ProveChap19ArraySeqStPer chap19_arrayseqstper_for_consume
        PASS [   1.133s] rust_verify_test::ProveKleeneStPer kleene_alphabet
        PASS [   1.168s] rust_verify_test::ProveChap19ArraySeqStPer chap19_arrayseqstper_loop_borrow_iter
        PASS [   1.183s] rust_verify_test::ProveChap19ArraySeqStPer chap19_arrayseqstper_loop_consume
        PASS [   1.124s] rust_verify_test::ProveKleeneStPer kleene_mem_plus
        PASS [   1.135s] rust_verify_test::ProveKleeneStPer kleene_mem_star
        PASS [   1.113s] rust_verify_test::ProveLinkedListStEph linkedliststeph_loop_loop
        PASS [   1.109s] rust_verify_test::ProveLinkedListStPer linkedliststper_loop_loop
        PASS [   1.195s] rust_verify_test::ProveLinkedListStEph linkedliststeph_for_iter
        PASS [   1.220s] rust_verify_test::ProveLinkedListStPer linkedliststper_for_iter
        PASS [   1.219s] rust_verify_test::ProveMathSeq mathseq_for_borrow_into
        PASS [   1.155s] rust_verify_test::ProveMathSeq mathseq_for_borrow_iter
        PASS [   1.124s] rust_verify_test::ProveMathSeq mathseq_loop_borrow_iter
        PASS [   1.177s] rust_verify_test::ProveMathSeq mathseq_for_consume
        PASS [   1.200s] rust_verify_test::ProveMathSeq mathseq_loop_borrow_into
        PASS [   1.186s] rust_verify_test::ProveMathSeq mathseq_loop_consume
        PASS [   1.143s] rust_verify_test::ProveOrderedSetStEph chap43_orderedsetsteph_for_borrow_into
        PASS [   1.200s] rust_verify_test::ProveOrderedSetStEph chap43_orderedsetsteph_loop_borrow_into
        PASS [   1.243s] rust_verify_test::ProveOrderedSetStEph chap43_orderedsetsteph_for_borrow_iter
        PASS [   1.270s] rust_verify_test::ProveOrderedSetStEph chap43_orderedsetsteph_loop_borrow_iter
        PASS [   1.249s] rust_verify_test::ProveOrderedTableStEph chap43_orderedtablesteph_for_borrow_into
        PASS [   1.196s] rust_verify_test::ProveOrderedTableStEph chap43_orderedtablesteph_for_borrow_iter
        PASS [   1.180s] rust_verify_test::ProveOrderedTableStEph chap43_orderedtablesteph_loop_borrow_into
        PASS [   1.232s] rust_verify_test::ProveOrderedTableStEph chap43_orderedtablesteph_loop_borrow_iter
        PASS [   1.179s] rust_verify_test::ProveOrderedTableStPer chap43_orderedtablestper_loop_borrow_into
        PASS [   1.236s] rust_verify_test::ProveOrderedTableStPer chap43_orderedtablestper_for_borrow_iter
        PASS [   1.182s] rust_verify_test::ProveOrderedTableStPer chap43_orderedtablestper_loop_borrow_iter
        PASS [   1.348s] rust_verify_test::ProveOrderedTableStPer chap43_orderedtablestper_for_borrow_into
        PASS [   1.095s] rust_verify_test::ProvePrimTreeSeqStPer primtreeseq_for_borrow_into
        PASS [   1.133s] rust_verify_test::ProvePrimTreeSeqStPer primtreeseq_for_borrow_iter
        PASS [   1.084s] rust_verify_test::ProvePrimTreeSeqStPer primtreeseq_loop_borrow_into
        PASS [   1.081s] rust_verify_test::ProvePrimTreeSeqStPer primtreeseq_loop_borrow_iter
        PASS [   1.122s] rust_verify_test::ProvePrimTreeSeqStPer primtreeseq_for_consume
        PASS [   1.117s] rust_verify_test::ProvePrimTreeSeqStPer primtreeseq_loop_consume
        PASS [   1.202s] rust_verify_test::ProveSetMtEph set_mt_eph_for_borrow_into
        PASS [   1.095s] rust_verify_test::Provedeep_view_standard deep_view_standard_for_borrow_into
        PASS [   1.179s] rust_verify_test::ProveSetMtEph set_mt_eph_for_borrow_iter
        PASS [   1.159s] rust_verify_test::ProveSetMtEph set_mt_eph_loop_borrow_iter
        PASS [   1.146s] rust_verify_test::Provedeep_view_standard deep_view_standard_for_borrow_iter
        PASS [   1.141s] rust_verify_test::Provedeep_view_standard deep_view_standard_for_consume
        PASS [   1.033s] rust_verify_test::Provedeep_view_standard deep_view_standard_loop_borrow_into
        PASS [   1.012s] rust_verify_test::Provedeep_view_standard deep_view_standard_simple
        PASS [   1.150s] rust_verify_test::Provedeep_view_standard deep_view_standard_loop_borrow_iter
        PASS [   1.141s] rust_verify_test::Provedeep_view_standard deep_view_standard_loop_consume
        PASS [   1.142s] rust_verify_test::Proveiterators_standard iterators_standard_for_borrow_into
        PASS [   1.137s] rust_verify_test::Proveiterators_standard iterators_standard_for_borrow_iter
        PASS [   1.099s] rust_verify_test::Proveiterators_standard iterators_standard_for_consume
        PASS [   1.051s] rust_verify_test::Proveiterators_standard iterators_standard_loop_borrow_into
        PASS [   1.063s] rust_verify_test::Proveiterators_standard iterators_standard_loop_borrow_iter
        PASS [   1.090s] rust_verify_test::Provemod_standard mod_standard_for_borrow_into
        PASS [   1.146s] rust_verify_test::Proveiterators_standard iterators_standard_loop_consume
        PASS [   1.151s] rust_verify_test::Provemod_standard mod_standard_for_borrow_iter
        PASS [   1.135s] rust_verify_test::Provemod_standard mod_standard_for_consume
        PASS [   1.105s] rust_verify_test::Provemod_standard mod_standard_loop_borrow_into
        PASS [   1.101s] rust_verify_test::Provemod_standard mod_standard_loop_borrow_iter
        PASS [   1.145s] rust_verify_test::Provemod_standard mod_standard_loop_consume
        PASS [   1.175s] rust_verify_test::Provetable_of_contents_standard toc_standard_for_borrow_into
        PASS [   1.146s] rust_verify_test::Provetable_of_contents_standard toc_standard_for_borrow_iter
        PASS [   1.067s] rust_verify_test::Provetable_of_contents_standard toc_standard_for_consume
        PASS [   1.070s] rust_verify_test::Provetable_of_contents_standard toc_standard_loop_borrow_into
        PASS [   1.085s] rust_verify_test::Provetable_of_contents_standard toc_standard_loop_borrow_iter
        PASS [   1.142s] rust_verify_test::Provetable_of_contents_standard toc_standard_loop_consume
        PASS [   1.065s] rust_verify_test::Proveusing_closures_standard closures_inline_requires_ensures
        PASS [   1.125s] rust_verify_test::Proveusing_closures_standard closures_ghost_spec_fn
        PASS [   1.108s] rust_verify_test::Proveusing_closures_standard closures_let_bind_ensures
        PASS [   1.149s] rust_verify_test::Proveusing_closures_standard closures_map_apply
        PASS [   1.061s] rust_verify_test::Proveview_standard view_standard_collection
        PASS [   1.089s] rust_verify_test::Proveview_standard view_standard_for_borrow_into
        PASS [   1.109s] rust_verify_test::Proveview_standard view_standard_for_borrow_iter
        PASS [   1.097s] rust_verify_test::Proveview_standard view_standard_for_consume
        PASS [   1.138s] rust_verify_test::Proveview_standard view_standard_loop_borrow_into
        PASS [   1.092s] rust_verify_test::Proveview_standard view_standard_loop_borrow_iter
        PASS [   1.098s] rust_verify_test::Proveview_standard view_standard_loop_consume
        PASS [   1.019s] rust_verify_test::Proveview_standard view_standard_simple
        PASS [   1.112s] rust_verify_test::Provewrapping_iterators_standard wrapping_for_borrow_iter
        PASS [   1.131s] rust_verify_test::Provewrapping_iterators_standard wrapping_for_borrow_into
        PASS [   1.061s] rust_verify_test::Provewrapping_iterators_standard wrapping_loop_borrow_into
        PASS [   1.072s] rust_verify_test::Provewrapping_iterators_standard wrapping_loop_borrow_iter
        PASS [   1.227s] rust_verify_test::RelationStEph relation_st_eph_for_iter
        PASS [   1.188s] rust_verify_test::RelationStEph relation_st_eph_loop_loop
        PASS [   1.149s] rust_verify_test::SetMtEph set_mt_eph_from_vec
        PASS [   1.251s] rust_verify_test::SetMtEph set_mt_eph_for_iter
        PASS [   1.186s] rust_verify_test::SetMtEph set_mt_eph_loop_loop
        PASS [   1.180s] rust_verify_test::SetStEph set_st_eph_for_iter
        PASS [   1.082s] rust_verify_test::SetStEph set_st_eph_from_vec
        PASS [   1.093s] rust_verify_test::SetStEph set_st_eph_loop_loop
        PASS [   1.041s] rust_verify_test::prove_MathSeq_iters mathseq_iter_consuming
        PASS [   1.023s] rust_verify_test::prove_MathSeq_iters mathseq_iter_nested
        PASS [   0.910s] rust_verify_test::prove_MathSeq_iters mathseq_iter_range
────────────
     Summary [  30.377s] 157 tests run: 157 passed, 0 skipped
Elapsed: 84s
