verification results:: 4436 verified, 0 errors
    Finished `release` profile [optimized] target(s) in 0.02s
────────────
 Nextest run ID 103ea4fc-a5a0-4c53-91fb-d3f254a3ffa8 with nextest profile: default
    Starting 145 tests across 34 binaries
        PASS [   1.345s] rust_verify_test::HashSetWithViewPlus hash_set_wvp_loop_loop
        PASS [   1.356s] rust_verify_test::HashMapWithViewPlus hash_map_wvp_for_iter
        PASS [   1.436s] rust_verify_test::MappingStEph mapping_st_eph_loop_loop
        PASS [   1.443s] rust_verify_test::HashMapWithViewPlus hash_map_wvp_loop_loop
        PASS [   1.488s] rust_verify_test::HashSetWithViewPlus hash_set_wvp_for_iter
        PASS [   1.636s] rust_verify_test::MappingStEph mapping_st_eph_for_iter
        PASS [   1.350s] rust_verify_test::ProveAVLTreeSetMtEph avltreesetmteph_for_borrow_into
        PASS [   1.370s] rust_verify_test::ProveAVLTreeSetMtEph avltreesetmteph_for_borrow_iter
        PASS [   1.378s] rust_verify_test::ProveAVLTreeSetMtEph avltreesetmteph_loop_borrow_iter
        PASS [   1.415s] rust_verify_test::ProveArraySeq arrayseq_for_iter
        PASS [   1.506s] rust_verify_test::ProveArraySeq arrayseq_filter
        PASS [   1.324s] rust_verify_test::ProveArraySeq arrayseq_iterate
        PASS [   1.202s] rust_verify_test::ProveArraySeq arrayseq_map
        PASS [   1.318s] rust_verify_test::ProveArraySeq arrayseq_loop_loop
        PASS [   1.367s] rust_verify_test::ProveArraySeq arrayseq_iterate_prefixes
        PASS [   1.438s] rust_verify_test::ProveArraySeq arrayseq_scan_inclusive
        PASS [   1.612s] rust_verify_test::ProveArraySeq arrayseq_reduce
        PASS [   1.585s] rust_verify_test::ProveArraySeq arrayseq_scan
        PASS [   1.275s] rust_verify_test::ProveArraySeq arrayseq_tabulate
        PASS [   1.316s] rust_verify_test::ProveArraySeqMtEph arrayseqmteph_for_iter
        PASS [   1.378s] rust_verify_test::ProveArraySeqMtEph arrayseqmteph_loop_loop
        PASS [   1.366s] rust_verify_test::ProveArraySeqMtPer arrayseqmtper_for_iter
        PASS [   1.268s] rust_verify_test::ProveArraySeqMtPer arrayseqmtper_loop_loop
        PASS [   1.509s] rust_verify_test::ProveArraySeqStEph arrayseqsteph_for_borrow_into
        PASS [   1.428s] rust_verify_test::ProveArraySeqStEph arrayseqsteph_for_borrow_iter
        PASS [   1.338s] rust_verify_test::ProveArraySeqStEph arrayseqsteph_loop_borrow_into
        PASS [   1.567s] rust_verify_test::ProveArraySeqStEph arrayseqsteph_for_consume
        PASS [   1.271s] rust_verify_test::ProveArraySeqStEph arrayseqsteph_loop_borrow_iter
        PASS [   1.315s] rust_verify_test::ProveArraySeqStEph arrayseqsteph_loop_consume
        PASS [   1.333s] rust_verify_test::ProveArraySeqStPer arrayseqstper_for_iter
        PASS [   1.292s] rust_verify_test::ProveBFSMtEph chap54_bfsmteph_bottom_up_loop
        PASS [   1.353s] rust_verify_test::ProveArraySeqStPer arrayseqstper_loop_loop
        PASS [   1.294s] rust_verify_test::ProveBFSMtEph chap54_bfsmteph_top_down_loop
        PASS [   1.288s] rust_verify_test::ProveBFSStEph chap54_bfssteph_top_down_loop
        PASS [   1.475s] rust_verify_test::ProveBFSStEph chap54_bfssteph_bottom_up_loop
        PASS [   1.430s] rust_verify_test::ProveBalBinTreeStEph balbintree_for_inorder
        PASS [   1.469s] rust_verify_test::ProveBalBinTreeStEph balbintree_for_preorder
        PASS [   1.353s] rust_verify_test::ProveBalBinTreeStEph balbintree_inorder_spec_match
        PASS [   1.373s] rust_verify_test::ProveBalBinTreeStEph balbintree_leaf_iter_exhausted
        PASS [   1.694s] rust_verify_test::ProveBalBinTreeStEph balbintree_for_postorder
        PASS [   1.309s] rust_verify_test::ProveBalBinTreeStEph balbintree_leaf_traversals_empty
        PASS [   1.341s] rust_verify_test::ProveBalBinTreeStEph balbintree_loop_inorder
        PASS [   1.301s] rust_verify_test::ProveBalBinTreeStEph balbintree_loop_preorder
        PASS [   1.342s] rust_verify_test::ProveBalBinTreeStEph balbintree_loop_postorder
        PASS [   1.330s] rust_verify_test::ProveBalBinTreeStEph balbintree_preorder_spec_match
        PASS [   1.319s] rust_verify_test::ProveChap19ArraySeqMtEph chap19_arrayseqmteph_for_borrow_into
        PASS [   1.532s] rust_verify_test::ProveBalBinTreeStEph balbintree_postorder_spec_match
        PASS [   1.368s] rust_verify_test::ProveChap19ArraySeqMtEph chap19_arrayseqmteph_for_borrow_iter
        PASS [   1.325s] rust_verify_test::ProveChap19ArraySeqMtEph chap19_arrayseqmteph_for_consume
        PASS [   1.357s] rust_verify_test::ProveChap19ArraySeqMtEph chap19_arrayseqmteph_loop_borrow_into
        PASS [   1.413s] rust_verify_test::ProveChap19ArraySeqMtEph chap19_arrayseqmteph_loop_borrow_iter
        PASS [   1.446s] rust_verify_test::ProveChap19ArraySeqMtEph chap19_arrayseqmteph_loop_consume
        PASS [   1.301s] rust_verify_test::ProveChap19ArraySeqMtEphSlice slice_for_borrow_into
        PASS [   1.341s] rust_verify_test::ProveChap19ArraySeqMtEphSlice slice_for_borrow_iter
        PASS [   1.246s] rust_verify_test::ProveChap19ArraySeqMtEphSlice slice_loop_borrow_iter
        PASS [   1.287s] rust_verify_test::ProveChap19ArraySeqMtEphSlice slice_iter_over_subslice
        PASS [   1.362s] rust_verify_test::ProveChap19ArraySeqStEph chap19_arrayseqsteph_for_borrow_iter
        PASS [   1.383s] rust_verify_test::ProveChap19ArraySeqStEph chap19_arrayseqsteph_for_borrow_into
        PASS [   1.550s] rust_verify_test::ProveChap19ArraySeqMtEphSlice slice_operations
        PASS [   1.315s] rust_verify_test::ProveChap19ArraySeqStEph chap19_arrayseqsteph_for_consume
        PASS [   1.365s] rust_verify_test::ProveChap19ArraySeqStEph chap19_arrayseqsteph_loop_borrow_iter
        PASS [   1.442s] rust_verify_test::ProveChap19ArraySeqStEph chap19_arrayseqsteph_loop_borrow_into
        PASS [   1.322s] rust_verify_test::ProveChap19ArraySeqStEph chap19_arrayseqsteph_loop_consume
        PASS [   1.317s] rust_verify_test::ProveChap19ArraySeqStPer chap19_arrayseqstper_for_borrow_into
        PASS [   1.389s] rust_verify_test::ProveChap19ArraySeqStPer chap19_arrayseqstper_for_borrow_iter
        PASS [   1.337s] rust_verify_test::ProveChap19ArraySeqStPer chap19_arrayseqstper_for_consume
        PASS [   1.312s] rust_verify_test::ProveChap19ArraySeqStPer chap19_arrayseqstper_loop_borrow_into
        PASS [   1.300s] rust_verify_test::ProveChap19ArraySeqStPer chap19_arrayseqstper_loop_borrow_iter
        PASS [   1.266s] rust_verify_test::ProveKleeneStPer kleene_alphabet
        PASS [   1.535s] rust_verify_test::ProveChap19ArraySeqStPer chap19_arrayseqstper_loop_consume
        PASS [   1.377s] rust_verify_test::ProveKleeneStPer kleene_mem_plus
        PASS [   1.400s] rust_verify_test::ProveKleeneStPer kleene_mem_star
        PASS [   1.286s] rust_verify_test::ProveLinkedListStEph linkedliststeph_for_iter
        PASS [   1.407s] rust_verify_test::ProveLinkedListStEph linkedliststeph_loop_loop
        PASS [   1.570s] rust_verify_test::ProveLinkedListStPer linkedliststper_for_iter
        PASS [   1.310s] rust_verify_test::ProveLinkedListStPer linkedliststper_loop_loop
        PASS [   1.357s] rust_verify_test::ProveMathSeq mathseq_for_borrow_iter
        PASS [   1.484s] rust_verify_test::ProveMathSeq mathseq_for_borrow_into
        PASS [   1.340s] rust_verify_test::ProveMathSeq mathseq_for_consume
        PASS [   1.365s] rust_verify_test::ProveMathSeq mathseq_loop_borrow_into
        PASS [   1.306s] rust_verify_test::ProveMathSeq mathseq_loop_borrow_iter
        PASS [   1.364s] rust_verify_test::ProveMathSeq mathseq_loop_consume
        PASS [   1.592s] rust_verify_test::ProveOrderedTableStPer chap43_orderedtablestper_loop_borrow_into
        PASS [   1.629s] rust_verify_test::ProveOrderedTableStPer chap43_orderedtablestper_loop_borrow_iter
        PASS [   1.259s] rust_verify_test::ProvePrimTreeSeqStPer primtreeseq_for_borrow_into
        PASS [   1.339s] rust_verify_test::ProvePrimTreeSeqStPer primtreeseq_for_borrow_iter
        PASS [   1.382s] rust_verify_test::ProvePrimTreeSeqStPer primtreeseq_loop_borrow_into
        PASS [   1.565s] rust_verify_test::ProvePrimTreeSeqStPer primtreeseq_for_consume
        PASS [   1.291s] rust_verify_test::ProvePrimTreeSeqStPer primtreeseq_loop_borrow_iter
        PASS [   1.303s] rust_verify_test::ProvePrimTreeSeqStPer primtreeseq_loop_consume
        PASS [   1.469s] rust_verify_test::ProveSetMtEph set_mt_eph_for_borrow_into
        PASS [   1.410s] rust_verify_test::ProveSetMtEph set_mt_eph_for_borrow_iter
        PASS [   1.308s] rust_verify_test::Provedeep_view_standard deep_view_standard_for_borrow_into
        PASS [   1.528s] rust_verify_test::ProveSetMtEph set_mt_eph_loop_borrow_iter
        PASS [   1.400s] rust_verify_test::Provedeep_view_standard deep_view_standard_for_borrow_iter
        PASS [   1.338s] rust_verify_test::Provedeep_view_standard deep_view_standard_for_consume
        PASS [   1.584s] rust_verify_test::Provedeep_view_standard deep_view_standard_loop_borrow_into
        PASS [   1.384s] rust_verify_test::Provedeep_view_standard deep_view_standard_loop_borrow_iter
        PASS [   1.374s] rust_verify_test::Provedeep_view_standard deep_view_standard_loop_consume
        PASS [   1.305s] rust_verify_test::Provedeep_view_standard deep_view_standard_simple
        PASS [   1.338s] rust_verify_test::Proveiterators_standard iterators_standard_for_borrow_into
        PASS [   1.429s] rust_verify_test::Proveiterators_standard iterators_standard_for_borrow_iter
        PASS [   1.303s] rust_verify_test::Proveiterators_standard iterators_standard_for_consume
        PASS [   1.485s] rust_verify_test::Proveiterators_standard iterators_standard_loop_borrow_into
        PASS [   1.273s] rust_verify_test::Proveiterators_standard iterators_standard_loop_consume
        PASS [   1.353s] rust_verify_test::Proveiterators_standard iterators_standard_loop_borrow_iter
        PASS [   1.366s] rust_verify_test::Provemod_standard mod_standard_for_borrow_into
        PASS [   1.324s] rust_verify_test::Provemod_standard mod_standard_for_borrow_iter
        PASS [   1.373s] rust_verify_test::Provemod_standard mod_standard_for_consume
        PASS [   1.411s] rust_verify_test::Provemod_standard mod_standard_loop_borrow_into
        PASS [   1.327s] rust_verify_test::Provemod_standard mod_standard_loop_borrow_iter
        PASS [   1.546s] rust_verify_test::Provemod_standard mod_standard_loop_consume
        PASS [   1.335s] rust_verify_test::Provetable_of_contents_standard toc_standard_for_borrow_into
        PASS [   1.419s] rust_verify_test::Provetable_of_contents_standard toc_standard_for_borrow_iter
        PASS [   1.283s] rust_verify_test::Provetable_of_contents_standard toc_standard_for_consume
        PASS [   1.314s] rust_verify_test::Provetable_of_contents_standard toc_standard_loop_borrow_into
        PASS [   1.252s] rust_verify_test::Provetable_of_contents_standard toc_standard_loop_borrow_iter
        PASS [   1.339s] rust_verify_test::Provetable_of_contents_standard toc_standard_loop_consume
        PASS [   1.423s] rust_verify_test::Proveusing_closures_standard closures_ghost_spec_fn
        PASS [   1.262s] rust_verify_test::Proveusing_closures_standard closures_inline_requires_ensures
        PASS [   1.391s] rust_verify_test::Proveusing_closures_standard closures_let_bind_ensures
        PASS [   1.244s] rust_verify_test::Proveusing_closures_standard closures_map_apply
        PASS [   1.416s] rust_verify_test::Proveview_standard view_standard_collection
        PASS [   1.340s] rust_verify_test::Proveview_standard view_standard_for_borrow_into
        PASS [   1.377s] rust_verify_test::Proveview_standard view_standard_for_consume
        PASS [   1.393s] rust_verify_test::Proveview_standard view_standard_for_borrow_iter
        PASS [   1.421s] rust_verify_test::Proveview_standard view_standard_loop_borrow_into
        PASS [   1.359s] rust_verify_test::Proveview_standard view_standard_loop_borrow_iter
        PASS [   1.301s] rust_verify_test::Proveview_standard view_standard_loop_consume
        PASS [   1.528s] rust_verify_test::Proveview_standard view_standard_simple
        PASS [   1.864s] rust_verify_test::Provewrapping_iterators_standard wrapping_for_borrow_into
        PASS [   2.067s] rust_verify_test::Provewrapping_iterators_standard wrapping_for_borrow_iter
        PASS [   2.420s] rust_verify_test::Provewrapping_iterators_standard wrapping_loop_borrow_into
        PASS [   2.608s] rust_verify_test::Provewrapping_iterators_standard wrapping_loop_borrow_iter
        PASS [   3.020s] rust_verify_test::RelationStEph relation_st_eph_for_iter
        PASS [   2.686s] rust_verify_test::RelationStEph relation_st_eph_loop_loop
        PASS [   2.797s] rust_verify_test::SetMtEph set_mt_eph_from_vec
        PASS [   3.154s] rust_verify_test::SetMtEph set_mt_eph_for_iter
        PASS [   2.500s] rust_verify_test::SetMtEph set_mt_eph_loop_loop
        PASS [   2.910s] rust_verify_test::SetStEph set_st_eph_for_iter
        PASS [   2.520s] rust_verify_test::SetStEph set_st_eph_loop_loop
        PASS [   2.936s] rust_verify_test::SetStEph set_st_eph_from_vec
        PASS [   2.465s] rust_verify_test::prove_MathSeq_iters mathseq_iter_consuming
        PASS [   2.565s] rust_verify_test::prove_MathSeq_iters mathseq_iter_nested
        PASS [   2.602s] rust_verify_test::prove_MathSeq_iters mathseq_iter_range
────────────
     Summary [  37.397s] 145 tests run: 145 passed, 0 skipped
Elapsed: 118s
