verification results:: 5388 verified, 0 errors
    Finished `release` profile [optimized] target(s) in 0.02s
────────────
 Nextest run ID 6bd47ddb-22fd-4fea-bf96-1b23691986eb with nextest profile: default
    Starting 221 tests across 48 binaries
        PASS [   1.214s] rust_verify_test::HashMapWithViewPlus hash_map_wvp_for_iter
        PASS [   1.219s] rust_verify_test::HashSetWithViewPlus hash_set_wvp_for_iter
        PASS [   1.238s] rust_verify_test::HashMapWithViewPlus hash_map_wvp_loop_loop
        PASS [   1.260s] rust_verify_test::HashSetWithViewPlus hash_set_wvp_loop_loop
        PASS [   1.335s] rust_verify_test::MappingStEph mapping_st_eph_loop_loop
        PASS [   1.353s] rust_verify_test::MappingStEph mapping_st_eph_for_iter
        PASS [   1.268s] rust_verify_test::ProveAVLTreeSeq avltreeseq_for_borrow_into
        PASS [   1.237s] rust_verify_test::ProveAVLTreeSeq avltreeseq_loop_borrow_iter
        PASS [   1.265s] rust_verify_test::ProveAVLTreeSeq avltreeseq_loop_borrow_into
        PASS [   1.304s] rust_verify_test::ProveAVLTreeSeq avltreeseq_for_borrow_iter
        PASS [   1.234s] rust_verify_test::ProveAVLTreeSeqMtPer avltreeseqmtper_for_borrow_into
        PASS [   1.244s] rust_verify_test::ProveAVLTreeSeqMtPer avltreeseqmtper_for_borrow_iter
        PASS [   1.250s] rust_verify_test::ProveAVLTreeSeqMtPer avltreeseqmtper_loop_borrow_into
        PASS [   1.256s] rust_verify_test::ProveAVLTreeSeqMtPer avltreeseqmtper_loop_borrow_iter
        PASS [   1.272s] rust_verify_test::ProveAVLTreeSeqStEph avltreeseqsteph_for_borrow_iter
        PASS [   1.235s] rust_verify_test::ProveAVLTreeSeqStEph avltreeseqsteph_loop_borrow_into
        PASS [   1.306s] rust_verify_test::ProveAVLTreeSeqStEph avltreeseqsteph_for_borrow_into
        PASS [   1.235s] rust_verify_test::ProveAVLTreeSeqStEph avltreeseqsteph_loop_borrow_iter
        PASS [   1.231s] rust_verify_test::ProveAVLTreeSeqStPer avltreeseqstper_loop_borrow_into
        PASS [   1.228s] rust_verify_test::ProveAVLTreeSetMtEph avltreesetmteph_for_borrow_into
        PASS [   1.314s] rust_verify_test::ProveAVLTreeSeqStPer avltreeseqstper_for_borrow_into
        PASS [   1.302s] rust_verify_test::ProveAVLTreeSeqStPer avltreeseqstper_for_borrow_iter
        PASS [   1.259s] rust_verify_test::ProveAVLTreeSeqStPer avltreeseqstper_loop_borrow_iter
        PASS [   1.289s] rust_verify_test::ProveAVLTreeSetMtEph avltreesetmteph_for_borrow_iter
        PASS [   1.148s] rust_verify_test::ProveArraySeq arrayseq_iterate
        PASS [   1.257s] rust_verify_test::ProveAVLTreeSetMtEph avltreesetmteph_loop_borrow_into
        PASS [   1.246s] rust_verify_test::ProveArraySeq arrayseq_filter
        PASS [   1.182s] rust_verify_test::ProveArraySeq arrayseq_iterate_prefixes
        PASS [   1.294s] rust_verify_test::ProveAVLTreeSetMtEph avltreesetmteph_loop_borrow_iter
        PASS [   1.308s] rust_verify_test::ProveArraySeq arrayseq_for_iter
        PASS [   1.228s] rust_verify_test::ProveArraySeq arrayseq_loop_loop
        PASS [   1.179s] rust_verify_test::ProveArraySeq arrayseq_map
        PASS [   1.120s] rust_verify_test::ProveArraySeq arrayseq_tabulate
        PASS [   1.311s] rust_verify_test::ProveArraySeq arrayseq_reduce
        PASS [   1.380s] rust_verify_test::ProveArraySeq arrayseq_scan
        PASS [   1.364s] rust_verify_test::ProveArraySeq arrayseq_scan_inclusive
        PASS [   1.188s] rust_verify_test::ProveArraySeqMtEph arrayseqmteph_for_consume
        PASS [   1.222s] rust_verify_test::ProveArraySeqMtEph arrayseqmteph_for_iter
        PASS [   1.283s] rust_verify_test::ProveArraySeqMtEph arrayseqmteph_for_borrow_into
        PASS [   1.241s] rust_verify_test::ProveArraySeqMtEph arrayseqmteph_loop_borrow_into
        PASS [   1.197s] rust_verify_test::ProveArraySeqMtEph arrayseqmteph_loop_consume
        PASS [   1.227s] rust_verify_test::ProveArraySeqMtEph arrayseqmteph_loop_loop
        PASS [   1.255s] rust_verify_test::ProveArraySeqMtPer arrayseqmtper_for_borrow_into
        PASS [   1.308s] rust_verify_test::ProveArraySeqMtPer arrayseqmtper_for_consume
        PASS [   1.321s] rust_verify_test::ProveArraySeqMtPer arrayseqmtper_for_iter
        PASS [   1.218s] rust_verify_test::ProveArraySeqMtPer arrayseqmtper_loop_borrow_into
        PASS [   1.264s] rust_verify_test::ProveArraySeqMtPer arrayseqmtper_loop_loop
        PASS [   1.307s] rust_verify_test::ProveArraySeqMtPer arrayseqmtper_loop_consume
        PASS [   1.287s] rust_verify_test::ProveArraySeqStEph arrayseqsteph_for_borrow_into
        PASS [   1.235s] rust_verify_test::ProveArraySeqStEph arrayseqsteph_for_borrow_iter
        PASS [   1.254s] rust_verify_test::ProveArraySeqStEph arrayseqsteph_for_consume
        PASS [   1.256s] rust_verify_test::ProveArraySeqStEph arrayseqsteph_loop_borrow_into
        PASS [   1.213s] rust_verify_test::ProveArraySeqStEph arrayseqsteph_loop_borrow_iter
        PASS [   1.237s] rust_verify_test::ProveArraySeqStEph arrayseqsteph_loop_consume
        PASS [   1.247s] rust_verify_test::ProveArraySeqStPer arrayseqstper_for_iter
        PASS [   1.227s] rust_verify_test::ProveArraySeqStPer arrayseqstper_loop_loop
        PASS [   1.162s] rust_verify_test::ProveBFSMtEph chap54_bfsmteph_bottom_up_loop
        PASS [   1.255s] rust_verify_test::ProveBFSMtEph chap54_bfsmteph_bottom_up_for
        PASS [   1.223s] rust_verify_test::ProveBFSMtEph chap54_bfsmteph_top_down_for
        PASS [   1.225s] rust_verify_test::ProveBFSMtEph chap54_bfsmteph_top_down_loop
        PASS [   1.188s] rust_verify_test::ProveBFSStEph chap54_bfssteph_bottom_up_loop
        PASS [   1.264s] rust_verify_test::ProveBFSStEph chap54_bfssteph_bottom_up_for
        PASS [   1.158s] rust_verify_test::ProveBFSStEph chap54_bfssteph_top_down_loop
        PASS [   1.236s] rust_verify_test::ProveBFSStEph chap54_bfssteph_top_down_for
        PASS [   1.274s] rust_verify_test::ProveBSTSetAVLMtEph bstsetavlmteph_for_borrow_into
        PASS [   1.324s] rust_verify_test::ProveBSTSetAVLMtEph bstsetavlmteph_for_borrow_iter
        PASS [   1.252s] rust_verify_test::ProveBSTSetAVLMtEph bstsetavlmteph_loop_borrow_into
        PASS [   1.248s] rust_verify_test::ProveBSTSetAVLMtEph bstsetavlmteph_loop_borrow_iter
        PASS [   1.340s] rust_verify_test::ProveBSTSetAVLMtEph bstsetavlmteph_for_consume
        PASS [   1.286s] rust_verify_test::ProveBSTSetAVLMtEph bstsetavlmteph_loop_consume
        PASS [   1.323s] rust_verify_test::ProveBSTSetBBAlphaMtEph bstsetbbalphamteph_for_borrow_into
        PASS [   1.293s] rust_verify_test::ProveBSTSetBBAlphaMtEph bstsetbbalphamteph_for_borrow_iter
        PASS [   1.233s] rust_verify_test::ProveBSTSetBBAlphaMtEph bstsetbbalphamteph_loop_borrow_into
        PASS [   1.269s] rust_verify_test::ProveBSTSetBBAlphaMtEph bstsetbbalphamteph_loop_borrow_iter
        PASS [   1.280s] rust_verify_test::ProveBSTSetPlainMtEph bstsetplainmteph_for_borrow_iter
        PASS [   1.366s] rust_verify_test::ProveBSTSetPlainMtEph bstsetplainmteph_for_borrow_into
        PASS [   1.254s] rust_verify_test::ProveBSTSetPlainMtEph bstsetplainmteph_loop_borrow_into
        PASS [   1.266s] rust_verify_test::ProveBSTSetPlainMtEph bstsetplainmteph_loop_borrow_iter
        PASS [   1.308s] rust_verify_test::ProveBSTSetRBMtEph bstsetrbmteph_for_borrow_iter
        PASS [   1.293s] rust_verify_test::ProveBSTSetRBMtEph bstsetrbmteph_for_consume
        PASS [   1.401s] rust_verify_test::ProveBSTSetRBMtEph bstsetrbmteph_for_borrow_into
        PASS [   1.262s] rust_verify_test::ProveBSTSetRBMtEph bstsetrbmteph_loop_borrow_into
        PASS [   1.228s] rust_verify_test::ProveBSTSetRBMtEph bstsetrbmteph_loop_borrow_iter
        PASS [   1.285s] rust_verify_test::ProveBSTSetRBMtEph bstsetrbmteph_loop_consume
        PASS [   1.344s] rust_verify_test::ProveBSTSetSplayMtEph bstsetsplaymteph_for_borrow_into
        PASS [   1.302s] rust_verify_test::ProveBSTSetSplayMtEph bstsetsplaymteph_for_consume
        PASS [   1.325s] rust_verify_test::ProveBSTSetSplayMtEph bstsetsplaymteph_for_borrow_iter
        PASS [   1.322s] rust_verify_test::ProveBSTSetSplayMtEph bstsetsplaymteph_loop_borrow_into
        PASS [   1.251s] rust_verify_test::ProveBSTSetSplayMtEph bstsetsplaymteph_loop_borrow_iter
        PASS [   1.293s] rust_verify_test::ProveBSTSetSplayMtEph bstsetsplaymteph_loop_consume
        PASS [   1.181s] rust_verify_test::ProveBalBinTreeStEph balbintree_leaf_iter_exhausted
        PASS [   1.196s] rust_verify_test::ProveBalBinTreeStEph balbintree_inorder_spec_match
        PASS [   1.295s] rust_verify_test::ProveBalBinTreeStEph balbintree_for_preorder
        PASS [   1.335s] rust_verify_test::ProveBalBinTreeStEph balbintree_for_inorder
        PASS [   1.338s] rust_verify_test::ProveBalBinTreeStEph balbintree_for_postorder
        PASS [   1.246s] rust_verify_test::ProveBalBinTreeStEph balbintree_leaf_traversals_empty
        PASS [   1.236s] rust_verify_test::ProveBalBinTreeStEph balbintree_loop_inorder
        PASS [   1.251s] rust_verify_test::ProveBalBinTreeStEph balbintree_loop_postorder
        PASS [   1.189s] rust_verify_test::ProveBalBinTreeStEph balbintree_postorder_spec_match
        PASS [   1.245s] rust_verify_test::ProveBalBinTreeStEph balbintree_loop_preorder
        PASS [   1.235s] rust_verify_test::ProveBalBinTreeStEph balbintree_preorder_spec_match
        PASS [   1.263s] rust_verify_test::ProveChap19ArraySeqMtEph chap19_arrayseqmteph_for_borrow_into
        PASS [   1.229s] rust_verify_test::ProveChap19ArraySeqMtEph chap19_arrayseqmteph_for_borrow_iter
        PASS [   1.284s] rust_verify_test::ProveChap19ArraySeqMtEph chap19_arrayseqmteph_for_consume
        PASS [   1.238s] rust_verify_test::ProveChap19ArraySeqMtEph chap19_arrayseqmteph_loop_consume
        PASS [   1.314s] rust_verify_test::ProveChap19ArraySeqMtEph chap19_arrayseqmteph_loop_borrow_into
        PASS [   1.304s] rust_verify_test::ProveChap19ArraySeqMtEph chap19_arrayseqmteph_loop_borrow_iter
        PASS [   1.232s] rust_verify_test::ProveChap19ArraySeqMtEphSlice slice_for_borrow_into
        PASS [   1.242s] rust_verify_test::ProveChap19ArraySeqMtEphSlice slice_loop_borrow_iter
        PASS [   1.351s] rust_verify_test::ProveChap19ArraySeqMtEphSlice slice_for_borrow_iter
        PASS [   1.247s] rust_verify_test::ProveChap19ArraySeqStEph chap19_arrayseqsteph_for_borrow_into
        PASS [   1.280s] rust_verify_test::ProveChap19ArraySeqMtEphSlice slice_operations
        PASS [   1.318s] rust_verify_test::ProveChap19ArraySeqMtEphSlice slice_iter_over_subslice
        PASS [   1.241s] rust_verify_test::ProveChap19ArraySeqStEph chap19_arrayseqsteph_for_borrow_iter
        PASS [   1.276s] rust_verify_test::ProveChap19ArraySeqStEph chap19_arrayseqsteph_for_consume
        PASS [   1.308s] rust_verify_test::ProveChap19ArraySeqStEph chap19_arrayseqsteph_loop_borrow_into
        PASS [   1.264s] rust_verify_test::ProveChap19ArraySeqStPer chap19_arrayseqstper_for_borrow_into
        PASS [   1.272s] rust_verify_test::ProveChap19ArraySeqStEph chap19_arrayseqsteph_loop_consume
        PASS [   1.282s] rust_verify_test::ProveChap19ArraySeqStEph chap19_arrayseqsteph_loop_borrow_iter
        PASS [   1.303s] rust_verify_test::ProveChap19ArraySeqStPer chap19_arrayseqstper_for_borrow_iter
        PASS [   1.233s] rust_verify_test::ProveChap19ArraySeqStPer chap19_arrayseqstper_loop_borrow_into
        PASS [   1.276s] rust_verify_test::ProveChap19ArraySeqStPer chap19_arrayseqstper_for_consume
        PASS [   1.233s] rust_verify_test::ProveChap19ArraySeqStPer chap19_arrayseqstper_loop_consume
        PASS [   1.253s] rust_verify_test::ProveChap19ArraySeqStPer chap19_arrayseqstper_loop_borrow_iter
        PASS [   1.253s] rust_verify_test::ProveKleeneStPer kleene_alphabet
        PASS [   1.253s] rust_verify_test::ProveKleeneStPer kleene_mem_plus
        PASS [   1.230s] rust_verify_test::ProveLinkedListStEph linkedliststeph_loop_loop
        PASS [   1.249s] rust_verify_test::ProveKleeneStPer kleene_mem_star
        PASS [   1.267s] rust_verify_test::ProveLinkedListStEph linkedliststeph_for_iter
        PASS [   1.258s] rust_verify_test::ProveLinkedListStPer linkedliststper_loop_loop
        PASS [   1.344s] rust_verify_test::ProveLinkedListStPer linkedliststper_for_iter
        PASS [   1.279s] rust_verify_test::ProveMathSeq mathseq_for_borrow_into
        PASS [   1.232s] rust_verify_test::ProveMathSeq mathseq_for_consume
        PASS [   1.245s] rust_verify_test::ProveMathSeq mathseq_loop_borrow_iter
        PASS [   1.297s] rust_verify_test::ProveMathSeq mathseq_loop_borrow_into
        PASS [   1.331s] rust_verify_test::ProveMathSeq mathseq_for_borrow_iter
        PASS [   1.217s] rust_verify_test::ProveMathSeq mathseq_loop_consume
        PASS [   1.269s] rust_verify_test::ProveOrderedSetStEph chap43_orderedsetsteph_for_borrow_into
        PASS [   1.353s] rust_verify_test::ProveOrderedSetStEph chap43_orderedsetsteph_for_borrow_iter
        PASS [   1.275s] rust_verify_test::ProveOrderedSetStEph chap43_orderedsetsteph_loop_borrow_iter
        PASS [   1.283s] rust_verify_test::ProveOrderedSetStPer chap43_orderedsetstper_for_borrow_iter
        PASS [   1.327s] rust_verify_test::ProveOrderedSetStEph chap43_orderedsetsteph_loop_borrow_into
        PASS [   1.315s] rust_verify_test::ProveOrderedSetStPer chap43_orderedsetstper_loop_borrow_iter
        PASS [   1.297s] rust_verify_test::ProveOrderedTableMtEph chap43_orderedtablemteph_for_borrow_into
        PASS [   1.314s] rust_verify_test::ProveOrderedTableMtEph chap43_orderedtablemteph_loop_borrow_into
        PASS [   1.322s] rust_verify_test::ProveOrderedTableMtEph chap43_orderedtablemteph_loop_borrow_iter
        PASS [   1.343s] rust_verify_test::ProveOrderedTableMtEph chap43_orderedtablemteph_for_borrow_iter
        PASS [   1.354s] rust_verify_test::ProveOrderedTableStEph chap43_orderedtablesteph_for_borrow_into
        PASS [   1.345s] rust_verify_test::ProveOrderedTableStEph chap43_orderedtablesteph_for_borrow_iter
        PASS [   1.282s] rust_verify_test::ProveOrderedTableStEph chap43_orderedtablesteph_loop_borrow_into
        PASS [   1.325s] rust_verify_test::ProveOrderedTableStPer chap43_orderedtablestper_for_borrow_iter
        PASS [   1.228s] rust_verify_test::ProvePrimTreeSeqStPer primtreeseq_for_borrow_into
        PASS [   1.393s] rust_verify_test::ProveOrderedTableStEph chap43_orderedtablesteph_loop_borrow_iter
        PASS [   1.390s] rust_verify_test::ProveOrderedTableStPer chap43_orderedtablestper_for_borrow_into
        PASS [   1.351s] rust_verify_test::ProveOrderedTableStPer chap43_orderedtablestper_loop_borrow_into
        PASS [   1.346s] rust_verify_test::ProveOrderedTableStPer chap43_orderedtablestper_loop_borrow_iter
        PASS [   1.213s] rust_verify_test::ProvePrimTreeSeqStPer primtreeseq_for_consume
        PASS [   1.252s] rust_verify_test::ProvePrimTreeSeqStPer primtreeseq_for_borrow_iter
        PASS [   1.225s] rust_verify_test::ProvePrimTreeSeqStPer primtreeseq_loop_borrow_into
        PASS [   1.231s] rust_verify_test::ProvePrimTreeSeqStPer primtreeseq_loop_consume
        PASS [   1.260s] rust_verify_test::ProvePrimTreeSeqStPer primtreeseq_loop_borrow_iter
        PASS [   1.305s] rust_verify_test::ProveSetMtEph set_mt_eph_for_borrow_into
        PASS [   1.255s] rust_verify_test::ProveSetMtEph set_mt_eph_loop_borrow_into
        PASS [   1.295s] rust_verify_test::ProveSetMtEph set_mt_eph_loop_borrow_iter
        PASS [   1.280s] rust_verify_test::ProveSetStEph setsteph_for_borrow_into
        PASS [   1.408s] rust_verify_test::ProveSetMtEph set_mt_eph_for_borrow_iter
        PASS [   1.331s] rust_verify_test::ProveSetStEph setsteph_for_borrow_iter
        PASS [   1.285s] rust_verify_test::ProveSetStEph setsteph_loop_borrow_into
        PASS [   1.314s] rust_verify_test::ProveSetStEph setsteph_loop_borrow_iter
        PASS [   1.277s] rust_verify_test::Provedeep_view_standard deep_view_standard_for_borrow_iter
        PASS [   1.293s] rust_verify_test::Provedeep_view_standard deep_view_standard_for_borrow_into
        PASS [   1.258s] rust_verify_test::Provedeep_view_standard deep_view_standard_for_consume
        PASS [   1.239s] rust_verify_test::Provedeep_view_standard deep_view_standard_loop_borrow_into
        PASS [   1.260s] rust_verify_test::Provedeep_view_standard deep_view_standard_loop_borrow_iter
        PASS [   1.137s] rust_verify_test::Provedeep_view_standard deep_view_standard_simple
        PASS [   1.222s] rust_verify_test::Proveiterators_standard iterators_standard_for_borrow_iter
        PASS [   1.296s] rust_verify_test::Provedeep_view_standard deep_view_standard_loop_consume
        PASS [   1.223s] rust_verify_test::Proveiterators_standard iterators_standard_for_consume
        PASS [   1.268s] rust_verify_test::Proveiterators_standard iterators_standard_for_borrow_into
        PASS [   1.200s] rust_verify_test::Proveiterators_standard iterators_standard_loop_borrow_into
        PASS [   1.216s] rust_verify_test::Proveiterators_standard iterators_standard_loop_borrow_iter
        PASS [   1.180s] rust_verify_test::Proveiterators_standard iterators_standard_loop_consume
        PASS [   1.205s] rust_verify_test::Provemod_standard mod_standard_for_borrow_into
        PASS [   1.207s] rust_verify_test::Provemod_standard mod_standard_for_borrow_iter
        PASS [   1.223s] rust_verify_test::Provemod_standard mod_standard_loop_borrow_into
        PASS [   1.248s] rust_verify_test::Provemod_standard mod_standard_for_consume
        PASS [   1.250s] rust_verify_test::Provemod_standard mod_standard_loop_borrow_iter
        PASS [   1.219s] rust_verify_test::Provetable_of_contents_standard toc_standard_for_borrow_into
        PASS [   1.229s] rust_verify_test::Provetable_of_contents_standard toc_standard_for_borrow_iter
        PASS [   1.265s] rust_verify_test::Provemod_standard mod_standard_loop_consume
        PASS [   1.202s] rust_verify_test::Provetable_of_contents_standard toc_standard_loop_borrow_into
        PASS [   1.226s] rust_verify_test::Provetable_of_contents_standard toc_standard_for_consume
        PASS [   1.171s] rust_verify_test::Provetable_of_contents_standard toc_standard_loop_borrow_iter
        PASS [   1.176s] rust_verify_test::Proveusing_closures_standard closures_inline_requires_ensures
        PASS [   1.211s] rust_verify_test::Proveusing_closures_standard closures_let_bind_ensures
        PASS [   1.249s] rust_verify_test::Proveusing_closures_standard closures_ghost_spec_fn
        PASS [   1.262s] rust_verify_test::Provetable_of_contents_standard toc_standard_loop_consume
        PASS [   1.242s] rust_verify_test::Proveusing_closures_standard closures_map_apply
        PASS [   1.147s] rust_verify_test::Proveview_standard view_standard_collection
        PASS [   1.258s] rust_verify_test::Proveview_standard view_standard_for_borrow_into
        PASS [   1.222s] rust_verify_test::Proveview_standard view_standard_for_borrow_iter
        PASS [   1.213s] rust_verify_test::Proveview_standard view_standard_for_consume
        PASS [   1.214s] rust_verify_test::Proveview_standard view_standard_loop_borrow_into
        PASS [   1.220s] rust_verify_test::Proveview_standard view_standard_loop_borrow_iter
        PASS [   1.243s] rust_verify_test::Proveview_standard view_standard_loop_consume
        PASS [   1.159s] rust_verify_test::Proveview_standard view_standard_simple
        PASS [   1.194s] rust_verify_test::Provewrapping_iterators_standard wrapping_loop_borrow_iter
        PASS [   1.269s] rust_verify_test::Provewrapping_iterators_standard wrapping_for_borrow_into
        PASS [   1.272s] rust_verify_test::Provewrapping_iterators_standard wrapping_loop_borrow_into
        PASS [   1.284s] rust_verify_test::Provewrapping_iterators_standard wrapping_for_borrow_iter
        PASS [   1.313s] rust_verify_test::RelationStEph relation_st_eph_for_iter
        PASS [   1.291s] rust_verify_test::RelationStEph relation_st_eph_loop_loop
        PASS [   1.241s] rust_verify_test::SetMtEph set_mt_eph_from_vec
        PASS [   1.292s] rust_verify_test::SetMtEph set_mt_eph_for_iter
        PASS [   1.270s] rust_verify_test::SetMtEph set_mt_eph_loop_loop
        PASS [   1.298s] rust_verify_test::SetStEph set_st_eph_for_iter
        PASS [   1.235s] rust_verify_test::SetStEph set_st_eph_from_vec
        PASS [   1.151s] rust_verify_test::prove_MathSeq_iters mathseq_iter_consuming
        PASS [   1.152s] rust_verify_test::prove_MathSeq_iters mathseq_iter_nested
        PASS [   1.266s] rust_verify_test::SetStEph set_st_eph_loop_loop
        PASS [   1.159s] rust_verify_test::prove_MathSeq_iters mathseq_iter_range
────────────
     Summary [  46.715s] 221 tests run: 221 passed, 0 skipped
Elapsed: 121s
