verification results:: 4435 verified, 0 errors
   Compiling rust_verify_test v0.1.0 (/home/milnes/projects/APAS-VERUS-agent2/rust_verify_test)
    Finished `release` profile [optimized] target(s) in 0.81s
────────────
 Nextest run ID e396dbae-6102-4624-99ed-52e0fe4e2c74 with nextest profile: default
    Starting 145 tests across 34 binaries
        PASS [   1.286s] rust_verify_test::HashMapWithViewPlus hash_map_wvp_loop_loop
        PASS [   1.296s] rust_verify_test::HashSetWithViewPlus hash_set_wvp_for_iter
        PASS [   1.307s] rust_verify_test::HashSetWithViewPlus hash_set_wvp_loop_loop
        PASS [   1.379s] rust_verify_test::HashMapWithViewPlus hash_map_wvp_for_iter
        PASS [   1.450s] rust_verify_test::MappingStEph mapping_st_eph_loop_loop
        PASS [   1.628s] rust_verify_test::MappingStEph mapping_st_eph_for_iter
        PASS [   1.282s] rust_verify_test::ProveAVLTreeSetMtEph avltreesetmteph_loop_borrow_iter
        PASS [   1.309s] rust_verify_test::ProveAVLTreeSetMtEph avltreesetmteph_for_borrow_into
        PASS [   1.338s] rust_verify_test::ProveAVLTreeSetMtEph avltreesetmteph_for_borrow_iter
        PASS [   1.264s] rust_verify_test::ProveArraySeq arrayseq_filter
        PASS [   1.282s] rust_verify_test::ProveArraySeq arrayseq_for_iter
        PASS [   1.231s] rust_verify_test::ProveArraySeq arrayseq_iterate
        PASS [   1.198s] rust_verify_test::ProveArraySeq arrayseq_map
        PASS [   1.258s] rust_verify_test::ProveArraySeq arrayseq_iterate_prefixes
        PASS [   1.317s] rust_verify_test::ProveArraySeq arrayseq_loop_loop
        PASS [   1.386s] rust_verify_test::ProveArraySeq arrayseq_reduce
        PASS [   1.525s] rust_verify_test::ProveArraySeq arrayseq_scan
        PASS [   1.399s] rust_verify_test::ProveArraySeq arrayseq_scan_inclusive
        PASS [   1.277s] rust_verify_test::ProveArraySeq arrayseq_tabulate
        PASS [   1.377s] rust_verify_test::ProveArraySeqMtEph arrayseqmteph_for_iter
        PASS [   1.348s] rust_verify_test::ProveArraySeqMtEph arrayseqmteph_loop_loop
        PASS [   1.353s] rust_verify_test::ProveArraySeqMtPer arrayseqmtper_for_iter
        PASS [   1.412s] rust_verify_test::ProveArraySeqMtPer arrayseqmtper_loop_loop
        PASS [   1.412s] rust_verify_test::ProveArraySeqStEph arrayseqsteph_for_borrow_into
        PASS [   1.300s] rust_verify_test::ProveArraySeqStEph arrayseqsteph_for_borrow_iter
        PASS [   1.303s] rust_verify_test::ProveArraySeqStEph arrayseqsteph_for_consume
        PASS [   1.297s] rust_verify_test::ProveArraySeqStEph arrayseqsteph_loop_borrow_into
        PASS [   1.369s] rust_verify_test::ProveArraySeqStEph arrayseqsteph_loop_borrow_iter
        PASS [   1.308s] rust_verify_test::ProveArraySeqStEph arrayseqsteph_loop_consume
        PASS [   1.373s] rust_verify_test::ProveArraySeqStPer arrayseqstper_for_iter
        PASS [   1.296s] rust_verify_test::ProveArraySeqStPer arrayseqstper_loop_loop
        PASS [   1.279s] rust_verify_test::ProveBFSMtEph chap54_bfsmteph_bottom_up_loop
        PASS [   1.259s] rust_verify_test::ProveBFSMtEph chap54_bfsmteph_top_down_loop
        PASS [   1.280s] rust_verify_test::ProveBFSStEph chap54_bfssteph_bottom_up_loop
        PASS [   1.301s] rust_verify_test::ProveBFSStEph chap54_bfssteph_top_down_loop
        PASS [   1.318s] rust_verify_test::ProveBalBinTreeStEph balbintree_for_inorder
        PASS [   1.279s] rust_verify_test::ProveBalBinTreeStEph balbintree_inorder_spec_match
        PASS [   1.447s] rust_verify_test::ProveBalBinTreeStEph balbintree_for_postorder
        PASS [   1.384s] rust_verify_test::ProveBalBinTreeStEph balbintree_for_preorder
        PASS [   1.297s] rust_verify_test::ProveBalBinTreeStEph balbintree_leaf_iter_exhausted
        PASS [   1.289s] rust_verify_test::ProveBalBinTreeStEph balbintree_leaf_traversals_empty
        PASS [   1.314s] rust_verify_test::ProveBalBinTreeStEph balbintree_loop_inorder
        PASS [   1.239s] rust_verify_test::ProveBalBinTreeStEph balbintree_postorder_spec_match
        PASS [   1.352s] rust_verify_test::ProveBalBinTreeStEph balbintree_loop_postorder
        PASS [   1.350s] rust_verify_test::ProveBalBinTreeStEph balbintree_loop_preorder
        PASS [   1.237s] rust_verify_test::ProveBalBinTreeStEph balbintree_preorder_spec_match
        PASS [   1.275s] rust_verify_test::ProveChap19ArraySeqMtEph chap19_arrayseqmteph_for_borrow_into
        PASS [   1.339s] rust_verify_test::ProveChap19ArraySeqMtEph chap19_arrayseqmteph_for_borrow_iter
        PASS [   1.251s] rust_verify_test::ProveChap19ArraySeqMtEph chap19_arrayseqmteph_for_consume
        PASS [   1.246s] rust_verify_test::ProveChap19ArraySeqMtEph chap19_arrayseqmteph_loop_borrow_iter
        PASS [   1.340s] rust_verify_test::ProveChap19ArraySeqMtEph chap19_arrayseqmteph_loop_borrow_into
        PASS [   1.325s] rust_verify_test::ProveChap19ArraySeqMtEph chap19_arrayseqmteph_loop_consume
        PASS [   1.263s] rust_verify_test::ProveChap19ArraySeqMtEphSlice slice_for_borrow_into
        PASS [   1.373s] rust_verify_test::ProveChap19ArraySeqMtEphSlice slice_for_borrow_iter
        PASS [   1.305s] rust_verify_test::ProveChap19ArraySeqMtEphSlice slice_iter_over_subslice
        PASS [   1.289s] rust_verify_test::ProveChap19ArraySeqMtEphSlice slice_loop_borrow_iter
        PASS [   1.359s] rust_verify_test::ProveChap19ArraySeqMtEphSlice slice_operations
        PASS [   1.305s] rust_verify_test::ProveChap19ArraySeqStEph chap19_arrayseqsteph_for_borrow_into
        PASS [   1.366s] rust_verify_test::ProveChap19ArraySeqStEph chap19_arrayseqsteph_for_borrow_iter
        PASS [   1.336s] rust_verify_test::ProveChap19ArraySeqStEph chap19_arrayseqsteph_for_consume
        PASS [   1.251s] rust_verify_test::ProveChap19ArraySeqStEph chap19_arrayseqsteph_loop_borrow_iter
        PASS [   1.364s] rust_verify_test::ProveChap19ArraySeqStEph chap19_arrayseqsteph_loop_borrow_into
        PASS [   1.291s] rust_verify_test::ProveChap19ArraySeqStEph chap19_arrayseqsteph_loop_consume
        PASS [   1.277s] rust_verify_test::ProveChap19ArraySeqStPer chap19_arrayseqstper_for_borrow_into
        PASS [   1.298s] rust_verify_test::ProveChap19ArraySeqStPer chap19_arrayseqstper_for_borrow_iter
        PASS [   1.407s] rust_verify_test::ProveChap19ArraySeqStPer chap19_arrayseqstper_for_consume
        PASS [   1.334s] rust_verify_test::ProveChap19ArraySeqStPer chap19_arrayseqstper_loop_borrow_into
        PASS [   1.294s] rust_verify_test::ProveChap19ArraySeqStPer chap19_arrayseqstper_loop_borrow_iter
        PASS [   1.286s] rust_verify_test::ProveChap19ArraySeqStPer chap19_arrayseqstper_loop_consume
        PASS [   1.275s] rust_verify_test::ProveKleeneStPer kleene_alphabet
        PASS [   1.288s] rust_verify_test::ProveKleeneStPer kleene_mem_plus
        PASS [   1.303s] rust_verify_test::ProveKleeneStPer kleene_mem_star
        PASS [   1.304s] rust_verify_test::ProveLinkedListStEph linkedliststeph_for_iter
        PASS [   1.335s] rust_verify_test::ProveLinkedListStEph linkedliststeph_loop_loop
        PASS [   1.316s] rust_verify_test::ProveLinkedListStPer linkedliststper_loop_loop
        PASS [   1.423s] rust_verify_test::ProveLinkedListStPer linkedliststper_for_iter
        PASS [   1.320s] rust_verify_test::ProveMathSeq mathseq_for_borrow_into
        PASS [   1.259s] rust_verify_test::ProveMathSeq mathseq_for_borrow_iter
        PASS [   1.277s] rust_verify_test::ProveMathSeq mathseq_for_consume
        PASS [   1.266s] rust_verify_test::ProveMathSeq mathseq_loop_borrow_into
        PASS [   1.276s] rust_verify_test::ProveMathSeq mathseq_loop_consume
        PASS [   1.369s] rust_verify_test::ProveMathSeq mathseq_loop_borrow_iter
        PASS [   1.384s] rust_verify_test::ProveOrderedTableStPer chap43_orderedtablestper_loop_borrow_into
        PASS [   1.332s] rust_verify_test::ProveOrderedTableStPer chap43_orderedtablestper_loop_borrow_iter
        PASS [   1.320s] rust_verify_test::ProvePrimTreeSeqStPer primtreeseq_for_borrow_into
        PASS [   1.282s] rust_verify_test::ProvePrimTreeSeqStPer primtreeseq_for_borrow_iter
        PASS [   1.351s] rust_verify_test::ProvePrimTreeSeqStPer primtreeseq_for_consume
        PASS [   1.362s] rust_verify_test::ProvePrimTreeSeqStPer primtreeseq_loop_borrow_into
        PASS [   1.218s] rust_verify_test::ProvePrimTreeSeqStPer primtreeseq_loop_borrow_iter
        PASS [   1.276s] rust_verify_test::ProvePrimTreeSeqStPer primtreeseq_loop_consume
        PASS [   1.299s] rust_verify_test::ProveSetMtEph set_mt_eph_for_borrow_iter
        PASS [   1.310s] rust_verify_test::ProveSetMtEph set_mt_eph_for_borrow_into
        PASS [   1.319s] rust_verify_test::ProveSetMtEph set_mt_eph_loop_borrow_iter
        PASS [   1.335s] rust_verify_test::Provedeep_view_standard deep_view_standard_for_borrow_into
        PASS [   1.221s] rust_verify_test::Provedeep_view_standard deep_view_standard_for_borrow_iter
        PASS [   1.194s] rust_verify_test::Provedeep_view_standard deep_view_standard_for_consume
        PASS [   1.263s] rust_verify_test::Provedeep_view_standard deep_view_standard_loop_borrow_iter
        PASS [   1.287s] rust_verify_test::Provedeep_view_standard deep_view_standard_loop_borrow_into
        PASS [   1.233s] rust_verify_test::Provedeep_view_standard deep_view_standard_loop_consume
        PASS [   1.236s] rust_verify_test::Provedeep_view_standard deep_view_standard_simple
        PASS [   1.324s] rust_verify_test::Proveiterators_standard iterators_standard_for_borrow_into
        PASS [   1.316s] rust_verify_test::Proveiterators_standard iterators_standard_for_borrow_iter
        PASS [   1.233s] rust_verify_test::Proveiterators_standard iterators_standard_loop_borrow_into
        PASS [   1.398s] rust_verify_test::Proveiterators_standard iterators_standard_for_consume
        PASS [   1.207s] rust_verify_test::Proveiterators_standard iterators_standard_loop_borrow_iter
        PASS [   1.290s] rust_verify_test::Proveiterators_standard iterators_standard_loop_consume
        PASS [   1.254s] rust_verify_test::Provemod_standard mod_standard_for_borrow_into
        PASS [   1.276s] rust_verify_test::Provemod_standard mod_standard_for_borrow_iter
        PASS [   1.249s] rust_verify_test::Provemod_standard mod_standard_for_consume
        PASS [   1.178s] rust_verify_test::Provemod_standard mod_standard_loop_borrow_into
        PASS [   1.177s] rust_verify_test::Provemod_standard mod_standard_loop_borrow_iter
        PASS [   1.254s] rust_verify_test::Provemod_standard mod_standard_loop_consume
        PASS [   1.233s] rust_verify_test::Provetable_of_contents_standard toc_standard_for_borrow_into
        PASS [   1.269s] rust_verify_test::Provetable_of_contents_standard toc_standard_for_borrow_iter
        PASS [   1.277s] rust_verify_test::Provetable_of_contents_standard toc_standard_for_consume
        PASS [   1.218s] rust_verify_test::Provetable_of_contents_standard toc_standard_loop_borrow_into
        PASS [   1.268s] rust_verify_test::Provetable_of_contents_standard toc_standard_loop_borrow_iter
        PASS [   1.162s] rust_verify_test::Proveusing_closures_standard closures_ghost_spec_fn
        PASS [   1.292s] rust_verify_test::Provetable_of_contents_standard toc_standard_loop_consume
        PASS [   1.200s] rust_verify_test::Proveusing_closures_standard closures_inline_requires_ensures
        PASS [   1.213s] rust_verify_test::Proveusing_closures_standard closures_let_bind_ensures
        PASS [   1.275s] rust_verify_test::Proveusing_closures_standard closures_map_apply
        PASS [   1.206s] rust_verify_test::Proveview_standard view_standard_collection
        PASS [   1.280s] rust_verify_test::Proveview_standard view_standard_for_borrow_into
        PASS [   1.260s] rust_verify_test::Proveview_standard view_standard_for_borrow_iter
        PASS [   1.298s] rust_verify_test::Proveview_standard view_standard_for_consume
        PASS [   1.232s] rust_verify_test::Proveview_standard view_standard_loop_borrow_into
        PASS [   1.238s] rust_verify_test::Proveview_standard view_standard_loop_borrow_iter
        PASS [   1.243s] rust_verify_test::Proveview_standard view_standard_loop_consume
        PASS [   1.162s] rust_verify_test::Proveview_standard view_standard_simple
        PASS [   1.303s] rust_verify_test::Provewrapping_iterators_standard wrapping_for_borrow_into
        PASS [   1.284s] rust_verify_test::Provewrapping_iterators_standard wrapping_for_borrow_iter
        PASS [   1.250s] rust_verify_test::Provewrapping_iterators_standard wrapping_loop_borrow_into
        PASS [   1.246s] rust_verify_test::Provewrapping_iterators_standard wrapping_loop_borrow_iter
        PASS [   1.431s] rust_verify_test::RelationStEph relation_st_eph_for_iter
        PASS [   1.477s] rust_verify_test::RelationStEph relation_st_eph_loop_loop
        PASS [   1.391s] rust_verify_test::SetMtEph set_mt_eph_for_iter
        PASS [   1.342s] rust_verify_test::SetMtEph set_mt_eph_from_vec
        PASS [   1.382s] rust_verify_test::SetMtEph set_mt_eph_loop_loop
        PASS [   1.428s] rust_verify_test::SetStEph set_st_eph_for_iter
        PASS [   1.347s] rust_verify_test::SetStEph set_st_eph_from_vec
        PASS [   1.224s] rust_verify_test::prove_MathSeq_iters mathseq_iter_consuming
        PASS [   1.329s] rust_verify_test::SetStEph set_st_eph_loop_loop
        PASS [   1.167s] rust_verify_test::prove_MathSeq_iters mathseq_iter_nested
        PASS [   1.053s] rust_verify_test::prove_MathSeq_iters mathseq_iter_range
────────────
     Summary [  32.003s] 145 tests run: 145 passed, 0 skipped
Elapsed: 108s
