verification results:: 4794 verified, 0 errors
    Finished `release` profile [optimized] target(s) in 0.03s
────────────
 Nextest run ID 4b2d6b14-586f-4eeb-8f2e-d77c3ad285da with nextest profile: default
    Starting 157 tests across 37 binaries
        PASS [   1.344s] rust_verify_test::HashSetWithViewPlus hash_set_wvp_for_iter
        PASS [   1.369s] rust_verify_test::HashSetWithViewPlus hash_set_wvp_loop_loop
        PASS [   1.407s] rust_verify_test::HashMapWithViewPlus hash_map_wvp_loop_loop
        PASS [   1.421s] rust_verify_test::HashMapWithViewPlus hash_map_wvp_for_iter
        PASS [   1.462s] rust_verify_test::MappingStEph mapping_st_eph_loop_loop
        PASS [   1.589s] rust_verify_test::MappingStEph mapping_st_eph_for_iter
        PASS [   1.672s] rust_verify_test::ProveAVLTreeSeq avltreeseq_loop_borrow_iter
        PASS [   1.658s] rust_verify_test::ProveAVLTreeSetMtEph avltreesetmteph_for_borrow_iter
        PASS [   1.656s] rust_verify_test::ProveAVLTreeSetMtEph avltreesetmteph_loop_borrow_iter
        PASS [   1.819s] rust_verify_test::ProveAVLTreeSeq avltreeseq_for_borrow_iter
        PASS [   1.794s] rust_verify_test::ProveAVLTreeSetMtEph avltreesetmteph_for_borrow_into
        PASS [   1.637s] rust_verify_test::ProveArraySeq arrayseq_filter
        PASS [   1.673s] rust_verify_test::ProveArraySeq arrayseq_for_iter
        PASS [   1.696s] rust_verify_test::ProveArraySeq arrayseq_iterate
        PASS [   1.718s] rust_verify_test::ProveArraySeq arrayseq_iterate_prefixes
        PASS [   1.649s] rust_verify_test::ProveArraySeq arrayseq_map
        PASS [   1.757s] rust_verify_test::ProveArraySeq arrayseq_loop_loop
        PASS [   1.802s] rust_verify_test::ProveArraySeq arrayseq_reduce
        PASS [   1.515s] rust_verify_test::ProveArraySeq arrayseq_tabulate
        PASS [   1.563s] rust_verify_test::ProveArraySeqMtEph arrayseqmteph_for_iter
        PASS [   1.733s] rust_verify_test::ProveArraySeq arrayseq_scan
        PASS [   1.530s] rust_verify_test::ProveArraySeqMtEph arrayseqmteph_loop_loop
        PASS [   1.759s] rust_verify_test::ProveArraySeq arrayseq_scan_inclusive
        PASS [   1.629s] rust_verify_test::ProveArraySeqMtPer arrayseqmtper_for_iter
        PASS [   1.695s] rust_verify_test::ProveArraySeqMtPer arrayseqmtper_loop_loop
        PASS [   1.683s] rust_verify_test::ProveArraySeqStEph arrayseqsteph_for_consume
        PASS [   1.707s] rust_verify_test::ProveArraySeqStEph arrayseqsteph_for_borrow_iter
        PASS [   1.785s] rust_verify_test::ProveArraySeqStEph arrayseqsteph_for_borrow_into
        PASS [   1.731s] rust_verify_test::ProveArraySeqStEph arrayseqsteph_loop_borrow_into
        PASS [   1.704s] rust_verify_test::ProveArraySeqStEph arrayseqsteph_loop_borrow_iter
        PASS [   1.786s] rust_verify_test::ProveArraySeqStEph arrayseqsteph_loop_consume
        PASS [   1.812s] rust_verify_test::ProveArraySeqStPer arrayseqstper_loop_loop
        PASS [   1.742s] rust_verify_test::ProveBFSMtEph chap54_bfsmteph_top_down_loop
        PASS [   1.812s] rust_verify_test::ProveBFSMtEph chap54_bfsmteph_bottom_up_loop
        PASS [   1.971s] rust_verify_test::ProveArraySeqStPer arrayseqstper_for_iter
        PASS [   1.763s] rust_verify_test::ProveBFSStEph chap54_bfssteph_bottom_up_loop
        PASS [   1.593s] rust_verify_test::ProveBFSStEph chap54_bfssteph_top_down_loop
        PASS [   1.705s] rust_verify_test::ProveBalBinTreeStEph balbintree_leaf_iter_exhausted
        PASS [   1.873s] rust_verify_test::ProveBalBinTreeStEph balbintree_for_inorder
        PASS [   1.748s] rust_verify_test::ProveBalBinTreeStEph balbintree_inorder_spec_match
        PASS [   1.852s] rust_verify_test::ProveBalBinTreeStEph balbintree_for_preorder
        PASS [   1.896s] rust_verify_test::ProveBalBinTreeStEph balbintree_for_postorder
        PASS [   1.557s] rust_verify_test::ProveBalBinTreeStEph balbintree_leaf_traversals_empty
        PASS [   1.730s] rust_verify_test::ProveBalBinTreeStEph balbintree_loop_inorder
        PASS [   1.699s] rust_verify_test::ProveBalBinTreeStEph balbintree_postorder_spec_match
        PASS [   1.809s] rust_verify_test::ProveBalBinTreeStEph balbintree_loop_postorder
        PASS [   1.821s] rust_verify_test::ProveBalBinTreeStEph balbintree_loop_preorder
        PASS [   1.799s] rust_verify_test::ProveBalBinTreeStEph balbintree_preorder_spec_match
        PASS [   1.690s] rust_verify_test::ProveChap19ArraySeqMtEph chap19_arrayseqmteph_for_borrow_into
        PASS [   1.684s] rust_verify_test::ProveChap19ArraySeqMtEph chap19_arrayseqmteph_for_consume
        PASS [   1.800s] rust_verify_test::ProveChap19ArraySeqMtEph chap19_arrayseqmteph_for_borrow_iter
        PASS [   1.723s] rust_verify_test::ProveChap19ArraySeqMtEph chap19_arrayseqmteph_loop_borrow_into
        PASS [   1.699s] rust_verify_test::ProveChap19ArraySeqMtEph chap19_arrayseqmteph_loop_consume
        PASS [   1.793s] rust_verify_test::ProveChap19ArraySeqMtEph chap19_arrayseqmteph_loop_borrow_iter
        PASS [   1.697s] rust_verify_test::ProveChap19ArraySeqMtEphSlice slice_for_borrow_into
        PASS [   1.754s] rust_verify_test::ProveChap19ArraySeqMtEphSlice slice_for_borrow_iter
        PASS [   1.718s] rust_verify_test::ProveChap19ArraySeqMtEphSlice slice_loop_borrow_iter
        PASS [   1.778s] rust_verify_test::ProveChap19ArraySeqMtEphSlice slice_iter_over_subslice
        PASS [   1.735s] rust_verify_test::ProveChap19ArraySeqStEph chap19_arrayseqsteph_for_borrow_into
        PASS [   1.818s] rust_verify_test::ProveChap19ArraySeqMtEphSlice slice_operations
        PASS [   1.638s] rust_verify_test::ProveChap19ArraySeqStEph chap19_arrayseqsteph_for_borrow_iter
        PASS [   1.793s] rust_verify_test::ProveChap19ArraySeqStEph chap19_arrayseqsteph_for_consume
        PASS [   1.797s] rust_verify_test::ProveChap19ArraySeqStEph chap19_arrayseqsteph_loop_borrow_iter
        PASS [   1.848s] rust_verify_test::ProveChap19ArraySeqStEph chap19_arrayseqsteph_loop_borrow_into
        PASS [   1.790s] rust_verify_test::ProveChap19ArraySeqStEph chap19_arrayseqsteph_loop_consume
        PASS [   1.785s] rust_verify_test::ProveChap19ArraySeqStPer chap19_arrayseqstper_for_borrow_into
        PASS [   1.665s] rust_verify_test::ProveChap19ArraySeqStPer chap19_arrayseqstper_for_borrow_iter
        PASS [   1.751s] rust_verify_test::ProveChap19ArraySeqStPer chap19_arrayseqstper_for_consume
        PASS [   1.712s] rust_verify_test::ProveChap19ArraySeqStPer chap19_arrayseqstper_loop_borrow_iter
        PASS [   1.684s] rust_verify_test::ProveKleeneStPer kleene_alphabet
        PASS [   1.712s] rust_verify_test::ProveChap19ArraySeqStPer chap19_arrayseqstper_loop_consume
        PASS [   1.784s] rust_verify_test::ProveChap19ArraySeqStPer chap19_arrayseqstper_loop_borrow_into
        PASS [   1.624s] rust_verify_test::ProveKleeneStPer kleene_mem_plus
        PASS [   1.670s] rust_verify_test::ProveKleeneStPer kleene_mem_star
        PASS [   1.731s] rust_verify_test::ProveLinkedListStEph linkedliststeph_loop_loop
        PASS [   1.782s] rust_verify_test::ProveLinkedListStEph linkedliststeph_for_iter
        PASS [   1.730s] rust_verify_test::ProveLinkedListStPer linkedliststper_for_iter
        PASS [   1.729s] rust_verify_test::ProveLinkedListStPer linkedliststper_loop_loop
        PASS [   1.708s] rust_verify_test::ProveMathSeq mathseq_for_borrow_into
        PASS [   1.724s] rust_verify_test::ProveMathSeq mathseq_for_borrow_iter
        PASS [   1.689s] rust_verify_test::ProveMathSeq mathseq_loop_borrow_into
        PASS [   1.717s] rust_verify_test::ProveMathSeq mathseq_for_consume
        PASS [   1.728s] rust_verify_test::ProveMathSeq mathseq_loop_consume
        PASS [   1.751s] rust_verify_test::ProveMathSeq mathseq_loop_borrow_iter
        PASS [   1.718s] rust_verify_test::ProveOrderedSetStEph chap43_orderedsetsteph_for_borrow_into
        PASS [   1.806s] rust_verify_test::ProveOrderedSetStEph chap43_orderedsetsteph_for_borrow_iter
        PASS [   1.799s] rust_verify_test::ProveOrderedSetStEph chap43_orderedsetsteph_loop_borrow_iter
        PASS [   1.835s] rust_verify_test::ProveOrderedSetStEph chap43_orderedsetsteph_loop_borrow_into
        PASS [   1.891s] rust_verify_test::ProveOrderedTableStEph chap43_orderedtablesteph_for_borrow_into
        PASS [   1.881s] rust_verify_test::ProveOrderedTableStEph chap43_orderedtablesteph_for_borrow_iter
        PASS [   1.733s] rust_verify_test::ProveOrderedTableStEph chap43_orderedtablesteph_loop_borrow_into
        PASS [   1.534s] rust_verify_test::ProveOrderedTableStEph chap43_orderedtablesteph_loop_borrow_iter
        PASS [   1.572s] rust_verify_test::ProveOrderedTableStPer chap43_orderedtablestper_for_borrow_into
        PASS [   1.651s] rust_verify_test::ProveOrderedTableStPer chap43_orderedtablestper_for_borrow_iter
        PASS [   1.561s] rust_verify_test::ProveOrderedTableStPer chap43_orderedtablestper_loop_borrow_iter
        PASS [   1.561s] rust_verify_test::ProveOrderedTableStPer chap43_orderedtablestper_loop_borrow_into
        PASS [   1.475s] rust_verify_test::ProvePrimTreeSeqStPer primtreeseq_for_borrow_into
        PASS [   1.726s] rust_verify_test::ProvePrimTreeSeqStPer primtreeseq_for_borrow_iter
        PASS [   1.700s] rust_verify_test::ProvePrimTreeSeqStPer primtreeseq_for_consume
        PASS [   1.726s] rust_verify_test::ProvePrimTreeSeqStPer primtreeseq_loop_borrow_iter
        PASS [   1.750s] rust_verify_test::ProvePrimTreeSeqStPer primtreeseq_loop_borrow_into
        PASS [   1.743s] rust_verify_test::ProvePrimTreeSeqStPer primtreeseq_loop_consume
        PASS [   1.796s] rust_verify_test::ProveSetMtEph set_mt_eph_for_borrow_into
        PASS [   1.531s] rust_verify_test::ProveSetMtEph set_mt_eph_for_borrow_iter
        PASS [   1.519s] rust_verify_test::ProveSetMtEph set_mt_eph_loop_borrow_iter
        PASS [   1.369s] rust_verify_test::Provedeep_view_standard deep_view_standard_for_consume
        PASS [   1.436s] rust_verify_test::Provedeep_view_standard deep_view_standard_for_borrow_iter
        PASS [   1.444s] rust_verify_test::Provedeep_view_standard deep_view_standard_for_borrow_into
        PASS [   1.402s] rust_verify_test::Provedeep_view_standard deep_view_standard_loop_borrow_into
        PASS [   1.347s] rust_verify_test::Provedeep_view_standard deep_view_standard_loop_borrow_iter
        PASS [   1.463s] rust_verify_test::Provedeep_view_standard deep_view_standard_loop_consume
        PASS [   1.532s] rust_verify_test::Provedeep_view_standard deep_view_standard_simple
        PASS [   1.528s] rust_verify_test::Proveiterators_standard iterators_standard_for_borrow_iter
        PASS [   1.584s] rust_verify_test::Proveiterators_standard iterators_standard_for_borrow_into
        PASS [   1.566s] rust_verify_test::Proveiterators_standard iterators_standard_for_consume
        PASS [   1.560s] rust_verify_test::Proveiterators_standard iterators_standard_loop_borrow_into
        PASS [   1.416s] rust_verify_test::Proveiterators_standard iterators_standard_loop_borrow_iter
        PASS [   1.473s] rust_verify_test::Proveiterators_standard iterators_standard_loop_consume
        PASS [   1.444s] rust_verify_test::Provemod_standard mod_standard_for_borrow_into
        PASS [   1.671s] rust_verify_test::Provemod_standard mod_standard_for_borrow_iter
        PASS [   1.830s] rust_verify_test::Provemod_standard mod_standard_for_consume
        PASS [   1.651s] rust_verify_test::Provemod_standard mod_standard_loop_borrow_into
        PASS [   1.553s] rust_verify_test::Provemod_standard mod_standard_loop_borrow_iter
        PASS [   1.539s] rust_verify_test::Provemod_standard mod_standard_loop_consume
        PASS [   1.608s] rust_verify_test::Provetable_of_contents_standard toc_standard_for_borrow_into
        PASS [   1.488s] rust_verify_test::Provetable_of_contents_standard toc_standard_for_borrow_iter
        PASS [   1.420s] rust_verify_test::Provetable_of_contents_standard toc_standard_for_consume
        PASS [   1.462s] rust_verify_test::Provetable_of_contents_standard toc_standard_loop_borrow_iter
        PASS [   1.528s] rust_verify_test::Provetable_of_contents_standard toc_standard_loop_borrow_into
        PASS [   1.521s] rust_verify_test::Provetable_of_contents_standard toc_standard_loop_consume
        PASS [   1.508s] rust_verify_test::Proveusing_closures_standard closures_ghost_spec_fn
        PASS [   1.609s] rust_verify_test::Proveusing_closures_standard closures_inline_requires_ensures
        PASS [   1.563s] rust_verify_test::Proveusing_closures_standard closures_let_bind_ensures
        PASS [   1.445s] rust_verify_test::Proveview_standard view_standard_collection
        PASS [   1.500s] rust_verify_test::Proveusing_closures_standard closures_map_apply
        PASS [   1.549s] rust_verify_test::Proveview_standard view_standard_for_borrow_into
        PASS [   1.496s] rust_verify_test::Proveview_standard view_standard_for_borrow_iter
        PASS [   1.544s] rust_verify_test::Proveview_standard view_standard_for_consume
        PASS [   1.410s] rust_verify_test::Proveview_standard view_standard_loop_borrow_into
        PASS [   1.403s] rust_verify_test::Proveview_standard view_standard_loop_consume
        PASS [   1.461s] rust_verify_test::Proveview_standard view_standard_loop_borrow_iter
        PASS [   1.406s] rust_verify_test::Proveview_standard view_standard_simple
        PASS [   1.443s] rust_verify_test::Provewrapping_iterators_standard wrapping_for_borrow_into
        PASS [   1.395s] rust_verify_test::Provewrapping_iterators_standard wrapping_for_borrow_iter
        PASS [   1.389s] rust_verify_test::Provewrapping_iterators_standard wrapping_loop_borrow_into
        PASS [   1.545s] rust_verify_test::Provewrapping_iterators_standard wrapping_loop_borrow_iter
        PASS [   1.776s] rust_verify_test::RelationStEph relation_st_eph_for_iter
        PASS [   1.778s] rust_verify_test::RelationStEph relation_st_eph_loop_loop
        PASS [   1.884s] rust_verify_test::SetMtEph set_mt_eph_for_iter
        PASS [   1.706s] rust_verify_test::SetMtEph set_mt_eph_from_vec
        PASS [   1.622s] rust_verify_test::SetMtEph set_mt_eph_loop_loop
        PASS [   1.629s] rust_verify_test::SetStEph set_st_eph_for_iter
        PASS [   1.461s] rust_verify_test::SetStEph set_st_eph_from_vec
        PASS [   1.421s] rust_verify_test::SetStEph set_st_eph_loop_loop
        PASS [   1.329s] rust_verify_test::prove_MathSeq_iters mathseq_iter_consuming
        PASS [   1.298s] rust_verify_test::prove_MathSeq_iters mathseq_iter_nested
        PASS [   1.267s] rust_verify_test::prove_MathSeq_iters mathseq_iter_range
────────────
     Summary [  43.201s] 157 tests run: 157 passed, 0 skipped
Elapsed: 114s
