warning: using ==> in `assert forall` does not currently assume the antecedent in the body; consider using `implies` instead of `==>`
   --> src/Chap47/QuadProbFlatHashTableStEph.rs:467:17
    |
467 |                 assert forall |d: int| 0 <= d < table.current_size as int
    |                 ^^^^^^
    |
    = help: If you didn't mean to assume the antecedent, we're very curious to hear why! To tell us, please open an issue on the Verus issue tracker on github with the title `Don't always make assert forall assume the antecedent`. If no one opens such an issue, we'll soon change the behavior of Verus to always assume the antecedent of the outermost implication

warning: using ==> in `assert forall` does not currently assume the antecedent in the body; consider using `implies` instead of `==>`
   --> src/Chap47/QuadProbFlatHashTableStEph.rs:472:17
    |
472 |                 assert forall |d: int| 0 <= d < table.current_size as int
    |                 ^^^^^^
    |
    = help: If you didn't mean to assume the antecedent, we're very curious to hear why! To tell us, please open an issue on the Verus issue tracker on github with the title `Don't always make assert forall assume the antecedent`. If no one opens such an issue, we'll soon change the behavior of Verus to always assume the antecedent of the outermost implication

error: invariant not satisfied before loop
   --> src/Chap43/OrderedSetStPer.rs:910:21
    |
910 |                     size as nat == self@.len(),
    |                     ^^^^^^^^^^^^^^^^^^^^^^^^^^

note: automatically chose triggers for this expression:
  --> src/Chap62/StarContractionStEph.rs:82:13
   |
82 |             exists|s: &SetStEph<V>| s@ == graph@.V && s.spec_setsteph_wf() && base.ensures((s,), result),
   |             ^^^^^^^^^^^^^^^^^^^^^^^^^^^^^^^^^^^^^^^^^^^^^^^^^^^^^^^^^^^^^^^^^^^^^^^^^^^^^^^^^^^^^^^^^^^^

note:   trigger 1 of 1:
  --> src/Chap62/StarContractionStEph.rs:82:37
   |
82 |             exists|s: &SetStEph<V>| s@ == graph@.V && s.spec_setsteph_wf() && base.ensures((s,), result),
   |                                     ^^

note: automatically chose triggers for this expression:
   --> src/Chap62/StarContractionStEph.rs:142:13
    |
142 |             exists|s: &SetStEph<V>| s@ == graph@.V && s.spec_setsteph_wf() && base.ensures((s,), result),
    |             ^^^^^^^^^^^^^^^^^^^^^^^^^^^^^^^^^^^^^^^^^^^^^^^^^^^^^^^^^^^^^^^^^^^^^^^^^^^^^^^^^^^^^^^^^^^^

note:   trigger 1 of 1:
   --> src/Chap62/StarContractionStEph.rs:142:37
    |
142 |             exists|s: &SetStEph<V>| s@ == graph@.V && s.spec_setsteph_wf() && base.ensures((s,), result),
    |                                     ^^

note: automatically chose triggers for this expression:
   --> src/Chap47/QuadProbFlatHashTableStEph.rs:169:13
    |
169 | /             forall |d: int| 0 <= d < table.current_size as int
170 | |                 ==> !spec_flat_has_key(
171 | |                     table.table@[spec_tri_probe(h as int, d, table.current_size as int)],
172 | |                     *key),
    | |_________________________^

note:   trigger 1 of 1:
   --> src/Chap47/QuadProbFlatHashTableStEph.rs:171:34
    |
171 |                     table.table@[spec_tri_probe(h as int, d, table.current_size as int)],
    |                                  ^^^^^^^^^^^^^^^^^^^^^^^^^^^^^^^^^^^^^^^^^^^^^^^^^^^^^^

note: automatically chose triggers for this expression:
   --> src/Chap47/QuadProbFlatHashTableStEph.rs:467:17
    |
467 |                 assert forall |d: int| 0 <= d < table.current_size as int
    |                 ^^^^^^

note:   trigger 1 of 1:
   --> src/Chap47/QuadProbFlatHashTableStEph.rs:469:38
    |
469 |                         table.table@[spec_tri_probe(h as int, d, table.current_size as int)], key) by {
    |                                      ^^^^^^^^^^^^^^^^^^^^^^^^^^^^^^^^^^^^^^^^^^^^^^^^^^^^^^

note: Verus printed one or more automatically chosen quantifier triggers
      because it had low confidence in the chosen triggers.
      To suppress these messages, do one of the following:
        (1) manually annotate a single desired trigger using #[trigger]
            (example: forall|i: int, j: int| f(i) && #[trigger] g(i) && #[trigger] h(j)),
        (2) manually annotate multiple desired triggers using #![trigger ...]
            (example: forall|i: int| #![trigger f(i)] #![trigger g(i)] f(i) && g(i)),
        (3) accept the automatically chosen trigger using #![auto]
            (example: forall|i: int, j: int| #![auto] f(i) && g(i) && h(j))
        (4) use the --triggers-mode silent command-line option to suppress all printing of triggers.
      (Note: triggers are used by the underlying SMT theorem prover to instantiate quantifiers;
      the theorem prover instantiates a quantifier whenever some expression matches the
      pattern specified by one of the quantifier's triggers.)
   --> src/Chap47/QuadProbFlatHashTableStEph.rs:467:17
    |
467 |                 assert forall |d: int| 0 <= d < table.current_size as int
    |                 ^^^^^^

verification results:: 4484 verified, 1 errors
error: aborting due to 1 previous error; 2 warnings emitted

    Finished `release` profile [optimized] target(s) in 0.04s
────────────
 Nextest run ID ec9369ca-29ab-435e-a8cc-bfb5d38f750f with nextest profile: default
    Starting 147 tests across 34 binaries
        PASS [   1.461s] rust_verify_test::HashSetWithViewPlus hash_set_wvp_loop_loop
        PASS [   1.478s] rust_verify_test::HashMapWithViewPlus hash_map_wvp_loop_loop
        PASS [   1.489s] rust_verify_test::HashMapWithViewPlus hash_map_wvp_for_iter
        PASS [   1.500s] rust_verify_test::HashSetWithViewPlus hash_set_wvp_for_iter
        PASS [   1.570s] rust_verify_test::MappingStEph mapping_st_eph_loop_loop
        PASS [   1.669s] rust_verify_test::MappingStEph mapping_st_eph_for_iter
        PASS [   1.451s] rust_verify_test::ProveAVLTreeSetMtEph avltreesetmteph_for_borrow_into
        PASS [   1.423s] rust_verify_test::ProveAVLTreeSetMtEph avltreesetmteph_loop_borrow_iter
        PASS [   1.428s] rust_verify_test::ProveArraySeq arrayseq_filter
        PASS [   1.525s] rust_verify_test::ProveAVLTreeSetMtEph avltreesetmteph_for_borrow_iter
        PASS [   1.488s] rust_verify_test::ProveArraySeq arrayseq_for_iter
        PASS [   1.406s] rust_verify_test::ProveArraySeq arrayseq_iterate
        PASS [   1.329s] rust_verify_test::ProveArraySeq arrayseq_map
        PASS [   1.402s] rust_verify_test::ProveArraySeq arrayseq_loop_loop
        PASS [   1.448s] rust_verify_test::ProveArraySeq arrayseq_iterate_prefixes
        PASS [   1.488s] rust_verify_test::ProveArraySeq arrayseq_reduce
        PASS [   1.535s] rust_verify_test::ProveArraySeq arrayseq_scan
        PASS [   1.586s] rust_verify_test::ProveArraySeq arrayseq_scan_inclusive
        PASS [   1.303s] rust_verify_test::ProveArraySeq arrayseq_tabulate
        PASS [   1.413s] rust_verify_test::ProveArraySeqMtEph arrayseqmteph_loop_loop
        PASS [   1.527s] rust_verify_test::ProveArraySeqMtEph arrayseqmteph_for_iter
        PASS [   1.445s] rust_verify_test::ProveArraySeqMtPer arrayseqmtper_for_iter
        PASS [   1.435s] rust_verify_test::ProveArraySeqMtPer arrayseqmtper_loop_loop
        PASS [   1.463s] rust_verify_test::ProveArraySeqStEph arrayseqsteph_for_borrow_into
        PASS [   1.389s] rust_verify_test::ProveArraySeqStEph arrayseqsteph_for_borrow_iter
        PASS [   1.460s] rust_verify_test::ProveArraySeqStEph arrayseqsteph_for_consume
        PASS [   1.425s] rust_verify_test::ProveArraySeqStEph arrayseqsteph_loop_borrow_into
        PASS [   1.496s] rust_verify_test::ProveArraySeqStEph arrayseqsteph_loop_borrow_iter
        PASS [   1.420s] rust_verify_test::ProveArraySeqStEph arrayseqsteph_loop_consume
        PASS [   1.437s] rust_verify_test::ProveArraySeqStPer arrayseqstper_for_iter
        PASS [   1.329s] rust_verify_test::ProveArraySeqStPer arrayseqstper_loop_loop
        PASS [   1.340s] rust_verify_test::ProveBFSMtEph chap54_bfsmteph_bottom_up_loop
        PASS [   1.373s] rust_verify_test::ProveBFSMtEph chap54_bfsmteph_top_down_loop
        PASS [   1.377s] rust_verify_test::ProveBFSStEph chap54_bfssteph_top_down_loop
        PASS [   1.430s] rust_verify_test::ProveBFSStEph chap54_bfssteph_bottom_up_loop
        PASS [   1.433s] rust_verify_test::ProveBalBinTreeStEph balbintree_for_inorder
        PASS [   1.431s] rust_verify_test::ProveBalBinTreeStEph balbintree_for_postorder
        PASS [   1.459s] rust_verify_test::ProveBalBinTreeStEph balbintree_for_preorder
        PASS [   1.415s] rust_verify_test::ProveBalBinTreeStEph balbintree_inorder_spec_match
        PASS [   1.326s] rust_verify_test::ProveBalBinTreeStEph balbintree_leaf_iter_exhausted
        PASS [   1.344s] rust_verify_test::ProveBalBinTreeStEph balbintree_leaf_traversals_empty
        PASS [   1.397s] rust_verify_test::ProveBalBinTreeStEph balbintree_loop_inorder
        PASS [   1.407s] rust_verify_test::ProveBalBinTreeStEph balbintree_loop_postorder
        PASS [   1.347s] rust_verify_test::ProveBalBinTreeStEph balbintree_postorder_spec_match
        PASS [   1.537s] rust_verify_test::ProveBalBinTreeStEph balbintree_loop_preorder
        PASS [   1.426s] rust_verify_test::ProveBalBinTreeStEph balbintree_preorder_spec_match
        PASS [   1.455s] rust_verify_test::ProveChap19ArraySeqMtEph chap19_arrayseqmteph_for_borrow_into
        PASS [   1.392s] rust_verify_test::ProveChap19ArraySeqMtEph chap19_arrayseqmteph_for_borrow_iter
        PASS [   1.384s] rust_verify_test::ProveChap19ArraySeqMtEph chap19_arrayseqmteph_for_consume
        PASS [   1.438s] rust_verify_test::ProveChap19ArraySeqMtEph chap19_arrayseqmteph_loop_borrow_into
        PASS [   1.411s] rust_verify_test::ProveChap19ArraySeqMtEph chap19_arrayseqmteph_loop_consume
        PASS [   1.439s] rust_verify_test::ProveChap19ArraySeqMtEph chap19_arrayseqmteph_loop_borrow_iter
        PASS [   1.442s] rust_verify_test::ProveChap19ArraySeqMtEphSlice slice_for_borrow_into
        PASS [   1.410s] rust_verify_test::ProveChap19ArraySeqMtEphSlice slice_for_borrow_iter
        PASS [   1.443s] rust_verify_test::ProveChap19ArraySeqMtEphSlice slice_iter_over_subslice
        PASS [   1.393s] rust_verify_test::ProveChap19ArraySeqMtEphSlice slice_loop_borrow_iter
        PASS [   1.432s] rust_verify_test::ProveChap19ArraySeqStEph chap19_arrayseqsteph_for_borrow_into
        PASS [   1.489s] rust_verify_test::ProveChap19ArraySeqMtEphSlice slice_operations
        PASS [   1.480s] rust_verify_test::ProveChap19ArraySeqStEph chap19_arrayseqsteph_for_borrow_iter
        PASS [   1.454s] rust_verify_test::ProveChap19ArraySeqStEph chap19_arrayseqsteph_for_consume
        PASS [   1.415s] rust_verify_test::ProveChap19ArraySeqStEph chap19_arrayseqsteph_loop_borrow_into
        PASS [   1.434s] rust_verify_test::ProveChap19ArraySeqStEph chap19_arrayseqsteph_loop_borrow_iter
        PASS [   1.447s] rust_verify_test::ProveChap19ArraySeqStEph chap19_arrayseqsteph_loop_consume
        PASS [   1.487s] rust_verify_test::ProveChap19ArraySeqStPer chap19_arrayseqstper_for_borrow_into
        PASS [   1.435s] rust_verify_test::ProveChap19ArraySeqStPer chap19_arrayseqstper_for_borrow_iter
        PASS [   1.421s] rust_verify_test::ProveChap19ArraySeqStPer chap19_arrayseqstper_for_consume
        PASS [   1.390s] rust_verify_test::ProveChap19ArraySeqStPer chap19_arrayseqstper_loop_borrow_into
        PASS [   1.397s] rust_verify_test::ProveChap19ArraySeqStPer chap19_arrayseqstper_loop_borrow_iter
        PASS [   1.399s] rust_verify_test::ProveKleeneStPer kleene_alphabet
        PASS [   1.498s] rust_verify_test::ProveChap19ArraySeqStPer chap19_arrayseqstper_loop_consume
        PASS [   1.422s] rust_verify_test::ProveKleeneStPer kleene_mem_plus
        PASS [   1.439s] rust_verify_test::ProveKleeneStPer kleene_mem_star
        PASS [   1.382s] rust_verify_test::ProveLinkedListStEph linkedliststeph_for_iter
        PASS [   1.344s] rust_verify_test::ProveLinkedListStEph linkedliststeph_loop_loop
        PASS [   1.423s] rust_verify_test::ProveLinkedListStPer linkedliststper_loop_loop
        PASS [   1.479s] rust_verify_test::ProveMathSeq mathseq_for_borrow_into
        PASS [   1.575s] rust_verify_test::ProveLinkedListStPer linkedliststper_for_iter
        PASS [   1.454s] rust_verify_test::ProveMathSeq mathseq_for_borrow_iter
        PASS [   1.412s] rust_verify_test::ProveMathSeq mathseq_for_consume
        PASS [   1.446s] rust_verify_test::ProveMathSeq mathseq_loop_borrow_into
        PASS [   1.451s] rust_verify_test::ProveMathSeq mathseq_loop_borrow_iter
        PASS [   1.351s] rust_verify_test::ProveMathSeq mathseq_loop_consume
        PASS [   1.648s] rust_verify_test::ProveOrderedTableStPer chap43_orderedtablestper_for_borrow_into
        PASS [   1.631s] rust_verify_test::ProveOrderedTableStPer chap43_orderedtablestper_for_borrow_iter
        PASS [   1.638s] rust_verify_test::ProveOrderedTableStPer chap43_orderedtablestper_loop_borrow_into
        PASS [   1.606s] rust_verify_test::ProveOrderedTableStPer chap43_orderedtablestper_loop_borrow_iter
        PASS [   1.378s] rust_verify_test::ProvePrimTreeSeqStPer primtreeseq_for_borrow_iter
        PASS [   1.388s] rust_verify_test::ProvePrimTreeSeqStPer primtreeseq_for_borrow_into
        PASS [   1.399s] rust_verify_test::ProvePrimTreeSeqStPer primtreeseq_for_consume
        PASS [   1.423s] rust_verify_test::ProvePrimTreeSeqStPer primtreeseq_loop_borrow_into
        PASS [   1.322s] rust_verify_test::ProvePrimTreeSeqStPer primtreeseq_loop_borrow_iter
        PASS [   1.402s] rust_verify_test::ProvePrimTreeSeqStPer primtreeseq_loop_consume
        PASS [   1.510s] rust_verify_test::ProveSetMtEph set_mt_eph_for_borrow_iter
        PASS [   1.512s] rust_verify_test::ProveSetMtEph set_mt_eph_for_borrow_into
        PASS [   1.446s] rust_verify_test::Provedeep_view_standard deep_view_standard_for_borrow_into
        PASS [   1.494s] rust_verify_test::ProveSetMtEph set_mt_eph_loop_borrow_iter
        PASS [   1.401s] rust_verify_test::Provedeep_view_standard deep_view_standard_for_borrow_iter
        PASS [   1.410s] rust_verify_test::Provedeep_view_standard deep_view_standard_for_consume
        PASS [   1.359s] rust_verify_test::Provedeep_view_standard deep_view_standard_loop_borrow_into
        PASS [   1.436s] rust_verify_test::Provedeep_view_standard deep_view_standard_loop_borrow_iter
        PASS [   1.366s] rust_verify_test::Provedeep_view_standard deep_view_standard_loop_consume
        PASS [   1.378s] rust_verify_test::Provedeep_view_standard deep_view_standard_simple
        PASS [   1.426s] rust_verify_test::Proveiterators_standard iterators_standard_for_borrow_into
        PASS [   1.353s] rust_verify_test::Proveiterators_standard iterators_standard_for_borrow_iter
        PASS [   1.388s] rust_verify_test::Proveiterators_standard iterators_standard_for_consume
        PASS [   1.394s] rust_verify_test::Proveiterators_standard iterators_standard_loop_borrow_into
        PASS [   1.336s] rust_verify_test::Proveiterators_standard iterators_standard_loop_consume
        PASS [   1.424s] rust_verify_test::Proveiterators_standard iterators_standard_loop_borrow_iter
        PASS [   1.366s] rust_verify_test::Provemod_standard mod_standard_for_borrow_into
        PASS [   1.432s] rust_verify_test::Provemod_standard mod_standard_for_borrow_iter
        PASS [   1.365s] rust_verify_test::Provemod_standard mod_standard_for_consume
        PASS [   1.362s] rust_verify_test::Provemod_standard mod_standard_loop_borrow_into
        PASS [   1.369s] rust_verify_test::Provemod_standard mod_standard_loop_borrow_iter
        PASS [   1.372s] rust_verify_test::Provemod_standard mod_standard_loop_consume
        PASS [   1.440s] rust_verify_test::Provetable_of_contents_standard toc_standard_for_borrow_into
        PASS [   1.438s] rust_verify_test::Provetable_of_contents_standard toc_standard_for_borrow_iter
        PASS [   1.375s] rust_verify_test::Provetable_of_contents_standard toc_standard_loop_borrow_into
        PASS [   1.460s] rust_verify_test::Provetable_of_contents_standard toc_standard_for_consume
        PASS [   1.353s] rust_verify_test::Provetable_of_contents_standard toc_standard_loop_borrow_iter
        PASS [   1.336s] rust_verify_test::Provetable_of_contents_standard toc_standard_loop_consume
        PASS [   1.306s] rust_verify_test::Proveusing_closures_standard closures_ghost_spec_fn
        PASS [   1.306s] rust_verify_test::Proveusing_closures_standard closures_inline_requires_ensures
        PASS [   1.316s] rust_verify_test::Proveusing_closures_standard closures_let_bind_ensures
        PASS [   1.389s] rust_verify_test::Proveusing_closures_standard closures_map_apply
        PASS [   1.403s] rust_verify_test::Proveview_standard view_standard_collection
        PASS [   1.408s] rust_verify_test::Proveview_standard view_standard_for_borrow_into
        PASS [   1.401s] rust_verify_test::Proveview_standard view_standard_for_borrow_iter
        PASS [   1.430s] rust_verify_test::Proveview_standard view_standard_for_consume
        PASS [   1.341s] rust_verify_test::Proveview_standard view_standard_loop_borrow_into
        PASS [   1.365s] rust_verify_test::Proveview_standard view_standard_loop_borrow_iter
        PASS [   1.308s] rust_verify_test::Proveview_standard view_standard_simple
        PASS [   1.457s] rust_verify_test::Proveview_standard view_standard_loop_consume
        PASS [   1.377s] rust_verify_test::Provewrapping_iterators_standard wrapping_for_borrow_into
        PASS [   1.427s] rust_verify_test::Provewrapping_iterators_standard wrapping_for_borrow_iter
        PASS [   1.373s] rust_verify_test::Provewrapping_iterators_standard wrapping_loop_borrow_into
        PASS [   1.358s] rust_verify_test::Provewrapping_iterators_standard wrapping_loop_borrow_iter
        PASS [   1.516s] rust_verify_test::RelationStEph relation_st_eph_for_iter
        PASS [   1.479s] rust_verify_test::RelationStEph relation_st_eph_loop_loop
        PASS [   1.492s] rust_verify_test::SetMtEph set_mt_eph_for_iter
        PASS [   1.421s] rust_verify_test::SetMtEph set_mt_eph_from_vec
        PASS [   1.391s] rust_verify_test::SetMtEph set_mt_eph_loop_loop
        PASS [   1.486s] rust_verify_test::SetStEph set_st_eph_for_iter
        PASS [   1.455s] rust_verify_test::SetStEph set_st_eph_from_vec
        PASS [   1.454s] rust_verify_test::SetStEph set_st_eph_loop_loop
        PASS [   1.266s] rust_verify_test::prove_MathSeq_iters mathseq_iter_consuming
        PASS [   1.194s] rust_verify_test::prove_MathSeq_iters mathseq_iter_nested
        PASS [   1.174s] rust_verify_test::prove_MathSeq_iters mathseq_iter_range
────────────
     Summary [  35.325s] 147 tests run: 147 passed, 0 skipped
Elapsed: 89s
