verification results:: 5744 verified, 0 errors
    Finished `release` profile [optimized] target(s) in 0.05s
────────────
 Nextest run ID a140538c-1db9-4dd0-a156-225bb9d5d3d8 with nextest profile: default
    Starting 221 tests across 48 binaries
        PASS [   1.694s] rust_verify_test::HashSetWithViewPlus hash_set_wvp_for_iter
        PASS [   1.710s] rust_verify_test::HashSetWithViewPlus hash_set_wvp_loop_loop
        PASS [   1.713s] rust_verify_test::HashMapWithViewPlus hash_map_wvp_for_iter
        PASS [   1.727s] rust_verify_test::HashMapWithViewPlus hash_map_wvp_loop_loop
        PASS [   1.833s] rust_verify_test::MappingStEph mapping_st_eph_loop_loop
        PASS [   1.894s] rust_verify_test::MappingStEph mapping_st_eph_for_iter
        PASS [   1.726s] rust_verify_test::ProveAVLTreeSeq avltreeseq_for_borrow_into
        PASS [   1.722s] rust_verify_test::ProveAVLTreeSeq avltreeseq_loop_borrow_into
        PASS [   1.824s] rust_verify_test::ProveAVLTreeSeq avltreeseq_for_borrow_iter
        PASS [   1.807s] rust_verify_test::ProveAVLTreeSeq avltreeseq_loop_borrow_iter
        PASS [   1.726s] rust_verify_test::ProveAVLTreeSeqMtPer avltreeseqmtper_for_borrow_into
        PASS [   1.718s] rust_verify_test::ProveAVLTreeSeqMtPer avltreeseqmtper_for_borrow_iter
        PASS [   1.665s] rust_verify_test::ProveAVLTreeSeqMtPer avltreeseqmtper_loop_borrow_iter
        PASS [   1.844s] rust_verify_test::ProveAVLTreeSeqMtPer avltreeseqmtper_loop_borrow_into
        PASS [   1.755s] rust_verify_test::ProveAVLTreeSeqStEph avltreeseqsteph_loop_borrow_into
        PASS [   1.790s] rust_verify_test::ProveAVLTreeSeqStEph avltreeseqsteph_for_borrow_iter
        PASS [   1.719s] rust_verify_test::ProveAVLTreeSeqStEph avltreeseqsteph_loop_borrow_iter
        PASS [   2.049s] rust_verify_test::ProveAVLTreeSeqStEph avltreeseqsteph_for_borrow_into
        PASS [   1.667s] rust_verify_test::ProveAVLTreeSeqStPer avltreeseqstper_for_borrow_into
        PASS [   1.743s] rust_verify_test::ProveAVLTreeSeqStPer avltreeseqstper_for_borrow_iter
        PASS [   1.689s] rust_verify_test::ProveAVLTreeSetMtEph avltreesetmteph_for_borrow_into
        PASS [   1.916s] rust_verify_test::ProveAVLTreeSeqStPer avltreeseqstper_loop_borrow_into
        PASS [   1.981s] rust_verify_test::ProveAVLTreeSeqStPer avltreeseqstper_loop_borrow_iter
        PASS [   1.769s] rust_verify_test::ProveAVLTreeSetMtEph avltreesetmteph_for_borrow_iter
        PASS [   1.628s] rust_verify_test::ProveAVLTreeSetMtEph avltreesetmteph_loop_borrow_into
        PASS [   1.671s] rust_verify_test::ProveAVLTreeSetMtEph avltreesetmteph_loop_borrow_iter
        PASS [   1.786s] rust_verify_test::ProveArraySeq arrayseq_filter
        PASS [   1.608s] rust_verify_test::ProveArraySeq arrayseq_iterate
        PASS [   1.788s] rust_verify_test::ProveArraySeq arrayseq_for_iter
        PASS [   1.986s] rust_verify_test::ProveArraySeq arrayseq_iterate_prefixes
        PASS [   1.870s] rust_verify_test::ProveArraySeq arrayseq_loop_loop
        PASS [   1.665s] rust_verify_test::ProveArraySeq arrayseq_map
        PASS [   1.736s] rust_verify_test::ProveArraySeq arrayseq_reduce
        PASS [   1.869s] rust_verify_test::ProveArraySeq arrayseq_scan
        PASS [   1.801s] rust_verify_test::ProveArraySeq arrayseq_scan_inclusive
        PASS [   1.787s] rust_verify_test::ProveArraySeq arrayseq_tabulate
        PASS [   1.678s] rust_verify_test::ProveArraySeqMtEph arrayseqmteph_for_borrow_into
        PASS [   1.773s] rust_verify_test::ProveArraySeqMtEph arrayseqmteph_for_consume
        PASS [   1.866s] rust_verify_test::ProveArraySeqMtEph arrayseqmteph_for_iter
        PASS [   1.869s] rust_verify_test::ProveArraySeqMtEph arrayseqmteph_loop_borrow_into
        PASS [   1.928s] rust_verify_test::ProveArraySeqMtEph arrayseqmteph_loop_consume
        PASS [   1.692s] rust_verify_test::ProveArraySeqMtEph arrayseqmteph_loop_loop
        PASS [   1.668s] rust_verify_test::ProveArraySeqMtPer arrayseqmtper_for_borrow_into
        PASS [   1.797s] rust_verify_test::ProveArraySeqMtPer arrayseqmtper_for_consume
        PASS [   1.698s] rust_verify_test::ProveArraySeqMtPer arrayseqmtper_for_iter
        PASS [   1.624s] rust_verify_test::ProveArraySeqMtPer arrayseqmtper_loop_borrow_into
        PASS [   1.627s] rust_verify_test::ProveArraySeqMtPer arrayseqmtper_loop_loop
        PASS [   1.811s] rust_verify_test::ProveArraySeqMtPer arrayseqmtper_loop_consume
        PASS [   1.623s] rust_verify_test::ProveArraySeqStEph arrayseqsteph_for_borrow_into
        PASS [   1.619s] rust_verify_test::ProveArraySeqStEph arrayseqsteph_for_borrow_iter
        PASS [   1.667s] rust_verify_test::ProveArraySeqStEph arrayseqsteph_for_consume
        PASS [   1.555s] rust_verify_test::ProveArraySeqStEph arrayseqsteph_loop_borrow_into
        PASS [   1.629s] rust_verify_test::ProveArraySeqStEph arrayseqsteph_loop_borrow_iter
        PASS [   1.676s] rust_verify_test::ProveArraySeqStEph arrayseqsteph_loop_consume
        PASS [   1.581s] rust_verify_test::ProveArraySeqStPer arrayseqstper_for_iter
        PASS [   1.632s] rust_verify_test::ProveArraySeqStPer arrayseqstper_loop_loop
        PASS [   1.600s] rust_verify_test::ProveBFSMtEph chap54_bfsmteph_bottom_up_loop
        PASS [   1.716s] rust_verify_test::ProveBFSMtEph chap54_bfsmteph_bottom_up_for
        PASS [   1.659s] rust_verify_test::ProveBFSMtEph chap54_bfsmteph_top_down_for
        PASS [   1.674s] rust_verify_test::ProveBFSMtEph chap54_bfsmteph_top_down_loop
        PASS [   1.670s] rust_verify_test::ProveBFSStEph chap54_bfssteph_bottom_up_for
        PASS [   1.600s] rust_verify_test::ProveBFSStEph chap54_bfssteph_bottom_up_loop
        PASS [   1.664s] rust_verify_test::ProveBFSStEph chap54_bfssteph_top_down_for
        PASS [   1.818s] rust_verify_test::ProveBFSStEph chap54_bfssteph_top_down_loop
        PASS [   1.734s] rust_verify_test::ProveBSTSetAVLMtEph bstsetavlmteph_for_borrow_into
        PASS [   1.820s] rust_verify_test::ProveBSTSetAVLMtEph bstsetavlmteph_for_borrow_iter
        PASS [   1.835s] rust_verify_test::ProveBSTSetAVLMtEph bstsetavlmteph_for_consume
        PASS [   1.675s] rust_verify_test::ProveBSTSetAVLMtEph bstsetavlmteph_loop_borrow_into
        PASS [   1.675s] rust_verify_test::ProveBSTSetAVLMtEph bstsetavlmteph_loop_borrow_iter
        PASS [   1.721s] rust_verify_test::ProveBSTSetAVLMtEph bstsetavlmteph_loop_consume
        PASS [   1.739s] rust_verify_test::ProveBSTSetBBAlphaMtEph bstsetbbalphamteph_for_borrow_into
        PASS [   1.636s] rust_verify_test::ProveBSTSetBBAlphaMtEph bstsetbbalphamteph_for_borrow_iter
        PASS [   1.660s] rust_verify_test::ProveBSTSetBBAlphaMtEph bstsetbbalphamteph_loop_borrow_into
        PASS [   1.622s] rust_verify_test::ProveBSTSetBBAlphaMtEph bstsetbbalphamteph_loop_borrow_iter
        PASS [   1.760s] rust_verify_test::ProveBSTSetPlainMtEph bstsetplainmteph_for_borrow_into
        PASS [   1.728s] rust_verify_test::ProveBSTSetPlainMtEph bstsetplainmteph_for_borrow_iter
        PASS [   1.707s] rust_verify_test::ProveBSTSetPlainMtEph bstsetplainmteph_loop_borrow_into
        PASS [   1.592s] rust_verify_test::ProveBSTSetPlainMtEph bstsetplainmteph_loop_borrow_iter
        PASS [   1.693s] rust_verify_test::ProveBSTSetRBMtEph bstsetrbmteph_for_borrow_into
        PASS [   1.707s] rust_verify_test::ProveBSTSetRBMtEph bstsetrbmteph_for_borrow_iter
        PASS [   1.628s] rust_verify_test::ProveBSTSetRBMtEph bstsetrbmteph_for_consume
        PASS [   1.678s] rust_verify_test::ProveBSTSetRBMtEph bstsetrbmteph_loop_borrow_into
        PASS [   1.678s] rust_verify_test::ProveBSTSetRBMtEph bstsetrbmteph_loop_borrow_iter
        PASS [   1.648s] rust_verify_test::ProveBSTSetRBMtEph bstsetrbmteph_loop_consume
        PASS [   1.652s] rust_verify_test::ProveBSTSetSplayMtEph bstsetsplaymteph_for_borrow_iter
        PASS [   1.783s] rust_verify_test::ProveBSTSetSplayMtEph bstsetsplaymteph_for_borrow_into
        PASS [   1.583s] rust_verify_test::ProveBSTSetSplayMtEph bstsetsplaymteph_for_consume
        PASS [   1.684s] rust_verify_test::ProveBSTSetSplayMtEph bstsetsplaymteph_loop_borrow_into
        PASS [   1.609s] rust_verify_test::ProveBSTSetSplayMtEph bstsetsplaymteph_loop_consume
        PASS [   1.703s] rust_verify_test::ProveBSTSetSplayMtEph bstsetsplaymteph_loop_borrow_iter
        PASS [   1.693s] rust_verify_test::ProveBalBinTreeStEph balbintree_for_postorder
        PASS [   1.781s] rust_verify_test::ProveBalBinTreeStEph balbintree_for_inorder
        PASS [   1.626s] rust_verify_test::ProveBalBinTreeStEph balbintree_for_preorder
        PASS [   1.594s] rust_verify_test::ProveBalBinTreeStEph balbintree_inorder_spec_match
        PASS [   1.613s] rust_verify_test::ProveBalBinTreeStEph balbintree_leaf_iter_exhausted
        PASS [   1.571s] rust_verify_test::ProveBalBinTreeStEph balbintree_leaf_traversals_empty
        PASS [   1.575s] rust_verify_test::ProveBalBinTreeStEph balbintree_loop_inorder
        PASS [   1.662s] rust_verify_test::ProveBalBinTreeStEph balbintree_loop_postorder
        PASS [   1.621s] rust_verify_test::ProveBalBinTreeStEph balbintree_loop_preorder
        PASS [   1.574s] rust_verify_test::ProveBalBinTreeStEph balbintree_postorder_spec_match
        PASS [   1.634s] rust_verify_test::ProveBalBinTreeStEph balbintree_preorder_spec_match
        PASS [   1.605s] rust_verify_test::ProveChap19ArraySeqMtEph chap19_arrayseqmteph_for_borrow_into
        PASS [   1.651s] rust_verify_test::ProveChap19ArraySeqMtEph chap19_arrayseqmteph_for_borrow_iter
        PASS [   1.675s] rust_verify_test::ProveChap19ArraySeqMtEph chap19_arrayseqmteph_for_consume
        PASS [   1.593s] rust_verify_test::ProveChap19ArraySeqMtEph chap19_arrayseqmteph_loop_borrow_into
        PASS [   1.614s] rust_verify_test::ProveChap19ArraySeqMtEph chap19_arrayseqmteph_loop_borrow_iter
        PASS [   1.568s] rust_verify_test::ProveChap19ArraySeqMtEph chap19_arrayseqmteph_loop_consume
        PASS [   1.717s] rust_verify_test::ProveChap19ArraySeqMtEphSlice slice_for_borrow_into
        PASS [   1.652s] rust_verify_test::ProveChap19ArraySeqMtEphSlice slice_for_borrow_iter
        PASS [   1.655s] rust_verify_test::ProveChap19ArraySeqMtEphSlice slice_iter_over_subslice
        PASS [   1.637s] rust_verify_test::ProveChap19ArraySeqMtEphSlice slice_loop_borrow_iter
        PASS [   1.624s] rust_verify_test::ProveChap19ArraySeqMtEphSlice slice_operations
        PASS [   1.632s] rust_verify_test::ProveChap19ArraySeqStEph chap19_arrayseqsteph_for_borrow_into
        PASS [   1.680s] rust_verify_test::ProveChap19ArraySeqStEph chap19_arrayseqsteph_for_borrow_iter
        PASS [   1.595s] rust_verify_test::ProveChap19ArraySeqStEph chap19_arrayseqsteph_for_consume
        PASS [   1.517s] rust_verify_test::ProveChap19ArraySeqStEph chap19_arrayseqsteph_loop_borrow_iter
        PASS [   1.603s] rust_verify_test::ProveChap19ArraySeqStEph chap19_arrayseqsteph_loop_borrow_into
        PASS [   1.530s] rust_verify_test::ProveChap19ArraySeqStEph chap19_arrayseqsteph_loop_consume
        PASS [   1.595s] rust_verify_test::ProveChap19ArraySeqStPer chap19_arrayseqstper_for_borrow_into
        PASS [   1.732s] rust_verify_test::ProveChap19ArraySeqStPer chap19_arrayseqstper_for_borrow_iter
        PASS [   1.563s] rust_verify_test::ProveChap19ArraySeqStPer chap19_arrayseqstper_loop_borrow_into
        PASS [   1.710s] rust_verify_test::ProveChap19ArraySeqStPer chap19_arrayseqstper_for_consume
        PASS [   1.621s] rust_verify_test::ProveChap19ArraySeqStPer chap19_arrayseqstper_loop_borrow_iter
        PASS [   1.700s] rust_verify_test::ProveChap19ArraySeqStPer chap19_arrayseqstper_loop_consume
        PASS [   1.604s] rust_verify_test::ProveKleeneStPer kleene_alphabet
        PASS [   1.644s] rust_verify_test::ProveKleeneStPer kleene_mem_plus
        PASS [   1.606s] rust_verify_test::ProveKleeneStPer kleene_mem_star
        PASS [   1.679s] rust_verify_test::ProveLinkedListStEph linkedliststeph_for_iter
        PASS [   1.672s] rust_verify_test::ProveLinkedListStEph linkedliststeph_loop_loop
        PASS [   1.630s] rust_verify_test::ProveLinkedListStPer linkedliststper_for_iter
        PASS [   1.685s] rust_verify_test::ProveLinkedListStPer linkedliststper_loop_loop
        PASS [   1.617s] rust_verify_test::ProveMathSeq mathseq_for_borrow_into
        PASS [   1.705s] rust_verify_test::ProveMathSeq mathseq_for_borrow_iter
        PASS [   1.755s] rust_verify_test::ProveMathSeq mathseq_loop_borrow_into
        PASS [   1.839s] rust_verify_test::ProveMathSeq mathseq_for_consume
        PASS [   1.758s] rust_verify_test::ProveMathSeq mathseq_loop_borrow_iter
        PASS [   1.654s] rust_verify_test::ProveMathSeq mathseq_loop_consume
        PASS [   1.806s] rust_verify_test::ProveOrderedSetStEph chap43_orderedsetsteph_for_borrow_into
        PASS [   1.719s] rust_verify_test::ProveOrderedSetStEph chap43_orderedsetsteph_for_borrow_iter
        PASS [   1.664s] rust_verify_test::ProveOrderedSetStEph chap43_orderedsetsteph_loop_borrow_into
        PASS [   1.754s] rust_verify_test::ProveOrderedSetStEph chap43_orderedsetsteph_loop_borrow_iter
        PASS [   1.677s] rust_verify_test::ProveOrderedSetStPer chap43_orderedsetstper_loop_borrow_iter
        PASS [   1.760s] rust_verify_test::ProveOrderedSetStPer chap43_orderedsetstper_for_borrow_iter
        PASS [   1.775s] rust_verify_test::ProveOrderedTableMtEph chap43_orderedtablemteph_for_borrow_into
        PASS [   1.751s] rust_verify_test::ProveOrderedTableMtEph chap43_orderedtablemteph_for_borrow_iter
        PASS [   1.750s] rust_verify_test::ProveOrderedTableMtEph chap43_orderedtablemteph_loop_borrow_into
        PASS [   1.737s] rust_verify_test::ProveOrderedTableMtEph chap43_orderedtablemteph_loop_borrow_iter
        PASS [   1.724s] rust_verify_test::ProveOrderedTableStEph chap43_orderedtablesteph_for_borrow_iter
        PASS [   2.011s] rust_verify_test::ProveOrderedTableStEph chap43_orderedtablesteph_for_borrow_into
        PASS [   1.879s] rust_verify_test::ProveOrderedTableStEph chap43_orderedtablesteph_loop_borrow_into
        PASS [   1.981s] rust_verify_test::ProveOrderedTableStEph chap43_orderedtablesteph_loop_borrow_iter
        PASS [   2.069s] rust_verify_test::ProveOrderedTableStPer chap43_orderedtablestper_for_borrow_into
        PASS [   2.016s] rust_verify_test::ProveOrderedTableStPer chap43_orderedtablestper_for_borrow_iter
        PASS [   1.870s] rust_verify_test::ProveOrderedTableStPer chap43_orderedtablestper_loop_borrow_into
        PASS [   1.748s] rust_verify_test::ProveOrderedTableStPer chap43_orderedtablestper_loop_borrow_iter
        PASS [   1.845s] rust_verify_test::ProvePrimTreeSeqStPer primtreeseq_for_borrow_into
        PASS [   1.648s] rust_verify_test::ProvePrimTreeSeqStPer primtreeseq_for_borrow_iter
        PASS [   1.573s] rust_verify_test::ProvePrimTreeSeqStPer primtreeseq_loop_borrow_into
        PASS [   1.639s] rust_verify_test::ProvePrimTreeSeqStPer primtreeseq_for_consume
        PASS [   1.654s] rust_verify_test::ProvePrimTreeSeqStPer primtreeseq_loop_borrow_iter
        PASS [   1.558s] rust_verify_test::ProvePrimTreeSeqStPer primtreeseq_loop_consume
        PASS [   1.633s] rust_verify_test::ProveSetMtEph set_mt_eph_for_borrow_into
        PASS [   1.727s] rust_verify_test::ProveSetMtEph set_mt_eph_for_borrow_iter
        PASS [   1.644s] rust_verify_test::ProveSetMtEph set_mt_eph_loop_borrow_into
        PASS [   1.738s] rust_verify_test::ProveSetStEph setsteph_for_borrow_into
        PASS [   1.740s] rust_verify_test::ProveSetStEph setsteph_for_borrow_iter
        PASS [   2.052s] rust_verify_test::ProveSetMtEph set_mt_eph_loop_borrow_iter
        PASS [   1.627s] rust_verify_test::ProveSetStEph setsteph_loop_borrow_into
        PASS [   1.703s] rust_verify_test::ProveSetStEph setsteph_loop_borrow_iter
        PASS [   1.672s] rust_verify_test::Provedeep_view_standard deep_view_standard_for_borrow_into
        PASS [   1.686s] rust_verify_test::Provedeep_view_standard deep_view_standard_for_consume
        PASS [   1.615s] rust_verify_test::Provedeep_view_standard deep_view_standard_loop_borrow_into
        PASS [   1.770s] rust_verify_test::Provedeep_view_standard deep_view_standard_for_borrow_iter
        PASS [   1.722s] rust_verify_test::Provedeep_view_standard deep_view_standard_loop_borrow_iter
        PASS [   1.520s] rust_verify_test::Provedeep_view_standard deep_view_standard_loop_consume
        PASS [   1.541s] rust_verify_test::Provedeep_view_standard deep_view_standard_simple
        PASS [   1.659s] rust_verify_test::Proveiterators_standard iterators_standard_for_borrow_into
        PASS [   1.674s] rust_verify_test::Proveiterators_standard iterators_standard_for_consume
        PASS [   1.986s] rust_verify_test::Proveiterators_standard iterators_standard_for_borrow_iter
        PASS [   1.570s] rust_verify_test::Proveiterators_standard iterators_standard_loop_borrow_into
        PASS [   1.515s] rust_verify_test::Proveiterators_standard iterators_standard_loop_borrow_iter
        PASS [   1.528s] rust_verify_test::Proveiterators_standard iterators_standard_loop_consume
        PASS [   1.588s] rust_verify_test::Provemod_standard mod_standard_for_borrow_into
        PASS [   1.555s] rust_verify_test::Provemod_standard mod_standard_for_borrow_iter
        PASS [   1.547s] rust_verify_test::Provemod_standard mod_standard_for_consume
        PASS [   1.928s] rust_verify_test::Provemod_standard mod_standard_loop_borrow_into
        PASS [   1.539s] rust_verify_test::Provemod_standard mod_standard_loop_consume
        PASS [   1.718s] rust_verify_test::Provemod_standard mod_standard_loop_borrow_iter
        PASS [   1.592s] rust_verify_test::Provetable_of_contents_standard toc_standard_for_borrow_iter
        PASS [   1.648s] rust_verify_test::Provetable_of_contents_standard toc_standard_for_borrow_into
        PASS [   1.668s] rust_verify_test::Provetable_of_contents_standard toc_standard_for_consume
        PASS [   1.771s] rust_verify_test::Provetable_of_contents_standard toc_standard_loop_borrow_into
        PASS [   1.530s] rust_verify_test::Provetable_of_contents_standard toc_standard_loop_consume
        PASS [   1.598s] rust_verify_test::Provetable_of_contents_standard toc_standard_loop_borrow_iter
        PASS [   1.520s] rust_verify_test::Proveusing_closures_standard closures_inline_requires_ensures
        PASS [   1.496s] rust_verify_test::Proveusing_closures_standard closures_let_bind_ensures
        PASS [   1.986s] rust_verify_test::Proveusing_closures_standard closures_ghost_spec_fn
        PASS [   1.589s] rust_verify_test::Proveview_standard view_standard_collection
        PASS [   1.654s] rust_verify_test::Proveusing_closures_standard closures_map_apply
        PASS [   1.636s] rust_verify_test::Proveview_standard view_standard_for_borrow_into
        PASS [   1.571s] rust_verify_test::Proveview_standard view_standard_for_borrow_iter
        PASS [   1.640s] rust_verify_test::Proveview_standard view_standard_for_consume
        PASS [   1.840s] rust_verify_test::Proveview_standard view_standard_loop_borrow_into
        PASS [   1.526s] rust_verify_test::Proveview_standard view_standard_loop_consume
        PASS [   1.565s] rust_verify_test::Proveview_standard view_standard_simple
        PASS [   1.686s] rust_verify_test::Proveview_standard view_standard_loop_borrow_iter
        PASS [   1.662s] rust_verify_test::Provewrapping_iterators_standard wrapping_for_borrow_into
        PASS [   1.691s] rust_verify_test::Provewrapping_iterators_standard wrapping_for_borrow_iter
        PASS [   1.533s] rust_verify_test::Provewrapping_iterators_standard wrapping_loop_borrow_into
        PASS [   1.633s] rust_verify_test::Provewrapping_iterators_standard wrapping_loop_borrow_iter
        PASS [   1.747s] rust_verify_test::RelationStEph relation_st_eph_for_iter
        PASS [   1.960s] rust_verify_test::RelationStEph relation_st_eph_loop_loop
        PASS [   1.738s] rust_verify_test::SetMtEph set_mt_eph_for_iter
        PASS [   1.619s] rust_verify_test::SetMtEph set_mt_eph_from_vec
        PASS [   1.655s] rust_verify_test::SetMtEph set_mt_eph_loop_loop
        PASS [   1.715s] rust_verify_test::SetStEph set_st_eph_for_iter
        PASS [   2.014s] rust_verify_test::SetStEph set_st_eph_from_vec
        PASS [   1.977s] rust_verify_test::SetStEph set_st_eph_loop_loop
        PASS [   1.783s] rust_verify_test::prove_MathSeq_iters mathseq_iter_consuming
        PASS [   1.813s] rust_verify_test::prove_MathSeq_iters mathseq_iter_nested
        PASS [   1.790s] rust_verify_test::prove_MathSeq_iters mathseq_iter_range
────────────
     Summary [  63.286s] 221 tests run: 221 passed, 0 skipped
Elapsed: 155s
