warning: using ==> in `assert forall` does not currently assume the antecedent in the body; consider using `implies` instead of `==>`
    --> src/Chap62/StarPartitionMtEph.rs:1217:13
     |
1217 |             assert forall|j: int| 0 <= j < result@.len() implies
     |             ^^^^^^
     |
     = help: If you didn't mean to assume the antecedent, we're very curious to hear why! To tell us, please open an issue on the Verus issue tracker on github with the title `Don't always make assert forall assume the antecedent`. If no one opens such an issue, we'll soon change the behavior of Verus to always assume the antecedent of the outermost implication

warning: using ==> in `assert forall` does not currently assume the antecedent in the body; consider using `implies` instead of `==>`
    --> src/Chap62/StarPartitionMtEph.rs:1401:17
     |
1401 |                 assert forall|j2: int| start as int <= j2 < mid as int implies
     |                 ^^^^^^
     |
     = help: If you didn't mean to assume the antecedent, we're very curious to hear why! To tell us, please open an issue on the Verus issue tracker on github with the title `Don't always make assert forall assume the antecedent`. If no one opens such an issue, we'll soon change the behavior of Verus to always assume the antecedent of the outermost implication

warning: using ==> in `assert forall` does not currently assume the antecedent in the body; consider using `implies` instead of `==>`
    --> src/Chap62/StarPartitionMtEph.rs:1429:17
     |
1429 |                 assert forall|j2: int| mid as int <= j2 < j as int + 1 implies
     |                 ^^^^^^
     |
     = help: If you didn't mean to assume the antecedent, we're very curious to hear why! To tell us, please open an issue on the Verus issue tracker on github with the title `Don't always make assert forall assume the antecedent`. If no one opens such an issue, we'll soon change the behavior of Verus to always assume the antecedent of the outermost implication

warning: using ==> in `assert forall` does not currently assume the antecedent in the body; consider using `implies` instead of `==>`
    --> src/Chap62/StarPartitionMtEph.rs:1708:13
     |
1708 |             assert forall|j2: int| 0 <= j2 < nv as int implies
     |             ^^^^^^
     |
     = help: If you didn't mean to assume the antecedent, we're very curious to hear why! To tell us, please open an issue on the Verus issue tracker on github with the title `Don't always make assert forall assume the antecedent`. If no one opens such an issue, we'll soon change the behavior of Verus to always assume the antecedent of the outermost implication

note: automatically chose triggers for this expression:
    --> src/Chap62/StarPartitionMtEph.rs:1263:13
     |
1263 | /             forall|j: int| start as int <= j < end as int ==>
1264 | |                 pm@.contains_key(vertices@[j]@) ==>
1265 | |                 pm@[vertices@[j]@]@ == p_vec@[j]@,
     | |_________________________________________________^

note:   trigger 1 of 1:
    --> src/Chap62/StarPartitionMtEph.rs:1265:40
     |
1265 |                 pm@[vertices@[j]@]@ == p_vec@[j]@,
     |                                        ^^^^^^^^^

note: automatically chose triggers for this expression:
    --> src/Chap62/StarPartitionMtEph.rs:1302:17
     |
1302 | /                 forall|j: int| start as int <= j < mid as int ==>
1303 | |                     r@.contains_key(v1@[j]@) ==> r@[v1@[j]@]@ == p1@[j]@,
     | |________________________________________________________________________^

note:   trigger 1 of 1:
    --> src/Chap62/StarPartitionMtEph.rs:1303:66
     |
1303 |                     r@.contains_key(v1@[j]@) ==> r@[v1@[j]@]@ == p1@[j]@,
     |                                                                  ^^^^^^

note: automatically chose triggers for this expression:
    --> src/Chap62/StarPartitionMtEph.rs:1319:17
     |
1319 | /                 forall|j: int| mid as int <= j < end as int ==>
1320 | |                     r@.contains_key(v2@[j]@) ==> r@[v2@[j]@]@ == p2@[j]@,
     | |________________________________________________________________________^

note:   trigger 1 of 1:
    --> src/Chap62/StarPartitionMtEph.rs:1320:66
     |
1320 |                     r@.contains_key(v2@[j]@) ==> r@[v2@[j]@]@ == p2@[j]@,
     |                                                                  ^^^^^^

note: automatically chose triggers for this expression:
    --> src/Chap62/StarPartitionMtEph.rs:1401:17
     |
1401 |                 assert forall|j2: int| start as int <= j2 < mid as int implies
     |                 ^^^^^^

note:   trigger 1 of 1:
    --> src/Chap62/StarPartitionMtEph.rs:1403:50
     |
1403 |                     merged@[verts_view[j2]@]@ == pv_view[j2]@) by {
     |                                                  ^^^^^^^^^^^

note: automatically chose triggers for this expression:
    --> src/Chap62/StarPartitionMtEph.rs:1429:17
     |
1429 |                 assert forall|j2: int| mid as int <= j2 < j as int + 1 implies
     |                 ^^^^^^

note:   trigger 1 of 1:
    --> src/Chap62/StarPartitionMtEph.rs:1431:50
     |
1431 |                     merged@[verts_view[j2]@]@ == pv_view[j2]@) by {
     |                                                  ^^^^^^^^^^^

note: automatically chose triggers for this expression:
    --> src/Chap62/StarPartitionMtEph.rs:1360:17
     |
1360 | /                 forall|j2: int| start as int <= j2 < mid as int ==>
1361 | |                     merged@.contains_key(verts_view[j2]@) ==>
1362 | |                     merged@[verts_view[j2]@]@ == pv_view[j2]@,
     | |_____________________________________________________________^

note:   trigger 1 of 1:
    --> src/Chap62/StarPartitionMtEph.rs:1362:50
     |
1362 |                     merged@[verts_view[j2]@]@ == pv_view[j2]@,
     |                                                  ^^^^^^^^^^^

note: automatically chose triggers for this expression:
    --> src/Chap62/StarPartitionMtEph.rs:1367:17
     |
1367 | /                 forall|j2: int| mid as int <= j2 < j as int ==>
1368 | |                     merged@.contains_key(verts_view[j2]@) ==>
1369 | |                     merged@[verts_view[j2]@]@ == pv_view[j2]@,
     | |_____________________________________________________________^

note:   trigger 1 of 1:
    --> src/Chap62/StarPartitionMtEph.rs:1369:50
     |
1369 |                     merged@[verts_view[j2]@]@ == pv_view[j2]@,
     |                                                  ^^^^^^^^^^^

note: automatically chose triggers for this expression:
    --> src/Chap62/StarPartitionMtEph.rs:1755:17
     |
1755 | /                 forall|j: int| 0 <= j < nv as int ==>
1756 | |                     r@.contains_key(va2@[j]@) ==>
1757 | |                     r@[va2@[j]@]@ == pa2@[j]@,
     | |_____________________________________________^

note:   trigger 1 of 1:
    --> src/Chap62/StarPartitionMtEph.rs:1757:38
     |
1757 |                     r@[va2@[j]@]@ == pa2@[j]@,
     |                                      ^^^^^^^

note: Verus printed one or more automatically chosen quantifier triggers
      because it had low confidence in the chosen triggers.
      To suppress these messages, do one of the following:
        (1) manually annotate a single desired trigger using #[trigger]
            (example: forall|i: int, j: int| f(i) && #[trigger] g(i) && #[trigger] h(j)),
        (2) manually annotate multiple desired triggers using #![trigger ...]
            (example: forall|i: int| #![trigger f(i)] #![trigger g(i)] f(i) && g(i)),
        (3) accept the automatically chosen trigger using #![auto]
            (example: forall|i: int, j: int| #![auto] f(i) && g(i) && h(j))
        (4) use the --triggers-mode silent command-line option to suppress all printing of triggers.
      (Note: triggers are used by the underlying SMT theorem prover to instantiate quantifiers;
      the theorem prover instantiates a quantifier whenever some expression matches the
      pattern specified by one of the quantifier's triggers.)
    --> src/Chap62/StarPartitionMtEph.rs:1755:17
     |
1755 | /                 forall|j: int| 0 <= j < nv as int ==>
1756 | |                     r@.contains_key(va2@[j]@) ==>
1757 | |                     r@[va2@[j]@]@ == pa2@[j]@,
     | |_____________________________________________^

verification results:: 5702 verified, 0 errors
warning: 4 warnings emitted

    Finished `release` profile [optimized] target(s) in 0.03s
────────────
 Nextest run ID 27e0b3f1-99c0-4140-8317-01aef9c50a1c with nextest profile: default
    Starting 221 tests across 48 binaries
        PASS [   1.444s] rust_verify_test::HashSetWithViewPlus hash_set_wvp_for_iter
        PASS [   1.486s] rust_verify_test::HashMapWithViewPlus hash_map_wvp_for_iter
        PASS [   1.498s] rust_verify_test::HashMapWithViewPlus hash_map_wvp_loop_loop
        PASS [   1.627s] rust_verify_test::HashSetWithViewPlus hash_set_wvp_loop_loop
        PASS [   1.749s] rust_verify_test::MappingStEph mapping_st_eph_loop_loop
        PASS [   1.867s] rust_verify_test::MappingStEph mapping_st_eph_for_iter
        PASS [   1.596s] rust_verify_test::ProveAVLTreeSeq avltreeseq_for_borrow_into
        PASS [   1.828s] rust_verify_test::ProveAVLTreeSeq avltreeseq_for_borrow_iter
        PASS [   1.688s] rust_verify_test::ProveAVLTreeSeq avltreeseq_loop_borrow_iter
        PASS [   1.884s] rust_verify_test::ProveAVLTreeSeq avltreeseq_loop_borrow_into
        PASS [   1.974s] rust_verify_test::ProveAVLTreeSeqMtPer avltreeseqmtper_for_borrow_into
        PASS [   1.896s] rust_verify_test::ProveAVLTreeSeqMtPer avltreeseqmtper_for_borrow_iter
        PASS [   2.124s] rust_verify_test::ProveAVLTreeSeqMtPer avltreeseqmtper_loop_borrow_into
        PASS [   2.034s] rust_verify_test::ProveAVLTreeSeqStEph avltreeseqsteph_for_borrow_into
        PASS [   2.048s] rust_verify_test::ProveAVLTreeSeqMtPer avltreeseqmtper_loop_borrow_iter
        PASS [   2.184s] rust_verify_test::ProveAVLTreeSeqStEph avltreeseqsteph_for_borrow_iter
        PASS [   2.103s] rust_verify_test::ProveAVLTreeSeqStEph avltreeseqsteph_loop_borrow_into
        PASS [   2.186s] rust_verify_test::ProveAVLTreeSeqStEph avltreeseqsteph_loop_borrow_iter
        PASS [   2.047s] rust_verify_test::ProveAVLTreeSeqStPer avltreeseqstper_for_borrow_into
        PASS [   2.052s] rust_verify_test::ProveAVLTreeSeqStPer avltreeseqstper_for_borrow_iter
        PASS [   2.078s] rust_verify_test::ProveAVLTreeSeqStPer avltreeseqstper_loop_borrow_into
        PASS [   2.040s] rust_verify_test::ProveAVLTreeSeqStPer avltreeseqstper_loop_borrow_iter
        PASS [   2.076s] rust_verify_test::ProveAVLTreeSetMtEph avltreesetmteph_for_borrow_iter
        PASS [   2.205s] rust_verify_test::ProveAVLTreeSetMtEph avltreesetmteph_for_borrow_into
        PASS [   1.878s] rust_verify_test::ProveAVLTreeSetMtEph avltreesetmteph_loop_borrow_into
        PASS [   1.958s] rust_verify_test::ProveAVLTreeSetMtEph avltreesetmteph_loop_borrow_iter
        PASS [   1.919s] rust_verify_test::ProveArraySeq arrayseq_filter
        PASS [   2.063s] rust_verify_test::ProveArraySeq arrayseq_for_iter
        PASS [   2.051s] rust_verify_test::ProveArraySeq arrayseq_iterate_prefixes
        PASS [   2.061s] rust_verify_test::ProveArraySeq arrayseq_iterate
        PASS [   1.749s] rust_verify_test::ProveArraySeq arrayseq_loop_loop
        PASS [   1.666s] rust_verify_test::ProveArraySeq arrayseq_map
        PASS [   1.835s] rust_verify_test::ProveArraySeq arrayseq_reduce
        PASS [   1.461s] rust_verify_test::ProveArraySeq arrayseq_tabulate
        PASS [   1.909s] rust_verify_test::ProveArraySeq arrayseq_scan
        PASS [   1.623s] rust_verify_test::ProveArraySeq arrayseq_scan_inclusive
        PASS [   1.538s] rust_verify_test::ProveArraySeqMtEph arrayseqmteph_for_borrow_into
        PASS [   1.450s] rust_verify_test::ProveArraySeqMtEph arrayseqmteph_for_consume
        PASS [   1.472s] rust_verify_test::ProveArraySeqMtEph arrayseqmteph_for_iter
        PASS [   1.393s] rust_verify_test::ProveArraySeqMtEph arrayseqmteph_loop_borrow_into
        PASS [   1.511s] rust_verify_test::ProveArraySeqMtEph arrayseqmteph_loop_consume
        PASS [   1.438s] rust_verify_test::ProveArraySeqMtEph arrayseqmteph_loop_loop
        PASS [   1.465s] rust_verify_test::ProveArraySeqMtPer arrayseqmtper_for_borrow_into
        PASS [   1.444s] rust_verify_test::ProveArraySeqMtPer arrayseqmtper_for_consume
        PASS [   1.525s] rust_verify_test::ProveArraySeqMtPer arrayseqmtper_for_iter
        PASS [   1.437s] rust_verify_test::ProveArraySeqMtPer arrayseqmtper_loop_borrow_into
        PASS [   1.424s] rust_verify_test::ProveArraySeqMtPer arrayseqmtper_loop_consume
        PASS [   1.465s] rust_verify_test::ProveArraySeqMtPer arrayseqmtper_loop_loop
        PASS [   1.401s] rust_verify_test::ProveArraySeqStEph arrayseqsteph_for_borrow_iter
        PASS [   1.556s] rust_verify_test::ProveArraySeqStEph arrayseqsteph_for_borrow_into
        PASS [   1.412s] rust_verify_test::ProveArraySeqStEph arrayseqsteph_for_consume
        PASS [   1.422s] rust_verify_test::ProveArraySeqStEph arrayseqsteph_loop_borrow_into
        PASS [   1.462s] rust_verify_test::ProveArraySeqStEph arrayseqsteph_loop_borrow_iter
        PASS [   1.510s] rust_verify_test::ProveArraySeqStEph arrayseqsteph_loop_consume
        PASS [   1.451s] rust_verify_test::ProveArraySeqStPer arrayseqstper_for_iter
        PASS [   1.451s] rust_verify_test::ProveArraySeqStPer arrayseqstper_loop_loop
        PASS [   1.415s] rust_verify_test::ProveBFSMtEph chap54_bfsmteph_bottom_up_for
        PASS [   1.478s] rust_verify_test::ProveBFSMtEph chap54_bfsmteph_bottom_up_loop
        PASS [   1.403s] rust_verify_test::ProveBFSMtEph chap54_bfsmteph_top_down_for
        PASS [   1.403s] rust_verify_test::ProveBFSMtEph chap54_bfsmteph_top_down_loop
        PASS [   1.427s] rust_verify_test::ProveBFSStEph chap54_bfssteph_bottom_up_for
        PASS [   1.502s] rust_verify_test::ProveBFSStEph chap54_bfssteph_bottom_up_loop
        PASS [   1.498s] rust_verify_test::ProveBFSStEph chap54_bfssteph_top_down_for
        PASS [   1.473s] rust_verify_test::ProveBFSStEph chap54_bfssteph_top_down_loop
        PASS [   1.584s] rust_verify_test::ProveBSTSetAVLMtEph bstsetavlmteph_for_borrow_into
        PASS [   1.556s] rust_verify_test::ProveBSTSetAVLMtEph bstsetavlmteph_for_borrow_iter
        PASS [   1.503s] rust_verify_test::ProveBSTSetAVLMtEph bstsetavlmteph_for_consume
        PASS [   1.526s] rust_verify_test::ProveBSTSetAVLMtEph bstsetavlmteph_loop_borrow_into
        PASS [   1.482s] rust_verify_test::ProveBSTSetAVLMtEph bstsetavlmteph_loop_borrow_iter
        PASS [   1.552s] rust_verify_test::ProveBSTSetAVLMtEph bstsetavlmteph_loop_consume
        PASS [   1.647s] rust_verify_test::ProveBSTSetBBAlphaMtEph bstsetbbalphamteph_for_borrow_into
        PASS [   1.563s] rust_verify_test::ProveBSTSetBBAlphaMtEph bstsetbbalphamteph_for_borrow_iter
        PASS [   1.543s] rust_verify_test::ProveBSTSetBBAlphaMtEph bstsetbbalphamteph_loop_borrow_into
        PASS [   1.466s] rust_verify_test::ProveBSTSetBBAlphaMtEph bstsetbbalphamteph_loop_borrow_iter
        PASS [   1.534s] rust_verify_test::ProveBSTSetPlainMtEph bstsetplainmteph_for_borrow_into
        PASS [   1.501s] rust_verify_test::ProveBSTSetPlainMtEph bstsetplainmteph_for_borrow_iter
        PASS [   1.569s] rust_verify_test::ProveBSTSetPlainMtEph bstsetplainmteph_loop_borrow_iter
        PASS [   1.622s] rust_verify_test::ProveBSTSetPlainMtEph bstsetplainmteph_loop_borrow_into
        PASS [   1.518s] rust_verify_test::ProveBSTSetRBMtEph bstsetrbmteph_for_borrow_into
        PASS [   1.561s] rust_verify_test::ProveBSTSetRBMtEph bstsetrbmteph_for_borrow_iter
        PASS [   1.511s] rust_verify_test::ProveBSTSetRBMtEph bstsetrbmteph_for_consume
        PASS [   1.614s] rust_verify_test::ProveBSTSetRBMtEph bstsetrbmteph_loop_borrow_into
        PASS [   1.469s] rust_verify_test::ProveBSTSetRBMtEph bstsetrbmteph_loop_consume
        PASS [   1.513s] rust_verify_test::ProveBSTSetRBMtEph bstsetrbmteph_loop_borrow_iter
        PASS [   1.554s] rust_verify_test::ProveBSTSetSplayMtEph bstsetsplaymteph_for_borrow_into
        PASS [   1.560s] rust_verify_test::ProveBSTSetSplayMtEph bstsetsplaymteph_for_borrow_iter
        PASS [   1.442s] rust_verify_test::ProveBSTSetSplayMtEph bstsetsplaymteph_for_consume
        PASS [   1.403s] rust_verify_test::ProveBSTSetSplayMtEph bstsetsplaymteph_loop_borrow_into
        PASS [   1.525s] rust_verify_test::ProveBSTSetSplayMtEph bstsetsplaymteph_loop_borrow_iter
        PASS [   1.553s] rust_verify_test::ProveBSTSetSplayMtEph bstsetsplaymteph_loop_consume
        PASS [   1.589s] rust_verify_test::ProveBalBinTreeStEph balbintree_for_inorder
        PASS [   1.510s] rust_verify_test::ProveBalBinTreeStEph balbintree_for_preorder
        PASS [   1.542s] rust_verify_test::ProveBalBinTreeStEph balbintree_for_postorder
        PASS [   1.716s] rust_verify_test::ProveBalBinTreeStEph balbintree_inorder_spec_match
        PASS [   1.387s] rust_verify_test::ProveBalBinTreeStEph balbintree_leaf_iter_exhausted
        PASS [   1.405s] rust_verify_test::ProveBalBinTreeStEph balbintree_leaf_traversals_empty
        PASS [   1.508s] rust_verify_test::ProveBalBinTreeStEph balbintree_loop_inorder
        PASS [   1.560s] rust_verify_test::ProveBalBinTreeStEph balbintree_loop_postorder
        PASS [   1.579s] rust_verify_test::ProveBalBinTreeStEph balbintree_loop_preorder
        PASS [   1.430s] rust_verify_test::ProveBalBinTreeStEph balbintree_postorder_spec_match
        PASS [   1.404s] rust_verify_test::ProveBalBinTreeStEph balbintree_preorder_spec_match
        PASS [   1.478s] rust_verify_test::ProveChap19ArraySeqMtEph chap19_arrayseqmteph_for_borrow_into
        PASS [   1.540s] rust_verify_test::ProveChap19ArraySeqMtEph chap19_arrayseqmteph_for_borrow_iter
        PASS [   1.499s] rust_verify_test::ProveChap19ArraySeqMtEph chap19_arrayseqmteph_loop_borrow_into
        PASS [   1.700s] rust_verify_test::ProveChap19ArraySeqMtEph chap19_arrayseqmteph_for_consume
        PASS [   1.405s] rust_verify_test::ProveChap19ArraySeqMtEph chap19_arrayseqmteph_loop_borrow_iter
        PASS [   1.479s] rust_verify_test::ProveChap19ArraySeqMtEph chap19_arrayseqmteph_loop_consume
        PASS [   1.458s] rust_verify_test::ProveChap19ArraySeqMtEphSlice slice_for_borrow_into
        PASS [   1.601s] rust_verify_test::ProveChap19ArraySeqMtEphSlice slice_for_borrow_iter
        PASS [   1.612s] rust_verify_test::ProveChap19ArraySeqMtEphSlice slice_iter_over_subslice
        PASS [   1.470s] rust_verify_test::ProveChap19ArraySeqMtEphSlice slice_loop_borrow_iter
        PASS [   1.428s] rust_verify_test::ProveChap19ArraySeqMtEphSlice slice_operations
        PASS [   1.493s] rust_verify_test::ProveChap19ArraySeqStEph chap19_arrayseqsteph_for_borrow_into
        PASS [   1.437s] rust_verify_test::ProveChap19ArraySeqStEph chap19_arrayseqsteph_for_borrow_iter
        PASS [   1.468s] rust_verify_test::ProveChap19ArraySeqStEph chap19_arrayseqsteph_for_consume
        PASS [   1.434s] rust_verify_test::ProveChap19ArraySeqStEph chap19_arrayseqsteph_loop_borrow_into
        PASS [   1.483s] rust_verify_test::ProveChap19ArraySeqStEph chap19_arrayseqsteph_loop_borrow_iter
        PASS [   1.450s] rust_verify_test::ProveChap19ArraySeqStEph chap19_arrayseqsteph_loop_consume
        PASS [   1.458s] rust_verify_test::ProveChap19ArraySeqStPer chap19_arrayseqstper_for_borrow_into
        PASS [   1.460s] rust_verify_test::ProveChap19ArraySeqStPer chap19_arrayseqstper_for_borrow_iter
        PASS [   1.438s] rust_verify_test::ProveChap19ArraySeqStPer chap19_arrayseqstper_for_consume
        PASS [   1.420s] rust_verify_test::ProveChap19ArraySeqStPer chap19_arrayseqstper_loop_borrow_into
        PASS [   1.407s] rust_verify_test::ProveChap19ArraySeqStPer chap19_arrayseqstper_loop_consume
        PASS [   1.507s] rust_verify_test::ProveChap19ArraySeqStPer chap19_arrayseqstper_loop_borrow_iter
        PASS [   1.382s] rust_verify_test::ProveKleeneStPer kleene_alphabet
        PASS [   1.426s] rust_verify_test::ProveKleeneStPer kleene_mem_plus
        PASS [   1.512s] rust_verify_test::ProveKleeneStPer kleene_mem_star
        PASS [   1.485s] rust_verify_test::ProveLinkedListStEph linkedliststeph_for_iter
        PASS [   1.497s] rust_verify_test::ProveLinkedListStEph linkedliststeph_loop_loop
        PASS [   1.456s] rust_verify_test::ProveLinkedListStPer linkedliststper_for_iter
        PASS [   1.403s] rust_verify_test::ProveLinkedListStPer linkedliststper_loop_loop
        PASS [   1.452s] rust_verify_test::ProveMathSeq mathseq_for_borrow_into
        PASS [   1.439s] rust_verify_test::ProveMathSeq mathseq_for_consume
        PASS [   1.509s] rust_verify_test::ProveMathSeq mathseq_for_borrow_iter
        PASS [   1.523s] rust_verify_test::ProveMathSeq mathseq_loop_borrow_iter
        PASS [   1.547s] rust_verify_test::ProveMathSeq mathseq_loop_borrow_into
        PASS [   1.493s] rust_verify_test::ProveMathSeq mathseq_loop_consume
        PASS [   1.565s] rust_verify_test::ProveOrderedSetStEph chap43_orderedsetsteph_for_borrow_into
        PASS [   1.455s] rust_verify_test::ProveOrderedSetStEph chap43_orderedsetsteph_loop_borrow_into
        PASS [   1.550s] rust_verify_test::ProveOrderedSetStEph chap43_orderedsetsteph_for_borrow_iter
        PASS [   1.480s] rust_verify_test::ProveOrderedSetStEph chap43_orderedsetsteph_loop_borrow_iter
        PASS [   1.498s] rust_verify_test::ProveOrderedSetStPer chap43_orderedsetstper_for_borrow_iter
        PASS [   1.558s] rust_verify_test::ProveOrderedSetStPer chap43_orderedsetstper_loop_borrow_iter
        PASS [   1.584s] rust_verify_test::ProveOrderedTableMtEph chap43_orderedtablemteph_for_borrow_into
        PASS [   1.528s] rust_verify_test::ProveOrderedTableMtEph chap43_orderedtablemteph_for_borrow_iter
        PASS [   1.544s] rust_verify_test::ProveOrderedTableMtEph chap43_orderedtablemteph_loop_borrow_into
        PASS [   1.590s] rust_verify_test::ProveOrderedTableMtEph chap43_orderedtablemteph_loop_borrow_iter
        PASS [   1.610s] rust_verify_test::ProveOrderedTableStEph chap43_orderedtablesteph_for_borrow_into
        PASS [   1.544s] rust_verify_test::ProveOrderedTableStEph chap43_orderedtablesteph_for_borrow_iter
        PASS [   1.529s] rust_verify_test::ProveOrderedTableStEph chap43_orderedtablesteph_loop_borrow_into
        PASS [   1.489s] rust_verify_test::ProveOrderedTableStEph chap43_orderedtablesteph_loop_borrow_iter
        PASS [   1.573s] rust_verify_test::ProveOrderedTableStPer chap43_orderedtablestper_for_borrow_into
        PASS [   1.481s] rust_verify_test::ProveOrderedTableStPer chap43_orderedtablestper_loop_borrow_into
        PASS [   1.482s] rust_verify_test::ProveOrderedTableStPer chap43_orderedtablestper_loop_borrow_iter
        PASS [   1.560s] rust_verify_test::ProveOrderedTableStPer chap43_orderedtablestper_for_borrow_iter
        PASS [   1.449s] rust_verify_test::ProvePrimTreeSeqStPer primtreeseq_for_borrow_into
        PASS [   1.490s] rust_verify_test::ProvePrimTreeSeqStPer primtreeseq_for_borrow_iter
        PASS [   1.392s] rust_verify_test::ProvePrimTreeSeqStPer primtreeseq_for_consume
        PASS [   1.342s] rust_verify_test::ProvePrimTreeSeqStPer primtreeseq_loop_consume
        PASS [   1.430s] rust_verify_test::ProvePrimTreeSeqStPer primtreeseq_loop_borrow_into
        PASS [   1.493s] rust_verify_test::ProvePrimTreeSeqStPer primtreeseq_loop_borrow_iter
        PASS [   1.557s] rust_verify_test::ProveSetMtEph set_mt_eph_for_borrow_into
        PASS [   1.439s] rust_verify_test::ProveSetMtEph set_mt_eph_loop_borrow_into
        PASS [   1.558s] rust_verify_test::ProveSetMtEph set_mt_eph_for_borrow_iter
        PASS [   1.488s] rust_verify_test::ProveSetMtEph set_mt_eph_loop_borrow_iter
        PASS [   1.512s] rust_verify_test::ProveSetStEph setsteph_for_borrow_into
        PASS [   1.521s] rust_verify_test::ProveSetStEph setsteph_for_borrow_iter
        PASS [   1.583s] rust_verify_test::ProveSetStEph setsteph_loop_borrow_into
        PASS [   1.508s] rust_verify_test::Provedeep_view_standard deep_view_standard_for_borrow_into
        PASS [   1.548s] rust_verify_test::ProveSetStEph setsteph_loop_borrow_iter
        PASS [   1.420s] rust_verify_test::Provedeep_view_standard deep_view_standard_for_consume
        PASS [   1.513s] rust_verify_test::Provedeep_view_standard deep_view_standard_for_borrow_iter
        PASS [   1.435s] rust_verify_test::Provedeep_view_standard deep_view_standard_loop_borrow_into
        PASS [   1.427s] rust_verify_test::Provedeep_view_standard deep_view_standard_loop_borrow_iter
        PASS [   1.339s] rust_verify_test::Provedeep_view_standard deep_view_standard_simple
        PASS [   1.350s] rust_verify_test::Provedeep_view_standard deep_view_standard_loop_consume
        PASS [   1.389s] rust_verify_test::Proveiterators_standard iterators_standard_for_borrow_iter
        PASS [   1.376s] rust_verify_test::Proveiterators_standard iterators_standard_for_consume
        PASS [   1.502s] rust_verify_test::Proveiterators_standard iterators_standard_for_borrow_into
        PASS [   1.434s] rust_verify_test::Proveiterators_standard iterators_standard_loop_borrow_into
        PASS [   1.422s] rust_verify_test::Proveiterators_standard iterators_standard_loop_consume
        PASS [   1.425s] rust_verify_test::Proveiterators_standard iterators_standard_loop_borrow_iter
        PASS [   1.420s] rust_verify_test::Provemod_standard mod_standard_for_borrow_into
        PASS [   1.433s] rust_verify_test::Provemod_standard mod_standard_for_borrow_iter
        PASS [   1.438s] rust_verify_test::Provemod_standard mod_standard_for_consume
        PASS [   1.397s] rust_verify_test::Provemod_standard mod_standard_loop_borrow_into
        PASS [   1.331s] rust_verify_test::Provemod_standard mod_standard_loop_consume
        PASS [   1.352s] rust_verify_test::Provemod_standard mod_standard_loop_borrow_iter
        PASS [   1.478s] rust_verify_test::Provetable_of_contents_standard toc_standard_for_borrow_into
        PASS [   1.485s] rust_verify_test::Provetable_of_contents_standard toc_standard_for_borrow_iter
        PASS [   1.492s] rust_verify_test::Provetable_of_contents_standard toc_standard_for_consume
        PASS [   1.477s] rust_verify_test::Provetable_of_contents_standard toc_standard_loop_borrow_into
        PASS [   1.367s] rust_verify_test::Provetable_of_contents_standard toc_standard_loop_borrow_iter
        PASS [   1.402s] rust_verify_test::Provetable_of_contents_standard toc_standard_loop_consume
        PASS [   1.346s] rust_verify_test::Proveusing_closures_standard closures_ghost_spec_fn
        PASS [   1.361s] rust_verify_test::Proveusing_closures_standard closures_inline_requires_ensures
        PASS [   1.440s] rust_verify_test::Proveusing_closures_standard closures_let_bind_ensures
        PASS [   1.371s] rust_verify_test::Proveusing_closures_standard closures_map_apply
        PASS [   1.295s] rust_verify_test::Proveview_standard view_standard_collection
        PASS [   1.419s] rust_verify_test::Proveview_standard view_standard_for_borrow_into
        PASS [   1.479s] rust_verify_test::Proveview_standard view_standard_for_borrow_iter
        PASS [   1.454s] rust_verify_test::Proveview_standard view_standard_for_consume
        PASS [   1.379s] rust_verify_test::Proveview_standard view_standard_loop_borrow_into
        PASS [   1.404s] rust_verify_test::Proveview_standard view_standard_loop_borrow_iter
        PASS [   1.460s] rust_verify_test::Proveview_standard view_standard_loop_consume
        PASS [   1.341s] rust_verify_test::Proveview_standard view_standard_simple
        PASS [   1.403s] rust_verify_test::Provewrapping_iterators_standard wrapping_for_borrow_into
        PASS [   1.338s] rust_verify_test::Provewrapping_iterators_standard wrapping_loop_borrow_into
        PASS [   1.455s] rust_verify_test::Provewrapping_iterators_standard wrapping_for_borrow_iter
        PASS [   1.411s] rust_verify_test::Provewrapping_iterators_standard wrapping_loop_borrow_iter
        PASS [   1.496s] rust_verify_test::RelationStEph relation_st_eph_loop_loop
        PASS [   1.580s] rust_verify_test::RelationStEph relation_st_eph_for_iter
        PASS [   1.482s] rust_verify_test::SetMtEph set_mt_eph_from_vec
        PASS [   1.578s] rust_verify_test::SetMtEph set_mt_eph_for_iter
        PASS [   1.519s] rust_verify_test::SetMtEph set_mt_eph_loop_loop
        PASS [   1.437s] rust_verify_test::SetStEph set_st_eph_for_iter
        PASS [   1.422s] rust_verify_test::SetStEph set_st_eph_from_vec
        PASS [   1.398s] rust_verify_test::SetStEph set_st_eph_loop_loop
        PASS [   1.403s] rust_verify_test::prove_MathSeq_iters mathseq_iter_consuming
        PASS [   1.289s] rust_verify_test::prove_MathSeq_iters mathseq_iter_range
        PASS [   1.379s] rust_verify_test::prove_MathSeq_iters mathseq_iter_nested
────────────
     Summary [  57.140s] 221 tests run: 221 passed, 0 skipped
Elapsed: 169s
