verification results:: 5598 verified, 0 errors
    Finished `release` profile [optimized] target(s) in 0.03s
────────────
 Nextest run ID bd09c698-1370-46d2-a409-a6f8261a3312 with nextest profile: default
    Starting 221 tests across 48 binaries
        PASS [   2.754s] rust_verify_test::HashMapWithViewPlus hash_map_wvp_for_iter
        PASS [   3.064s] rust_verify_test::HashSetWithViewPlus hash_set_wvp_for_iter
        PASS [   3.074s] rust_verify_test::HashSetWithViewPlus hash_set_wvp_loop_loop
        PASS [   3.090s] rust_verify_test::HashMapWithViewPlus hash_map_wvp_loop_loop
        PASS [   3.106s] rust_verify_test::MappingStEph mapping_st_eph_loop_loop
        PASS [   3.210s] rust_verify_test::MappingStEph mapping_st_eph_for_iter
        PASS [   3.529s] rust_verify_test::ProveAVLTreeSeq avltreeseq_for_borrow_into
        PASS [   3.471s] rust_verify_test::ProveAVLTreeSeq avltreeseq_loop_borrow_into
        PASS [   3.512s] rust_verify_test::ProveAVLTreeSeqMtPer avltreeseqmtper_for_borrow_into
        PASS [   3.519s] rust_verify_test::ProveAVLTreeSeqMtPer avltreeseqmtper_for_borrow_iter
        PASS [   3.676s] rust_verify_test::ProveAVLTreeSeq avltreeseq_for_borrow_iter
        PASS [   3.666s] rust_verify_test::ProveAVLTreeSeq avltreeseq_loop_borrow_iter
        PASS [   3.165s] rust_verify_test::ProveAVLTreeSeqMtPer avltreeseqmtper_loop_borrow_into
        PASS [   3.068s] rust_verify_test::ProveAVLTreeSeqMtPer avltreeseqmtper_loop_borrow_iter
        PASS [   3.021s] rust_verify_test::ProveAVLTreeSeqStEph avltreeseqsteph_for_borrow_into
        PASS [   3.020s] rust_verify_test::ProveAVLTreeSeqStEph avltreeseqsteph_loop_borrow_iter
        PASS [   3.039s] rust_verify_test::ProveAVLTreeSeqStEph avltreeseqsteph_loop_borrow_into
        PASS [   3.080s] rust_verify_test::ProveAVLTreeSeqStEph avltreeseqsteph_for_borrow_iter
        PASS [   2.509s] rust_verify_test::ProveAVLTreeSeqStPer avltreeseqstper_for_borrow_into
        PASS [   2.729s] rust_verify_test::ProveAVLTreeSeqStPer avltreeseqstper_loop_borrow_into
        PASS [   2.728s] rust_verify_test::ProveAVLTreeSeqStPer avltreeseqstper_loop_borrow_iter
        PASS [   2.849s] rust_verify_test::ProveAVLTreeSetMtEph avltreesetmteph_for_borrow_into
        PASS [   3.021s] rust_verify_test::ProveAVLTreeSeqStPer avltreeseqstper_for_borrow_iter
        PASS [   2.945s] rust_verify_test::ProveAVLTreeSetMtEph avltreesetmteph_for_borrow_iter
        PASS [   2.606s] rust_verify_test::ProveAVLTreeSetMtEph avltreesetmteph_loop_borrow_into
        PASS [   2.742s] rust_verify_test::ProveArraySeq arrayseq_filter
        PASS [   2.622s] rust_verify_test::ProveArraySeq arrayseq_iterate
        PASS [   2.922s] rust_verify_test::ProveAVLTreeSetMtEph avltreesetmteph_loop_borrow_iter
        PASS [   2.803s] rust_verify_test::ProveArraySeq arrayseq_for_iter
        PASS [   2.934s] rust_verify_test::ProveArraySeq arrayseq_iterate_prefixes
        PASS [   2.451s] rust_verify_test::ProveArraySeq arrayseq_loop_loop
        PASS [   2.421s] rust_verify_test::ProveArraySeq arrayseq_reduce
        PASS [   2.426s] rust_verify_test::ProveArraySeq arrayseq_scan
        PASS [   2.488s] rust_verify_test::ProveArraySeq arrayseq_map
        PASS [   2.111s] rust_verify_test::ProveArraySeq arrayseq_tabulate
        PASS [   2.465s] rust_verify_test::ProveArraySeq arrayseq_scan_inclusive
        PASS [   2.243s] rust_verify_test::ProveArraySeqMtEph arrayseqmteph_for_borrow_into
        PASS [   2.098s] rust_verify_test::ProveArraySeqMtEph arrayseqmteph_for_consume
        PASS [   1.921s] rust_verify_test::ProveArraySeqMtEph arrayseqmteph_loop_loop
        PASS [   2.151s] rust_verify_test::ProveArraySeqMtEph arrayseqmteph_loop_borrow_into
        PASS [   2.185s] rust_verify_test::ProveArraySeqMtEph arrayseqmteph_for_iter
        PASS [   2.122s] rust_verify_test::ProveArraySeqMtEph arrayseqmteph_loop_consume
        PASS [   2.534s] rust_verify_test::ProveArraySeqMtPer arrayseqmtper_for_borrow_into
        PASS [   2.677s] rust_verify_test::ProveArraySeqMtPer arrayseqmtper_for_consume
        PASS [   2.728s] rust_verify_test::ProveArraySeqMtPer arrayseqmtper_for_iter
        PASS [   2.726s] rust_verify_test::ProveArraySeqMtPer arrayseqmtper_loop_consume
        PASS [   2.780s] rust_verify_test::ProveArraySeqMtPer arrayseqmtper_loop_borrow_into
        PASS [   2.843s] rust_verify_test::ProveArraySeqMtPer arrayseqmtper_loop_loop
        PASS [   2.373s] rust_verify_test::ProveArraySeqStEph arrayseqsteph_for_borrow_into
        PASS [   2.144s] rust_verify_test::ProveArraySeqStEph arrayseqsteph_for_consume
        PASS [   2.108s] rust_verify_test::ProveArraySeqStEph arrayseqsteph_loop_borrow_iter
        PASS [   2.335s] rust_verify_test::ProveArraySeqStEph arrayseqsteph_for_borrow_iter
        PASS [   2.040s] rust_verify_test::ProveArraySeqStEph arrayseqsteph_loop_consume
        PASS [   2.268s] rust_verify_test::ProveArraySeqStEph arrayseqsteph_loop_borrow_into
        PASS [   1.891s] rust_verify_test::ProveArraySeqStPer arrayseqstper_for_iter
        PASS [   1.850s] rust_verify_test::ProveBFSMtEph chap54_bfsmteph_top_down_for
        PASS [   2.024s] rust_verify_test::ProveArraySeqStPer arrayseqstper_loop_loop
        PASS [   1.960s] rust_verify_test::ProveBFSMtEph chap54_bfsmteph_bottom_up_loop
        PASS [   2.041s] rust_verify_test::ProveBFSMtEph chap54_bfsmteph_top_down_loop
        PASS [   2.213s] rust_verify_test::ProveBFSMtEph chap54_bfsmteph_bottom_up_for
        PASS [   1.910s] rust_verify_test::ProveBFSStEph chap54_bfssteph_bottom_up_for
        PASS [   1.799s] rust_verify_test::ProveBFSStEph chap54_bfssteph_bottom_up_loop
        PASS [   1.954s] rust_verify_test::ProveBFSStEph chap54_bfssteph_top_down_for
        PASS [   2.066s] rust_verify_test::ProveBFSStEph chap54_bfssteph_top_down_loop
        PASS [   2.170s] rust_verify_test::ProveBSTSetAVLMtEph bstsetavlmteph_for_borrow_into
        PASS [   2.226s] rust_verify_test::ProveBSTSetAVLMtEph bstsetavlmteph_for_borrow_iter
        PASS [   1.927s] rust_verify_test::ProveBSTSetAVLMtEph bstsetavlmteph_for_consume
        PASS [   2.176s] rust_verify_test::ProveBSTSetAVLMtEph bstsetavlmteph_loop_borrow_into
        PASS [   2.095s] rust_verify_test::ProveBSTSetAVLMtEph bstsetavlmteph_loop_borrow_iter
        PASS [   2.417s] rust_verify_test::ProveBSTSetAVLMtEph bstsetavlmteph_loop_consume
        PASS [   2.605s] rust_verify_test::ProveBSTSetBBAlphaMtEph bstsetbbalphamteph_for_borrow_into
        PASS [   2.750s] rust_verify_test::ProveBSTSetBBAlphaMtEph bstsetbbalphamteph_for_borrow_iter
        PASS [   2.261s] rust_verify_test::ProveBSTSetBBAlphaMtEph bstsetbbalphamteph_loop_borrow_into
        PASS [   2.685s] rust_verify_test::ProveBSTSetPlainMtEph bstsetplainmteph_for_borrow_into
        PASS [   2.845s] rust_verify_test::ProveBSTSetBBAlphaMtEph bstsetbbalphamteph_loop_borrow_iter
        PASS [   2.845s] rust_verify_test::ProveBSTSetPlainMtEph bstsetplainmteph_for_borrow_iter
        PASS [   2.672s] rust_verify_test::ProveBSTSetPlainMtEph bstsetplainmteph_loop_borrow_into
        PASS [   2.465s] rust_verify_test::ProveBSTSetPlainMtEph bstsetplainmteph_loop_borrow_iter
        PASS [   2.449s] rust_verify_test::ProveBSTSetRBMtEph bstsetrbmteph_for_borrow_into
        PASS [   1.884s] rust_verify_test::ProveBSTSetRBMtEph bstsetrbmteph_for_borrow_iter
        PASS [   2.148s] rust_verify_test::ProveBSTSetRBMtEph bstsetrbmteph_for_consume
        PASS [   1.873s] rust_verify_test::ProveBSTSetRBMtEph bstsetrbmteph_loop_borrow_into
        PASS [   1.993s] rust_verify_test::ProveBSTSetRBMtEph bstsetrbmteph_loop_consume
        PASS [   2.339s] rust_verify_test::ProveBSTSetRBMtEph bstsetrbmteph_loop_borrow_iter
        PASS [   2.122s] rust_verify_test::ProveBSTSetSplayMtEph bstsetsplaymteph_for_borrow_into
        PASS [   1.988s] rust_verify_test::ProveBSTSetSplayMtEph bstsetsplaymteph_for_borrow_iter
        PASS [   2.086s] rust_verify_test::ProveBSTSetSplayMtEph bstsetsplaymteph_for_consume
        PASS [   1.823s] rust_verify_test::ProveBSTSetSplayMtEph bstsetsplaymteph_loop_borrow_into
        PASS [   1.936s] rust_verify_test::ProveBSTSetSplayMtEph bstsetsplaymteph_loop_borrow_iter
        PASS [   1.868s] rust_verify_test::ProveBSTSetSplayMtEph bstsetsplaymteph_loop_consume
        PASS [   2.267s] rust_verify_test::ProveBalBinTreeStEph balbintree_for_inorder
        PASS [   1.924s] rust_verify_test::ProveBalBinTreeStEph balbintree_for_postorder
        PASS [   1.866s] rust_verify_test::ProveBalBinTreeStEph balbintree_inorder_spec_match
        PASS [   2.193s] rust_verify_test::ProveBalBinTreeStEph balbintree_for_preorder
        PASS [   1.998s] rust_verify_test::ProveBalBinTreeStEph balbintree_leaf_iter_exhausted
        PASS [   1.978s] rust_verify_test::ProveBalBinTreeStEph balbintree_leaf_traversals_empty
        PASS [   2.210s] rust_verify_test::ProveBalBinTreeStEph balbintree_loop_inorder
        PASS [   2.104s] rust_verify_test::ProveBalBinTreeStEph balbintree_loop_postorder
        PASS [   1.915s] rust_verify_test::ProveBalBinTreeStEph balbintree_loop_preorder
        PASS [   2.138s] rust_verify_test::ProveBalBinTreeStEph balbintree_postorder_spec_match
        PASS [   1.983s] rust_verify_test::ProveBalBinTreeStEph balbintree_preorder_spec_match
        PASS [   1.892s] rust_verify_test::ProveChap19ArraySeqMtEph chap19_arrayseqmteph_for_borrow_into
        PASS [   1.918s] rust_verify_test::ProveChap19ArraySeqMtEph chap19_arrayseqmteph_for_borrow_iter
        PASS [   1.708s] rust_verify_test::ProveChap19ArraySeqMtEph chap19_arrayseqmteph_loop_borrow_into
        PASS [   2.372s] rust_verify_test::ProveChap19ArraySeqMtEph chap19_arrayseqmteph_for_consume
        PASS [   2.299s] rust_verify_test::ProveChap19ArraySeqMtEph chap19_arrayseqmteph_loop_borrow_iter
        PASS [   2.149s] rust_verify_test::ProveChap19ArraySeqMtEph chap19_arrayseqmteph_loop_consume
        PASS [   2.205s] rust_verify_test::ProveChap19ArraySeqMtEphSlice slice_for_borrow_into
        PASS [   2.131s] rust_verify_test::ProveChap19ArraySeqMtEphSlice slice_iter_over_subslice
        PASS [   2.325s] rust_verify_test::ProveChap19ArraySeqMtEphSlice slice_for_borrow_iter
        PASS [   2.073s] rust_verify_test::ProveChap19ArraySeqMtEphSlice slice_loop_borrow_iter
        PASS [   2.227s] rust_verify_test::ProveChap19ArraySeqMtEphSlice slice_operations
        PASS [   2.126s] rust_verify_test::ProveChap19ArraySeqStEph chap19_arrayseqsteph_for_borrow_into
        PASS [   2.388s] rust_verify_test::ProveChap19ArraySeqStEph chap19_arrayseqsteph_for_borrow_iter
        PASS [   2.266s] rust_verify_test::ProveChap19ArraySeqStEph chap19_arrayseqsteph_loop_borrow_into
        PASS [   2.352s] rust_verify_test::ProveChap19ArraySeqStEph chap19_arrayseqsteph_for_consume
        PASS [   2.463s] rust_verify_test::ProveChap19ArraySeqStEph chap19_arrayseqsteph_loop_borrow_iter
        PASS [   2.610s] rust_verify_test::ProveChap19ArraySeqStEph chap19_arrayseqsteph_loop_consume
        PASS [   2.985s] rust_verify_test::ProveChap19ArraySeqStPer chap19_arrayseqstper_for_borrow_into
        PASS [   2.879s] rust_verify_test::ProveChap19ArraySeqStPer chap19_arrayseqstper_for_borrow_iter
        PASS [   3.002s] rust_verify_test::ProveChap19ArraySeqStPer chap19_arrayseqstper_for_consume
        PASS [   2.990s] rust_verify_test::ProveChap19ArraySeqStPer chap19_arrayseqstper_loop_borrow_into
        PASS [   2.659s] rust_verify_test::ProveChap19ArraySeqStPer chap19_arrayseqstper_loop_borrow_iter
        PASS [   3.182s] rust_verify_test::ProveChap19ArraySeqStPer chap19_arrayseqstper_loop_consume
        PASS [   3.138s] rust_verify_test::ProveKleeneStPer kleene_alphabet
        PASS [   3.592s] rust_verify_test::ProveKleeneStPer kleene_mem_plus
        PASS [   3.810s] rust_verify_test::ProveLinkedListStEph linkedliststeph_for_iter
        PASS [   3.714s] rust_verify_test::ProveLinkedListStEph linkedliststeph_loop_loop
        PASS [   4.000s] rust_verify_test::ProveKleeneStPer kleene_mem_star
        PASS [   3.558s] rust_verify_test::ProveLinkedListStPer linkedliststper_for_iter
        PASS [   3.350s] rust_verify_test::ProveLinkedListStPer linkedliststper_loop_loop
        PASS [   3.499s] rust_verify_test::ProveMathSeq mathseq_for_borrow_into
        PASS [   3.360s] rust_verify_test::ProveMathSeq mathseq_loop_borrow_into
        PASS [   3.730s] rust_verify_test::ProveMathSeq mathseq_for_borrow_iter
        PASS [   3.846s] rust_verify_test::ProveMathSeq mathseq_for_consume
        PASS [   3.615s] rust_verify_test::ProveMathSeq mathseq_loop_borrow_iter
        PASS [   3.946s] rust_verify_test::ProveMathSeq mathseq_loop_consume
        PASS [   3.962s] rust_verify_test::ProveOrderedSetStEph chap43_orderedsetsteph_for_borrow_into
        PASS [   3.975s] rust_verify_test::ProveOrderedSetStEph chap43_orderedsetsteph_for_borrow_iter
        PASS [   4.179s] rust_verify_test::ProveOrderedSetStEph chap43_orderedsetsteph_loop_borrow_into
        PASS [   3.995s] rust_verify_test::ProveOrderedSetStEph chap43_orderedsetsteph_loop_borrow_iter
        PASS [   3.519s] rust_verify_test::ProveOrderedSetStPer chap43_orderedsetstper_for_borrow_iter
        PASS [   3.293s] rust_verify_test::ProveOrderedSetStPer chap43_orderedsetstper_loop_borrow_iter
        PASS [   3.695s] rust_verify_test::ProveOrderedTableMtEph chap43_orderedtablemteph_for_borrow_into
        PASS [   3.402s] rust_verify_test::ProveOrderedTableMtEph chap43_orderedtablemteph_for_borrow_iter
        PASS [   3.387s] rust_verify_test::ProveOrderedTableMtEph chap43_orderedtablemteph_loop_borrow_into
        PASS [   3.377s] rust_verify_test::ProveOrderedTableMtEph chap43_orderedtablemteph_loop_borrow_iter
        PASS [   3.914s] rust_verify_test::ProveOrderedTableStEph chap43_orderedtablesteph_for_borrow_into
        PASS [   4.109s] rust_verify_test::ProveOrderedTableStEph chap43_orderedtablesteph_for_borrow_iter
        PASS [   3.841s] rust_verify_test::ProveOrderedTableStEph chap43_orderedtablesteph_loop_borrow_into
        PASS [   3.926s] rust_verify_test::ProveOrderedTableStEph chap43_orderedtablesteph_loop_borrow_iter
        PASS [   4.099s] rust_verify_test::ProveOrderedTableStPer chap43_orderedtablestper_for_borrow_iter
        PASS [   4.218s] rust_verify_test::ProveOrderedTableStPer chap43_orderedtablestper_for_borrow_into
        PASS [   3.638s] rust_verify_test::ProveOrderedTableStPer chap43_orderedtablestper_loop_borrow_into
        PASS [   4.119s] rust_verify_test::ProveOrderedTableStPer chap43_orderedtablestper_loop_borrow_iter
        PASS [   3.665s] rust_verify_test::ProvePrimTreeSeqStPer primtreeseq_for_borrow_into
        PASS [   3.390s] rust_verify_test::ProvePrimTreeSeqStPer primtreeseq_for_borrow_iter
        PASS [   3.162s] rust_verify_test::ProvePrimTreeSeqStPer primtreeseq_for_consume
        PASS [   3.161s] rust_verify_test::ProvePrimTreeSeqStPer primtreeseq_loop_borrow_into
        PASS [   2.933s] rust_verify_test::ProvePrimTreeSeqStPer primtreeseq_loop_borrow_iter
        PASS [   2.844s] rust_verify_test::ProvePrimTreeSeqStPer primtreeseq_loop_consume
        PASS [   2.872s] rust_verify_test::ProveSetMtEph set_mt_eph_for_borrow_into
        PASS [   2.639s] rust_verify_test::ProveSetMtEph set_mt_eph_for_borrow_iter
        PASS [   2.313s] rust_verify_test::ProveSetMtEph set_mt_eph_loop_borrow_into
        PASS [   2.316s] rust_verify_test::ProveSetMtEph set_mt_eph_loop_borrow_iter
        PASS [   2.201s] rust_verify_test::ProveSetStEph setsteph_for_borrow_into
        PASS [   1.979s] rust_verify_test::ProveSetStEph setsteph_for_borrow_iter
        PASS [   1.941s] rust_verify_test::ProveSetStEph setsteph_loop_borrow_into
        PASS [   1.824s] rust_verify_test::Provedeep_view_standard deep_view_standard_for_borrow_into
        PASS [   1.768s] rust_verify_test::Provedeep_view_standard deep_view_standard_for_borrow_iter
        PASS [   1.711s] rust_verify_test::Provedeep_view_standard deep_view_standard_for_consume
        PASS [   2.185s] rust_verify_test::ProveSetStEph setsteph_loop_borrow_iter
        PASS [   1.850s] rust_verify_test::Provedeep_view_standard deep_view_standard_loop_borrow_into
        PASS [   1.727s] rust_verify_test::Provedeep_view_standard deep_view_standard_loop_borrow_iter
        PASS [   1.821s] rust_verify_test::Provedeep_view_standard deep_view_standard_simple
        PASS [   1.895s] rust_verify_test::Provedeep_view_standard deep_view_standard_loop_consume
        PASS [   1.729s] rust_verify_test::Proveiterators_standard iterators_standard_for_borrow_iter
        PASS [   1.892s] rust_verify_test::Proveiterators_standard iterators_standard_for_borrow_into
        PASS [   1.863s] rust_verify_test::Proveiterators_standard iterators_standard_for_consume
        PASS [   1.975s] rust_verify_test::Proveiterators_standard iterators_standard_loop_borrow_into
        PASS [   2.555s] rust_verify_test::Proveiterators_standard iterators_standard_loop_borrow_iter
        PASS [   2.666s] rust_verify_test::Proveiterators_standard iterators_standard_loop_consume
        PASS [   2.744s] rust_verify_test::Provemod_standard mod_standard_for_borrow_iter
        PASS [   2.787s] rust_verify_test::Provemod_standard mod_standard_for_borrow_into
        PASS [   2.795s] rust_verify_test::Provemod_standard mod_standard_for_consume
        PASS [   2.782s] rust_verify_test::Provemod_standard mod_standard_loop_borrow_into
        PASS [   2.522s] rust_verify_test::Provemod_standard mod_standard_loop_consume
        PASS [   2.660s] rust_verify_test::Provemod_standard mod_standard_loop_borrow_iter
        PASS [   2.444s] rust_verify_test::Provetable_of_contents_standard toc_standard_for_borrow_iter
        PASS [   2.607s] rust_verify_test::Provetable_of_contents_standard toc_standard_for_borrow_into
        PASS [   2.653s] rust_verify_test::Provetable_of_contents_standard toc_standard_for_consume
        PASS [   2.510s] rust_verify_test::Provetable_of_contents_standard toc_standard_loop_borrow_into
        PASS [   2.547s] rust_verify_test::Provetable_of_contents_standard toc_standard_loop_consume
        PASS [   2.682s] rust_verify_test::Provetable_of_contents_standard toc_standard_loop_borrow_iter
        PASS [   2.649s] rust_verify_test::Proveusing_closures_standard closures_ghost_spec_fn
        PASS [   2.720s] rust_verify_test::Proveusing_closures_standard closures_inline_requires_ensures
        PASS [   2.475s] rust_verify_test::Proveusing_closures_standard closures_let_bind_ensures
        PASS [   2.456s] rust_verify_test::Proveusing_closures_standard closures_map_apply
        PASS [   2.685s] rust_verify_test::Proveview_standard view_standard_collection
        PASS [   3.019s] rust_verify_test::Proveview_standard view_standard_for_borrow_into
        PASS [   2.940s] rust_verify_test::Proveview_standard view_standard_for_borrow_iter
        PASS [   3.023s] rust_verify_test::Proveview_standard view_standard_for_consume
        PASS [   2.833s] rust_verify_test::Proveview_standard view_standard_loop_borrow_into
        PASS [   2.728s] rust_verify_test::Proveview_standard view_standard_loop_borrow_iter
        PASS [   3.112s] rust_verify_test::Proveview_standard view_standard_loop_consume
        PASS [   3.034s] rust_verify_test::Proveview_standard view_standard_simple
        PASS [   2.925s] rust_verify_test::Provewrapping_iterators_standard wrapping_for_borrow_into
        PASS [   3.012s] rust_verify_test::Provewrapping_iterators_standard wrapping_for_borrow_iter
        PASS [   2.751s] rust_verify_test::Provewrapping_iterators_standard wrapping_loop_borrow_into
        PASS [   2.946s] rust_verify_test::Provewrapping_iterators_standard wrapping_loop_borrow_iter
        PASS [   2.952s] rust_verify_test::RelationStEph relation_st_eph_for_iter
        PASS [   2.799s] rust_verify_test::RelationStEph relation_st_eph_loop_loop
        PASS [   3.170s] rust_verify_test::SetMtEph set_mt_eph_for_iter
        PASS [   2.887s] rust_verify_test::SetMtEph set_mt_eph_from_vec
        PASS [   2.869s] rust_verify_test::SetMtEph set_mt_eph_loop_loop
        PASS [   2.663s] rust_verify_test::SetStEph set_st_eph_for_iter
        PASS [   2.734s] rust_verify_test::SetStEph set_st_eph_from_vec
        PASS [   2.776s] rust_verify_test::SetStEph set_st_eph_loop_loop
        PASS [   2.563s] rust_verify_test::prove_MathSeq_iters mathseq_iter_consuming
        PASS [   2.542s] rust_verify_test::prove_MathSeq_iters mathseq_iter_nested
        PASS [   2.542s] rust_verify_test::prove_MathSeq_iters mathseq_iter_range
────────────
     Summary [  99.008s] 221 tests run: 221 passed, 0 skipped
Elapsed: 245s
