verification results:: 4830 verified, 0 errors
    Finished `release` profile [optimized] target(s) in 0.03s
────────────
 Nextest run ID 26c89aae-8d79-439d-a721-95d1710bd83a with nextest profile: default
    Starting 157 tests across 37 binaries
        PASS [   2.327s] rust_verify_test::HashSetWithViewPlus hash_set_wvp_loop_loop
        PASS [   2.444s] rust_verify_test::HashSetWithViewPlus hash_set_wvp_for_iter
        PASS [   2.534s] rust_verify_test::HashMapWithViewPlus hash_map_wvp_for_iter
        PASS [   2.547s] rust_verify_test::HashMapWithViewPlus hash_map_wvp_loop_loop
        PASS [   2.584s] rust_verify_test::MappingStEph mapping_st_eph_for_iter
        PASS [   2.762s] rust_verify_test::MappingStEph mapping_st_eph_loop_loop
        PASS [   1.932s] rust_verify_test::ProveAVLTreeSetMtEph avltreesetmteph_for_borrow_into
        PASS [   2.085s] rust_verify_test::ProveAVLTreeSeq avltreeseq_loop_borrow_iter
        PASS [   2.253s] rust_verify_test::ProveAVLTreeSeq avltreeseq_for_borrow_iter
        PASS [   2.019s] rust_verify_test::ProveAVLTreeSetMtEph avltreesetmteph_loop_borrow_iter
        PASS [   2.073s] rust_verify_test::ProveArraySeq arrayseq_filter
        PASS [   2.332s] rust_verify_test::ProveAVLTreeSetMtEph avltreesetmteph_for_borrow_iter
        PASS [   1.694s] rust_verify_test::ProveArraySeq arrayseq_for_iter
        PASS [   1.661s] rust_verify_test::ProveArraySeq arrayseq_iterate_prefixes
        PASS [   1.796s] rust_verify_test::ProveArraySeq arrayseq_loop_loop
        PASS [   1.883s] rust_verify_test::ProveArraySeq arrayseq_iterate
        PASS [   1.780s] rust_verify_test::ProveArraySeq arrayseq_map
        PASS [   1.959s] rust_verify_test::ProveArraySeq arrayseq_reduce
        PASS [   1.659s] rust_verify_test::ProveArraySeq arrayseq_tabulate
        PASS [   1.956s] rust_verify_test::ProveArraySeq arrayseq_scan_inclusive
        PASS [   1.810s] rust_verify_test::ProveArraySeqMtEph arrayseqmteph_for_iter
        PASS [   2.116s] rust_verify_test::ProveArraySeq arrayseq_scan
        PASS [   1.879s] rust_verify_test::ProveArraySeqMtEph arrayseqmteph_loop_loop
        PASS [   1.711s] rust_verify_test::ProveArraySeqMtPer arrayseqmtper_for_iter
        PASS [   1.553s] rust_verify_test::ProveArraySeqMtPer arrayseqmtper_loop_loop
        PASS [   1.730s] rust_verify_test::ProveArraySeqStEph arrayseqsteph_for_consume
        PASS [   1.824s] rust_verify_test::ProveArraySeqStEph arrayseqsteph_for_borrow_iter
        PASS [   1.903s] rust_verify_test::ProveArraySeqStEph arrayseqsteph_for_borrow_into
        PASS [   1.617s] rust_verify_test::ProveArraySeqStEph arrayseqsteph_loop_borrow_into
        PASS [   1.639s] rust_verify_test::ProveArraySeqStEph arrayseqsteph_loop_borrow_iter
        PASS [   1.643s] rust_verify_test::ProveArraySeqStEph arrayseqsteph_loop_consume
        PASS [   1.517s] rust_verify_test::ProveBFSMtEph chap54_bfsmteph_top_down_loop
        PASS [   1.536s] rust_verify_test::ProveBFSMtEph chap54_bfsmteph_bottom_up_loop
        PASS [   1.587s] rust_verify_test::ProveBFSStEph chap54_bfssteph_bottom_up_loop
        PASS [   1.785s] rust_verify_test::ProveArraySeqStPer arrayseqstper_for_iter
        PASS [   1.769s] rust_verify_test::ProveArraySeqStPer arrayseqstper_loop_loop
        PASS [   1.741s] rust_verify_test::ProveBFSStEph chap54_bfssteph_top_down_loop
        PASS [   1.659s] rust_verify_test::ProveBalBinTreeStEph balbintree_for_inorder
        PASS [   1.523s] rust_verify_test::ProveBalBinTreeStEph balbintree_inorder_spec_match
        PASS [   1.605s] rust_verify_test::ProveBalBinTreeStEph balbintree_for_preorder
        PASS [   1.762s] rust_verify_test::ProveBalBinTreeStEph balbintree_for_postorder
        PASS [   1.593s] rust_verify_test::ProveBalBinTreeStEph balbintree_leaf_iter_exhausted
        PASS [   1.776s] rust_verify_test::ProveBalBinTreeStEph balbintree_leaf_traversals_empty
        PASS [   1.544s] rust_verify_test::ProveBalBinTreeStEph balbintree_loop_inorder
        PASS [   1.532s] rust_verify_test::ProveBalBinTreeStEph balbintree_loop_preorder
        PASS [   1.696s] rust_verify_test::ProveBalBinTreeStEph balbintree_loop_postorder
        PASS [   1.606s] rust_verify_test::ProveBalBinTreeStEph balbintree_preorder_spec_match
        PASS [   1.630s] rust_verify_test::ProveBalBinTreeStEph balbintree_postorder_spec_match
        PASS [   1.620s] rust_verify_test::ProveChap19ArraySeqMtEph chap19_arrayseqmteph_for_borrow_into
        PASS [   1.691s] rust_verify_test::ProveChap19ArraySeqMtEph chap19_arrayseqmteph_for_borrow_iter
        PASS [   1.527s] rust_verify_test::ProveChap19ArraySeqMtEph chap19_arrayseqmteph_loop_consume
        PASS [   1.647s] rust_verify_test::ProveChap19ArraySeqMtEph chap19_arrayseqmteph_for_consume
        PASS [   1.696s] rust_verify_test::ProveChap19ArraySeqMtEph chap19_arrayseqmteph_loop_borrow_into
        PASS [   1.779s] rust_verify_test::ProveChap19ArraySeqMtEph chap19_arrayseqmteph_loop_borrow_iter
        PASS [   1.655s] rust_verify_test::ProveChap19ArraySeqMtEphSlice slice_for_borrow_into
        PASS [   1.634s] rust_verify_test::ProveChap19ArraySeqMtEphSlice slice_loop_borrow_iter
        PASS [   1.694s] rust_verify_test::ProveChap19ArraySeqMtEphSlice slice_for_borrow_iter
        PASS [   1.526s] rust_verify_test::ProveChap19ArraySeqMtEphSlice slice_operations
        PASS [   1.687s] rust_verify_test::ProveChap19ArraySeqMtEphSlice slice_iter_over_subslice
        PASS [   1.617s] rust_verify_test::ProveChap19ArraySeqStEph chap19_arrayseqsteph_for_borrow_into
        PASS [   1.492s] rust_verify_test::ProveChap19ArraySeqStEph chap19_arrayseqsteph_loop_borrow_iter
        PASS [   1.686s] rust_verify_test::ProveChap19ArraySeqStEph chap19_arrayseqsteph_for_borrow_iter
        PASS [   1.515s] rust_verify_test::ProveChap19ArraySeqStEph chap19_arrayseqsteph_loop_consume
        PASS [   1.620s] rust_verify_test::ProveChap19ArraySeqStEph chap19_arrayseqsteph_loop_borrow_into
        PASS [   1.661s] rust_verify_test::ProveChap19ArraySeqStEph chap19_arrayseqsteph_for_consume
        PASS [   1.652s] rust_verify_test::ProveChap19ArraySeqStPer chap19_arrayseqstper_for_borrow_into
        PASS [   1.519s] rust_verify_test::ProveChap19ArraySeqStPer chap19_arrayseqstper_loop_borrow_into
        PASS [   1.677s] rust_verify_test::ProveChap19ArraySeqStPer chap19_arrayseqstper_for_consume
        PASS [   1.599s] rust_verify_test::ProveChap19ArraySeqStPer chap19_arrayseqstper_loop_borrow_iter
        PASS [   1.712s] rust_verify_test::ProveChap19ArraySeqStPer chap19_arrayseqstper_for_borrow_iter
        PASS [   1.592s] rust_verify_test::ProveChap19ArraySeqStPer chap19_arrayseqstper_loop_consume
        PASS [   1.684s] rust_verify_test::ProveKleeneStPer kleene_alphabet
        PASS [   1.723s] rust_verify_test::ProveKleeneStPer kleene_mem_plus
        PASS [   1.612s] rust_verify_test::ProveLinkedListStEph linkedliststeph_loop_loop
        PASS [   1.734s] rust_verify_test::ProveKleeneStPer kleene_mem_star
        PASS [   1.711s] rust_verify_test::ProveLinkedListStEph linkedliststeph_for_iter
        PASS [   1.834s] rust_verify_test::ProveLinkedListStPer linkedliststper_for_iter
        PASS [   1.617s] rust_verify_test::ProveLinkedListStPer linkedliststper_loop_loop
        PASS [   1.733s] rust_verify_test::ProveMathSeq mathseq_for_borrow_into
        PASS [   1.614s] rust_verify_test::ProveMathSeq mathseq_loop_borrow_into
        PASS [   1.713s] rust_verify_test::ProveMathSeq mathseq_for_borrow_iter
        PASS [   1.716s] rust_verify_test::ProveMathSeq mathseq_for_consume
        PASS [   1.623s] rust_verify_test::ProveMathSeq mathseq_loop_borrow_iter
        PASS [   1.758s] rust_verify_test::ProveMathSeq mathseq_loop_consume
        PASS [   1.601s] rust_verify_test::ProveOrderedSetStEph chap43_orderedsetsteph_loop_borrow_into
        PASS [   1.772s] rust_verify_test::ProveOrderedSetStEph chap43_orderedsetsteph_for_borrow_iter
        PASS [   1.726s] rust_verify_test::ProveOrderedSetStEph chap43_orderedsetsteph_loop_borrow_iter
        PASS [   1.813s] rust_verify_test::ProveOrderedTableStEph chap43_orderedtablesteph_for_borrow_into
        PASS [   2.054s] rust_verify_test::ProveOrderedSetStEph chap43_orderedsetsteph_for_borrow_into
        PASS [   1.782s] rust_verify_test::ProveOrderedTableStEph chap43_orderedtablesteph_for_borrow_iter
        PASS [   1.618s] rust_verify_test::ProveOrderedTableStEph chap43_orderedtablesteph_loop_borrow_into
        PASS [   1.649s] rust_verify_test::ProveOrderedTableStEph chap43_orderedtablesteph_loop_borrow_iter
        PASS [   1.624s] rust_verify_test::ProveOrderedTableStPer chap43_orderedtablestper_for_borrow_into
        PASS [   1.649s] rust_verify_test::ProveOrderedTableStPer chap43_orderedtablestper_loop_borrow_into
        PASS [   1.600s] rust_verify_test::ProveOrderedTableStPer chap43_orderedtablestper_loop_borrow_iter
        PASS [   1.972s] rust_verify_test::ProveOrderedTableStPer chap43_orderedtablestper_for_borrow_iter
        PASS [   1.685s] rust_verify_test::ProvePrimTreeSeqStPer primtreeseq_for_borrow_into
        PASS [   1.591s] rust_verify_test::ProvePrimTreeSeqStPer primtreeseq_for_borrow_iter
        PASS [   1.566s] rust_verify_test::ProvePrimTreeSeqStPer primtreeseq_for_consume
        PASS [   1.512s] rust_verify_test::ProvePrimTreeSeqStPer primtreeseq_loop_borrow_into
        PASS [   1.540s] rust_verify_test::ProvePrimTreeSeqStPer primtreeseq_loop_borrow_iter
        PASS [   1.441s] rust_verify_test::ProvePrimTreeSeqStPer primtreeseq_loop_consume
        PASS [   1.542s] rust_verify_test::ProveSetMtEph set_mt_eph_loop_borrow_iter
        PASS [   1.706s] rust_verify_test::ProveSetMtEph set_mt_eph_for_borrow_iter
        PASS [   1.912s] rust_verify_test::ProveSetMtEph set_mt_eph_for_borrow_into
        PASS [   1.723s] rust_verify_test::Provedeep_view_standard deep_view_standard_for_borrow_into
        PASS [   1.574s] rust_verify_test::Provedeep_view_standard deep_view_standard_for_consume
        PASS [   1.664s] rust_verify_test::Provedeep_view_standard deep_view_standard_for_borrow_iter
        PASS [   1.527s] rust_verify_test::Provedeep_view_standard deep_view_standard_loop_borrow_into
        PASS [   1.423s] rust_verify_test::Provedeep_view_standard deep_view_standard_loop_consume
        PASS [   1.579s] rust_verify_test::Provedeep_view_standard deep_view_standard_loop_borrow_iter
        PASS [   1.460s] rust_verify_test::Provedeep_view_standard deep_view_standard_simple
        PASS [   1.447s] rust_verify_test::Proveiterators_standard iterators_standard_for_borrow_iter
        PASS [   1.578s] rust_verify_test::Proveiterators_standard iterators_standard_for_borrow_into
        PASS [   1.423s] rust_verify_test::Proveiterators_standard iterators_standard_for_consume
        PASS [   1.473s] rust_verify_test::Proveiterators_standard iterators_standard_loop_borrow_into
        PASS [   1.471s] rust_verify_test::Proveiterators_standard iterators_standard_loop_borrow_iter
        PASS [   1.460s] rust_verify_test::Proveiterators_standard iterators_standard_loop_consume
        PASS [   1.417s] rust_verify_test::Provemod_standard mod_standard_for_borrow_iter
        PASS [   1.717s] rust_verify_test::Provemod_standard mod_standard_for_borrow_into
        PASS [   1.773s] rust_verify_test::Provemod_standard mod_standard_for_consume
        PASS [   1.511s] rust_verify_test::Provemod_standard mod_standard_loop_borrow_iter
        PASS [   1.515s] rust_verify_test::Provemod_standard mod_standard_loop_consume
        PASS [   1.701s] rust_verify_test::Provemod_standard mod_standard_loop_borrow_into
        PASS [   1.591s] rust_verify_test::Provetable_of_contents_standard toc_standard_for_borrow_into
        PASS [   1.521s] rust_verify_test::Provetable_of_contents_standard toc_standard_for_borrow_iter
        PASS [   1.429s] rust_verify_test::Provetable_of_contents_standard toc_standard_loop_borrow_into
        PASS [   1.402s] rust_verify_test::Provetable_of_contents_standard toc_standard_loop_borrow_iter
        PASS [   1.611s] rust_verify_test::Provetable_of_contents_standard toc_standard_for_consume
        PASS [   1.503s] rust_verify_test::Provetable_of_contents_standard toc_standard_loop_consume
        PASS [   1.413s] rust_verify_test::Proveusing_closures_standard closures_ghost_spec_fn
        PASS [   1.453s] rust_verify_test::Proveusing_closures_standard closures_inline_requires_ensures
        PASS [   1.404s] rust_verify_test::Proveusing_closures_standard closures_let_bind_ensures
        PASS [   1.421s] rust_verify_test::Proveusing_closures_standard closures_map_apply
        PASS [   1.396s] rust_verify_test::Proveview_standard view_standard_for_borrow_into
        PASS [   1.510s] rust_verify_test::Proveview_standard view_standard_collection
        PASS [   1.487s] rust_verify_test::Proveview_standard view_standard_for_borrow_iter
        PASS [   1.386s] rust_verify_test::Proveview_standard view_standard_for_consume
        PASS [   1.470s] rust_verify_test::Proveview_standard view_standard_loop_borrow_iter
        PASS [   1.567s] rust_verify_test::Proveview_standard view_standard_loop_borrow_into
        PASS [   1.408s] rust_verify_test::Proveview_standard view_standard_loop_consume
        PASS [   1.376s] rust_verify_test::Proveview_standard view_standard_simple
        PASS [   1.459s] rust_verify_test::Provewrapping_iterators_standard wrapping_for_borrow_iter
        PASS [   1.730s] rust_verify_test::Provewrapping_iterators_standard wrapping_for_borrow_into
        PASS [   1.471s] rust_verify_test::Provewrapping_iterators_standard wrapping_loop_borrow_into
        PASS [   1.487s] rust_verify_test::Provewrapping_iterators_standard wrapping_loop_borrow_iter
        PASS [   1.685s] rust_verify_test::RelationStEph relation_st_eph_loop_loop
        PASS [   1.805s] rust_verify_test::RelationStEph relation_st_eph_for_iter
        PASS [   1.598s] rust_verify_test::SetMtEph set_mt_eph_for_iter
        PASS [   1.853s] rust_verify_test::SetMtEph set_mt_eph_from_vec
        PASS [   1.675s] rust_verify_test::SetMtEph set_mt_eph_loop_loop
        PASS [   1.642s] rust_verify_test::SetStEph set_st_eph_for_iter
        PASS [   1.552s] rust_verify_test::SetStEph set_st_eph_from_vec
        PASS [   1.544s] rust_verify_test::prove_MathSeq_iters mathseq_iter_consuming
        PASS [   1.548s] rust_verify_test::SetStEph set_st_eph_loop_loop
        PASS [   1.433s] rust_verify_test::prove_MathSeq_iters mathseq_iter_nested
        PASS [   1.227s] rust_verify_test::prove_MathSeq_iters mathseq_iter_range
────────────
     Summary [  44.773s] 157 tests run: 157 passed, 0 skipped
Elapsed: 179s
