verification results:: 4438 verified, 0 errors
   Compiling rust_verify_test v0.1.0 (/home/milnes/projects/APAS-VERUS-agent1/rust_verify_test)
    Finished `release` profile [optimized] target(s) in 1.35s
────────────
 Nextest run ID 8d2e598f-c001-46ea-bb22-6c10c8d963d3 with nextest profile: default
    Starting 145 tests across 34 binaries
        PASS [   1.423s] rust_verify_test::HashSetWithViewPlus hash_set_wvp_for_iter
        PASS [   1.452s] rust_verify_test::HashMapWithViewPlus hash_map_wvp_loop_loop
        PASS [   1.587s] rust_verify_test::MappingStEph mapping_st_eph_loop_loop
        PASS [   1.633s] rust_verify_test::HashSetWithViewPlus hash_set_wvp_loop_loop
        PASS [   1.885s] rust_verify_test::HashMapWithViewPlus hash_map_wvp_for_iter
        PASS [   1.932s] rust_verify_test::MappingStEph mapping_st_eph_for_iter
        PASS [   1.408s] rust_verify_test::ProveAVLTreeSetMtEph avltreesetmteph_for_borrow_iter
        PASS [   1.460s] rust_verify_test::ProveAVLTreeSetMtEph avltreesetmteph_for_borrow_into
        PASS [   1.434s] rust_verify_test::ProveAVLTreeSetMtEph avltreesetmteph_loop_borrow_iter
        PASS [   1.440s] rust_verify_test::ProveArraySeq arrayseq_filter
        PASS [   1.484s] rust_verify_test::ProveArraySeq arrayseq_iterate
        PASS [   1.703s] rust_verify_test::ProveArraySeq arrayseq_for_iter
        PASS [   1.332s] rust_verify_test::ProveArraySeq arrayseq_iterate_prefixes
        PASS [   1.448s] rust_verify_test::ProveArraySeq arrayseq_loop_loop
        PASS [   1.455s] rust_verify_test::ProveArraySeq arrayseq_reduce
        PASS [   1.779s] rust_verify_test::ProveArraySeq arrayseq_map
        PASS [   1.783s] rust_verify_test::ProveArraySeq arrayseq_scan
        PASS [   1.759s] rust_verify_test::ProveArraySeq arrayseq_scan_inclusive
        PASS [   1.420s] rust_verify_test::ProveArraySeq arrayseq_tabulate
        PASS [   1.585s] rust_verify_test::ProveArraySeqMtEph arrayseqmteph_for_iter
        PASS [   1.469s] rust_verify_test::ProveArraySeqMtEph arrayseqmteph_loop_loop
        PASS [   1.677s] rust_verify_test::ProveArraySeqMtPer arrayseqmtper_for_iter
        PASS [   1.522s] rust_verify_test::ProveArraySeqMtPer arrayseqmtper_loop_loop
        PASS [   1.554s] rust_verify_test::ProveArraySeqStEph arrayseqsteph_for_borrow_into
        PASS [   1.466s] rust_verify_test::ProveArraySeqStEph arrayseqsteph_for_borrow_iter
        PASS [   1.540s] rust_verify_test::ProveArraySeqStEph arrayseqsteph_loop_borrow_into
        PASS [   1.699s] rust_verify_test::ProveArraySeqStEph arrayseqsteph_for_consume
        PASS [   1.385s] rust_verify_test::ProveArraySeqStEph arrayseqsteph_loop_borrow_iter
        PASS [   1.366s] rust_verify_test::ProveArraySeqStEph arrayseqsteph_loop_consume
        PASS [   1.570s] rust_verify_test::ProveArraySeqStPer arrayseqstper_for_iter
        PASS [   1.635s] rust_verify_test::ProveArraySeqStPer arrayseqstper_loop_loop
        PASS [   1.379s] rust_verify_test::ProveBFSMtEph chap54_bfsmteph_top_down_loop
        PASS [   1.781s] rust_verify_test::ProveBFSMtEph chap54_bfsmteph_bottom_up_loop
        PASS [   1.461s] rust_verify_test::ProveBFSStEph chap54_bfssteph_bottom_up_loop
        PASS [   1.624s] rust_verify_test::ProveBFSStEph chap54_bfssteph_top_down_loop
        PASS [   1.664s] rust_verify_test::ProveBalBinTreeStEph balbintree_for_inorder
        PASS [   1.464s] rust_verify_test::ProveBalBinTreeStEph balbintree_for_postorder
        PASS [   1.670s] rust_verify_test::ProveBalBinTreeStEph balbintree_for_preorder
        PASS [   1.419s] rust_verify_test::ProveBalBinTreeStEph balbintree_inorder_spec_match
        PASS [   1.652s] rust_verify_test::ProveBalBinTreeStEph balbintree_leaf_iter_exhausted
        PASS [   1.687s] rust_verify_test::ProveBalBinTreeStEph balbintree_leaf_traversals_empty
        PASS [   1.641s] rust_verify_test::ProveBalBinTreeStEph balbintree_loop_inorder
        PASS [   1.729s] rust_verify_test::ProveBalBinTreeStEph balbintree_loop_postorder
        PASS [   1.446s] rust_verify_test::ProveBalBinTreeStEph balbintree_loop_preorder
        PASS [   1.379s] rust_verify_test::ProveBalBinTreeStEph balbintree_postorder_spec_match
        PASS [   1.461s] rust_verify_test::ProveBalBinTreeStEph balbintree_preorder_spec_match
        PASS [   1.727s] rust_verify_test::ProveChap19ArraySeqMtEph chap19_arrayseqmteph_for_borrow_into
        PASS [   1.549s] rust_verify_test::ProveChap19ArraySeqMtEph chap19_arrayseqmteph_for_borrow_iter
        PASS [   1.625s] rust_verify_test::ProveChap19ArraySeqMtEph chap19_arrayseqmteph_for_consume
        PASS [   1.469s] rust_verify_test::ProveChap19ArraySeqMtEph chap19_arrayseqmteph_loop_borrow_iter
        PASS [   1.654s] rust_verify_test::ProveChap19ArraySeqMtEph chap19_arrayseqmteph_loop_borrow_into
        PASS [   1.685s] rust_verify_test::ProveChap19ArraySeqMtEph chap19_arrayseqmteph_loop_consume
        PASS [   1.464s] rust_verify_test::ProveChap19ArraySeqMtEphSlice slice_for_borrow_into
        PASS [   1.766s] rust_verify_test::ProveChap19ArraySeqMtEphSlice slice_for_borrow_iter
        PASS [   1.621s] rust_verify_test::ProveChap19ArraySeqMtEphSlice slice_iter_over_subslice
        PASS [   1.476s] rust_verify_test::ProveChap19ArraySeqMtEphSlice slice_operations
        PASS [   1.905s] rust_verify_test::ProveChap19ArraySeqMtEphSlice slice_loop_borrow_iter
        PASS [   1.693s] rust_verify_test::ProveChap19ArraySeqStEph chap19_arrayseqsteph_for_borrow_into
        PASS [   1.496s] rust_verify_test::ProveChap19ArraySeqStEph chap19_arrayseqsteph_for_borrow_iter
        PASS [   1.406s] rust_verify_test::ProveChap19ArraySeqStEph chap19_arrayseqsteph_for_consume
        PASS [   1.652s] rust_verify_test::ProveChap19ArraySeqStEph chap19_arrayseqsteph_loop_borrow_into
        PASS [   1.574s] rust_verify_test::ProveChap19ArraySeqStEph chap19_arrayseqsteph_loop_borrow_iter
        PASS [   1.851s] rust_verify_test::ProveChap19ArraySeqStEph chap19_arrayseqsteph_loop_consume
        PASS [   1.562s] rust_verify_test::ProveChap19ArraySeqStPer chap19_arrayseqstper_for_borrow_into
        PASS [   1.588s] rust_verify_test::ProveChap19ArraySeqStPer chap19_arrayseqstper_for_borrow_iter
        PASS [   1.500s] rust_verify_test::ProveChap19ArraySeqStPer chap19_arrayseqstper_for_consume
        PASS [   1.509s] rust_verify_test::ProveChap19ArraySeqStPer chap19_arrayseqstper_loop_borrow_iter
        PASS [   1.735s] rust_verify_test::ProveChap19ArraySeqStPer chap19_arrayseqstper_loop_borrow_into
        PASS [   1.513s] rust_verify_test::ProveChap19ArraySeqStPer chap19_arrayseqstper_loop_consume
        PASS [   1.549s] rust_verify_test::ProveKleeneStPer kleene_alphabet
        PASS [   1.447s] rust_verify_test::ProveKleeneStPer kleene_mem_plus
        PASS [   1.768s] rust_verify_test::ProveKleeneStPer kleene_mem_star
        PASS [   1.720s] rust_verify_test::ProveLinkedListStEph linkedliststeph_for_iter
        PASS [   1.534s] rust_verify_test::ProveLinkedListStEph linkedliststeph_loop_loop
        PASS [   1.628s] rust_verify_test::ProveLinkedListStPer linkedliststper_loop_loop
        PASS [   1.791s] rust_verify_test::ProveLinkedListStPer linkedliststper_for_iter
        PASS [   1.547s] rust_verify_test::ProveMathSeq mathseq_for_borrow_into
        PASS [   1.610s] rust_verify_test::ProveMathSeq mathseq_for_borrow_iter
        PASS [   1.586s] rust_verify_test::ProveMathSeq mathseq_for_consume
        PASS [   1.913s] rust_verify_test::ProveMathSeq mathseq_loop_borrow_into
        PASS [   1.888s] rust_verify_test::ProveMathSeq mathseq_loop_consume
        PASS [   2.005s] rust_verify_test::ProveMathSeq mathseq_loop_borrow_iter
        PASS [   2.007s] rust_verify_test::ProveOrderedTableStPer chap43_orderedtablestper_loop_borrow_into
        PASS [   2.396s] rust_verify_test::ProveOrderedTableStPer chap43_orderedtablestper_loop_borrow_iter
        PASS [   2.454s] rust_verify_test::ProvePrimTreeSeqStPer primtreeseq_for_borrow_into
        PASS [   2.157s] rust_verify_test::ProvePrimTreeSeqStPer primtreeseq_for_borrow_iter
        PASS [   2.377s] rust_verify_test::ProvePrimTreeSeqStPer primtreeseq_for_consume
        PASS [   2.474s] rust_verify_test::ProvePrimTreeSeqStPer primtreeseq_loop_borrow_into
        PASS [   2.643s] rust_verify_test::ProvePrimTreeSeqStPer primtreeseq_loop_borrow_iter
        PASS [   2.339s] rust_verify_test::ProvePrimTreeSeqStPer primtreeseq_loop_consume
        PASS [   2.730s] rust_verify_test::ProveSetMtEph set_mt_eph_for_borrow_iter
        PASS [   3.029s] rust_verify_test::ProveSetMtEph set_mt_eph_for_borrow_into
        PASS [   2.490s] rust_verify_test::ProveSetMtEph set_mt_eph_loop_borrow_iter
        PASS [   2.561s] rust_verify_test::Provedeep_view_standard deep_view_standard_for_borrow_into
        PASS [   2.569s] rust_verify_test::Provedeep_view_standard deep_view_standard_for_borrow_iter
        PASS [   2.525s] rust_verify_test::Provedeep_view_standard deep_view_standard_for_consume
        PASS [   2.532s] rust_verify_test::Provedeep_view_standard deep_view_standard_loop_borrow_into
        PASS [   2.325s] rust_verify_test::Provedeep_view_standard deep_view_standard_loop_borrow_iter
        PASS [   2.244s] rust_verify_test::Provedeep_view_standard deep_view_standard_loop_consume
        PASS [   2.451s] rust_verify_test::Provedeep_view_standard deep_view_standard_simple
        PASS [   2.282s] rust_verify_test::Proveiterators_standard iterators_standard_for_borrow_into
        PASS [   2.388s] rust_verify_test::Proveiterators_standard iterators_standard_for_borrow_iter
        PASS [   2.433s] rust_verify_test::Proveiterators_standard iterators_standard_for_consume
        PASS [   2.610s] rust_verify_test::Proveiterators_standard iterators_standard_loop_borrow_into
        PASS [   2.639s] rust_verify_test::Proveiterators_standard iterators_standard_loop_borrow_iter
        PASS [   2.516s] rust_verify_test::Provemod_standard mod_standard_for_borrow_into
        PASS [   2.653s] rust_verify_test::Proveiterators_standard iterators_standard_loop_consume
        PASS [   2.307s] rust_verify_test::Provemod_standard mod_standard_for_borrow_iter
        PASS [   2.424s] rust_verify_test::Provemod_standard mod_standard_for_consume
        PASS [   2.379s] rust_verify_test::Provemod_standard mod_standard_loop_borrow_iter
        PASS [   2.627s] rust_verify_test::Provemod_standard mod_standard_loop_borrow_into
        PASS [   2.484s] rust_verify_test::Provemod_standard mod_standard_loop_consume
        PASS [   2.589s] rust_verify_test::Provetable_of_contents_standard toc_standard_for_borrow_into
        PASS [   2.360s] rust_verify_test::Provetable_of_contents_standard toc_standard_for_borrow_iter
        PASS [   2.502s] rust_verify_test::Provetable_of_contents_standard toc_standard_for_consume
        PASS [   2.540s] rust_verify_test::Provetable_of_contents_standard toc_standard_loop_borrow_into
        PASS [   2.577s] rust_verify_test::Provetable_of_contents_standard toc_standard_loop_borrow_iter
        PASS [   2.478s] rust_verify_test::Provetable_of_contents_standard toc_standard_loop_consume
        PASS [   2.447s] rust_verify_test::Proveusing_closures_standard closures_ghost_spec_fn
        PASS [   2.271s] rust_verify_test::Proveusing_closures_standard closures_inline_requires_ensures
        PASS [   2.352s] rust_verify_test::Proveusing_closures_standard closures_let_bind_ensures
        PASS [   2.389s] rust_verify_test::Proveview_standard view_standard_collection
        PASS [   2.470s] rust_verify_test::Proveusing_closures_standard closures_map_apply
        PASS [   2.566s] rust_verify_test::Proveview_standard view_standard_for_borrow_into
        PASS [   2.713s] rust_verify_test::Proveview_standard view_standard_for_borrow_iter
        PASS [   2.562s] rust_verify_test::Proveview_standard view_standard_for_consume
        PASS [   2.853s] rust_verify_test::Proveview_standard view_standard_loop_borrow_into
        PASS [   2.696s] rust_verify_test::Proveview_standard view_standard_loop_borrow_iter
        PASS [   2.668s] rust_verify_test::Proveview_standard view_standard_loop_consume
        PASS [   2.502s] rust_verify_test::Proveview_standard view_standard_simple
        PASS [   2.529s] rust_verify_test::Provewrapping_iterators_standard wrapping_for_borrow_into
        PASS [   2.918s] rust_verify_test::Provewrapping_iterators_standard wrapping_for_borrow_iter
        PASS [   3.134s] rust_verify_test::Provewrapping_iterators_standard wrapping_loop_borrow_into
        PASS [   2.898s] rust_verify_test::Provewrapping_iterators_standard wrapping_loop_borrow_iter
        PASS [   2.926s] rust_verify_test::RelationStEph relation_st_eph_for_iter
        PASS [   2.812s] rust_verify_test::RelationStEph relation_st_eph_loop_loop
        PASS [   2.766s] rust_verify_test::SetMtEph set_mt_eph_for_iter
        PASS [   2.738s] rust_verify_test::SetMtEph set_mt_eph_from_vec
        PASS [   2.751s] rust_verify_test::SetMtEph set_mt_eph_loop_loop
        PASS [   2.786s] rust_verify_test::SetStEph set_st_eph_for_iter
        PASS [   2.799s] rust_verify_test::SetStEph set_st_eph_from_vec
        PASS [   2.789s] rust_verify_test::SetStEph set_st_eph_loop_loop
        PASS [   2.614s] rust_verify_test::prove_MathSeq_iters mathseq_iter_consuming
        PASS [   2.663s] rust_verify_test::prove_MathSeq_iters mathseq_iter_nested
        PASS [   2.359s] rust_verify_test::prove_MathSeq_iters mathseq_iter_range
────────────
     Summary [  50.217s] 145 tests run: 145 passed, 0 skipped
Elapsed: 138s
