verification results:: 4810 verified, 0 errors
   Compiling rust_verify_test v0.1.0 (/home/milnes/projects/APAS-VERUS-agent2/rust_verify_test)
    Finished `release` profile [optimized] target(s) in 1.57s
────────────
 Nextest run ID 62730623-f234-4dbe-a4c4-4bc14632cd9c with nextest profile: default
    Starting 157 tests across 37 binaries
        PASS [   2.246s] rust_verify_test::HashMapWithViewPlus hash_map_wvp_for_iter
        PASS [   2.248s] rust_verify_test::HashSetWithViewPlus hash_set_wvp_loop_loop
        PASS [   2.380s] rust_verify_test::HashSetWithViewPlus hash_set_wvp_for_iter
        PASS [   2.382s] rust_verify_test::HashMapWithViewPlus hash_map_wvp_loop_loop
        PASS [   2.570s] rust_verify_test::MappingStEph mapping_st_eph_loop_loop
        PASS [   2.574s] rust_verify_test::MappingStEph mapping_st_eph_for_iter
        PASS [   2.306s] rust_verify_test::ProveAVLTreeSetMtEph avltreesetmteph_for_borrow_iter
        PASS [   2.468s] rust_verify_test::ProveAVLTreeSeq avltreeseq_for_borrow_iter
        PASS [   2.431s] rust_verify_test::ProveAVLTreeSetMtEph avltreesetmteph_for_borrow_into
        PASS [   2.256s] rust_verify_test::ProveArraySeq arrayseq_filter
        PASS [   2.600s] rust_verify_test::ProveAVLTreeSeq avltreeseq_loop_borrow_iter
        PASS [   2.290s] rust_verify_test::ProveAVLTreeSetMtEph avltreesetmteph_loop_borrow_iter
        PASS [   2.322s] rust_verify_test::ProveArraySeq arrayseq_iterate
        PASS [   2.219s] rust_verify_test::ProveArraySeq arrayseq_loop_loop
        PASS [   2.206s] rust_verify_test::ProveArraySeq arrayseq_map
        PASS [   2.334s] rust_verify_test::ProveArraySeq arrayseq_iterate_prefixes
        PASS [   2.487s] rust_verify_test::ProveArraySeq arrayseq_for_iter
        PASS [   2.497s] rust_verify_test::ProveArraySeq arrayseq_reduce
        PASS [   1.990s] rust_verify_test::ProveArraySeq arrayseq_tabulate
        PASS [   2.230s] rust_verify_test::ProveArraySeqMtEph arrayseqmteph_for_iter
        PASS [   2.430s] rust_verify_test::ProveArraySeq arrayseq_scan_inclusive
        PASS [   2.345s] rust_verify_test::ProveArraySeqMtEph arrayseqmteph_loop_loop
        PASS [   2.499s] rust_verify_test::ProveArraySeq arrayseq_scan
        PASS [   2.288s] rust_verify_test::ProveArraySeqMtPer arrayseqmtper_for_iter
        PASS [   2.207s] rust_verify_test::ProveArraySeqMtPer arrayseqmtper_loop_loop
        PASS [   2.340s] rust_verify_test::ProveArraySeqStEph arrayseqsteph_for_borrow_into
        PASS [   2.307s] rust_verify_test::ProveArraySeqStEph arrayseqsteph_for_borrow_iter
        PASS [   2.338s] rust_verify_test::ProveArraySeqStEph arrayseqsteph_for_consume
        PASS [   2.298s] rust_verify_test::ProveArraySeqStEph arrayseqsteph_loop_borrow_iter
        PASS [   2.425s] rust_verify_test::ProveArraySeqStEph arrayseqsteph_loop_borrow_into
        PASS [   2.129s] rust_verify_test::ProveArraySeqStEph arrayseqsteph_loop_consume
        PASS [   2.189s] rust_verify_test::ProveBFSMtEph chap54_bfsmteph_top_down_loop
        PASS [   2.439s] rust_verify_test::ProveArraySeqStPer arrayseqstper_for_iter
        PASS [   2.306s] rust_verify_test::ProveBFSMtEph chap54_bfsmteph_bottom_up_loop
        PASS [   2.399s] rust_verify_test::ProveArraySeqStPer arrayseqstper_loop_loop
        PASS [   2.327s] rust_verify_test::ProveBFSStEph chap54_bfssteph_bottom_up_loop
        PASS [   2.164s] rust_verify_test::ProveBFSStEph chap54_bfssteph_top_down_loop
        PASS [   2.059s] rust_verify_test::ProveBalBinTreeStEph balbintree_inorder_spec_match
        PASS [   2.081s] rust_verify_test::ProveBalBinTreeStEph balbintree_leaf_iter_exhausted
        PASS [   2.315s] rust_verify_test::ProveBalBinTreeStEph balbintree_for_preorder
        PASS [   2.409s] rust_verify_test::ProveBalBinTreeStEph balbintree_for_inorder
        PASS [   2.424s] rust_verify_test::ProveBalBinTreeStEph balbintree_for_postorder
        PASS [   2.355s] rust_verify_test::ProveBalBinTreeStEph balbintree_leaf_traversals_empty
        PASS [   2.219s] rust_verify_test::ProveBalBinTreeStEph balbintree_loop_inorder
        PASS [   2.233s] rust_verify_test::ProveBalBinTreeStEph balbintree_loop_postorder
        PASS [   2.306s] rust_verify_test::ProveBalBinTreeStEph balbintree_loop_preorder
        PASS [   2.216s] rust_verify_test::ProveBalBinTreeStEph balbintree_preorder_spec_match
        PASS [   2.350s] rust_verify_test::ProveBalBinTreeStEph balbintree_postorder_spec_match
        PASS [   2.141s] rust_verify_test::ProveChap19ArraySeqMtEph chap19_arrayseqmteph_for_borrow_into
        PASS [   2.159s] rust_verify_test::ProveChap19ArraySeqMtEph chap19_arrayseqmteph_for_borrow_iter
        PASS [   2.151s] rust_verify_test::ProveChap19ArraySeqMtEph chap19_arrayseqmteph_loop_borrow_into
        PASS [   2.475s] rust_verify_test::ProveChap19ArraySeqMtEph chap19_arrayseqmteph_for_consume
        PASS [   2.299s] rust_verify_test::ProveChap19ArraySeqMtEph chap19_arrayseqmteph_loop_borrow_iter
        PASS [   2.215s] rust_verify_test::ProveChap19ArraySeqMtEph chap19_arrayseqmteph_loop_consume
        PASS [   2.221s] rust_verify_test::ProveChap19ArraySeqMtEphSlice slice_for_borrow_into
        PASS [   2.213s] rust_verify_test::ProveChap19ArraySeqMtEphSlice slice_for_borrow_iter
        PASS [   2.081s] rust_verify_test::ProveChap19ArraySeqStEph chap19_arrayseqsteph_for_borrow_into
        PASS [   2.147s] rust_verify_test::ProveChap19ArraySeqMtEphSlice slice_operations
        PASS [   2.197s] rust_verify_test::ProveChap19ArraySeqMtEphSlice slice_loop_borrow_iter
        PASS [   2.444s] rust_verify_test::ProveChap19ArraySeqMtEphSlice slice_iter_over_subslice
        PASS [   2.172s] rust_verify_test::ProveChap19ArraySeqStEph chap19_arrayseqsteph_for_borrow_iter
        PASS [   2.121s] rust_verify_test::ProveChap19ArraySeqStEph chap19_arrayseqsteph_for_consume
        PASS [   2.015s] rust_verify_test::ProveChap19ArraySeqStEph chap19_arrayseqsteph_loop_borrow_iter
        PASS [   2.042s] rust_verify_test::ProveChap19ArraySeqStPer chap19_arrayseqstper_for_borrow_into
        PASS [   2.171s] rust_verify_test::ProveChap19ArraySeqStEph chap19_arrayseqsteph_loop_consume
        PASS [   2.276s] rust_verify_test::ProveChap19ArraySeqStEph chap19_arrayseqsteph_loop_borrow_into
        PASS [   2.037s] rust_verify_test::ProveChap19ArraySeqStPer chap19_arrayseqstper_for_borrow_iter
        PASS [   1.843s] rust_verify_test::ProveChap19ArraySeqStPer chap19_arrayseqstper_for_consume
        PASS [   1.947s] rust_verify_test::ProveChap19ArraySeqStPer chap19_arrayseqstper_loop_borrow_into
        PASS [   1.854s] rust_verify_test::ProveKleeneStPer kleene_alphabet
        PASS [   2.039s] rust_verify_test::ProveChap19ArraySeqStPer chap19_arrayseqstper_loop_borrow_iter
        PASS [   2.155s] rust_verify_test::ProveChap19ArraySeqStPer chap19_arrayseqstper_loop_consume
        PASS [   1.697s] rust_verify_test::ProveKleeneStPer kleene_mem_plus
        PASS [   1.763s] rust_verify_test::ProveKleeneStPer kleene_mem_star
        PASS [   1.625s] rust_verify_test::ProveLinkedListStEph linkedliststeph_loop_loop
        PASS [   1.738s] rust_verify_test::ProveLinkedListStEph linkedliststeph_for_iter
        PASS [   1.607s] rust_verify_test::ProveLinkedListStPer linkedliststper_for_iter
        PASS [   1.605s] rust_verify_test::ProveLinkedListStPer linkedliststper_loop_loop
        PASS [   1.548s] rust_verify_test::ProveMathSeq mathseq_for_borrow_into
        PASS [   1.745s] rust_verify_test::ProveMathSeq mathseq_for_borrow_iter
        PASS [   1.628s] rust_verify_test::ProveMathSeq mathseq_loop_borrow_into
        PASS [   1.502s] rust_verify_test::ProveMathSeq mathseq_loop_borrow_iter
        PASS [   1.849s] rust_verify_test::ProveMathSeq mathseq_for_consume
        PASS [   1.641s] rust_verify_test::ProveMathSeq mathseq_loop_consume
        PASS [   1.797s] rust_verify_test::ProveOrderedSetStEph chap43_orderedsetsteph_for_borrow_into
        PASS [   1.560s] rust_verify_test::ProveOrderedSetStEph chap43_orderedsetsteph_for_borrow_iter
        PASS [   1.620s] rust_verify_test::ProveOrderedSetStEph chap43_orderedsetsteph_loop_borrow_iter
        PASS [   1.670s] rust_verify_test::ProveOrderedSetStEph chap43_orderedsetsteph_loop_borrow_into
        PASS [   1.842s] rust_verify_test::ProveOrderedTableStEph chap43_orderedtablesteph_for_borrow_iter
        PASS [   2.019s] rust_verify_test::ProveOrderedTableStEph chap43_orderedtablesteph_for_borrow_into
        PASS [   1.660s] rust_verify_test::ProveOrderedTableStEph chap43_orderedtablesteph_loop_borrow_into
        PASS [   1.618s] rust_verify_test::ProveOrderedTableStEph chap43_orderedtablesteph_loop_borrow_iter
        PASS [   1.620s] rust_verify_test::ProveOrderedTableStPer chap43_orderedtablestper_for_borrow_iter
        PASS [   1.798s] rust_verify_test::ProveOrderedTableStPer chap43_orderedtablestper_for_borrow_into
        PASS [   1.648s] rust_verify_test::ProveOrderedTableStPer chap43_orderedtablestper_loop_borrow_iter
        PASS [   1.840s] rust_verify_test::ProveOrderedTableStPer chap43_orderedtablestper_loop_borrow_into
        PASS [   1.453s] rust_verify_test::ProvePrimTreeSeqStPer primtreeseq_for_borrow_into
        PASS [   1.604s] rust_verify_test::ProvePrimTreeSeqStPer primtreeseq_for_borrow_iter
        PASS [   1.522s] rust_verify_test::ProvePrimTreeSeqStPer primtreeseq_for_consume
        PASS [   1.575s] rust_verify_test::ProvePrimTreeSeqStPer primtreeseq_loop_borrow_into
        PASS [   1.559s] rust_verify_test::ProvePrimTreeSeqStPer primtreeseq_loop_consume
        PASS [   1.663s] rust_verify_test::ProvePrimTreeSeqStPer primtreeseq_loop_borrow_iter
        PASS [   1.800s] rust_verify_test::ProveSetMtEph set_mt_eph_for_borrow_into
        PASS [   1.825s] rust_verify_test::ProveSetMtEph set_mt_eph_for_borrow_iter
        PASS [   1.583s] rust_verify_test::ProveSetMtEph set_mt_eph_loop_borrow_iter
        PASS [   1.750s] rust_verify_test::Provedeep_view_standard deep_view_standard_for_borrow_into
        PASS [   1.532s] rust_verify_test::Provedeep_view_standard deep_view_standard_for_consume
        PASS [   1.629s] rust_verify_test::Provedeep_view_standard deep_view_standard_for_borrow_iter
        PASS [   1.588s] rust_verify_test::Provedeep_view_standard deep_view_standard_loop_borrow_into
        PASS [   1.489s] rust_verify_test::Provedeep_view_standard deep_view_standard_loop_borrow_iter
        PASS [   1.500s] rust_verify_test::Provedeep_view_standard deep_view_standard_loop_consume
        PASS [   1.492s] rust_verify_test::Provedeep_view_standard deep_view_standard_simple
        PASS [   1.582s] rust_verify_test::Proveiterators_standard iterators_standard_for_borrow_iter
        PASS [   1.672s] rust_verify_test::Proveiterators_standard iterators_standard_for_borrow_into
        PASS [   1.548s] rust_verify_test::Proveiterators_standard iterators_standard_for_consume
        PASS [   1.428s] rust_verify_test::Proveiterators_standard iterators_standard_loop_borrow_into
        PASS [   1.673s] rust_verify_test::Proveiterators_standard iterators_standard_loop_borrow_iter
        PASS [   1.459s] rust_verify_test::Proveiterators_standard iterators_standard_loop_consume
        PASS [   1.463s] rust_verify_test::Provemod_standard mod_standard_for_borrow_into
        PASS [   1.559s] rust_verify_test::Provemod_standard mod_standard_for_borrow_iter
        PASS [   1.479s] rust_verify_test::Provemod_standard mod_standard_for_consume
        PASS [   1.607s] rust_verify_test::Provemod_standard mod_standard_loop_borrow_into
        PASS [   1.399s] rust_verify_test::Provemod_standard mod_standard_loop_borrow_iter
        PASS [   1.661s] rust_verify_test::Provemod_standard mod_standard_loop_consume
        PASS [   1.487s] rust_verify_test::Provetable_of_contents_standard toc_standard_for_borrow_into
        PASS [   1.599s] rust_verify_test::Provetable_of_contents_standard toc_standard_for_borrow_iter
        PASS [   1.601s] rust_verify_test::Provetable_of_contents_standard toc_standard_for_consume
        PASS [   1.569s] rust_verify_test::Provetable_of_contents_standard toc_standard_loop_borrow_into
        PASS [   1.471s] rust_verify_test::Provetable_of_contents_standard toc_standard_loop_borrow_iter
        PASS [   1.415s] rust_verify_test::Provetable_of_contents_standard toc_standard_loop_consume
        PASS [   1.534s] rust_verify_test::Proveusing_closures_standard closures_ghost_spec_fn
        PASS [   1.419s] rust_verify_test::Proveusing_closures_standard closures_inline_requires_ensures
        PASS [   1.455s] rust_verify_test::Proveusing_closures_standard closures_let_bind_ensures
        PASS [   1.478s] rust_verify_test::Proveview_standard view_standard_collection
        PASS [   1.727s] rust_verify_test::Proveusing_closures_standard closures_map_apply
        PASS [   1.446s] rust_verify_test::Proveview_standard view_standard_for_borrow_into
        PASS [   1.514s] rust_verify_test::Proveview_standard view_standard_for_borrow_iter
        PASS [   1.493s] rust_verify_test::Proveview_standard view_standard_for_consume
        PASS [   1.648s] rust_verify_test::Proveview_standard view_standard_loop_borrow_into
        PASS [   1.577s] rust_verify_test::Proveview_standard view_standard_loop_borrow_iter
        PASS [   1.564s] rust_verify_test::Proveview_standard view_standard_loop_consume
        PASS [   1.517s] rust_verify_test::Proveview_standard view_standard_simple
        PASS [   1.499s] rust_verify_test::Provewrapping_iterators_standard wrapping_for_borrow_into
        PASS [   1.570s] rust_verify_test::Provewrapping_iterators_standard wrapping_for_borrow_iter
        PASS [   1.528s] rust_verify_test::Provewrapping_iterators_standard wrapping_loop_borrow_into
        PASS [   1.559s] rust_verify_test::Provewrapping_iterators_standard wrapping_loop_borrow_iter
        PASS [   1.565s] rust_verify_test::RelationStEph relation_st_eph_loop_loop
        PASS [   1.697s] rust_verify_test::RelationStEph relation_st_eph_for_iter
        PASS [   1.504s] rust_verify_test::SetMtEph set_mt_eph_from_vec
        PASS [   1.701s] rust_verify_test::SetMtEph set_mt_eph_for_iter
        PASS [   1.495s] rust_verify_test::SetMtEph set_mt_eph_loop_loop
        PASS [   1.567s] rust_verify_test::SetStEph set_st_eph_for_iter
        PASS [   1.574s] rust_verify_test::SetStEph set_st_eph_from_vec
        PASS [   1.539s] rust_verify_test::SetStEph set_st_eph_loop_loop
        PASS [   1.433s] rust_verify_test::prove_MathSeq_iters mathseq_iter_consuming
        PASS [   1.461s] rust_verify_test::prove_MathSeq_iters mathseq_iter_nested
        PASS [   1.336s] rust_verify_test::prove_MathSeq_iters mathseq_iter_range
────────────
     Summary [  50.107s] 157 tests run: 157 passed, 0 skipped
Elapsed: 188s
