verification results:: 4814 verified, 0 errors
    Finished `release` profile [optimized] target(s) in 0.04s
────────────
 Nextest run ID 32e43dcf-b0c7-44cd-8cf1-5bfb675d5051 with nextest profile: default
    Starting 157 tests across 37 binaries
        PASS [   1.591s] rust_verify_test::HashSetWithViewPlus hash_set_wvp_for_iter
        PASS [   1.627s] rust_verify_test::HashSetWithViewPlus hash_set_wvp_loop_loop
        PASS [   1.666s] rust_verify_test::HashMapWithViewPlus hash_map_wvp_loop_loop
        PASS [   1.748s] rust_verify_test::HashMapWithViewPlus hash_map_wvp_for_iter
        PASS [   1.765s] rust_verify_test::MappingStEph mapping_st_eph_loop_loop
        PASS [   2.300s] rust_verify_test::MappingStEph mapping_st_eph_for_iter
        PASS [   1.747s] rust_verify_test::ProveAVLTreeSetMtEph avltreesetmteph_for_borrow_into
        PASS [   1.799s] rust_verify_test::ProveAVLTreeSeq avltreeseq_loop_borrow_iter
        PASS [   1.680s] rust_verify_test::ProveAVLTreeSetMtEph avltreesetmteph_loop_borrow_iter
        PASS [   1.888s] rust_verify_test::ProveAVLTreeSeq avltreeseq_for_borrow_iter
        PASS [   1.751s] rust_verify_test::ProveAVLTreeSetMtEph avltreesetmteph_for_borrow_iter
        PASS [   1.635s] rust_verify_test::ProveArraySeq arrayseq_filter
        PASS [   1.542s] rust_verify_test::ProveArraySeq arrayseq_map
        PASS [   1.712s] rust_verify_test::ProveArraySeq arrayseq_iterate
        PASS [   1.694s] rust_verify_test::ProveArraySeq arrayseq_iterate_prefixes
        PASS [   1.749s] rust_verify_test::ProveArraySeq arrayseq_for_iter
        PASS [   1.724s] rust_verify_test::ProveArraySeq arrayseq_loop_loop
        PASS [   1.782s] rust_verify_test::ProveArraySeq arrayseq_reduce
        PASS [   1.433s] rust_verify_test::ProveArraySeq arrayseq_tabulate
        PASS [   1.572s] rust_verify_test::ProveArraySeqMtEph arrayseqmteph_loop_loop
        PASS [   1.649s] rust_verify_test::ProveArraySeqMtEph arrayseqmteph_for_iter
        PASS [   1.821s] rust_verify_test::ProveArraySeq arrayseq_scan_inclusive
        PASS [   2.160s] rust_verify_test::ProveArraySeq arrayseq_scan
        PASS [   1.613s] rust_verify_test::ProveArraySeqMtPer arrayseqmtper_for_iter
        PASS [   1.610s] rust_verify_test::ProveArraySeqMtPer arrayseqmtper_loop_loop
        PASS [   1.606s] rust_verify_test::ProveArraySeqStEph arrayseqsteph_for_borrow_iter
        PASS [   1.668s] rust_verify_test::ProveArraySeqStEph arrayseqsteph_for_borrow_into
        PASS [   1.875s] rust_verify_test::ProveArraySeqStEph arrayseqsteph_for_consume
        PASS [   1.864s] rust_verify_test::ProveArraySeqStEph arrayseqsteph_loop_borrow_into
        PASS [   1.856s] rust_verify_test::ProveArraySeqStEph arrayseqsteph_loop_borrow_iter
        PASS [   1.606s] rust_verify_test::ProveArraySeqStEph arrayseqsteph_loop_consume
        PASS [   1.629s] rust_verify_test::ProveArraySeqStPer arrayseqstper_loop_loop
        PASS [   1.793s] rust_verify_test::ProveArraySeqStPer arrayseqstper_for_iter
        PASS [   1.584s] rust_verify_test::ProveBFSMtEph chap54_bfsmteph_bottom_up_loop
        PASS [   1.533s] rust_verify_test::ProveBFSMtEph chap54_bfsmteph_top_down_loop
        PASS [   1.576s] rust_verify_test::ProveBFSStEph chap54_bfssteph_bottom_up_loop
        PASS [   1.593s] rust_verify_test::ProveBFSStEph chap54_bfssteph_top_down_loop
        PASS [   1.549s] rust_verify_test::ProveBalBinTreeStEph balbintree_for_inorder
        PASS [   1.678s] rust_verify_test::ProveBalBinTreeStEph balbintree_for_postorder
        PASS [   1.862s] rust_verify_test::ProveBalBinTreeStEph balbintree_for_preorder
        PASS [   1.782s] rust_verify_test::ProveBalBinTreeStEph balbintree_inorder_spec_match
        PASS [   1.743s] rust_verify_test::ProveBalBinTreeStEph balbintree_leaf_iter_exhausted
        PASS [   1.650s] rust_verify_test::ProveBalBinTreeStEph balbintree_leaf_traversals_empty
        PASS [   1.715s] rust_verify_test::ProveBalBinTreeStEph balbintree_loop_inorder
        PASS [   1.750s] rust_verify_test::ProveBalBinTreeStEph balbintree_loop_postorder
        PASS [   1.666s] rust_verify_test::ProveBalBinTreeStEph balbintree_loop_preorder
        PASS [   1.775s] rust_verify_test::ProveBalBinTreeStEph balbintree_preorder_spec_match
        PASS [   2.043s] rust_verify_test::ProveBalBinTreeStEph balbintree_postorder_spec_match
        PASS [   1.649s] rust_verify_test::ProveChap19ArraySeqMtEph chap19_arrayseqmteph_for_borrow_into
        PASS [   1.549s] rust_verify_test::ProveChap19ArraySeqMtEph chap19_arrayseqmteph_for_borrow_iter
        PASS [   1.638s] rust_verify_test::ProveChap19ArraySeqMtEph chap19_arrayseqmteph_for_consume
        PASS [   1.711s] rust_verify_test::ProveChap19ArraySeqMtEph chap19_arrayseqmteph_loop_borrow_into
        PASS [   1.626s] rust_verify_test::ProveChap19ArraySeqMtEph chap19_arrayseqmteph_loop_consume
        PASS [   1.859s] rust_verify_test::ProveChap19ArraySeqMtEph chap19_arrayseqmteph_loop_borrow_iter
        PASS [   1.679s] rust_verify_test::ProveChap19ArraySeqMtEphSlice slice_for_borrow_into
        PASS [   1.644s] rust_verify_test::ProveChap19ArraySeqMtEphSlice slice_for_borrow_iter
        PASS [   1.786s] rust_verify_test::ProveChap19ArraySeqMtEphSlice slice_iter_over_subslice
        PASS [   1.928s] rust_verify_test::ProveChap19ArraySeqMtEphSlice slice_loop_borrow_iter
        PASS [   1.721s] rust_verify_test::ProveChap19ArraySeqMtEphSlice slice_operations
        PASS [   2.092s] rust_verify_test::ProveChap19ArraySeqStEph chap19_arrayseqsteph_for_borrow_into
        PASS [   1.925s] rust_verify_test::ProveChap19ArraySeqStEph chap19_arrayseqsteph_for_borrow_iter
        PASS [   1.768s] rust_verify_test::ProveChap19ArraySeqStEph chap19_arrayseqsteph_for_consume
        PASS [   1.617s] rust_verify_test::ProveChap19ArraySeqStEph chap19_arrayseqsteph_loop_borrow_into
        PASS [   1.838s] rust_verify_test::ProveChap19ArraySeqStEph chap19_arrayseqsteph_loop_borrow_iter
        PASS [   1.900s] rust_verify_test::ProveChap19ArraySeqStEph chap19_arrayseqsteph_loop_consume
        PASS [   1.838s] rust_verify_test::ProveChap19ArraySeqStPer chap19_arrayseqstper_for_borrow_into
        PASS [   2.143s] rust_verify_test::ProveChap19ArraySeqStPer chap19_arrayseqstper_for_borrow_iter
        PASS [   2.359s] rust_verify_test::ProveChap19ArraySeqStPer chap19_arrayseqstper_for_consume
        PASS [   1.988s] rust_verify_test::ProveChap19ArraySeqStPer chap19_arrayseqstper_loop_borrow_into
        PASS [   2.288s] rust_verify_test::ProveChap19ArraySeqStPer chap19_arrayseqstper_loop_borrow_iter
        PASS [   2.292s] rust_verify_test::ProveChap19ArraySeqStPer chap19_arrayseqstper_loop_consume
        PASS [   2.021s] rust_verify_test::ProveKleeneStPer kleene_alphabet
        PASS [   1.943s] rust_verify_test::ProveKleeneStPer kleene_mem_plus
        PASS [   1.879s] rust_verify_test::ProveLinkedListStEph linkedliststeph_for_iter
        PASS [   2.054s] rust_verify_test::ProveKleeneStPer kleene_mem_star
        PASS [   1.829s] rust_verify_test::ProveLinkedListStEph linkedliststeph_loop_loop
        PASS [   1.589s] rust_verify_test::ProveLinkedListStPer linkedliststper_for_iter
        PASS [   1.588s] rust_verify_test::ProveLinkedListStPer linkedliststper_loop_loop
        PASS [   1.565s] rust_verify_test::ProveMathSeq mathseq_for_borrow_into
        PASS [   1.580s] rust_verify_test::ProveMathSeq mathseq_for_borrow_iter
        PASS [   1.806s] rust_verify_test::ProveMathSeq mathseq_for_consume
        PASS [   1.851s] rust_verify_test::ProveMathSeq mathseq_loop_borrow_iter
        PASS [   1.876s] rust_verify_test::ProveMathSeq mathseq_loop_borrow_into
        PASS [   1.889s] rust_verify_test::ProveMathSeq mathseq_loop_consume
        PASS [   2.120s] rust_verify_test::ProveOrderedSetStEph chap43_orderedsetsteph_for_borrow_into
        PASS [   2.111s] rust_verify_test::ProveOrderedSetStEph chap43_orderedsetsteph_for_borrow_iter
        PASS [   2.120s] rust_verify_test::ProveOrderedSetStEph chap43_orderedsetsteph_loop_borrow_into
        PASS [   2.082s] rust_verify_test::ProveOrderedTableStEph chap43_orderedtablesteph_for_borrow_iter
        PASS [   2.343s] rust_verify_test::ProveOrderedSetStEph chap43_orderedsetsteph_loop_borrow_iter
        PASS [   2.366s] rust_verify_test::ProveOrderedTableStEph chap43_orderedtablesteph_for_borrow_into
        PASS [   2.268s] rust_verify_test::ProveOrderedTableStEph chap43_orderedtablesteph_loop_borrow_into
        PASS [   2.157s] rust_verify_test::ProveOrderedTableStEph chap43_orderedtablesteph_loop_borrow_iter
        PASS [   2.245s] rust_verify_test::ProveOrderedTableStPer chap43_orderedtablestper_for_borrow_into
        PASS [   2.209s] rust_verify_test::ProveOrderedTableStPer chap43_orderedtablestper_loop_borrow_iter
        PASS [   2.369s] rust_verify_test::ProveOrderedTableStPer chap43_orderedtablestper_for_borrow_iter
        PASS [   2.311s] rust_verify_test::ProveOrderedTableStPer chap43_orderedtablestper_loop_borrow_into
        PASS [   2.059s] rust_verify_test::ProvePrimTreeSeqStPer primtreeseq_for_borrow_into
        PASS [   2.160s] rust_verify_test::ProvePrimTreeSeqStPer primtreeseq_for_borrow_iter
        PASS [   2.056s] rust_verify_test::ProvePrimTreeSeqStPer primtreeseq_for_consume
        PASS [   2.140s] rust_verify_test::ProvePrimTreeSeqStPer primtreeseq_loop_borrow_iter
        PASS [   2.244s] rust_verify_test::ProvePrimTreeSeqStPer primtreeseq_loop_borrow_into
        PASS [   2.363s] rust_verify_test::ProvePrimTreeSeqStPer primtreeseq_loop_consume
        PASS [   2.687s] rust_verify_test::ProveSetMtEph set_mt_eph_for_borrow_into
        PASS [   2.547s] rust_verify_test::ProveSetMtEph set_mt_eph_for_borrow_iter
        PASS [   2.579s] rust_verify_test::ProveSetMtEph set_mt_eph_loop_borrow_iter
        PASS [   2.114s] rust_verify_test::Provedeep_view_standard deep_view_standard_for_borrow_into
        PASS [   2.060s] rust_verify_test::Provedeep_view_standard deep_view_standard_for_consume
        PASS [   2.266s] rust_verify_test::Provedeep_view_standard deep_view_standard_for_borrow_iter
        PASS [   2.042s] rust_verify_test::Provedeep_view_standard deep_view_standard_loop_borrow_into
        PASS [   2.190s] rust_verify_test::Provedeep_view_standard deep_view_standard_loop_borrow_iter
        PASS [   2.264s] rust_verify_test::Provedeep_view_standard deep_view_standard_loop_consume
        PASS [   1.787s] rust_verify_test::Provedeep_view_standard deep_view_standard_simple
        PASS [   2.155s] rust_verify_test::Proveiterators_standard iterators_standard_for_borrow_iter
        PASS [   2.232s] rust_verify_test::Proveiterators_standard iterators_standard_for_borrow_into
        PASS [   2.018s] rust_verify_test::Proveiterators_standard iterators_standard_for_consume
        PASS [   2.052s] rust_verify_test::Proveiterators_standard iterators_standard_loop_borrow_into
        PASS [   2.164s] rust_verify_test::Proveiterators_standard iterators_standard_loop_borrow_iter
        PASS [   2.140s] rust_verify_test::Proveiterators_standard iterators_standard_loop_consume
        PASS [   2.159s] rust_verify_test::Provemod_standard mod_standard_for_borrow_iter
        PASS [   2.382s] rust_verify_test::Provemod_standard mod_standard_for_borrow_into
        PASS [   2.263s] rust_verify_test::Provemod_standard mod_standard_for_consume
        PASS [   2.164s] rust_verify_test::Provemod_standard mod_standard_loop_borrow_into
        PASS [   1.976s] rust_verify_test::Provemod_standard mod_standard_loop_borrow_iter
        PASS [   1.949s] rust_verify_test::Provemod_standard mod_standard_loop_consume
        PASS [   2.255s] rust_verify_test::Provetable_of_contents_standard toc_standard_for_borrow_into
        PASS [   2.099s] rust_verify_test::Provetable_of_contents_standard toc_standard_for_borrow_iter
        PASS [   1.851s] rust_verify_test::Provetable_of_contents_standard toc_standard_for_consume
        PASS [   2.067s] rust_verify_test::Provetable_of_contents_standard toc_standard_loop_borrow_into
        PASS [   1.941s] rust_verify_test::Provetable_of_contents_standard toc_standard_loop_consume
        PASS [   2.238s] rust_verify_test::Provetable_of_contents_standard toc_standard_loop_borrow_iter
        PASS [   1.975s] rust_verify_test::Proveusing_closures_standard closures_inline_requires_ensures
        PASS [   2.037s] rust_verify_test::Proveusing_closures_standard closures_ghost_spec_fn
        PASS [   1.780s] rust_verify_test::Proveusing_closures_standard closures_map_apply
        PASS [   2.170s] rust_verify_test::Proveusing_closures_standard closures_let_bind_ensures
        PASS [   2.075s] rust_verify_test::Proveview_standard view_standard_collection
        PASS [   2.095s] rust_verify_test::Proveview_standard view_standard_for_borrow_into
        PASS [   1.910s] rust_verify_test::Proveview_standard view_standard_for_borrow_iter
        PASS [   1.951s] rust_verify_test::Proveview_standard view_standard_for_consume
        PASS [   2.045s] rust_verify_test::Proveview_standard view_standard_loop_borrow_iter
        PASS [   2.102s] rust_verify_test::Proveview_standard view_standard_loop_borrow_into
        PASS [   2.002s] rust_verify_test::Proveview_standard view_standard_simple
        PASS [   2.195s] rust_verify_test::Proveview_standard view_standard_loop_consume
        PASS [   2.211s] rust_verify_test::Provewrapping_iterators_standard wrapping_for_borrow_into
        PASS [   2.219s] rust_verify_test::Provewrapping_iterators_standard wrapping_for_borrow_iter
        PASS [   1.910s] rust_verify_test::Provewrapping_iterators_standard wrapping_loop_borrow_into
        PASS [   2.180s] rust_verify_test::Provewrapping_iterators_standard wrapping_loop_borrow_iter
        PASS [   2.270s] rust_verify_test::RelationStEph relation_st_eph_loop_loop
        PASS [   2.389s] rust_verify_test::RelationStEph relation_st_eph_for_iter
        PASS [   2.134s] rust_verify_test::SetMtEph set_mt_eph_for_iter
        PASS [   2.156s] rust_verify_test::SetMtEph set_mt_eph_from_vec
        PASS [   2.155s] rust_verify_test::SetMtEph set_mt_eph_loop_loop
        PASS [   2.403s] rust_verify_test::SetStEph set_st_eph_for_iter
        PASS [   2.310s] rust_verify_test::SetStEph set_st_eph_from_vec
        PASS [   2.514s] rust_verify_test::SetStEph set_st_eph_loop_loop
        PASS [   1.949s] rust_verify_test::prove_MathSeq_iters mathseq_iter_nested
        PASS [   2.102s] rust_verify_test::prove_MathSeq_iters mathseq_iter_consuming
        PASS [   1.950s] rust_verify_test::prove_MathSeq_iters mathseq_iter_range
────────────
     Summary [  51.477s] 157 tests run: 157 passed, 0 skipped
Elapsed: 147s
