   Compiling apas-verus v0.1.0 (/home/milnes/projects/APAS-VERUS-agent1)
warning: unexpected `cfg` condition value: `all_chapters`
 --> tests/Chap65/TestUnionFindStEph.rs:1:8
  |
1 | #![cfg(feature = "all_chapters")]
  |        ^^^^^^^^^^^^^^^^^^^^^^^^
  |
  = note: expected values for `feature` are: `Chap02`, `Chap03`, `Chap05`, `Chap06`, `Chap11`, `Chap12`, `Chap17`, `Chap18`, `Chap19`, `Chap21`, `Chap23`, `Chap26`, `Chap27`, `Chap28`, `Chap30`, `Chap35`, `Chap36`, `Chap37`, `Chap38`, `Chap39`, `Chap40`, `Chap41`, `Chap42`, `Chap43`, `Chap44`, `Chap45`, `Chap47`, `Chap49`, `Chap50`, `Chap51`, `Chap52`, `Chap53`, `Chap54`, `Chap55`, and `Chap56` and 12 more
  = help: consider adding `all_chapters` as a feature in `Cargo.toml`
  = note: see <https://doc.rust-lang.org/nightly/rustc/check-cfg/cargo-specifics.html> for more information about checking conditional configuration
  = note: requested on the command line with `-W unexpected-cfgs`

warning: `apas-verus` (test "TestUnionFindStEph") generated 1 warning
error: cannot find macro `SetLit` in this scope
   --> tests/Chap57/TestDijkstraStEphF64.rs:204:17
    |
204 |     let edges = SetLit![];
    |                 ^^^^^^
    |
help: consider importing this macro
    |
  5 + use apas_verus::SetLit;
    |

error: cannot find macro `SetLit` in this scope
   --> tests/Chap57/TestDijkstraStEphF64.rs:203:20
    |
203 |     let vertices = SetLit![0, 1, 2];
    |                    ^^^^^^
    |
help: consider importing this macro
    |
  5 + use apas_verus::SetLit;
    |

error: cannot find macro `SetLit` in this scope
   --> tests/Chap57/TestDijkstraStEphF64.rs:191:17
    |
191 |     let edges = SetLit![
    |                 ^^^^^^
    |
help: consider importing this macro
    |
  5 + use apas_verus::SetLit;
    |

error: cannot find macro `SetLit` in this scope
   --> tests/Chap57/TestDijkstraStEphF64.rs:190:20
    |
190 |     let vertices = SetLit![0, 1, 2];
    |                    ^^^^^^
    |
help: consider importing this macro
    |
  5 + use apas_verus::SetLit;
    |

error: cannot find macro `SetLit` in this scope
   --> tests/Chap57/TestDijkstraStEphF64.rs:178:17
    |
178 |     let edges = SetLit![
    |                 ^^^^^^
    |
help: consider importing this macro
    |
  5 + use apas_verus::SetLit;
    |

error: cannot find macro `SetLit` in this scope
   --> tests/Chap57/TestDijkstraStEphF64.rs:177:20
    |
177 |     let vertices = SetLit![0, 1, 2];
    |                    ^^^^^^
    |
help: consider importing this macro
    |
  5 + use apas_verus::SetLit;
    |

error: cannot find macro `SetLit` in this scope
   --> tests/Chap57/TestDijkstraStEphF64.rs:164:17
    |
164 |     let edges = SetLit![
    |                 ^^^^^^
    |
help: consider importing this macro
    |
  5 + use apas_verus::SetLit;
    |

error: cannot find macro `SetLit` in this scope
   --> tests/Chap57/TestDijkstraStEphF64.rs:163:20
    |
163 |     let vertices = SetLit![0, 1, 2, 3];
    |                    ^^^^^^
    |
help: consider importing this macro
    |
  5 + use apas_verus::SetLit;
    |

error: could not compile `apas-verus` (test "TestDijkstraStEphF64") due to 8 previous errors
warning: build failed, waiting for other jobs to finish...
error: command `/home/milnes/.rustup/toolchains/1.94.0-x86_64-unknown-linux-gnu/bin/cargo test --no-run --message-format json-render-diagnostics --release` exited with code 101
Elapsed: 22s
