   Compiling apas-verus v0.1.0 (/home/milnes/projects/APAS-VERUS-agent1)
error[E0432]: unresolved import `crate::Chap38::BSTParaStEph::BSTParaStEph::view_ord_consistent`
  --> src/Chap41/AVLTreeSetMtEph.rs:33:9
   |
33 |     use crate::Chap38::BSTParaStEph::BSTParaStEph::view_ord_consistent;
   |         ^^^^^^^^^^^^^^^^^^^^^^^^^^^^^^^^^^^^^^^^^^^^^^^^^^^^^^^^^^^^^^ no `view_ord_consistent` in `Chap38::BSTParaStEph::BSTParaStEph`

error[E0432]: unresolved import `crate::Chap38::BSTParaStEph::BSTParaStEph::view_ord_consistent`
 --> src/Chap41/Example41_3.rs:6:9
  |
6 |     use crate::Chap38::BSTParaStEph::BSTParaStEph::view_ord_consistent;
  |         ^^^^^^^^^^^^^^^^^^^^^^^^^^^^^^^^^^^^^^^^^^^^^^^^^^^^^^^^^^^^^^ no `view_ord_consistent` in `Chap38::BSTParaStEph::BSTParaStEph`

error[E0432]: unresolved import `crate::Chap38::BSTParaStEph::BSTParaStEph::view_ord_consistent`
  --> src/Chap53/PQMinStEph.rs:10:9
   |
10 |     use crate::Chap38::BSTParaStEph::BSTParaStEph::view_ord_consistent;
   |         ^^^^^^^^^^^^^^^^^^^^^^^^^^^^^^^^^^^^^^^^^^^^^^^^^^^^^^^^^^^^^^ no `view_ord_consistent` in `Chap38::BSTParaStEph::BSTParaStEph`

error[E0432]: unresolved import `crate::Chap38::BSTParaStEph::BSTParaStEph::view_ord_consistent`
 --> src/Chap53/GraphSearchStEph.rs:8:9
  |
8 |     use crate::Chap38::BSTParaStEph::BSTParaStEph::view_ord_consistent;
  |         ^^^^^^^^^^^^^^^^^^^^^^^^^^^^^^^^^^^^^^^^^^^^^^^^^^^^^^^^^^^^^^ no `view_ord_consistent` in `Chap38::BSTParaStEph::BSTParaStEph`

For more information about this error, try `rustc --explain E0432`.
error: could not compile `apas-verus` (lib test) due to 4 previous errors
warning: build failed, waiting for other jobs to finish...
error: could not compile `apas-verus` (lib) due to 4 previous errors
error: command `/home/milnes/.rustup/toolchains/1.94.0-x86_64-unknown-linux-gnu/bin/cargo test --no-run --message-format json-render-diagnostics --release` exited with code 101
Elapsed: 14s
