warning: unexpected `cfg` condition value: `all_chapters`
 --> tests/Chap65/TestUnionFindStEph.rs:1:8
  |
1 | #![cfg(feature = "all_chapters")]
  |        ^^^^^^^^^^^^^^^^^^^^^^^^
  |
  = note: expected values for `feature` are: `Chap02`, `Chap03`, `Chap05`, `Chap06`, `Chap11`, `Chap12`, `Chap17`, `Chap18`, `Chap19`, `Chap21`, `Chap23`, `Chap26`, `Chap27`, `Chap28`, `Chap30`, `Chap35`, `Chap36`, `Chap37`, `Chap38`, `Chap39`, `Chap40`, `Chap41`, `Chap42`, `Chap43`, `Chap44`, `Chap45`, `Chap47`, `Chap49`, `Chap50`, `Chap51`, `Chap52`, `Chap53`, `Chap54`, `Chap55`, and `Chap56` and 12 more
  = help: consider adding `all_chapters` as a feature in `Cargo.toml`
  = note: see <https://doc.rust-lang.org/nightly/rustc/check-cfg/cargo-specifics.html> for more information about checking conditional configuration
  = note: requested on the command line with `-W unexpected-cfgs`

warning: `apas-verus` (test "TestUnionFindStEph") generated 1 warning
    Finished `release` profile [optimized] target(s) in 0.08s
────────────
 Nextest run ID aac10eb5-74dd-4e4b-ac73-d9f9e9123d59 with nextest profile: default
    Starting 3529 tests across 212 binaries
        PASS [   0.002s] apas-verus::TestAVLTreeSeq test_avltreeseq_default_trait
        PASS [   0.003s] apas-verus::TestAVLTreeSeq test_avltreeseq_contains_value_comprehensive
        PASS [   0.003s] apas-verus::TestAVLTreeSeq test_avltreeseq_alternating_operations
        PASS [   0.003s] apas-verus::TestAVLTreeSeq test_avltreeseq_complex_rotation_patterns
        PASS [   0.003s] apas-verus::TestAVLTreeSeq test_avltreeseq_debug_display
        PASS [   0.002s] apas-verus::TestAVLTreeSeq test_avltreeseq_delete_value_multiple
        PASS [   0.003s] apas-verus::TestAVLTreeSeq test_avltreeseq_delete_all_elements
        PASS [   0.003s] apas-verus::TestAVLTreeSeq test_avltreeseq_empty_constructor
        PASS [   0.003s] apas-verus::TestAVLTreeSeq test_avltreeseq_empty_operations_comprehensive
        PASS [   0.003s] apas-verus::TestAVLTreeSeq test_avltreeseq_eq_trait
        PASS [   0.003s] apas-verus::TestAVLTreeSeq test_avltreeseq_equality_comparison
        PASS [   0.003s] apas-verus::TestAVLTreeSeq test_avltreeseq_equality_comprehensive
        PASS [   0.003s] apas-verus::TestAVLTreeSeq test_avltreeseq_iterator
        PASS [   0.003s] apas-verus::TestAVLTreeSeq test_avltreeseq_from_vec_empty
        PASS [   0.003s] apas-verus::TestAVLTreeSeq test_avltreeseq_insert_at_boundaries
        PASS [   0.002s] apas-verus::TestAVLTreeSeq test_avltreeseq_large_subseq_operations
        PASS [   0.003s] apas-verus::TestAVLTreeSeq test_avltreeseq_large_tree
        PASS [   0.003s] apas-verus::TestAVLTreeSeq test_avltreeseq_length_method
        PASS [   0.003s] apas-verus::TestAVLTreeSeq test_avltreeseq_mixed_operations
        PASS [   0.002s] apas-verus::TestAVLTreeSeq test_avltreeseq_new_constructor
        PASS [   0.003s] apas-verus::TestAVLTreeSeq test_avltreeseq_multiple_equality_checks
        PASS [   0.002s] apas-verus::TestAVLTreeSeq test_avltreeseq_nth_method
        PASS [   0.003s] apas-verus::TestAVLTreeSeq test_avltreeseq_predicates
        PASS [   0.003s] apas-verus::TestAVLTreeSeq test_avltreeseq_nth_panic_empty
        PASS [   0.003s] apas-verus::TestAVLTreeSeq test_avltreeseq_nth_panic_outofbounds
        PASS [   0.003s] apas-verus::TestAVLTreeSeq test_avltreeseq_push_back_multiple
        PASS [   0.016s] apas-verus::BenchQuickSort bench_quicksort_st_vs_mt
        PASS [   0.003s] apas-verus::TestAVLTreeSeq test_avltreeseq_push_back_to_empty
        PASS [   0.002s] apas-verus::TestAVLTreeSeq test_avltreeseq_set_method
        PASS [   0.002s] apas-verus::TestAVLTreeSeq test_avltreeseq_set_multiple_elements
        PASS [   0.003s] apas-verus::TestAVLTreeSeq test_avltreeseq_reverse_insertion_order
        PASS [   0.003s] apas-verus::TestAVLTreeSeq test_avltreeseq_set_all_indices
        PASS [   0.003s] apas-verus::TestAVLTreeSeq test_avltreeseq_singleton_constructor
        PASS [   0.002s] apas-verus::TestAVLTreeSeq test_avltreeseq_subseq_multiple_elements
        PASS [   0.002s] apas-verus::TestAVLTreeSeq test_avltreeseq_to_arrayseq_empty
        PASS [   0.003s] apas-verus::TestAVLTreeSeq test_avltreeseq_subseq_copy
        PASS [   0.003s] apas-verus::TestAVLTreeSeq test_avltreeseq_trigger_left_right_rotation
        PASS [   0.003s] apas-verus::TestAVLTreeSeq test_avltreeseq_trigger_left_rotation
        PASS [   0.002s] apas-verus::TestAVLTreeSeq test_avltreeseq_trigger_right_left_rotation
        PASS [   0.003s] apas-verus::TestAVLTreeSeq test_avltreeseq_trigger_right_rotation
        PASS [   0.003s] apas-verus::TestAVLTreeSeq test_avltreeseq_update_chain
        PASS [   0.003s] apas-verus::TestAVLTreeSeq test_avltreeseq_values_in_order_comprehensive
        PASS [   0.003s] apas-verus::TestAVLTreeSeq test_avltreeseq_very_large_tree
        PASS [   0.002s] apas-verus::TestAVLTreeSeq test_avltreeseq_zero_length_operations
        PASS [   0.003s] apas-verus::TestAVLTreeSeq test_contains_value
        PASS [   0.002s] apas-verus::TestAVLTreeSeq test_delete_value
        PASS [   0.002s] apas-verus::TestAVLTreeSeq test_from_vec
        PASS [   0.002s] apas-verus::TestAVLTreeSeq test_insert_value
        PASS [   0.002s] apas-verus::TestAVLTreeSeq test_is_tree_empty
        PASS [   0.002s] apas-verus::TestAVLTreeSeq test_to_arrayseq
        PASS [   0.003s] apas-verus::TestAVLTreeSeq test_new_root
        PASS [   0.003s] apas-verus::TestAVLTreeSeq test_push_back
        PASS [   0.003s] apas-verus::TestAVLTreeSeq test_update
        PASS [   0.002s] apas-verus::TestAVLTreeSeqMtPer test_alternating_sets
        PASS [   0.003s] apas-verus::TestAVLTreeSeq test_values_in_order
        PASS [   0.002s] apas-verus::TestAVLTreeSeqMtPer test_debug_trait
        PASS [   0.003s] apas-verus::TestAVLTreeSeqMtPer test_clone
        PASS [   0.003s] apas-verus::TestAVLTreeSeqMtPer test_deep_rotation_cascade
        PASS [   0.002s] apas-verus::TestAVLTreeSeqMtPer test_empty_operations
        PASS [   0.002s] apas-verus::TestAVLTreeSeqMtPer test_empty_subseq
        PASS [   0.003s] apas-verus::TestAVLTreeSeqMtPer test_default_trait
        PASS [   0.003s] apas-verus::TestAVLTreeSeqMtPer test_empty
        PASS [   0.002s] apas-verus::TestAVLTreeSeqMtPer test_extreme_imbalance_scenarios
        PASS [   0.002s] apas-verus::TestAVLTreeSeqMtPer test_force_all_rotation_cases
        PASS [   0.003s] apas-verus::TestAVLTreeSeqMtPer test_eq
        PASS [   0.003s] apas-verus::TestAVLTreeSeqMtPer test_equality_comprehensive
        PASS [   0.003s] apas-verus::TestAVLTreeSeqMtPer test_from_vec
        PASS [   0.003s] apas-verus::TestAVLTreeSeqMtPer test_isempty
        PASS [   0.002s] apas-verus::TestAVLTreeSeqMtPer test_issingleton
        PASS [   0.002s] apas-verus::TestAVLTreeSeqMtPer test_iter
        PASS [   0.003s] apas-verus::TestAVLTreeSeqMtPer test_iterator_comprehensive
        PASS [   0.003s] apas-verus::TestAVLTreeSeqMtPer test_large_sequence
        PASS [   0.003s] apas-verus::TestAVLTreeSeqMtPer test_large_tree_rotations
        PASS [   0.002s] apas-verus::TestAVLTreeSeqMtPer test_multiple_sets
        PASS [   0.002s] apas-verus::TestAVLTreeSeqMtPer test_length
        PASS [   0.003s] apas-verus::TestAVLTreeSeqMtPer test_left_right_rotation
        PASS [   0.002s] apas-verus::TestAVLTreeSeqMtPer test_multiple_structural_sharing
        PASS [   0.002s] apas-verus::TestAVLTreeSeqMtPer test_persistence
        PASS [   0.003s] apas-verus::TestAVLTreeSeqMtPer test_new
        PASS [   0.002s] apas-verus::TestAVLTreeSeqMtPer test_right_left_rotation
        PASS [   0.003s] apas-verus::TestAVLTreeSeqMtPer test_nth
        PASS [   0.003s] apas-verus::TestAVLTreeSeqMtPer test_reverse_insertion_order
        PASS [   0.003s] apas-verus::TestAVLTreeSeqMtPer test_rotation_left_heavy
        PASS [   0.002s] apas-verus::TestAVLTreeSeqMtPer test_rotation_right_heavy
        PASS [   0.002s] apas-verus::TestAVLTreeSeqMtPer test_set
        PASS [   0.003s] apas-verus::TestAVLTreeSeqMtPer test_sequential_insertions_causing_rotations
        PASS [   0.003s] apas-verus::TestAVLTreeSeqMtPer test_set_at_index_zero_empty
        PASS [   0.003s] apas-verus::TestAVLTreeSeqMtPer test_set_boundary
        PASS [   0.002s] apas-verus::TestAVLTreeSeqMtPer test_singleton
        PASS [   0.002s] apas-verus::TestAVLTreeSeqMtPer test_set_out_of_bounds
        PASS [   0.002s] apas-verus::TestAVLTreeSeqMtPer test_singleton_operations
        PASS [   0.002s] apas-verus::TestAVLTreeSeqMtPer test_subseq_copy_comprehensive
        PASS [   0.002s] apas-verus::TestAVLTreeSeqMtPer test_trigger_rotations
        PASS [   0.003s] apas-verus::TestAVLTreeSeqMtPer test_subseq_copy
        PASS [   0.003s] apas-verus::TestAVLTreeSeqMtPer test_subseq_then_modify
        PASS [   0.003s] apas-verus::TestAVLTreeSeqMtPer test_values_in_order
        PASS [   0.003s] apas-verus::TestAVLTreeSeqMtPer test_values_in_order_comprehensive
        PASS [   0.002s] apas-verus::TestAVLTreeSeqStEph test_default_impl
        PASS [   0.003s] apas-verus::TestAVLTreeSeqStEph test_clone_impl
        PASS [   0.003s] apas-verus::TestAVLTreeSeqMtPer test_very_large_sequence
        PASS [   0.003s] apas-verus::TestAVLTreeSeqStEph test_delete_value
        PASS [   0.004s] apas-verus::TestAVLTreeSeqStEph test_contains_value
        PASS [   0.003s] apas-verus::TestAVLTreeSeqStEph test_empty
        PASS [   0.002s] apas-verus::TestAVLTreeSeqStEph test_eq_impl
        PASS [   0.002s] apas-verus::TestAVLTreeSeqStEph test_insert_value
        PASS [   0.003s] apas-verus::TestAVLTreeSeqStEph test_from_vec
        PASS [   0.002s] apas-verus::TestAVLTreeSeqStEph test_isSingleton
        PASS [   0.002s] apas-verus::TestAVLTreeSeqStEph test_length
        PASS [   0.003s] apas-verus::TestAVLTreeSeqStEph test_isEmpty
        PASS [   0.003s] apas-verus::TestAVLTreeSeqStEph test_iter
        PASS [   0.002s] apas-verus::TestAVLTreeSeqStEph test_new
        PASS [   0.002s] apas-verus::TestAVLTreeSeqStEph test_new_root
        PASS [   0.002s] apas-verus::TestAVLTreeSeqStEph test_push_back
        PASS [   0.003s] apas-verus::TestAVLTreeSeqStEph test_nth
        PASS [   0.003s] apas-verus::TestAVLTreeSeqStEph test_partialeq_impl
        PASS [   0.003s] apas-verus::TestAVLTreeSeqStEph test_set
        PASS [   0.003s] apas-verus::TestAVLTreeSeqStEph test_singleton
        PASS [   0.002s] apas-verus::TestAVLTreeSeqStEph test_subseq_copy
        PASS [   0.002s] apas-verus::TestAVLTreeSeqStEph test_to_arrayseq
        PASS [   0.002s] apas-verus::TestAVLTreeSeqStEph test_update
        PASS [   0.003s] apas-verus::TestAVLTreeSeqStEph18 test_append_union
        PASS [   0.003s] apas-verus::TestAVLTreeSeqStEph18 test_filter_even
        PASS [   0.002s] apas-verus::TestAVLTreeSeqStEph18 test_map_increment
        PASS [   0.002s] apas-verus::TestAVLTreeSeqStEph18 test_tabulate_inorder
        PASS [   0.003s] apas-verus::TestAVLTreeSeqStEphChap37 test_avl_delete_value
        PASS [   0.003s] apas-verus::TestAVLTreeSeqStEphChap37 test_avl_contains_value
        PASS [   0.002s] apas-verus::TestAVLTreeSeqStEphChap37 test_avl_empty_constructor
        PASS [   0.002s] apas-verus::TestAVLTreeSeqStEphChap37 test_avl_equality
        PASS [   0.002s] apas-verus::TestAVLTreeSeqStEphChap37 test_avl_from_vec_constructor
        PASS [   0.002s] apas-verus::TestAVLTreeSeqStEphChap37 test_avl_ephemeral_basic
        PASS [   0.002s] apas-verus::TestAVLTreeSeqStEphChap37 test_avl_iterator
        PASS [   0.002s] apas-verus::TestAVLTreeSeqStEphChap37 test_avl_insert_value
        PASS [   0.002s] apas-verus::TestAVLTreeSeqStEphChap37 test_avl_large_tree_operations
        PASS [   0.002s] apas-verus::TestAVLTreeSeqStEphChap37 test_avl_nth_out_of_bounds_panics
        PASS [   0.003s] apas-verus::TestAVLTreeSeqStEphChap37 test_avl_push_back
        PASS [   0.003s] apas-verus::TestAVLTreeSeqStEphChap37 test_avl_macro_literal
        PASS [   0.002s] apas-verus::TestAVLTreeSeqStEphChap37 test_avl_singleton_constructor
        PASS [   0.002s] apas-verus::TestAVLTreeSeqStEphChap37 test_avl_set_method
        PASS [   0.002s] apas-verus::TestAVLTreeSeqStEphChap37 test_avl_stress_operations
        PASS [   0.002s] apas-verus::TestAVLTreeSeqStEphChap37 test_avl_subseq_copy
        PASS [   0.002s] apas-verus::TestAVLTreeSeqStEphChap37 test_clone
        PASS [   0.003s] apas-verus::TestAVLTreeSeqStEphChap37 test_avl_to_arrayseq
        PASS [   0.002s] apas-verus::TestAVLTreeSeqStEphChap37 test_deflate_and_filter
        PASS [   0.003s] apas-verus::TestAVLTreeSeqStEphChap37 test_avl_update_method
        PASS [   0.003s] apas-verus::TestAVLTreeSeqStEphChap37 test_default_trait
        PASS [   0.002s] apas-verus::TestAVLTreeSeqStEphChap37 test_tabulate_and_map
        PASS [   0.002s] apas-verus::TestAVLTreeSeqStEphChap37 test_very_large_tree_with_deletions
        PASS [   0.003s] apas-verus::TestAVLTreeSeqStEphChap37 test_select_and_append
        PASS [   0.002s] apas-verus::TestAVLTreeSeqStPer test_avl_empty_and_singleton_edge_cases
        PASS [   0.003s] apas-verus::TestAVLTreeSeqStPer test_alternating_access_pattern
        PASS [   0.003s] apas-verus::TestAVLTreeSeqStPer test_avl_equality_and_debug
        PASS [   0.002s] apas-verus::TestAVLTreeSeqStPer test_avl_left_heavy_rebalancing
        PASS [   0.003s] apas-verus::TestAVLTreeSeqStPer test_avl_large_tree_balancing
        PASS [   0.002s] apas-verus::TestAVLTreeSeqStPer test_avl_nth_out_of_bounds_panics
        PASS [   0.003s] apas-verus::TestAVLTreeSeqStPer test_avl_left_right_rotation
        PASS [   0.002s] apas-verus::TestAVLTreeSeqStPer test_avl_sequential_modifications
        PASS [   0.003s] apas-verus::TestAVLTreeSeqStPer test_avl_right_heavy_rebalancing
        PASS [   0.003s] apas-verus::TestAVLTreeSeqStPer test_avl_right_left_rotation
        PASS [   0.002s] apas-verus::TestAVLTreeSeqStPer test_avl_stress_balancing
        PASS [   0.002s] apas-verus::TestAVLTreeSeqStPer test_avl_subseq_balancing
        PASS [   0.003s] apas-verus::TestAVLTreeSeqStPer test_avl_set_out_of_bounds_error
        PASS [   0.002s] apas-verus::TestAVLTreeSeqStPer test_avl_to_arrayseq_conversion
        PASS [   0.002s] apas-verus::TestAVLTreeSeqStPer test_debug_formatting
        PASS [   0.002s] apas-verus::TestAVLTreeSeqStPer test_clone_preserves_structure
        PASS [   0.002s] apas-verus::TestAVLTreeSeqStPer test_equality_comprehensive
        PASS [   0.002s] apas-verus::TestAVLTreeSeqStPer test_from_vec_large
        PASS [   0.002s] apas-verus::TestAVLTreeSeqStPer test_from_vec_empty
        PASS [   0.002s] apas-verus::TestAVLTreeSeqStPer test_iterator_empty
        PASS [   0.002s] apas-verus::TestAVLTreeSeqStPer test_iterator_inorder_values
        PASS [   0.002s] apas-verus::TestAVLTreeSeqStPer test_iterator_large_tree
        PASS [   0.002s] apas-verus::TestAVLTreeSeqStPer test_iterator_singleton
        PASS [   0.002s] apas-verus::TestAVLTreeSeqStPer test_persistence_verification
        PASS [   0.002s] apas-verus::TestAVLTreeSeqStPer test_macro_variants
        PASS [   0.002s] apas-verus::TestAVLTreeSeqStPer test_persistent_set_does_not_mutate
        PASS [   0.002s] apas-verus::TestAVLTreeSeqStPer test_subseq_copy_edge_cases
        PASS [   0.003s] apas-verus::TestAVLTreeSeqStPer test_set_on_empty_at_zero
        PASS [   0.002s] apas-verus::TestAVLTreeSeqStPer test_to_arrayseq_empty
        PASS [   0.002s] apas-verus::TestAVLTreeSeqStPer test_values_in_order_empty
        PASS [   0.002s] apas-verus::TestAVLTreeSeqStPer test_to_arrayseq_singleton
        PASS [   0.002s] apas-verus::TestAVLTreeSeqStPer test_values_in_order_large
        PASS [   0.002s] apas-verus::TestAVLTreeSeqStPer test_very_large_tree
        PASS [   0.002s] apas-verus::TestAVLTreeSeqStPer18 test_append_union
        PASS [   0.002s] apas-verus::TestAVLTreeSeqStPer18 test_filter_even
        PASS [   0.002s] apas-verus::TestAVLTreeSeqStPer18 test_map_increment
        PASS [   0.002s] apas-verus::TestAVLTreeSeqStPer18 test_tabulate_inorder
        PASS [   0.002s] apas-verus::TestAVLTreeSeqStPer19 test_deflate_and_filter_ch19
        PASS [   0.002s] apas-verus::TestAVLTreeSeqStPer19 test_select_and_append_ch19
        PASS [   0.002s] apas-verus::TestAVLTreeSetMtEph test_avltreesetmtephlit_macro_functionality
        PASS [   0.002s] apas-verus::TestAVLTreeSeqStPer19 test_tabulate_and_map_ch19
        PASS [   0.002s] apas-verus::TestAVLTreeSetMtEph test_clone
        PASS [   0.002s] apas-verus::TestAVLTreeSetMtEph test_debug_trait
        PASS [   0.002s] apas-verus::TestAVLTreeSetMtEph test_delete
        PASS [   0.002s] apas-verus::TestAVLTreeSetMtEph test_delete_all_elements
        PASS [   0.002s] apas-verus::TestAVLTreeSetMtEph test_delete_nonexistent
        PASS [   0.002s] apas-verus::TestAVLTreeSetMtEph test_difference
        PASS [   0.002s] apas-verus::TestAVLTreeSetMtEph test_difference_disjoint_sets
        PASS [   0.002s] apas-verus::TestAVLTreeSetMtEph test_difference_identical_sets
        PASS [   0.003s] apas-verus::TestAVLTreeSetMtEph test_difference_empty_sets
        PASS [   0.002s] apas-verus::TestAVLTreeSetMtEph test_empty
        PASS [   0.003s] apas-verus::TestAVLTreeSetMtEph test_equality_via_elements
        PASS [   0.002s] apas-verus::TestAVLTreeSetMtEph test_filter_empty
        PASS [   0.003s] apas-verus::TestAVLTreeSetMtEph test_filter_all_match
        PASS [   0.002s] apas-verus::TestAVLTreeSetMtEph test_filter_small
        PASS [   0.002s] apas-verus::TestAVLTreeSetMtEph test_filter_none_match
        PASS [   0.002s] apas-verus::TestAVLTreeSetMtEph test_insert_duplicate
        PASS [   0.003s] apas-verus::TestAVLTreeSetMtEph test_from_seq
        PASS [   0.003s] apas-verus::TestAVLTreeSetMtEph test_from_seq_all_duplicates
        PASS [   0.003s] apas-verus::TestAVLTreeSetMtEph test_from_seq_singleton
        PASS [   0.003s] apas-verus::TestAVLTreeSetMtEph test_from_seq_empty
        PASS [   0.003s] apas-verus::TestAVLTreeSetMtEph test_intersection_empty_sets
        PASS [   0.003s] apas-verus::TestAVLTreeSetMtEph test_insert_find
        PASS [   0.003s] apas-verus::TestAVLTreeSetMtEph test_intersection_identical_sets
        PASS [   0.004s] apas-verus::TestAVLTreeSetMtEph test_intersection_disjoint_sets
        PASS [   0.003s] apas-verus::TestAVLTreeSetMtEph test_intersection_small
        PASS [   0.003s] apas-verus::TestAVLTreeSetMtEph test_mixed_operations_comprehensive
        PASS [   0.003s] apas-verus::TestAVLTreeSetMtEph test_singleton
        PASS [   0.003s] apas-verus::TestAVLTreeSetMtEph test_string_set
        PASS [   0.003s] apas-verus::TestAVLTreeSetMtEph test_to_seq
        PASS [   0.003s] apas-verus::TestAVLTreeSetMtEph test_to_seq_empty
        PASS [   0.011s] apas-verus::TestAVLTreeSetMtEph test_intersection_large_parallel
        PASS [   0.002s] apas-verus::TestAVLTreeSetMtEph test_union_disjoint_sets
        PASS [   0.003s] apas-verus::TestAVLTreeSetMtEph test_to_seq_singleton
        PASS [   0.003s] apas-verus::TestAVLTreeSetMtEph test_union_empty_sets
        PASS [   0.003s] apas-verus::TestAVLTreeSetMtEph test_union_identical_sets
        PASS [   0.003s] apas-verus::TestAVLTreeSetMtEph test_union_small
        PASS [   0.003s] apas-verus::TestAVLTreeSetMtPer test_avltreesetmtperlit_macro_type_safety
        PASS [   0.002s] apas-verus::TestAVLTreeSetMtPer test_debug_trait
        PASS [   0.003s] apas-verus::TestAVLTreeSetMtPer test_clone
        PASS [   0.003s] apas-verus::TestAVLTreeSetMtPer test_default_trait
        PASS [   0.003s] apas-verus::TestAVLTreeSetMtPer test_delete
        PASS [   0.003s] apas-verus::TestAVLTreeSetMtPer test_delete_multiple
        PASS [   0.003s] apas-verus::TestAVLTreeSetMtPer test_delete_operation
        PASS [   0.003s] apas-verus::TestAVLTreeSetMtPer test_difference_empty
        PASS [   0.003s] apas-verus::TestAVLTreeSetMtPer test_difference_operation
        PASS [   0.003s] apas-verus::TestAVLTreeSetMtPer test_display_trait
        PASS [   0.003s] apas-verus::TestAVLTreeSetMtPer test_duplicate_insert
        PASS [   0.003s] apas-verus::TestAVLTreeSetMtPer test_empty_set
        PASS [   0.003s] apas-verus::TestAVLTreeSetMtPer test_filter_empty_result
        PASS [   0.003s] apas-verus::TestAVLTreeSetMtPer test_filter_operation
        PASS [   0.003s] apas-verus::TestAVLTreeSetMtPer test_filter_parallel_path
        PASS [   0.003s] apas-verus::TestAVLTreeSetMtPer test_find_missing
        PASS [   0.003s] apas-verus::TestAVLTreeSetMtPer test_from_seq_operation
        PASS [   0.003s] apas-verus::TestAVLTreeSetMtPer test_from_seq_parallel_sort
        PASS [   0.002s] apas-verus::TestAVLTreeSetMtPer test_insert_multiple
        PASS [   0.003s] apas-verus::TestAVLTreeSetMtPer test_insert
        PASS [   0.003s] apas-verus::TestAVLTreeSetMtPer test_intersection_empty
        PASS [   0.003s] apas-verus::TestAVLTreeSetMtPer test_intersection_operation
        PASS [   0.003s] apas-verus::TestAVLTreeSetMtPer test_intersection_parallel_path
        PASS [   0.046s] apas-verus::TestAVLTreeSetMtEph test_filter_large_parallel
        PASS [   0.005s] apas-verus::TestAVLTreeSetMtPer test_large_set
        PASS [   0.003s] apas-verus::TestAVLTreeSetMtPer test_ord_trait
        PASS [   0.003s] apas-verus::TestAVLTreeSetMtPer test_negative_numbers
        PASS [   0.003s] apas-verus::TestAVLTreeSetMtPer test_partial_ord_trait
        PASS [   0.003s] apas-verus::TestAVLTreeSetMtPer test_persistence_delete
        PASS [   0.003s] apas-verus::TestAVLTreeSetMtPer test_singleton_operation
        PASS [   0.003s] apas-verus::TestAVLTreeSetMtPer test_singleton_set
        PASS [   0.003s] apas-verus::TestAVLTreeSetMtPer test_to_seq
        PASS [   0.003s] apas-verus::TestAVLTreeSetMtPer test_union_operation
        PASS [   0.003s] apas-verus::TestAVLTreeSetMtPer test_union_self
        PASS [   0.003s] apas-verus::TestAVLTreeSetStEph test_avl_tree_set_basic_operations
        PASS [   0.003s] apas-verus::TestAVLTreeSetStEph test_avl_tree_set_bulk_operations
        PASS [   0.003s] apas-verus::TestAVLTreeSetStEph test_avl_tree_set_filter
        PASS [   0.003s] apas-verus::TestAVLTreeSetStEph test_avl_tree_set_from_seq
        PASS [   0.003s] apas-verus::TestAVLTreeSetStEph test_avl_tree_set_macro
        PASS [   0.003s] apas-verus::TestAVLTreeSetStEph test_avl_tree_set_ordering
        PASS [   0.003s] apas-verus::TestAVLTreeSetStEph test_avl_tree_set_to_seq
        PASS [   0.003s] apas-verus::TestAVLTreeSetStEph test_avltreesetstephlit_macro_functionality
        PASS [   0.003s] apas-verus::TestAVLTreeSetStEph test_clone_impl
        PASS [   0.003s] apas-verus::TestAVLTreeSetStEph test_clone_set
        PASS [   0.003s] apas-verus::TestAVLTreeSetStEph test_debug_impl
        PASS [   0.002s] apas-verus::TestAVLTreeSetStEph test_debug_trait
        PASS [   0.003s] apas-verus::TestAVLTreeSetStEph test_default_impl
        PASS [   0.002s] apas-verus::TestAVLTreeSetStEph test_delete_all_elements
        PASS [   0.002s] apas-verus::TestAVLTreeSetStEph test_delete_nonexistent
        PASS [   0.002s] apas-verus::TestAVLTreeSetStEph test_difference_disjoint_sets
        PASS [   0.003s] apas-verus::TestAVLTreeSetStEph test_difference_empty_sets
        PASS [   0.002s] apas-verus::TestAVLTreeSetStEph test_difference_identical_sets
        PASS [   0.003s] apas-verus::TestAVLTreeSetStEph test_equality
        PASS [   0.003s] apas-verus::TestAVLTreeSetStEph test_display_impl
        PASS [   0.003s] apas-verus::TestAVLTreeSetStEph test_example_41_1_avl_cases
        PASS [   0.003s] apas-verus::TestAVLTreeSetStEph test_filter_all_match
        PASS [   0.003s] apas-verus::TestAVLTreeSetStEph test_filter_empty_set
        PASS [   0.003s] apas-verus::TestAVLTreeSetStEph test_filter_none_match
        PASS [   0.003s] apas-verus::TestAVLTreeSetStEph test_from_seq_all_duplicates
        PASS [   0.003s] apas-verus::TestAVLTreeSetStEph test_from_seq_empty
        PASS [   0.003s] apas-verus::TestAVLTreeSetStEph test_from_seq_singleton
        PASS [   0.003s] apas-verus::TestAVLTreeSetStEph test_insert_duplicate
        PASS [   0.003s] apas-verus::TestAVLTreeSetStEph test_intersection_disjoint_sets
        PASS [   0.003s] apas-verus::TestAVLTreeSetStEph test_intersection_empty_sets
        PASS [   0.003s] apas-verus::TestAVLTreeSetStEph test_intersection_identical_sets
        PASS [   0.003s] apas-verus::TestAVLTreeSetStEph test_mixed_operations_comprehensive
        PASS [   0.003s] apas-verus::TestAVLTreeSetStEph test_string_set
        PASS [   0.003s] apas-verus::TestAVLTreeSetStEph test_to_seq_singleton
        PASS [   0.003s] apas-verus::TestAVLTreeSetStEph test_to_seq_empty
        PASS [   0.003s] apas-verus::TestAVLTreeSetStEph test_union_disjoint_sets
        PASS [   0.074s] apas-verus::TestAVLTreeSetMtEph test_large_set_operations
        PASS [   0.003s] apas-verus::TestAVLTreeSetStEph test_union_identical_sets
        PASS [   0.003s] apas-verus::TestAVLTreeSetStEph test_union_empty_sets
        PASS [   0.003s] apas-verus::TestAVLTreeSetStPer test_avl_tree_set_per_basic_operations
        PASS [   0.003s] apas-verus::TestAVLTreeSetStPer test_avl_tree_set_per_bulk_operations
        PASS [   0.003s] apas-verus::TestAVLTreeSetStPer test_avl_tree_set_per_from_seq
        PASS [   0.003s] apas-verus::TestAVLTreeSetStPer test_avl_tree_set_per_filter
        PASS [   0.003s] apas-verus::TestAVLTreeSetStPer test_avl_tree_set_per_macro
        PASS [   0.003s] apas-verus::TestAVLTreeSetStPer test_avl_tree_set_per_persistence
        PASS [   0.003s] apas-verus::TestAVLTreeSetStPer test_avl_tree_set_per_to_seq
        PASS [   0.003s] apas-verus::TestAVLTreeSetStPer test_avltreesetstperlit_macro_functionality
        PASS [   0.003s] apas-verus::TestAVLTreeSetStPer test_clone_impl
        PASS [   0.002s] apas-verus::TestAVLTreeSetStPer test_default_impl
        PASS [   0.003s] apas-verus::TestAVLTreeSetStPer test_display_impl
        PASS [   0.003s] apas-verus::TestAdjMatrixGraphMtPer test_clone
        PASS [   0.003s] apas-verus::TestAdjMatrixGraphMtPer test_complement_empty_graph
        PASS [   0.003s] apas-verus::TestAdjMatrixGraphMtPer test_complement_idempotence
        PASS [   0.002s] apas-verus::TestAdjMatrixGraphMtPer test_complement_single_vertex
        PASS [   0.003s] apas-verus::TestAdjMatrixGraphMtPer test_has_edge_empty_graph
        PASS [   0.003s] apas-verus::TestAdjMatrixGraphMtPer test_complement_zero_vertices
        PASS [   0.002s] apas-verus::TestAdjMatrixGraphMtPer test_has_edge_out_of_bounds
        PASS [   0.002s] apas-verus::TestAdjMatrixGraphMtPer test_multiple_vertices_all_operations
        PASS [   0.003s] apas-verus::TestAdjMatrixGraphMtPer test_new_empty_graph
        PASS [   0.003s] apas-verus::TestAdjMatrixGraphMtPer test_num_edges_sequential
        PASS [   0.003s] apas-verus::TestAdjMatrixGraphMtPer test_out_degree_after_complement
        PASS [   0.003s] apas-verus::TestAdjMatrixGraphMtPer test_num_vertices
        PASS [   0.003s] apas-verus::TestAdjMatrixGraphMtPer test_out_degree_empty_graph
        PASS [   0.003s] apas-verus::TestAdjMatrixGraphMtPer test_out_degree_out_of_bounds
        PASS [   0.003s] apas-verus::TestAdjMatrixGraphMtPer test_out_neighbors_after_complement
        PASS [   0.003s] apas-verus::TestAdjMatrixGraphMtPer test_out_neighbors_empty_graph
        PASS [   0.002s] apas-verus::TestAdjMatrixGraphMtPer test_out_neighbors_out_of_bounds
        PASS [   0.002s] apas-verus::TestAdjMatrixGraphStEph test_complement
        PASS [   0.003s] apas-verus::TestAdjMatrixGraphStEph test_complete_graph
        PASS [   0.003s] apas-verus::TestAdjMatrixGraphStEph test_empty_graph
        PASS [   0.002s] apas-verus::TestAdjMatrixGraphStEph test_has_edge
        PASS [   0.003s] apas-verus::TestAdjMatrixGraphStEph test_from_matrix
        PASS [   0.003s] apas-verus::TestAdjMatrixGraphStEph test_new
        PASS [   0.003s] apas-verus::TestAdjMatrixGraphStEph test_num_edges
        PASS [   0.002s] apas-verus::TestAdjMatrixGraphStEph test_out_degree
        PASS [   0.003s] apas-verus::TestAdjMatrixGraphStEph test_num_edges_large
        PASS [   0.003s] apas-verus::TestAdjMatrixGraphStEph test_out_neighbors
        PASS [   0.002s] apas-verus::TestAdjMatrixGraphStEph test_set_edge
        PASS [   0.003s] apas-verus::TestAdjMatrixGraphStEph test_self_loop
        PASS [   0.003s] apas-verus::TestAdjMatrixGraphStPer test_complement
        PASS [   0.002s] apas-verus::TestAdjMatrixGraphStPer test_has_edge
        PASS [   0.003s] apas-verus::TestAdjMatrixGraphStPer test_from_matrix
        PASS [   0.003s] apas-verus::TestAdjMatrixGraphStPer test_new
        PASS [   0.002s] apas-verus::TestAdjMatrixGraphStPer test_out_degree
        PASS [   0.003s] apas-verus::TestAdjMatrixGraphStPer test_num_edges
        PASS [   0.003s] apas-verus::TestAdjMatrixGraphStPer test_out_neighbors
        PASS [   0.002s] apas-verus::TestAdjMatrixGraphStPer test_set_edge
        PASS [   0.003s] apas-verus::TestAdjMatrixGraphStPer test_persistent_semantics
        PASS [   0.003s] apas-verus::TestAdjSeqGraphMtPer test_clone
        PASS [   0.003s] apas-verus::TestAdjSeqGraphMtPer test_has_edge_empty_graph
        PASS [   0.003s] apas-verus::TestAdjSeqGraphMtPer test_has_edge_in_bounds_no_edges
        PASS [   0.003s] apas-verus::TestAdjSeqGraphMtPer test_has_edge_linear_search
        PASS [   0.003s] apas-verus::TestAdjSeqGraphMtPer test_multiple_vertices_all_operations
        PASS [   0.003s] apas-verus::TestAdjSeqGraphMtPer test_new_empty_graph
        PASS [   0.003s] apas-verus::TestAdjSeqGraphMtPer test_num_vertices
        PASS [   0.003s] apas-verus::TestAdjSeqGraphMtPer test_out_degree_empty_graph
        PASS [   0.003s] apas-verus::TestAdjSeqGraphMtPer test_out_neighbors_boundary
        PASS [   0.003s] apas-verus::TestAdjSeqGraphMtPer test_single_vertex
        PASS [   0.003s] apas-verus::TestAdjSeqGraphMtPer test_out_neighbors_empty_graph
        PASS [   0.003s] apas-verus::TestAdjSeqGraphMtPer test_zero_vertices
        PASS [   0.003s] apas-verus::TestAdjSeqGraphStEph test_empty_graph
        PASS [   0.003s] apas-verus::TestAdjSeqGraphStEph test_from_seq
        PASS [   0.003s] apas-verus::TestAdjSeqGraphStEph test_has_edge
        PASS [   0.003s] apas-verus::TestAdjSeqGraphStEph test_new
        PASS [   0.003s] apas-verus::TestAdjSeqGraphStEph test_num_edges
        PASS [   0.002s] apas-verus::TestAdjSeqGraphStEph test_remove_edge
        PASS [   0.003s] apas-verus::TestAdjSeqGraphStEph test_out_degree
        PASS [   0.003s] apas-verus::TestAdjSeqGraphStEph test_out_neighbors
        PASS [   0.003s] apas-verus::TestAdjSeqGraphStEph test_self_loop
        PASS [   0.003s] apas-verus::TestAdjSeqGraphStEph test_set_neighbors
        PASS [   0.003s] apas-verus::TestAdjSeqGraphStEph test_set_edge
        PASS [   0.003s] apas-verus::TestAdjSeqGraphStPer test_empty_graph
        PASS [   0.004s] apas-verus::TestAdjSeqGraphStPer test_delete_edge
        PASS [   0.002s] apas-verus::TestAdjSeqGraphStPer test_has_edge
        PASS [   0.002s] apas-verus::TestAdjSeqGraphStPer test_insert_edge
        PASS [   0.003s] apas-verus::TestAdjSeqGraphStPer test_new
        PASS [   0.002s] apas-verus::TestAdjSeqGraphStPer test_num_edges
        PASS [   0.002s] apas-verus::TestAdjSeqGraphStPer test_out_degree
        PASS [   0.003s] apas-verus::TestAdjSeqGraphStPer test_out_neighbors
        PASS [   0.002s] apas-verus::TestAdjSeqGraphStPer test_persistent_semantics
        PASS [   0.003s] apas-verus::TestAllPairsResultStEphI64 test_extract_path
        PASS [   0.003s] apas-verus::TestAllPairsResultStEphI64 test_extract_path_unreachable
        PASS [   0.003s] apas-verus::TestAllPairsResultStEphI64 test_new
        PASS [   0.002s] apas-verus::TestAllPairsResultStEphI64 test_set_predecessor
        PASS [   0.003s] apas-verus::TestAllPairsResultStEphI64 test_set_distance
        PASS [   0.003s] apas-verus::TestAllPairsResultStPerI64 test_extract_path
        PASS [   0.002s] apas-verus::TestAllPairsResultStPerI64 test_extract_path_unreachable
        PASS [   0.002s] apas-verus::TestAllPairsResultStPerI64 test_set_distance
        PASS [   0.003s] apas-verus::TestAllPairsResultStPerI64 test_new
        PASS [   0.003s] apas-verus::TestArraySeq test_clone
        PASS [   0.003s] apas-verus::TestAllPairsResultStPerI64 test_set_predecessor
        PASS [   0.077s] apas-verus::TestAVLTreeSetStEph test_large_set_operations
        PASS [   0.003s] apas-verus::TestArraySeq test_debug
        PASS [   0.003s] apas-verus::TestArraySeq test_display
        PASS [   0.002s] apas-verus::TestArraySeq test_into_iterator
        PASS [   0.003s] apas-verus::TestArraySeq test_empty
        PASS [   0.003s] apas-verus::TestArraySeq test_from_vec
        PASS [   0.003s] apas-verus::TestArraySeq test_into_iterator_mut
        PASS [   0.003s] apas-verus::TestArraySeq test_into_iterator_owned
        PASS [   0.002s] apas-verus::TestArraySeq test_iter
        PASS [   0.003s] apas-verus::TestArraySeq test_is_empty
        PASS [   0.003s] apas-verus::TestArraySeq test_is_singleton
        PASS [   0.003s] apas-verus::TestArraySeq test_iter_mut
        PASS [   0.003s] apas-verus::TestArraySeq test_length
        PASS [   0.002s] apas-verus::TestArraySeq test_map
        PASS [   0.003s] apas-verus::TestArraySeq test_new
        PASS [   0.003s] apas-verus::TestArraySeq test_nth
        PASS [   0.002s] apas-verus::TestArraySeq test_partial_eq
        PASS [   0.003s] apas-verus::TestArraySeq test_set
        PASS [   0.003s] apas-verus::TestArraySeq test_set_out_of_bounds
        PASS [   0.002s] apas-verus::TestArraySeqMtEph test_basic_operations
        PASS [   0.003s] apas-verus::TestArraySeq test_tabulate
        PASS [   0.003s] apas-verus::TestArraySeq test_singleton
        PASS [   0.003s] apas-verus::TestArraySeqMtEph test_map_par
        PASS [   0.004s] apas-verus::TestArraySeqMtEph test_filter_par
        PASS [   0.004s] apas-verus::TestArraySeqMtEph test_filter_par_medium
        PASS [   0.003s] apas-verus::TestArraySeqMtEph test_map_sequential
        PASS [   0.004s] apas-verus::TestArraySeqMtEph test_map_par_medium
        PASS [   0.003s] apas-verus::TestArraySeqMtEph test_reduce_sequential
        PASS [   0.003s] apas-verus::TestArraySeqMtEph test_reduce_par_medium
        PASS [   0.003s] apas-verus::TestArraySeqMtEph test_set_mutation
        PASS [   0.004s] apas-verus::TestArraySeqMtEph test_reduce_par
        PASS [   0.003s] apas-verus::TestArraySeqMtPer test_basic_operations
        PASS [   0.003s] apas-verus::TestArraySeqMtPer test_map_par
        PASS [   0.003s] apas-verus::TestArraySeqMtPer test_filter_par_medium
        PASS [   0.003s] apas-verus::TestArraySeqMtPer test_map_sequential
        PASS [   0.004s] apas-verus::TestArraySeqMtPer test_map_par_medium
        PASS [   0.005s] apas-verus::TestArraySeqMtPer test_filter_par
        PASS [   0.003s] apas-verus::TestArraySeqMtPer test_reduce_par_medium
        PASS [   0.003s] apas-verus::TestArraySeqMtPer test_subseq_copy
        PASS [   0.003s] apas-verus::TestArraySeqMtPer test_reduce_sequential
        PASS [   0.004s] apas-verus::TestArraySeqMtPer test_reduce_par
        PASS [   0.003s] apas-verus::TestArraySeqStEph test_append
        PASS [   0.002s] apas-verus::TestArraySeqStEph test_clone
        PASS [   0.003s] apas-verus::TestArraySeqStEph test_debug
        PASS [   0.003s] apas-verus::TestArraySeqStEph test_display
        PASS [   0.003s] apas-verus::TestArraySeqStEph test_empty
        PASS [   0.003s] apas-verus::TestArraySeqStEph test_from_vec
        PASS [   0.002s] apas-verus::TestArraySeqStEph test_iter
        PASS [   0.002s] apas-verus::TestArraySeqStEph test_singleton
        PASS [   0.003s] apas-verus::TestArraySeqStEph test_map
        PASS [   0.003s] apas-verus::TestArraySeqStEph test_new
        PASS [   0.003s] apas-verus::TestArraySeqStEph test_set
        PASS [   0.004s] apas-verus::TestArraySeqStEph test_partial_eq
        PASS [   0.003s] apas-verus::TestArraySeqStEph test_subseq
        PASS [   0.003s] apas-verus::TestArraySeqStEph test_update
        PASS [   0.003s] apas-verus::TestArraySeqStPer test_append
        PASS [   0.003s] apas-verus::TestArraySeqStEph test_tabulate
        PASS [   0.003s] apas-verus::TestArraySeqStPer test_clone
        PASS [   0.003s] apas-verus::TestArraySeqStPer test_debug
        PASS [   0.002s] apas-verus::TestArraySeqStPer test_display
        PASS [   0.002s] apas-verus::TestArraySeqStPer test_from_vec
        PASS [   0.003s] apas-verus::TestArraySeqStPer test_empty
        PASS [   0.002s] apas-verus::TestArraySeqStPer test_iter
        PASS [   0.002s] apas-verus::TestArraySeqStPer test_new
        PASS [   0.002s] apas-verus::TestArraySeqStPer test_map
        PASS [   0.003s] apas-verus::TestArraySeqStPer test_partial_eq
        PASS [   0.003s] apas-verus::TestArraySeqStPer test_singleton
        PASS [   0.003s] apas-verus::TestArraySeqStPer test_subseq
        PASS [   0.002s] apas-verus::TestArraySeqStPer test_update
        PASS [   0.176s] apas-verus::TestAVLTreeSetMtEph test_union_large_parallel
        PASS [   0.003s] apas-verus::TestArraySeqStPer test_tabulate
        PASS [   0.003s] apas-verus::TestArraySetEnumMtEph test_array_set_enum_mt_basic_operations
        PASS [   0.002s] apas-verus::TestArraySetEnumMtEph test_array_set_enum_mt_from_seq
        PASS [   0.003s] apas-verus::TestArraySetEnumMtEph test_array_set_enum_mt_bulk_operations
        PASS [   0.002s] apas-verus::TestArraySetEnumMtEph test_array_set_enum_mt_macro
        PASS [   0.003s] apas-verus::TestArraySetEnumMtEph test_array_set_enum_mt_filter
        PASS [   0.003s] apas-verus::TestArraySetEnumMtEph test_array_set_enum_mt_thread_safety
        PASS [   0.002s] apas-verus::TestArraySetEnumMtEph test_array_set_enum_mt_to_seq
        PASS [   0.002s] apas-verus::TestArraySetEnumMtEph test_arraysetenummtephlit_macro_type_safety
        PASS [   0.003s] apas-verus::TestArraySetEnumMtEph test_array_set_enum_mt_universe_bounds
        PASS [   0.003s] apas-verus::TestArraySetStEph test_array_set_basic_operations
        PASS [   0.003s] apas-verus::TestArraySetStEph test_array_set_bulk_operations
        PASS [   0.002s] apas-verus::TestArraySetStEph test_array_set_filter
        PASS [   0.003s] apas-verus::TestArraySetStEph test_array_set_from_seq
        PASS [   0.002s] apas-verus::TestArraySetStEph test_array_set_macro
        PASS [   0.003s] apas-verus::TestArraySetStEph test_array_set_to_seq
        PASS [   0.003s] apas-verus::TestArraySetStEph test_delete_all_elements
        PASS [   0.002s] apas-verus::TestArraySetStEph test_filter_all_match
        PASS [   0.003s] apas-verus::TestArraySetStEph test_arraysetstephlit_macro_functionality
        PASS [   0.003s] apas-verus::TestArraySetStEph test_delete_nonexistent
        PASS [   0.003s] apas-verus::TestArraySetStEph test_difference_with_self
        PASS [   0.003s] apas-verus::TestArraySetStEph test_intersection_disjoint
        PASS [   0.002s] apas-verus::TestArraySetStEph test_large_set_operations
        PASS [   0.003s] apas-verus::TestArraySetStEph test_union_with_empty
        PASS [   0.003s] apas-verus::TestAugOrderedTableMtEph test_collect_operation
        PASS [   0.004s] apas-verus::TestArraySetStEph test_filter_none_match
        PASS [   0.002s] apas-verus::TestAugOrderedTableMtEph test_delete_nonexistent
        PASS [   0.003s] apas-verus::TestAugOrderedTableMtEph test_difference_operation
        PASS [   0.003s] apas-verus::TestAugOrderedTableMtEph test_delete_operation
        PASS [   0.003s] apas-verus::TestAugOrderedTableMtEph test_display_and_debug_multithreaded
        PASS [   0.002s] apas-verus::TestAugOrderedTableMtEph test_domain_operation
        PASS [   0.002s] apas-verus::TestAugOrderedTableMtEph test_filter_operation_multithreaded
        PASS [   0.002s] apas-verus::TestAugOrderedTableMtEph test_empty_table
        PASS [   0.003s] apas-verus::TestAugOrderedTableMtEph test_get_key_range
        PASS [   0.003s] apas-verus::TestAugOrderedTableMtEph test_insert_and_reduce_val
        PASS [   0.002s] apas-verus::TestAugOrderedTableMtEph test_intersection_operation_multithreaded
        PASS [   0.003s] apas-verus::TestAugOrderedTableMtEph test_key_navigation
        PASS [   0.002s] apas-verus::TestAugOrderedTableMtEph test_ordering_operations_multithreaded
        PASS [   0.004s] apas-verus::TestAugOrderedTableMtEph test_macro_construction_multithreaded
        PASS [   0.004s] apas-verus::TestAugOrderedTableMtEph test_map_operation_multithreaded
        PASS [   0.003s] apas-verus::TestAugOrderedTableMtEph test_rank_and_select
        PASS [   0.003s] apas-verus::TestAugOrderedTableMtEph test_reduce_operation_multithreaded
        PASS [   0.003s] apas-verus::TestAugOrderedTableMtEph test_restrict_operation
        PASS [   0.003s] apas-verus::TestAugOrderedTableMtEph test_singleton_table
        PASS [   0.003s] apas-verus::TestAugOrderedTableMtEph test_split_and_join_multithreaded
        PASS [   0.003s] apas-verus::TestAugOrderedTableMtEph test_split_rank_key
        PASS [   0.002s] apas-verus::TestAugOrderedTableMtEph test_string_concatenation_multithreaded
        PASS [   0.002s] apas-verus::TestAugOrderedTableMtEph test_subtract_operation
        PASS [   0.003s] apas-verus::TestAugOrderedTableMtEph test_sum_reducer_multithreaded
        PASS [   0.003s] apas-verus::TestAugOrderedTableMtEph test_tabulate_operation
        PASS [   0.003s] apas-verus::TestAugOrderedTableMtEph test_thread_safety_basic
        PASS [   0.003s] apas-verus::TestAugOrderedTableMtEph test_union_operation_multithreaded
        PASS [   0.004s] apas-verus::TestAugOrderedTableStEph test_collect_operation
        PASS [   0.003s] apas-verus::TestAugOrderedTableStEph test_delete_and_reduce_val
        PASS [   0.037s] apas-verus::TestAugOrderedTableMtEph test_complex_multithreaded_scenario
        PASS [   0.003s] apas-verus::TestAugOrderedTableStEph test_delete_nonexistent
        PASS [   0.003s] apas-verus::TestAugOrderedTableStEph test_difference_operation
        PASS [   0.039s] apas-verus::TestAugOrderedTableMtEph test_concurrent_reads
        PASS [   0.003s] apas-verus::TestAugOrderedTableStEph test_display_and_debug
        PASS [   0.003s] apas-verus::TestAugOrderedTableStEph test_domain_operation
        PASS [   0.014s] apas-verus::TestAugOrderedTableStEph test_complex_qadsan_scenario
        PASS [   0.003s] apas-verus::TestAugOrderedTableStEph test_empty_table
        PASS [   0.002s] apas-verus::TestAugOrderedTableStEph test_filter_operation
        PASS [   0.002s] apas-verus::TestAugOrderedTableStEph test_insert_and_reduce_val
        PASS [   0.003s] apas-verus::TestAugOrderedTableStEph test_get_key_range
        PASS [   0.002s] apas-verus::TestAugOrderedTableStEph test_intersection_operation
        PASS [   0.003s] apas-verus::TestAugOrderedTableStEph test_key_navigation
        PASS [   0.002s] apas-verus::TestAugOrderedTableStEph test_min_reducer
        PASS [   0.003s] apas-verus::TestAugOrderedTableStEph test_macro_construction
        PASS [   0.003s] apas-verus::TestAugOrderedTableStEph test_map_operation
        PASS [   0.002s] apas-verus::TestAugOrderedTableStEph test_mutable_operations
        PASS [   0.003s] apas-verus::TestAugOrderedTableStEph test_ordering_operations
        PASS [   0.003s] apas-verus::TestAugOrderedTableStEph test_qadsan_stock_scenario
        PASS [   0.003s] apas-verus::TestAugOrderedTableStEph test_range_operations
        PASS [   0.002s] apas-verus::TestAugOrderedTableStEph test_rank_and_select
        PASS [   0.002s] apas-verus::TestAugOrderedTableStEph test_reduce_operation
        PASS [   0.003s] apas-verus::TestAugOrderedTableStEph test_restrict_operation
        PASS [   0.003s] apas-verus::TestAugOrderedTableStEph test_singleton_table
        PASS [   0.003s] apas-verus::TestAugOrderedTableStEph test_split_and_join
        PASS [   0.002s] apas-verus::TestAugOrderedTableStEph test_split_rank_key
        PASS [   0.002s] apas-verus::TestAugOrderedTableStEph test_union_operation
        PASS [   0.003s] apas-verus::TestAugOrderedTableStEph test_subtract_operation
        PASS [   0.003s] apas-verus::TestAugOrderedTableStEph test_string_concatenation_reducer
        PASS [   0.003s] apas-verus::TestAugOrderedTableStEph test_tabulate_operation
        PASS [   0.002s] apas-verus::TestAugOrderedTableStPer test_delete_and_reduce_val
        PASS [   0.003s] apas-verus::TestAugOrderedTableStPer test_collect_operation
        PASS [   0.003s] apas-verus::TestAugOrderedTableStPer test_delete_nonexistent
        PASS [   0.003s] apas-verus::TestAugOrderedTableStPer test_difference_operation
        PASS [   0.003s] apas-verus::TestAugOrderedTableStPer test_display_and_debug
        PASS [   0.003s] apas-verus::TestAugOrderedTableStPer test_domain_operation
        PASS [   0.003s] apas-verus::TestAugOrderedTableStPer test_filter_operation
        PASS [   0.003s] apas-verus::TestAugOrderedTableStPer test_empty_table
        PASS [   0.009s] apas-verus::TestAugOrderedTableStPer test_complex_tramlaw_scenario
        PASS [   0.003s] apas-verus::TestAugOrderedTableStPer test_get_key_range
        PASS [   0.002s] apas-verus::TestAugOrderedTableStPer test_intersection_operation
        PASS [   0.003s] apas-verus::TestAugOrderedTableStPer test_insert_and_reduce_val
        PASS [   0.003s] apas-verus::TestAugOrderedTableStPer test_macro_construction
        PASS [   0.003s] apas-verus::TestAugOrderedTableStPer test_map_operation
        PASS [   0.003s] apas-verus::TestAugOrderedTableStPer test_max_reducer
        PASS [   0.003s] apas-verus::TestAugOrderedTableStPer test_ordering_operations
        PASS [   0.003s] apas-verus::TestAugOrderedTableStPer test_range_operations
        PASS [   0.003s] apas-verus::TestAugOrderedTableStPer test_restrict_operation
        PASS [   0.002s] apas-verus::TestAugOrderedTableStPer test_singleton_table
        PASS [   0.002s] apas-verus::TestAugOrderedTableStPer test_split_and_join
        PASS [   0.003s] apas-verus::TestAugOrderedTableStPer test_split_rank_key
        PASS [   0.003s] apas-verus::TestAugOrderedTableStPer test_string_concatenation_reducer
        PASS [   0.002s] apas-verus::TestAugOrderedTableStPer test_subtract_operation
        PASS [   0.003s] apas-verus::TestAugOrderedTableStPer test_tabulate_operation
        PASS [   0.003s] apas-verus::TestAugOrderedTableStPer test_tramlaw_sales_scenario
        PASS [   0.003s] apas-verus::TestAugOrderedTableStPer test_union_operation
        PASS [   0.003s] apas-verus::TestBFSMtEph test_cycle
        PASS [   0.003s] apas-verus::TestBFSMtEph test_dag
        PASS [   0.003s] apas-verus::TestBFSMtEph test_line_graph
        PASS [   0.003s] apas-verus::TestBFSMtEph test_self_loop
        PASS [   0.002s] apas-verus::TestBFSMtEph test_single_vertex
        PASS [   0.003s] apas-verus::TestBFSMtEph test_star_graph
        PASS [   0.003s] apas-verus::TestBFSMtEph test_tree_bottom_up_iteration
        PASS [   0.003s] apas-verus::TestBFSMtEph test_tree_dag
        PASS [   0.002s] apas-verus::TestBFSMtEph test_tree_line_graph
        PASS [   0.002s] apas-verus::TestBFSMtEph test_tree_single_vertex
        PASS [   0.002s] apas-verus::TestBFSMtEph test_tree_top_down_iteration
        PASS [   0.003s] apas-verus::TestBFSMtEph test_tree_unreachable
        PASS [   0.003s] apas-verus::TestBFSMtEph test_unreachable
        PASS [   0.003s] apas-verus::TestBFSMtPer test_cycle
        PASS [   0.003s] apas-verus::TestBFSMtPer test_dag
        PASS [   0.002s] apas-verus::TestBFSMtPer test_line_graph
        PASS [   0.002s] apas-verus::TestBFSMtPer test_single_vertex
        PASS [   0.003s] apas-verus::TestBFSMtPer test_tree_bottom_up_iteration
        PASS [   0.003s] apas-verus::TestBFSMtPer test_tree_line_graph
        PASS [   0.003s] apas-verus::TestBFSMtPer test_tree_single_vertex
        PASS [   0.003s] apas-verus::TestBFSMtPer test_tree_top_down_iteration
        PASS [   0.002s] apas-verus::TestBFSMtPer test_unreachable
        PASS [   0.002s] apas-verus::TestBFSMtPer test_tree_unreachable
        PASS [   0.002s] apas-verus::TestBFSStEph test_bfs_cycle
        PASS [   0.002s] apas-verus::TestBFSStEph test_bfs_from_middle
        PASS [   0.002s] apas-verus::TestBFSStEph test_complete_graph_distances
        PASS [   0.002s] apas-verus::TestBFSStEph test_cycle
        PASS [   0.003s] apas-verus::TestBFSStEph test_complete_graph
        PASS [   0.003s] apas-verus::TestBFSStEph test_dag
        PASS [   0.002s] apas-verus::TestBFSStEph test_line_graph
        PASS [   0.003s] apas-verus::TestBFSStEph test_self_loop
        PASS [   0.003s] apas-verus::TestBFSStEph test_single_vertex
        PASS [   0.003s] apas-verus::TestBFSStEph test_star_graph
        PASS [   0.002s] apas-verus::TestBFSStEph test_tree_bottom_up_iteration
        PASS [   0.002s] apas-verus::TestBFSStEph test_tree_dag
        PASS [   0.003s] apas-verus::TestBFSStEph test_tree_line_graph
        PASS [   0.002s] apas-verus::TestBFSStEph test_tree_unreachable
        PASS [   0.003s] apas-verus::TestBFSStEph test_tree_single_vertex
        PASS [   0.003s] apas-verus::TestBFSStEph test_tree_top_down_iteration
        PASS [   0.002s] apas-verus::TestBFSStPer test_cycle
        PASS [   0.003s] apas-verus::TestBFSStEph test_unreachable
        PASS [   0.003s] apas-verus::TestBFSStPer test_bfs_from_middle
        PASS [   0.002s] apas-verus::TestBFSStPer test_dag
        PASS [   0.002s] apas-verus::TestBFSStPer test_line_graph
        PASS [   0.002s] apas-verus::TestBFSStPer test_self_loop
        PASS [   0.002s] apas-verus::TestBFSStPer test_single_vertex
        PASS [   0.002s] apas-verus::TestBFSStPer test_star_graph
        PASS [   0.003s] apas-verus::TestBFSStPer test_tree_bottom_up_iteration
        PASS [   0.002s] apas-verus::TestBFSStPer test_tree_single_vertex
        PASS [   0.003s] apas-verus::TestBFSStPer test_tree_line_graph
        PASS [   0.003s] apas-verus::TestBFSStPer test_tree_top_down_iteration
        PASS [   0.002s] apas-verus::TestBFSStPer test_unreachable
        PASS [   0.003s] apas-verus::TestBFSStPer test_tree_unreachable
        PASS [   0.003s] apas-verus::TestBSTAVLMtEph test_bstavlmtephlit_macro_functionality
        PASS [   0.003s] apas-verus::TestBSTAVLMtEph test_contains
        PASS [   0.003s] apas-verus::TestBSTAVLMtEph test_duplicate_insert
        PASS [   0.002s] apas-verus::TestBSTAVLMtEph test_height
        PASS [   0.002s] apas-verus::TestBSTAVLMtEph test_insert_and_contains
        PASS [   0.003s] apas-verus::TestBSTAVLMtEph test_insert_sequential
        PASS [   0.003s] apas-verus::TestBSTAVLMtEph test_new_empty
        PASS [   0.003s] apas-verus::TestBSTAVLMtEph test_is_empty
        PASS [   0.002s] apas-verus::TestBSTAVLMtEph test_size
        PASS [   0.002s] apas-verus::TestBSTAVLMtEph test_trait_insert_direct
        PASS [   0.003s] apas-verus::TestBSTAVLStEph test_avl_balancing_ascending
        PASS [   0.003s] apas-verus::TestBSTAVLMtEph test_trait_new_direct
        PASS [   0.003s] apas-verus::TestBSTAVLStEph test_avl_contains
        PASS [   0.002s] apas-verus::TestBSTAVLStEph test_avl_duplicate_insert
        PASS [   0.002s] apas-verus::TestBSTAVLStEph test_avl_insert_and_find
        PASS [   0.003s] apas-verus::TestBSTAVLStEph test_avl_height
        PASS [   0.003s] apas-verus::TestBSTAVLStEph test_avl_new_empty
        PASS [   0.002s] apas-verus::TestBSTAVLStEph test_bstavlstephlit_macro_empty
        PASS [   0.003s] apas-verus::TestBSTAVLStEph test_avl_size
        PASS [   0.003s] apas-verus::TestBSTAVLStEph test_bstavlstephlit_macro_with_elements
        PASS [   0.003s] apas-verus::TestBSTBBAlphaMtEph test_contains
        PASS [   0.003s] apas-verus::TestBSTBBAlphaMtEph test_bstbbalphamtephlit_macro_functionality
        PASS [   0.003s] apas-verus::TestBSTBBAlphaMtEph test_duplicate_insert
        PASS [   0.003s] apas-verus::TestBSTBBAlphaMtEph test_height
        PASS [   0.002s] apas-verus::TestBSTBBAlphaMtEph test_is_empty
        PASS [   0.003s] apas-verus::TestBSTBBAlphaMtEph test_insert_sequential
        PASS [   0.003s] apas-verus::TestBSTBBAlphaMtEph test_insert_and_contains
        PASS [   0.003s] apas-verus::TestBSTBBAlphaMtEph test_new_empty
        PASS [   0.002s] apas-verus::TestBSTBBAlphaMtEph test_size
        PASS [   0.003s] apas-verus::TestBSTBBAlphaMtEph test_trait_insert_direct
        PASS [   0.003s] apas-verus::TestBSTBBAlphaMtEph test_trait_new_direct
        PASS [   0.002s] apas-verus::TestBSTBBAlphaStEph test_bstbbalphastephlit_macro_empty
        PASS [   0.003s] apas-verus::TestBSTBBAlphaStEph test_balancing_ascending
        PASS [   0.002s] apas-verus::TestBSTBBAlphaStEph test_bstbbalphastephlit_macro_with_elements
        PASS [   0.002s] apas-verus::TestBSTBBAlphaStEph test_contains
        PASS [   0.002s] apas-verus::TestBSTBBAlphaStEph test_delete_all
        PASS [   0.002s] apas-verus::TestBSTBBAlphaStEph test_delete_leaf
        PASS [   0.003s] apas-verus::TestBSTBBAlphaStEph test_delete_nonexistent
        PASS [   0.003s] apas-verus::TestBSTBBAlphaStEph test_delete_root
        PASS [   0.003s] apas-verus::TestBSTBBAlphaStEph test_delete_with_children
        PASS [   0.003s] apas-verus::TestBSTBBAlphaStEph test_duplicate_insert
        PASS [   0.003s] apas-verus::TestBSTBBAlphaStEph test_height
        PASS [   0.003s] apas-verus::TestBSTBBAlphaStEph test_insert_and_find
        PASS [   0.003s] apas-verus::TestBSTBBAlphaStEph test_new_empty
        PASS [   0.003s] apas-verus::TestBSTBBAlphaStEph test_size
        PASS [   0.003s] apas-verus::TestBSTKeyValueStEph key_value_bst_basic_operations
        PASS [   0.003s] apas-verus::TestBSTKeyValueStEph key_value_bst_collections
        PASS [   0.003s] apas-verus::TestBSTKeyValueStEph key_value_bst_delete_absent_key
        PASS [   0.003s] apas-verus::TestBSTKeyValueStEph key_value_bst_delete_all
        PASS [   0.003s] apas-verus::TestBSTKeyValueStEph key_value_bst_delete_all_keys
        PASS [   0.003s] apas-verus::TestBSTKeyValueStEph key_value_bst_delete_basic
        PASS [   0.002s] apas-verus::TestBSTKeyValueStEph key_value_bst_delete_nonexistent
        PASS [   0.002s] apas-verus::TestBSTKeyValueStEph key_value_bst_empty_operations
        PASS [   0.002s] apas-verus::TestBSTKeyValueStEph key_value_bst_height_stays_reasonable
        PASS [   0.002s] apas-verus::TestBSTKeyValueStEph key_value_bst_insert_delete_insert
        PASS [   0.003s] apas-verus::TestBSTKeyValueStEph key_value_bst_insert_duplicate_key_updates_value
        PASS [   0.003s] apas-verus::TestBSTKeyValueStEph key_value_bst_keys_order
        PASS [   0.003s] apas-verus::TestBSTKeyValueStEph key_value_bst_large_sequential_insert
        PASS [   0.003s] apas-verus::TestBSTKeyValueStEph key_value_bst_macro_literal
        PASS [   0.003s] apas-verus::TestBSTKeyValueStEph key_value_bst_min_max_track_correctly
        PASS [   0.003s] apas-verus::TestBSTKeyValueStEph key_value_bst_single_element
        PASS [   0.003s] apas-verus::TestBSTKeyValueStEph key_value_bst_string_keys
        PASS [   0.003s] apas-verus::TestBSTKeyValueStEph key_value_bst_update_existing_key
        PASS [   0.003s] apas-verus::TestBSTParaMtEph para_basic_insert_find
        PASS [   0.003s] apas-verus::TestBSTParaMtEph para_concurrent_expose_join_mid
        PASS [   0.002s] apas-verus::TestBSTParaMtEph para_delete_nonexistent_key
        PASS [   0.004s] apas-verus::TestBSTParaMtEph para_concurrent_set_operations
        PASS [   0.004s] apas-verus::TestBSTParaMtEph para_concurrent_split_join
        PASS [   0.005s] apas-verus::TestBSTParaMtEph para_concurrent_filter_reduce
        PASS [   0.003s] apas-verus::TestBSTParaMtEph para_filter_and_reduce
        PASS [   0.003s] apas-verus::TestBSTParaMtEph para_intersect_and_difference
        PASS [   0.005s] apas-verus::TestBSTParaMtEph para_filter_and_reduce_edge_cases
        PASS [   0.003s] apas-verus::TestBSTParaMtEph para_join_mid_expose_roundtrip
        PASS [   0.003s] apas-verus::TestBSTParaMtEph para_mt_clone_independence
        PASS [   0.003s] apas-verus::TestBSTParaMtEph para_mt_duplicate_insert
        PASS [   0.003s] apas-verus::TestBSTParaMtEph para_mt_in_order_sorted
        PASS [   0.003s] apas-verus::TestBSTParaMtEph para_mt_join_pair_disjoint
        PASS [   0.002s] apas-verus::TestBSTParaMtEph para_ops_on_empty_tree
        PASS [   0.002s] apas-verus::TestBSTParaMtEph para_singleton
        PASS [   0.003s] apas-verus::TestBSTParaMtEph para_split_and_join_pair
        PASS [   0.003s] apas-verus::TestBSTParaMtEph para_split_nonexistent_key
        PASS [   0.003s] apas-verus::TestBSTParaMtEph para_union_and_delete
        PASS [   0.008s] apas-verus::TestBSTParaMtEph para_sequential_insert_delete
        PASS [   0.003s] apas-verus::TestBSTParaStEph para_basic_insert_find
        PASS [   0.003s] apas-verus::TestBSTParaStEph para_clone_independence
        PASS [   0.002s] apas-verus::TestBSTParaStEph para_delete_all_elements
        PASS [   0.003s] apas-verus::TestBSTParaStEph para_delete_nonexistent_key
        PASS [   0.003s] apas-verus::TestBSTParaStEph para_delete_root
        PASS [   0.003s] apas-verus::TestBSTParaStEph para_difference_with_self
        PASS [   0.002s] apas-verus::TestBSTParaStEph para_duplicate_insert
        PASS [   0.003s] apas-verus::TestBSTParaStEph para_filter_all_match
        PASS [   0.003s] apas-verus::TestBSTParaStEph para_filter_and_reduce
        PASS [   0.002s] apas-verus::TestBSTParaStEph para_filter_none_match
        PASS [   0.004s] apas-verus::TestBSTParaStEph para_filter_and_reduce_edge_cases
        PASS [   0.002s] apas-verus::TestBSTParaStEph para_in_order_sorted
        PASS [   0.020s] apas-verus::TestBSTParaMtEph para_union_large_balanced
        PASS [   0.003s] apas-verus::TestBSTParaStEph para_intersect_and_difference
        PASS [   0.003s] apas-verus::TestBSTParaStEph para_intersect_with_self
        PASS [   0.039s] apas-verus::TestBSTParaMtEph para_intersect_and_difference_large
        PASS [   0.007s] apas-verus::TestBSTParaStEph para_insert_descending_order
        PASS [   0.002s] apas-verus::TestBSTParaStEph para_join_mid_expose_roundtrip
        PASS [   0.003s] apas-verus::TestBSTParaStEph para_join_pair_disjoint
        PASS [   0.003s] apas-verus::TestBSTParaStEph para_ops_on_empty_tree
        PASS [   0.003s] apas-verus::TestBSTParaStEph para_reduce_product
        PASS [   0.006s] apas-verus::TestBSTParaStEph para_large_union
        PASS [   0.002s] apas-verus::TestBSTParaStEph para_split_and_join_pair
        PASS [   0.003s] apas-verus::TestBSTParaStEph para_singleton
        PASS [   0.003s] apas-verus::TestBSTParaStEph para_split_at_min_and_max
        PASS [   0.003s] apas-verus::TestBSTParaStEph para_split_nonexistent_key
        PASS [   0.003s] apas-verus::TestBSTParaStEph para_union_and_delete
        PASS [   0.003s] apas-verus::TestBSTParaStEph para_union_with_self
        PASS [   0.002s] apas-verus::TestBSTParaStEph test_parambstlit_macro_functionality
        PASS [   0.003s] apas-verus::TestBSTParaTreapMtEph test_delete
        PASS [   0.003s] apas-verus::TestBSTParaTreapMtEph test_delete_nonexistent
        PASS [   0.003s] apas-verus::TestBSTParaTreapMtEph test_difference
        PASS [   0.003s] apas-verus::TestBSTParaTreapMtEph test_difference_complete
        PASS [   0.003s] apas-verus::TestBSTParaTreapMtEph test_duplicate_insert
        PASS [   0.003s] apas-verus::TestBSTParaTreapMtEph test_expose
        PASS [   0.003s] apas-verus::TestBSTParaTreapMtEph test_filter
        PASS [   0.026s] apas-verus::TestBSTParaStEph para_intersect_and_difference_large
        PASS [   0.003s] apas-verus::TestBSTParaTreapMtEph test_filter_all
        PASS [   0.002s] apas-verus::TestBSTParaTreapMtEph test_filter_none
        PASS [   0.002s] apas-verus::TestBSTParaTreapMtEph test_find
        PASS [   0.002s] apas-verus::TestBSTParaTreapMtEph test_insert
        PASS [   0.002s] apas-verus::TestBSTParaTreapMtEph test_intersect
        PASS [   0.002s] apas-verus::TestBSTParaTreapMtEph test_intersect_empty
        PASS [   0.002s] apas-verus::TestBSTParaTreapMtEph test_join_mid
        PASS [   0.002s] apas-verus::TestBSTParaTreapMtEph test_new
        PASS [   0.003s] apas-verus::TestBSTParaTreapMtEph test_join_pair
        PASS [   0.003s] apas-verus::TestBSTParaTreapMtEph test_paramtreaplit_macro_functionality
        PASS [   0.002s] apas-verus::TestBSTParaTreapMtEph test_reduce_empty
        PASS [   0.005s] apas-verus::TestBSTParaTreapMtEph test_large_tree
        PASS [   0.003s] apas-verus::TestBSTParaTreapMtEph test_reduce
        PASS [   0.002s] apas-verus::TestBSTParaTreapMtEph test_sequential_operations
        PASS [   0.002s] apas-verus::TestBSTParaTreapMtEph test_split_boundaries
        PASS [   0.003s] apas-verus::TestBSTParaTreapMtEph test_split
        PASS [   0.002s] apas-verus::TestBSTParaTreapMtEph test_split_empty
        PASS [   0.002s] apas-verus::TestBSTParaTreapMtEph test_string_keys
        PASS [   0.002s] apas-verus::TestBSTPlainMtEph test_bstplainmtephlit_macro_functionality
        PASS [   0.003s] apas-verus::TestBSTParaTreapMtEph test_union
        PASS [   0.003s] apas-verus::TestBSTPlainMtEph test_contains
        PASS [   0.003s] apas-verus::TestBSTParaTreapMtEph test_union_disjoint
        PASS [   0.003s] apas-verus::TestBSTPlainMtEph test_insert_and_contains
        PASS [   0.003s] apas-verus::TestBSTPlainMtEph test_duplicate_insert
        PASS [   0.003s] apas-verus::TestBSTPlainMtEph test_height
        PASS [   0.003s] apas-verus::TestBSTPlainMtEph test_insert_sequential
        PASS [   0.003s] apas-verus::TestBSTPlainMtEph test_is_empty
        PASS [   0.003s] apas-verus::TestBSTPlainMtEph test_size
        PASS [   0.003s] apas-verus::TestBSTPlainMtEph test_new_empty
        PASS [   0.003s] apas-verus::TestBSTPlainMtEph test_trait_insert_direct
        PASS [   0.003s] apas-verus::TestBSTPlainMtEph test_trait_new_direct
        PASS [   0.003s] apas-verus::TestBSTPlainStEph test_bstplainstephlit_macro_empty
        PASS [   0.003s] apas-verus::TestBSTPlainStEph test_bstplainstephlit_macro_with_elements
        PASS [   0.003s] apas-verus::TestBSTPlainStEph test_contains
        PASS [   0.003s] apas-verus::TestBSTPlainStEph test_delete_all
        PASS [   0.003s] apas-verus::TestBSTPlainStEph test_delete_leaf
        PASS [   0.003s] apas-verus::TestBSTPlainStEph test_delete_root
        PASS [   0.003s] apas-verus::TestBSTPlainStEph test_delete_nonexistent
        PASS [   0.003s] apas-verus::TestBSTPlainStEph test_duplicate_insert
        PASS [   0.003s] apas-verus::TestBSTPlainStEph test_delete_with_children
        PASS [   0.003s] apas-verus::TestBSTPlainStEph test_height
        PASS [   0.003s] apas-verus::TestBSTPlainStEph test_insert_and_find
        PASS [   0.003s] apas-verus::TestBSTPlainStEph test_new_empty
        PASS [   0.003s] apas-verus::TestBSTPlainStEph test_is_empty
        PASS [   0.003s] apas-verus::TestBSTRBMtEph test_bstrbmtephlit_macro_functionality
        PASS [   0.003s] apas-verus::TestBSTPlainStEph test_size
        PASS [   0.003s] apas-verus::TestBSTRBMtEph test_contains
        PASS [   0.003s] apas-verus::TestBSTRBMtEph test_default
        PASS [   0.003s] apas-verus::TestBSTRBMtEph test_duplicate_insert
        PASS [   0.003s] apas-verus::TestBSTRBMtEph test_filter
        PASS [   0.003s] apas-verus::TestBSTRBMtEph test_filter_none
        PASS [   0.003s] apas-verus::TestBSTRBMtEph test_filter_all
        PASS [   0.003s] apas-verus::TestBSTRBMtEph test_from_sorted_slice
        PASS [   0.003s] apas-verus::TestBSTRBMtEph test_from_sorted_slice_empty
        PASS [   0.248s] apas-verus::TestAugOrderedTableMtEph test_qadsan_multithreaded_scenario
        PASS [   0.003s] apas-verus::TestBSTRBMtEph test_height
        PASS [   0.003s] apas-verus::TestBSTRBMtEph test_in_order_traversal
        PASS [   0.002s] apas-verus::TestBSTRBMtEph test_is_empty
        PASS [   0.003s] apas-verus::TestBSTRBMtEph test_insert_and_find
        PASS [   0.003s] apas-verus::TestBSTRBMtEph test_minimum_maximum
        PASS [   0.002s] apas-verus::TestBSTRBMtEph test_pre_order_traversal
        PASS [   0.003s] apas-verus::TestBSTRBMtEph test_new_empty
        PASS [   0.002s] apas-verus::TestBSTRBMtEph test_rb_balancing
        PASS [   0.002s] apas-verus::TestBSTRBMtEph test_reduce_max
        PASS [   0.003s] apas-verus::TestBSTRBMtEph test_reduce_empty
        PASS [   0.002s] apas-verus::TestBSTRBMtEph test_reduce_product
        PASS [   0.002s] apas-verus::TestBSTRBMtEph test_size
        PASS [   0.002s] apas-verus::TestBSTRBMtEph test_reduce_sum
        PASS [   0.002s] apas-verus::TestBSTRBMtEph test_trait_from_sorted
        PASS [   0.002s] apas-verus::TestBSTRBStEph test_bstrbstephlit_macro_empty
        PASS [   0.003s] apas-verus::TestBSTRBMtEph test_trait_methods_direct
        PASS [   0.003s] apas-verus::TestBSTRBMtEph test_trait_new
        PASS [   0.003s] apas-verus::TestBSTRBStEph test_bstrbstephlit_macro_with_elements
        PASS [   0.003s] apas-verus::TestBSTRBStEph test_rb_balancing_ascending
        PASS [   0.002s] apas-verus::TestBSTRBStEph test_rb_duplicate_insert
        PASS [   0.003s] apas-verus::TestBSTRBStEph test_rb_contains
        PASS [   0.003s] apas-verus::TestBSTRBStEph test_rb_height
        PASS [   0.003s] apas-verus::TestBSTRBStEph test_rb_insert_and_find
        PASS [   0.002s] apas-verus::TestBSTRBStEph test_rb_new_empty
        PASS [   0.002s] apas-verus::TestBSTRBStEph test_rb_size
        PASS [   0.002s] apas-verus::TestBSTReducedStEph reduced_bst_collections
        PASS [   0.003s] apas-verus::TestBSTReducedStEph reduced_bst_count_operations
        PASS [   0.003s] apas-verus::TestBSTReducedStEph reduced_bst_height_stays_reasonable
        PASS [   0.003s] apas-verus::TestBSTReducedStEph reduced_bst_macro_literal
        PASS [   0.003s] apas-verus::TestBSTReducedStEph reduced_bst_range_queries
        PASS [   0.002s] apas-verus::TestBSTReducedStEph reduced_bst_string_keys
        PASS [   0.002s] apas-verus::TestBSTReducedStEph reduced_bst_sum_operations
        PASS [   0.003s] apas-verus::TestBSTReducedStEph reduced_bst_update_existing_key
        PASS [   0.003s] apas-verus::TestBSTReducedStEph test_contains_method
        PASS [   0.003s] apas-verus::TestBSTReducedStEph test_count_reducer_all_operations
        PASS [   0.003s] apas-verus::TestBSTReducedStEph test_countop_trait
        PASS [   0.002s] apas-verus::TestBSTReducedStEph test_duplicate_keys_overwrite
        PASS [   0.003s] apas-verus::TestBSTReducedStEph test_edge_case_ranges
        PASS [   0.002s] apas-verus::TestBSTReducedStEph test_minimum_maximum_keys
        PASS [   0.003s] apas-verus::TestBSTReducedStEph test_empty_tree_operations
        PASS [   0.003s] apas-verus::TestBSTReducedStEph test_large_tree_with_all_operations
        PASS [   0.003s] apas-verus::TestBSTReducedStEph test_get_method
        PASS [   0.002s] apas-verus::TestBSTSetAVLMtEph test_as_tree
        PASS [   0.003s] apas-verus::TestBSTReducedStEph test_single_element_operations
        PASS [   0.003s] apas-verus::TestBSTReducedStEph test_sumop_trait
        PASS [   0.003s] apas-verus::TestBSTSetAVLMtEph test_bstsetavlmtephlit_macro_functionality
        PASS [   0.003s] apas-verus::TestBSTSetAVLMtEph test_balanced_after_inserts
        PASS [   0.003s] apas-verus::TestBSTSetAVLMtEph test_delete
        PASS [   0.002s] apas-verus::TestBSTSetAVLMtEph test_delete_multiple
        PASS [   0.003s] apas-verus::TestBSTSetAVLMtEph test_difference
        PASS [   0.003s] apas-verus::TestBSTSetAVLMtEph test_duplicate_insert
        PASS [   0.003s] apas-verus::TestBSTSetAVLMtEph test_empty
        PASS [   0.002s] apas-verus::TestBSTSetAVLMtEph test_filter
        PASS [   0.002s] apas-verus::TestBSTSetAVLMtEph test_insert_and_contains
        PASS [   0.002s] apas-verus::TestBSTSetAVLMtEph test_intersection_disjoint
        PASS [   0.003s] apas-verus::TestBSTSetAVLMtEph test_intersection
        PASS [   0.003s] apas-verus::TestBSTSetAVLMtEph test_iter_in_order
        PASS [   0.003s] apas-verus::TestBSTSetAVLMtEph test_join_m
        PASS [   0.003s] apas-verus::TestBSTSetAVLMtEph test_join_m_with_empty
        PASS [   0.002s] apas-verus::TestBSTSetAVLMtEph test_minimum_maximum
        PASS [   0.003s] apas-verus::TestBSTSetAVLMtEph test_large_set
        PASS [   0.003s] apas-verus::TestBSTSetAVLMtEph test_join_pair
        PASS [   0.002s] apas-verus::TestBSTSetAVLMtEph test_negative_numbers
        PASS [   0.002s] apas-verus::TestBSTSetAVLMtEph test_reduce
        PASS [   0.002s] apas-verus::TestBSTSetAVLMtEph test_singleton
        PASS [   0.002s] apas-verus::TestBSTSetAVLMtEph test_split
        PASS [   0.002s] apas-verus::TestBSTSetAVLMtEph test_trait_impl_as_tree
        PASS [   0.003s] apas-verus::TestBSTSetAVLMtEph test_trait_impl_contains
        PASS [   0.002s] apas-verus::TestBSTSetAVLMtEph test_trait_impl_delete
        PASS [   0.002s] apas-verus::TestBSTSetAVLMtEph test_trait_impl_difference
        PASS [   0.002s] apas-verus::TestBSTSetAVLMtEph test_trait_impl_empty
        PASS [   0.002s] apas-verus::TestBSTSetAVLMtEph test_trait_impl_filter
        PASS [   0.002s] apas-verus::TestBSTSetAVLMtEph test_trait_impl_find
        PASS [   0.002s] apas-verus::TestBSTSetAVLMtEph test_trait_impl_insert
        PASS [   0.002s] apas-verus::TestBSTSetAVLMtEph test_trait_impl_iter_in_order
        PASS [   0.002s] apas-verus::TestBSTSetAVLMtEph test_trait_impl_intersection
        PASS [   0.003s] apas-verus::TestBSTSetAVLMtEph test_trait_impl_join_m
        PASS [   0.003s] apas-verus::TestBSTSetAVLMtEph test_trait_impl_join_pair
        PASS [   0.003s] apas-verus::TestBSTSetAVLMtEph test_trait_impl_maximum
        PASS [   0.002s] apas-verus::TestBSTSetAVLMtEph test_trait_impl_reduce
        PASS [   0.003s] apas-verus::TestBSTSetAVLMtEph test_trait_impl_minimum
        PASS [   0.002s] apas-verus::TestBSTSetAVLMtEph test_trait_impl_singleton
        PASS [   0.002s] apas-verus::TestBSTSetAVLMtEph test_trait_impl_split
        PASS [   0.003s] apas-verus::TestBSTSetAVLMtEph test_trait_impl_union
        PASS [   0.003s] apas-verus::TestBSTSetAVLMtEph test_union
        PASS [   0.002s] apas-verus::TestBSTSetAVLMtEph test_union_empty
        PASS [   0.002s] apas-verus::TestBSTSetBBAlphaMtEph test_as_tree
        PASS [   0.002s] apas-verus::TestBSTSetBBAlphaMtEph test_balanced_after_inserts
        PASS [   0.003s] apas-verus::TestBSTSetBBAlphaMtEph test_delete
        PASS [   0.002s] apas-verus::TestBSTSetBBAlphaMtEph test_delete_multiple
        PASS [   0.003s] apas-verus::TestBSTSetBBAlphaMtEph test_bstsetbbalphamtephlit_macro_functionality
        PASS [   0.002s] apas-verus::TestBSTSetBBAlphaMtEph test_difference
        PASS [   0.002s] apas-verus::TestBSTSetBBAlphaMtEph test_duplicate_insert
        PASS [   0.002s] apas-verus::TestBSTSetBBAlphaMtEph test_empty
        PASS [   0.002s] apas-verus::TestBSTSetBBAlphaMtEph test_filter
        PASS [   0.003s] apas-verus::TestBSTSetBBAlphaMtEph test_insert_and_contains
        PASS [   0.004s] apas-verus::TestBSTSetBBAlphaMtEph test_intersection
        PASS [   0.003s] apas-verus::TestBSTSetBBAlphaMtEph test_intersection_disjoint
        PASS [   0.003s] apas-verus::TestBSTSetBBAlphaMtEph test_join_m
        PASS [   0.003s] apas-verus::TestBSTSetBBAlphaMtEph test_iter_in_order
        PASS [   0.002s] apas-verus::TestBSTSetBBAlphaMtEph test_join_pair
        PASS [   0.003s] apas-verus::TestBSTSetBBAlphaMtEph test_join_m_with_empty
        PASS [   0.003s] apas-verus::TestBSTSetBBAlphaMtEph test_large_set
        PASS [   0.002s] apas-verus::TestBSTSetBBAlphaMtEph test_negative_numbers
        PASS [   0.003s] apas-verus::TestBSTSetBBAlphaMtEph test_minimum_maximum
        PASS [   0.003s] apas-verus::TestBSTSetBBAlphaMtEph test_reduce
        PASS [   0.003s] apas-verus::TestBSTSetBBAlphaMtEph test_singleton
        PASS [   0.003s] apas-verus::TestBSTSetBBAlphaMtEph test_split
        PASS [   0.002s] apas-verus::TestBSTSetBBAlphaMtEph test_trait_impl_as_tree
        PASS [   0.003s] apas-verus::TestBSTSetBBAlphaMtEph test_trait_impl_contains
        PASS [   0.002s] apas-verus::TestBSTSetBBAlphaMtEph test_trait_impl_delete
        PASS [   0.003s] apas-verus::TestBSTSetBBAlphaMtEph test_trait_impl_difference
        PASS [   0.003s] apas-verus::TestBSTSetBBAlphaMtEph test_trait_impl_empty
        PASS [   0.003s] apas-verus::TestBSTSetBBAlphaMtEph test_trait_impl_filter
        PASS [   0.002s] apas-verus::TestBSTSetBBAlphaMtEph test_trait_impl_find
        PASS [   0.002s] apas-verus::TestBSTSetBBAlphaMtEph test_trait_impl_insert
        PASS [   0.002s] apas-verus::TestBSTSetBBAlphaMtEph test_trait_impl_intersection
        PASS [   0.002s] apas-verus::TestBSTSetBBAlphaMtEph test_trait_impl_iter_in_order
        PASS [   0.002s] apas-verus::TestBSTSetBBAlphaMtEph test_trait_impl_join_m
        PASS [   0.002s] apas-verus::TestBSTSetBBAlphaMtEph test_trait_impl_join_pair
        PASS [   0.002s] apas-verus::TestBSTSetBBAlphaMtEph test_trait_impl_maximum
        PASS [   0.002s] apas-verus::TestBSTSetBBAlphaMtEph test_trait_impl_singleton
        PASS [   0.003s] apas-verus::TestBSTSetBBAlphaMtEph test_trait_impl_minimum
        PASS [   0.003s] apas-verus::TestBSTSetBBAlphaMtEph test_trait_impl_reduce
        PASS [   0.003s] apas-verus::TestBSTSetBBAlphaMtEph test_trait_impl_split
        PASS [   0.003s] apas-verus::TestBSTSetBBAlphaMtEph test_trait_impl_union
        PASS [   0.003s] apas-verus::TestBSTSetBBAlphaMtEph test_union
        PASS [   0.003s] apas-verus::TestBSTSetBBAlphaMtEph test_union_empty
        PASS [   0.003s] apas-verus::TestBSTSetPlainMtEph test_bstsetplainmtephlit_macro_functionality
        PASS [   0.003s] apas-verus::TestBSTSetPlainMtEph test_delete
        PASS [   0.003s] apas-verus::TestBSTSetPlainMtEph test_as_tree
        PASS [   0.002s] apas-verus::TestBSTSetPlainMtEph test_delete_nonexistent
        PASS [   0.003s] apas-verus::TestBSTSetPlainMtEph test_delete_multiple
        PASS [   0.003s] apas-verus::TestBSTSetPlainMtEph test_difference
        PASS [   0.003s] apas-verus::TestBSTSetPlainMtEph test_duplicate_insert
        PASS [   0.003s] apas-verus::TestBSTSetPlainMtEph test_difference_empty
        PASS [   0.003s] apas-verus::TestBSTSetPlainMtEph test_empty
        PASS [   0.002s] apas-verus::TestBSTSetPlainMtEph test_filter
        PASS [   0.003s] apas-verus::TestBSTSetPlainMtEph test_find_returns_value
        PASS [   0.003s] apas-verus::TestBSTSetPlainMtEph test_filter_empty_result
        PASS [   0.003s] apas-verus::TestBSTSetPlainMtEph test_insert_and_contains
        PASS [   0.003s] apas-verus::TestBSTSetPlainMtEph test_intersection_disjoint
        PASS [   0.003s] apas-verus::TestBSTSetPlainMtEph test_intersection
        PASS [   0.002s] apas-verus::TestBSTSetPlainMtEph test_intersection_empty
        PASS [   0.002s] apas-verus::TestBSTSetPlainMtEph test_iter_in_order
        PASS [   0.003s] apas-verus::TestBSTSetPlainMtEph test_join_m
        PASS [   0.002s] apas-verus::TestBSTSetPlainMtEph test_join_pair
        PASS [   0.003s] apas-verus::TestBSTSetPlainMtEph test_join_m_with_empty
        PASS [   0.002s] apas-verus::TestBSTSetPlainMtEph test_maximum
        PASS [   0.003s] apas-verus::TestBSTSetPlainMtEph test_large_set
        PASS [   0.002s] apas-verus::TestBSTSetPlainMtEph test_negative_numbers
        PASS [   0.003s] apas-verus::TestBSTSetPlainMtEph test_minimum
        PASS [   0.002s] apas-verus::TestBSTSetPlainMtEph test_reduce
        PASS [   0.003s] apas-verus::TestBSTSetPlainMtEph test_singleton
        PASS [   0.002s] apas-verus::TestBSTSetPlainMtEph test_split_not_found
        PASS [   0.003s] apas-verus::TestBSTSetPlainMtEph test_split
        PASS [   0.002s] apas-verus::TestBSTSetPlainMtEph test_trait_impl_contains
        PASS [   0.003s] apas-verus::TestBSTSetPlainMtEph test_trait_impl_as_tree
        PASS [   0.002s] apas-verus::TestBSTSetPlainMtEph test_trait_impl_delete
        PASS [   0.002s] apas-verus::TestBSTSetPlainMtEph test_trait_impl_empty
        PASS [   0.002s] apas-verus::TestBSTSetPlainMtEph test_trait_impl_difference
        PASS [   0.003s] apas-verus::TestBSTSetPlainMtEph test_trait_impl_find
        PASS [   0.003s] apas-verus::TestBSTSetPlainMtEph test_trait_impl_filter
        PASS [   0.002s] apas-verus::TestBSTSetPlainMtEph test_trait_impl_insert
        PASS [   0.002s] apas-verus::TestBSTSetPlainMtEph test_trait_impl_iter_in_order
        PASS [   0.003s] apas-verus::TestBSTSetPlainMtEph test_trait_impl_intersection
        PASS [   0.003s] apas-verus::TestBSTSetPlainMtEph test_trait_impl_join_m
        PASS [   0.003s] apas-verus::TestBSTSetPlainMtEph test_trait_impl_join_pair
        PASS [   0.002s] apas-verus::TestBSTSetPlainMtEph test_trait_impl_minimum
        PASS [   0.002s] apas-verus::TestBSTSetPlainMtEph test_trait_impl_maximum
        PASS [   0.002s] apas-verus::TestBSTSetPlainMtEph test_trait_impl_reduce
        PASS [   0.002s] apas-verus::TestBSTSetPlainMtEph test_trait_impl_split
        PASS [   0.002s] apas-verus::TestBSTSetPlainMtEph test_union_empty
        PASS [   0.003s] apas-verus::TestBSTSetPlainMtEph test_trait_impl_singleton
        PASS [   0.003s] apas-verus::TestBSTSetPlainMtEph test_union
        PASS [   0.003s] apas-verus::TestBSTSetPlainMtEph test_trait_impl_union
        PASS [   0.002s] apas-verus::TestBSTSetRBMtEph test_as_tree
        PASS [   0.002s] apas-verus::TestBSTSetPlainMtEph test_union_with_overlap
        PASS [   0.002s] apas-verus::TestBSTSetRBMtEph test_bstsetrbmtephlit_macro_functionality
        PASS [   0.003s] apas-verus::TestBSTSetRBMtEph test_balanced_after_inserts
        PASS [   0.003s] apas-verus::TestBSTSetRBMtEph test_delete
        PASS [   0.002s] apas-verus::TestBSTSetRBMtEph test_delete_multiple
        PASS [   0.002s] apas-verus::TestBSTSetRBMtEph test_difference
        PASS [   0.002s] apas-verus::TestBSTSetRBMtEph test_duplicate_insert
        PASS [   0.002s] apas-verus::TestBSTSetRBMtEph test_empty
        PASS [   0.347s] apas-verus::TestAugOrderedTableMtEph test_parallel_range_reduction
        PASS [   0.003s] apas-verus::TestBSTSetRBMtEph test_filter
        PASS [   0.003s] apas-verus::TestBSTSetRBMtEph test_insert_and_contains
        PASS [   0.003s] apas-verus::TestBSTSetRBMtEph test_intersection
        PASS [   0.002s] apas-verus::TestBSTSetRBMtEph test_intersection_disjoint
        PASS [   0.002s] apas-verus::TestBSTSetRBMtEph test_iter_in_order
        PASS [   0.002s] apas-verus::TestBSTSetRBMtEph test_join_m_with_empty
        PASS [   0.002s] apas-verus::TestBSTSetRBMtEph test_join_pair
        PASS [   0.003s] apas-verus::TestBSTSetRBMtEph test_join_m
        PASS [   0.003s] apas-verus::TestBSTSetRBMtEph test_minimum_maximum
        PASS [   0.004s] apas-verus::TestBSTSetRBMtEph test_large_set
        PASS [   0.003s] apas-verus::TestBSTSetRBMtEph test_negative_numbers
        PASS [   0.002s] apas-verus::TestBSTSetRBMtEph test_reduce
        PASS [   0.002s] apas-verus::TestBSTSetRBMtEph test_singleton
        PASS [   0.003s] apas-verus::TestBSTSetRBMtEph test_split
        PASS [   0.002s] apas-verus::TestBSTSetRBMtEph test_trait_impl_delete
        PASS [   0.002s] apas-verus::TestBSTSetRBMtEph test_trait_impl_as_tree
        PASS [   0.002s] apas-verus::TestBSTSetRBMtEph test_trait_impl_contains
        PASS [   0.002s] apas-verus::TestBSTSetRBMtEph test_trait_impl_difference
        PASS [   0.003s] apas-verus::TestBSTSetRBMtEph test_trait_impl_empty
        PASS [   0.002s] apas-verus::TestBSTSetRBMtEph test_trait_impl_filter
        PASS [   0.002s] apas-verus::TestBSTSetRBMtEph test_trait_impl_iter_in_order
        PASS [   0.003s] apas-verus::TestBSTSetRBMtEph test_trait_impl_intersection
        PASS [   0.003s] apas-verus::TestBSTSetRBMtEph test_trait_impl_find
        PASS [   0.003s] apas-verus::TestBSTSetRBMtEph test_trait_impl_insert
        PASS [   0.003s] apas-verus::TestBSTSetRBMtEph test_trait_impl_join_m
        PASS [   0.003s] apas-verus::TestBSTSetRBMtEph test_trait_impl_join_pair
        PASS [   0.002s] apas-verus::TestBSTSetRBMtEph test_trait_impl_maximum
        PASS [   0.002s] apas-verus::TestBSTSetRBMtEph test_trait_impl_minimum
        PASS [   0.003s] apas-verus::TestBSTSetRBMtEph test_trait_impl_reduce
        PASS [   0.003s] apas-verus::TestBSTSetRBMtEph test_trait_impl_singleton
        PASS [   0.002s] apas-verus::TestBSTSetRBMtEph test_union
        PASS [   0.003s] apas-verus::TestBSTSetRBMtEph test_trait_impl_split
        PASS [   0.003s] apas-verus::TestBSTSetRBMtEph test_union_empty
        PASS [   0.003s] apas-verus::TestBSTSetRBMtEph test_trait_impl_union
        PASS [   0.002s] apas-verus::TestBSTSetSplayMtEph test_as_tree
        PASS [   0.002s] apas-verus::TestBSTSetSplayMtEph test_balanced_after_inserts
        PASS [   0.002s] apas-verus::TestBSTSetSplayMtEph test_bstsetsplaymtephlit_macro_functionality
        PASS [   0.003s] apas-verus::TestBSTSetSplayMtEph test_delete
        PASS [   0.002s] apas-verus::TestBSTSetSplayMtEph test_empty
        PASS [   0.003s] apas-verus::TestBSTSetSplayMtEph test_delete_multiple
        PASS [   0.002s] apas-verus::TestBSTSetSplayMtEph test_filter
        PASS [   0.003s] apas-verus::TestBSTSetSplayMtEph test_difference
        PASS [   0.003s] apas-verus::TestBSTSetSplayMtEph test_duplicate_insert
        PASS [   0.002s] apas-verus::TestBSTSetSplayMtEph test_insert_and_contains
        PASS [   0.002s] apas-verus::TestBSTSetSplayMtEph test_iter_in_order
        PASS [   0.003s] apas-verus::TestBSTSetSplayMtEph test_intersection
        PASS [   0.003s] apas-verus::TestBSTSetSplayMtEph test_join_m
        PASS [   0.003s] apas-verus::TestBSTSetSplayMtEph test_intersection_disjoint
        PASS [   0.003s] apas-verus::TestBSTSetSplayMtEph test_join_m_with_empty
        PASS [   0.002s] apas-verus::TestBSTSetSplayMtEph test_join_pair
        PASS [   0.002s] apas-verus::TestBSTSetSplayMtEph test_large_set
        PASS [   0.002s] apas-verus::TestBSTSetSplayMtEph test_negative_numbers
        PASS [   0.002s] apas-verus::TestBSTSetSplayMtEph test_reduce
        PASS [   0.003s] apas-verus::TestBSTSetSplayMtEph test_minimum_maximum
        PASS [   0.002s] apas-verus::TestBSTSetSplayMtEph test_singleton
        PASS [   0.003s] apas-verus::TestBSTSetSplayMtEph test_split
        PASS [   0.002s] apas-verus::TestBSTSetSplayMtEph test_trait_impl_contains
        PASS [   0.002s] apas-verus::TestBSTSetSplayMtEph test_trait_impl_delete
        PASS [   0.003s] apas-verus::TestBSTSetSplayMtEph test_trait_impl_as_tree
        PASS [   0.002s] apas-verus::TestBSTSetSplayMtEph test_trait_impl_empty
        PASS [   0.003s] apas-verus::TestBSTSetSplayMtEph test_trait_impl_difference
        PASS [   0.002s] apas-verus::TestBSTSetSplayMtEph test_trait_impl_find
        PASS [   0.003s] apas-verus::TestBSTSetSplayMtEph test_trait_impl_filter
        PASS [   0.002s] apas-verus::TestBSTSetSplayMtEph test_trait_impl_iter_in_order
        PASS [   0.003s] apas-verus::TestBSTSetSplayMtEph test_trait_impl_insert
        PASS [   0.003s] apas-verus::TestBSTSetSplayMtEph test_trait_impl_intersection
        PASS [   0.002s] apas-verus::TestBSTSetSplayMtEph test_trait_impl_join_pair
        PASS [   0.003s] apas-verus::TestBSTSetSplayMtEph test_trait_impl_join_m
        PASS [   0.003s] apas-verus::TestBSTSetSplayMtEph test_trait_impl_maximum
        PASS [   0.002s] apas-verus::TestBSTSetSplayMtEph test_trait_impl_minimum
        PASS [   0.002s] apas-verus::TestBSTSetSplayMtEph test_trait_impl_singleton
        PASS [   0.003s] apas-verus::TestBSTSetSplayMtEph test_trait_impl_reduce
        PASS [   0.002s] apas-verus::TestBSTSetSplayMtEph test_trait_impl_union
        PASS [   0.003s] apas-verus::TestBSTSetSplayMtEph test_trait_impl_split
        PASS [   0.002s] apas-verus::TestBSTSetSplayMtEph test_union
        PASS [   0.003s] apas-verus::TestBSTSetSplayMtEph test_union_empty
        PASS [   0.003s] apas-verus::TestBSTSetTreapMtEph test_as_tree
        PASS [   0.003s] apas-verus::TestBSTSetTreapMtEph test_bstsettreapmtephlit_macro_functionality
        PASS [   0.002s] apas-verus::TestBSTSetTreapMtEph test_delete_multiple
        PASS [   0.003s] apas-verus::TestBSTSetTreapMtEph test_balanced_after_inserts
        PASS [   0.003s] apas-verus::TestBSTSetTreapMtEph test_delete
        PASS [   0.003s] apas-verus::TestBSTSetTreapMtEph test_difference
        PASS [   0.003s] apas-verus::TestBSTSetTreapMtEph test_duplicate_insert
        PASS [   0.003s] apas-verus::TestBSTSetTreapMtEph test_empty
        PASS [   0.002s] apas-verus::TestBSTSetTreapMtEph test_filter
        PASS [   0.003s] apas-verus::TestBSTSetTreapMtEph test_insert_and_contains
        PASS [   0.002s] apas-verus::TestBSTSetTreapMtEph test_iter_in_order
        PASS [   0.003s] apas-verus::TestBSTSetTreapMtEph test_intersection_disjoint
        PASS [   0.003s] apas-verus::TestBSTSetTreapMtEph test_intersection
        PASS [   0.002s] apas-verus::TestBSTSetTreapMtEph test_join_m
        PASS [   0.002s] apas-verus::TestBSTSetTreapMtEph test_join_m_with_empty
        PASS [   0.002s] apas-verus::TestBSTSetTreapMtEph test_join_pair
        PASS [   0.003s] apas-verus::TestBSTSetTreapMtEph test_minimum_maximum
        PASS [   0.002s] apas-verus::TestBSTSetTreapMtEph test_singleton
        PASS [   0.003s] apas-verus::TestBSTSetTreapMtEph test_negative_numbers
        PASS [   0.003s] apas-verus::TestBSTSetTreapMtEph test_large_set
        PASS [   0.002s] apas-verus::TestBSTSetTreapMtEph test_split
        PASS [   0.003s] apas-verus::TestBSTSetTreapMtEph test_reduce
        PASS [   0.002s] apas-verus::TestBSTSetTreapMtEph test_trait_impl_delete
        PASS [   0.003s] apas-verus::TestBSTSetTreapMtEph test_trait_impl_as_tree
        PASS [   0.002s] apas-verus::TestBSTSetTreapMtEph test_trait_impl_difference
        PASS [   0.003s] apas-verus::TestBSTSetTreapMtEph test_trait_impl_contains
        PASS [   0.002s] apas-verus::TestBSTSetTreapMtEph test_trait_impl_empty
        PASS [   0.003s] apas-verus::TestBSTSetTreapMtEph test_trait_impl_filter
        PASS [   0.003s] apas-verus::TestBSTSetTreapMtEph test_trait_impl_insert
        PASS [   0.003s] apas-verus::TestBSTSetTreapMtEph test_trait_impl_find
        PASS [   0.003s] apas-verus::TestBSTSetTreapMtEph test_trait_impl_iter_in_order
        PASS [   0.002s] apas-verus::TestBSTSetTreapMtEph test_trait_impl_join_m
        PASS [   0.003s] apas-verus::TestBSTSetTreapMtEph test_trait_impl_intersection
        PASS [   0.003s] apas-verus::TestBSTSetTreapMtEph test_trait_impl_join_pair
        PASS [   0.002s] apas-verus::TestBSTSetTreapMtEph test_trait_impl_minimum
        PASS [   0.002s] apas-verus::TestBSTSetTreapMtEph test_trait_impl_reduce
        PASS [   0.003s] apas-verus::TestBSTSetTreapMtEph test_trait_impl_maximum
        PASS [   0.003s] apas-verus::TestBSTSetTreapMtEph test_trait_impl_singleton
        PASS [   0.003s] apas-verus::TestBSTSetTreapMtEph test_trait_impl_split
        PASS [   0.003s] apas-verus::TestBSTSetTreapMtEph test_trait_impl_union
        PASS [   0.003s] apas-verus::TestBSTSetTreapMtEph test_union_empty
        PASS [   0.003s] apas-verus::TestBSTSetTreapMtEph test_union
        PASS [   0.002s] apas-verus::TestBSTSizeStEph size_bst_duplicate_insert_is_idempotent
        PASS [   0.003s] apas-verus::TestBSTSizeStEph size_bst_basic_operations
        PASS [   0.003s] apas-verus::TestBSTSizeStEph size_bst_large_dataset_performance
        PASS [   0.002s] apas-verus::TestBSTSizeStEph size_bst_rank_operations
        PASS [   0.002s] apas-verus::TestBSTSizeStEph size_bst_select_operations
        PASS [   0.003s] apas-verus::TestBSTSizeStEph size_bst_macro_literal
        PASS [   0.003s] apas-verus::TestBSTSizeStEph size_bst_rank_select_consistency
        PASS [   0.002s] apas-verus::TestBSTSplayMtEph test_contains
        PASS [   0.003s] apas-verus::TestBSTSizeStEph size_bst_split_rank_operations
        PASS [   0.002s] apas-verus::TestBSTSplayMtEph test_default_trait
        PASS [   0.003s] apas-verus::TestBSTSplayMtEph test_bstsplaymtephlit_macro_functionality
        PASS [   0.003s] apas-verus::TestBSTSplayMtEph test_default
        PASS [   0.003s] apas-verus::TestBSTSplayMtEph test_duplicate_insert
        PASS [   0.002s] apas-verus::TestBSTSplayMtEph test_filter
        PASS [   0.002s] apas-verus::TestBSTSplayMtEph test_filter_none
        PASS [   0.002s] apas-verus::TestBSTSplayMtEph test_filter_all
        PASS [   0.002s] apas-verus::TestBSTSplayMtEph test_from_sorted_slice
        PASS [   0.003s] apas-verus::TestBSTSplayMtEph test_from_sorted_slice_empty
        PASS [   0.002s] apas-verus::TestBSTSplayMtEph test_in_order_traversal
        PASS [   0.003s] apas-verus::TestBSTSplayMtEph test_height
        PASS [   0.003s] apas-verus::TestBSTSplayMtEph test_is_empty
        PASS [   0.003s] apas-verus::TestBSTSplayMtEph test_insert_and_find
        PASS [   0.003s] apas-verus::TestBSTSplayMtEph test_minimum_maximum
        PASS [   0.002s] apas-verus::TestBSTSplayMtEph test_new_empty
        PASS [   0.003s] apas-verus::TestBSTSplayMtEph test_pre_order_traversal
        PASS [   0.002s] apas-verus::TestBSTSplayMtEph test_reduce_max
        PASS [   0.003s] apas-verus::TestBSTSplayMtEph test_reduce_empty
        PASS [   0.002s] apas-verus::TestBSTSplayMtEph test_reduce_sum
        PASS [   0.003s] apas-verus::TestBSTSplayMtEph test_reduce_product
        PASS [   0.003s] apas-verus::TestBSTSplayMtEph test_size
        PASS [   0.002s] apas-verus::TestBSTSplayStEph splay_basic_behaviour
        PASS [   0.002s] apas-verus::TestBSTSplayMtEph test_trait_new
        PASS [   0.002s] apas-verus::TestBSTSplayStEph test_empty
        PASS [   0.003s] apas-verus::TestBSTSplayStEph splay_duplicate_insert_is_idempotent
        PASS [   0.003s] apas-verus::TestBSTSplayStEph test_bstsplaystephlit_macro_functionality
        PASS [   0.002s] apas-verus::TestBSTSplayStEph test_height
        PASS [   0.002s] apas-verus::TestBSTSplayStEph test_negative_numbers
        PASS [   0.002s] apas-verus::TestBSTSplayStEph test_large_tree
        PASS [   0.002s] apas-verus::TestBSTSplayStEph test_reverse_insert
        PASS [   0.003s] apas-verus::TestBSTSplayStEph test_pre_order
        PASS [   0.002s] apas-verus::TestBSTTreapMtEph test_clone_independent_copy
        PASS [   0.003s] apas-verus::TestBSTSplayStEph test_singleton
        PASS [   0.003s] apas-verus::TestBSTTreapMtEph test_concurrent_readers
        PASS [   0.002s] apas-verus::TestBSTTreapMtEph test_contains
        PASS [   0.002s] apas-verus::TestBSTTreapMtEph test_contains_step_pattern
        PASS [   0.003s] apas-verus::TestBSTTreapMtEph test_debug_format
        PASS [   0.003s] apas-verus::TestBSTTreapMtEph test_default
        PASS [   0.002s] apas-verus::TestBSTTreapMtEph test_delete_all
        PASS [   0.005s] apas-verus::TestBSTTreapMtEph test_concurrent_readers_after_build
        PASS [   0.003s] apas-verus::TestBSTTreapMtEph test_delete_basic
        PASS [   0.002s] apas-verus::TestBSTTreapMtEph test_delete_from_empty
        PASS [   0.002s] apas-verus::TestBSTTreapMtEph test_delete_leaf
        PASS [   0.002s] apas-verus::TestBSTTreapMtEph test_delete_then_reinsert
        PASS [   0.003s] apas-verus::TestBSTTreapMtEph test_delete_nonexistent
        PASS [   0.003s] apas-verus::TestBSTTreapMtEph test_delete_root
        PASS [   0.003s] apas-verus::TestBSTTreapMtEph test_duplicate_insert
        PASS [   0.002s] apas-verus::TestBSTTreapMtEph test_extremes
        PASS [   0.003s] apas-verus::TestBSTTreapMtEph test_empty_operations
        PASS [   0.002s] apas-verus::TestBSTTreapMtEph test_find
        PASS [   0.002s] apas-verus::TestBSTTreapMtEph test_in_order
        PASS [   0.003s] apas-verus::TestBSTTreapMtEph test_height
        PASS [   0.003s] apas-verus::TestBSTTreapMtEph test_height_balanced
        PASS [   0.003s] apas-verus::TestBSTTreapMtEph test_insert_and_size
        PASS [   0.002s] apas-verus::TestBSTTreapMtEph test_is_empty
        PASS [   0.002s] apas-verus::TestBSTTreapMtEph test_large_tree
        PASS [   0.002s] apas-verus::TestBSTTreapMtEph test_macro_empty
        PASS [   0.002s] apas-verus::TestBSTTreapMtEph test_macro_with_elements
        PASS [   0.002s] apas-verus::TestBSTTreapMtEph test_maximum
        PASS [   0.002s] apas-verus::TestBSTTreapMtEph test_minimum
        PASS [   0.002s] apas-verus::TestBSTTreapMtEph test_mixed_positive_negative
        PASS [   0.003s] apas-verus::TestBSTTreapMtEph test_negative_numbers
        PASS [   0.002s] apas-verus::TestBSTTreapMtEph test_pre_order
        PASS [   0.002s] apas-verus::TestBSTTreapMtEph test_single_element
        PASS [   0.003s] apas-verus::TestBSTTreapMtEph test_new_empty
        PASS [   0.003s] apas-verus::TestBSTTreapMtEph test_reverse_order_insert
        PASS [   0.002s] apas-verus::TestBSTTreapMtEph test_singleton_traversal
        PASS [   0.002s] apas-verus::TestBSTTreapMtEph test_traversal_empty
        PASS [   0.003s] apas-verus::TestBSTTreapMtEph test_string_keys
        