Verus Style Review
==================

Path: /home/milnes/projects/APAS-VERUS-agent4/src/Chap50/
Codebase: /home/milnes/projects/APAS-VERUS-agent4
Mode: basic
Logging to: /home/milnes/projects/APAS-VERUS-agent4/src/Chap50/analyses/veracity-review-verus-style.log

Checking 8 files...

/home/milnes/projects/APAS-VERUS-agent4/src/Chap50/MatrixChainMtEph.rs:
/home/milnes/projects/APAS-VERUS-agent4/src/Chap50/MatrixChainMtEph.rs:1: info: [1] has mod declarations
/home/milnes/projects/APAS-VERUS-agent4/src/Chap50/MatrixChainMtEph.rs:1: info: [2] vstd::prelude::* before verus!
/home/milnes/projects/APAS-VERUS-agent4/src/Chap50/MatrixChainMtEph.rs:1: info: [3] has verus! macro
/home/milnes/projects/APAS-VERUS-agent4/src/Chap50/MatrixChainMtEph.rs:1: info: [4] std imports grouped with trailing blank
/home/milnes/projects/APAS-VERUS-agent4/src/Chap50/MatrixChainMtEph.rs:1: info: [5] vstd imports grouped with trailing blank
/home/milnes/projects/APAS-VERUS-agent4/src/Chap50/MatrixChainMtEph.rs:1: info: [11] Set/Seq usage has broadcast groups
/home/milnes/projects/APAS-VERUS-agent4/src/Chap50/MatrixChainMtEph.rs:1: info: [14] Debug, Display outside verus!
/home/milnes/projects/APAS-VERUS-agent4/src/Chap50/MatrixChainMtEph.rs:1: info: [15] Clone, PartialEq, Eq inside verus!
/home/milnes/projects/APAS-VERUS-agent4/src/Chap50/MatrixChainMtEph.rs:1: info: [16] Lit macro definitions at end of file
/home/milnes/projects/APAS-VERUS-agent4/src/Chap50/MatrixChainMtEph.rs:1: info: [20] all traits have impls
/home/milnes/projects/APAS-VERUS-agent4/src/Chap50/MatrixChainMtEph.rs:1: info: [21] broadcast use: vstd:: before crate::
/home/milnes/projects/APAS-VERUS-agent4/src/Chap50/MatrixChainMtEph.rs:1: info: [23] free fn type bounds: N/A
/home/milnes/projects/APAS-VERUS-agent4/src/Chap50/MatrixChainMtEph.rs:1: info: [24] copyright line present
/home/milnes/projects/APAS-VERUS-agent4/src/Chap50/MatrixChainMtEph.rs:173: warning: [12] trait MatrixChainMtEphTrait fn dimensions should have requires/ensures
/home/milnes/projects/APAS-VERUS-agent4/src/Chap50/MatrixChainMtEph.rs:191: warning: [12] trait MatrixChainMtEphTrait fn memo_size should have requires/ensures
/home/milnes/projects/APAS-VERUS-agent4/src/Chap50/MatrixChainMtEph.rs:548: warning: [13] impl IntoIterator for MatrixChainMtEphS should be inside verus!
/home/milnes/projects/APAS-VERUS-agent4/src/Chap50/MatrixChainMtEph.rs:562: warning: [13] impl IntoIterator for MatrixChainMtEphS should be inside verus!
/home/milnes/projects/APAS-VERUS-agent4/src/Chap50/MatrixChainMtEph.rs:576: warning: [13] impl IntoIterator for MatrixChainMtEphS should be inside verus!
/home/milnes/projects/APAS-VERUS-agent4/src/Chap50/MatrixChainMtEph.rs:50: warning: [14] struct MatrixDim should have impl Debug outside verus!
/home/milnes/projects/APAS-VERUS-agent4/src/Chap50/MatrixChainMtEph.rs:63: warning: [14] struct MatrixChainMtEphDimInv should have impl Debug outside verus!
/home/milnes/projects/APAS-VERUS-agent4/src/Chap50/MatrixChainMtEph.rs:63: warning: [14] struct MatrixChainMtEphDimInv should have impl Display outside verus!
/home/milnes/projects/APAS-VERUS-agent4/src/Chap50/MatrixChainMtEph.rs:72: warning: [14] struct MatrixChainMtEphMemoInv should have impl Debug outside verus!
/home/milnes/projects/APAS-VERUS-agent4/src/Chap50/MatrixChainMtEph.rs:72: warning: [14] struct MatrixChainMtEphMemoInv should have impl Display outside verus!
/home/milnes/projects/APAS-VERUS-agent4/src/Chap50/MatrixChainMtEph.rs:89: warning: [14] struct MatrixChainMtEphV should have impl Debug outside verus!
/home/milnes/projects/APAS-VERUS-agent4/src/Chap50/MatrixChainMtEph.rs:89: warning: [14] struct MatrixChainMtEphV should have impl Display outside verus!
/home/milnes/projects/APAS-VERUS-agent4/src/Chap50/MatrixChainMtEph.rs:1: warning: [17] collection MatrixChainMtEphS should have an Iterator impl
/home/milnes/projects/APAS-VERUS-agent4/src/Chap50/MatrixChainMtEph.rs:1: warning: [17] collection MatrixChainMtEphS has IntoIterator impl but it should be inside verus!
/home/milnes/projects/APAS-VERUS-agent4/src/Chap50/MatrixChainMtEph.rs:1: warning: [17] collection should have proof test: /home/milnes/projects/APAS-VERUS-agent4/rust_verify_test/tests/Chap50/ProveMatrixChainMtEph.rs
/home/milnes/projects/APAS-VERUS-agent4/src/Chap50/MatrixChainMtEph.rs:1: warning: [17] IntoIterator for MatrixChainMtEphS should be inside verus!
/home/milnes/projects/APAS-VERUS-agent4/src/Chap50/MatrixChainMtEph.rs:1: warning: [17] IntoIterator for MatrixChainMtEphS should be inside verus!
/home/milnes/projects/APAS-VERUS-agent4/src/Chap50/MatrixChainMtEph.rs:1: warning: [17] IntoIterator for MatrixChainMtEphS should be inside verus!
/home/milnes/projects/APAS-VERUS-agent4/src/Chap50/MatrixChainMtEph.rs:63: warning: [18] struct MatrixChainMtEphDimInv should come before view impls (expected type definitions before view impls)
/home/milnes/projects/APAS-VERUS-agent4/src/Chap50/MatrixChainMtEph.rs:72: warning: [18] struct MatrixChainMtEphMemoInv should come before top level coarse locking (expected type definitions before top level coarse locking)
/home/milnes/projects/APAS-VERUS-agent4/src/Chap50/MatrixChainMtEph.rs:83: warning: [18] struct MatrixChainMtEphS should come before top level coarse locking (expected type definitions before top level coarse locking)
/home/milnes/projects/APAS-VERUS-agent4/src/Chap50/MatrixChainMtEph.rs:89: warning: [18] struct MatrixChainMtEphV should come before top level coarse locking (expected type definitions before top level coarse locking)
/home/milnes/projects/APAS-VERUS-agent4/src/Chap50/MatrixChainMtEph.rs:93: warning: [18] impl View for MatrixChainMtEphS should come before top level coarse locking (expected view impls before top level coarse locking)
/home/milnes/projects/APAS-VERUS-agent4/src/Chap50/MatrixChainMtEph.rs:101: warning: [18] spec fn spec_multiply_cost should come before top level coarse locking (expected spec fns before top level coarse locking)
/home/milnes/projects/APAS-VERUS-agent4/src/Chap50/MatrixChainMtEph.rs:105: warning: [18] spec fn spec_dims_bounded should come before top level coarse locking (expected spec fns before top level coarse locking)
/home/milnes/projects/APAS-VERUS-agent4/src/Chap50/MatrixChainMtEph.rs:114: warning: [18] spec fn spec_costs_fit should come before top level coarse locking (expected spec fns before top level coarse locking)
/home/milnes/projects/APAS-VERUS-agent4/src/Chap50/MatrixChainMtEph.rs:124: warning: [18] spec fn spec_memo_correct should come before top level coarse locking (expected spec fns before top level coarse locking)
/home/milnes/projects/APAS-VERUS-agent4/src/Chap50/MatrixChainMtEph.rs:129: warning: [18] spec fn spec_chain_cost should come before top level coarse locking (expected spec fns before top level coarse locking)
/home/milnes/projects/APAS-VERUS-agent4/src/Chap50/MatrixChainMtEph.rs:149: warning: [18] trait MatrixChainMtEphTrait should come before top level coarse locking (expected traits before top level coarse locking)
/home/milnes/projects/APAS-VERUS-agent4/src/Chap50/MatrixChainMtEph.rs:224: warning: [18] impl MatrixChainMtEphTrait for MatrixChainMtEphS should come before top level coarse locking (expected impls before top level coarse locking)
/home/milnes/projects/APAS-VERUS-agent4/src/Chap50/MatrixChainMtEph.rs:501: warning: [18] impl PartialEqSpecImpl for MatrixChainMtEphS should come before derive impls in verus! (expected impls before derive impls in verus!)
/home/milnes/projects/APAS-VERUS-agent4/src/Chap50/MatrixChainMtEph.rs:507: warning: [19] eq return name 'r' could be more descriptive
/home/milnes/projects/APAS-VERUS-agent4/src/Chap50/MatrixChainMtEph.rs:101: warning: [22] free spec fn spec_multiply_cost should be an abstract signature in a trait with body in the impl
/home/milnes/projects/APAS-VERUS-agent4/src/Chap50/MatrixChainMtEph.rs:105: warning: [22] free spec fn spec_dims_bounded should be an abstract signature in a trait with body in the impl
/home/milnes/projects/APAS-VERUS-agent4/src/Chap50/MatrixChainMtEph.rs:114: warning: [22] free spec fn spec_costs_fit should be an abstract signature in a trait with body in the impl
/home/milnes/projects/APAS-VERUS-agent4/src/Chap50/MatrixChainMtEph.rs:124: warning: [22] free spec fn spec_memo_correct should be an abstract signature in a trait with body in the impl
/home/milnes/projects/APAS-VERUS-agent4/src/Chap50/MatrixChainMtEph.rs:129: warning: [22] free spec fn spec_chain_cost should be an abstract signature in a trait with body in the impl

/home/milnes/projects/APAS-VERUS-agent4/src/Chap50/MatrixChainMtPer.rs:
/home/milnes/projects/APAS-VERUS-agent4/src/Chap50/MatrixChainMtPer.rs:1: info: [1] has mod declarations
/home/milnes/projects/APAS-VERUS-agent4/src/Chap50/MatrixChainMtPer.rs:1: info: [2] vstd::prelude::* before verus!
/home/milnes/projects/APAS-VERUS-agent4/src/Chap50/MatrixChainMtPer.rs:1: info: [3] has verus! macro
/home/milnes/projects/APAS-VERUS-agent4/src/Chap50/MatrixChainMtPer.rs:1: info: [4] std imports grouped with trailing blank
/home/milnes/projects/APAS-VERUS-agent4/src/Chap50/MatrixChainMtPer.rs:1: info: [5] vstd imports grouped with trailing blank
/home/milnes/projects/APAS-VERUS-agent4/src/Chap50/MatrixChainMtPer.rs:1: info: [11] Set/Seq usage has broadcast groups
/home/milnes/projects/APAS-VERUS-agent4/src/Chap50/MatrixChainMtPer.rs:1: info: [14] Debug, Display outside verus!
/home/milnes/projects/APAS-VERUS-agent4/src/Chap50/MatrixChainMtPer.rs:1: info: [15] Clone, PartialEq, Eq inside verus!
/home/milnes/projects/APAS-VERUS-agent4/src/Chap50/MatrixChainMtPer.rs:1: info: [16] Lit macro definitions at end of file
/home/milnes/projects/APAS-VERUS-agent4/src/Chap50/MatrixChainMtPer.rs:1: info: [20] all traits have impls
/home/milnes/projects/APAS-VERUS-agent4/src/Chap50/MatrixChainMtPer.rs:1: info: [21] broadcast use: vstd:: before crate::
/home/milnes/projects/APAS-VERUS-agent4/src/Chap50/MatrixChainMtPer.rs:1: info: [23] free fn type bounds: N/A
/home/milnes/projects/APAS-VERUS-agent4/src/Chap50/MatrixChainMtPer.rs:1: info: [24] copyright line present
/home/milnes/projects/APAS-VERUS-agent4/src/Chap50/MatrixChainMtPer.rs:163: warning: [12] trait MatrixChainMtPerTrait fn dimensions should have requires/ensures
/home/milnes/projects/APAS-VERUS-agent4/src/Chap50/MatrixChainMtPer.rs:168: warning: [12] trait MatrixChainMtPerTrait fn memo_size should have requires/ensures
/home/milnes/projects/APAS-VERUS-agent4/src/Chap50/MatrixChainMtPer.rs:455: warning: [13] impl IntoIterator for MatrixChainMtPerS should be inside verus!
/home/milnes/projects/APAS-VERUS-agent4/src/Chap50/MatrixChainMtPer.rs:469: warning: [13] impl IntoIterator for MatrixChainMtPerS should be inside verus!
/home/milnes/projects/APAS-VERUS-agent4/src/Chap50/MatrixChainMtPer.rs:52: warning: [14] struct MatrixDim should have impl Debug outside verus!
/home/milnes/projects/APAS-VERUS-agent4/src/Chap50/MatrixChainMtPer.rs:65: warning: [14] struct MatrixChainMtPerV should have impl Debug outside verus!
/home/milnes/projects/APAS-VERUS-agent4/src/Chap50/MatrixChainMtPer.rs:65: warning: [14] struct MatrixChainMtPerV should have impl Display outside verus!
/home/milnes/projects/APAS-VERUS-agent4/src/Chap50/MatrixChainMtPer.rs:69: warning: [14] struct MatrixChainMtPerMemoInv should have impl Debug outside verus!
/home/milnes/projects/APAS-VERUS-agent4/src/Chap50/MatrixChainMtPer.rs:69: warning: [14] struct MatrixChainMtPerMemoInv should have impl Display outside verus!
/home/milnes/projects/APAS-VERUS-agent4/src/Chap50/MatrixChainMtPer.rs:1: warning: [17] collection MatrixChainMtPerS should have an Iterator impl
/home/milnes/projects/APAS-VERUS-agent4/src/Chap50/MatrixChainMtPer.rs:1: warning: [17] collection MatrixChainMtPerS has IntoIterator impl but it should be inside verus!
/home/milnes/projects/APAS-VERUS-agent4/src/Chap50/MatrixChainMtPer.rs:1: warning: [17] collection should have proof test: /home/milnes/projects/APAS-VERUS-agent4/rust_verify_test/tests/Chap50/ProveMatrixChainMtPer.rs
/home/milnes/projects/APAS-VERUS-agent4/src/Chap50/MatrixChainMtPer.rs:1: warning: [17] IntoIterator for MatrixChainMtPerS should be inside verus!
/home/milnes/projects/APAS-VERUS-agent4/src/Chap50/MatrixChainMtPer.rs:1: warning: [17] IntoIterator for MatrixChainMtPerS should be inside verus!
/home/milnes/projects/APAS-VERUS-agent4/src/Chap50/MatrixChainMtPer.rs:65: warning: [18] struct MatrixChainMtPerV should come before view impls (expected type definitions before view impls)
/home/milnes/projects/APAS-VERUS-agent4/src/Chap50/MatrixChainMtPer.rs:69: warning: [18] struct MatrixChainMtPerMemoInv should come before view impls (expected type definitions before view impls)
/home/milnes/projects/APAS-VERUS-agent4/src/Chap50/MatrixChainMtPer.rs:80: warning: [18] struct MatrixChainMtPerS should come before top level coarse locking (expected type definitions before top level coarse locking)
/home/milnes/projects/APAS-VERUS-agent4/src/Chap50/MatrixChainMtPer.rs:85: warning: [18] impl View for MatrixChainMtPerS should come before top level coarse locking (expected view impls before top level coarse locking)
/home/milnes/projects/APAS-VERUS-agent4/src/Chap50/MatrixChainMtPer.rs:93: warning: [18] spec fn spec_multiply_cost should come before top level coarse locking (expected spec fns before top level coarse locking)
/home/milnes/projects/APAS-VERUS-agent4/src/Chap50/MatrixChainMtPer.rs:97: warning: [18] spec fn spec_dims_bounded should come before top level coarse locking (expected spec fns before top level coarse locking)
/home/milnes/projects/APAS-VERUS-agent4/src/Chap50/MatrixChainMtPer.rs:106: warning: [18] spec fn spec_costs_fit should come before top level coarse locking (expected spec fns before top level coarse locking)
/home/milnes/projects/APAS-VERUS-agent4/src/Chap50/MatrixChainMtPer.rs:116: warning: [18] spec fn spec_memo_correct should come before top level coarse locking (expected spec fns before top level coarse locking)
/home/milnes/projects/APAS-VERUS-agent4/src/Chap50/MatrixChainMtPer.rs:121: warning: [18] spec fn spec_chain_cost should come before top level coarse locking (expected spec fns before top level coarse locking)
/home/milnes/projects/APAS-VERUS-agent4/src/Chap50/MatrixChainMtPer.rs:141: warning: [18] trait MatrixChainMtPerTrait should come before top level coarse locking (expected traits before top level coarse locking)
/home/milnes/projects/APAS-VERUS-agent4/src/Chap50/MatrixChainMtPer.rs:200: warning: [18] impl MatrixChainMtPerTrait for MatrixChainMtPerS should come before top level coarse locking (expected impls before top level coarse locking)
/home/milnes/projects/APAS-VERUS-agent4/src/Chap50/MatrixChainMtPer.rs:413: warning: [18] impl PartialEqSpecImpl for MatrixChainMtPerS should come before derive impls in verus! (expected impls before derive impls in verus!)
/home/milnes/projects/APAS-VERUS-agent4/src/Chap50/MatrixChainMtPer.rs:419: warning: [19] eq return name 'r' could be more descriptive
/home/milnes/projects/APAS-VERUS-agent4/src/Chap50/MatrixChainMtPer.rs:93: warning: [22] free spec fn spec_multiply_cost should be an abstract signature in a trait with body in the impl
/home/milnes/projects/APAS-VERUS-agent4/src/Chap50/MatrixChainMtPer.rs:97: warning: [22] free spec fn spec_dims_bounded should be an abstract signature in a trait with body in the impl
/home/milnes/projects/APAS-VERUS-agent4/src/Chap50/MatrixChainMtPer.rs:106: warning: [22] free spec fn spec_costs_fit should be an abstract signature in a trait with body in the impl
/home/milnes/projects/APAS-VERUS-agent4/src/Chap50/MatrixChainMtPer.rs:116: warning: [22] free spec fn spec_memo_correct should be an abstract signature in a trait with body in the impl
/home/milnes/projects/APAS-VERUS-agent4/src/Chap50/MatrixChainMtPer.rs:121: warning: [22] free spec fn spec_chain_cost should be an abstract signature in a trait with body in the impl

/home/milnes/projects/APAS-VERUS-agent4/src/Chap50/MatrixChainStEph.rs:
/home/milnes/projects/APAS-VERUS-agent4/src/Chap50/MatrixChainStEph.rs:1: info: [1] has mod declarations
/home/milnes/projects/APAS-VERUS-agent4/src/Chap50/MatrixChainStEph.rs:1: info: [2] vstd::prelude::* before verus!
/home/milnes/projects/APAS-VERUS-agent4/src/Chap50/MatrixChainStEph.rs:1: info: [3] has verus! macro
/home/milnes/projects/APAS-VERUS-agent4/src/Chap50/MatrixChainStEph.rs:1: info: [4] std imports grouped with trailing blank
/home/milnes/projects/APAS-VERUS-agent4/src/Chap50/MatrixChainStEph.rs:1: info: [5] vstd imports grouped with trailing blank
/home/milnes/projects/APAS-VERUS-agent4/src/Chap50/MatrixChainStEph.rs:1: info: [11] Set/Seq usage has broadcast groups
/home/milnes/projects/APAS-VERUS-agent4/src/Chap50/MatrixChainStEph.rs:1: info: [12] all trait fns have specs
/home/milnes/projects/APAS-VERUS-agent4/src/Chap50/MatrixChainStEph.rs:1: info: [14] Display outside verus!
/home/milnes/projects/APAS-VERUS-agent4/src/Chap50/MatrixChainStEph.rs:1: info: [15] Clone, PartialEq, Eq inside verus!
/home/milnes/projects/APAS-VERUS-agent4/src/Chap50/MatrixChainStEph.rs:1: info: [16] Lit macro definitions at end of file
/home/milnes/projects/APAS-VERUS-agent4/src/Chap50/MatrixChainStEph.rs:1: info: [20] all traits have impls
/home/milnes/projects/APAS-VERUS-agent4/src/Chap50/MatrixChainStEph.rs:1: info: [21] broadcast use: vstd:: before crate::
/home/milnes/projects/APAS-VERUS-agent4/src/Chap50/MatrixChainStEph.rs:1: info: [23] free fn type bounds: N/A
/home/milnes/projects/APAS-VERUS-agent4/src/Chap50/MatrixChainStEph.rs:1: info: [24] copyright line present
/home/milnes/projects/APAS-VERUS-agent4/src/Chap50/MatrixChainStEph.rs:408: warning: [13] impl IntoIterator for MatrixChainStEphS should be inside verus!
/home/milnes/projects/APAS-VERUS-agent4/src/Chap50/MatrixChainStEph.rs:417: warning: [13] impl IntoIterator for MatrixChainStEphS should be inside verus!
/home/milnes/projects/APAS-VERUS-agent4/src/Chap50/MatrixChainStEph.rs:426: warning: [13] impl IntoIterator for MatrixChainStEphS should be inside verus!
/home/milnes/projects/APAS-VERUS-agent4/src/Chap50/MatrixChainStEph.rs:47: warning: [14] struct MatrixDim should have impl Debug outside verus!
/home/milnes/projects/APAS-VERUS-agent4/src/Chap50/MatrixChainStEph.rs:60: warning: [14] struct MatrixChainStEphV should have impl Debug outside verus!
/home/milnes/projects/APAS-VERUS-agent4/src/Chap50/MatrixChainStEph.rs:60: warning: [14] struct MatrixChainStEphV should have impl Display outside verus!
/home/milnes/projects/APAS-VERUS-agent4/src/Chap50/MatrixChainStEph.rs:65: warning: [14] struct MatrixChainStEphS should have impl Debug outside verus!
/home/milnes/projects/APAS-VERUS-agent4/src/Chap50/MatrixChainStEph.rs:1: warning: [17] collection MatrixChainStEphS should have an Iterator impl
/home/milnes/projects/APAS-VERUS-agent4/src/Chap50/MatrixChainStEph.rs:1: warning: [17] collection MatrixChainStEphS has IntoIterator impl but it should be inside verus!
/home/milnes/projects/APAS-VERUS-agent4/src/Chap50/MatrixChainStEph.rs:1: warning: [17] collection should have proof test: /home/milnes/projects/APAS-VERUS-agent4/rust_verify_test/tests/Chap50/ProveMatrixChainStEph.rs
/home/milnes/projects/APAS-VERUS-agent4/src/Chap50/MatrixChainStEph.rs:1: warning: [17] IntoIterator for MatrixChainStEphS should be inside verus!
/home/milnes/projects/APAS-VERUS-agent4/src/Chap50/MatrixChainStEph.rs:1: warning: [17] IntoIterator for MatrixChainStEphS should be inside verus!
/home/milnes/projects/APAS-VERUS-agent4/src/Chap50/MatrixChainStEph.rs:1: warning: [17] IntoIterator for MatrixChainStEphS should be inside verus!
/home/milnes/projects/APAS-VERUS-agent4/src/Chap50/MatrixChainStEph.rs:60: warning: [18] struct MatrixChainStEphV should come before view impls (expected type definitions before view impls)
/home/milnes/projects/APAS-VERUS-agent4/src/Chap50/MatrixChainStEph.rs:65: warning: [18] struct MatrixChainStEphS should come before view impls (expected type definitions before view impls)
/home/milnes/projects/APAS-VERUS-agent4/src/Chap50/MatrixChainStEph.rs:375: warning: [18] impl PartialEqSpecImpl for MatrixChainStEphS should come before derive impls in verus! (expected impls before derive impls in verus!)
/home/milnes/projects/APAS-VERUS-agent4/src/Chap50/MatrixChainStEph.rs:381: warning: [19] eq return name 'r' could be more descriptive
/home/milnes/projects/APAS-VERUS-agent4/src/Chap50/MatrixChainStEph.rs:81: warning: [22] free spec fn spec_multiply_cost should be an abstract signature in a trait with body in the impl
/home/milnes/projects/APAS-VERUS-agent4/src/Chap50/MatrixChainStEph.rs:86: warning: [22] free spec fn spec_dims_bounded should be an abstract signature in a trait with body in the impl
/home/milnes/projects/APAS-VERUS-agent4/src/Chap50/MatrixChainStEph.rs:96: warning: [22] free spec fn spec_costs_fit should be an abstract signature in a trait with body in the impl
/home/milnes/projects/APAS-VERUS-agent4/src/Chap50/MatrixChainStEph.rs:107: warning: [22] free spec fn spec_memo_correct should be an abstract signature in a trait with body in the impl
/home/milnes/projects/APAS-VERUS-agent4/src/Chap50/MatrixChainStEph.rs:114: warning: [22] free spec fn spec_chain_cost should be an abstract signature in a trait with body in the impl

/home/milnes/projects/APAS-VERUS-agent4/src/Chap50/MatrixChainStPer.rs:
/home/milnes/projects/APAS-VERUS-agent4/src/Chap50/MatrixChainStPer.rs:1: info: [1] has mod declarations
/home/milnes/projects/APAS-VERUS-agent4/src/Chap50/MatrixChainStPer.rs:1: info: [2] vstd::prelude::* before verus!
/home/milnes/projects/APAS-VERUS-agent4/src/Chap50/MatrixChainStPer.rs:1: info: [3] has verus! macro
/home/milnes/projects/APAS-VERUS-agent4/src/Chap50/MatrixChainStPer.rs:1: info: [4] std imports grouped with trailing blank
/home/milnes/projects/APAS-VERUS-agent4/src/Chap50/MatrixChainStPer.rs:1: info: [5] vstd imports grouped with trailing blank
/home/milnes/projects/APAS-VERUS-agent4/src/Chap50/MatrixChainStPer.rs:1: info: [11] Set/Seq usage has broadcast groups
/home/milnes/projects/APAS-VERUS-agent4/src/Chap50/MatrixChainStPer.rs:1: info: [12] all trait fns have specs
/home/milnes/projects/APAS-VERUS-agent4/src/Chap50/MatrixChainStPer.rs:1: info: [14] Display outside verus!
/home/milnes/projects/APAS-VERUS-agent4/src/Chap50/MatrixChainStPer.rs:1: info: [15] Clone, PartialEq, Eq inside verus!
/home/milnes/projects/APAS-VERUS-agent4/src/Chap50/MatrixChainStPer.rs:1: info: [16] Lit macro definitions at end of file
/home/milnes/projects/APAS-VERUS-agent4/src/Chap50/MatrixChainStPer.rs:1: info: [20] all traits have impls
/home/milnes/projects/APAS-VERUS-agent4/src/Chap50/MatrixChainStPer.rs:1: info: [21] broadcast use: vstd:: before crate::
/home/milnes/projects/APAS-VERUS-agent4/src/Chap50/MatrixChainStPer.rs:1: info: [23] free fn type bounds: N/A
/home/milnes/projects/APAS-VERUS-agent4/src/Chap50/MatrixChainStPer.rs:1: info: [24] copyright line present
/home/milnes/projects/APAS-VERUS-agent4/src/Chap50/MatrixChainStPer.rs:377: warning: [13] impl IntoIterator for MatrixChainStPerS should be inside verus!
/home/milnes/projects/APAS-VERUS-agent4/src/Chap50/MatrixChainStPer.rs:386: warning: [13] impl IntoIterator for MatrixChainStPerS should be inside verus!
/home/milnes/projects/APAS-VERUS-agent4/src/Chap50/MatrixChainStPer.rs:47: warning: [14] struct MatrixDim should have impl Debug outside verus!
/home/milnes/projects/APAS-VERUS-agent4/src/Chap50/MatrixChainStPer.rs:60: warning: [14] struct MatrixChainStPerV should have impl Debug outside verus!
/home/milnes/projects/APAS-VERUS-agent4/src/Chap50/MatrixChainStPer.rs:60: warning: [14] struct MatrixChainStPerV should have impl Display outside verus!
/home/milnes/projects/APAS-VERUS-agent4/src/Chap50/MatrixChainStPer.rs:65: warning: [14] struct MatrixChainStPerS should have impl Debug outside verus!
/home/milnes/projects/APAS-VERUS-agent4/src/Chap50/MatrixChainStPer.rs:1: warning: [17] collection MatrixChainStPerS should have an Iterator impl
/home/milnes/projects/APAS-VERUS-agent4/src/Chap50/MatrixChainStPer.rs:1: warning: [17] collection MatrixChainStPerS has IntoIterator impl but it should be inside verus!
/home/milnes/projects/APAS-VERUS-agent4/src/Chap50/MatrixChainStPer.rs:1: warning: [17] collection should have proof test: /home/milnes/projects/APAS-VERUS-agent4/rust_verify_test/tests/Chap50/ProveMatrixChainStPer.rs
/home/milnes/projects/APAS-VERUS-agent4/src/Chap50/MatrixChainStPer.rs:1: warning: [17] IntoIterator for MatrixChainStPerS should be inside verus!
/home/milnes/projects/APAS-VERUS-agent4/src/Chap50/MatrixChainStPer.rs:1: warning: [17] IntoIterator for MatrixChainStPerS should be inside verus!
/home/milnes/projects/APAS-VERUS-agent4/src/Chap50/MatrixChainStPer.rs:60: warning: [18] struct MatrixChainStPerV should come before view impls (expected type definitions before view impls)
/home/milnes/projects/APAS-VERUS-agent4/src/Chap50/MatrixChainStPer.rs:65: warning: [18] struct MatrixChainStPerS should come before view impls (expected type definitions before view impls)
/home/milnes/projects/APAS-VERUS-agent4/src/Chap50/MatrixChainStPer.rs:344: warning: [18] impl PartialEqSpecImpl for MatrixChainStPerS should come before derive impls in verus! (expected impls before derive impls in verus!)
/home/milnes/projects/APAS-VERUS-agent4/src/Chap50/MatrixChainStPer.rs:350: warning: [19] eq return name 'r' could be more descriptive
/home/milnes/projects/APAS-VERUS-agent4/src/Chap50/MatrixChainStPer.rs:81: warning: [22] free spec fn spec_multiply_cost should be an abstract signature in a trait with body in the impl
/home/milnes/projects/APAS-VERUS-agent4/src/Chap50/MatrixChainStPer.rs:86: warning: [22] free spec fn spec_dims_bounded should be an abstract signature in a trait with body in the impl
/home/milnes/projects/APAS-VERUS-agent4/src/Chap50/MatrixChainStPer.rs:96: warning: [22] free spec fn spec_costs_fit should be an abstract signature in a trait with body in the impl
/home/milnes/projects/APAS-VERUS-agent4/src/Chap50/MatrixChainStPer.rs:107: warning: [22] free spec fn spec_memo_correct should be an abstract signature in a trait with body in the impl
/home/milnes/projects/APAS-VERUS-agent4/src/Chap50/MatrixChainStPer.rs:114: warning: [22] free spec fn spec_chain_cost should be an abstract signature in a trait with body in the impl

/home/milnes/projects/APAS-VERUS-agent4/src/Chap50/OptBinSearchTreeMtEph.rs:
/home/milnes/projects/APAS-VERUS-agent4/src/Chap50/OptBinSearchTreeMtEph.rs:1: info: [1] has mod declarations
/home/milnes/projects/APAS-VERUS-agent4/src/Chap50/OptBinSearchTreeMtEph.rs:1: info: [2] vstd::prelude::* before verus!
/home/milnes/projects/APAS-VERUS-agent4/src/Chap50/OptBinSearchTreeMtEph.rs:1: info: [3] has verus! macro
/home/milnes/projects/APAS-VERUS-agent4/src/Chap50/OptBinSearchTreeMtEph.rs:1: info: [4] std imports grouped with trailing blank
/home/milnes/projects/APAS-VERUS-agent4/src/Chap50/OptBinSearchTreeMtEph.rs:1: info: [5] vstd imports grouped with trailing blank
/home/milnes/projects/APAS-VERUS-agent4/src/Chap50/OptBinSearchTreeMtEph.rs:1: info: [11] Set/Seq usage has broadcast groups
/home/milnes/projects/APAS-VERUS-agent4/src/Chap50/OptBinSearchTreeMtEph.rs:1: info: [14] Debug, Display outside verus!
/home/milnes/projects/APAS-VERUS-agent4/src/Chap50/OptBinSearchTreeMtEph.rs:1: info: [16] Lit macro definitions at end of file
/home/milnes/projects/APAS-VERUS-agent4/src/Chap50/OptBinSearchTreeMtEph.rs:1: info: [20] all traits have impls
/home/milnes/projects/APAS-VERUS-agent4/src/Chap50/OptBinSearchTreeMtEph.rs:1: info: [21] broadcast use: vstd:: before crate::
/home/milnes/projects/APAS-VERUS-agent4/src/Chap50/OptBinSearchTreeMtEph.rs:1: info: [22] spec fns: all in traits as abstract signatures
/home/milnes/projects/APAS-VERUS-agent4/src/Chap50/OptBinSearchTreeMtEph.rs:1: info: [24] copyright line present
/home/milnes/projects/APAS-VERUS-agent4/src/Chap50/OptBinSearchTreeMtEph.rs:116: warning: [12] trait OBSTMtEphTrait fn keys should have requires/ensures
/home/milnes/projects/APAS-VERUS-agent4/src/Chap50/OptBinSearchTreeMtEph.rs:134: warning: [12] trait OBSTMtEphTrait fn memo_size should have requires/ensures
/home/milnes/projects/APAS-VERUS-agent4/src/Chap50/OptBinSearchTreeMtEph.rs:415: warning: [13] impl IntoIterator for OBSTMtEphS should be inside verus!
/home/milnes/projects/APAS-VERUS-agent4/src/Chap50/OptBinSearchTreeMtEph.rs:429: warning: [13] impl IntoIterator for OBSTMtEphS should be inside verus!
/home/milnes/projects/APAS-VERUS-agent4/src/Chap50/OptBinSearchTreeMtEph.rs:443: warning: [13] impl IntoIterator for OBSTMtEphS should be inside verus!
/home/milnes/projects/APAS-VERUS-agent4/src/Chap50/OptBinSearchTreeMtEph.rs:62: warning: [14] struct OptBSTMtEphKeysInv should have impl Debug outside verus!
/home/milnes/projects/APAS-VERUS-agent4/src/Chap50/OptBinSearchTreeMtEph.rs:62: warning: [14] struct OptBSTMtEphKeysInv should have impl Display outside verus!
/home/milnes/projects/APAS-VERUS-agent4/src/Chap50/OptBinSearchTreeMtEph.rs:71: warning: [14] struct OptBSTMtEphMemoInv should have impl Debug outside verus!
/home/milnes/projects/APAS-VERUS-agent4/src/Chap50/OptBinSearchTreeMtEph.rs:71: warning: [14] struct OptBSTMtEphMemoInv should have impl Display outside verus!
/home/milnes/projects/APAS-VERUS-agent4/src/Chap50/OptBinSearchTreeMtEph.rs:88: warning: [14] struct OBSTMtEphV should have impl Debug outside verus!
/home/milnes/projects/APAS-VERUS-agent4/src/Chap50/OptBinSearchTreeMtEph.rs:88: warning: [14] struct OBSTMtEphV should have impl Display outside verus!
/home/milnes/projects/APAS-VERUS-agent4/src/Chap50/OptBinSearchTreeMtEph.rs:390: warning: [15] impl PartialEq should be inside verus! (for verification)
/home/milnes/projects/APAS-VERUS-agent4/src/Chap50/OptBinSearchTreeMtEph.rs:1: warning: [17] collection KeyProb should have an Iterator impl
/home/milnes/projects/APAS-VERUS-agent4/src/Chap50/OptBinSearchTreeMtEph.rs:1: warning: [17] collection KeyProb has IntoIterator impl but it should be inside verus!
/home/milnes/projects/APAS-VERUS-agent4/src/Chap50/OptBinSearchTreeMtEph.rs:1: warning: [17] collection OBSTMtEphS should have an Iterator impl
/home/milnes/projects/APAS-VERUS-agent4/src/Chap50/OptBinSearchTreeMtEph.rs:1: warning: [17] collection OBSTMtEphS has IntoIterator impl but it should be inside verus!
/home/milnes/projects/APAS-VERUS-agent4/src/Chap50/OptBinSearchTreeMtEph.rs:1: warning: [17] collection should have runtime test: /home/milnes/projects/APAS-VERUS-agent4/tests/Chap50/TestOptBinSearchTreeMtEph.rs
/home/milnes/projects/APAS-VERUS-agent4/src/Chap50/OptBinSearchTreeMtEph.rs:1: warning: [17] collection should have proof test: /home/milnes/projects/APAS-VERUS-agent4/rust_verify_test/tests/Chap50/ProveOptBinSearchTreeMtEph.rs
/home/milnes/projects/APAS-VERUS-agent4/src/Chap50/OptBinSearchTreeMtEph.rs:1: warning: [17] IntoIterator for OBSTMtEphS should be inside verus!
/home/milnes/projects/APAS-VERUS-agent4/src/Chap50/OptBinSearchTreeMtEph.rs:1: warning: [17] IntoIterator for OBSTMtEphS should be inside verus!
/home/milnes/projects/APAS-VERUS-agent4/src/Chap50/OptBinSearchTreeMtEph.rs:1: warning: [17] IntoIterator for OBSTMtEphS should be inside verus!
/home/milnes/projects/APAS-VERUS-agent4/src/Chap50/OptBinSearchTreeMtEph.rs:62: warning: [18] struct OptBSTMtEphKeysInv should come before derive impls in verus! (expected type definitions before derive impls in verus!)
/home/milnes/projects/APAS-VERUS-agent4/src/Chap50/OptBinSearchTreeMtEph.rs:65: warning: [18] impl RwLockPredicate for OptBSTMtEphKeysInv should come before derive impls in verus! (expected top level coarse locking before derive impls in verus!)
/home/milnes/projects/APAS-VERUS-agent4/src/Chap50/OptBinSearchTreeMtEph.rs:71: warning: [18] struct OptBSTMtEphMemoInv should come before derive impls in verus! (expected type definitions before derive impls in verus!)
/home/milnes/projects/APAS-VERUS-agent4/src/Chap50/OptBinSearchTreeMtEph.rs:72: warning: [18] impl RwLockPredicate for OptBSTMtEphMemoInv should come before derive impls in verus! (expected top level coarse locking before derive impls in verus!)
/home/milnes/projects/APAS-VERUS-agent4/src/Chap50/OptBinSearchTreeMtEph.rs:80: warning: [18] struct OBSTMtEphS should come before derive impls in verus! (expected type definitions before derive impls in verus!)
/home/milnes/projects/APAS-VERUS-agent4/src/Chap50/OptBinSearchTreeMtEph.rs:88: warning: [18] struct OBSTMtEphV should come before derive impls in verus! (expected type definitions before derive impls in verus!)
/home/milnes/projects/APAS-VERUS-agent4/src/Chap50/OptBinSearchTreeMtEph.rs:92: warning: [18] impl View for OBSTMtEphS < T > should come before derive impls in verus! (expected view impls before derive impls in verus!)
/home/milnes/projects/APAS-VERUS-agent4/src/Chap50/OptBinSearchTreeMtEph.rs:100: warning: [18] trait OBSTMtEphTrait should come before derive impls in verus! (expected traits before derive impls in verus!)
/home/milnes/projects/APAS-VERUS-agent4/src/Chap50/OptBinSearchTreeMtEph.rs:139: warning: [18] fn obst_rec should come before derive impls in verus! (expected impls before derive impls in verus!)
/home/milnes/projects/APAS-VERUS-agent4/src/Chap50/OptBinSearchTreeMtEph.rs:216: warning: [18] impl OBSTMtEphTrait for OBSTMtEphS < T > should come before derive impls in verus! (expected impls before derive impls in verus!)
/home/milnes/projects/APAS-VERUS-agent4/src/Chap50/OptBinSearchTreeMtEph.rs:363: warning: [18] impl PartialEqSpecImpl for OBSTMtEphS < T > should come before derive impls in verus! (expected impls before derive impls in verus!)
/home/milnes/projects/APAS-VERUS-agent4/src/Chap50/OptBinSearchTreeMtEph.rs:369: warning: [19] eq return name 'r' could be more descriptive
/home/milnes/projects/APAS-VERUS-agent4/src/Chap50/OptBinSearchTreeMtEph.rs:139: warning: [23] free fn obst_rec param T has bounds `MtVal + Send + Sync + 'static` but trait OBSTMtEphTrait has `MtVal`

/home/milnes/projects/APAS-VERUS-agent4/src/Chap50/OptBinSearchTreeMtPer.rs:
/home/milnes/projects/APAS-VERUS-agent4/src/Chap50/OptBinSearchTreeMtPer.rs:1: info: [1] has mod declarations
/home/milnes/projects/APAS-VERUS-agent4/src/Chap50/OptBinSearchTreeMtPer.rs:1: info: [2] vstd::prelude::* before verus!
/home/milnes/projects/APAS-VERUS-agent4/src/Chap50/OptBinSearchTreeMtPer.rs:1: info: [3] has verus! macro
/home/milnes/projects/APAS-VERUS-agent4/src/Chap50/OptBinSearchTreeMtPer.rs:1: info: [4] std imports grouped with trailing blank
/home/milnes/projects/APAS-VERUS-agent4/src/Chap50/OptBinSearchTreeMtPer.rs:1: info: [5] vstd imports grouped with trailing blank
/home/milnes/projects/APAS-VERUS-agent4/src/Chap50/OptBinSearchTreeMtPer.rs:1: info: [11] Set/Seq usage has broadcast groups
/home/milnes/projects/APAS-VERUS-agent4/src/Chap50/OptBinSearchTreeMtPer.rs:1: info: [14] Debug, Display outside verus!
/home/milnes/projects/APAS-VERUS-agent4/src/Chap50/OptBinSearchTreeMtPer.rs:1: info: [16] Lit macro definitions at end of file
/home/milnes/projects/APAS-VERUS-agent4/src/Chap50/OptBinSearchTreeMtPer.rs:1: info: [20] all traits have impls
/home/milnes/projects/APAS-VERUS-agent4/src/Chap50/OptBinSearchTreeMtPer.rs:1: info: [21] broadcast use: vstd:: before crate::
/home/milnes/projects/APAS-VERUS-agent4/src/Chap50/OptBinSearchTreeMtPer.rs:1: info: [22] spec fns: all in traits as abstract signatures
/home/milnes/projects/APAS-VERUS-agent4/src/Chap50/OptBinSearchTreeMtPer.rs:1: info: [24] copyright line present
/home/milnes/projects/APAS-VERUS-agent4/src/Chap50/OptBinSearchTreeMtPer.rs:104: warning: [12] trait OBSTMtPerTrait fn optimal_cost should have requires/ensures
/home/milnes/projects/APAS-VERUS-agent4/src/Chap50/OptBinSearchTreeMtPer.rs:106: warning: [12] trait OBSTMtPerTrait fn keys should have requires/ensures
/home/milnes/projects/APAS-VERUS-agent4/src/Chap50/OptBinSearchTreeMtPer.rs:111: warning: [12] trait OBSTMtPerTrait fn memo_size should have requires/ensures
/home/milnes/projects/APAS-VERUS-agent4/src/Chap50/OptBinSearchTreeMtPer.rs:313: warning: [13] impl IntoIterator for OBSTMtPerS should be inside verus!
/home/milnes/projects/APAS-VERUS-agent4/src/Chap50/OptBinSearchTreeMtPer.rs:327: warning: [13] impl IntoIterator for OBSTMtPerS should be inside verus!
/home/milnes/projects/APAS-VERUS-agent4/src/Chap50/OptBinSearchTreeMtPer.rs:65: warning: [14] struct OptBSTMtPerMemoInv should have impl Debug outside verus!
/home/milnes/projects/APAS-VERUS-agent4/src/Chap50/OptBinSearchTreeMtPer.rs:65: warning: [14] struct OptBSTMtPerMemoInv should have impl Display outside verus!
/home/milnes/projects/APAS-VERUS-agent4/src/Chap50/OptBinSearchTreeMtPer.rs:81: warning: [14] struct OBSTMtPerV should have impl Debug outside verus!
/home/milnes/projects/APAS-VERUS-agent4/src/Chap50/OptBinSearchTreeMtPer.rs:81: warning: [14] struct OBSTMtPerV should have impl Display outside verus!
/home/milnes/projects/APAS-VERUS-agent4/src/Chap50/OptBinSearchTreeMtPer.rs:291: warning: [15] impl PartialEq should be inside verus! (for verification)
/home/milnes/projects/APAS-VERUS-agent4/src/Chap50/OptBinSearchTreeMtPer.rs:1: warning: [17] collection KeyProb should have an Iterator impl
/home/milnes/projects/APAS-VERUS-agent4/src/Chap50/OptBinSearchTreeMtPer.rs:1: warning: [17] collection KeyProb has IntoIterator impl but it should be inside verus!
/home/milnes/projects/APAS-VERUS-agent4/src/Chap50/OptBinSearchTreeMtPer.rs:1: warning: [17] collection OBSTMtPerS should have an Iterator impl
/home/milnes/projects/APAS-VERUS-agent4/src/Chap50/OptBinSearchTreeMtPer.rs:1: warning: [17] collection OBSTMtPerS has IntoIterator impl but it should be inside verus!
/home/milnes/projects/APAS-VERUS-agent4/src/Chap50/OptBinSearchTreeMtPer.rs:1: warning: [17] collection should have runtime test: /home/milnes/projects/APAS-VERUS-agent4/tests/Chap50/TestOptBinSearchTreeMtPer.rs
/home/milnes/projects/APAS-VERUS-agent4/src/Chap50/OptBinSearchTreeMtPer.rs:1: warning: [17] collection should have proof test: /home/milnes/projects/APAS-VERUS-agent4/rust_verify_test/tests/Chap50/ProveOptBinSearchTreeMtPer.rs
/home/milnes/projects/APAS-VERUS-agent4/src/Chap50/OptBinSearchTreeMtPer.rs:1: warning: [17] IntoIterator for OBSTMtPerS should be inside verus!
/home/milnes/projects/APAS-VERUS-agent4/src/Chap50/OptBinSearchTreeMtPer.rs:1: warning: [17] IntoIterator for OBSTMtPerS should be inside verus!
/home/milnes/projects/APAS-VERUS-agent4/src/Chap50/OptBinSearchTreeMtPer.rs:65: warning: [18] struct OptBSTMtPerMemoInv should come before derive impls in verus! (expected type definitions before derive impls in verus!)
/home/milnes/projects/APAS-VERUS-agent4/src/Chap50/OptBinSearchTreeMtPer.rs:66: warning: [18] impl RwLockPredicate for OptBSTMtPerMemoInv should come before derive impls in verus! (expected top level coarse locking before derive impls in verus!)
/home/milnes/projects/APAS-VERUS-agent4/src/Chap50/OptBinSearchTreeMtPer.rs:74: warning: [18] struct OBSTMtPerS should come before derive impls in verus! (expected type definitions before derive impls in verus!)
/home/milnes/projects/APAS-VERUS-agent4/src/Chap50/OptBinSearchTreeMtPer.rs:81: warning: [18] struct OBSTMtPerV should come before derive impls in verus! (expected type definitions before derive impls in verus!)
/home/milnes/projects/APAS-VERUS-agent4/src/Chap50/OptBinSearchTreeMtPer.rs:85: warning: [18] impl View for OBSTMtPerS < T > should come before derive impls in verus! (expected view impls before derive impls in verus!)
/home/milnes/projects/APAS-VERUS-agent4/src/Chap50/OptBinSearchTreeMtPer.rs:93: warning: [18] trait OBSTMtPerTrait should come before derive impls in verus! (expected traits before derive impls in verus!)
/home/milnes/projects/APAS-VERUS-agent4/src/Chap50/OptBinSearchTreeMtPer.rs:116: warning: [18] fn obst_rec should come before derive impls in verus! (expected impls before derive impls in verus!)
/home/milnes/projects/APAS-VERUS-agent4/src/Chap50/OptBinSearchTreeMtPer.rs:187: warning: [18] impl OBSTMtPerTrait for OBSTMtPerS < T > should come before derive impls in verus! (expected impls before derive impls in verus!)
/home/milnes/projects/APAS-VERUS-agent4/src/Chap50/OptBinSearchTreeMtPer.rs:268: warning: [18] impl PartialEqSpecImpl for OBSTMtPerS < T > should come before derive impls in verus! (expected impls before derive impls in verus!)
/home/milnes/projects/APAS-VERUS-agent4/src/Chap50/OptBinSearchTreeMtPer.rs:274: warning: [19] eq return name 'r' could be more descriptive
/home/milnes/projects/APAS-VERUS-agent4/src/Chap50/OptBinSearchTreeMtPer.rs:116: warning: [23] free fn obst_rec param T has bounds `MtVal + Send + Sync + 'static` but trait OBSTMtPerTrait has `MtVal`

/home/milnes/projects/APAS-VERUS-agent4/src/Chap50/OptBinSearchTreeStEph.rs:
/home/milnes/projects/APAS-VERUS-agent4/src/Chap50/OptBinSearchTreeStEph.rs:1: info: [1] has mod declarations
/home/milnes/projects/APAS-VERUS-agent4/src/Chap50/OptBinSearchTreeStEph.rs:1: info: [2] vstd::prelude::* before verus!
/home/milnes/projects/APAS-VERUS-agent4/src/Chap50/OptBinSearchTreeStEph.rs:1: info: [3] has verus! macro
/home/milnes/projects/APAS-VERUS-agent4/src/Chap50/OptBinSearchTreeStEph.rs:1: info: [4] std imports grouped with trailing blank
/home/milnes/projects/APAS-VERUS-agent4/src/Chap50/OptBinSearchTreeStEph.rs:1: info: [5] no vstd imports (ok)
/home/milnes/projects/APAS-VERUS-agent4/src/Chap50/OptBinSearchTreeStEph.rs:1: info: [11] Set/Seq usage has broadcast groups
/home/milnes/projects/APAS-VERUS-agent4/src/Chap50/OptBinSearchTreeStEph.rs:1: info: [14] Display, Debug outside verus!
/home/milnes/projects/APAS-VERUS-agent4/src/Chap50/OptBinSearchTreeStEph.rs:1: info: [16] Lit macro definitions at end of file
/home/milnes/projects/APAS-VERUS-agent4/src/Chap50/OptBinSearchTreeStEph.rs:1: info: [19] no generic return names
/home/milnes/projects/APAS-VERUS-agent4/src/Chap50/OptBinSearchTreeStEph.rs:1: info: [20] all traits have impls
/home/milnes/projects/APAS-VERUS-agent4/src/Chap50/OptBinSearchTreeStEph.rs:1: info: [21] broadcast use: vstd:: before crate::
/home/milnes/projects/APAS-VERUS-agent4/src/Chap50/OptBinSearchTreeStEph.rs:1: info: [22] spec fns: all in traits as abstract signatures
/home/milnes/projects/APAS-VERUS-agent4/src/Chap50/OptBinSearchTreeStEph.rs:1: info: [23] free fn type bounds match trait
/home/milnes/projects/APAS-VERUS-agent4/src/Chap50/OptBinSearchTreeStEph.rs:1: info: [24] copyright line present
/home/milnes/projects/APAS-VERUS-agent4/src/Chap50/OptBinSearchTreeStEph.rs:114: warning: [12] trait OBSTStEphTrait fn optimal_cost should have requires/ensures
/home/milnes/projects/APAS-VERUS-agent4/src/Chap50/OptBinSearchTreeStEph.rs:301: warning: [13] impl IntoIterator for OBSTStEphS should be inside verus!
/home/milnes/projects/APAS-VERUS-agent4/src/Chap50/OptBinSearchTreeStEph.rs:310: warning: [13] impl IntoIterator for OBSTStEphS should be inside verus!
/home/milnes/projects/APAS-VERUS-agent4/src/Chap50/OptBinSearchTreeStEph.rs:319: warning: [13] impl IntoIterator for OBSTStEphS should be inside verus!
/home/milnes/projects/APAS-VERUS-agent4/src/Chap50/OptBinSearchTreeStEph.rs:81: warning: [14] struct OBSTStEphV should have impl Debug outside verus!
/home/milnes/projects/APAS-VERUS-agent4/src/Chap50/OptBinSearchTreeStEph.rs:81: warning: [14] struct OBSTStEphV should have impl Display outside verus!
/home/milnes/projects/APAS-VERUS-agent4/src/Chap50/OptBinSearchTreeStEph.rs:338: warning: [15] impl PartialEq should be inside verus! (for verification)
/home/milnes/projects/APAS-VERUS-agent4/src/Chap50/OptBinSearchTreeStEph.rs:350: warning: [15] impl PartialEq should be inside verus! (for verification)
/home/milnes/projects/APAS-VERUS-agent4/src/Chap50/OptBinSearchTreeStEph.rs:1: warning: [17] collection KeyProb should have an Iterator impl
/home/milnes/projects/APAS-VERUS-agent4/src/Chap50/OptBinSearchTreeStEph.rs:1: warning: [17] collection KeyProb has IntoIterator impl but it should be inside verus!
/home/milnes/projects/APAS-VERUS-agent4/src/Chap50/OptBinSearchTreeStEph.rs:1: warning: [17] collection OBSTStEphS should have an Iterator impl
/home/milnes/projects/APAS-VERUS-agent4/src/Chap50/OptBinSearchTreeStEph.rs:1: warning: [17] collection OBSTStEphS has IntoIterator impl but it should be inside verus!
/home/milnes/projects/APAS-VERUS-agent4/src/Chap50/OptBinSearchTreeStEph.rs:1: warning: [17] collection OBSTStEphV should have an Iterator impl
/home/milnes/projects/APAS-VERUS-agent4/src/Chap50/OptBinSearchTreeStEph.rs:1: warning: [17] collection OBSTStEphV has IntoIterator impl but it should be inside verus!
/home/milnes/projects/APAS-VERUS-agent4/src/Chap50/OptBinSearchTreeStEph.rs:1: warning: [17] collection should have proof test: /home/milnes/projects/APAS-VERUS-agent4/rust_verify_test/tests/Chap50/ProveOptBinSearchTreeStEph.rs
/home/milnes/projects/APAS-VERUS-agent4/src/Chap50/OptBinSearchTreeStEph.rs:1: warning: [17] IntoIterator for OBSTStEphS should be inside verus!
/home/milnes/projects/APAS-VERUS-agent4/src/Chap50/OptBinSearchTreeStEph.rs:1: warning: [17] IntoIterator for OBSTStEphS should be inside verus!
/home/milnes/projects/APAS-VERUS-agent4/src/Chap50/OptBinSearchTreeStEph.rs:1: warning: [17] IntoIterator for OBSTStEphS should be inside verus!
/home/milnes/projects/APAS-VERUS-agent4/src/Chap50/OptBinSearchTreeStEph.rs:61: warning: [18] struct OBSTStEphS should come before derive impls in verus! (expected type definitions before derive impls in verus!)
/home/milnes/projects/APAS-VERUS-agent4/src/Chap50/OptBinSearchTreeStEph.rs:81: warning: [18] struct OBSTStEphV should come before derive impls in verus! (expected type definitions before derive impls in verus!)
/home/milnes/projects/APAS-VERUS-agent4/src/Chap50/OptBinSearchTreeStEph.rs:86: warning: [18] impl View for OBSTStEphS < T > should come before derive impls in verus! (expected view impls before derive impls in verus!)
/home/milnes/projects/APAS-VERUS-agent4/src/Chap50/OptBinSearchTreeStEph.rs:97: warning: [18] trait OBSTStEphTrait should come before derive impls in verus! (expected traits before derive impls in verus!)
/home/milnes/projects/APAS-VERUS-agent4/src/Chap50/OptBinSearchTreeStEph.rs:145: warning: [18] fn obst_rec_st_eph should come before derive impls in verus! (expected impls before derive impls in verus!)
/home/milnes/projects/APAS-VERUS-agent4/src/Chap50/OptBinSearchTreeStEph.rs:212: warning: [18] impl OBSTStEphTrait for OBSTStEphS < T > should come before derive impls in verus! (expected impls before derive impls in verus!)

/home/milnes/projects/APAS-VERUS-agent4/src/Chap50/OptBinSearchTreeStPer.rs:
/home/milnes/projects/APAS-VERUS-agent4/src/Chap50/OptBinSearchTreeStPer.rs:1: info: [1] has mod declarations
/home/milnes/projects/APAS-VERUS-agent4/src/Chap50/OptBinSearchTreeStPer.rs:1: info: [2] vstd::prelude::* before verus!
/home/milnes/projects/APAS-VERUS-agent4/src/Chap50/OptBinSearchTreeStPer.rs:1: info: [3] has verus! macro
/home/milnes/projects/APAS-VERUS-agent4/src/Chap50/OptBinSearchTreeStPer.rs:1: info: [4] std imports grouped with trailing blank
/home/milnes/projects/APAS-VERUS-agent4/src/Chap50/OptBinSearchTreeStPer.rs:1: info: [5] no vstd imports (ok)
/home/milnes/projects/APAS-VERUS-agent4/src/Chap50/OptBinSearchTreeStPer.rs:1: info: [11] Set/Seq usage has broadcast groups
/home/milnes/projects/APAS-VERUS-agent4/src/Chap50/OptBinSearchTreeStPer.rs:1: info: [14] Display, Debug outside verus!
/home/milnes/projects/APAS-VERUS-agent4/src/Chap50/OptBinSearchTreeStPer.rs:1: info: [16] Lit macro definitions at end of file
/home/milnes/projects/APAS-VERUS-agent4/src/Chap50/OptBinSearchTreeStPer.rs:1: info: [19] no generic return names
/home/milnes/projects/APAS-VERUS-agent4/src/Chap50/OptBinSearchTreeStPer.rs:1: info: [20] all traits have impls
/home/milnes/projects/APAS-VERUS-agent4/src/Chap50/OptBinSearchTreeStPer.rs:1: info: [21] broadcast use: vstd:: before crate::
/home/milnes/projects/APAS-VERUS-agent4/src/Chap50/OptBinSearchTreeStPer.rs:1: info: [22] spec fns: all in traits as abstract signatures
/home/milnes/projects/APAS-VERUS-agent4/src/Chap50/OptBinSearchTreeStPer.rs:1: info: [23] free fn type bounds match trait
/home/milnes/projects/APAS-VERUS-agent4/src/Chap50/OptBinSearchTreeStPer.rs:1: info: [24] copyright line present
/home/milnes/projects/APAS-VERUS-agent4/src/Chap50/OptBinSearchTreeStPer.rs:114: warning: [12] trait OBSTStPerTrait fn optimal_cost should have requires/ensures
/home/milnes/projects/APAS-VERUS-agent4/src/Chap50/OptBinSearchTreeStPer.rs:272: warning: [13] impl IntoIterator for OBSTStPerS should be inside verus!
/home/milnes/projects/APAS-VERUS-agent4/src/Chap50/OptBinSearchTreeStPer.rs:281: warning: [13] impl IntoIterator for OBSTStPerS should be inside verus!
/home/milnes/projects/APAS-VERUS-agent4/src/Chap50/OptBinSearchTreeStPer.rs:81: warning: [14] struct OBSTStPerV should have impl Debug outside verus!
/home/milnes/projects/APAS-VERUS-agent4/src/Chap50/OptBinSearchTreeStPer.rs:81: warning: [14] struct OBSTStPerV should have impl Display outside verus!
/home/milnes/projects/APAS-VERUS-agent4/src/Chap50/OptBinSearchTreeStPer.rs:300: warning: [15] impl PartialEq should be inside verus! (for verification)
/home/milnes/projects/APAS-VERUS-agent4/src/Chap50/OptBinSearchTreeStPer.rs:312: warning: [15] impl PartialEq should be inside verus! (for verification)
/home/milnes/projects/APAS-VERUS-agent4/src/Chap50/OptBinSearchTreeStPer.rs:1: warning: [17] collection KeyProb should have an Iterator impl
/home/milnes/projects/APAS-VERUS-agent4/src/Chap50/OptBinSearchTreeStPer.rs:1: warning: [17] collection KeyProb has IntoIterator impl but it should be inside verus!
/home/milnes/projects/APAS-VERUS-agent4/src/Chap50/OptBinSearchTreeStPer.rs:1: warning: [17] collection OBSTStPerS should have an Iterator impl
/home/milnes/projects/APAS-VERUS-agent4/src/Chap50/OptBinSearchTreeStPer.rs:1: warning: [17] collection OBSTStPerS has IntoIterator impl but it should be inside verus!
/home/milnes/projects/APAS-VERUS-agent4/src/Chap50/OptBinSearchTreeStPer.rs:1: warning: [17] collection OBSTStPerV should have an Iterator impl
/home/milnes/projects/APAS-VERUS-agent4/src/Chap50/OptBinSearchTreeStPer.rs:1: warning: [17] collection OBSTStPerV has IntoIterator impl but it should be inside verus!
/home/milnes/projects/APAS-VERUS-agent4/src/Chap50/OptBinSearchTreeStPer.rs:1: warning: [17] collection should have proof test: /home/milnes/projects/APAS-VERUS-agent4/rust_verify_test/tests/Chap50/ProveOptBinSearchTreeStPer.rs
/home/milnes/projects/APAS-VERUS-agent4/src/Chap50/OptBinSearchTreeStPer.rs:1: warning: [17] IntoIterator for OBSTStPerS should be inside verus!
/home/milnes/projects/APAS-VERUS-agent4/src/Chap50/OptBinSearchTreeStPer.rs:1: warning: [17] IntoIterator for OBSTStPerS should be inside verus!
/home/milnes/projects/APAS-VERUS-agent4/src/Chap50/OptBinSearchTreeStPer.rs:61: warning: [18] struct OBSTStPerS should come before derive impls in verus! (expected type definitions before derive impls in verus!)
/home/milnes/projects/APAS-VERUS-agent4/src/Chap50/OptBinSearchTreeStPer.rs:81: warning: [18] struct OBSTStPerV should come before derive impls in verus! (expected type definitions before derive impls in verus!)
/home/milnes/projects/APAS-VERUS-agent4/src/Chap50/OptBinSearchTreeStPer.rs:86: warning: [18] impl View for OBSTStPerS < T > should come before derive impls in verus! (expected view impls before derive impls in verus!)
/home/milnes/projects/APAS-VERUS-agent4/src/Chap50/OptBinSearchTreeStPer.rs:97: warning: [18] trait OBSTStPerTrait should come before derive impls in verus! (expected traits before derive impls in verus!)
/home/milnes/projects/APAS-VERUS-agent4/src/Chap50/OptBinSearchTreeStPer.rs:128: warning: [18] fn obst_rec_st_per should come before derive impls in verus! (expected impls before derive impls in verus!)
/home/milnes/projects/APAS-VERUS-agent4/src/Chap50/OptBinSearchTreeStPer.rs:195: warning: [18] impl OBSTStPerTrait for OBSTStPerS < T > should come before derive impls in verus! (expected impls before derive impls in verus!)

════════════════════════════════════════════════════════════════
Summary: 106 passed, 220 warnings in 8 files (checked 8 files)
════════════════════════════════════════════════════════════════
