Verus Style Review
==================

Path: /home/milnes/projects/APAS-VERUS-agent4/src/Chap19/
Codebase: /home/milnes/projects/APAS-VERUS-agent4
Mode: basic
Logging to: /home/milnes/projects/APAS-VERUS-agent4/src/Chap19/analyses/veracity-review-verus-style.log

Checking 4 files...

/home/milnes/projects/APAS-VERUS-agent4/src/Chap19/ArraySeqMtEph.rs:
/home/milnes/projects/APAS-VERUS-agent4/src/Chap19/ArraySeqMtEph.rs:1: info: [1] has mod declarations
/home/milnes/projects/APAS-VERUS-agent4/src/Chap19/ArraySeqMtEph.rs:1: info: [2] vstd::prelude::* before verus!
/home/milnes/projects/APAS-VERUS-agent4/src/Chap19/ArraySeqMtEph.rs:1: info: [3] has verus! macro
/home/milnes/projects/APAS-VERUS-agent4/src/Chap19/ArraySeqMtEph.rs:1: info: [4] std imports grouped with trailing blank
/home/milnes/projects/APAS-VERUS-agent4/src/Chap19/ArraySeqMtEph.rs:1: info: [5] no vstd imports (ok)
/home/milnes/projects/APAS-VERUS-agent4/src/Chap19/ArraySeqMtEph.rs:1: info: [11] Set/Seq usage has broadcast groups
/home/milnes/projects/APAS-VERUS-agent4/src/Chap19/ArraySeqMtEph.rs:1: info: [12] all trait fns have specs
/home/milnes/projects/APAS-VERUS-agent4/src/Chap19/ArraySeqMtEph.rs:1: info: [13] trait impls inside verus!
/home/milnes/projects/APAS-VERUS-agent4/src/Chap19/ArraySeqMtEph.rs:1: info: [14] Debug, Display outside verus!
/home/milnes/projects/APAS-VERUS-agent4/src/Chap19/ArraySeqMtEph.rs:1: info: [15] Clone, Eq, PartialEq inside verus!
/home/milnes/projects/APAS-VERUS-agent4/src/Chap19/ArraySeqMtEph.rs:1: info: [16] Lit macro definitions at end of file
/home/milnes/projects/APAS-VERUS-agent4/src/Chap19/ArraySeqMtEph.rs:1: info: [17] no collection structs (ok)
/home/milnes/projects/APAS-VERUS-agent4/src/Chap19/ArraySeqMtEph.rs:1: info: [18] verus! block empty (ok)
/home/milnes/projects/APAS-VERUS-agent4/src/Chap19/ArraySeqMtEph.rs:1: info: [19] no generic return names
/home/milnes/projects/APAS-VERUS-agent4/src/Chap19/ArraySeqMtEph.rs:1: info: [20] all traits have impls
/home/milnes/projects/APAS-VERUS-agent4/src/Chap19/ArraySeqMtEph.rs:1: info: [21] broadcast use: vstd:: before crate::
/home/milnes/projects/APAS-VERUS-agent4/src/Chap19/ArraySeqMtEph.rs:1: info: [22] spec fns: all in traits as abstract signatures

/home/milnes/projects/APAS-VERUS-agent4/src/Chap19/ArraySeqMtEphSlice.rs:
/home/milnes/projects/APAS-VERUS-agent4/src/Chap19/ArraySeqMtEphSlice.rs:1: info: [1] has mod declarations
/home/milnes/projects/APAS-VERUS-agent4/src/Chap19/ArraySeqMtEphSlice.rs:1: info: [2] vstd::prelude::* before verus!
/home/milnes/projects/APAS-VERUS-agent4/src/Chap19/ArraySeqMtEphSlice.rs:1: info: [3] has verus! macro
/home/milnes/projects/APAS-VERUS-agent4/src/Chap19/ArraySeqMtEphSlice.rs:1: info: [4] std imports grouped with trailing blank
/home/milnes/projects/APAS-VERUS-agent4/src/Chap19/ArraySeqMtEphSlice.rs:1: info: [5] no vstd imports (ok)
/home/milnes/projects/APAS-VERUS-agent4/src/Chap19/ArraySeqMtEphSlice.rs:1: info: [11] Set/Seq usage has broadcast groups
/home/milnes/projects/APAS-VERUS-agent4/src/Chap19/ArraySeqMtEphSlice.rs:1: info: [12] all trait fns have specs
/home/milnes/projects/APAS-VERUS-agent4/src/Chap19/ArraySeqMtEphSlice.rs:1: info: [13] trait impls inside verus!
/home/milnes/projects/APAS-VERUS-agent4/src/Chap19/ArraySeqMtEphSlice.rs:1: info: [14] Debug, Display outside verus!
/home/milnes/projects/APAS-VERUS-agent4/src/Chap19/ArraySeqMtEphSlice.rs:1: info: [15] no PartialEq/Eq/Clone/Hash/Ord impls (ok)
/home/milnes/projects/APAS-VERUS-agent4/src/Chap19/ArraySeqMtEphSlice.rs:1: info: [16] Lit macro definitions at end of file
/home/milnes/projects/APAS-VERUS-agent4/src/Chap19/ArraySeqMtEphSlice.rs:1: info: [19] no generic return names
/home/milnes/projects/APAS-VERUS-agent4/src/Chap19/ArraySeqMtEphSlice.rs:1: info: [20] all traits have impls
/home/milnes/projects/APAS-VERUS-agent4/src/Chap19/ArraySeqMtEphSlice.rs:1: info: [21] broadcast use: vstd:: before crate::
/home/milnes/projects/APAS-VERUS-agent4/src/Chap19/ArraySeqMtEphSlice.rs:1: info: [22] spec fns: all in traits as abstract signatures
/home/milnes/projects/APAS-VERUS-agent4/src/Chap19/ArraySeqMtEphSlice.rs:1: warning: [17] collection ArraySeqMtEphSliceS should have an Iterator impl
/home/milnes/projects/APAS-VERUS-agent4/src/Chap19/ArraySeqMtEphSlice.rs:1: warning: [17] collection should have runtime test: /home/milnes/projects/APAS-VERUS-agent4/tests/Chap19/TestArraySeqMtEphSlice.rs
/home/milnes/projects/APAS-VERUS-agent4/src/Chap19/ArraySeqMtEphSlice.rs:82: warning: [18] trait ArraySeqMtEphSliceTrait should come before impls (expected traits before impls)

/home/milnes/projects/APAS-VERUS-agent4/src/Chap19/ArraySeqStEph.rs:
/home/milnes/projects/APAS-VERUS-agent4/src/Chap19/ArraySeqStEph.rs:1: info: [1] has mod declarations
/home/milnes/projects/APAS-VERUS-agent4/src/Chap19/ArraySeqStEph.rs:1: info: [2] vstd::prelude::* before verus!
/home/milnes/projects/APAS-VERUS-agent4/src/Chap19/ArraySeqStEph.rs:1: info: [3] has verus! macro
/home/milnes/projects/APAS-VERUS-agent4/src/Chap19/ArraySeqStEph.rs:1: info: [4] std imports grouped with trailing blank
/home/milnes/projects/APAS-VERUS-agent4/src/Chap19/ArraySeqStEph.rs:1: info: [5] no vstd imports (ok)
/home/milnes/projects/APAS-VERUS-agent4/src/Chap19/ArraySeqStEph.rs:1: info: [11] Set/Seq usage has broadcast groups
/home/milnes/projects/APAS-VERUS-agent4/src/Chap19/ArraySeqStEph.rs:1: info: [12] all trait fns have specs
/home/milnes/projects/APAS-VERUS-agent4/src/Chap19/ArraySeqStEph.rs:1: info: [13] trait impls inside verus!
/home/milnes/projects/APAS-VERUS-agent4/src/Chap19/ArraySeqStEph.rs:1: info: [14] Debug, Display outside verus!
/home/milnes/projects/APAS-VERUS-agent4/src/Chap19/ArraySeqStEph.rs:1: info: [15] Clone, Eq, PartialEq inside verus!
/home/milnes/projects/APAS-VERUS-agent4/src/Chap19/ArraySeqStEph.rs:1: info: [16] Lit macro definitions at end of file
/home/milnes/projects/APAS-VERUS-agent4/src/Chap19/ArraySeqStEph.rs:1: info: [17] Iterator<ArraySeqStEphS>, IntoIterator<ArraySeqStEphS>, runtime test exists, proof test exists
/home/milnes/projects/APAS-VERUS-agent4/src/Chap19/ArraySeqStEph.rs:1: info: [19] no generic return names
/home/milnes/projects/APAS-VERUS-agent4/src/Chap19/ArraySeqStEph.rs:1: info: [20] all traits have impls
/home/milnes/projects/APAS-VERUS-agent4/src/Chap19/ArraySeqStEph.rs:1: info: [21] broadcast use: vstd:: before crate::
/home/milnes/projects/APAS-VERUS-agent4/src/Chap19/ArraySeqStEph.rs:983: warning: [14] struct ArraySeqStEphIter should have impl Debug outside verus!
/home/milnes/projects/APAS-VERUS-agent4/src/Chap19/ArraySeqStEph.rs:983: warning: [14] struct ArraySeqStEphIter should have impl Display outside verus!
/home/milnes/projects/APAS-VERUS-agent4/src/Chap19/ArraySeqStEph.rs:1024: warning: [14] struct ArraySeqStEphGhostIterator should have impl Debug outside verus!
/home/milnes/projects/APAS-VERUS-agent4/src/Chap19/ArraySeqStEph.rs:1024: warning: [14] struct ArraySeqStEphGhostIterator should have impl Display outside verus!
/home/milnes/projects/APAS-VERUS-agent4/src/Chap19/ArraySeqStEph.rs:983: warning: [18] struct ArraySeqStEphIter should come before impls (expected type definitions before impls)
/home/milnes/projects/APAS-VERUS-agent4/src/Chap19/ArraySeqStEph.rs:987: warning: [18] impl View for ArraySeqStEphIter < 'a , T > should come before impls (expected view impls before impls)
/home/milnes/projects/APAS-VERUS-agent4/src/Chap19/ArraySeqStEph.rs:992: warning: [18] spec fn iter_invariant should come before impls (expected spec fns before impls)
/home/milnes/projects/APAS-VERUS-agent4/src/Chap19/ArraySeqStEph.rs:1024: warning: [18] struct ArraySeqStEphGhostIterator should come before iterators (expected type definitions before iterators)
/home/milnes/projects/APAS-VERUS-agent4/src/Chap19/ArraySeqStEph.rs:1030: warning: [18] impl View for ArraySeqStEphGhostIterator < 'a , T > should come before iterators (expected view impls before iterators)
/home/milnes/projects/APAS-VERUS-agent4/src/Chap19/ArraySeqStEph.rs:100: warning: [22] free spec fn spec_inject should be an abstract signature in a trait with body in the impl
/home/milnes/projects/APAS-VERUS-agent4/src/Chap19/ArraySeqStEph.rs:992: warning: [22] free spec fn iter_invariant should be an abstract signature in a trait with body in the impl

/home/milnes/projects/APAS-VERUS-agent4/src/Chap19/ArraySeqStPer.rs:
/home/milnes/projects/APAS-VERUS-agent4/src/Chap19/ArraySeqStPer.rs:1: info: [1] has mod declarations
/home/milnes/projects/APAS-VERUS-agent4/src/Chap19/ArraySeqStPer.rs:1: info: [2] vstd::prelude::* before verus!
/home/milnes/projects/APAS-VERUS-agent4/src/Chap19/ArraySeqStPer.rs:1: info: [3] has verus! macro
/home/milnes/projects/APAS-VERUS-agent4/src/Chap19/ArraySeqStPer.rs:1: info: [4] std imports grouped with trailing blank
/home/milnes/projects/APAS-VERUS-agent4/src/Chap19/ArraySeqStPer.rs:1: info: [5] no vstd imports (ok)
/home/milnes/projects/APAS-VERUS-agent4/src/Chap19/ArraySeqStPer.rs:1: info: [11] Set/Seq usage has broadcast groups
/home/milnes/projects/APAS-VERUS-agent4/src/Chap19/ArraySeqStPer.rs:1: info: [12] all trait fns have specs
/home/milnes/projects/APAS-VERUS-agent4/src/Chap19/ArraySeqStPer.rs:1: info: [13] trait impls inside verus!
/home/milnes/projects/APAS-VERUS-agent4/src/Chap19/ArraySeqStPer.rs:1: info: [14] Debug, Display outside verus!
/home/milnes/projects/APAS-VERUS-agent4/src/Chap19/ArraySeqStPer.rs:1: info: [15] Clone, Eq, PartialEq inside verus!
/home/milnes/projects/APAS-VERUS-agent4/src/Chap19/ArraySeqStPer.rs:1: info: [16] Lit macro definitions at end of file
/home/milnes/projects/APAS-VERUS-agent4/src/Chap19/ArraySeqStPer.rs:1: info: [17] Iterator<ArraySeqStPerS>, IntoIterator<ArraySeqStPerS>, runtime test exists, proof test exists
/home/milnes/projects/APAS-VERUS-agent4/src/Chap19/ArraySeqStPer.rs:1: info: [19] no generic return names
/home/milnes/projects/APAS-VERUS-agent4/src/Chap19/ArraySeqStPer.rs:1: info: [20] all traits have impls
/home/milnes/projects/APAS-VERUS-agent4/src/Chap19/ArraySeqStPer.rs:1: info: [21] broadcast use: vstd:: before crate::
/home/milnes/projects/APAS-VERUS-agent4/src/Chap19/ArraySeqStPer.rs:984: warning: [14] struct ArraySeqStPerIter should have impl Debug outside verus!
/home/milnes/projects/APAS-VERUS-agent4/src/Chap19/ArraySeqStPer.rs:984: warning: [14] struct ArraySeqStPerIter should have impl Display outside verus!
/home/milnes/projects/APAS-VERUS-agent4/src/Chap19/ArraySeqStPer.rs:1025: warning: [14] struct ArraySeqStPerGhostIterator should have impl Debug outside verus!
/home/milnes/projects/APAS-VERUS-agent4/src/Chap19/ArraySeqStPer.rs:1025: warning: [14] struct ArraySeqStPerGhostIterator should have impl Display outside verus!
/home/milnes/projects/APAS-VERUS-agent4/src/Chap19/ArraySeqStPer.rs:984: warning: [18] struct ArraySeqStPerIter should come before impls (expected type definitions before impls)
/home/milnes/projects/APAS-VERUS-agent4/src/Chap19/ArraySeqStPer.rs:988: warning: [18] impl View for ArraySeqStPerIter < 'a , T > should come before impls (expected view impls before impls)
/home/milnes/projects/APAS-VERUS-agent4/src/Chap19/ArraySeqStPer.rs:993: warning: [18] spec fn iter_invariant should come before impls (expected spec fns before impls)
/home/milnes/projects/APAS-VERUS-agent4/src/Chap19/ArraySeqStPer.rs:1025: warning: [18] struct ArraySeqStPerGhostIterator should come before iterators (expected type definitions before iterators)
/home/milnes/projects/APAS-VERUS-agent4/src/Chap19/ArraySeqStPer.rs:1031: warning: [18] impl View for ArraySeqStPerGhostIterator < 'a , T > should come before iterators (expected view impls before iterators)
/home/milnes/projects/APAS-VERUS-agent4/src/Chap19/ArraySeqStPer.rs:99: warning: [22] free spec fn spec_inject should be an abstract signature in a trait with body in the impl
/home/milnes/projects/APAS-VERUS-agent4/src/Chap19/ArraySeqStPer.rs:993: warning: [22] free spec fn iter_invariant should be an abstract signature in a trait with body in the impl

════════════════════════════════════════════════════════════════
Summary: 62 passed, 25 warnings in 3 files (checked 4 files)
════════════════════════════════════════════════════════════════
