$ /home/milnes/projects/veracity/target/release/veracity-review-proof-holes src/Chap19/
Full output: src/Chap19/analyses/veracity-review-verus-proof-holes.log

Table of Contents:
  1. File Holes
  2. Depends Upon
     2.1. By Module
     2.2. By File
  3. Summary of Holes
  4. Proof Targets
     4.1. Worst src/* Directories (all dirs, by holes)
     4.2. Next Target Files (clean deps only, by holes)
     4.3. Next Target Directories
     4.4. Not Verusified
     4.5. Not Verusified (clean deps only)
     4.6. Chapter by Chapter Proof Targeting
  5. Started/Ended/Duration

=================================================================
1. File Holes
=================================================================

⚠ ArraySeqMtEph.rs
/home/milnes/projects/APAS-VERUS-agent3/src/Chap19/ArraySeqMtEph.rs:1809: warning: assume_eq_clone_workaround - at this point in Verus, clones may have to assume they work on generic types
      1805 |         fn eq(&self, other: &Self) -> (equal: bool)
            ...
      1807 |         {
      1808 |             let equal = self.seq == other.seq;
      1810 |             equal
      1811 |         }
/home/milnes/projects/APAS-VERUS-agent3/src/Chap19/ArraySeqMtEph.rs:485: info: trivial_spec_wf
   Info: 1 total
⚠ ArraySeqMtEphSlice.rs
/home/milnes/projects/APAS-VERUS-agent3/src/Chap19/ArraySeqMtEphSlice.rs:1453: warning: assume_eq_clone_workaround - at this point in Verus, clones may have to assume they work on generic types
      1449 |         fn eq(&self, other: &Self) -> (equal: bool)
            ...
      1451 |         {
      1452 |             let equal = self.start == other.start && self.len == other.len;
      1454 |             equal
      1455 |         }
⚠ ArraySeqStEph.rs
/home/milnes/projects/APAS-VERUS-agent3/src/Chap19/ArraySeqStEph.rs:1226: warning: assume_eq_clone_workaround - at this point in Verus, clones may have to assume they work on generic types
      1222 |         fn eq(&self, other: &Self) -> (equal: bool)
            ...
      1224 |         {
      1225 |             let equal = self.seq == other.seq;
      1227 |             equal
      1228 |         }
/home/milnes/projects/APAS-VERUS-agent3/src/Chap19/ArraySeqStEph.rs:457: info: trivial_spec_wf
   Info: 1 total
⚠ ArraySeqStPer.rs
/home/milnes/projects/APAS-VERUS-agent3/src/Chap19/ArraySeqStPer.rs:1233: warning: assume_eq_clone_workaround - at this point in Verus, clones may have to assume they work on generic types
      1229 |         fn eq(&self, other: &Self) -> (equal: bool)
            ...
      1231 |         {
      1232 |             let equal = self.seq == other.seq;
      1234 |             equal
      1235 |         }
/home/milnes/projects/APAS-VERUS-agent3/src/Chap19/ArraySeqStPer.rs:443: info: trivial_spec_wf
   Info: 1 total

=================================================================
2. Depends Upon
=================================================================

=================================================================
2.1. By Module
=================================================================

ArraySeqMtEph  depends upon only clean modules
ArraySeqMtEphSlice  depends upon only clean modules
ArraySeqStEph  depends upon only clean modules
ArraySeqStPer  depends upon only clean modules

=================================================================
2.2. By File
=================================================================

ArraySeqMtEph.rs  depends upon only clean modules
ArraySeqMtEphSlice.rs  depends upon only clean modules
ArraySeqStEph.rs  depends upon only clean modules
ArraySeqStPer.rs  depends upon only clean modules

=================================================================
3. Summary of Holes
=================================================================

Modules:
   4 clean (no holes, no errors; 100%)
   0 holed (holes or errors, 0%)
   4 total

Proof Functions:
   19 clean (100%)
   0 holed (0%)
   19 total

Function Specs:
   209 exec fns with complete spec (requires+ensures) (66%)
   0 exec fns missing spec (0%)
   107 proof/spec fns clean (33%)
   0 proof/spec fns with holes (0%)
   316 total fns


Holes Found: 0 (actionable)
Real Proof Targets: 0 (all actionable)

Warnings: 4 total
   4 × assume_eq_clone_workaround

Accepted (reviewed): 3 total
   3 × trivial_spec_wf

No proof holes found! All proofs are complete.

=================================================================
5. Started/Ended/Duration
=================================================================

Started:   2026-04-02 08:21:29 -07:00
Ended:     2026-04-02 08:21:29 -07:00
Duration:  91ms

Full output: src/Chap19/analyses/veracity-review-verus-proof-holes.log
