$ /home/milnes/projects/veracity/target/release/veracity-review-proof-holes src/Chap12/
Full output: src/Chap12/analyses/veracity-review-verus-proof-holes.log

Table of Contents:
  1. File Holes
  2. Depends Upon
     2.1. By Module
     2.2. By File
  3. Summary of Holes
  4. Proof Targets
     4.1. Worst src/* Directories (all dirs, by holes)
     4.2. Next Target Files (clean deps only, by holes)
     4.3. Next Target Directories
     4.4. Not Verusified
     4.5. Not Verusified (clean deps only)
     4.6. Chapter by Chapter Proof Targeting
  5. Started/Ended/Duration

=================================================================
1. File Holes
=================================================================

ℹ Exercise12_1.rs
/home/milnes/projects/APAS-VERUS/src/Chap12/Exercise12_1.rs:40: info: external_body_accept_hole
/home/milnes/projects/APAS-VERUS/src/Chap12/Exercise12_1.rs:83: info: external_body_accept_hole
/home/milnes/projects/APAS-VERUS/src/Chap12/Exercise12_1.rs:92: info: external_body_accept_hole
/home/milnes/projects/APAS-VERUS/src/Chap12/Exercise12_1.rs:101: info: external_body_accept_hole
/home/milnes/projects/APAS-VERUS/src/Chap12/Exercise12_1.rs:107: info: external_body_accept_hole
/home/milnes/projects/APAS-VERUS/src/Chap12/Exercise12_1.rs:118: info: external_body_accept_hole
   Info: 6 total
✓ Exercise12_2.rs
ℹ Exercise12_5.rs
/home/milnes/projects/APAS-VERUS/src/Chap12/Exercise12_5.rs:41: info: external_accept_hole
/home/milnes/projects/APAS-VERUS/src/Chap12/Exercise12_5.rs:52: info: external_body_accept_hole
/home/milnes/projects/APAS-VERUS/src/Chap12/Exercise12_5.rs:67: info: trivial_spec_wf
/home/milnes/projects/APAS-VERUS/src/Chap12/Exercise12_5.rs:106: info: external_body_accept_hole
/home/milnes/projects/APAS-VERUS/src/Chap12/Exercise12_5.rs:114: info: external_body_accept_hole
/home/milnes/projects/APAS-VERUS/src/Chap12/Exercise12_5.rs:129: info: external_body_accept_hole
/home/milnes/projects/APAS-VERUS/src/Chap12/Exercise12_5.rs:145: info: external_body_accept_hole
/home/milnes/projects/APAS-VERUS/src/Chap12/Exercise12_5.rs:151: info: external_body_accept_hole
/home/milnes/projects/APAS-VERUS/src/Chap12/Exercise12_5.rs:162: info: external_body_accept_hole
/home/milnes/projects/APAS-VERUS/src/Chap12/Exercise12_5.rs:124: info: unsafe_block_accept_hole
/home/milnes/projects/APAS-VERUS/src/Chap12/Exercise12_5.rs:136: info: unsafe_block_accept_hole
/home/milnes/projects/APAS-VERUS/src/Chap12/Exercise12_5.rs:138: info: unsafe_block_accept_hole
/home/milnes/projects/APAS-VERUS/src/Chap12/Exercise12_5.rs:169: info: unsafe_block_accept_hole
   Info: 13 total

=================================================================
2. Depends Upon
=================================================================

=================================================================
2.1. By Module
=================================================================

Exercise12_1  depends upon only clean modules
Exercise12_2  depends upon only clean modules
Exercise12_5  depends upon only clean modules

=================================================================
2.2. By File
=================================================================

Exercise12_1.rs  depends upon only clean modules
Exercise12_2.rs  depends upon only clean modules
Exercise12_5.rs  depends upon only clean modules

=================================================================
3. Summary of Holes
=================================================================

Modules:
   3 clean (no holes, no errors; 100%)
   0 holed (holes or errors, 0%)
   3 total

Proof Functions:
   0 clean (0%)
   0 holed (0%)
   0 total

Function Specs:
   24 exec fns with complete spec (requires+ensures) (88%)
   0 exec fns missing spec (0%)
   3 proof/spec fns clean (11%)
   0 proof/spec fns with holes (0%)
   27 total fns


Holes Found: 0 (actionable)
Real Proof Targets: 0 (all actionable)

Accepted (reviewed): 19 total
   13 × external_body_accept_hole
   4 × unsafe_block_accept_hole
   1 × trivial_spec_wf
   1 × external_accept_hole

No proof holes or warnings found! All proofs are complete.

=================================================================
5. Started/Ended/Duration
=================================================================

Started:   2026-04-12 15:12:41 -07:00
Ended:     2026-04-12 15:12:41 -07:00
Duration:  4ms

Full output: src/Chap12/analyses/veracity-review-verus-proof-holes.log
41 -07:00
Duration:  4ms

Full output: src/Chap12/analyses/veracity-review-verus-proof-holes.log
