Verus Style Review
==================

Path: /home/milnes/projects/APAS-VERUS/src/Chap12/
Codebase: /home/milnes/projects/APAS-VERUS
Mode: basic
Logging to: /home/milnes/projects/APAS-VERUS/src/Chap12/analyses/veracity-review-verus-style.log

Checking 3 files...

/home/milnes/projects/APAS-VERUS/src/Chap12/Exercise12_1.rs:
/home/milnes/projects/APAS-VERUS/src/Chap12/Exercise12_1.rs:1: info: [1] has mod declarations
/home/milnes/projects/APAS-VERUS/src/Chap12/Exercise12_1.rs:1: info: [2] vstd::prelude::* before verus!
/home/milnes/projects/APAS-VERUS/src/Chap12/Exercise12_1.rs:1: info: [3] has verus! macro
/home/milnes/projects/APAS-VERUS/src/Chap12/Exercise12_1.rs:1: info: [4] std imports grouped with trailing blank
/home/milnes/projects/APAS-VERUS/src/Chap12/Exercise12_1.rs:1: info: [5] no vstd imports (ok)
/home/milnes/projects/APAS-VERUS/src/Chap12/Exercise12_1.rs:1: info: [11] no Set/Seq usage (ok)
/home/milnes/projects/APAS-VERUS/src/Chap12/Exercise12_1.rs:1: info: [13] trait impls inside verus!
/home/milnes/projects/APAS-VERUS/src/Chap12/Exercise12_1.rs:1: info: [14] Debug outside verus!
/home/milnes/projects/APAS-VERUS/src/Chap12/Exercise12_1.rs:1: info: [15] no PartialEq/Eq/Clone/Hash/Ord impls (ok)
/home/milnes/projects/APAS-VERUS/src/Chap12/Exercise12_1.rs:1: info: [16] no Lit macro definitions (ok)
/home/milnes/projects/APAS-VERUS/src/Chap12/Exercise12_1.rs:1: info: [17] no collection structs (ok)
/home/milnes/projects/APAS-VERUS/src/Chap12/Exercise12_1.rs:1: info: [18] definition order correct
/home/milnes/projects/APAS-VERUS/src/Chap12/Exercise12_1.rs:1: info: [19] no generic return names
/home/milnes/projects/APAS-VERUS/src/Chap12/Exercise12_1.rs:1: info: [20] all traits have impls
/home/milnes/projects/APAS-VERUS/src/Chap12/Exercise12_1.rs:1: info: [21] no broadcast use entries
/home/milnes/projects/APAS-VERUS/src/Chap12/Exercise12_1.rs:53: warning: [12] trait SpinLockTrait fn with_lock should have requires/ensures

/home/milnes/projects/APAS-VERUS/src/Chap12/Exercise12_2.rs:
/home/milnes/projects/APAS-VERUS/src/Chap12/Exercise12_2.rs:1: info: [1] has mod declarations
/home/milnes/projects/APAS-VERUS/src/Chap12/Exercise12_2.rs:1: info: [2] vstd::prelude::* before verus!
/home/milnes/projects/APAS-VERUS/src/Chap12/Exercise12_2.rs:1: info: [3] has verus! macro
/home/milnes/projects/APAS-VERUS/src/Chap12/Exercise12_2.rs:1: info: [4] no std imports (ok)
/home/milnes/projects/APAS-VERUS/src/Chap12/Exercise12_2.rs:1: info: [5] no vstd imports (ok)
/home/milnes/projects/APAS-VERUS/src/Chap12/Exercise12_2.rs:1: info: [11] no Set/Seq usage (ok)
/home/milnes/projects/APAS-VERUS/src/Chap12/Exercise12_2.rs:1: info: [13] trait impls inside verus!
/home/milnes/projects/APAS-VERUS/src/Chap12/Exercise12_2.rs:1: info: [14] no Debug/Display impls (ok)
/home/milnes/projects/APAS-VERUS/src/Chap12/Exercise12_2.rs:1: info: [15] no PartialEq/Eq/Clone/Hash/Ord impls (ok)
/home/milnes/projects/APAS-VERUS/src/Chap12/Exercise12_2.rs:1: info: [16] no Lit macro definitions (ok)
/home/milnes/projects/APAS-VERUS/src/Chap12/Exercise12_2.rs:1: info: [17] no collection structs (ok)
/home/milnes/projects/APAS-VERUS/src/Chap12/Exercise12_2.rs:1: info: [18] definition order correct
/home/milnes/projects/APAS-VERUS/src/Chap12/Exercise12_2.rs:1: info: [19] no generic return names
/home/milnes/projects/APAS-VERUS/src/Chap12/Exercise12_2.rs:1: info: [20] all traits have impls
/home/milnes/projects/APAS-VERUS/src/Chap12/Exercise12_2.rs:1: info: [21] no broadcast use entries
/home/milnes/projects/APAS-VERUS/src/Chap12/Exercise12_2.rs:22: warning: [12] trait FetchAddCasTrait fn fetch_add_cas should have requires/ensures

/home/milnes/projects/APAS-VERUS/src/Chap12/Exercise12_5.rs:
/home/milnes/projects/APAS-VERUS/src/Chap12/Exercise12_5.rs:1: info: [1] has mod declarations
/home/milnes/projects/APAS-VERUS/src/Chap12/Exercise12_5.rs:1: info: [2] vstd::prelude::* before verus!
/home/milnes/projects/APAS-VERUS/src/Chap12/Exercise12_5.rs:1: info: [3] has verus! macro
/home/milnes/projects/APAS-VERUS/src/Chap12/Exercise12_5.rs:1: info: [4] std imports grouped with trailing blank
/home/milnes/projects/APAS-VERUS/src/Chap12/Exercise12_5.rs:1: info: [5] no vstd imports (ok)
/home/milnes/projects/APAS-VERUS/src/Chap12/Exercise12_5.rs:1: info: [11] no Set/Seq usage (ok)
/home/milnes/projects/APAS-VERUS/src/Chap12/Exercise12_5.rs:1: info: [12] all trait fns have specs
/home/milnes/projects/APAS-VERUS/src/Chap12/Exercise12_5.rs:1: info: [13] trait impls inside verus!
/home/milnes/projects/APAS-VERUS/src/Chap12/Exercise12_5.rs:1: info: [14] no Debug/Display impls (ok)
/home/milnes/projects/APAS-VERUS/src/Chap12/Exercise12_5.rs:1: info: [15] no PartialEq/Eq/Clone/Hash/Ord impls (ok)
/home/milnes/projects/APAS-VERUS/src/Chap12/Exercise12_5.rs:1: info: [16] no Lit macro definitions (ok)
/home/milnes/projects/APAS-VERUS/src/Chap12/Exercise12_5.rs:1: info: [17] no collection structs (ok)
/home/milnes/projects/APAS-VERUS/src/Chap12/Exercise12_5.rs:1: info: [18] definition order correct
/home/milnes/projects/APAS-VERUS/src/Chap12/Exercise12_5.rs:1: info: [19] no generic return names
/home/milnes/projects/APAS-VERUS/src/Chap12/Exercise12_5.rs:1: info: [20] all traits have impls
/home/milnes/projects/APAS-VERUS/src/Chap12/Exercise12_5.rs:1: info: [21] no broadcast use entries

════════════════════════════════════════════════════════════════
Summary: 46 passed, 2 warnings in 2 files (checked 3 files)
════════════════════════════════════════════════════════════════
