Verus Style Review
==================

Path: /home/milnes/projects/APAS-VERUS/src/Chap62/
Codebase: /home/milnes/projects/APAS-VERUS
Mode: basic
Logging to: /home/milnes/projects/APAS-VERUS/src/Chap62/analyses/veracity-review-verus-style.log

Checking 4 files...

/home/milnes/projects/APAS-VERUS/src/Chap62/StarContractionMtEph.rs:
/home/milnes/projects/APAS-VERUS/src/Chap62/StarContractionMtEph.rs:1: info: [1] has mod declarations
/home/milnes/projects/APAS-VERUS/src/Chap62/StarContractionMtEph.rs:1: info: [2] vstd::prelude::* before verus!
/home/milnes/projects/APAS-VERUS/src/Chap62/StarContractionMtEph.rs:1: info: [3] has verus! macro
/home/milnes/projects/APAS-VERUS/src/Chap62/StarContractionMtEph.rs:1: info: [4] std imports grouped with trailing blank
/home/milnes/projects/APAS-VERUS/src/Chap62/StarContractionMtEph.rs:1: info: [5] no vstd imports (ok)
/home/milnes/projects/APAS-VERUS/src/Chap62/StarContractionMtEph.rs:1: info: [11] no Set/Seq usage (ok)
/home/milnes/projects/APAS-VERUS/src/Chap62/StarContractionMtEph.rs:1: info: [12] all trait fns have specs
/home/milnes/projects/APAS-VERUS/src/Chap62/StarContractionMtEph.rs:1: info: [13] no non-derive trait impls (ok)
/home/milnes/projects/APAS-VERUS/src/Chap62/StarContractionMtEph.rs:1: info: [14] no Debug/Display impls (ok)
/home/milnes/projects/APAS-VERUS/src/Chap62/StarContractionMtEph.rs:1: info: [15] no PartialEq/Eq/Clone/Hash/Ord impls (ok)
/home/milnes/projects/APAS-VERUS/src/Chap62/StarContractionMtEph.rs:1: info: [16] no Lit macro definitions (ok)
/home/milnes/projects/APAS-VERUS/src/Chap62/StarContractionMtEph.rs:1: info: [17] no collection structs (ok)
/home/milnes/projects/APAS-VERUS/src/Chap62/StarContractionMtEph.rs:1: info: [18] definition order correct
/home/milnes/projects/APAS-VERUS/src/Chap62/StarContractionMtEph.rs:1: info: [19] no generic return names
/home/milnes/projects/APAS-VERUS/src/Chap62/StarContractionMtEph.rs:1: info: [21] no broadcast use entries
/home/milnes/projects/APAS-VERUS/src/Chap62/StarContractionMtEph.rs:1: info: [23] free fn type bounds match trait
/home/milnes/projects/APAS-VERUS/src/Chap62/StarContractionMtEph.rs:1: info: [24] copyright line present
/home/milnes/projects/APAS-VERUS/src/Chap62/StarContractionMtEph.rs:32: warning: [14] struct StarContractionMtEph should have impl Debug outside verus!
/home/milnes/projects/APAS-VERUS/src/Chap62/StarContractionMtEph.rs:32: warning: [14] struct StarContractionMtEph should have impl Display outside verus!
/home/milnes/projects/APAS-VERUS/src/Chap62/StarContractionMtEph.rs:43: warning: [20] trait StarContractionMtEphTrait is defined but has no impl
/home/milnes/projects/APAS-VERUS/src/Chap62/StarContractionMtEph.rs:37: warning: [22] free spec fn spec_starcontractionmteph_wf should be an abstract signature in a trait with body in the impl

/home/milnes/projects/APAS-VERUS/src/Chap62/StarContractionStEph.rs:
/home/milnes/projects/APAS-VERUS/src/Chap62/StarContractionStEph.rs:1: info: [1] has mod declarations
/home/milnes/projects/APAS-VERUS/src/Chap62/StarContractionStEph.rs:1: info: [2] vstd::prelude::* before verus!
/home/milnes/projects/APAS-VERUS/src/Chap62/StarContractionStEph.rs:1: info: [3] has verus! macro
/home/milnes/projects/APAS-VERUS/src/Chap62/StarContractionStEph.rs:1: info: [4] std imports grouped with trailing blank
/home/milnes/projects/APAS-VERUS/src/Chap62/StarContractionStEph.rs:1: info: [5] no vstd imports (ok)
/home/milnes/projects/APAS-VERUS/src/Chap62/StarContractionStEph.rs:1: info: [11] no Set/Seq usage (ok)
/home/milnes/projects/APAS-VERUS/src/Chap62/StarContractionStEph.rs:1: info: [12] all trait fns have specs
/home/milnes/projects/APAS-VERUS/src/Chap62/StarContractionStEph.rs:1: info: [13] no non-derive trait impls (ok)
/home/milnes/projects/APAS-VERUS/src/Chap62/StarContractionStEph.rs:1: info: [14] no Debug/Display impls (ok)
/home/milnes/projects/APAS-VERUS/src/Chap62/StarContractionStEph.rs:1: info: [15] no PartialEq/Eq/Clone/Hash/Ord impls (ok)
/home/milnes/projects/APAS-VERUS/src/Chap62/StarContractionStEph.rs:1: info: [16] no Lit macro definitions (ok)
/home/milnes/projects/APAS-VERUS/src/Chap62/StarContractionStEph.rs:1: info: [17] no collection structs (ok)
/home/milnes/projects/APAS-VERUS/src/Chap62/StarContractionStEph.rs:1: info: [18] definition order correct
/home/milnes/projects/APAS-VERUS/src/Chap62/StarContractionStEph.rs:1: info: [19] no generic return names
/home/milnes/projects/APAS-VERUS/src/Chap62/StarContractionStEph.rs:1: info: [21] no broadcast use entries
/home/milnes/projects/APAS-VERUS/src/Chap62/StarContractionStEph.rs:1: info: [23] free fn type bounds match trait
/home/milnes/projects/APAS-VERUS/src/Chap62/StarContractionStEph.rs:1: info: [24] copyright line present
/home/milnes/projects/APAS-VERUS/src/Chap62/StarContractionStEph.rs:27: warning: [14] struct StarContractionStEph should have impl Debug outside verus!
/home/milnes/projects/APAS-VERUS/src/Chap62/StarContractionStEph.rs:27: warning: [14] struct StarContractionStEph should have impl Display outside verus!
/home/milnes/projects/APAS-VERUS/src/Chap62/StarContractionStEph.rs:38: warning: [20] trait StarContractionStEphTrait is defined but has no impl
/home/milnes/projects/APAS-VERUS/src/Chap62/StarContractionStEph.rs:32: warning: [22] free spec fn spec_starcontractionsteph_wf should be an abstract signature in a trait with body in the impl

/home/milnes/projects/APAS-VERUS/src/Chap62/StarPartitionMtEph.rs:
/home/milnes/projects/APAS-VERUS/src/Chap62/StarPartitionMtEph.rs:1: info: [1] has mod declarations
/home/milnes/projects/APAS-VERUS/src/Chap62/StarPartitionMtEph.rs:1: info: [2] vstd::prelude::* before verus!
/home/milnes/projects/APAS-VERUS/src/Chap62/StarPartitionMtEph.rs:1: info: [3] has verus! macro
/home/milnes/projects/APAS-VERUS/src/Chap62/StarPartitionMtEph.rs:1: info: [4] std imports grouped with trailing blank
/home/milnes/projects/APAS-VERUS/src/Chap62/StarPartitionMtEph.rs:1: info: [5] no vstd imports (ok)
/home/milnes/projects/APAS-VERUS/src/Chap62/StarPartitionMtEph.rs:1: info: [11] no Set/Seq usage (ok)
/home/milnes/projects/APAS-VERUS/src/Chap62/StarPartitionMtEph.rs:1: info: [12] all trait fns have specs
/home/milnes/projects/APAS-VERUS/src/Chap62/StarPartitionMtEph.rs:1: info: [13] no non-derive trait impls (ok)
/home/milnes/projects/APAS-VERUS/src/Chap62/StarPartitionMtEph.rs:1: info: [14] no Debug/Display impls (ok)
/home/milnes/projects/APAS-VERUS/src/Chap62/StarPartitionMtEph.rs:1: info: [15] no PartialEq/Eq/Clone/Hash/Ord impls (ok)
/home/milnes/projects/APAS-VERUS/src/Chap62/StarPartitionMtEph.rs:1: info: [16] no Lit macro definitions (ok)
/home/milnes/projects/APAS-VERUS/src/Chap62/StarPartitionMtEph.rs:1: info: [17] no collection structs (ok)
/home/milnes/projects/APAS-VERUS/src/Chap62/StarPartitionMtEph.rs:1: info: [18] definition order correct
/home/milnes/projects/APAS-VERUS/src/Chap62/StarPartitionMtEph.rs:1: info: [19] no generic return names
/home/milnes/projects/APAS-VERUS/src/Chap62/StarPartitionMtEph.rs:1: info: [21] no broadcast use entries
/home/milnes/projects/APAS-VERUS/src/Chap62/StarPartitionMtEph.rs:1: info: [23] free fn type bounds match trait
/home/milnes/projects/APAS-VERUS/src/Chap62/StarPartitionMtEph.rs:1: info: [24] copyright line present
/home/milnes/projects/APAS-VERUS/src/Chap62/StarPartitionMtEph.rs:27: warning: [14] struct StarPartitionMtEph should have impl Debug outside verus!
/home/milnes/projects/APAS-VERUS/src/Chap62/StarPartitionMtEph.rs:27: warning: [14] struct StarPartitionMtEph should have impl Display outside verus!
/home/milnes/projects/APAS-VERUS/src/Chap62/StarPartitionMtEph.rs:38: warning: [20] trait StarPartitionMtEphTrait is defined but has no impl
/home/milnes/projects/APAS-VERUS/src/Chap62/StarPartitionMtEph.rs:32: warning: [22] free spec fn spec_starpartitionmteph_wf should be an abstract signature in a trait with body in the impl

/home/milnes/projects/APAS-VERUS/src/Chap62/StarPartitionStEph.rs:
/home/milnes/projects/APAS-VERUS/src/Chap62/StarPartitionStEph.rs:1: info: [1] has mod declarations
/home/milnes/projects/APAS-VERUS/src/Chap62/StarPartitionStEph.rs:1: info: [2] vstd::prelude::* before verus!
/home/milnes/projects/APAS-VERUS/src/Chap62/StarPartitionStEph.rs:1: info: [3] has verus! macro
/home/milnes/projects/APAS-VERUS/src/Chap62/StarPartitionStEph.rs:1: info: [4] std imports grouped with trailing blank
/home/milnes/projects/APAS-VERUS/src/Chap62/StarPartitionStEph.rs:1: info: [5] no vstd imports (ok)
/home/milnes/projects/APAS-VERUS/src/Chap62/StarPartitionStEph.rs:1: info: [11] no Set/Seq usage (ok)
/home/milnes/projects/APAS-VERUS/src/Chap62/StarPartitionStEph.rs:1: info: [12] all trait fns have specs
/home/milnes/projects/APAS-VERUS/src/Chap62/StarPartitionStEph.rs:1: info: [13] no non-derive trait impls (ok)
/home/milnes/projects/APAS-VERUS/src/Chap62/StarPartitionStEph.rs:1: info: [14] no Debug/Display impls (ok)
/home/milnes/projects/APAS-VERUS/src/Chap62/StarPartitionStEph.rs:1: info: [15] no PartialEq/Eq/Clone/Hash/Ord impls (ok)
/home/milnes/projects/APAS-VERUS/src/Chap62/StarPartitionStEph.rs:1: info: [16] no Lit macro definitions (ok)
/home/milnes/projects/APAS-VERUS/src/Chap62/StarPartitionStEph.rs:1: info: [17] no collection structs (ok)
/home/milnes/projects/APAS-VERUS/src/Chap62/StarPartitionStEph.rs:1: info: [18] definition order correct
/home/milnes/projects/APAS-VERUS/src/Chap62/StarPartitionStEph.rs:1: info: [19] no generic return names
/home/milnes/projects/APAS-VERUS/src/Chap62/StarPartitionStEph.rs:1: info: [21] no broadcast use entries
/home/milnes/projects/APAS-VERUS/src/Chap62/StarPartitionStEph.rs:1: info: [23] free fn type bounds match trait
/home/milnes/projects/APAS-VERUS/src/Chap62/StarPartitionStEph.rs:1: info: [24] copyright line present
/home/milnes/projects/APAS-VERUS/src/Chap62/StarPartitionStEph.rs:26: warning: [14] struct StarPartitionStEph should have impl Debug outside verus!
/home/milnes/projects/APAS-VERUS/src/Chap62/StarPartitionStEph.rs:26: warning: [14] struct StarPartitionStEph should have impl Display outside verus!
/home/milnes/projects/APAS-VERUS/src/Chap62/StarPartitionStEph.rs:37: warning: [20] trait StarPartitionStEphTrait is defined but has no impl
/home/milnes/projects/APAS-VERUS/src/Chap62/StarPartitionStEph.rs:31: warning: [22] free spec fn spec_starpartitionsteph_wf should be an abstract signature in a trait with body in the impl

════════════════════════════════════════════════════════════════
Summary: 68 passed, 16 warnings in 4 files (checked 4 files)
════════════════════════════════════════════════════════════════
