$ /home/milnes/projects/veracity/target/release/veracity-review-proof-holes src/Chap62/
Full output: src/Chap62/analyses/veracity-review-verus-proof-holes.log

Table of Contents:
  1. File Holes
  2. Depends Upon
     2.1. By Module
     2.2. By File
  3. Summary of Holes
  4. Proof Targets
     4.1. Worst src/* Directories (all dirs, by holes)
     4.2. Next Target Files (clean deps only, by holes)
     4.3. Next Target Directories
     4.4. Not Verusified
     4.5. Not Verusified (clean deps only)
     4.6. Chapter by Chapter Proof Targeting
  5. Started/Ended/Duration

=================================================================
1. File Holes
=================================================================

❌ StarContractionMtEph.rs
/home/milnes/projects/APAS-VERUS/src/Chap62/StarContractionMtEph.rs:162: error: assume() [rwlock:predicate] - assume(spec_graphview_wf(quotient@));
       138 |     fn build_quotient_graph_parallel<V: StT + MtT + Hash + Ord + 'static>(
            ...
       160 |             // Blocked by generic Clone::clone lacking view-preserving ensures in Verus.
       161 |             // Same root cause as StEph version.
       163 |         }
       164 |         quotient
/home/milnes/projects/APAS-VERUS/src/Chap62/StarContractionMtEph.rs:67: error: fn_missing_ensures - fn star_contract_mt_fuel — exec fn should have ensures
        58 |         fn contract_to_vertices_mt<V: StT + MtT + Hash + Ord + 'static>(graph: &UnDirGraphMtEph<V>, seed: u64) -> SetStEph<V>
            ...
        65 | 
        66 |     /// Inner recursive star contraction with fuel for termination (parallel version).
        68 |         graph: &UnDirGraphMtEph<V>, seed: u64, base: &F, expand: &G, fuel: usize,
        69 |     ) -> R
/home/milnes/projects/APAS-VERUS/src/Chap62/StarContractionMtEph.rs:117: error: fn_missing_ensures - fn star_contract_mt — exec fn should have ensures
        67 |     fn star_contract_mt_fuel<V, R, F, G>(
            ...
       115 |     /// Returns:
       116 |     /// - Result of type R as computed by base and expand functions
       118 |     where
       119 |         V: StT + MtT + Hash + Ord + 'static,
   Holes: 1 total
      1 × assume()
❌ StarContractionStEph.rs
/home/milnes/projects/APAS-VERUS/src/Chap62/StarContractionStEph.rs:190: error: assume() [algorithmic] - assume(spec_graphview_wf(quotient@));
       135 |     fn build_quotient_graph<V: HashOrd>(
            ...
       188 |             // but we cannot prove partition_map@[v]@ ∈ centers@ because Clone::clone
       189 |             // for generic V does not guarantee cloned@ == original@.
       191 |         }
       192 |         quotient
/home/milnes/projects/APAS-VERUS/src/Chap62/StarContractionStEph.rs:64: error: fn_missing_ensures - fn star_contract_fuel — exec fn should have ensures
        55 |         fn contract_to_vertices<V: HashOrd>(graph: &UnDirGraphStEph<V>) -> SetStEph<V>
            ...
        62 | 
        63 |     /// Inner recursive star contraction with fuel for termination.
        65 |         graph: &UnDirGraphStEph<V>, base: &F, expand: &G, fuel: usize,
        66 |     ) -> R
/home/milnes/projects/APAS-VERUS/src/Chap62/StarContractionStEph.rs:113: error: fn_missing_ensures - fn star_contract — exec fn should have ensures
        64 |     fn star_contract_fuel<V, R, F, G>(
            ...
       111 |     /// Returns:
       112 |     /// - Result of type R as computed by base and expand functions
       114 |     where
       115 |         V: HashOrd,
   Holes: 1 total
      1 × assume()
✓ StarPartitionMtEph.rs
✓ StarPartitionStEph.rs

=================================================================
2. Depends Upon
=================================================================

=================================================================
2.1. By Module
=================================================================

StarContractionMtEph  depends upon only clean modules
StarContractionStEph  depends upon only clean modules
StarPartitionMtEph  depends upon only clean modules
StarPartitionStEph  depends upon only clean modules

=================================================================
2.2. By File
=================================================================

StarContractionMtEph.rs  depends upon only clean modules
StarContractionStEph.rs  depends upon only clean modules
StarPartitionMtEph.rs  depends upon only clean modules
StarPartitionStEph.rs  depends upon only clean modules

=================================================================
3. Summary of Holes
=================================================================

Modules:
   2 clean (no holes, no errors; 50%)
   2 holed (holes or errors, 50%)
   4 total

Proof Functions:
   0 clean (0%)
   0 holed (0%)
   0 total

Function Specs:
   13 exec fns with complete spec (requires+ensures) (61%)
   4 exec fns missing spec (19%)
   4 proof/spec fns clean (19%)
   0 proof/spec fns with holes (0%)
   21 total fns


Holes Found: 2 (actionable)
   2 × assume() (100%)
      1 × rwlock:predicate
      1 × algorithmic

Warnings: 4 total
   4 × fn_missing_ensures

=================================================================
5. Started/Ended/Duration
=================================================================

Started:   2026-03-20 11:12:37 -07:00
Ended:     2026-03-20 11:12:37 -07:00
Duration:  6ms

Full output: src/Chap62/analyses/veracity-review-verus-proof-holes.log
on:  6ms

Full output: src/Chap62/analyses/veracity-review-verus-proof-holes.log
