$ /home/milnes/projects/veracity/target/release/veracity-review-proof-holes src/Chap44/
Full output: src/Chap44/analyses/veracity-review-verus-proof-holes.log

Table of Contents:
  1. File Holes
  2. Depends Upon
     2.1. By Module
     2.2. By File
  3. Summary of Holes
  4. Proof Targets
     4.1. Worst src/* Directories (all dirs, by holes)
     4.2. Next Target Files (clean deps only, by holes)
     4.3. Next Target Directories
     4.4. Not Verusified
     4.5. Not Verusified (clean deps only)
     4.6. Chapter by Chapter Proof Targeting
  5. Started/Ended/Duration

=================================================================
1. File Holes
=================================================================

ℹ DocumentIndex.rs
/home/milnes/projects/APAS-VERUS/src/Chap44/DocumentIndex.rs:645: info: accept()
   Info: 1 total
/home/milnes/projects/APAS-VERUS/src/Chap44/DocumentIndex.rs:651: info: structural_false_positive STD_TRAIT_IMPL eq — #[verifier::external_body] [high]
   Info: 1 × structural_false_positive

=================================================================
2. Depends Upon
=================================================================

=================================================================
2.1. By Module
=================================================================

DocumentIndex  depends upon only clean modules

=================================================================
2.2. By File
=================================================================

DocumentIndex.rs  depends upon only clean modules

=================================================================
3. Summary of Holes
=================================================================

Modules:
   1 clean (no holes, no errors; 100%)
   0 holed (holes or errors, 0%)
   1 total

Proof Functions:
   0 clean (0%)
   0 holed (0%)
   0 total

Function Specs:
   34 exec fns with complete spec (requires+ensures) (85%)
   1 exec fns missing spec (2%)
   5 proof/spec fns clean (12%)
   0 proof/spec fns with holes (0%)
   40 total fns


Holes Found: 0 (actionable)
Real Proof Targets: 0 (all actionable)

Accepted (reviewed): 1 total
   1 × accept()

Structural (info only): 1
   1 × STD_TRAIT_IMPL

No proof holes or warnings found! All proofs are complete.

=================================================================
5. Started/Ended/Duration
=================================================================

Started:   2026-04-12 15:12:42 -07:00
Ended:     2026-04-12 15:12:42 -07:00
Duration:  8ms

Full output: src/Chap44/analyses/veracity-review-verus-proof-holes.log
ty-review-verus-proof-holes.log
