$ /home/milnes/projects/veracity/target/release/veracity-review-proof-holes src/vstdplus/
Full output: src/vstdplus/analyses/veracity-review-verus-proof-holes.log

Table of Contents:
  1. File Holes
  2. Depends Upon
     2.1. By Module
     2.2. By File
  3. Summary of Holes
  4. Proof Targets
     4.1. Worst src/* Directories (all dirs, by holes)
     4.2. Next Target Files (clean deps only, by holes)
     4.3. Next Target Directories
     4.4. Not Verusified
     4.5. Not Verusified (clean deps only)
  5. Started/Ended/Duration

=================================================================
1. File Holes
=================================================================

✓ VecQueue.rs
❌ accept.rs
/home/milnes/projects/APAS-VERUS/src/vstdplus/accept.rs:20: error: assume() - assume(b);
        17 | pub proof fn accept(b: bool)
            ...
        18 |     ensures b,
        19 | {
        21 | }
        22 | 
/home/milnes/projects/APAS-VERUS/src/vstdplus/accept.rs:17: error: proof_fn_with_holes - proof fn accept — contains assume/external_body/admit, needs proof
        15 | /// Intentional proof hole. Use instead of `assume()` for accepted workarounds.
        16 | /// Veracity: info, not error or warning.
        18 |     ensures b,
        19 | {
   Holes: 1 total
      1 × assume()
   Proof functions: 1 total (0 clean, 1 holed)
ℹ arc_rwlock.rs
/home/milnes/projects/APAS-VERUS/src/vstdplus/arc_rwlock.rs:21: info: verus_rwlock_external_body
/home/milnes/projects/APAS-VERUS/src/vstdplus/arc_rwlock.rs:33: info: verus_rwlock_external_body
   Info: 2 total
✓ arithmetic/power2_plus.rs
   6 clean proof functions
✓ checked_int.rs
   7 clean proof functions
✓ checked_nat.rs
   7 clean proof functions
✓ checked_nat_with_checked_view.rs
❌ clone_plus.rs
/home/milnes/projects/APAS-VERUS/src/vstdplus/clone_plus.rs:18: error: external_body - #[verifier::external_body]
        19 |         fn clone_plus(&self) -> (res: Self) {
/home/milnes/projects/APAS-VERUS/src/vstdplus/clone_plus.rs:27: error: external_body - #[verifier::external_body]
        28 |     pub fn clone_fn<T, U, F: Fn(&T) -> U + Clone>(f: &F) -> (res: F)
/home/milnes/projects/APAS-VERUS/src/vstdplus/clone_plus.rs:37: error: external_body - #[verifier::external_body]
        38 |     pub fn clone_fn2<T, F: Fn(&T, &T) -> T + Clone>(f: &F) -> (res: F)
/home/milnes/projects/APAS-VERUS/src/vstdplus/clone_plus.rs:47: error: external_body - #[verifier::external_body]
        48 |     pub fn clone_pred<T, F: Fn(&T) -> bool + Clone>(f: &F) -> (res: F)
   Holes: 4 total
      4 × external_body
❌ feq.rs
/home/milnes/projects/APAS-VERUS/src/vstdplus/feq.rs:19: error: external_trait_specification - #[verifier::external_trait_specification]
        20 |     #[verifier::external_trait_extension(FeqSpec via FeqSpecImpl)]
        21 |     pub trait ExFeq: PartialEq + PointeeSized {
/home/milnes/projects/APAS-VERUS/src/vstdplus/feq.rs:20: error: external_trait_extension - #[verifier::external_trait_extension(FeqSpec via FeqSpecImpl
        21 |     pub trait ExFeq: PartialEq + PointeeSized {
/home/milnes/projects/APAS-VERUS/src/vstdplus/feq.rs:171: error: admit() - admit();
       167 |     pub broadcast proof fn axiom_cloned_implies_eq<T: Eq + Clone + Sized>(x: &T, y: T)
            ...
       169 |         ensures *x == y
       170 |     {
       172 |     }
       173 | 
/home/milnes/projects/APAS-VERUS/src/vstdplus/feq.rs:180: error: admit() - admit();
       176 |     pub broadcast proof fn axiom_cloned_implies_eq_owned<T: Eq + Clone + Sized>(x: T, y: T)
            ...
       178 |         ensures x == y
       179 |     {
       181 |     }
       182 | 
/home/milnes/projects/APAS-VERUS/src/vstdplus/feq.rs:225: error: admit() - { admit(); }
       222 |     pub broadcast proof fn axiom_obeys_feq_full<T: Eq + View + Clone + Sized>()
            ...
       223 |         requires #[trigger] obeys_feq_full_trigger::<T>()
       224 |         ensures obeys_feq_full::<T>()
       226 | 
       227 |     // Broadcast axiom: types satisfying PartialEq + View obey view_eq.
/home/milnes/projects/APAS-VERUS/src/vstdplus/feq.rs:234: error: admit() - { admit(); }
       231 |     pub broadcast proof fn axiom_obeys_view_eq<T: PartialEq + View + Sized>()
            ...
       232 |         requires #[trigger] obeys_view_eq_trigger::<T>()
       233 |         ensures vstd::laws_eq::obeys_view_eq::<T>()
       235 | 
       236 |     pub broadcast group group_feq_axioms {
/home/milnes/projects/APAS-VERUS/src/vstdplus/feq.rs:167: error: proof_fn_with_holes - proof fn axiom_cloned_implies_eq — contains assume/external_body/admit, needs proof
       162 |         open spec fn obeys_feq() -> bool { obeys_feq_properties::<isize>() }
            ...
       165 |     // Broadcast proof: cloned values are equal (reference version)
       166 | // Veracity: USED
       168 |         requires #[trigger] cloned(*x, y), obeys_feq_clone::<T>()
       169 |         ensures *x == y
/home/milnes/projects/APAS-VERUS/src/vstdplus/feq.rs:176: error: proof_fn_with_holes - proof fn axiom_cloned_implies_eq_owned — contains assume/external_body/admit, needs proof
       167 |     pub broadcast proof fn axiom_cloned_implies_eq<T: Eq + Clone + Sized>(x: &T, y: T)
            ...
       174 |     // Broadcast proof: cloned values are equal (owned version)
       175 | // Veracity: USED
       177 |         requires #[trigger] cloned(x, y), obeys_feq_clone::<T>()
       178 |         ensures x == y
/home/milnes/projects/APAS-VERUS/src/vstdplus/feq.rs:222: error: proof_fn_with_holes - proof fn axiom_obeys_feq_full — contains assume/external_body/admit, needs proof
       207 |     pub fn feq<T: Eq + View + Clone + Sized>(x: &T, y: &T) -> (eq: bool)
            ...
       220 | 
       221 |     // Broadcast axiom: types satisfying Eq + View + Clone obey feq_full.
       223 |         requires #[trigger] obeys_feq_full_trigger::<T>()
       224 |         ensures obeys_feq_full::<T>()
/home/milnes/projects/APAS-VERUS/src/vstdplus/feq.rs:231: error: proof_fn_with_holes - proof fn axiom_obeys_view_eq — contains assume/external_body/admit, needs proof
       229 |     pub open spec fn obeys_view_eq_trigger<T>() -> bool { true }
       230 | 
       232 |         requires #[trigger] obeys_view_eq_trigger::<T>()
       233 |         ensures vstd::laws_eq::obeys_view_eq::<T>()
/home/milnes/projects/APAS-VERUS/src/vstdplus/feq.rs:216: info: accept()
   Holes: 6 total
      4 × admit()
      1 × external_trait_specification
      1 × external_trait_extension
   Info: 1 total
   Proof functions: 7 total (3 clean, 4 holed)
❌ float.rs
/home/milnes/projects/APAS-VERUS/src/vstdplus/float.rs:111: error: external_body - #[verifier::external_body]
       112 |         fn float_cmp(&self, other: &Self) -> (c: Ordering) {
/home/milnes/projects/APAS-VERUS/src/vstdplus/float.rs:122: error: axiom - axiom fn axiom_f64_le_functional — axiom is a hole
       112 |         fn float_cmp(&self, other: &Self) -> (c: Ordering) {
            ...
       120 |     // f64 broadcast axioms.  Each is an IEEE 754 truth for finite values.
       121 | 
       123 |         ensures
       124 |             #![trigger le_ensures::<f64>(a, b, true), le_ensures::<f64>(a, b, false)]
/home/milnes/projects/APAS-VERUS/src/vstdplus/float.rs:127: error: axiom - axiom fn axiom_f64_reflexive — axiom is a hole
       122 |     pub broadcast axiom fn axiom_f64_le_functional(a: f64, b: f64)
            ...
       125 |             !(le_ensures::<f64>(a, b, true) && le_ensures::<f64>(a, b, false));
       126 | 
       128 |         requires a.is_finite_spec(),
       129 |         ensures  #[trigger] le_ensures::<f64>(a, a, true);
/home/milnes/projects/APAS-VERUS/src/vstdplus/float.rs:131: error: axiom - axiom fn axiom_f64_antisymmetric — axiom is a hole
       127 |     pub broadcast axiom fn axiom_f64_reflexive(a: f64)
            ...
       129 |         ensures  #[trigger] le_ensures::<f64>(a, a, true);
       130 | 
       132 |         requires a.is_finite_spec(), b.is_finite_spec(),
       133 |                  le_ensures::<f64>(a, b, true), le_ensures::<f64>(b, a, true),
/home/milnes/projects/APAS-VERUS/src/vstdplus/float.rs:138: error: axiom - axiom fn axiom_f64_transitive — axiom is a hole
       131 |     pub broadcast axiom fn axiom_f64_antisymmetric(a: f64, b: f64)
            ...
       136 |             a == b;
       137 | 
       139 |         requires a.is_finite_spec(), b.is_finite_spec(), c.is_finite_spec(),
       140 |                  le_ensures::<f64>(a, b, true), le_ensures::<f64>(b, c, true),
/home/milnes/projects/APAS-VERUS/src/vstdplus/float.rs:145: error: axiom - axiom fn axiom_f64_totality — axiom is a hole
       138 |     pub broadcast axiom fn axiom_f64_transitive(a: f64, b: f64, c: f64)
            ...
       143 |             le_ensures::<f64>(a, c, true);
       144 | 
       146 |         requires a.is_finite_spec(), b.is_finite_spec(),
       147 |         ensures
/home/milnes/projects/APAS-VERUS/src/vstdplus/float.rs:178: error: external_body - #[verifier::external_body]
       179 |         fn float_cmp(&self, other: &Self) -> (c: Ordering) {
/home/milnes/projects/APAS-VERUS/src/vstdplus/float.rs:189: error: axiom - axiom fn axiom_f32_le_functional — axiom is a hole
       179 |         fn float_cmp(&self, other: &Self) -> (c: Ordering) {
            ...
       187 |     // f32 broadcast axioms.
       188 | 
       190 |         ensures
       191 |             #![trigger le_ensures::<f32>(a, b, true), le_ensures::<f32>(a, b, false)]
/home/milnes/projects/APAS-VERUS/src/vstdplus/float.rs:194: error: axiom - axiom fn axiom_f32_reflexive — axiom is a hole
       189 |     pub broadcast axiom fn axiom_f32_le_functional(a: f32, b: f32)
            ...
       192 |             !(le_ensures::<f32>(a, b, true) && le_ensures::<f32>(a, b, false));
       193 | 
       195 |         requires a.is_finite_spec(),
       196 |         ensures  #[trigger] le_ensures::<f32>(a, a, true);
/home/milnes/projects/APAS-VERUS/src/vstdplus/float.rs:198: error: axiom - axiom fn axiom_f32_antisymmetric — axiom is a hole
       194 |     pub broadcast axiom fn axiom_f32_reflexive(a: f32)
            ...
       196 |         ensures  #[trigger] le_ensures::<f32>(a, a, true);
       197 | 
       199 |         requires a.is_finite_spec(), b.is_finite_spec(),
       200 |                  le_ensures::<f32>(a, b, true), le_ensures::<f32>(b, a, true),
/home/milnes/projects/APAS-VERUS/src/vstdplus/float.rs:205: error: axiom - axiom fn axiom_f32_transitive — axiom is a hole
       198 |     pub broadcast axiom fn axiom_f32_antisymmetric(a: f32, b: f32)
            ...
       203 |             a == b;
       204 | 
       206 |         requires a.is_finite_spec(), b.is_finite_spec(), c.is_finite_spec(),
       207 |                  le_ensures::<f32>(a, b, true), le_ensures::<f32>(b, c, true),
/home/milnes/projects/APAS-VERUS/src/vstdplus/float.rs:212: error: axiom - axiom fn axiom_f32_totality — axiom is a hole
       205 |     pub broadcast axiom fn axiom_f32_transitive(a: f32, b: f32, c: f32)
            ...
       210 |             le_ensures::<f32>(a, c, true);
       211 | 
       213 |         requires a.is_finite_spec(), b.is_finite_spec(),
       214 |         ensures
/home/milnes/projects/APAS-VERUS/src/vstdplus/float.rs:236: error: external_body - #[verifier::external_body]
       237 |         pub fn is_finite(&self) -> (b: bool)
/home/milnes/projects/APAS-VERUS/src/vstdplus/float.rs:243: error: external_body - #[verifier::external_body]
       244 |         pub fn eq(&self, other: &Self) -> (b: bool)
/home/milnes/projects/APAS-VERUS/src/vstdplus/float.rs:250: error: external_body - #[verifier::external_body]
       251 |         pub fn dist_le(&self, other: &Self) -> (b: bool)
/home/milnes/projects/APAS-VERUS/src/vstdplus/float.rs:258: error: external_body - #[verifier::external_body]
       259 |         pub fn dist_lt(&self, other: &Self) -> (b: bool)
/home/milnes/projects/APAS-VERUS/src/vstdplus/float.rs:266: error: external_body - #[verifier::external_body]
       267 |         pub fn dist_add(&self, other: &Self) -> (r: Self)
/home/milnes/projects/APAS-VERUS/src/vstdplus/float.rs:273: error: external_body - #[verifier::external_body]
       274 |         pub fn dist_sub(&self, other: &Self) -> (r: Self)
/home/milnes/projects/APAS-VERUS/src/vstdplus/float.rs:281: error: external_body - #[verifier::external_body]
       282 |         pub fn approx_eq(&self, other: &Self) -> (b: bool)
/home/milnes/projects/APAS-VERUS/src/vstdplus/float.rs:293: error: external_body - #[verifier::external_body]
       294 |     pub fn f64_is_finite(x: f64) -> (b: bool)
/home/milnes/projects/APAS-VERUS/src/vstdplus/float.rs:305: error: axiom - axiom fn axiom_f64_zero_is_finite — axiom is a hole
       301 |     pub uninterp spec fn UNREACHABLE_SPEC() -> f64;
            ...
       303 |     // f64 constant axioms.
       304 | 
       306 |         ensures #[trigger] (0.0f64).is_finite_spec();
       307 | 
/home/milnes/projects/APAS-VERUS/src/vstdplus/float.rs:308: error: axiom - axiom fn axiom_f64_unreachable_not_finite — axiom is a hole
       305 |     pub broadcast axiom fn axiom_f64_zero_is_finite()
            ...
       306 |         ensures #[trigger] (0.0f64).is_finite_spec();
       307 | 
       309 |         ensures #[trigger] UNREACHABLE_SPEC().is_finite_spec() == false;
       310 | 
/home/milnes/projects/APAS-VERUS/src/vstdplus/float.rs:311: error: external_body - #[verifier::external_body]
       312 |     pub fn unreachable_dist() -> (d: WrappedF64)
/home/milnes/projects/APAS-VERUS/src/vstdplus/float.rs:319: error: external_body - #[verifier::external_body]
       320 |     pub fn zero_dist() -> (d: WrappedF64)
/home/milnes/projects/APAS-VERUS/src/vstdplus/float.rs:343: error: axiom - axiom fn axiom_f64_add_zero_right — axiom is a hole
       339 |     pub uninterp spec fn f64_approx_eq_spec(a: f64, b: f64) -> bool;
            ...
       341 |     // f64 arithmetic axioms.
       342 | 
       344 |         requires a.is_finite_spec(),
       345 |         ensures #[trigger] f64_add_spec(a, 0.0f64) == a;
/home/milnes/projects/APAS-VERUS/src/vstdplus/float.rs:347: error: axiom - axiom fn axiom_f64_add_commutative — axiom is a hole
       343 |     pub broadcast axiom fn axiom_f64_add_zero_right(a: f64)
            ...
       345 |         ensures #[trigger] f64_add_spec(a, 0.0f64) == a;
       346 | 
       348 |         ensures
       349 |             #![trigger f64_add_spec(a, b), f64_add_spec(b, a)]
/home/milnes/projects/APAS-VERUS/src/vstdplus/float.rs:352: error: axiom - axiom fn axiom_f64_add_finite_preserves — axiom is a hole
       347 |     pub broadcast axiom fn axiom_f64_add_commutative(a: f64, b: f64)
            ...
       350 |             f64_add_spec(a, b) == f64_add_spec(b, a);
       351 | 
       353 |         requires a.is_finite_spec(), b.is_finite_spec(),
       354 |                  f64_add_spec(a, b).is_finite_spec(),
/home/milnes/projects/APAS-VERUS/src/vstdplus/float.rs:358: error: axiom - axiom fn axiom_f64_add_monotone_left — axiom is a hole
       352 |     pub broadcast axiom fn axiom_f64_add_finite_preserves(a: f64, b: f64)
            ...
       356 |             #[trigger] f64_add_spec(a, b).is_finite_spec();
       357 | 
       359 |         requires a.is_finite_spec(), b.is_finite_spec(), c.is_finite_spec(),
       360 |                  le_ensures::<f64>(a, b, true),
/home/milnes/projects/APAS-VERUS/src/vstdplus/float.rs:231: error: bare_impl - impl WrappedF64 { — `impl WrappedF64` without trait; file defines [FloatTotalOrder]
       232 |         pub open spec fn spec_is_finite(&self) -> bool {
       233 |             self.val.is_finite_spec()
   Holes: 28 total
      12 × external_body
   Proof functions: 12 total (12 clean, 0 holed)
❌ hash_map_with_view_plus.rs
/home/milnes/projects/APAS-VERUS/src/vstdplus/hash_map_with_view_plus.rs:109: error: external_body - #[verifier::external_body]
       110 |     fn new() -> (empty: Self) {
/home/milnes/projects/APAS-VERUS/src/vstdplus/hash_map_with_view_plus.rs:114: error: external_body - #[verifier::external_body]
       115 |     fn len(&self) -> (count: usize) {
/home/milnes/projects/APAS-VERUS/src/vstdplus/hash_map_with_view_plus.rs:119: error: external_body - #[verifier::external_body]
       120 |     fn is_empty(&self) -> (is_empty: bool) {
/home/milnes/projects/APAS-VERUS/src/vstdplus/hash_map_with_view_plus.rs:124: error: external_body - #[verifier::external_body]
       125 |     fn get<'a>(&'a self, k: &Key) -> (value: Option<&'a Value>) {
/home/milnes/projects/APAS-VERUS/src/vstdplus/hash_map_with_view_plus.rs:129: error: external_body - #[verifier::external_body]
       130 |     fn insert(&mut self, k: Key, v: Value) {
/home/milnes/projects/APAS-VERUS/src/vstdplus/hash_map_with_view_plus.rs:134: error: external_body - #[verifier::external_body]
       135 |     fn clear(&mut self) {
/home/milnes/projects/APAS-VERUS/src/vstdplus/hash_map_with_view_plus.rs:139: error: external_body - #[verifier::external_body]
       140 |     fn contains_key(&self, k: &Key) -> (contains: bool) {
/home/milnes/projects/APAS-VERUS/src/vstdplus/hash_map_with_view_plus.rs:144: error: external_body - #[verifier::external_body]
       145 |     fn remove(&mut self, k: &Key) -> (contains: Option<Value>) {
/home/milnes/projects/APAS-VERUS/src/vstdplus/hash_map_with_view_plus.rs:149: error: external_body - #[verifier::external_body]
       150 |     fn iter(&self) -> (r: HashMapWithViewPlusIter<'_, Key, Value>) {
/home/milnes/projects/APAS-VERUS/src/vstdplus/hash_map_with_view_plus.rs:270: error: external_body - #[verifier::external_body]
       271 |     fn clone(&self) -> (cloned: Self)
/home/milnes/projects/APAS-VERUS/src/vstdplus/hash_map_with_view_plus.rs:279: error: external_body - #[verifier::external_body]
       280 |     fn eq(&self, other: &Self) -> bool {
   Holes: 11 total
      11 × external_body
❌ hash_set_specs.rs
/home/milnes/projects/APAS-VERUS/src/vstdplus/hash_set_specs.rs:12: error: assume_specification - pub assume_specification<T, S> [<std::collections::HashSet<T
        10 | verus! {
        11 | 
        13 | where
        14 |     S: std::clone::Clone,
   Holes: 1 total
      1 × assume_specification
❌ hash_set_with_view_plus.rs
/home/milnes/projects/APAS-VERUS/src/vstdplus/hash_set_with_view_plus.rs:72: error: admit() - admit();
        68 | pub broadcast proof fn axiom_hash_set_with_view_plus_finite<Key: View + Eq + Hash>(s: &HashSetWithViewPlus<Key>)
            ...
        70 |         #[trigger] s@.finite(),
        71 | {
        73 | }
        74 | 
/home/milnes/projects/APAS-VERUS/src/vstdplus/hash_set_with_view_plus.rs:98: error: external_body - #[verifier::external_body]
        99 |     pub fn new() -> (hash_set: Self)
/home/milnes/projects/APAS-VERUS/src/vstdplus/hash_set_with_view_plus.rs:109: error: external_body - #[verifier::external_body]
       110 |     pub fn with_capacity(capacity: usize) -> (hash_set: Self)
/home/milnes/projects/APAS-VERUS/src/vstdplus/hash_set_with_view_plus.rs:120: error: external_body - #[verifier::external_body]
       121 |     pub fn len(&self) -> (len: usize)
/home/milnes/projects/APAS-VERUS/src/vstdplus/hash_set_with_view_plus.rs:128: error: external_body - #[verifier::external_body]
       129 |     pub fn contains(&self, k: &Key) -> (contains: bool)
/home/milnes/projects/APAS-VERUS/src/vstdplus/hash_set_with_view_plus.rs:138: error: external_body - #[verifier::external_body]
       139 |     pub fn insert(&mut self, k: Key) -> (inserted: bool)
/home/milnes/projects/APAS-VERUS/src/vstdplus/hash_set_with_view_plus.rs:152: error: external_body - #[verifier::external_body]
       153 |     fn iter(&self) -> (r: HashSetWithViewPlusIter<'_, Key>)
/home/milnes/projects/APAS-VERUS/src/vstdplus/hash_set_with_view_plus.rs:268: error: external_body - #[verifier::external_body]
       269 |     fn clone(&self) -> (clone: Self)
/home/milnes/projects/APAS-VERUS/src/vstdplus/hash_set_with_view_plus.rs:277: error: external_body - #[verifier::external_body]
       278 |     fn hash<H: std::hash::Hasher>(&self, state: &mut H) {
/home/milnes/projects/APAS-VERUS/src/vstdplus/hash_set_with_view_plus.rs:286: error: external_body - #[verifier::external_body]
       287 |     fn eq(&self, other: &Self) -> bool { self.inner == other.inner }
/home/milnes/projects/APAS-VERUS/src/vstdplus/hash_set_with_view_plus.rs:68: error: proof_fn_with_holes - proof fn axiom_hash_set_with_view_plus_finite — contains assume/external_body/admit, needs proof
        59 |     open spec fn view(&self) -> Self::V {
            ...
        66 | 
        67 | /// A HashSetWithViewPlus is always finite (it's backed by a finite HashSet)
        69 |     ensures
        70 |         #[trigger] s@.finite(),
/home/milnes/projects/APAS-VERUS/src/vstdplus/hash_set_with_view_plus.rs:97: error: bare_impl - impl<Key: View + Eq + Hash + Clone> HashSetWithViewPlus<Key> { — `impl HashSetWithViewPlus` without trait; file defines [HashSetWithViewPlusTrait]
        98 |     #[verifier::external_body]
        99 |     pub fn new() -> (hash_set: Self)
   Holes: 10 total
      1 × admit()
      9 × external_body
   Proof functions: 1 total (0 clean, 1 holed)
❌ hashed_checked_u32.rs
/home/milnes/projects/APAS-VERUS/src/vstdplus/hashed_checked_u32.rs:30: error: external_body - #[verifier::external_body]
        31 |     fn hash<H: Hasher>(&self, state: &mut H) {
/home/milnes/projects/APAS-VERUS/src/vstdplus/hashed_checked_u32.rs:38: error: external_body - #[verifier::external_body]
        39 |     fn eq(&self, other: &Self) -> bool {
/home/milnes/projects/APAS-VERUS/src/vstdplus/hashed_checked_u32.rs:53: error: admit() - { admit(); }
        50 | pub broadcast proof fn axiom_CheckedU32_feq()
            ...
        51 |     requires #[trigger] CheckedU32_feq_trigger()
        52 |     ensures obeys_feq_full::<CheckedU32>()
        54 | // Veracity: USED
        55 | 
/home/milnes/projects/APAS-VERUS/src/vstdplus/hashed_checked_u32.rs:59: error: admit() - { admit(); }
        56 | pub broadcast proof fn axiom_CheckedU32_key_model()
            ...
        57 |     requires #[trigger] CheckedU32_feq_trigger()
        58 |     ensures obeys_key_model::<CheckedU32>()
        60 | 
        61 | pub broadcast group group_CheckedU32_axioms {
/home/milnes/projects/APAS-VERUS/src/vstdplus/hashed_checked_u32.rs:50: error: proof_fn_with_holes - proof fn axiom_CheckedU32_feq — contains assume/external_body/admit, needs proof
        47 | pub open spec fn CheckedU32_feq_trigger() -> bool { true }
            ...
        48 | 
        49 | // Veracity: USED
        51 |     requires #[trigger] CheckedU32_feq_trigger()
        52 |     ensures obeys_feq_full::<CheckedU32>()
/home/milnes/projects/APAS-VERUS/src/vstdplus/hashed_checked_u32.rs:56: error: proof_fn_with_holes - proof fn axiom_CheckedU32_key_model — contains assume/external_body/admit, needs proof
        50 | pub broadcast proof fn axiom_CheckedU32_feq()
            ...
        54 | // Veracity: USED
        55 | 
        57 |     requires #[trigger] CheckedU32_feq_trigger()
        58 |     ensures obeys_key_model::<CheckedU32>()
   Holes: 4 total
      2 × admit()
      2 × external_body
   Proof functions: 2 total (0 clean, 2 holed)
✓ monoid.rs
✓ multiset.rs
   6 clean proof functions
❌ partial_order.rs
/home/milnes/projects/APAS-VERUS/src/vstdplus/partial_order.rs:404: error: admit() - admit();
       402 | 
       403 |         proof fn reflexive(x: Self) {
       405 |         }
       406 | 
/home/milnes/projects/APAS-VERUS/src/vstdplus/partial_order.rs:408: error: admit() - admit();
       406 | 
       407 |         proof fn transitive(x: Self, y: Self, z: Self) {
       409 |         }
       410 | 
/home/milnes/projects/APAS-VERUS/src/vstdplus/partial_order.rs:413: error: admit() - admit();
       411 | // Veracity: USED
       412 |         proof fn antisymmetric(x: Self, y: Self) {
       414 |         }
       415 | 
/home/milnes/projects/APAS-VERUS/src/vstdplus/partial_order.rs:416: error: external_body - #[verifier::external_body]
       417 |         fn compare(&self, other: &Self) -> (c: Option<Ordering>)
/home/milnes/projects/APAS-VERUS/src/vstdplus/partial_order.rs:432: error: admit() - admit();
       430 | 
       431 |         proof fn reflexive(x: Self) {
       433 |         }
       434 | 
/home/milnes/projects/APAS-VERUS/src/vstdplus/partial_order.rs:436: error: admit() - admit();
       434 | 
       435 |         proof fn transitive(x: Self, y: Self, z: Self) {
       437 |         }
       438 | 
/home/milnes/projects/APAS-VERUS/src/vstdplus/partial_order.rs:441: error: admit() - admit();
       439 | // Veracity: USED
       440 |         proof fn antisymmetric(x: Self, y: Self) {
       442 |         }
       443 | 
/home/milnes/projects/APAS-VERUS/src/vstdplus/partial_order.rs:444: error: external_body - #[verifier::external_body]
       445 |         fn compare(&self, other: &Self) -> (c: Option<Ordering>)
/home/milnes/projects/APAS-VERUS/src/vstdplus/partial_order.rs:403: error: proof_fn_with_holes - proof fn reflexive — contains assume/external_body/admit, needs proof
       398 |         open spec fn le(self, other: Self) -> bool {
            ...
       401 | // Veracity: USED
       402 | 
       404 |             admit();
       405 |         }
/home/milnes/projects/APAS-VERUS/src/vstdplus/partial_order.rs:407: error: proof_fn_with_holes - proof fn transitive — contains assume/external_body/admit, needs proof
       403 |         proof fn reflexive(x: Self) {
            ...
       405 |         }
       406 | 
       408 |             admit();
       409 |         }
/home/milnes/projects/APAS-VERUS/src/vstdplus/partial_order.rs:412: error: proof_fn_with_holes - proof fn antisymmetric — contains assume/external_body/admit, needs proof
       407 |         proof fn transitive(x: Self, y: Self, z: Self) {
            ...
       410 | 
       411 | // Veracity: USED
       413 |             admit();
       414 |         }
/home/milnes/projects/APAS-VERUS/src/vstdplus/partial_order.rs:431: error: proof_fn_with_holes - proof fn reflexive — contains assume/external_body/admit, needs proof
       427 |         open spec fn le(self, other: Self) -> bool {
            ...
       429 |         }
       430 | 
       432 |             admit();
       433 |         }
/home/milnes/projects/APAS-VERUS/src/vstdplus/partial_order.rs:435: error: proof_fn_with_holes - proof fn transitive — contains assume/external_body/admit, needs proof
       431 |         proof fn reflexive(x: Self) {
            ...
       433 |         }
       434 | 
       436 |             admit();
       437 |         }
/home/milnes/projects/APAS-VERUS/src/vstdplus/partial_order.rs:440: error: proof_fn_with_holes - proof fn antisymmetric — contains assume/external_body/admit, needs proof
       435 |         proof fn transitive(x: Self, y: Self, z: Self) {
            ...
       438 | 
       439 | // Veracity: USED
       441 |             admit();
       442 |         }
   Holes: 8 total
      6 × admit()
      2 × external_body
   Proof functions: 45 total (39 clean, 6 holed)
❌ pervasives_plus.rs
/home/milnes/projects/APAS-VERUS/src/vstdplus/pervasives_plus.rs:25: error: external_body - #[verifier::external_body]
        26 |     pub fn vec_swap<T>(v: &mut Vec<T>, i: usize, j: usize)
   Holes: 1 total
      1 × external_body
❌ rand.rs
/home/milnes/projects/APAS-VERUS/src/vstdplus/rand.rs:20: error: external_body - #[verifier::external_body]
        21 |     pub fn random_usize_range(lo: usize, hi: usize) -> (result: usize)
   Holes: 1 total
      1 × external_body
❌ seq.rs
/home/milnes/projects/APAS-VERUS/src/vstdplus/seq.rs:75: error: assume() - assume(sum.is_normal() ==> sum@ == spec_sum_u32_seq(s_spec.t
        40 |     pub fn seq_u32_to_CheckedU32(s: &Vec<u32>) -> (sum: CheckedU32)
            ...
        73 | 
        74 |                 // FIXME: SMT has trouble connecting recursive spec function unfolding
        76 |             }
        77 |         }
/home/milnes/projects/APAS-VERUS/src/vstdplus/seq.rs:40: error: fn_missing_requires - fn seq_u32_to_CheckedU32 — exec fn should have requires
        32 |     pub open spec fn spec_sum_u32_fold(s: Seq<u32>) -> nat {
            ...
        38 |     // Lemma: sum of s.push(v) = sum(s) + v
        39 | 
        41 |         ensures
        42 |             sum.is_normal() ==> sum@ == spec_sum_u32_seq(s@) as int
   Holes: 1 total
      1 × assume()
   Proof functions: 9 total (9 clean, 0 holed)
✓ seq_set.rs
   60 clean proof functions
❌ smart_ptrs.rs
/home/milnes/projects/APAS-VERUS/src/vstdplus/smart_ptrs.rs:13: error: assume_specification - pub assume_specification<T: ?Sized, A: core::alloc::Allocato
        11 |     /// Spec for Arc::clone: the result equals the original (Arc is transparent).
        12 |     /// Fills the gap in vstd::std_specs::smart_ptrs which has Arc::new but not Arc::clone.
        14 |         ensures res == *a,
        15 |     ;
/home/milnes/projects/APAS-VERUS/src/vstdplus/smart_ptrs.rs:33: error: external_body - #[verifier::external_body]
        34 |     pub fn arc_deref<T>(a: &Arc<T>) -> (r: &T)
/home/milnes/projects/APAS-VERUS/src/vstdplus/smart_ptrs.rs:42: error: external_body - #[verifier::external_body]
        43 |     pub fn arc_vec_as_slice<'a, T>(a: &'a Arc<Vec<T>>, start: usize, len: usize) -> (r: &'a [T])
   Holes: 3 total
      1 × assume_specification
      2 × external_body
❌ sqrt.rs
/home/milnes/projects/APAS-VERUS/src/vstdplus/sqrt.rs:12: error: assume_specification - pub assume_specification [<usize>::isqrt] (n: usize) -> (roo
        10 | verus! {
        11 | 
        13 |     ensures
        14 |         root as int * root as int <= n as int,
/home/milnes/projects/APAS-VERUS/src/vstdplus/sqrt.rs:17: error: assume_specification - pub assume_specification [<u64>::isqrt] (n: u64) -> (root: u
        15 |         (root as int + 1) * (root as int + 1) > n as int;
        16 | 
        18 |     ensures
        19 |         root as int * root as int <= n as int,
/home/milnes/projects/APAS-VERUS/src/vstdplus/sqrt.rs:22: error: assume_specification - pub assume_specification [<u32>::isqrt] (n: u32) -> (root: u
        20 |         (root as int + 1) * (root as int + 1) > n as int;
        21 | 
        23 |     ensures
        24 |         root as int * root as int <= n as int,
/home/milnes/projects/APAS-VERUS/src/vstdplus/sqrt.rs:27: error: assume_specification - pub assume_specification [<u16>::isqrt] (n: u16) -> (root: u
        25 |         (root as int + 1) * (root as int + 1) > n as int;
        26 | 
        28 |     ensures
        29 |         root as int * root as int <= n as int,
/home/milnes/projects/APAS-VERUS/src/vstdplus/sqrt.rs:32: error: assume_specification - pub assume_specification [<u8>::isqrt] (n: u8) -> (root: u8)
        30 |         (root as int + 1) * (root as int + 1) > n as int;
        31 | 
        33 |     ensures
        34 |         root as int * root as int <= n as int,
/home/milnes/projects/APAS-VERUS/src/vstdplus/sqrt.rs:37: error: assume_specification - pub assume_specification [<u128>::isqrt] (n: u128) -> (root:
        35 |         (root as int + 1) * (root as int + 1) > n as int;
        36 | 
        38 |     ensures
        39 |         root as int * root as int <= n as int,
   Holes: 6 total
      6 × assume_specification
❌ threads_plus.rs
/home/milnes/projects/APAS-VERUS/src/vstdplus/threads_plus.rs:13: error: external_body - #[verifier::external_body]
        14 |     #[verifier::reject_recursive_types(Ret)]
        15 |     pub struct JoinHandlePlus<Ret> { handle: std::thread::JoinHandle<Ret> }
/home/milnes/projects/APAS-VERUS/src/vstdplus/threads_plus.rs:21: error: external_body - #[verifier::external_body]
        22 |         pub fn is_finished(&self) -> (finished: bool) { self.handle.is_finished() }
/home/milnes/projects/APAS-VERUS/src/vstdplus/threads_plus.rs:24: error: external_body - #[verifier::external_body]
        25 |         pub fn join(self) -> (res: Result<Ret, ()>)
/home/milnes/projects/APAS-VERUS/src/vstdplus/threads_plus.rs:39: error: external_body - #[verifier::external_body]
        40 |     pub fn spawn_plus<F, Ret>(f: F) -> (handle: JoinHandlePlus<Ret>)
/home/milnes/projects/APAS-VERUS/src/vstdplus/threads_plus.rs:55: error: external_body - #[verifier::external_body]
        56 |     pub struct ThreadIdPlus { thread_id: std::thread::ThreadId }
/home/milnes/projects/APAS-VERUS/src/vstdplus/threads_plus.rs:73: error: axiom - axiom fn agrees — axiom is a hole
        71 |         pub uninterp spec fn view(&self) -> ThreadIdPlus;
        72 | 
        74 |         ensures self@ == other@;
        75 |     }
/home/milnes/projects/APAS-VERUS/src/vstdplus/threads_plus.rs:79: error: external_body - #[verifier::external_body]
        80 |     pub fn thread_id_plus() -> (res: (ThreadIdPlus, Tracked<IsThreadPlus>))
/home/milnes/projects/APAS-VERUS/src/vstdplus/threads_plus.rs:84: error: assume_new() - (id, Tracked::assume_new())
        80 |     pub fn thread_id_plus() -> (res: (ThreadIdPlus, Tracked<IsThreadPlus>))
            ...
        82 |     {
        83 |         let id = ThreadIdPlus { thread_id: std::thread::current().id() };
        85 |     }
        86 | 
/home/milnes/projects/APAS-VERUS/src/vstdplus/threads_plus.rs:87: error: axiom - axiom fn ghost_thread_id_plus — axiom is a hole
        80 |     pub fn thread_id_plus() -> (res: (ThreadIdPlus, Tracked<IsThreadPlus>))
            ...
        85 |     }
        86 | 
        88 | 
        89 |     #[verifier::accept_recursive_types(V)]
/home/milnes/projects/APAS-VERUS/src/vstdplus/threads_plus.rs:96: error: axiom - axiom fn into — axiom is a hole
        94 |         pub uninterp spec fn id(&self)                                   -> ThreadIdPlus;
        95 | 
        97 |         requires self.id() == is_thread@
        98 |         ensures
/home/milnes/projects/APAS-VERUS/src/vstdplus/threads_plus.rs:100: error: axiom - axiom fn borrow — axiom is a hole
        96 |         pub axiom fn into(tracked self, tracked is_thread: IsThreadPlus) -> (tracked res: V)
            ...
        98 |         ensures
        99 |             res == self@;
       101 |         requires self.id() == is_thread@
       102 |         ensures *res == self@;
/home/milnes/projects/APAS-VERUS/src/vstdplus/threads_plus.rs:106: error: axiom - axiom fn send_into — axiom is a hole
       100 |             pub axiom fn borrow(tracked &self, tracked is_thread: IsThreadPlus) -> (tracked res: &V)
            ...
       104 | 
       105 |     impl<V: Send> ThreadShareablePlus<V> {
       107 |         ensures res == self@;
       108 |     }
/home/milnes/projects/APAS-VERUS/src/vstdplus/threads_plus.rs:111: error: axiom - axiom fn sync_borrow — axiom is a hole
       106 |         pub axiom fn send_into(tracked self) -> (tracked res: V)
            ...
       109 | 
       110 |     impl<V: Sync> ThreadShareablePlus<V> {
       112 |         ensures *res == self@;
       113 |     }
/home/milnes/projects/APAS-VERUS/src/vstdplus/threads_plus.rs:125: error: unsafe impl - unsafe impl<V> Sync for ThreadShareablePlus<V> {}
       126 | unsafe impl<V> Send for ThreadShareablePlus<V> {}
/home/milnes/projects/APAS-VERUS/src/vstdplus/threads_plus.rs:126: error: unsafe impl - unsafe impl<V> Send for ThreadShareablePlus<V> {}
       127 | 
       128 | }
   Holes: 15 total
      1 × Tracked::assume_new()
      2 × unsafe impl
      6 × external_body
ℹ total_order.rs
/home/milnes/projects/APAS-VERUS/src/vstdplus/total_order.rs:525: info: accept()
/home/milnes/projects/APAS-VERUS/src/vstdplus/total_order.rs:529: info: accept()
/home/milnes/projects/APAS-VERUS/src/vstdplus/total_order.rs:533: info: accept()
/home/milnes/projects/APAS-VERUS/src/vstdplus/total_order.rs:547: info: accept()
/home/milnes/projects/APAS-VERUS/src/vstdplus/total_order.rs:551: info: accept()
/home/milnes/projects/APAS-VERUS/src/vstdplus/total_order.rs:555: info: accept()
/home/milnes/projects/APAS-VERUS/src/vstdplus/total_order.rs:559: info: accept()
/home/milnes/projects/APAS-VERUS/src/vstdplus/total_order.rs:564: info: accept()
/home/milnes/projects/APAS-VERUS/src/vstdplus/total_order.rs:567: info: accept()
/home/milnes/projects/APAS-VERUS/src/vstdplus/total_order.rs:570: info: accept()
   Info: 10 total
   98 clean proof functions

=================================================================
2. Depends Upon
=================================================================

=================================================================
2.1. By Module
=================================================================

VecQueue  depends upon only clean modules
accept  depends upon only clean modules
arc_rwlock  depends upon only clean modules
arithmetic::power2_plus  depends upon only clean modules
checked_int  depends upon only clean modules
checked_nat  depends upon only clean modules
checked_nat_with_checked_view  depends upon only clean modules
clone_plus  depends upon only clean modules
feq  depends upon only clean modules
float  depends upon only clean modules
hash_map_with_view_plus  depends upon only clean modules
hash_set_specs  depends upon only clean modules
hash_set_with_view_plus  depends upon only clean modules
hashed_checked_u32  depends upon only clean modules
monoid  depends upon only clean modules
multiset  depends upon only clean modules
partial_order  depends upon only clean modules
pervasives_plus  depends upon only clean modules
rand  depends upon only clean modules
seq  depends upon only clean modules
seq_set  depends upon only clean modules
smart_ptrs  depends upon only clean modules
sqrt  depends upon only clean modules
threads_plus  depends upon only clean modules
total_order  depends upon only clean modules

=================================================================
2.2. By File
=================================================================

VecQueue.rs  depends upon only clean modules
accept.rs  depends upon only clean modules
arc_rwlock.rs  depends upon only clean modules
arithmetic/power2_plus.rs  depends upon only clean modules
checked_int.rs  depends upon only clean modules
checked_nat.rs  depends upon only clean modules
checked_nat_with_checked_view.rs  depends upon only clean modules
clone_plus.rs  depends upon only clean modules
feq.rs  depends upon only clean modules
float.rs  depends upon only clean modules
hash_map_with_view_plus.rs  depends upon only clean modules
hash_set_specs.rs  depends upon only clean modules
hash_set_with_view_plus.rs  depends upon only clean modules
hashed_checked_u32.rs  depends upon only clean modules
monoid.rs  depends upon only clean modules
multiset.rs  depends upon only clean modules
partial_order.rs  depends upon only clean modules
pervasives_plus.rs  depends upon only clean modules
rand.rs  depends upon only clean modules
seq.rs  depends upon only clean modules
seq_set.rs  depends upon only clean modules
smart_ptrs.rs  depends upon only clean modules
sqrt.rs  depends upon only clean modules
threads_plus.rs  depends upon only clean modules
total_order.rs  depends upon only clean modules

=================================================================
3. Summary of Holes
=================================================================

Modules:
   10 clean (no holes, no errors; 40%)
   15 holed (holes or errors, 60%)
   25 total

Proof Functions:
   247 clean (94%)
   14 holed (5%)
   261 total

Function Specs:
   113 exec fns with complete spec (requires+ensures) (20%)
   1 exec fns missing spec (0%)
   399 proof/spec fns clean (72%)
   14 proof/spec fns with holes (2%)
   549 total fns


Holes Found: 100 total
   2 × assume() (2%)
   1 × Tracked::assume_new() (1%)
   8 × assume_specification (8%)
   13 × admit() (13%)
   2 × unsafe impl (2%)
   50 × external_body (50%)
   1 × external_trait_specification (1%)
   1 × external_trait_extension (1%)

=================================================================
5. Started/Ended/Duration
=================================================================

Started:   2026-03-17 11:39:55 -07:00
Ended:     2026-03-17 11:39:55 -07:00
Duration:  79ms

Full output: src/vstdplus/analyses/veracity-review-verus-proof-holes.log
