$ /home/milnes/projects/veracity/target/release/veracity-review-proof-holes src/Chap41/AVLTreeSetStPer.rs
Full output: src/Chap41/analyses/veracity-review-verus-proof-holes.log

Table of Contents:
  1. File Holes
  2. Depends Upon
     2.1. By Module
     2.2. By File
  3. Summary of Holes
  4. Proof Targets
     4.1. Worst src/* Directories (all dirs, by holes)
     4.2. Next Target Files (clean deps only, by holes)
     4.3. Next Target Directories
     4.4. Not Verusified
     4.5. Not Verusified (clean deps only)
     4.6. Chapter by Chapter Proof Targeting
  5. Started/Ended/Duration

=================================================================
1. File Holes
=================================================================

❌ AVLTreeSetStPer.rs
/home/milnes/projects/APAS-VERUS/src/Chap41/AVLTreeSetStPer.rs:631: error: assume() [algorithmic] - assume(combined@.len() + 1 < usize::MAX as nat);
       549 |         fn union(&self, other: &Self) -> (combined: Self)
            ...
       629 |                     // The full fix requires bounding both at usize::MAX/2, but callers
       630 |                     // may build large sets from both sides.
       632 |                 }
       633 |                 let ghost old_combined = combined@;
/home/milnes/projects/APAS-VERUS/src/Chap41/AVLTreeSetStPer.rs:1018: error: assume() [algorithmic] - assume(new_vec@.len() < usize::MAX);
       844 |         fn insert(&self, x: T) -> (updated: Self)
            ...
      1016 |                 // In practice trees cannot have usize::MAX elements (memory limits);
      1017 |                 // matching the union assume pattern for this 1-element capacity gap.
      1019 |             }
      1020 |             let updated = AVLTreeSetStPer { elements: AVLTreeSeqStPerS::from_vec(new_vec) };
/home/milnes/projects/APAS-VERUS/src/Chap41/AVLTreeSetStPer.rs:1082: warning: assume_eq_clone_workaround - at this point in Verus, clones may have to assume they work on generic types
      1078 |         fn eq(&self, other: &Self) -> (equal: bool)
            ...
      1080 |         {
      1081 |             proof {
      1083 |                 assume(other.spec_avltreesetstper_wf());
      1084 |             }
/home/milnes/projects/APAS-VERUS/src/Chap41/AVLTreeSetStPer.rs:1083: warning: assume_eq_clone_workaround - at this point in Verus, clones may have to assume they work on generic types
      1078 |         fn eq(&self, other: &Self) -> (equal: bool)
            ...
      1081 |             proof {
      1082 |                 assume(self.spec_avltreesetstper_wf());
      1084 |             }
      1085 |             let equal = self.size() == other.size() && {
/home/milnes/projects/APAS-VERUS/src/Chap41/AVLTreeSetStPer.rs:1105: warning: assume_eq_clone_workaround - at this point in Verus, clones may have to assume they work on generic types
      1078 |         fn eq(&self, other: &Self) -> (equal: bool)
            ...
      1103 |                 all_found
      1104 |             };
      1106 |             equal
      1107 |         }
   Holes: 2 total
      2 × assume()

=================================================================
2. Depends Upon
=================================================================

=================================================================
2.1. By Module
=================================================================

AVLTreeSetStPer  depends upon only clean modules

=================================================================
2.2. By File
=================================================================

AVLTreeSetStPer.rs  depends upon only clean modules

=================================================================
3. Summary of Holes
=================================================================

Modules:
   0 clean (no holes, no errors; 0%)
   1 holed (holes or errors, 100%)
   1 total

Proof Functions:
   0 clean (0%)
   0 holed (0%)
   0 total

Function Specs:
   27 exec fns with complete spec (requires+ensures) (84%)
   0 exec fns missing spec (0%)
   5 proof/spec fns clean (15%)
   0 proof/spec fns with holes (0%)
   32 total fns


Holes Found: 2 (actionable)
   2 × assume() (100%)

Warnings: 3 total
   3 × assume_eq_clone_workaround

=================================================================
5. Started/Ended/Duration
=================================================================

Started:   2026-03-21 14:31:43 -07:00
Ended:     2026-03-21 14:31:43 -07:00
Duration:  16ms

Full output: src/Chap41/analyses/veracity-review-verus-proof-holes.log
