Verus Style Review
==================

Path: src/Chap41/
Codebase: src/Chap41/
Mode: basic
Logging to: src/Chap41/analyses/veracity-review-verus-style.log

Checking 7 files...

src/Chap41/AVLTreeSetMtEph.rs:
src/Chap41/AVLTreeSetMtEph.rs:1: info: [1] has mod declarations
src/Chap41/AVLTreeSetMtEph.rs:1: info: [2] vstd::prelude::* before verus!
src/Chap41/AVLTreeSetMtEph.rs:1: info: [3] has verus! macro
src/Chap41/AVLTreeSetMtEph.rs:1: info: [4] std imports grouped with trailing blank
src/Chap41/AVLTreeSetMtEph.rs:1: info: [5] vstd imports grouped with trailing blank
src/Chap41/AVLTreeSetMtEph.rs:1: info: [11] Set/Seq usage has broadcast groups
src/Chap41/AVLTreeSetMtEph.rs:1: info: [12] all trait fns have specs
src/Chap41/AVLTreeSetMtEph.rs:1: info: [14] Debug, Display outside verus!
src/Chap41/AVLTreeSetMtEph.rs:1: info: [15] Clone inside verus!
src/Chap41/AVLTreeSetMtEph.rs:1: info: [16] Lit macro definitions at end of file
src/Chap41/AVLTreeSetMtEph.rs:1: info: [18] definition order correct
src/Chap41/AVLTreeSetMtEph.rs:1: info: [19] no generic return names
src/Chap41/AVLTreeSetMtEph.rs:1: info: [20] all traits have impls
src/Chap41/AVLTreeSetMtEph.rs:1: info: [21] broadcast use: vstd:: before crate::
src/Chap41/AVLTreeSetMtEph.rs:1: info: [22] spec fns: all in traits as abstract signatures
src/Chap41/AVLTreeSetMtEph.rs:442: warning: [13] impl Default for AVLTreeSetMtEph should be inside verus!
src/Chap41/AVLTreeSetMtEph.rs:73: warning: [14] struct AVLTreeSetMtEphInv should have impl Debug outside verus!
src/Chap41/AVLTreeSetMtEph.rs:73: warning: [14] struct AVLTreeSetMtEphInv should have impl Display outside verus!
src/Chap41/AVLTreeSetMtEph.rs:1: warning: [17] collection AVLTreeSetMtEph should have an Iterator impl
src/Chap41/AVLTreeSetMtEph.rs:1: warning: [17] collection AVLTreeSetMtEph should have an IntoIterator impl

src/Chap41/AVLTreeSetMtPer.rs:
src/Chap41/AVLTreeSetMtPer.rs:1: info: [1] has mod declarations
src/Chap41/AVLTreeSetMtPer.rs:1: info: [2] vstd::prelude::* before verus!
src/Chap41/AVLTreeSetMtPer.rs:1: info: [3] has verus! macro
src/Chap41/AVLTreeSetMtPer.rs:1: info: [4] std imports grouped with trailing blank
src/Chap41/AVLTreeSetMtPer.rs:1: info: [5] no vstd imports (ok)
src/Chap41/AVLTreeSetMtPer.rs:1: info: [11] Set/Seq usage has broadcast groups
src/Chap41/AVLTreeSetMtPer.rs:1: info: [12] all trait fns have specs
src/Chap41/AVLTreeSetMtPer.rs:1: info: [14] Debug, Display outside verus!
src/Chap41/AVLTreeSetMtPer.rs:1: info: [16] Lit macro definitions at end of file
src/Chap41/AVLTreeSetMtPer.rs:1: info: [17] no collection structs (ok)
src/Chap41/AVLTreeSetMtPer.rs:1: info: [18] definition order correct
src/Chap41/AVLTreeSetMtPer.rs:1: info: [19] no generic return names
src/Chap41/AVLTreeSetMtPer.rs:1: info: [20] all traits have impls
src/Chap41/AVLTreeSetMtPer.rs:1: info: [21] broadcast use: vstd:: before crate::
src/Chap41/AVLTreeSetMtPer.rs:1: info: [22] spec fns: all in traits as abstract signatures
src/Chap41/AVLTreeSetMtPer.rs:508: warning: [13] impl Default for AVLTreeSetMtPer should be inside verus!
src/Chap41/AVLTreeSetMtPer.rs:515: warning: [15] impl PartialEq should be inside verus! (for verification)
src/Chap41/AVLTreeSetMtPer.rs:528: warning: [15] impl Eq should be inside verus! (for verification)
src/Chap41/AVLTreeSetMtPer.rs:530: warning: [15] impl PartialOrd should be inside verus! (for verification)
src/Chap41/AVLTreeSetMtPer.rs:536: warning: [15] impl Ord should be inside verus! (for verification)

src/Chap41/AVLTreeSetStEph.rs:
src/Chap41/AVLTreeSetStEph.rs:1: info: [1] has mod declarations
src/Chap41/AVLTreeSetStEph.rs:1: info: [2] vstd::prelude::* before verus!
src/Chap41/AVLTreeSetStEph.rs:1: info: [3] has verus! macro
src/Chap41/AVLTreeSetStEph.rs:1: info: [4] std imports grouped with trailing blank
src/Chap41/AVLTreeSetStEph.rs:1: info: [5] no vstd imports (ok)
src/Chap41/AVLTreeSetStEph.rs:1: info: [11] Set/Seq usage has broadcast groups
src/Chap41/AVLTreeSetStEph.rs:1: info: [12] all trait fns have specs
src/Chap41/AVLTreeSetStEph.rs:1: info: [14] Debug, Display outside verus!
src/Chap41/AVLTreeSetStEph.rs:1: info: [16] Lit macro definitions at end of file
src/Chap41/AVLTreeSetStEph.rs:1: info: [17] no collection structs (ok)
src/Chap41/AVLTreeSetStEph.rs:1: info: [18] definition order correct
src/Chap41/AVLTreeSetStEph.rs:1: info: [19] no generic return names
src/Chap41/AVLTreeSetStEph.rs:1: info: [20] all traits have impls
src/Chap41/AVLTreeSetStEph.rs:1: info: [21] broadcast use: vstd:: before crate::
src/Chap41/AVLTreeSetStEph.rs:1: info: [22] spec fns: all in traits as abstract signatures
src/Chap41/AVLTreeSetStEph.rs:474: warning: [13] impl Default for AVLTreeSetStEph should be inside verus!
src/Chap41/AVLTreeSetStEph.rs:481: warning: [15] impl PartialEq should be inside verus! (for verification)
src/Chap41/AVLTreeSetStEph.rs:494: warning: [15] impl Eq should be inside verus! (for verification)

src/Chap41/AVLTreeSetStPer.rs:
src/Chap41/AVLTreeSetStPer.rs:1: info: [1] has mod declarations
src/Chap41/AVLTreeSetStPer.rs:1: info: [2] vstd::prelude::* before verus!
src/Chap41/AVLTreeSetStPer.rs:1: info: [3] has verus! macro
src/Chap41/AVLTreeSetStPer.rs:1: info: [4] std imports grouped with trailing blank
src/Chap41/AVLTreeSetStPer.rs:1: info: [5] vstd imports grouped with trailing blank
src/Chap41/AVLTreeSetStPer.rs:1: info: [12] all trait fns have specs
src/Chap41/AVLTreeSetStPer.rs:1: info: [13] trait impls inside verus!
src/Chap41/AVLTreeSetStPer.rs:1: info: [14] Debug, Display outside verus!
src/Chap41/AVLTreeSetStPer.rs:1: info: [15] PartialEq, Eq, Clone inside verus!
src/Chap41/AVLTreeSetStPer.rs:1: info: [16] Lit macro definitions at end of file
src/Chap41/AVLTreeSetStPer.rs:1: info: [17] no collection structs (ok)
src/Chap41/AVLTreeSetStPer.rs:1: info: [18] definition order correct
src/Chap41/AVLTreeSetStPer.rs:1: info: [19] no generic return names
src/Chap41/AVLTreeSetStPer.rs:1: info: [20] all traits have impls
src/Chap41/AVLTreeSetStPer.rs:1: info: [21] broadcast use: vstd:: before crate::
src/Chap41/AVLTreeSetStPer.rs:1: warning: [11] Seq usage should have vstd::seq::group_seq_axioms in broadcast use
src/Chap41/AVLTreeSetStPer.rs:57: warning: [22] free spec fn spec_avltreesetstper_wf should be an abstract signature in a trait with body in the impl

src/Chap41/ArraySetEnumMtEph.rs:
src/Chap41/ArraySetEnumMtEph.rs:1: info: [1] has mod declarations
src/Chap41/ArraySetEnumMtEph.rs:1: info: [2] vstd::prelude::* before verus!
src/Chap41/ArraySetEnumMtEph.rs:1: info: [3] has verus! macro
src/Chap41/ArraySetEnumMtEph.rs:1: info: [4] no std imports (ok)
src/Chap41/ArraySetEnumMtEph.rs:1: info: [5] no vstd imports (ok)
src/Chap41/ArraySetEnumMtEph.rs:1: info: [11] Set/Seq usage has broadcast groups
src/Chap41/ArraySetEnumMtEph.rs:1: info: [12] all trait fns have specs
src/Chap41/ArraySetEnumMtEph.rs:1: info: [13] trait impls inside verus!
src/Chap41/ArraySetEnumMtEph.rs:1: info: [14] no Debug/Display impls (ok)
src/Chap41/ArraySetEnumMtEph.rs:1: info: [16] Lit macro definitions at end of file
src/Chap41/ArraySetEnumMtEph.rs:1: info: [17] no collection structs (ok)
src/Chap41/ArraySetEnumMtEph.rs:1: info: [18] definition order correct
src/Chap41/ArraySetEnumMtEph.rs:1: info: [19] no generic return names
src/Chap41/ArraySetEnumMtEph.rs:1: info: [20] all traits have impls
src/Chap41/ArraySetEnumMtEph.rs:1: info: [21] broadcast use: vstd:: before crate::
src/Chap41/ArraySetEnumMtEph.rs:1: info: [22] spec fns: all in traits as abstract signatures
src/Chap41/ArraySetEnumMtEph.rs:38: warning: [14] struct ArraySetEnumMtEph should have impl Debug outside verus!
src/Chap41/ArraySetEnumMtEph.rs:38: warning: [14] struct ArraySetEnumMtEph should have impl Display outside verus!
src/Chap41/ArraySetEnumMtEph.rs:298: warning: [15] impl PartialEq should be inside verus! (for verification)

src/Chap41/ArraySetStEph.rs:
src/Chap41/ArraySetStEph.rs:1: info: [1] has mod declarations
src/Chap41/ArraySetStEph.rs:1: info: [2] vstd::prelude::* before verus!
src/Chap41/ArraySetStEph.rs:1: info: [3] has verus! macro
src/Chap41/ArraySetStEph.rs:1: info: [4] std imports grouped with trailing blank
src/Chap41/ArraySetStEph.rs:1: info: [5] no vstd imports (ok)
src/Chap41/ArraySetStEph.rs:1: info: [11] Set/Seq usage has broadcast groups
src/Chap41/ArraySetStEph.rs:1: info: [12] all trait fns have specs
src/Chap41/ArraySetStEph.rs:1: info: [14] Debug outside verus!
src/Chap41/ArraySetStEph.rs:1: info: [16] Lit macro definitions at end of file
src/Chap41/ArraySetStEph.rs:1: info: [17] no collection structs (ok)
src/Chap41/ArraySetStEph.rs:1: info: [18] definition order correct
src/Chap41/ArraySetStEph.rs:1: info: [19] no generic return names
src/Chap41/ArraySetStEph.rs:1: info: [20] all traits have impls
src/Chap41/ArraySetStEph.rs:1: info: [21] broadcast use: vstd:: before crate::
src/Chap41/ArraySetStEph.rs:1: info: [22] spec fns: all in traits as abstract signatures
src/Chap41/ArraySetStEph.rs:630: warning: [13] impl Default for ArraySetStEph should be inside verus!
src/Chap41/ArraySetStEph.rs:77: warning: [14] struct ArraySetStEph should have impl Display outside verus!
src/Chap41/ArraySetStEph.rs:637: warning: [15] impl PartialEq should be inside verus! (for verification)

src/Chap41/Example41_3.rs:
src/Chap41/Example41_3.rs:1: info: [1] has mod declarations
src/Chap41/Example41_3.rs:1: info: [2] vstd::prelude::* before verus!
src/Chap41/Example41_3.rs:1: info: [3] has verus! macro
src/Chap41/Example41_3.rs:1: info: [4] no std imports (ok)
src/Chap41/Example41_3.rs:1: info: [5] no vstd imports (ok)
src/Chap41/Example41_3.rs:1: info: [11] no Set/Seq usage (ok)
src/Chap41/Example41_3.rs:1: info: [13] trait impls inside verus!
src/Chap41/Example41_3.rs:1: info: [14] no Debug/Display impls (ok)
src/Chap41/Example41_3.rs:1: info: [15] no PartialEq/Eq/Clone/Hash/Ord impls (ok)
src/Chap41/Example41_3.rs:1: info: [16] no Lit macro definitions (ok)
src/Chap41/Example41_3.rs:1: info: [17] no collection structs (ok)
src/Chap41/Example41_3.rs:1: info: [18] definition order correct
src/Chap41/Example41_3.rs:1: info: [19] no generic return names
src/Chap41/Example41_3.rs:1: info: [20] all traits have impls
src/Chap41/Example41_3.rs:1: info: [21] no broadcast use entries
src/Chap41/Example41_3.rs:1: info: [22] spec fns: all in traits as abstract signatures
src/Chap41/Example41_3.rs:21: warning: [12] trait Example41_3Trait fn example_41_1_array_set should have requires/ensures
src/Chap41/Example41_3.rs:25: warning: [12] trait Example41_3Trait fn example_41_1_avl_set should have requires/ensures
src/Chap41/Example41_3.rs:29: warning: [12] trait Example41_3Trait fn demonstrate_set_operations should have requires/ensures

════════════════════════════════════════════════════════════════
Summary: 107 passed, 24 warnings in 7 files (checked 7 files)
════════════════════════════════════════════════════════════════

Reordering files with Rule 18 violations...


Reorder complete: 0 files reordered
