$ /home/milnes/projects/veracity/target/release/veracity-review-proof-holes -d /home/milnes/projects/APAS-VERUS/src

✓ Chap02/FibonacciHFScheduler.rs
   5 clean proof functions
❌ Chap02/HFSchedulerMtEph.rs
/home/milnes/projects/APAS-VERUS/src/Chap02/HFSchedulerMtEph.rs:18: error: struct_outside_verus - struct PoolState — should be inside verus!
        18 |     struct PoolState {
        19 |         available_tasks: Mutex<usize>,
        20 |         task_freed: Condvar,
/home/milnes/projects/APAS-VERUS/src/Chap02/HFSchedulerMtEph.rs:24: error: enum_outside_verus - enum TaskState — should be inside verus!
        24 |     pub enum TaskState<T> {
        25 |         Spawned   { handle: JoinHandlePlus<T> },
        26 |         Completed { result: Option<T> },
/home/milnes/projects/APAS-VERUS/src/Chap02/HFSchedulerMtEph.rs:74: info: external_type_specification_accept_hole - external_type_specification with accept hole comment
/home/milnes/projects/APAS-VERUS/src/Chap02/HFSchedulerMtEph.rs:75: info: external_body_accept_hole - external_body with accept hole comment
/home/milnes/projects/APAS-VERUS/src/Chap02/HFSchedulerMtEph.rs:86: info: external_body_accept_hole - external_body with accept hole comment
/home/milnes/projects/APAS-VERUS/src/Chap02/HFSchedulerMtEph.rs:96: info: external_body_accept_hole - external_body with accept hole comment
/home/milnes/projects/APAS-VERUS/src/Chap02/HFSchedulerMtEph.rs:123: info: external_body_accept_hole - external_body with accept hole comment
/home/milnes/projects/APAS-VERUS/src/Chap02/HFSchedulerMtEph.rs:142: info: accept() - accept hole
/home/milnes/projects/APAS-VERUS/src/Chap02/HFSchedulerMtEph.rs:154: info: external_body_accept_hole - external_body with accept hole comment
/home/milnes/projects/APAS-VERUS/src/Chap02/HFSchedulerMtEph.rs:176: info: external_body_accept_hole - external_body with accept hole comment
   Errors: 2 total (2 struct/enum outside verus!)
   Info: 8 assume(false); diverge() idiom(s)
✓ Chap03/InsertionSortStEph.rs
✓ Chap05/KleeneStPer.rs
   9 clean proof functions
ℹ Chap05/MappingStEph.rs
/home/milnes/projects/APAS-VERUS/src/Chap05/MappingStEph.rs:578: info: accept() - accept hole
   Info: 1 assume(false); diverge() idiom(s)
✓ Chap05/RelationStEph.rs
ℹ Chap05/SetMtEph.rs
/home/milnes/projects/APAS-VERUS/src/Chap05/SetMtEph.rs:970: info: accept() - accept hole
   Info: 1 assume(false); diverge() idiom(s)
   1 clean proof function
ℹ Chap05/SetStEph.rs
/home/milnes/projects/APAS-VERUS/src/Chap05/SetStEph.rs:879: info: accept() - accept hole
   Info: 1 assume(false); diverge() idiom(s)
   1 clean proof function
✓ Chap06/DirGraphMtEph.rs
✓ Chap06/DirGraphStEph.rs
✓ Chap06/LabDirGraphMtEph.rs
✓ Chap06/LabDirGraphStEph.rs
✓ Chap06/LabUnDirGraphMtEph.rs
✓ Chap06/LabUnDirGraphStEph.rs
✓ Chap06/UnDirGraphMtEph.rs
✓ Chap06/UnDirGraphStEph.rs
✓ Chap06/WeightedDirGraphStEphI128.rs
✓ Chap06/WeightedDirGraphStEphI16.rs
✓ Chap06/WeightedDirGraphStEphI32.rs
✓ Chap06/WeightedDirGraphStEphI64.rs
✓ Chap06/WeightedDirGraphStEphI8.rs
✓ Chap06/WeightedDirGraphStEphIsize.rs
✓ Chap06/WeightedDirGraphStEphU128.rs
✓ Chap06/WeightedDirGraphStEphU16.rs
✓ Chap06/WeightedDirGraphStEphU32.rs
✓ Chap06/WeightedDirGraphStEphU64.rs
✓ Chap06/WeightedDirGraphStEphU8.rs
✓ Chap06/WeightedDirGraphStEphUsize.rs
ℹ Chap11/FibonacciMtEph2Threads.rs
/home/milnes/projects/APAS-VERUS/src/Chap11/FibonacciMtEph2Threads.rs:156: info: accept() - accept hole
/home/milnes/projects/APAS-VERUS/src/Chap11/FibonacciMtEph2Threads.rs:164: info: accept() - accept hole
   Info: 2 assume(false); diverge() idiom(s)
ℹ Chap11/FibonacciMtEphRecomputes.rs
/home/milnes/projects/APAS-VERUS/src/Chap11/FibonacciMtEphRecomputes.rs:152: info: accept() - accept hole
/home/milnes/projects/APAS-VERUS/src/Chap11/FibonacciMtEphRecomputes.rs:160: info: accept() - accept hole
   Info: 2 assume(false); diverge() idiom(s)
✓ Chap11/FibonacciMtPerAllThreads.rs
ℹ Chap11/FibonacciMtPerTSM.rs
/home/milnes/projects/APAS-VERUS/src/Chap11/FibonacciMtPerTSM.rs:146: info: accept() - accept hole
/home/milnes/projects/APAS-VERUS/src/Chap11/FibonacciMtPerTSM.rs:154: info: accept() - accept hole
   Info: 2 assume(false); diverge() idiom(s)
✓ Chap11/FibonacciStEph.rs
   3 clean proof functions
ℹ Chap12/Exercise12_1.rs
/home/milnes/projects/APAS-VERUS/src/Chap12/Exercise12_1.rs:19: info: external_body_accept_hole - external_body with accept hole comment
/home/milnes/projects/APAS-VERUS/src/Chap12/Exercise12_1.rs:59: info: external_body_accept_hole - external_body with accept hole comment
/home/milnes/projects/APAS-VERUS/src/Chap12/Exercise12_1.rs:67: info: external_body_accept_hole - external_body with accept hole comment
/home/milnes/projects/APAS-VERUS/src/Chap12/Exercise12_1.rs:75: info: external_body_accept_hole - external_body with accept hole comment
/home/milnes/projects/APAS-VERUS/src/Chap12/Exercise12_1.rs:80: info: external_body_accept_hole - external_body with accept hole comment
/home/milnes/projects/APAS-VERUS/src/Chap12/Exercise12_1.rs:92: info: external_body_accept_hole - external_body with accept hole comment
   Info: 6 assume(false); diverge() idiom(s)
✓ Chap12/Exercise12_2.rs
❌ Chap12/Exercise12_5.rs
/home/milnes/projects/APAS-VERUS/src/Chap12/Exercise12_5.rs:113: unsafe {} - new_node = unsafe { Box::from_raw(node_ptr) };
       104 |     fn push(&self, value: T) {
            ...
       111 |                 break;
       112 |             }
       114 |         }
       115 |     }
/home/milnes/projects/APAS-VERUS/src/Chap12/Exercise12_5.rs:124: unsafe {} - let next = unsafe { (*head).next };
       118 |     fn pop(&self) -> (possible_top: Option<T>) {
            ...
       122 |                 return None;
       123 |             }
       125 |             if self.head.compare_exchange_weak(head, next, Ordering::AcqRel, Ordering::Acquire).is_ok() {
       126 |                 let boxed = unsafe { Box::from_raw(head) };
/home/milnes/projects/APAS-VERUS/src/Chap12/Exercise12_5.rs:126: unsafe {} - let boxed = unsafe { Box::from_raw(head) };
       118 |     fn pop(&self) -> (possible_top: Option<T>) {
            ...
       124 |             let next = unsafe { (*head).next };
       125 |             if self.head.compare_exchange_weak(head, next, Ordering::AcqRel, Ordering::Acquire).is_ok() {
       127 |                 return Some(boxed.value);
       128 |             }
/home/milnes/projects/APAS-VERUS/src/Chap12/Exercise12_5.rs:161: unsafe {} - unsafe {
       155 |     fn drop(&mut self)
            ...
       159 |         let mut current = self.head.load(Ordering::Relaxed);
       160 |         while !current.is_null() {
       162 |                 let node = Box::from_raw(current);
       163 |                 current = node.next;
/home/milnes/projects/APAS-VERUS/src/Chap12/Exercise12_5.rs:30: info: external_accept_hole - external with accept hole comment
/home/milnes/projects/APAS-VERUS/src/Chap12/Exercise12_5.rs:38: info: external_body_accept_hole - external_body with accept hole comment
/home/milnes/projects/APAS-VERUS/src/Chap12/Exercise12_5.rs:96: info: external_body_accept_hole - external_body with accept hole comment
/home/milnes/projects/APAS-VERUS/src/Chap12/Exercise12_5.rs:103: info: external_body_accept_hole - external_body with accept hole comment
/home/milnes/projects/APAS-VERUS/src/Chap12/Exercise12_5.rs:117: info: external_body_accept_hole - external_body with accept hole comment
/home/milnes/projects/APAS-VERUS/src/Chap12/Exercise12_5.rs:132: info: external_body_accept_hole - external_body with accept hole comment
/home/milnes/projects/APAS-VERUS/src/Chap12/Exercise12_5.rs:137: info: external_body_accept_hole - external_body with accept hole comment
/home/milnes/projects/APAS-VERUS/src/Chap12/Exercise12_5.rs:154: info: external_body_accept_hole - external_body with accept hole comment
   Holes: 4 total
      4 × unsafe {}
   Info: 8 assume(false); diverge() idiom(s)
ℹ Chap17/MathSeq.rs
/home/milnes/projects/APAS-VERUS/src/Chap17/MathSeq.rs:717: info: accept() - accept hole
/home/milnes/projects/APAS-VERUS/src/Chap17/MathSeq.rs:729: info: accept() - accept hole
   Info: 2 assume(false); diverge() idiom(s)
❌ Chap18/ArraySeq.rs
/home/milnes/projects/APAS-VERUS/src/Chap18/ArraySeq.rs:1482: external - #[verifier::external]
      1483 |     impl<T: View> ArraySeqS<T> {
/home/milnes/projects/APAS-VERUS/src/Chap18/ArraySeq.rs:1617: external - #[verifier::external]
      1618 |     impl<'a, T> std::iter::IntoIterator for &'a mut ArraySeqS<T> {
/home/milnes/projects/APAS-VERUS/src/Chap18/ArraySeq.rs:1647: info: accept() - accept hole
   Holes: 2 total
      2 × external
   Info: 1 assume(false); diverge() idiom(s)
   Proof functions: 9 total (9 clean, 0 holed)
✓ Chap18/ArraySeqMtEph.rs
   4 clean proof functions
ℹ Chap18/ArraySeqMtPer.rs
/home/milnes/projects/APAS-VERUS/src/Chap18/ArraySeqMtPer.rs:1177: info: accept() - accept hole
   Info: 1 assume(false); diverge() idiom(s)
ℹ Chap18/ArraySeqStEph.rs
/home/milnes/projects/APAS-VERUS/src/Chap18/ArraySeqStEph.rs:1044: info: accept() - accept hole
   Info: 1 assume(false); diverge() idiom(s)
ℹ Chap18/ArraySeqStPer.rs
/home/milnes/projects/APAS-VERUS/src/Chap18/ArraySeqStPer.rs:1006: info: accept() - accept hole
   Info: 1 assume(false); diverge() idiom(s)
ℹ Chap18/LinkedListStEph.rs
/home/milnes/projects/APAS-VERUS/src/Chap18/LinkedListStEph.rs:865: info: accept() - accept hole
/home/milnes/projects/APAS-VERUS/src/Chap18/LinkedListStEph.rs:879: info: accept() - accept hole
   Info: 2 assume(false); diverge() idiom(s)
ℹ Chap18/LinkedListStPer.rs
/home/milnes/projects/APAS-VERUS/src/Chap18/LinkedListStPer.rs:848: info: accept() - accept hole
/home/milnes/projects/APAS-VERUS/src/Chap18/LinkedListStPer.rs:862: info: accept() - accept hole
   Info: 2 assume(false); diverge() idiom(s)
✓ Chap19/ArraySeqMtEph.rs
   6 clean proof functions
✓ Chap19/ArraySeqMtEphSlice.rs
ℹ Chap19/ArraySeqStEph.rs
/home/milnes/projects/APAS-VERUS/src/Chap19/ArraySeqStEph.rs:1118: info: accept() - accept hole
   Info: 1 assume(false); diverge() idiom(s)
   2 clean proof functions
ℹ Chap19/ArraySeqStPer.rs
/home/milnes/projects/APAS-VERUS/src/Chap19/ArraySeqStPer.rs:1127: info: accept() - accept hole
   Info: 1 assume(false); diverge() idiom(s)
   2 clean proof functions
✓ Chap21/Algorithm21_1.rs
   2 clean proof functions
✓ Chap21/Algorithm21_2.rs
✓ Chap21/Algorithm21_5.rs
✓ Chap21/Algorithm21_6.rs
   1 clean proof function
✓ Chap21/Exercise21_5.rs
   1 clean proof function
✓ Chap21/Exercise21_6.rs
✓ Chap21/Exercise21_7.rs
✓ Chap21/Exercise21_8.rs
   5 clean proof functions
✓ Chap21/Exercise21_9.rs
   3 clean proof functions
✓ Chap21/Problem21_1.rs
✓ Chap21/Problem21_3.rs
✓ Chap21/Problem21_4.rs
ℹ Chap23/BalBinTreeStEph.rs
/home/milnes/projects/APAS-VERUS/src/Chap23/BalBinTreeStEph.rs:770: info: accept() - accept hole
/home/milnes/projects/APAS-VERUS/src/Chap23/BalBinTreeStEph.rs:785: info: accept() - accept hole
/home/milnes/projects/APAS-VERUS/src/Chap23/BalBinTreeStEph.rs:803: info: accept() - accept hole
/home/milnes/projects/APAS-VERUS/src/Chap23/BalBinTreeStEph.rs:824: info: accept() - accept hole
   Info: 4 assume(false); diverge() idiom(s)
   2 clean proof functions
❌ Chap23/PrimTreeSeqStPer.rs
/home/milnes/projects/APAS-VERUS/src/Chap23/PrimTreeSeqStPer.rs:854: warning: assume_eq_clone_workaround - at this point in Verus, clones may have to assume they work on generic types
       850 |         fn clone(&self) -> (cloned: Self)
            ...
       852 |         {
       853 |             let cloned = PrimTreeSeqStS { seq: self.seq.clone() };
       855 |             cloned
       856 |         }
/home/milnes/projects/APAS-VERUS/src/Chap23/PrimTreeSeqStPer.rs:880: warning: assume_eq_clone_workaround - at this point in Verus, clones may have to assume they work on generic types
       872 |         fn clone(&self) -> (cloned: Self)
            ...
       878 |                 PrimTreeSeqStTree::Two(l, r) => PrimTreeSeqStTree::Two(l.clone(), r.clone()),
       879 |             };
       881 |             cloned
       882 |         }
/home/milnes/projects/APAS-VERUS/src/Chap23/PrimTreeSeqStPer.rs:864: info: accept() - accept hole
