$ /home/milnes/projects/veracity/target/release/veracity-review-proof-holes src/Chap21/
Full output: src/Chap21/analyses/veracity-review-verus-proof-holes.log

Table of Contents:
  1. File Holes
  2. Depends Upon
     2.1. By Module
     2.2. By File
  3. Summary of Holes
  4. Proof Targets
     4.1. Worst src/* Directories (all dirs, by holes)
     4.2. Next Target Files (clean deps only, by holes)
     4.3. Next Target Directories
     4.4. Not Verusified
     4.5. Not Verusified (clean deps only)
     4.6. Chapter by Chapter Proof Targeting
  5. Started/Ended/Duration

=================================================================
1. File Holes
=================================================================

✓ Algorithm21_1.rs
   2 clean proof functions
✓ Algorithm21_2.rs
✓ Algorithm21_5.rs
✓ Algorithm21_6.rs
   1 clean proof function
✓ Exercise21_5.rs
   1 clean proof function
✓ Exercise21_6.rs
✓ Exercise21_7.rs
✓ Exercise21_8.rs
   5 clean proof functions
✓ Exercise21_9.rs
   3 clean proof functions
✓ Problem21_1.rs
✓ Problem21_3.rs
✓ Problem21_4.rs

=================================================================
2. Depends Upon
=================================================================

=================================================================
2.1. By Module
=================================================================

Algorithm21_1  depends upon only clean modules
Algorithm21_2  depends upon only clean modules
Algorithm21_5  depends upon only clean modules
Algorithm21_6  depends upon only clean modules
Exercise21_5  depends upon only clean modules
Exercise21_6  depends upon only clean modules
Exercise21_7  depends upon only clean modules
Exercise21_8  depends upon only clean modules
Exercise21_9  depends upon only clean modules
Problem21_1  depends upon only clean modules
Problem21_3  depends upon only clean modules
Problem21_4  depends upon only clean modules

=================================================================
2.2. By File
=================================================================

Algorithm21_1.rs  depends upon only clean modules
Algorithm21_2.rs  depends upon only clean modules
Algorithm21_5.rs  depends upon only clean modules
Algorithm21_6.rs  depends upon only clean modules
Exercise21_5.rs  depends upon only clean modules
Exercise21_6.rs  depends upon only clean modules
Exercise21_7.rs  depends upon only clean modules
Exercise21_8.rs  depends upon only clean modules
Exercise21_9.rs  depends upon only clean modules
Problem21_1.rs  depends upon only clean modules
Problem21_3.rs  depends upon only clean modules
Problem21_4.rs  depends upon only clean modules

=================================================================
3. Summary of Holes
=================================================================

Modules:
   12 clean (no holes, no errors; 100%)
   0 holed (holes or errors, 0%)
   12 total

Proof Functions:
   12 clean (100%)
   0 holed (0%)
   12 total

Function Specs:
   11 exec fns with complete spec (requires+ensures) (33%)
   4 exec fns missing spec (12%)
   18 proof/spec fns clean (54%)
   0 proof/spec fns with holes (0%)
   33 total fns


Holes Found: 0 (actionable)
Real Proof Targets: 0 (all actionable)

No proof holes or warnings found! All proofs are complete.

=================================================================
5. Started/Ended/Duration
=================================================================

Started:   2026-03-22 22:37:10 -07:00
Ended:     2026-03-22 22:37:10 -07:00
Duration:  20ms

Full output: src/Chap21/analyses/veracity-review-verus-proof-holes.log
output: src/Chap21/analyses/veracity-review-verus-proof-holes.log
