Verus Style Review
==================

Path: /home/milnes/projects/APAS-VERUS-agent4/src/Chap66/
Codebase: /home/milnes/projects/APAS-VERUS-agent4
Mode: basic
Logging to: /home/milnes/projects/APAS-VERUS-agent4/src/Chap66/analyses/veracity-review-verus-style.log

Checking 2 files...

/home/milnes/projects/APAS-VERUS-agent4/src/Chap66/BoruvkaMtEph.rs:
/home/milnes/projects/APAS-VERUS-agent4/src/Chap66/BoruvkaMtEph.rs:1: info: [1] has mod declarations
/home/milnes/projects/APAS-VERUS-agent4/src/Chap66/BoruvkaMtEph.rs:1: info: [2] vstd::prelude::* before verus!
/home/milnes/projects/APAS-VERUS-agent4/src/Chap66/BoruvkaMtEph.rs:1: info: [3] has verus! macro
/home/milnes/projects/APAS-VERUS-agent4/src/Chap66/BoruvkaMtEph.rs:1: info: [4] std imports grouped with trailing blank
/home/milnes/projects/APAS-VERUS-agent4/src/Chap66/BoruvkaMtEph.rs:1: info: [5] no vstd imports (ok)
/home/milnes/projects/APAS-VERUS-agent4/src/Chap66/BoruvkaMtEph.rs:1: info: [11] Set/Seq usage has broadcast groups
/home/milnes/projects/APAS-VERUS-agent4/src/Chap66/BoruvkaMtEph.rs:1: info: [13] trait impls inside verus!
/home/milnes/projects/APAS-VERUS-agent4/src/Chap66/BoruvkaMtEph.rs:1: info: [14] Debug, Display outside verus!
/home/milnes/projects/APAS-VERUS-agent4/src/Chap66/BoruvkaMtEph.rs:1: info: [16] no Lit macro definitions (ok)
/home/milnes/projects/APAS-VERUS-agent4/src/Chap66/BoruvkaMtEph.rs:1: info: [17] no collection structs (ok)
/home/milnes/projects/APAS-VERUS-agent4/src/Chap66/BoruvkaMtEph.rs:1: info: [21] broadcast use: vstd:: before crate::
/home/milnes/projects/APAS-VERUS-agent4/src/Chap66/BoruvkaMtEph.rs:1: info: [23] free fn type bounds match trait
/home/milnes/projects/APAS-VERUS-agent4/src/Chap66/BoruvkaMtEph.rs:1: info: [24] copyright line present
/home/milnes/projects/APAS-VERUS-agent4/src/Chap66/BoruvkaMtEph.rs:139: warning: [12] trait BoruvkaMtEphTrait fn mst_weight should have requires/ensures
/home/milnes/projects/APAS-VERUS-agent4/src/Chap66/BoruvkaMtEph.rs:31: warning: [14] struct BoruvkaMtEph should have impl Debug outside verus!
/home/milnes/projects/APAS-VERUS-agent4/src/Chap66/BoruvkaMtEph.rs:31: warning: [14] struct BoruvkaMtEph should have impl Display outside verus!
/home/milnes/projects/APAS-VERUS-agent4/src/Chap66/BoruvkaMtEph.rs:963: warning: [15] impl PartialOrd should be inside verus! (for verification)
/home/milnes/projects/APAS-VERUS-agent4/src/Chap66/BoruvkaMtEph.rs:969: warning: [15] impl Ord should be inside verus! (for verification)
/home/milnes/projects/APAS-VERUS-agent4/src/Chap66/BoruvkaMtEph.rs:978: warning: [15] impl Hash should be inside verus! (for verification)
/home/milnes/projects/APAS-VERUS-agent4/src/Chap66/BoruvkaMtEph.rs:60: warning: [18] impl View for LabeledEdge < V > should come before derive impls in verus! (expected view impls before derive impls in verus!)
/home/milnes/projects/APAS-VERUS-agent4/src/Chap66/BoruvkaMtEph.rs:68: warning: [18] spec fn spec_all_weights_finite should come before derive impls in verus! (expected spec fns before derive impls in verus!)
/home/milnes/projects/APAS-VERUS-agent4/src/Chap66/BoruvkaMtEph.rs:74: warning: [18] trait BoruvkaMtEphTrait should come before derive impls in verus! (expected traits before derive impls in verus!)
/home/milnes/projects/APAS-VERUS-agent4/src/Chap66/BoruvkaMtEph.rs:150: warning: [18] fn hash_coin should come before derive impls in verus! (expected impls before derive impls in verus!)
/home/milnes/projects/APAS-VERUS-agent4/src/Chap66/BoruvkaMtEph.rs:164: warning: [18] fn hash_coin_flips_mt should come before derive impls in verus! (expected impls before derive impls in verus!)
/home/milnes/projects/APAS-VERUS-agent4/src/Chap66/BoruvkaMtEph.rs:232: warning: [18] fn compute_remaining_mt should come before derive impls in verus! (expected impls before derive impls in verus!)
/home/milnes/projects/APAS-VERUS-agent4/src/Chap66/BoruvkaMtEph.rs:291: warning: [18] fn collect_mst_labels_mt should come before derive impls in verus! (expected impls before derive impls in verus!)
/home/milnes/projects/APAS-VERUS-agent4/src/Chap66/BoruvkaMtEph.rs:350: warning: [18] fn build_partition_map_mt should come before derive impls in verus! (expected impls before derive impls in verus!)
/home/milnes/projects/APAS-VERUS-agent4/src/Chap66/BoruvkaMtEph.rs:428: warning: [18] fn vertex_bridges_mt should come before derive impls in verus! (expected impls before derive impls in verus!)
/home/milnes/projects/APAS-VERUS-agent4/src/Chap66/BoruvkaMtEph.rs:512: warning: [18] fn bridge_star_partition_mt should come before derive impls in verus! (expected impls before derive impls in verus!)
/home/milnes/projects/APAS-VERUS-agent4/src/Chap66/BoruvkaMtEph.rs:578: warning: [18] fn filter_tail_to_head_mt should come before derive impls in verus! (expected impls before derive impls in verus!)
/home/milnes/projects/APAS-VERUS-agent4/src/Chap66/BoruvkaMtEph.rs:672: warning: [18] fn boruvka_mst_mt should come before derive impls in verus! (expected impls before derive impls in verus!)
/home/milnes/projects/APAS-VERUS-agent4/src/Chap66/BoruvkaMtEph.rs:792: warning: [18] fn reroute_edges_mt should come before derive impls in verus! (expected impls before derive impls in verus!)
/home/milnes/projects/APAS-VERUS-agent4/src/Chap66/BoruvkaMtEph.rs:872: warning: [18] fn boruvka_mst_mt_with_seed should come before derive impls in verus! (expected impls before derive impls in verus!)
/home/milnes/projects/APAS-VERUS-agent4/src/Chap66/BoruvkaMtEph.rs:925: warning: [18] fn mst_weight should come before derive impls in verus! (expected impls before derive impls in verus!)
/home/milnes/projects/APAS-VERUS-agent4/src/Chap66/BoruvkaMtEph.rs:47: warning: [19] eq return name 'r' could be more descriptive
/home/milnes/projects/APAS-VERUS-agent4/src/Chap66/BoruvkaMtEph.rs:96: warning: [19] bridge_star_partition_mt return name 'result' could be more descriptive
/home/milnes/projects/APAS-VERUS-agent4/src/Chap66/BoruvkaMtEph.rs:512: warning: [19] bridge_star_partition_mt return name 'result' could be more descriptive
/home/milnes/projects/APAS-VERUS-agent4/src/Chap66/BoruvkaMtEph.rs:74: warning: [20] trait BoruvkaMtEphTrait is defined but has no impl
/home/milnes/projects/APAS-VERUS-agent4/src/Chap66/BoruvkaMtEph.rs:68: warning: [22] free spec fn spec_all_weights_finite should be an abstract signature in a trait with body in the impl
/home/milnes/projects/APAS-VERUS-agent4/src/Chap66/BoruvkaMtEph.rs:76: warning: [22] spec fn spec_boruvkamteph_wf in trait BoruvkaMtEphTrait has a body; should be abstract (no body) with concrete spec in the impl

/home/milnes/projects/APAS-VERUS-agent4/src/Chap66/BoruvkaStEph.rs:
/home/milnes/projects/APAS-VERUS-agent4/src/Chap66/BoruvkaStEph.rs:1: info: [1] has mod declarations
/home/milnes/projects/APAS-VERUS-agent4/src/Chap66/BoruvkaStEph.rs:1: info: [2] vstd::prelude::* before verus!
/home/milnes/projects/APAS-VERUS-agent4/src/Chap66/BoruvkaStEph.rs:1: info: [3] has verus! macro
/home/milnes/projects/APAS-VERUS-agent4/src/Chap66/BoruvkaStEph.rs:1: info: [4] std imports grouped with trailing blank
/home/milnes/projects/APAS-VERUS-agent4/src/Chap66/BoruvkaStEph.rs:1: info: [5] no vstd imports (ok)
/home/milnes/projects/APAS-VERUS-agent4/src/Chap66/BoruvkaStEph.rs:1: info: [11] Set/Seq usage has broadcast groups
/home/milnes/projects/APAS-VERUS-agent4/src/Chap66/BoruvkaStEph.rs:1: info: [13] trait impls inside verus!
/home/milnes/projects/APAS-VERUS-agent4/src/Chap66/BoruvkaStEph.rs:1: info: [14] Debug, Display outside verus!
/home/milnes/projects/APAS-VERUS-agent4/src/Chap66/BoruvkaStEph.rs:1: info: [16] no Lit macro definitions (ok)
/home/milnes/projects/APAS-VERUS-agent4/src/Chap66/BoruvkaStEph.rs:1: info: [17] no collection structs (ok)
/home/milnes/projects/APAS-VERUS-agent4/src/Chap66/BoruvkaStEph.rs:1: info: [20] all traits have impls
/home/milnes/projects/APAS-VERUS-agent4/src/Chap66/BoruvkaStEph.rs:1: info: [21] broadcast use: vstd:: before crate::
/home/milnes/projects/APAS-VERUS-agent4/src/Chap66/BoruvkaStEph.rs:1: info: [23] free fn type bounds match trait
/home/milnes/projects/APAS-VERUS-agent4/src/Chap66/BoruvkaStEph.rs:1: info: [24] copyright line present
/home/milnes/projects/APAS-VERUS-agent4/src/Chap66/BoruvkaStEph.rs:176: warning: [12] trait BoruvkaStEphTrait fn mst_weight should have requires/ensures
/home/milnes/projects/APAS-VERUS-agent4/src/Chap66/BoruvkaStEph.rs:49: warning: [14] struct BoruvkaStEph should have impl Debug outside verus!
/home/milnes/projects/APAS-VERUS-agent4/src/Chap66/BoruvkaStEph.rs:49: warning: [14] struct BoruvkaStEph should have impl Display outside verus!
/home/milnes/projects/APAS-VERUS-agent4/src/Chap66/BoruvkaStEph.rs:502: warning: [15] impl PartialOrd should be inside verus! (for verification)
/home/milnes/projects/APAS-VERUS-agent4/src/Chap66/BoruvkaStEph.rs:508: warning: [15] impl Ord should be inside verus! (for verification)
/home/milnes/projects/APAS-VERUS-agent4/src/Chap66/BoruvkaStEph.rs:517: warning: [15] impl Hash should be inside verus! (for verification)
/home/milnes/projects/APAS-VERUS-agent4/src/Chap66/BoruvkaStEph.rs:75: warning: [18] impl View for LabeledEdge < V > should come before derive impls in verus! (expected view impls before derive impls in verus!)
/home/milnes/projects/APAS-VERUS-agent4/src/Chap66/BoruvkaStEph.rs:83: warning: [18] spec fn spec_valid_bridge should come before derive impls in verus! (expected spec fns before derive impls in verus!)
/home/milnes/projects/APAS-VERUS-agent4/src/Chap66/BoruvkaStEph.rs:92: warning: [18] spec fn spec_all_weights_finite should come before derive impls in verus! (expected spec fns before derive impls in verus!)
/home/milnes/projects/APAS-VERUS-agent4/src/Chap66/BoruvkaStEph.rs:100: warning: [18] fn coin_flip should come before derive impls in verus! (expected impls before derive impls in verus!)
/home/milnes/projects/APAS-VERUS-agent4/src/Chap66/BoruvkaStEph.rs:108: warning: [18] trait BoruvkaStEphTrait should come before derive impls in verus! (expected traits before derive impls in verus!)
/home/milnes/projects/APAS-VERUS-agent4/src/Chap66/BoruvkaStEph.rs:184: warning: [18] impl BoruvkaStEphTrait for BoruvkaStEph should come before derive impls in verus! (expected impls before derive impls in verus!)
/home/milnes/projects/APAS-VERUS-agent4/src/Chap66/BoruvkaStEph.rs:62: warning: [19] eq return name 'r' could be more descriptive
/home/milnes/projects/APAS-VERUS-agent4/src/Chap66/BoruvkaStEph.rs:83: warning: [22] free spec fn spec_valid_bridge should be an abstract signature in a trait with body in the impl
/home/milnes/projects/APAS-VERUS-agent4/src/Chap66/BoruvkaStEph.rs:92: warning: [22] free spec fn spec_all_weights_finite should be an abstract signature in a trait with body in the impl
/home/milnes/projects/APAS-VERUS-agent4/src/Chap66/BoruvkaStEph.rs:110: warning: [22] spec fn spec_boruvkasteph_wf in trait BoruvkaStEphTrait has a body; should be abstract (no body) with concrete spec in the impl

════════════════════════════════════════════════════════════════
Summary: 27 passed, 43 warnings in 2 files (checked 2 files)
════════════════════════════════════════════════════════════════
