$ /home/milnes/projects/veracity/target/release/veracity-review-proof-holes -d src/Chap66/

ℹ BoruvkaMtEph.rs
/home/milnes/projects/APAS-VERUS-agent1/src/Chap66/BoruvkaMtEph.rs:46: info: accept() - accept hole
   Info: 1 assume(false); diverge() idiom(s)
ℹ BoruvkaStEph.rs
/home/milnes/projects/APAS-VERUS-agent1/src/Chap66/BoruvkaStEph.rs:44: info: accept() - accept hole
   Info: 1 assume(false); diverge() idiom(s)

═══════════════════════════════════════════════════════════════
SUMMARY
═══════════════════════════════════════════════════════════════

Modules:
   2 clean (no holes)
   0 holed (contains holes)
   2 total

Proof Functions:
   0 clean
   0 holed
   0 total

Holes Found: 0 total

Info: 2 assume(false); diverge() idiom(s) (valid non-termination)

🎉 No proof holes or warnings found! All proofs are complete.
