$ /home/milnes/projects/veracity/target/release/veracity-review-proof-holes src/Chap52/AdjTableGraphStPer.rs
Full output: src/Chap52/analyses/veracity-review-verus-proof-holes.log

Table of Contents:
  1. File Holes
  2. Depends Upon
     2.1. By Module
     2.2. By File
  3. Summary of Holes
  4. Proof Targets
     4.1. Worst src/* Directories (all dirs, by holes)
     4.2. Next Target Files (clean deps only, by holes)
     4.3. Next Target Directories
     4.4. Not Verusified
     4.5. Not Verusified (clean deps only)
     4.6. Chapter by Chapter Proof Targeting
  5. Started/Ended/Duration

=================================================================
1. File Holes
=================================================================

❌ AdjTableGraphStPer.rs
/home/milnes/projects/APAS-VERUS-agent1/src/Chap52/AdjTableGraphStPer.rs:404: error: assume() [algorithmic] - assume(updated.spec_adjtablegraphstper_wf());
       398 |         fn insert_vertex(&self, v: V) -> (updated: Self) {
            ...
       402 |             proof {
       403 |                 // Clone gap + graph closure: Verus ICE on Set<V::V> in proof bodies.
       405 |             }
       406 |             updated
/home/milnes/projects/APAS-VERUS-agent1/src/Chap52/AdjTableGraphStPer.rs:417: error: assume() [algorithmic] - assume(domain.spec_arraysetsteph_wf());
       409 |         fn delete_vertex(&self, v: &V) -> (updated: Self) {
            ...
       415 |             proof {
       416 |                 // domain() maintains wf internally but ensures doesn't expose it.
       418 |             }
       419 |             let seq = domain.to_seq();
/home/milnes/projects/APAS-VERUS-agent1/src/Chap52/AdjTableGraphStPer.rs:442: error: assume() [algorithmic] - assume(neighbors.spec_avltreesetstper_wf());
       409 |         fn delete_vertex(&self, v: &V) -> (updated: Self) {
            ...
       440 |                         // Neighbor-set wf from find requires quantifier over domain.
       441 |                         // blocked by Verus ICE
       443 |                     }
       444 |                     let new_neighbors = neighbors.delete(v);
/home/milnes/projects/APAS-VERUS-agent1/src/Chap52/AdjTableGraphStPer.rs:454: error: assume() [algorithmic] - assume(updated.spec_adjtablegraphstper_wf());
       409 |         fn delete_vertex(&self, v: &V) -> (updated: Self) {
            ...
       452 |                 // quantifying over Map<V::V, Set<V::V>> which triggers Verus ICE.
       453 |                 // blocked by Verus ICE
       455 |             }
       456 |             updated
/home/milnes/projects/APAS-VERUS-agent1/src/Chap52/AdjTableGraphStPer.rs:494: error: assume() [algorithmic] - assume(updated.spec_adjtablegraphstper_wf());
       459 |         fn insert_edge(&self, u: V, v: V) -> (updated: Self) {
            ...
       492 |                 assert(updated.spec_adj().dom().contains(v_view));
       493 |                 // Clone gap + graph closure: Verus ICE on Set<V::V> prevents proving wf.
       495 |                 assume(updated.spec_adj()[u_view].contains(v_view));
       496 |             }
/home/milnes/projects/APAS-VERUS-agent1/src/Chap52/AdjTableGraphStPer.rs:495: error: assume() [algorithmic] - assume(updated.spec_adj()[u_view].contains(v_view));
       459 |         fn insert_edge(&self, u: V, v: V) -> (updated: Self) {
            ...
       493 |                 // Clone gap + graph closure: Verus ICE on Set<V::V> prevents proving wf.
       494 |                 assume(updated.spec_adjtablegraphstper_wf());
       496 |             }
       497 |             updated
/home/milnes/projects/APAS-VERUS-agent1/src/Chap52/AdjTableGraphStPer.rs:518: error: assume() [algorithmic] - assume(updated.spec_adjtablegraphstper_wf());
       500 |         fn delete_edge(&self, u: &V, v: &V) -> (updated: Self) {
            ...
       516 |             proof {
       517 |                 // Clone gap + graph closure: Verus ICE on Set<V::V>.
       519 |                 // Proving the postcondition requires clone view preservation through
       520 |                 // the combine closure. Leave as assume for now.
/home/milnes/projects/APAS-VERUS-agent1/src/Chap52/AdjTableGraphStPer.rs:521: error: assume() [algorithmic] - assume(!updated.spec_adj().dom().contains(u_view)
       500 |         fn delete_edge(&self, u: &V, v: &V) -> (updated: Self) {
            ...
       519 |                 // Proving the postcondition requires clone view preservation through
       520 |                 // the combine closure. Leave as assume for now.
       522 |                     || !updated.spec_adj()[u_view].contains(v_view));
       523 |             }
   Holes: 8 total
      8 × assume()
   Proof functions: 3 total (3 clean, 0 holed)

=================================================================
2. Depends Upon
=================================================================

=================================================================
2.1. By Module
=================================================================

AdjTableGraphStPer  depends upon only clean modules

=================================================================
2.2. By File
=================================================================

AdjTableGraphStPer.rs  depends upon only clean modules

=================================================================
3. Summary of Holes
=================================================================

Modules:
   0 clean (no holes, no errors; 0%)
   1 holed (holes or errors, 100%)
   1 total

Proof Functions:
   3 clean (100%)
   0 holed (0%)
   3 total

Function Specs:
   24 exec fns with complete spec (requires+ensures) (70%)
   0 exec fns missing spec (0%)
   10 proof/spec fns clean (29%)
   0 proof/spec fns with holes (0%)
   34 total fns


Holes Found: 8 (actionable)
   8 × assume() [algorithmic] (100%)
Real Proof Targets: 8 (all actionable)

=================================================================
5. Started/Ended/Duration
=================================================================

Started:   2026-03-27 21:13:28 -07:00
Ended:     2026-03-27 21:13:28 -07:00
Duration:  10ms

Full output: src/Chap52/analyses/veracity-review-verus-proof-holes.log
