$ /home/milnes/projects/veracity/target/release/veracity-review-proof-holes src/Chap49/
Full output: src/Chap49/analyses/veracity-review-verus-proof-holes.log

Table of Contents:
  1. File Holes
  2. Depends Upon
     2.1. By Module
     2.2. By File
  3. Summary of Holes
  4. Proof Targets
     4.1. Worst src/* Directories (all dirs, by holes)
     4.2. Next Target Files (clean deps only, by holes)
     4.3. Next Target Directories
     4.4. Not Verusified
     4.5. Not Verusified (clean deps only)
  5. Started/Ended/Duration

=================================================================
1. File Holes
=================================================================

❌ MinEditDistMtEph.rs
/home/milnes/projects/APAS-VERUS-agent4/src/Chap49/MinEditDistMtEph.rs:175: error: external_body - #[verifier::external_body]
       176 |     fn min_edit_distance_rec<T: MtVal + Send + Sync + 'static>(
/home/milnes/projects/APAS-VERUS-agent4/src/Chap49/MinEditDistMtEph.rs:167: warning: requires_true - requires true — vacuous precondition
       164 |     fn clone_arc_memo<T: MtVal>(
            ...
       165 |         s: &MinEditDistMtEphS<T>,
       166 |     ) -> (cloned: Arc<RwLock<HashMapWithViewPlus<Pair<usize, usize>, usize>, MinEditDistMtEphMemoInv>>)
       168 |         ensures cloned.pred() == s.memo.pred(),
       169 |     {
   Holes: 1 total
      1 × external_body
❌ MinEditDistMtPer.rs
/home/milnes/projects/APAS-VERUS-agent4/src/Chap49/MinEditDistMtPer.rs:148: error: external_body - #[verifier::external_body]
       149 |     fn min_edit_distance_rec<T: MtVal + Send + Sync + 'static>(
/home/milnes/projects/APAS-VERUS-agent4/src/Chap49/MinEditDistMtPer.rs:140: warning: requires_true - requires true — vacuous precondition
       137 |     fn clone_arc_memo<T: MtVal>(
            ...
       138 |         s: &MinEditDistMtPerS<T>,
       139 |     ) -> (cloned: Arc<RwLock<HashMapWithViewPlus<Pair<usize, usize>, usize>, MinEditDistMtPerMemoInv>>)
       141 |         ensures cloned.pred() == s.memo.pred(),
       142 |     {
   Holes: 1 total
      1 × external_body
✓ MinEditDistStEph.rs
✓ MinEditDistStPer.rs
❌ SubsetSumMtEph.rs
/home/milnes/projects/APAS-VERUS-agent4/src/Chap49/SubsetSumMtEph.rs:152: error: external_body - #[verifier::external_body]
       153 |     fn subset_sum_rec<T: MtVal + Into<i32> + Copy + Send + Sync + 'static>(
/home/milnes/projects/APAS-VERUS-agent4/src/Chap49/SubsetSumMtEph.rs:144: warning: requires_true - requires true — vacuous precondition
       141 |     fn clone_arc_memo<T: MtVal>(
            ...
       142 |         s: &SubsetSumMtEphS<T>,
       143 |     ) -> (cloned: Arc<RwLock<HashMapWithViewPlus<Pair<usize, i32>, bool>, SubsetSumMtEphMemoInv>>)
       145 |         ensures cloned.pred() == s.memo.pred(),
       146 |     {
   Holes: 1 total
      1 × external_body
❌ SubsetSumMtPer.rs
/home/milnes/projects/APAS-VERUS-agent4/src/Chap49/SubsetSumMtPer.rs:139: error: external_body - #[verifier::external_body]
       140 |     fn subset_sum_rec<T: MtVal + Into<i32> + Copy + Send + Sync + 'static>(
/home/milnes/projects/APAS-VERUS-agent4/src/Chap49/SubsetSumMtPer.rs:131: warning: requires_true - requires true — vacuous precondition
       128 |     fn clone_arc_memo<T: MtVal>(
            ...
       129 |         s: &SubsetSumMtPerS<T>,
       130 |     ) -> (cloned: Arc<RwLock<HashMapWithViewPlus<Pair<usize, i32>, bool>, SubsetSumMtPerMemoInv>>)
       132 |         ensures cloned.pred() == s.memo.pred(),
       133 |     {
   Holes: 1 total
      1 × external_body
✓ SubsetSumStEph.rs
✓ SubsetSumStPer.rs

=================================================================
2. Depends Upon
=================================================================

=================================================================
2.1. By Module
=================================================================

MinEditDistMtEph  depends upon only clean modules
MinEditDistMtPer  depends upon only clean modules
MinEditDistStEph  depends upon only clean modules
MinEditDistStPer  depends upon only clean modules
SubsetSumMtEph  depends upon only clean modules
SubsetSumMtPer  depends upon only clean modules
SubsetSumStEph  depends upon only clean modules
SubsetSumStPer  depends upon only clean modules

=================================================================
2.2. By File
=================================================================

MinEditDistMtEph.rs  depends upon only clean modules
MinEditDistMtPer.rs  depends upon only clean modules
MinEditDistStEph.rs  depends upon only clean modules
MinEditDistStPer.rs  depends upon only clean modules
SubsetSumMtEph.rs  depends upon only clean modules
SubsetSumMtPer.rs  depends upon only clean modules
SubsetSumStEph.rs  depends upon only clean modules
SubsetSumStPer.rs  depends upon only clean modules

=================================================================
3. Summary of Holes
=================================================================

Modules:
   4 clean (no holes, no errors; 50%)
   4 holed (holes or errors, 50%)
   8 total

Proof Functions:
   0 clean (0%)
   0 holed (0%)
   0 total

Function Specs:
   132 exec fns with complete spec (requires+ensures) (77%)
   0 exec fns missing spec (0%)
   38 proof/spec fns clean (22%)
   0 proof/spec fns with holes (0%)
   170 total fns


Holes Found: 4 total
   4 × external_body (100%)

=================================================================
5. Started/Ended/Duration
=================================================================

Started:   2026-03-12 10:37:06 -07:00
Ended:     2026-03-12 10:37:06 -07:00
Duration:  18ms

Full output: src/Chap49/analyses/veracity-review-verus-proof-holes.log
t: src/Chap49/analyses/veracity-review-verus-proof-holes.log
